[0.051s] Invoking command in '/home/etern1ty/ros2_ws/build/flare_detect': CMAKE_PREFIX_PATH=/opt/ros/humble /usr/bin/cmake /home/etern1ty/ros2_ws/src/flare_detect -DCMAKE_INSTALL_PREFIX=/home/etern1ty/ros2_ws/install/flare_detect
[0.155s] -- The C compiler identification is GNU 11.4.0
[0.238s] -- The CXX compiler identification is GNU 11.4.0
[0.249s] -- Detecting C compiler ABI info
[0.330s] -- Detecting C compiler ABI info - done
[0.336s] -- Check for working C compiler: /usr/bin/cc - skipped
[0.337s] -- Detecting C compile features
[0.337s] -- Detecting C compile features - done
[0.341s] -- Detecting CXX compiler ABI info
[0.424s] -- Detecting CXX compiler ABI info - done
[0.431s] -- Check for working CXX compiler: /usr/bin/c++ - skipped
[0.431s] -- Detecting CXX compile features
[0.431s] -- Detecting CXX compile features - done
[0.440s] -- Found ament_cmake: 1.3.7 (/opt/ros/humble/share/ament_cmake/cmake)
[0.599s] -- Found Python3: /usr/bin/python3.10 (found version "3.10.12") found components: Interpreter 
[0.692s] -- Found rclcpp: 16.0.8 (/opt/ros/humble/share/rclcpp/cmake)
[0.750s] -- Found rosidl_generator_c: 3.1.5 (/opt/ros/humble/share/rosidl_generator_c/cmake)
[0.755s] -- Found rosidl_adapter: 3.1.5 (/opt/ros/humble/share/rosidl_adapter/cmake)
[0.765s] -- Found rosidl_generator_cpp: 3.1.5 (/opt/ros/humble/share/rosidl_generator_cpp/cmake)
[0.781s] -- Using all available rosidl_typesupport_c: rosidl_typesupport_fastrtps_c;rosidl_typesupport_introspection_c
[0.803s] -- Using all available rosidl_typesupport_cpp: rosidl_typesupport_fastrtps_cpp;rosidl_typesupport_introspection_cpp
[0.877s] -- Found rmw_implementation_cmake: 6.1.1 (/opt/ros/humble/share/rmw_implementation_cmake/cmake)
[0.880s] -- Found rmw_fastrtps_cpp: 6.2.6 (/opt/ros/humble/share/rmw_fastrtps_cpp/cmake)
[1.025s] -- Found OpenSSL: /usr/lib/x86_64-linux-gnu/libcrypto.so (found version "3.0.2")  
[1.057s] -- Found FastRTPS: /opt/ros/humble/include  
[1.110s] -- Using RMW implementation 'rmw_fastrtps_cpp' as default
[1.122s] -- Looking for pthread.h
[1.201s] -- Looking for pthread.h - found
[1.201s] -- Performing Test CMAKE_HAVE_LIBC_PTHREAD
[1.287s] -- Performing Test CMAKE_HAVE_LIBC_PTHREAD - Success
[1.287s] -- Found Threads: TRUE  
[1.446s] -- Found OpenCV: /usr/local (found version "4.9.0") 
[1.447s] -- Found rosidl_default_generators: 1.2.0 (/opt/ros/humble/share/rosidl_default_generators/cmake)
[1.616s] [31mCMake Error at /opt/ros/humble/share/rosidl_adapter/cmake/rosidl_adapt_interfaces.cmake:59 (message):
[1.616s]   execute_process(/usr/bin/python3.10 -m rosidl_adapter --package-name
[1.616s]   flare_detect --arguments-file
[1.616s]   /home/etern1ty/ros2_ws/build/flare_detect/rosidl_adapter__arguments__flare_detect.json
[1.617s]   --output-dir
[1.617s]   /home/etern1ty/ros2_ws/build/flare_detect/rosidl_adapter/flare_detect
[1.617s]   --output-file
[1.617s]   /home/etern1ty/ros2_ws/build/flare_detect/rosidl_adapter/flare_detect.idls)
[1.617s]   returned error code 1:
[1.617s] 
[1.617s]   Traceback (most recent call last):
[1.617s] 
[1.617s]     File "/usr/lib/python3.10/runpy.py", line 196, in _run_module_as_main
[1.618s]       return _run_code(code, main_globals, None,
[1.618s]     File "/usr/lib/python3.10/runpy.py", line 86, in _run_code
[1.618s]       exec(code, run_globals)
[1.618s]     File "/opt/ros/humble/local/lib/python3.10/dist-packages/rosidl_adapter/__main__.py", line 19, in <module>
[1.618s]       sys.exit(main())
[1.618s]     File "/opt/ros/humble/local/lib/python3.10/dist-packages/rosidl_adapter/main.py", line 53, in main
[1.618s]       abs_idl_file = convert_to_idl(
[1.618s]     File "/opt/ros/humble/local/lib/python3.10/dist-packages/rosidl_adapter/__init__.py", line 19, in convert_to_idl
[1.618s]       return convert_msg_to_idl(
[1.618s]     File "/opt/ros/humble/local/lib/python3.10/dist-packages/rosidl_adapter/msg/__init__.py", line 28, in convert_msg_to_idl
[1.618s]       msg = parse_message_string(package_name, input_file.stem, content)
[1.618s]     File "/opt/ros/humble/local/lib/python3.10/dist-packages/rosidl_adapter/parser.py", line 544, in parse_message_string
[1.618s]       msg = MessageSpecification(pkg_name, msg_name, fields, constants)
[1.618s]     File "/opt/ros/humble/local/lib/python3.10/dist-packages/rosidl_adapter/parser.py", line 388, in __init__
[1.618s]       self.base_type = BaseType(
[1.618s]     File "/opt/ros/humble/local/lib/python3.10/dist-packages/rosidl_adapter/parser.py", line 205, in __init__
[1.619s]       raise InvalidResourceName(
[1.619s] 
[1.619s]   rosidl_adapter.parser.InvalidResourceName: 'detected_obj' is an invalid
[1.619s]   message name.  It should have the pattern '^[A-Z][A-Za-z0-9]*$'
[1.619s] 
[1.619s] Call Stack (most recent call first):
[1.619s]   /opt/ros/humble/share/rosidl_cmake/cmake/rosidl_generate_interfaces.cmake:130 (rosidl_adapt_interfaces)
[1.619s]   CMakeLists.txt:18 (rosidl_generate_interfaces)
[1.619s] 
[1.619s] [0m
[1.619s] -- Configuring incomplete, errors occurred!
[1.619s] See also "/home/etern1ty/ros2_ws/build/flare_detect/CMakeFiles/CMakeOutput.log".
[1.626s] Invoked command in '/home/etern1ty/ros2_ws/build/flare_detect' returned '1': CMAKE_PREFIX_PATH=/opt/ros/humble /usr/bin/cmake /home/etern1ty/ros2_ws/src/flare_detect -DCMAKE_INSTALL_PREFIX=/home/etern1ty/ros2_ws/install/flare_detect
