[0.100s] Invoking command in '/home/etern1ty/ros2_ws/build/cpp_pubsub': CMAKE_PREFIX_PATH=/opt/ros/humble /usr/bin/cmake /home/etern1ty/ros2_ws/src/cpp_pubsub -DCMAKE_INSTALL_PREFIX=/home/etern1ty/ros2_ws/install/cpp_pubsub
[0.240s] -- The C compiler identification is GNU 11.4.0
[0.340s] -- The CXX compiler identification is GNU 11.4.0
[0.351s] -- Detecting C compiler ABI info
[0.431s] -- Detecting C compiler ABI info - done
[0.439s] -- Check for working C compiler: /usr/bin/cc - skipped
[0.439s] -- Detecting C compile features
[0.439s] -- Detecting C compile features - done
[0.443s] -- Detecting CXX compiler ABI info
[0.529s] -- Detecting CXX compiler ABI info - done
[0.536s] -- Check for working CXX compiler: /usr/bin/c++ - skipped
[0.536s] -- Detecting CXX compile features
[0.536s] -- Detecting CXX compile features - done
[0.540s] -- Found ament_cmake: 1.3.7 (/opt/ros/humble/share/ament_cmake/cmake)
[0.708s] -- Found Python3: /usr/bin/python3.10 (found version "3.10.12") found components: Interpreter 
[0.802s] -- Found rclcpp: 16.0.8 (/opt/ros/humble/share/rclcpp/cmake)
[0.852s] -- Found rosidl_generator_c: 3.1.5 (/opt/ros/humble/share/rosidl_generator_c/cmake)
[0.858s] -- Found rosidl_adapter: 3.1.5 (/opt/ros/humble/share/rosidl_adapter/cmake)
[0.867s] -- Found rosidl_generator_cpp: 3.1.5 (/opt/ros/humble/share/rosidl_generator_cpp/cmake)
[0.883s] -- Using all available rosidl_typesupport_c: rosidl_typesupport_fastrtps_c;rosidl_typesupport_introspection_c
[0.904s] -- Using all available rosidl_typesupport_cpp: rosidl_typesupport_fastrtps_cpp;rosidl_typesupport_introspection_cpp
[0.978s] -- Found rmw_implementation_cmake: 6.1.1 (/opt/ros/humble/share/rmw_implementation_cmake/cmake)
[0.981s] -- Found rmw_fastrtps_cpp: 6.2.6 (/opt/ros/humble/share/rmw_fastrtps_cpp/cmake)
[1.110s] -- Found OpenSSL: /usr/lib/x86_64-linux-gnu/libcrypto.so (found version "3.0.2")  
[1.141s] -- Found FastRTPS: /opt/ros/humble/include  
[1.191s] -- Using RMW implementation 'rmw_fastrtps_cpp' as default
[1.203s] -- Looking for pthread.h
[1.286s] -- Looking for pthread.h - found
[1.286s] -- Performing Test CMAKE_HAVE_LIBC_PTHREAD
[1.370s] -- Performing Test CMAKE_HAVE_LIBC_PTHREAD - Success
[1.370s] -- Found Threads: TRUE  
[1.531s] -- Found ament_lint_auto: 0.12.10 (/opt/ros/humble/share/ament_lint_auto/cmake)
[1.609s] -- Added test 'cppcheck' to perform static code analysis on C / C++ code
[1.609s] -- Configured cppcheck include dirs: 
[1.609s] -- Configured cppcheck exclude dirs and/or files: 
[1.610s] -- Added test 'lint_cmake' to check CMake code style
[1.611s] -- Added test 'uncrustify' to check C / C++ code style
[1.611s] -- Configured uncrustify additional arguments: 
[1.612s] -- Added test 'xmllint' to check XML markup files
[1.614s] -- Configuring done
[1.624s] -- Generating done
[1.625s] -- Build files have been written to: /home/etern1ty/ros2_ws/build/cpp_pubsub
[1.639s] Invoked command in '/home/etern1ty/ros2_ws/build/cpp_pubsub' returned '0': CMAKE_PREFIX_PATH=/opt/ros/humble /usr/bin/cmake /home/etern1ty/ros2_ws/src/cpp_pubsub -DCMAKE_INSTALL_PREFIX=/home/etern1ty/ros2_ws/install/cpp_pubsub
[1.641s] Invoking command in '/home/etern1ty/ros2_ws/build/cpp_pubsub': CMAKE_PREFIX_PATH=/opt/ros/humble /usr/bin/cmake --build /home/etern1ty/ros2_ws/build/cpp_pubsub -- -j12 -l12
[1.696s] [ 50%] [32mBuilding CXX object CMakeFiles/talker.dir/src/publisher_member_function.cpp.o[0m
[5.753s] [100%] [32m[1mLinking CXX executable talker[0m
[6.007s] [100%] Built target talker
[6.120s] Invoked command in '/home/etern1ty/ros2_ws/build/cpp_pubsub' returned '0': CMAKE_PREFIX_PATH=/opt/ros/humble /usr/bin/cmake --build /home/etern1ty/ros2_ws/build/cpp_pubsub -- -j12 -l12
[6.424s] Invoking command in '/home/etern1ty/ros2_ws/build/cpp_pubsub': CMAKE_PREFIX_PATH=/opt/ros/humble /usr/bin/cmake --install /home/etern1ty/ros2_ws/build/cpp_pubsub
[6.431s] -- Install configuration: ""
[6.431s] -- Installing: /home/etern1ty/ros2_ws/install/cpp_pubsub/lib/cpp_pubsub/talker
[6.433s] -- Set runtime path of "/home/etern1ty/ros2_ws/install/cpp_pubsub/lib/cpp_pubsub/talker" to ""
[6.434s] -- Installing: /home/etern1ty/ros2_ws/install/cpp_pubsub/share/ament_index/resource_index/package_run_dependencies/cpp_pubsub
[6.434s] -- Installing: /home/etern1ty/ros2_ws/install/cpp_pubsub/share/ament_index/resource_index/parent_prefix_path/cpp_pubsub
[6.435s] -- Installing: /home/etern1ty/ros2_ws/install/cpp_pubsub/share/cpp_pubsub/environment/ament_prefix_path.sh
[6.435s] -- Installing: /home/etern1ty/ros2_ws/install/cpp_pubsub/share/cpp_pubsub/environment/ament_prefix_path.dsv
[6.436s] -- Installing: /home/etern1ty/ros2_ws/install/cpp_pubsub/share/cpp_pubsub/environment/path.sh
[6.436s] -- Installing: /home/etern1ty/ros2_ws/install/cpp_pubsub/share/cpp_pubsub/environment/path.dsv
[6.436s] -- Installing: /home/etern1ty/ros2_ws/install/cpp_pubsub/share/cpp_pubsub/local_setup.bash
[6.436s] -- Installing: /home/etern1ty/ros2_ws/install/cpp_pubsub/share/cpp_pubsub/local_setup.sh
[6.437s] -- Installing: /home/etern1ty/ros2_ws/install/cpp_pubsub/share/cpp_pubsub/local_setup.zsh
[6.437s] -- Installing: /home/etern1ty/ros2_ws/install/cpp_pubsub/share/cpp_pubsub/local_setup.dsv
[6.437s] -- Installing: /home/etern1ty/ros2_ws/install/cpp_pubsub/share/cpp_pubsub/package.dsv
[6.437s] -- Installing: /home/etern1ty/ros2_ws/install/cpp_pubsub/share/ament_index/resource_index/packages/cpp_pubsub
[6.438s] -- Installing: /home/etern1ty/ros2_ws/install/cpp_pubsub/share/cpp_pubsub/cmake/cpp_pubsubConfig.cmake
[6.438s] -- Installing: /home/etern1ty/ros2_ws/install/cpp_pubsub/share/cpp_pubsub/cmake/cpp_pubsubConfig-version.cmake
[6.438s] -- Installing: /home/etern1ty/ros2_ws/install/cpp_pubsub/share/cpp_pubsub/package.xml
[6.441s] Invoked command in '/home/etern1ty/ros2_ws/build/cpp_pubsub' returned '0': CMAKE_PREFIX_PATH=/opt/ros/humble /usr/bin/cmake --install /home/etern1ty/ros2_ws/build/cpp_pubsub
