[0.761s] Invoking command in '/home/etern1ty/ros2_ws/src/src/examples/rclpy/actions/minimal_action_client': PYTHONPATH=/home/etern1ty/ros2_ws/build/examples_rclpy_minimal_action_client/prefix_override:/home/etern1ty/ros2_ws/install/examples_rclpy_minimal_action_client/lib/python3.10/site-packages:${PYTHONPATH} /usr/bin/python3 setup.py egg_info --egg-base ../../../../../../build/examples_rclpy_minimal_action_client build --build-base /home/etern1ty/ros2_ws/build/examples_rclpy_minimal_action_client/build install --record /home/etern1ty/ros2_ws/build/examples_rclpy_minimal_action_client/install.log --single-version-externally-managed
[0.975s] running egg_info
[0.976s] writing ../../../../../../build/examples_rclpy_minimal_action_client/examples_rclpy_minimal_action_client.egg-info/PKG-INFO
[0.976s] writing dependency_links to ../../../../../../build/examples_rclpy_minimal_action_client/examples_rclpy_minimal_action_client.egg-info/dependency_links.txt
[0.976s] writing entry points to ../../../../../../build/examples_rclpy_minimal_action_client/examples_rclpy_minimal_action_client.egg-info/entry_points.txt
[0.976s] writing requirements to ../../../../../../build/examples_rclpy_minimal_action_client/examples_rclpy_minimal_action_client.egg-info/requires.txt
[0.976s] writing top-level names to ../../../../../../build/examples_rclpy_minimal_action_client/examples_rclpy_minimal_action_client.egg-info/top_level.txt
[0.979s] reading manifest file '../../../../../../build/examples_rclpy_minimal_action_client/examples_rclpy_minimal_action_client.egg-info/SOURCES.txt'
[0.980s] writing manifest file '../../../../../../build/examples_rclpy_minimal_action_client/examples_rclpy_minimal_action_client.egg-info/SOURCES.txt'
[0.980s] running build
[0.980s] running build_py
[0.981s] running install
[0.981s] running install_lib
[0.982s] running install_data
[0.983s] running install_egg_info
[0.984s] removing '/home/etern1ty/ros2_ws/install/examples_rclpy_minimal_action_client/lib/python3.10/site-packages/examples_rclpy_minimal_action_client-0.15.1-py3.10.egg-info' (and everything under it)
[0.985s] Copying ../../../../../../build/examples_rclpy_minimal_action_client/examples_rclpy_minimal_action_client.egg-info to /home/etern1ty/ros2_ws/install/examples_rclpy_minimal_action_client/lib/python3.10/site-packages/examples_rclpy_minimal_action_client-0.15.1-py3.10.egg-info
[0.986s] running install_scripts
[1.003s] Installing client script to /home/etern1ty/ros2_ws/install/examples_rclpy_minimal_action_client/lib/examples_rclpy_minimal_action_client
[1.003s] Installing client_asyncio script to /home/etern1ty/ros2_ws/install/examples_rclpy_minimal_action_client/lib/examples_rclpy_minimal_action_client
[1.003s] Installing client_cancel script to /home/etern1ty/ros2_ws/install/examples_rclpy_minimal_action_client/lib/examples_rclpy_minimal_action_client
[1.003s] Installing client_not_composable script to /home/etern1ty/ros2_ws/install/examples_rclpy_minimal_action_client/lib/examples_rclpy_minimal_action_client
[1.003s] writing list of installed files to '/home/etern1ty/ros2_ws/build/examples_rclpy_minimal_action_client/install.log'
[1.039s] Invoked command in '/home/etern1ty/ros2_ws/src/src/examples/rclpy/actions/minimal_action_client' returned '0': PYTHONPATH=/home/etern1ty/ros2_ws/build/examples_rclpy_minimal_action_client/prefix_override:/home/etern1ty/ros2_ws/install/examples_rclpy_minimal_action_client/lib/python3.10/site-packages:${PYTHONPATH} /usr/bin/python3 setup.py egg_info --egg-base ../../../../../../build/examples_rclpy_minimal_action_client build --build-base /home/etern1ty/ros2_ws/build/examples_rclpy_minimal_action_client/build install --record /home/etern1ty/ros2_ws/build/examples_rclpy_minimal_action_client/install.log --single-version-externally-managed
