[0.665s] Invoking command in '/home/etern1ty/ros2_ws/src/src/examples/rclpy/guard_conditions': PYTHONPATH=/home/etern1ty/ros2_ws/build/examples_rclpy_guard_conditions/prefix_override:/home/etern1ty/ros2_ws/install/examples_rclpy_guard_conditions/lib/python3.10/site-packages:${PYTHONPATH} /usr/bin/python3 setup.py egg_info --egg-base ../../../../../build/examples_rclpy_guard_conditions build --build-base /home/etern1ty/ros2_ws/build/examples_rclpy_guard_conditions/build install --record /home/etern1ty/ros2_ws/build/examples_rclpy_guard_conditions/install.log --single-version-externally-managed
[0.879s] running egg_info
[0.879s] writing ../../../../../build/examples_rclpy_guard_conditions/examples_rclpy_guard_conditions.egg-info/PKG-INFO
[0.887s] writing dependency_links to ../../../../../build/examples_rclpy_guard_conditions/examples_rclpy_guard_conditions.egg-info/dependency_links.txt
[0.887s] writing entry points to ../../../../../build/examples_rclpy_guard_conditions/examples_rclpy_guard_conditions.egg-info/entry_points.txt
[0.888s] writing requirements to ../../../../../build/examples_rclpy_guard_conditions/examples_rclpy_guard_conditions.egg-info/requires.txt
[0.888s] writing top-level names to ../../../../../build/examples_rclpy_guard_conditions/examples_rclpy_guard_conditions.egg-info/top_level.txt
[0.891s] reading manifest file '../../../../../build/examples_rclpy_guard_conditions/examples_rclpy_guard_conditions.egg-info/SOURCES.txt'
[0.892s] writing manifest file '../../../../../build/examples_rclpy_guard_conditions/examples_rclpy_guard_conditions.egg-info/SOURCES.txt'
[0.892s] running build
[0.892s] running build_py
[0.893s] running install
[0.893s] running install_lib
[0.894s] running install_data
[0.895s] running install_egg_info
[0.896s] removing '/home/etern1ty/ros2_ws/install/examples_rclpy_guard_conditions/lib/python3.10/site-packages/examples_rclpy_guard_conditions-0.15.1-py3.10.egg-info' (and everything under it)
[0.897s] Copying ../../../../../build/examples_rclpy_guard_conditions/examples_rclpy_guard_conditions.egg-info to /home/etern1ty/ros2_ws/install/examples_rclpy_guard_conditions/lib/python3.10/site-packages/examples_rclpy_guard_conditions-0.15.1-py3.10.egg-info
[0.898s] running install_scripts
[0.914s] Installing trigger_guard_condition script to /home/etern1ty/ros2_ws/install/examples_rclpy_guard_conditions/lib/examples_rclpy_guard_conditions
[0.915s] writing list of installed files to '/home/etern1ty/ros2_ws/build/examples_rclpy_guard_conditions/install.log'
[1.071s] Invoked command in '/home/etern1ty/ros2_ws/src/src/examples/rclpy/guard_conditions' returned '0': PYTHONPATH=/home/etern1ty/ros2_ws/build/examples_rclpy_guard_conditions/prefix_override:/home/etern1ty/ros2_ws/install/examples_rclpy_guard_conditions/lib/python3.10/site-packages:${PYTHONPATH} /usr/bin/python3 setup.py egg_info --egg-base ../../../../../build/examples_rclpy_guard_conditions build --build-base /home/etern1ty/ros2_ws/build/examples_rclpy_guard_conditions/build install --record /home/etern1ty/ros2_ws/build/examples_rclpy_guard_conditions/install.log --single-version-externally-managed
