[0.050s] Invoking command in '/home/etern1ty/ros2_ws/build/ros2_color_detection': CMAKE_PREFIX_PATH=/opt/ros/humble /usr/bin/cmake /home/etern1ty/ros2_ws/src/ros2_color_detection/ros2_color_detection -DCMAKE_INSTALL_PREFIX=/home/etern1ty/ros2_ws/install/ros2_color_detection
[0.133s] -- The C compiler identification is GNU 11.4.0
[0.194s] -- The CXX compiler identification is GNU 11.4.0
[0.203s] -- Detecting C compiler ABI info
[0.286s] -- Detecting C compiler ABI info - done
[0.292s] -- Check for working C compiler: /usr/bin/cc - skipped
[0.293s] -- Detecting C compile features
[0.293s] -- Detecting C compile features - done
[0.297s] -- Detecting CXX compiler ABI info
[0.385s] -- Detecting CXX compiler ABI info - done
[0.392s] -- Check for working CXX compiler: /usr/bin/c++ - skipped
[0.392s] -- Detecting CXX compile features
[0.393s] -- Detecting CXX compile features - done
[0.397s] -- Found ament_cmake: 1.3.7 (/opt/ros/humble/share/ament_cmake/cmake)
[0.561s] -- Found Python3: /usr/bin/python3.10 (found version "3.10.12") found components: Interpreter 
[0.664s] -- Found cv_bridge: 3.2.1 (/opt/ros/humble/share/cv_bridge/cmake)
[0.712s] -- Found rosidl_generator_c: 3.1.5 (/opt/ros/humble/share/rosidl_generator_c/cmake)
[0.718s] -- Found rosidl_adapter: 3.1.5 (/opt/ros/humble/share/rosidl_adapter/cmake)
[0.727s] -- Found rosidl_generator_cpp: 3.1.5 (/opt/ros/humble/share/rosidl_generator_cpp/cmake)
[0.742s] -- Using all available rosidl_typesupport_c: rosidl_typesupport_fastrtps_c;rosidl_typesupport_introspection_c
[0.761s] -- Using all available rosidl_typesupport_cpp: rosidl_typesupport_fastrtps_cpp;rosidl_typesupport_introspection_cpp
[0.978s] -- Found image_transport: 3.1.8 (/opt/ros/humble/share/image_transport/cmake)
[1.048s] -- Found rmw_implementation_cmake: 6.1.1 (/opt/ros/humble/share/rmw_implementation_cmake/cmake)
[1.075s] -- Found rmw_fastrtps_cpp: 6.2.6 (/opt/ros/humble/share/rmw_fastrtps_cpp/cmake)
[1.250s] -- Found OpenSSL: /usr/lib/x86_64-linux-gnu/libcrypto.so (found version "3.0.2")  
[1.282s] -- Found FastRTPS: /opt/ros/humble/include  
[1.337s] -- Using RMW implementation 'rmw_fastrtps_cpp' as default
[1.348s] -- Looking for pthread.h
[1.432s] -- Looking for pthread.h - found
[1.432s] -- Performing Test CMAKE_HAVE_LIBC_PTHREAD
[1.519s] -- Performing Test CMAKE_HAVE_LIBC_PTHREAD - Success
[1.520s] -- Found Threads: TRUE  
[1.711s] -- Found OpenCV: /usr/local (found version "4.9.0") found components: highgui imgcodecs imgproc videoio 
[1.777s] -- Configuring done
[1.787s] -- Generating done
[1.789s] -- Build files have been written to: /home/etern1ty/ros2_ws/build/ros2_color_detection
[1.798s] Invoked command in '/home/etern1ty/ros2_ws/build/ros2_color_detection' returned '0': CMAKE_PREFIX_PATH=/opt/ros/humble /usr/bin/cmake /home/etern1ty/ros2_ws/src/ros2_color_detection/ros2_color_detection -DCMAKE_INSTALL_PREFIX=/home/etern1ty/ros2_ws/install/ros2_color_detection
[1.801s] Invoking command in '/home/etern1ty/ros2_ws/build/ros2_color_detection': CMAKE_PREFIX_PATH=/opt/ros/humble /usr/bin/cmake --build /home/etern1ty/ros2_ws/build/ros2_color_detection -- -j12 -l12
[1.861s] [ 50%] [32mBuilding CXX object CMakeFiles/color_detection.dir/src/color_detection.cpp.o[0m
[27.546s] [100%] [32m[1mLinking CXX executable color_detection[0m
[28.048s] /usr/bin/ld: warning: libopencv_imgproc.so.4.5d, needed by /opt/ros/humble/lib/libcv_bridge.so, may conflict with libopencv_imgproc.so.409
[28.049s] /usr/bin/ld: warning: libopencv_core.so.4.5d, needed by /opt/ros/humble/lib/libcv_bridge.so, may conflict with libopencv_core.so.409
[28.727s] [100%] Built target color_detection
[28.755s] Invoked command in '/home/etern1ty/ros2_ws/build/ros2_color_detection' returned '0': CMAKE_PREFIX_PATH=/opt/ros/humble /usr/bin/cmake --build /home/etern1ty/ros2_ws/build/ros2_color_detection -- -j12 -l12
[28.783s] Invoking command in '/home/etern1ty/ros2_ws/build/ros2_color_detection': CMAKE_PREFIX_PATH=/opt/ros/humble /usr/bin/cmake --install /home/etern1ty/ros2_ws/build/ros2_color_detection
[28.791s] -- Install configuration: ""
[28.792s] -- Installing: /home/etern1ty/ros2_ws/install/ros2_color_detection/lib/ros2_color_detection/color_detection
[28.800s] -- Set runtime path of "/home/etern1ty/ros2_ws/install/ros2_color_detection/lib/ros2_color_detection/color_detection" to ""
[28.800s] -- Installing: /home/etern1ty/ros2_ws/install/ros2_color_detection/share/ament_index/resource_index/package_run_dependencies/ros2_color_detection
[28.800s] -- Installing: /home/etern1ty/ros2_ws/install/ros2_color_detection/share/ament_index/resource_index/parent_prefix_path/ros2_color_detection
[28.801s] -- Up-to-date: /home/etern1ty/ros2_ws/install/ros2_color_detection/share/ros2_color_detection/environment/ament_prefix_path.sh
[28.801s] -- Installing: /home/etern1ty/ros2_ws/install/ros2_color_detection/share/ros2_color_detection/environment/ament_prefix_path.dsv
[28.801s] -- Up-to-date: /home/etern1ty/ros2_ws/install/ros2_color_detection/share/ros2_color_detection/environment/path.sh
[28.801s] -- Installing: /home/etern1ty/ros2_ws/install/ros2_color_detection/share/ros2_color_detection/environment/path.dsv
[28.801s] -- Installing: /home/etern1ty/ros2_ws/install/ros2_color_detection/share/ros2_color_detection/local_setup.bash
[28.801s] -- Installing: /home/etern1ty/ros2_ws/install/ros2_color_detection/share/ros2_color_detection/local_setup.sh
[28.802s] -- Installing: /home/etern1ty/ros2_ws/install/ros2_color_detection/share/ros2_color_detection/local_setup.zsh
[28.802s] -- Installing: /home/etern1ty/ros2_ws/install/ros2_color_detection/share/ros2_color_detection/local_setup.dsv
[28.802s] -- Installing: /home/etern1ty/ros2_ws/install/ros2_color_detection/share/ros2_color_detection/package.dsv
[28.803s] -- Installing: /home/etern1ty/ros2_ws/install/ros2_color_detection/share/ament_index/resource_index/packages/ros2_color_detection
[28.803s] -- Installing: /home/etern1ty/ros2_ws/install/ros2_color_detection/share/ros2_color_detection/cmake/ament_cmake_export_dependencies-extras.cmake
[28.803s] -- Installing: /home/etern1ty/ros2_ws/install/ros2_color_detection/share/ros2_color_detection/cmake/ros2_color_detectionConfig.cmake
[28.803s] -- Installing: /home/etern1ty/ros2_ws/install/ros2_color_detection/share/ros2_color_detection/cmake/ros2_color_detectionConfig-version.cmake
[28.804s] -- Up-to-date: /home/etern1ty/ros2_ws/install/ros2_color_detection/share/ros2_color_detection/package.xml
[28.806s] Invoked command in '/home/etern1ty/ros2_ws/build/ros2_color_detection' returned '0': CMAKE_PREFIX_PATH=/opt/ros/humble /usr/bin/cmake --install /home/etern1ty/ros2_ws/build/ros2_color_detection
