[0.074s] Invoking command in '/home/etern1ty/ros2_ws/build/flare_detect': CMAKE_PREFIX_PATH=/home/etern1ty/ros2_ws/install/obj_msg:/home/etern1ty/ros2_ws/install/cpp_pubsub:/home/etern1ty/ros2_ws/install/tutorial_interfaces:/home/etern1ty/ros2_ws/install/ros2_color_detection:/home/etern1ty/ros2_ws/install/pub_controller:/home/etern1ty/ros2_ws/install/flare_detect:/home/etern1ty/ros2_ws/install/my_package:/home/etern1ty/ros2_ws/install/examples_rclcpp_wait_set:/home/etern1ty/ros2_ws/install/examples_rclcpp_multithreaded_executor:/home/etern1ty/ros2_ws/install/examples_rclcpp_minimal_timer:/home/etern1ty/ros2_ws/install/examples_rclcpp_minimal_subscriber:/home/etern1ty/ros2_ws/install/examples_rclcpp_minimal_service:/home/etern1ty/ros2_ws/install/examples_rclcpp_minimal_publisher:/home/etern1ty/ros2_ws/install/examples_rclcpp_minimal_composition:/home/etern1ty/ros2_ws/install/examples_rclcpp_minimal_client:/home/etern1ty/ros2_ws/install/examples_rclcpp_minimal_action_server:/home/etern1ty/ros2_ws/install/examples_rclcpp_minimal_action_client:/home/etern1ty/ros2_ws/install/examples_rclcpp_cbg_executor:/home/etern1ty/ros2_ws/install/examples_rclcpp_async_client:/home/etern1ty/ros2_ws/install/custom_msg_pub:/home/etern1ty/ros2_ws/install/launch_testing_examples:/home/etern1ty/ros2_ws/install/examples_rclpy_pointcloud_publisher:/home/etern1ty/ros2_ws/install/examples_rclpy_minimal_subscriber:/home/etern1ty/ros2_ws/install/examples_rclpy_minimal_service:/home/etern1ty/ros2_ws/install/examples_rclpy_minimal_publisher:/home/etern1ty/ros2_ws/install/examples_rclpy_minimal_client:/home/etern1ty/ros2_ws/install/examples_rclpy_minimal_action_server:/home/etern1ty/ros2_ws/install/examples_rclpy_minimal_action_client:/home/etern1ty/ros2_ws/install/examples_rclpy_guard_conditions:/home/etern1ty/ros2_ws/install/examples_rclpy_executors:/opt/ros/humble LD_LIBRARY_PATH=/home/etern1ty/ros2_ws/install/obj_msg/lib:/home/etern1ty/ros2_ws/install/tutorial_interfaces/lib:/home/etern1ty/ros2_ws/install/pub_controller/lib:/home/etern1ty/ros2_ws/install/flare_detect/lib:/home/etern1ty/ros2_ws/install/examples_rclcpp_wait_set/lib:/home/etern1ty/ros2_ws/install/examples_rclcpp_minimal_subscriber/lib:/home/etern1ty/ros2_ws/install/examples_rclcpp_minimal_composition/lib:/home/etern1ty/ros2_ws/install/custom_msg_pub/lib:/opt/ros/humble/opt/rviz_ogre_vendor/lib:/opt/ros/humble/lib/x86_64-linux-gnu:/opt/ros/humble/lib /usr/bin/cmake --build /home/etern1ty/ros2_ws/build/flare_detect -- -j12 -l12
[0.102s] -- Found ament_cmake: 1.3.7 (/opt/ros/humble/share/ament_cmake/cmake)
[0.260s] -- Found rclcpp: 16.0.8 (/opt/ros/humble/share/rclcpp/cmake)
[0.288s] -- Found rosidl_generator_c: 3.1.5 (/opt/ros/humble/share/rosidl_generator_c/cmake)
[0.290s] -- Found rosidl_adapter: 3.1.5 (/opt/ros/humble/share/rosidl_adapter/cmake)
[0.296s] -- Found rosidl_generator_cpp: 3.1.5 (/opt/ros/humble/share/rosidl_generator_cpp/cmake)
[0.307s] -- Using all available rosidl_typesupport_c: rosidl_typesupport_fastrtps_c;rosidl_typesupport_introspection_c
[0.321s] -- Using all available rosidl_typesupport_cpp: rosidl_typesupport_fastrtps_cpp;rosidl_typesupport_introspection_cpp
[0.374s] -- Found rmw_implementation_cmake: 6.1.1 (/opt/ros/humble/share/rmw_implementation_cmake/cmake)
[0.376s] -- Found rmw_fastrtps_cpp: 6.2.6 (/opt/ros/humble/share/rmw_fastrtps_cpp/cmake)
[0.531s] -- Using RMW implementation 'rmw_fastrtps_cpp' as default
[0.676s] -- Found obj_msg: 0.0.0 (/home/etern1ty/ros2_ws/install/obj_msg/share/obj_msg/cmake)
[0.694s] [31mCMake Error at /opt/ros/humble/share/rosidl_cmake/cmake/rosidl_get_typesupport_target.cmake:29 (message):
[0.694s]   flare_detect is not a CMake target.  Maybe rosidl_generate_interfaces was
[0.694s]   given a different target name?
[0.694s] Call Stack (most recent call first):
[0.695s]   CMakeLists.txt:28 (rosidl_get_typesupport_target)
[0.695s] 
[0.695s] [0m
[0.695s] -- Configuring incomplete, errors occurred!
[0.695s] See also "/home/etern1ty/ros2_ws/build/flare_detect/CMakeFiles/CMakeOutput.log".
[0.701s] gmake: *** [Makefile:267: cmake_check_build_system] Error 1
[0.705s] Invoked command in '/home/etern1ty/ros2_ws/build/flare_detect' returned '2': CMAKE_PREFIX_PATH=/home/etern1ty/ros2_ws/install/obj_msg:/home/etern1ty/ros2_ws/install/cpp_pubsub:/home/etern1ty/ros2_ws/install/tutorial_interfaces:/home/etern1ty/ros2_ws/install/ros2_color_detection:/home/etern1ty/ros2_ws/install/pub_controller:/home/etern1ty/ros2_ws/install/flare_detect:/home/etern1ty/ros2_ws/install/my_package:/home/etern1ty/ros2_ws/install/examples_rclcpp_wait_set:/home/etern1ty/ros2_ws/install/examples_rclcpp_multithreaded_executor:/home/etern1ty/ros2_ws/install/examples_rclcpp_minimal_timer:/home/etern1ty/ros2_ws/install/examples_rclcpp_minimal_subscriber:/home/etern1ty/ros2_ws/install/examples_rclcpp_minimal_service:/home/etern1ty/ros2_ws/install/examples_rclcpp_minimal_publisher:/home/etern1ty/ros2_ws/install/examples_rclcpp_minimal_composition:/home/etern1ty/ros2_ws/install/examples_rclcpp_minimal_client:/home/etern1ty/ros2_ws/install/examples_rclcpp_minimal_action_server:/home/etern1ty/ros2_ws/install/examples_rclcpp_minimal_action_client:/home/etern1ty/ros2_ws/install/examples_rclcpp_cbg_executor:/home/etern1ty/ros2_ws/install/examples_rclcpp_async_client:/home/etern1ty/ros2_ws/install/custom_msg_pub:/home/etern1ty/ros2_ws/install/launch_testing_examples:/home/etern1ty/ros2_ws/install/examples_rclpy_pointcloud_publisher:/home/etern1ty/ros2_ws/install/examples_rclpy_minimal_subscriber:/home/etern1ty/ros2_ws/install/examples_rclpy_minimal_service:/home/etern1ty/ros2_ws/install/examples_rclpy_minimal_publisher:/home/etern1ty/ros2_ws/install/examples_rclpy_minimal_client:/home/etern1ty/ros2_ws/install/examples_rclpy_minimal_action_server:/home/etern1ty/ros2_ws/install/examples_rclpy_minimal_action_client:/home/etern1ty/ros2_ws/install/examples_rclpy_guard_conditions:/home/etern1ty/ros2_ws/install/examples_rclpy_executors:/opt/ros/humble LD_LIBRARY_PATH=/home/etern1ty/ros2_ws/install/obj_msg/lib:/home/etern1ty/ros2_ws/install/tutorial_interfaces/lib:/home/etern1ty/ros2_ws/install/pub_controller/lib:/home/etern1ty/ros2_ws/install/flare_detect/lib:/home/etern1ty/ros2_ws/install/examples_rclcpp_wait_set/lib:/home/etern1ty/ros2_ws/install/examples_rclcpp_minimal_subscriber/lib:/home/etern1ty/ros2_ws/install/examples_rclcpp_minimal_composition/lib:/home/etern1ty/ros2_ws/install/custom_msg_pub/lib:/opt/ros/humble/opt/rviz_ogre_vendor/lib:/opt/ros/humble/lib/x86_64-linux-gnu:/opt/ros/humble/lib /usr/bin/cmake --build /home/etern1ty/ros2_ws/build/flare_detect -- -j12 -l12
