[0.054s] Invoking command in '/home/etern1ty/ros2_ws/build/yolo': CMAKE_PREFIX_PATH=/opt/ros/humble /usr/bin/cmake --build /home/etern1ty/ros2_ws/build/yolo -- -j12 -l12
[0.099s] [35m[1mConsolidate compiler generated dependencies of target yolo_func[0m
[0.128s] [ 50%] [32mBuilding CXX object CMakeFiles/yolo_func.dir/src/yolo_func.cpp.o[0m
[5.334s] [100%] [32m[1mLinking CXX executable yolo_func[0m
[5.539s] /usr/bin/ld: warning: libopencv_imgproc.so.4.5d, needed by /opt/ros/humble/lib/libcv_bridge.so, may conflict with libopencv_imgproc.so.409
[5.540s] /usr/bin/ld: warning: libopencv_core.so.4.5d, needed by /opt/ros/humble/lib/libcv_bridge.so, may conflict with libopencv_core.so.409
[6.019s] [100%] Built target yolo_func
[6.033s] Invoked command in '/home/etern1ty/ros2_ws/build/yolo' returned '0': CMAKE_PREFIX_PATH=/opt/ros/humble /usr/bin/cmake --build /home/etern1ty/ros2_ws/build/yolo -- -j12 -l12
[6.071s] Invoking command in '/home/etern1ty/ros2_ws/build/yolo': CMAKE_PREFIX_PATH=/opt/ros/humble /usr/bin/cmake --install /home/etern1ty/ros2_ws/build/yolo
[6.079s] -- Install configuration: ""
[6.079s] -- Installing: /home/etern1ty/ros2_ws/install/yolo/lib/yolo/yolo_func
[6.081s] -- Set runtime path of "/home/etern1ty/ros2_ws/install/yolo/lib/yolo/yolo_func" to ""
[6.081s] -- Installing: /home/etern1ty/ros2_ws/install/yolo/share/ament_index/resource_index/package_run_dependencies/yolo
[6.081s] -- Up-to-date: /home/etern1ty/ros2_ws/install/yolo/share/ament_index/resource_index/parent_prefix_path/yolo
[6.081s] -- Up-to-date: /home/etern1ty/ros2_ws/install/yolo/share/yolo/environment/ament_prefix_path.sh
[6.082s] -- Installing: /home/etern1ty/ros2_ws/install/yolo/share/yolo/environment/ament_prefix_path.dsv
[6.082s] -- Up-to-date: /home/etern1ty/ros2_ws/install/yolo/share/yolo/environment/path.sh
[6.082s] -- Installing: /home/etern1ty/ros2_ws/install/yolo/share/yolo/environment/path.dsv
[6.082s] -- Up-to-date: /home/etern1ty/ros2_ws/install/yolo/share/yolo/local_setup.bash
[6.082s] -- Up-to-date: /home/etern1ty/ros2_ws/install/yolo/share/yolo/local_setup.sh
[6.082s] -- Up-to-date: /home/etern1ty/ros2_ws/install/yolo/share/yolo/local_setup.zsh
[6.082s] -- Installing: /home/etern1ty/ros2_ws/install/yolo/share/yolo/local_setup.dsv
[6.082s] -- Installing: /home/etern1ty/ros2_ws/install/yolo/share/yolo/package.dsv
[6.082s] -- Up-to-date: /home/etern1ty/ros2_ws/install/yolo/share/ament_index/resource_index/packages/yolo
[6.083s] -- Installing: /home/etern1ty/ros2_ws/install/yolo/share/yolo/cmake/ament_cmake_export_dependencies-extras.cmake
[6.083s] -- Installing: /home/etern1ty/ros2_ws/install/yolo/share/yolo/cmake/yoloConfig.cmake
[6.083s] -- Up-to-date: /home/etern1ty/ros2_ws/install/yolo/share/yolo/cmake/yoloConfig-version.cmake
[6.083s] -- Installing: /home/etern1ty/ros2_ws/install/yolo/share/yolo/package.xml
[6.086s] Invoked command in '/home/etern1ty/ros2_ws/build/yolo' returned '0': CMAKE_PREFIX_PATH=/opt/ros/humble /usr/bin/cmake --install /home/etern1ty/ros2_ws/build/yolo
