[0.112s] Invoking command in '/home/etern1ty/ros2_ws/build/cpp_pubsub': AMENT_PREFIX_PATH=/home/etern1ty/ros2_ws/install/tutorial_interfaces:${AMENT_PREFIX_PATH} CMAKE_PREFIX_PATH=/home/etern1ty/ros2_ws/install/tutorial_interfaces:/opt/ros/humble LD_LIBRARY_PATH=/home/etern1ty/ros2_ws/install/tutorial_interfaces/lib:${LD_LIBRARY_PATH} PYTHONPATH=/home/etern1ty/ros2_ws/install/tutorial_interfaces/local/lib/python3.10/dist-packages:${PYTHONPATH} /usr/bin/cmake --build /home/etern1ty/ros2_ws/build/cpp_pubsub -- -j12 -l12
[0.161s] [35m[1mConsolidate compiler generated dependencies of target listener[0m
[0.161s] [35m[1mConsolidate compiler generated dependencies of target talker[0m
[0.186s] [100%] Built target listener
[0.186s] [100%] Built target talker
[0.200s] Invoked command in '/home/etern1ty/ros2_ws/build/cpp_pubsub' returned '0': AMENT_PREFIX_PATH=/home/etern1ty/ros2_ws/install/tutorial_interfaces:${AMENT_PREFIX_PATH} CMAKE_PREFIX_PATH=/home/etern1ty/ros2_ws/install/tutorial_interfaces:/opt/ros/humble LD_LIBRARY_PATH=/home/etern1ty/ros2_ws/install/tutorial_interfaces/lib:${LD_LIBRARY_PATH} PYTHONPATH=/home/etern1ty/ros2_ws/install/tutorial_interfaces/local/lib/python3.10/dist-packages:${PYTHONPATH} /usr/bin/cmake --build /home/etern1ty/ros2_ws/build/cpp_pubsub -- -j12 -l12
[0.233s] Invoking command in '/home/etern1ty/ros2_ws/build/cpp_pubsub': AMENT_PREFIX_PATH=/home/etern1ty/ros2_ws/install/tutorial_interfaces:${AMENT_PREFIX_PATH} CMAKE_PREFIX_PATH=/home/etern1ty/ros2_ws/install/tutorial_interfaces:/opt/ros/humble LD_LIBRARY_PATH=/home/etern1ty/ros2_ws/install/tutorial_interfaces/lib:${LD_LIBRARY_PATH} PYTHONPATH=/home/etern1ty/ros2_ws/install/tutorial_interfaces/local/lib/python3.10/dist-packages:${PYTHONPATH} /usr/bin/cmake --install /home/etern1ty/ros2_ws/build/cpp_pubsub
[0.242s] -- Install configuration: ""
[0.242s] -- Up-to-date: /home/etern1ty/ros2_ws/install/cpp_pubsub/lib/cpp_pubsub/talker
[0.243s] -- Up-to-date: /home/etern1ty/ros2_ws/install/cpp_pubsub/lib/cpp_pubsub/listener
[0.243s] -- Up-to-date: /home/etern1ty/ros2_ws/install/cpp_pubsub/share/ament_index/resource_index/package_run_dependencies/cpp_pubsub
[0.243s] -- Up-to-date: /home/etern1ty/ros2_ws/install/cpp_pubsub/share/ament_index/resource_index/parent_prefix_path/cpp_pubsub
[0.244s] -- Up-to-date: /home/etern1ty/ros2_ws/install/cpp_pubsub/share/cpp_pubsub/environment/ament_prefix_path.sh
[0.244s] -- Up-to-date: /home/etern1ty/ros2_ws/install/cpp_pubsub/share/cpp_pubsub/environment/ament_prefix_path.dsv
[0.244s] -- Up-to-date: /home/etern1ty/ros2_ws/install/cpp_pubsub/share/cpp_pubsub/environment/path.sh
[0.244s] -- Up-to-date: /home/etern1ty/ros2_ws/install/cpp_pubsub/share/cpp_pubsub/environment/path.dsv
[0.244s] -- Up-to-date: /home/etern1ty/ros2_ws/install/cpp_pubsub/share/cpp_pubsub/local_setup.bash
[0.244s] -- Up-to-date: /home/etern1ty/ros2_ws/install/cpp_pubsub/share/cpp_pubsub/local_setup.sh
[0.244s] -- Up-to-date: /home/etern1ty/ros2_ws/install/cpp_pubsub/share/cpp_pubsub/local_setup.zsh
[0.244s] -- Up-to-date: /home/etern1ty/ros2_ws/install/cpp_pubsub/share/cpp_pubsub/local_setup.dsv
[0.244s] -- Installing: /home/etern1ty/ros2_ws/install/cpp_pubsub/share/cpp_pubsub/package.dsv
[0.245s] -- Up-to-date: /home/etern1ty/ros2_ws/install/cpp_pubsub/share/ament_index/resource_index/packages/cpp_pubsub
[0.245s] -- Up-to-date: /home/etern1ty/ros2_ws/install/cpp_pubsub/share/cpp_pubsub/cmake/cpp_pubsubConfig.cmake
[0.245s] -- Up-to-date: /home/etern1ty/ros2_ws/install/cpp_pubsub/share/cpp_pubsub/cmake/cpp_pubsubConfig-version.cmake
[0.245s] -- Up-to-date: /home/etern1ty/ros2_ws/install/cpp_pubsub/share/cpp_pubsub/package.xml
[0.248s] Invoked command in '/home/etern1ty/ros2_ws/build/cpp_pubsub' returned '0': AMENT_PREFIX_PATH=/home/etern1ty/ros2_ws/install/tutorial_interfaces:${AMENT_PREFIX_PATH} CMAKE_PREFIX_PATH=/home/etern1ty/ros2_ws/install/tutorial_interfaces:/opt/ros/humble LD_LIBRARY_PATH=/home/etern1ty/ros2_ws/install/tutorial_interfaces/lib:${LD_LIBRARY_PATH} PYTHONPATH=/home/etern1ty/ros2_ws/install/tutorial_interfaces/local/lib/python3.10/dist-packages:${PYTHONPATH} /usr/bin/cmake --install /home/etern1ty/ros2_ws/build/cpp_pubsub
