[1.173s] DEBUG:colcon:Command line arguments: ['/usr/bin/colcon', 'build', '--packages-select', 'custom_msg_pub', '--parallel-workers', '2']
[1.173s] DEBUG:colcon:Parsed command line arguments: Namespace(log_base=None, log_level=None, verb_name='build', build_base='build', install_base='install', merge_install=False, symlink_install=False, test_result_base=None, continue_on_error=False, executor='parallel', parallel_workers=2, event_handlers=None, ignore_user_meta=False, metas=['./colcon.meta'], base_paths=['.'], packages_ignore=None, packages_ignore_regex=None, paths=None, packages_up_to=None, packages_up_to_regex=None, packages_above=None, packages_above_and_dependencies=None, packages_above_depth=None, packages_select_by_dep=None, packages_skip_by_dep=None, packages_skip_up_to=None, packages_select_build_failed=False, packages_skip_build_finished=False, packages_select_test_failures=False, packages_skip_test_passed=False, packages_select=['custom_msg_pub'], packages_skip=None, packages_select_regex=None, packages_skip_regex=None, packages_start=None, packages_end=None, allow_overriding=[], cmake_args=None, cmake_target=None, cmake_target_skip_unavailable=False, cmake_clean_cache=False, cmake_clean_first=False, cmake_force_configure=False, ament_cmake_args=None, catkin_cmake_args=None, catkin_skip_building_tests=False, verb_parser=<colcon_defaults.argument_parser.defaults.DefaultArgumentsDecorator object at 0x7fc3a5bbaf50>, verb_extension=<colcon_core.verb.build.BuildVerb object at 0x7fc3a5b71300>, main=<bound method BuildVerb.main of <colcon_core.verb.build.BuildVerb object at 0x7fc3a5b71300>>)
[1.240s] Level 1:colcon.colcon_core.package_discovery:discover_packages(colcon_meta) check parameters
[1.241s] Level 1:colcon.colcon_core.package_discovery:discover_packages(recursive) check parameters
[1.241s] Level 1:colcon.colcon_core.package_discovery:discover_packages(ignore) check parameters
[1.241s] Level 1:colcon.colcon_core.package_discovery:discover_packages(path) check parameters
[1.241s] Level 1:colcon.colcon_core.package_discovery:discover_packages(colcon_meta) discover
[1.241s] Level 1:colcon.colcon_core.package_discovery:discover_packages(recursive) discover
[1.241s] INFO:colcon.colcon_core.package_discovery:Crawling recursively for packages in '/home/etern1ty/ros2_ws'
[1.241s] Level 1:colcon.colcon_core.package_identification:_identify(.) by extensions ['ignore', 'ignore_ament_install']
[1.241s] Level 1:colcon.colcon_core.package_identification:_identify(.) by extension 'ignore'
[1.241s] Level 1:colcon.colcon_core.package_identification:_identify(.) by extension 'ignore_ament_install'
[1.241s] Level 1:colcon.colcon_core.package_identification:_identify(.) by extensions ['colcon_pkg']
[1.241s] Level 1:colcon.colcon_core.package_identification:_identify(.) by extension 'colcon_pkg'
[1.241s] Level 1:colcon.colcon_core.package_identification:_identify(.) by extensions ['colcon_meta']
[1.241s] Level 1:colcon.colcon_core.package_identification:_identify(.) by extension 'colcon_meta'
[1.241s] Level 1:colcon.colcon_core.package_identification:_identify(.) by extensions ['ros']
[1.241s] Level 1:colcon.colcon_core.package_identification:_identify(.) by extension 'ros'
[1.251s] Level 1:colcon.colcon_core.package_identification:_identify(.) by extensions ['cmake', 'python']
[1.251s] Level 1:colcon.colcon_core.package_identification:_identify(.) by extension 'cmake'
[1.251s] Level 1:colcon.colcon_core.package_identification:_identify(.) by extension 'python'
[1.251s] Level 1:colcon.colcon_core.package_identification:_identify(.) by extensions ['python_setup_py']
[1.251s] Level 1:colcon.colcon_core.package_identification:_identify(.) by extension 'python_setup_py'
[1.251s] Level 1:colcon.colcon_core.package_identification:_identify(build) by extensions ['ignore', 'ignore_ament_install']
[1.251s] Level 1:colcon.colcon_core.package_identification:_identify(build) by extension 'ignore'
[1.251s] Level 1:colcon.colcon_core.package_identification:_identify(build) ignored
[1.252s] Level 1:colcon.colcon_core.package_identification:_identify(install) by extensions ['ignore', 'ignore_ament_install']
[1.252s] Level 1:colcon.colcon_core.package_identification:_identify(install) by extension 'ignore'
[1.252s] Level 1:colcon.colcon_core.package_identification:_identify(install) ignored
[1.252s] Level 1:colcon.colcon_core.package_identification:_identify(log) by extensions ['ignore', 'ignore_ament_install']
[1.252s] Level 1:colcon.colcon_core.package_identification:_identify(log) by extension 'ignore'
[1.252s] Level 1:colcon.colcon_core.package_identification:_identify(log) ignored
[1.252s] Level 1:colcon.colcon_core.package_identification:_identify(src) by extensions ['ignore', 'ignore_ament_install']
[1.252s] Level 1:colcon.colcon_core.package_identification:_identify(src) by extension 'ignore'
[1.252s] Level 1:colcon.colcon_core.package_identification:_identify(src) by extension 'ignore_ament_install'
[1.252s] Level 1:colcon.colcon_core.package_identification:_identify(src) by extensions ['colcon_pkg']
[1.252s] Level 1:colcon.colcon_core.package_identification:_identify(src) by extension 'colcon_pkg'
[1.252s] Level 1:colcon.colcon_core.package_identification:_identify(src) by extensions ['colcon_meta']
[1.252s] Level 1:colcon.colcon_core.package_identification:_identify(src) by extension 'colcon_meta'
[1.252s] Level 1:colcon.colcon_core.package_identification:_identify(src) by extensions ['ros']
[1.252s] Level 1:colcon.colcon_core.package_identification:_identify(src) by extension 'ros'
[1.252s] Level 1:colcon.colcon_core.package_identification:_identify(src) by extensions ['cmake', 'python']
[1.252s] Level 1:colcon.colcon_core.package_identification:_identify(src) by extension 'cmake'
[1.252s] Level 1:colcon.colcon_core.package_identification:_identify(src) by extension 'python'
[1.252s] Level 1:colcon.colcon_core.package_identification:_identify(src) by extensions ['python_setup_py']
[1.252s] Level 1:colcon.colcon_core.package_identification:_identify(src) by extension 'python_setup_py'
[1.252s] Level 1:colcon.colcon_core.package_identification:_identify(src/cpp_pubsub) by extensions ['ignore', 'ignore_ament_install']
[1.253s] Level 1:colcon.colcon_core.package_identification:_identify(src/cpp_pubsub) by extension 'ignore'
[1.253s] Level 1:colcon.colcon_core.package_identification:_identify(src/cpp_pubsub) by extension 'ignore_ament_install'
[1.253s] Level 1:colcon.colcon_core.package_identification:_identify(src/cpp_pubsub) by extensions ['colcon_pkg']
[1.253s] Level 1:colcon.colcon_core.package_identification:_identify(src/cpp_pubsub) by extension 'colcon_pkg'
[1.253s] Level 1:colcon.colcon_core.package_identification:_identify(src/cpp_pubsub) by extensions ['colcon_meta']
[1.253s] Level 1:colcon.colcon_core.package_identification:_identify(src/cpp_pubsub) by extension 'colcon_meta'
[1.253s] Level 1:colcon.colcon_core.package_identification:_identify(src/cpp_pubsub) by extensions ['ros']
[1.253s] Level 1:colcon.colcon_core.package_identification:_identify(src/cpp_pubsub) by extension 'ros'
[1.256s] DEBUG:colcon.colcon_core.package_identification:Package 'src/cpp_pubsub' with type 'ros.ament_cmake' and name 'cpp_pubsub'
[1.257s] Level 1:colcon.colcon_core.package_identification:_identify(src/custom_msg_pub) by extensions ['ignore', 'ignore_ament_install']
[1.257s] Level 1:colcon.colcon_core.package_identification:_identify(src/custom_msg_pub) by extension 'ignore'
[1.257s] Level 1:colcon.colcon_core.package_identification:_identify(src/custom_msg_pub) by extension 'ignore_ament_install'
[1.257s] Level 1:colcon.colcon_core.package_identification:_identify(src/custom_msg_pub) by extensions ['colcon_pkg']
[1.257s] Level 1:colcon.colcon_core.package_identification:_identify(src/custom_msg_pub) by extension 'colcon_pkg'
[1.257s] Level 1:colcon.colcon_core.package_identification:_identify(src/custom_msg_pub) by extensions ['colcon_meta']
[1.257s] Level 1:colcon.colcon_core.package_identification:_identify(src/custom_msg_pub) by extension 'colcon_meta'
[1.257s] Level 1:colcon.colcon_core.package_identification:_identify(src/custom_msg_pub) by extensions ['ros']
[1.257s] Level 1:colcon.colcon_core.package_identification:_identify(src/custom_msg_pub) by extension 'ros'
[1.257s] DEBUG:colcon.colcon_core.package_identification:Package 'src/custom_msg_pub' with type 'ros.ament_cmake' and name 'custom_msg_pub'
[1.257s] Level 1:colcon.colcon_core.package_identification:_identify(src/msg) by extensions ['ignore', 'ignore_ament_install']
[1.258s] Level 1:colcon.colcon_core.package_identification:_identify(src/msg) by extension 'ignore'
[1.258s] Level 1:colcon.colcon_core.package_identification:_identify(src/msg) by extension 'ignore_ament_install'
[1.258s] Level 1:colcon.colcon_core.package_identification:_identify(src/msg) by extensions ['colcon_pkg']
[1.258s] Level 1:colcon.colcon_core.package_identification:_identify(src/msg) by extension 'colcon_pkg'
[1.258s] Level 1:colcon.colcon_core.package_identification:_identify(src/msg) by extensions ['colcon_meta']
[1.258s] Level 1:colcon.colcon_core.package_identification:_identify(src/msg) by extension 'colcon_meta'
[1.258s] Level 1:colcon.colcon_core.package_identification:_identify(src/msg) by extensions ['ros']
[1.258s] Level 1:colcon.colcon_core.package_identification:_identify(src/msg) by extension 'ros'
[1.258s] Level 1:colcon.colcon_core.package_identification:_identify(src/msg) by extensions ['cmake', 'python']
[1.258s] Level 1:colcon.colcon_core.package_identification:_identify(src/msg) by extension 'cmake'
[1.258s] Level 1:colcon.colcon_core.package_identification:_identify(src/msg) by extension 'python'
[1.258s] Level 1:colcon.colcon_core.package_identification:_identify(src/msg) by extensions ['python_setup_py']
[1.258s] Level 1:colcon.colcon_core.package_identification:_identify(src/msg) by extension 'python_setup_py'
[1.258s] Level 1:colcon.colcon_core.package_identification:_identify(src/my_package) by extensions ['ignore', 'ignore_ament_install']
[1.258s] Level 1:colcon.colcon_core.package_identification:_identify(src/my_package) by extension 'ignore'
[1.258s] Level 1:colcon.colcon_core.package_identification:_identify(src/my_package) by extension 'ignore_ament_install'
[1.258s] Level 1:colcon.colcon_core.package_identification:_identify(src/my_package) by extensions ['colcon_pkg']
[1.258s] Level 1:colcon.colcon_core.package_identification:_identify(src/my_package) by extension 'colcon_pkg'
[1.258s] Level 1:colcon.colcon_core.package_identification:_identify(src/my_package) by extensions ['colcon_meta']
[1.258s] Level 1:colcon.colcon_core.package_identification:_identify(src/my_package) by extension 'colcon_meta'
[1.258s] Level 1:colcon.colcon_core.package_identification:_identify(src/my_package) by extensions ['ros']
[1.258s] Level 1:colcon.colcon_core.package_identification:_identify(src/my_package) by extension 'ros'
[1.259s] DEBUG:colcon.colcon_core.package_identification:Package 'src/my_package' with type 'ros.ament_cmake' and name 'my_package'
[1.259s] Level 1:colcon.colcon_core.package_identification:_identify(src/src) by extensions ['ignore', 'ignore_ament_install']
[1.259s] Level 1:colcon.colcon_core.package_identification:_identify(src/src) by extension 'ignore'
[1.259s] Level 1:colcon.colcon_core.package_identification:_identify(src/src) by extension 'ignore_ament_install'
[1.259s] Level 1:colcon.colcon_core.package_identification:_identify(src/src) by extensions ['colcon_pkg']
[1.259s] Level 1:colcon.colcon_core.package_identification:_identify(src/src) by extension 'colcon_pkg'
[1.259s] Level 1:colcon.colcon_core.package_identification:_identify(src/src) by extensions ['colcon_meta']
[1.259s] Level 1:colcon.colcon_core.package_identification:_identify(src/src) by extension 'colcon_meta'
[1.259s] Level 1:colcon.colcon_core.package_identification:_identify(src/src) by extensions ['ros']
[1.259s] Level 1:colcon.colcon_core.package_identification:_identify(src/src) by extension 'ros'
[1.259s] Level 1:colcon.colcon_core.package_identification:_identify(src/src) by extensions ['cmake', 'python']
[1.259s] Level 1:colcon.colcon_core.package_identification:_identify(src/src) by extension 'cmake'
[1.259s] Level 1:colcon.colcon_core.package_identification:_identify(src/src) by extension 'python'
[1.259s] Level 1:colcon.colcon_core.package_identification:_identify(src/src) by extensions ['python_setup_py']
[1.259s] Level 1:colcon.colcon_core.package_identification:_identify(src/src) by extension 'python_setup_py'
[1.260s] Level 1:colcon.colcon_core.package_identification:_identify(src/src/examples) by extensions ['ignore', 'ignore_ament_install']
[1.260s] Level 1:colcon.colcon_core.package_identification:_identify(src/src/examples) by extension 'ignore'
[1.260s] Level 1:colcon.colcon_core.package_identification:_identify(src/src/examples) by extension 'ignore_ament_install'
[1.260s] Level 1:colcon.colcon_core.package_identification:_identify(src/src/examples) by extensions ['colcon_pkg']
[1.260s] Level 1:colcon.colcon_core.package_identification:_identify(src/src/examples) by extension 'colcon_pkg'
[1.260s] Level 1:colcon.colcon_core.package_identification:_identify(src/src/examples) by extensions ['colcon_meta']
[1.260s] Level 1:colcon.colcon_core.package_identification:_identify(src/src/examples) by extension 'colcon_meta'
[1.260s] Level 1:colcon.colcon_core.package_identification:_identify(src/src/examples) by extensions ['ros']
[1.260s] Level 1:colcon.colcon_core.package_identification:_identify(src/src/examples) by extension 'ros'
[1.260s] Level 1:colcon.colcon_core.package_identification:_identify(src/src/examples) by extensions ['cmake', 'python']
[1.260s] Level 1:colcon.colcon_core.package_identification:_identify(src/src/examples) by extension 'cmake'
[1.260s] Level 1:colcon.colcon_core.package_identification:_identify(src/src/examples) by extension 'python'
[1.260s] Level 1:colcon.colcon_core.package_identification:_identify(src/src/examples) by extensions ['python_setup_py']
[1.260s] Level 1:colcon.colcon_core.package_identification:_identify(src/src/examples) by extension 'python_setup_py'
[1.261s] Level 1:colcon.colcon_core.package_identification:_identify(src/src/examples/launch_testing) by extensions ['ignore', 'ignore_ament_install']
[1.261s] Level 1:colcon.colcon_core.package_identification:_identify(src/src/examples/launch_testing) by extension 'ignore'
[1.261s] Level 1:colcon.colcon_core.package_identification:_identify(src/src/examples/launch_testing) by extension 'ignore_ament_install'
[1.261s] Level 1:colcon.colcon_core.package_identification:_identify(src/src/examples/launch_testing) by extensions ['colcon_pkg']
[1.261s] Level 1:colcon.colcon_core.package_identification:_identify(src/src/examples/launch_testing) by extension 'colcon_pkg'
[1.261s] Level 1:colcon.colcon_core.package_identification:_identify(src/src/examples/launch_testing) by extensions ['colcon_meta']
[1.261s] Level 1:colcon.colcon_core.package_identification:_identify(src/src/examples/launch_testing) by extension 'colcon_meta'
[1.261s] Level 1:colcon.colcon_core.package_identification:_identify(src/src/examples/launch_testing) by extensions ['ros']
[1.261s] Level 1:colcon.colcon_core.package_identification:_identify(src/src/examples/launch_testing) by extension 'ros'
[1.261s] Level 1:colcon.colcon_core.package_identification:_identify(src/src/examples/launch_testing) by extensions ['cmake', 'python']
[1.261s] Level 1:colcon.colcon_core.package_identification:_identify(src/src/examples/launch_testing) by extension 'cmake'
[1.261s] Level 1:colcon.colcon_core.package_identification:_identify(src/src/examples/launch_testing) by extension 'python'
[1.261s] Level 1:colcon.colcon_core.package_identification:_identify(src/src/examples/launch_testing) by extensions ['python_setup_py']
[1.261s] Level 1:colcon.colcon_core.package_identification:_identify(src/src/examples/launch_testing) by extension 'python_setup_py'
[1.262s] Level 1:colcon.colcon_core.package_identification:_identify(src/src/examples/launch_testing/launch_testing_examples) by extensions ['ignore', 'ignore_ament_install']
[1.262s] Level 1:colcon.colcon_core.package_identification:_identify(src/src/examples/launch_testing/launch_testing_examples) by extension 'ignore'
[1.262s] Level 1:colcon.colcon_core.package_identification:_identify(src/src/examples/launch_testing/launch_testing_examples) by extension 'ignore_ament_install'
[1.262s] Level 1:colcon.colcon_core.package_identification:_identify(src/src/examples/launch_testing/launch_testing_examples) by extensions ['colcon_pkg']
[1.262s] Level 1:colcon.colcon_core.package_identification:_identify(src/src/examples/launch_testing/launch_testing_examples) by extension 'colcon_pkg'
[1.262s] Level 1:colcon.colcon_core.package_identification:_identify(src/src/examples/launch_testing/launch_testing_examples) by extensions ['colcon_meta']
[1.262s] Level 1:colcon.colcon_core.package_identification:_identify(src/src/examples/launch_testing/launch_testing_examples) by extension 'colcon_meta'
[1.262s] Level 1:colcon.colcon_core.package_identification:_identify(src/src/examples/launch_testing/launch_testing_examples) by extensions ['ros']
[1.262s] Level 1:colcon.colcon_core.package_identification:_identify(src/src/examples/launch_testing/launch_testing_examples) by extension 'ros'
[1.263s] DEBUG:colcon.colcon_core.package_identification:Package 'src/src/examples/launch_testing/launch_testing_examples' with type 'ros.ament_python' and name 'launch_testing_examples'
[1.263s] Level 1:colcon.colcon_core.package_identification:_identify(src/src/examples/rclcpp) by extensions ['ignore', 'ignore_ament_install']
[1.263s] Level 1:colcon.colcon_core.package_identification:_identify(src/src/examples/rclcpp) by extension 'ignore'
[1.263s] Level 1:colcon.colcon_core.package_identification:_identify(src/src/examples/rclcpp) by extension 'ignore_ament_install'
[1.263s] Level 1:colcon.colcon_core.package_identification:_identify(src/src/examples/rclcpp) by extensions ['colcon_pkg']
[1.263s] Level 1:colcon.colcon_core.package_identification:_identify(src/src/examples/rclcpp) by extension 'colcon_pkg'
[1.263s] Level 1:colcon.colcon_core.package_identification:_identify(src/src/examples/rclcpp) by extensions ['colcon_meta']
[1.263s] Level 1:colcon.colcon_core.package_identification:_identify(src/src/examples/rclcpp) by extension 'colcon_meta'
[1.263s] Level 1:colcon.colcon_core.package_identification:_identify(src/src/examples/rclcpp) by extensions ['ros']
[1.263s] Level 1:colcon.colcon_core.package_identification:_identify(src/src/examples/rclcpp) by extension 'ros'
[1.263s] Level 1:colcon.colcon_core.package_identification:_identify(src/src/examples/rclcpp) by extensions ['cmake', 'python']
[1.263s] Level 1:colcon.colcon_core.package_identification:_identify(src/src/examples/rclcpp) by extension 'cmake'
[1.263s] Level 1:colcon.colcon_core.package_identification:_identify(src/src/examples/rclcpp) by extension 'python'
[1.263s] Level 1:colcon.colcon_core.package_identification:_identify(src/src/examples/rclcpp) by extensions ['python_setup_py']
[1.263s] Level 1:colcon.colcon_core.package_identification:_identify(src/src/examples/rclcpp) by extension 'python_setup_py'
[1.264s] Level 1:colcon.colcon_core.package_identification:_identify(src/src/examples/rclcpp/actions) by extensions ['ignore', 'ignore_ament_install']
[1.264s] Level 1:colcon.colcon_core.package_identification:_identify(src/src/examples/rclcpp/actions) by extension 'ignore'
[1.264s] Level 1:colcon.colcon_core.package_identification:_identify(src/src/examples/rclcpp/actions) by extension 'ignore_ament_install'
[1.264s] Level 1:colcon.colcon_core.package_identification:_identify(src/src/examples/rclcpp/actions) by extensions ['colcon_pkg']
[1.264s] Level 1:colcon.colcon_core.package_identification:_identify(src/src/examples/rclcpp/actions) by extension 'colcon_pkg'
[1.264s] Level 1:colcon.colcon_core.package_identification:_identify(src/src/examples/rclcpp/actions) by extensions ['colcon_meta']
[1.264s] Level 1:colcon.colcon_core.package_identification:_identify(src/src/examples/rclcpp/actions) by extension 'colcon_meta'
[1.264s] Level 1:colcon.colcon_core.package_identification:_identify(src/src/examples/rclcpp/actions) by extensions ['ros']
[1.264s] Level 1:colcon.colcon_core.package_identification:_identify(src/src/examples/rclcpp/actions) by extension 'ros'
[1.264s] Level 1:colcon.colcon_core.package_identification:_identify(src/src/examples/rclcpp/actions) by extensions ['cmake', 'python']
[1.264s] Level 1:colcon.colcon_core.package_identification:_identify(src/src/examples/rclcpp/actions) by extension 'cmake'
[1.264s] Level 1:colcon.colcon_core.package_identification:_identify(src/src/examples/rclcpp/actions) by extension 'python'
[1.264s] Level 1:colcon.colcon_core.package_identification:_identify(src/src/examples/rclcpp/actions) by extensions ['python_setup_py']
[1.264s] Level 1:colcon.colcon_core.package_identification:_identify(src/src/examples/rclcpp/actions) by extension 'python_setup_py'
[1.264s] Level 1:colcon.colcon_core.package_identification:_identify(src/src/examples/rclcpp/actions/minimal_action_client) by extensions ['ignore', 'ignore_ament_install']
[1.264s] Level 1:colcon.colcon_core.package_identification:_identify(src/src/examples/rclcpp/actions/minimal_action_client) by extension 'ignore'
[1.264s] Level 1:colcon.colcon_core.package_identification:_identify(src/src/examples/rclcpp/actions/minimal_action_client) by extension 'ignore_ament_install'
[1.265s] Level 1:colcon.colcon_core.package_identification:_identify(src/src/examples/rclcpp/actions/minimal_action_client) by extensions ['colcon_pkg']
[1.265s] Level 1:colcon.colcon_core.package_identification:_identify(src/src/examples/rclcpp/actions/minimal_action_client) by extension 'colcon_pkg'
[1.265s] Level 1:colcon.colcon_core.package_identification:_identify(src/src/examples/rclcpp/actions/minimal_action_client) by extensions ['colcon_meta']
[1.265s] Level 1:colcon.colcon_core.package_identification:_identify(src/src/examples/rclcpp/actions/minimal_action_client) by extension 'colcon_meta'
[1.265s] Level 1:colcon.colcon_core.package_identification:_identify(src/src/examples/rclcpp/actions/minimal_action_client) by extensions ['ros']
[1.265s] Level 1:colcon.colcon_core.package_identification:_identify(src/src/examples/rclcpp/actions/minimal_action_client) by extension 'ros'
[1.265s] DEBUG:colcon.colcon_core.package_identification:Package 'src/src/examples/rclcpp/actions/minimal_action_client' with type 'ros.ament_cmake' and name 'examples_rclcpp_minimal_action_client'
[1.266s] Level 1:colcon.colcon_core.package_identification:_identify(src/src/examples/rclcpp/actions/minimal_action_server) by extensions ['ignore', 'ignore_ament_install']
[1.266s] Level 1:colcon.colcon_core.package_identification:_identify(src/src/examples/rclcpp/actions/minimal_action_server) by extension 'ignore'
[1.266s] Level 1:colcon.colcon_core.package_identification:_identify(src/src/examples/rclcpp/actions/minimal_action_server) by extension 'ignore_ament_install'
[1.266s] Level 1:colcon.colcon_core.package_identification:_identify(src/src/examples/rclcpp/actions/minimal_action_server) by extensions ['colcon_pkg']
[1.266s] Level 1:colcon.colcon_core.package_identification:_identify(src/src/examples/rclcpp/actions/minimal_action_server) by extension 'colcon_pkg'
[1.266s] Level 1:colcon.colcon_core.package_identification:_identify(src/src/examples/rclcpp/actions/minimal_action_server) by extensions ['colcon_meta']
[1.266s] Level 1:colcon.colcon_core.package_identification:_identify(src/src/examples/rclcpp/actions/minimal_action_server) by extension 'colcon_meta'
[1.266s] Level 1:colcon.colcon_core.package_identification:_identify(src/src/examples/rclcpp/actions/minimal_action_server) by extensions ['ros']
[1.266s] Level 1:colcon.colcon_core.package_identification:_identify(src/src/examples/rclcpp/actions/minimal_action_server) by extension 'ros'
[1.267s] DEBUG:colcon.colcon_core.package_identification:Package 'src/src/examples/rclcpp/actions/minimal_action_server' with type 'ros.ament_cmake' and name 'examples_rclcpp_minimal_action_server'
[1.267s] Level 1:colcon.colcon_core.package_identification:_identify(src/src/examples/rclcpp/composition) by extensions ['ignore', 'ignore_ament_install']
[1.267s] Level 1:colcon.colcon_core.package_identification:_identify(src/src/examples/rclcpp/composition) by extension 'ignore'
[1.267s] Level 1:colcon.colcon_core.package_identification:_identify(src/src/examples/rclcpp/composition) by extension 'ignore_ament_install'
[1.267s] Level 1:colcon.colcon_core.package_identification:_identify(src/src/examples/rclcpp/composition) by extensions ['colcon_pkg']
[1.267s] Level 1:colcon.colcon_core.package_identification:_identify(src/src/examples/rclcpp/composition) by extension 'colcon_pkg'
[1.267s] Level 1:colcon.colcon_core.package_identification:_identify(src/src/examples/rclcpp/composition) by extensions ['colcon_meta']
[1.267s] Level 1:colcon.colcon_core.package_identification:_identify(src/src/examples/rclcpp/composition) by extension 'colcon_meta'
[1.267s] Level 1:colcon.colcon_core.package_identification:_identify(src/src/examples/rclcpp/composition) by extensions ['ros']
[1.267s] Level 1:colcon.colcon_core.package_identification:_identify(src/src/examples/rclcpp/composition) by extension 'ros'
[1.267s] Level 1:colcon.colcon_core.package_identification:_identify(src/src/examples/rclcpp/composition) by extensions ['cmake', 'python']
[1.267s] Level 1:colcon.colcon_core.package_identification:_identify(src/src/examples/rclcpp/composition) by extension 'cmake'
[1.267s] Level 1:colcon.colcon_core.package_identification:_identify(src/src/examples/rclcpp/composition) by extension 'python'
[1.267s] Level 1:colcon.colcon_core.package_identification:_identify(src/src/examples/rclcpp/composition) by extensions ['python_setup_py']
[1.267s] Level 1:colcon.colcon_core.package_identification:_identify(src/src/examples/rclcpp/composition) by extension 'python_setup_py'
[1.267s] Level 1:colcon.colcon_core.package_identification:_identify(src/src/examples/rclcpp/composition/minimal_composition) by extensions ['ignore', 'ignore_ament_install']
[1.268s] Level 1:colcon.colcon_core.package_identification:_identify(src/src/examples/rclcpp/composition/minimal_composition) by extension 'ignore'
[1.268s] Level 1:colcon.colcon_core.package_identification:_identify(src/src/examples/rclcpp/composition/minimal_composition) by extension 'ignore_ament_install'
[1.268s] Level 1:colcon.colcon_core.package_identification:_identify(src/src/examples/rclcpp/composition/minimal_composition) by extensions ['colcon_pkg']
[1.268s] Level 1:colcon.colcon_core.package_identification:_identify(src/src/examples/rclcpp/composition/minimal_composition) by extension 'colcon_pkg'
[1.268s] Level 1:colcon.colcon_core.package_identification:_identify(src/src/examples/rclcpp/composition/minimal_composition) by extensions ['colcon_meta']
[1.268s] Level 1:colcon.colcon_core.package_identification:_identify(src/src/examples/rclcpp/composition/minimal_composition) by extension 'colcon_meta'
[1.268s] Level 1:colcon.colcon_core.package_identification:_identify(src/src/examples/rclcpp/composition/minimal_composition) by extensions ['ros']
[1.268s] Level 1:colcon.colcon_core.package_identification:_identify(src/src/examples/rclcpp/composition/minimal_composition) by extension 'ros'
[1.268s] DEBUG:colcon.colcon_core.package_identification:Package 'src/src/examples/rclcpp/composition/minimal_composition' with type 'ros.ament_cmake' and name 'examples_rclcpp_minimal_composition'
[1.269s] Level 1:colcon.colcon_core.package_identification:_identify(src/src/examples/rclcpp/executors) by extensions ['ignore', 'ignore_ament_install']
[1.269s] Level 1:colcon.colcon_core.package_identification:_identify(src/src/examples/rclcpp/executors) by extension 'ignore'
[1.269s] Level 1:colcon.colcon_core.package_identification:_identify(src/src/examples/rclcpp/executors) by extension 'ignore_ament_install'
[1.269s] Level 1:colcon.colcon_core.package_identification:_identify(src/src/examples/rclcpp/executors) by extensions ['colcon_pkg']
[1.269s] Level 1:colcon.colcon_core.package_identification:_identify(src/src/examples/rclcpp/executors) by extension 'colcon_pkg'
[1.269s] Level 1:colcon.colcon_core.package_identification:_identify(src/src/examples/rclcpp/executors) by extensions ['colcon_meta']
[1.269s] Level 1:colcon.colcon_core.package_identification:_identify(src/src/examples/rclcpp/executors) by extension 'colcon_meta'
[1.269s] Level 1:colcon.colcon_core.package_identification:_identify(src/src/examples/rclcpp/executors) by extensions ['ros']
[1.269s] Level 1:colcon.colcon_core.package_identification:_identify(src/src/examples/rclcpp/executors) by extension 'ros'
[1.269s] Level 1:colcon.colcon_core.package_identification:_identify(src/src/examples/rclcpp/executors) by extensions ['cmake', 'python']
[1.269s] Level 1:colcon.colcon_core.package_identification:_identify(src/src/examples/rclcpp/executors) by extension 'cmake'
[1.269s] Level 1:colcon.colcon_core.package_identification:_identify(src/src/examples/rclcpp/executors) by extension 'python'
[1.269s] Level 1:colcon.colcon_core.package_identification:_identify(src/src/examples/rclcpp/executors) by extensions ['python_setup_py']
[1.269s] Level 1:colcon.colcon_core.package_identification:_identify(src/src/examples/rclcpp/executors) by extension 'python_setup_py'
[1.269s] Level 1:colcon.colcon_core.package_identification:_identify(src/src/examples/rclcpp/executors/cbg_executor) by extensions ['ignore', 'ignore_ament_install']
[1.269s] Level 1:colcon.colcon_core.package_identification:_identify(src/src/examples/rclcpp/executors/cbg_executor) by extension 'ignore'
[1.269s] Level 1:colcon.colcon_core.package_identification:_identify(src/src/examples/rclcpp/executors/cbg_executor) by extension 'ignore_ament_install'
[1.269s] Level 1:colcon.colcon_core.package_identification:_identify(src/src/examples/rclcpp/executors/cbg_executor) by extensions ['colcon_pkg']
[1.269s] Level 1:colcon.colcon_core.package_identification:_identify(src/src/examples/rclcpp/executors/cbg_executor) by extension 'colcon_pkg'
[1.269s] Level 1:colcon.colcon_core.package_identification:_identify(src/src/examples/rclcpp/executors/cbg_executor) by extensions ['colcon_meta']
[1.269s] Level 1:colcon.colcon_core.package_identification:_identify(src/src/examples/rclcpp/executors/cbg_executor) by extension 'colcon_meta'
[1.270s] Level 1:colcon.colcon_core.package_identification:_identify(src/src/examples/rclcpp/executors/cbg_executor) by extensions ['ros']
[1.270s] Level 1:colcon.colcon_core.package_identification:_identify(src/src/examples/rclcpp/executors/cbg_executor) by extension 'ros'
[1.270s] DEBUG:colcon.colcon_core.package_identification:Package 'src/src/examples/rclcpp/executors/cbg_executor' with type 'ros.ament_cmake' and name 'examples_rclcpp_cbg_executor'
[1.270s] Level 1:colcon.colcon_core.package_identification:_identify(src/src/examples/rclcpp/executors/multithreaded_executor) by extensions ['ignore', 'ignore_ament_install']
[1.271s] Level 1:colcon.colcon_core.package_identification:_identify(src/src/examples/rclcpp/executors/multithreaded_executor) by extension 'ignore'
[1.271s] Level 1:colcon.colcon_core.package_identification:_identify(src/src/examples/rclcpp/executors/multithreaded_executor) by extension 'ignore_ament_install'
[1.271s] Level 1:colcon.colcon_core.package_identification:_identify(src/src/examples/rclcpp/executors/multithreaded_executor) by extensions ['colcon_pkg']
[1.271s] Level 1:colcon.colcon_core.package_identification:_identify(src/src/examples/rclcpp/executors/multithreaded_executor) by extension 'colcon_pkg'
[1.271s] Level 1:colcon.colcon_core.package_identification:_identify(src/src/examples/rclcpp/executors/multithreaded_executor) by extensions ['colcon_meta']
[1.271s] Level 1:colcon.colcon_core.package_identification:_identify(src/src/examples/rclcpp/executors/multithreaded_executor) by extension 'colcon_meta'
[1.271s] Level 1:colcon.colcon_core.package_identification:_identify(src/src/examples/rclcpp/executors/multithreaded_executor) by extensions ['ros']
[1.271s] Level 1:colcon.colcon_core.package_identification:_identify(src/src/examples/rclcpp/executors/multithreaded_executor) by extension 'ros'
[1.271s] DEBUG:colcon.colcon_core.package_identification:Package 'src/src/examples/rclcpp/executors/multithreaded_executor' with type 'ros.ament_cmake' and name 'examples_rclcpp_multithreaded_executor'
[1.272s] Level 1:colcon.colcon_core.package_identification:_identify(src/src/examples/rclcpp/services) by extensions ['ignore', 'ignore_ament_install']
[1.272s] Level 1:colcon.colcon_core.package_identification:_identify(src/src/examples/rclcpp/services) by extension 'ignore'
[1.272s] Level 1:colcon.colcon_core.package_identification:_identify(src/src/examples/rclcpp/services) by extension 'ignore_ament_install'
[1.272s] Level 1:colcon.colcon_core.package_identification:_identify(src/src/examples/rclcpp/services) by extensions ['colcon_pkg']
[1.272s] Level 1:colcon.colcon_core.package_identification:_identify(src/src/examples/rclcpp/services) by extension 'colcon_pkg'
[1.272s] Level 1:colcon.colcon_core.package_identification:_identify(src/src/examples/rclcpp/services) by extensions ['colcon_meta']
[1.272s] Level 1:colcon.colcon_core.package_identification:_identify(src/src/examples/rclcpp/services) by extension 'colcon_meta'
[1.272s] Level 1:colcon.colcon_core.package_identification:_identify(src/src/examples/rclcpp/services) by extensions ['ros']
[1.272s] Level 1:colcon.colcon_core.package_identification:_identify(src/src/examples/rclcpp/services) by extension 'ros'
[1.272s] Level 1:colcon.colcon_core.package_identification:_identify(src/src/examples/rclcpp/services) by extensions ['cmake', 'python']
[1.272s] Level 1:colcon.colcon_core.package_identification:_identify(src/src/examples/rclcpp/services) by extension 'cmake'
[1.272s] Level 1:colcon.colcon_core.package_identification:_identify(src/src/examples/rclcpp/services) by extension 'python'
[1.272s] Level 1:colcon.colcon_core.package_identification:_identify(src/src/examples/rclcpp/services) by extensions ['python_setup_py']
[1.272s] Level 1:colcon.colcon_core.package_identification:_identify(src/src/examples/rclcpp/services) by extension 'python_setup_py'
[1.272s] Level 1:colcon.colcon_core.package_identification:_identify(src/src/examples/rclcpp/services/async_client) by extensions ['ignore', 'ignore_ament_install']
[1.273s] Level 1:colcon.colcon_core.package_identification:_identify(src/src/examples/rclcpp/services/async_client) by extension 'ignore'
[1.273s] Level 1:colcon.colcon_core.package_identification:_identify(src/src/examples/rclcpp/services/async_client) by extension 'ignore_ament_install'
[1.273s] Level 1:colcon.colcon_core.package_identification:_identify(src/src/examples/rclcpp/services/async_client) by extensions ['colcon_pkg']
[1.273s] Level 1:colcon.colcon_core.package_identification:_identify(src/src/examples/rclcpp/services/async_client) by extension 'colcon_pkg'
[1.273s] Level 1:colcon.colcon_core.package_identification:_identify(src/src/examples/rclcpp/services/async_client) by extensions ['colcon_meta']
[1.273s] Level 1:colcon.colcon_core.package_identification:_identify(src/src/examples/rclcpp/services/async_client) by extension 'colcon_meta'
[1.273s] Level 1:colcon.colcon_core.package_identification:_identify(src/src/examples/rclcpp/services/async_client) by extensions ['ros']
[1.273s] Level 1:colcon.colcon_core.package_identification:_identify(src/src/examples/rclcpp/services/async_client) by extension 'ros'
[1.273s] DEBUG:colcon.colcon_core.package_identification:Package 'src/src/examples/rclcpp/services/async_client' with type 'ros.ament_cmake' and name 'examples_rclcpp_async_client'
[1.274s] Level 1:colcon.colcon_core.package_identification:_identify(src/src/examples/rclcpp/services/minimal_client) by extensions ['ignore', 'ignore_ament_install']
[1.274s] Level 1:colcon.colcon_core.package_identification:_identify(src/src/examples/rclcpp/services/minimal_client) by extension 'ignore'
[1.274s] Level 1:colcon.colcon_core.package_identification:_identify(src/src/examples/rclcpp/services/minimal_client) by extension 'ignore_ament_install'
[1.274s] Level 1:colcon.colcon_core.package_identification:_identify(src/src/examples/rclcpp/services/minimal_client) by extensions ['colcon_pkg']
[1.274s] Level 1:colcon.colcon_core.package_identification:_identify(src/src/examples/rclcpp/services/minimal_client) by extension 'colcon_pkg'
[1.274s] Level 1:colcon.colcon_core.package_identification:_identify(src/src/examples/rclcpp/services/minimal_client) by extensions ['colcon_meta']
[1.274s] Level 1:colcon.colcon_core.package_identification:_identify(src/src/examples/rclcpp/services/minimal_client) by extension 'colcon_meta'
[1.274s] Level 1:colcon.colcon_core.package_identification:_identify(src/src/examples/rclcpp/services/minimal_client) by extensions ['ros']
[1.274s] Level 1:colcon.colcon_core.package_identification:_identify(src/src/examples/rclcpp/services/minimal_client) by extension 'ros'
[1.274s] DEBUG:colcon.colcon_core.package_identification:Package 'src/src/examples/rclcpp/services/minimal_client' with type 'ros.ament_cmake' and name 'examples_rclcpp_minimal_client'
[1.275s] Level 1:colcon.colcon_core.package_identification:_identify(src/src/examples/rclcpp/services/minimal_service) by extensions ['ignore', 'ignore_ament_install']
[1.275s] Level 1:colcon.colcon_core.package_identification:_identify(src/src/examples/rclcpp/services/minimal_service) by extension 'ignore'
[1.275s] Level 1:colcon.colcon_core.package_identification:_identify(src/src/examples/rclcpp/services/minimal_service) by extension 'ignore_ament_install'
[1.275s] Level 1:colcon.colcon_core.package_identification:_identify(src/src/examples/rclcpp/services/minimal_service) by extensions ['colcon_pkg']
[1.275s] Level 1:colcon.colcon_core.package_identification:_identify(src/src/examples/rclcpp/services/minimal_service) by extension 'colcon_pkg'
[1.275s] Level 1:colcon.colcon_core.package_identification:_identify(src/src/examples/rclcpp/services/minimal_service) by extensions ['colcon_meta']
[1.275s] Level 1:colcon.colcon_core.package_identification:_identify(src/src/examples/rclcpp/services/minimal_service) by extension 'colcon_meta'
[1.275s] Level 1:colcon.colcon_core.package_identification:_identify(src/src/examples/rclcpp/services/minimal_service) by extensions ['ros']
[1.275s] Level 1:colcon.colcon_core.package_identification:_identify(src/src/examples/rclcpp/services/minimal_service) by extension 'ros'
[1.275s] DEBUG:colcon.colcon_core.package_identification:Package 'src/src/examples/rclcpp/services/minimal_service' with type 'ros.ament_cmake' and name 'examples_rclcpp_minimal_service'
[1.276s] Level 1:colcon.colcon_core.package_identification:_identify(src/src/examples/rclcpp/timers) by extensions ['ignore', 'ignore_ament_install']
[1.276s] Level 1:colcon.colcon_core.package_identification:_identify(src/src/examples/rclcpp/timers) by extension 'ignore'
[1.276s] Level 1:colcon.colcon_core.package_identification:_identify(src/src/examples/rclcpp/timers) by extension 'ignore_ament_install'
[1.276s] Level 1:colcon.colcon_core.package_identification:_identify(src/src/examples/rclcpp/timers) by extensions ['colcon_pkg']
[1.276s] Level 1:colcon.colcon_core.package_identification:_identify(src/src/examples/rclcpp/timers) by extension 'colcon_pkg'
[1.276s] Level 1:colcon.colcon_core.package_identification:_identify(src/src/examples/rclcpp/timers) by extensions ['colcon_meta']
[1.276s] Level 1:colcon.colcon_core.package_identification:_identify(src/src/examples/rclcpp/timers) by extension 'colcon_meta'
[1.276s] Level 1:colcon.colcon_core.package_identification:_identify(src/src/examples/rclcpp/timers) by extensions ['ros']
[1.276s] Level 1:colcon.colcon_core.package_identification:_identify(src/src/examples/rclcpp/timers) by extension 'ros'
[1.276s] Level 1:colcon.colcon_core.package_identification:_identify(src/src/examples/rclcpp/timers) by extensions ['cmake', 'python']
[1.276s] Level 1:colcon.colcon_core.package_identification:_identify(src/src/examples/rclcpp/timers) by extension 'cmake'
[1.276s] Level 1:colcon.colcon_core.package_identification:_identify(src/src/examples/rclcpp/timers) by extension 'python'
[1.276s] Level 1:colcon.colcon_core.package_identification:_identify(src/src/examples/rclcpp/timers) by extensions ['python_setup_py']
[1.276s] Level 1:colcon.colcon_core.package_identification:_identify(src/src/examples/rclcpp/timers) by extension 'python_setup_py'
[1.276s] Level 1:colcon.colcon_core.package_identification:_identify(src/src/examples/rclcpp/timers/minimal_timer) by extensions ['ignore', 'ignore_ament_install']
[1.276s] Level 1:colcon.colcon_core.package_identification:_identify(src/src/examples/rclcpp/timers/minimal_timer) by extension 'ignore'
[1.276s] Level 1:colcon.colcon_core.package_identification:_identify(src/src/examples/rclcpp/timers/minimal_timer) by extension 'ignore_ament_install'
[1.276s] Level 1:colcon.colcon_core.package_identification:_identify(src/src/examples/rclcpp/timers/minimal_timer) by extensions ['colcon_pkg']
[1.276s] Level 1:colcon.colcon_core.package_identification:_identify(src/src/examples/rclcpp/timers/minimal_timer) by extension 'colcon_pkg'
[1.276s] Level 1:colcon.colcon_core.package_identification:_identify(src/src/examples/rclcpp/timers/minimal_timer) by extensions ['colcon_meta']
[1.276s] Level 1:colcon.colcon_core.package_identification:_identify(src/src/examples/rclcpp/timers/minimal_timer) by extension 'colcon_meta'
[1.276s] Level 1:colcon.colcon_core.package_identification:_identify(src/src/examples/rclcpp/timers/minimal_timer) by extensions ['ros']
[1.277s] Level 1:colcon.colcon_core.package_identification:_identify(src/src/examples/rclcpp/timers/minimal_timer) by extension 'ros'
[1.277s] DEBUG:colcon.colcon_core.package_identification:Package 'src/src/examples/rclcpp/timers/minimal_timer' with type 'ros.ament_cmake' and name 'examples_rclcpp_minimal_timer'
[1.277s] Level 1:colcon.colcon_core.package_identification:_identify(src/src/examples/rclcpp/topics) by extensions ['ignore', 'ignore_ament_install']
[1.278s] Level 1:colcon.colcon_core.package_identification:_identify(src/src/examples/rclcpp/topics) by extension 'ignore'
[1.278s] Level 1:colcon.colcon_core.package_identification:_identify(src/src/examples/rclcpp/topics) by extension 'ignore_ament_install'
[1.278s] Level 1:colcon.colcon_core.package_identification:_identify(src/src/examples/rclcpp/topics) by extensions ['colcon_pkg']
[1.278s] Level 1:colcon.colcon_core.package_identification:_identify(src/src/examples/rclcpp/topics) by extension 'colcon_pkg'
[1.278s] Level 1:colcon.colcon_core.package_identification:_identify(src/src/examples/rclcpp/topics) by extensions ['colcon_meta']
[1.278s] Level 1:colcon.colcon_core.package_identification:_identify(src/src/examples/rclcpp/topics) by extension 'colcon_meta'
[1.278s] Level 1:colcon.colcon_core.package_identification:_identify(src/src/examples/rclcpp/topics) by extensions ['ros']
[1.278s] Level 1:colcon.colcon_core.package_identification:_identify(src/src/examples/rclcpp/topics) by extension 'ros'
[1.278s] Level 1:colcon.colcon_core.package_identification:_identify(src/src/examples/rclcpp/topics) by extensions ['cmake', 'python']
[1.278s] Level 1:colcon.colcon_core.package_identification:_identify(src/src/examples/rclcpp/topics) by extension 'cmake'
[1.278s] Level 1:colcon.colcon_core.package_identification:_identify(src/src/examples/rclcpp/topics) by extension 'python'
[1.278s] Level 1:colcon.colcon_core.package_identification:_identify(src/src/examples/rclcpp/topics) by extensions ['python_setup_py']
[1.278s] Level 1:colcon.colcon_core.package_identification:_identify(src/src/examples/rclcpp/topics) by extension 'python_setup_py'
[1.278s] Level 1:colcon.colcon_core.package_identification:_identify(src/src/examples/rclcpp/topics/minimal_publisher) by extensions ['ignore', 'ignore_ament_install']
[1.278s] Level 1:colcon.colcon_core.package_identification:_identify(src/src/examples/rclcpp/topics/minimal_publisher) by extension 'ignore'
[1.278s] Level 1:colcon.colcon_core.package_identification:_identify(src/src/examples/rclcpp/topics/minimal_publisher) by extension 'ignore_ament_install'
[1.279s] Level 1:colcon.colcon_core.package_identification:_identify(src/src/examples/rclcpp/topics/minimal_publisher) by extensions ['colcon_pkg']
[1.279s] Level 1:colcon.colcon_core.package_identification:_identify(src/src/examples/rclcpp/topics/minimal_publisher) by extension 'colcon_pkg'
[1.279s] Level 1:colcon.colcon_core.package_identification:_identify(src/src/examples/rclcpp/topics/minimal_publisher) by extensions ['colcon_meta']
[1.279s] Level 1:colcon.colcon_core.package_identification:_identify(src/src/examples/rclcpp/topics/minimal_publisher) by extension 'colcon_meta'
[1.279s] Level 1:colcon.colcon_core.package_identification:_identify(src/src/examples/rclcpp/topics/minimal_publisher) by extensions ['ros']
[1.279s] Level 1:colcon.colcon_core.package_identification:_identify(src/src/examples/rclcpp/topics/minimal_publisher) by extension 'ros'
[1.279s] DEBUG:colcon.colcon_core.package_identification:Package 'src/src/examples/rclcpp/topics/minimal_publisher' with type 'ros.ament_cmake' and name 'examples_rclcpp_minimal_publisher'
[1.279s] Level 1:colcon.colcon_core.package_identification:_identify(src/src/examples/rclcpp/topics/minimal_subscriber) by extensions ['ignore', 'ignore_ament_install']
[1.279s] Level 1:colcon.colcon_core.package_identification:_identify(src/src/examples/rclcpp/topics/minimal_subscriber) by extension 'ignore'
[1.280s] Level 1:colcon.colcon_core.package_identification:_identify(src/src/examples/rclcpp/topics/minimal_subscriber) by extension 'ignore_ament_install'
[1.280s] Level 1:colcon.colcon_core.package_identification:_identify(src/src/examples/rclcpp/topics/minimal_subscriber) by extensions ['colcon_pkg']
[1.280s] Level 1:colcon.colcon_core.package_identification:_identify(src/src/examples/rclcpp/topics/minimal_subscriber) by extension 'colcon_pkg'
[1.280s] Level 1:colcon.colcon_core.package_identification:_identify(src/src/examples/rclcpp/topics/minimal_subscriber) by extensions ['colcon_meta']
[1.280s] Level 1:colcon.colcon_core.package_identification:_identify(src/src/examples/rclcpp/topics/minimal_subscriber) by extension 'colcon_meta'
[1.280s] Level 1:colcon.colcon_core.package_identification:_identify(src/src/examples/rclcpp/topics/minimal_subscriber) by extensions ['ros']
[1.280s] Level 1:colcon.colcon_core.package_identification:_identify(src/src/examples/rclcpp/topics/minimal_subscriber) by extension 'ros'
[1.280s] DEBUG:colcon.colcon_core.package_identification:Package 'src/src/examples/rclcpp/topics/minimal_subscriber' with type 'ros.ament_cmake' and name 'examples_rclcpp_minimal_subscriber'
[1.281s] Level 1:colcon.colcon_core.package_identification:_identify(src/src/examples/rclcpp/wait_set) by extensions ['ignore', 'ignore_ament_install']
[1.281s] Level 1:colcon.colcon_core.package_identification:_identify(src/src/examples/rclcpp/wait_set) by extension 'ignore'
[1.281s] Level 1:colcon.colcon_core.package_identification:_identify(src/src/examples/rclcpp/wait_set) by extension 'ignore_ament_install'
[1.281s] Level 1:colcon.colcon_core.package_identification:_identify(src/src/examples/rclcpp/wait_set) by extensions ['colcon_pkg']
[1.281s] Level 1:colcon.colcon_core.package_identification:_identify(src/src/examples/rclcpp/wait_set) by extension 'colcon_pkg'
[1.281s] Level 1:colcon.colcon_core.package_identification:_identify(src/src/examples/rclcpp/wait_set) by extensions ['colcon_meta']
[1.281s] Level 1:colcon.colcon_core.package_identification:_identify(src/src/examples/rclcpp/wait_set) by extension 'colcon_meta'
[1.281s] Level 1:colcon.colcon_core.package_identification:_identify(src/src/examples/rclcpp/wait_set) by extensions ['ros']
[1.281s] Level 1:colcon.colcon_core.package_identification:_identify(src/src/examples/rclcpp/wait_set) by extension 'ros'
[1.282s] DEBUG:colcon.colcon_core.package_identification:Package 'src/src/examples/rclcpp/wait_set' with type 'ros.ament_cmake' and name 'examples_rclcpp_wait_set'
[1.282s] Level 1:colcon.colcon_core.package_identification:_identify(src/src/examples/rclpy) by extensions ['ignore', 'ignore_ament_install']
[1.282s] Level 1:colcon.colcon_core.package_identification:_identify(src/src/examples/rclpy) by extension 'ignore'
[1.282s] Level 1:colcon.colcon_core.package_identification:_identify(src/src/examples/rclpy) by extension 'ignore_ament_install'
[1.282s] Level 1:colcon.colcon_core.package_identification:_identify(src/src/examples/rclpy) by extensions ['colcon_pkg']
[1.282s] Level 1:colcon.colcon_core.package_identification:_identify(src/src/examples/rclpy) by extension 'colcon_pkg'
[1.282s] Level 1:colcon.colcon_core.package_identification:_identify(src/src/examples/rclpy) by extensions ['colcon_meta']
[1.282s] Level 1:colcon.colcon_core.package_identification:_identify(src/src/examples/rclpy) by extension 'colcon_meta'
[1.282s] Level 1:colcon.colcon_core.package_identification:_identify(src/src/examples/rclpy) by extensions ['ros']
[1.282s] Level 1:colcon.colcon_core.package_identification:_identify(src/src/examples/rclpy) by extension 'ros'
[1.282s] Level 1:colcon.colcon_core.package_identification:_identify(src/src/examples/rclpy) by extensions ['cmake', 'python']
[1.282s] Level 1:colcon.colcon_core.package_identification:_identify(src/src/examples/rclpy) by extension 'cmake'
[1.282s] Level 1:colcon.colcon_core.package_identification:_identify(src/src/examples/rclpy) by extension 'python'
[1.282s] Level 1:colcon.colcon_core.package_identification:_identify(src/src/examples/rclpy) by extensions ['python_setup_py']
[1.282s] Level 1:colcon.colcon_core.package_identification:_identify(src/src/examples/rclpy) by extension 'python_setup_py'
[1.283s] Level 1:colcon.colcon_core.package_identification:_identify(src/src/examples/rclpy/actions) by extensions ['ignore', 'ignore_ament_install']
[1.283s] Level 1:colcon.colcon_core.package_identification:_identify(src/src/examples/rclpy/actions) by extension 'ignore'
[1.283s] Level 1:colcon.colcon_core.package_identification:_identify(src/src/examples/rclpy/actions) by extension 'ignore_ament_install'
[1.283s] Level 1:colcon.colcon_core.package_identification:_identify(src/src/examples/rclpy/actions) by extensions ['colcon_pkg']
[1.283s] Level 1:colcon.colcon_core.package_identification:_identify(src/src/examples/rclpy/actions) by extension 'colcon_pkg'
[1.283s] Level 1:colcon.colcon_core.package_identification:_identify(src/src/examples/rclpy/actions) by extensions ['colcon_meta']
[1.283s] Level 1:colcon.colcon_core.package_identification:_identify(src/src/examples/rclpy/actions) by extension 'colcon_meta'
[1.283s] Level 1:colcon.colcon_core.package_identification:_identify(src/src/examples/rclpy/actions) by extensions ['ros']
[1.283s] Level 1:colcon.colcon_core.package_identification:_identify(src/src/examples/rclpy/actions) by extension 'ros'
[1.283s] Level 1:colcon.colcon_core.package_identification:_identify(src/src/examples/rclpy/actions) by extensions ['cmake', 'python']
[1.283s] Level 1:colcon.colcon_core.package_identification:_identify(src/src/examples/rclpy/actions) by extension 'cmake'
[1.283s] Level 1:colcon.colcon_core.package_identification:_identify(src/src/examples/rclpy/actions) by extension 'python'
[1.283s] Level 1:colcon.colcon_core.package_identification:_identify(src/src/examples/rclpy/actions) by extensions ['python_setup_py']
[1.283s] Level 1:colcon.colcon_core.package_identification:_identify(src/src/examples/rclpy/actions) by extension 'python_setup_py'
[1.283s] Level 1:colcon.colcon_core.package_identification:_identify(src/src/examples/rclpy/actions/minimal_action_client) by extensions ['ignore', 'ignore_ament_install']
[1.283s] Level 1:colcon.colcon_core.package_identification:_identify(src/src/examples/rclpy/actions/minimal_action_client) by extension 'ignore'
[1.283s] Level 1:colcon.colcon_core.package_identification:_identify(src/src/examples/rclpy/actions/minimal_action_client) by extension 'ignore_ament_install'
[1.284s] Level 1:colcon.colcon_core.package_identification:_identify(src/src/examples/rclpy/actions/minimal_action_client) by extensions ['colcon_pkg']
[1.284s] Level 1:colcon.colcon_core.package_identification:_identify(src/src/examples/rclpy/actions/minimal_action_client) by extension 'colcon_pkg'
[1.284s] Level 1:colcon.colcon_core.package_identification:_identify(src/src/examples/rclpy/actions/minimal_action_client) by extensions ['colcon_meta']
[1.284s] Level 1:colcon.colcon_core.package_identification:_identify(src/src/examples/rclpy/actions/minimal_action_client) by extension 'colcon_meta'
[1.284s] Level 1:colcon.colcon_core.package_identification:_identify(src/src/examples/rclpy/actions/minimal_action_client) by extensions ['ros']
[1.284s] Level 1:colcon.colcon_core.package_identification:_identify(src/src/examples/rclpy/actions/minimal_action_client) by extension 'ros'
[1.284s] DEBUG:colcon.colcon_core.package_identification:Package 'src/src/examples/rclpy/actions/minimal_action_client' with type 'ros.ament_python' and name 'examples_rclpy_minimal_action_client'
[1.285s] Level 1:colcon.colcon_core.package_identification:_identify(src/src/examples/rclpy/actions/minimal_action_server) by extensions ['ignore', 'ignore_ament_install']
[1.285s] Level 1:colcon.colcon_core.package_identification:_identify(src/src/examples/rclpy/actions/minimal_action_server) by extension 'ignore'
[1.285s] Level 1:colcon.colcon_core.package_identification:_identify(src/src/examples/rclpy/actions/minimal_action_server) by extension 'ignore_ament_install'
[1.285s] Level 1:colcon.colcon_core.package_identification:_identify(src/src/examples/rclpy/actions/minimal_action_server) by extensions ['colcon_pkg']
[1.285s] Level 1:colcon.colcon_core.package_identification:_identify(src/src/examples/rclpy/actions/minimal_action_server) by extension 'colcon_pkg'
[1.285s] Level 1:colcon.colcon_core.package_identification:_identify(src/src/examples/rclpy/actions/minimal_action_server) by extensions ['colcon_meta']
[1.285s] Level 1:colcon.colcon_core.package_identification:_identify(src/src/examples/rclpy/actions/minimal_action_server) by extension 'colcon_meta'
[1.285s] Level 1:colcon.colcon_core.package_identification:_identify(src/src/examples/rclpy/actions/minimal_action_server) by extensions ['ros']
[1.285s] Level 1:colcon.colcon_core.package_identification:_identify(src/src/examples/rclpy/actions/minimal_action_server) by extension 'ros'
[1.286s] DEBUG:colcon.colcon_core.package_identification:Package 'src/src/examples/rclpy/actions/minimal_action_server' with type 'ros.ament_python' and name 'examples_rclpy_minimal_action_server'
[1.286s] Level 1:colcon.colcon_core.package_identification:_identify(src/src/examples/rclpy/executors) by extensions ['ignore', 'ignore_ament_install']
[1.286s] Level 1:colcon.colcon_core.package_identification:_identify(src/src/examples/rclpy/executors) by extension 'ignore'
[1.286s] Level 1:colcon.colcon_core.package_identification:_identify(src/src/examples/rclpy/executors) by extension 'ignore_ament_install'
[1.286s] Level 1:colcon.colcon_core.package_identification:_identify(src/src/examples/rclpy/executors) by extensions ['colcon_pkg']
[1.286s] Level 1:colcon.colcon_core.package_identification:_identify(src/src/examples/rclpy/executors) by extension 'colcon_pkg'
[1.286s] Level 1:colcon.colcon_core.package_identification:_identify(src/src/examples/rclpy/executors) by extensions ['colcon_meta']
[1.286s] Level 1:colcon.colcon_core.package_identification:_identify(src/src/examples/rclpy/executors) by extension 'colcon_meta'
[1.286s] Level 1:colcon.colcon_core.package_identification:_identify(src/src/examples/rclpy/executors) by extensions ['ros']
[1.286s] Level 1:colcon.colcon_core.package_identification:_identify(src/src/examples/rclpy/executors) by extension 'ros'
[1.287s] DEBUG:colcon.colcon_core.package_identification:Package 'src/src/examples/rclpy/executors' with type 'ros.ament_python' and name 'examples_rclpy_executors'
[1.287s] Level 1:colcon.colcon_core.package_identification:_identify(src/src/examples/rclpy/guard_conditions) by extensions ['ignore', 'ignore_ament_install']
[1.287s] Level 1:colcon.colcon_core.package_identification:_identify(src/src/examples/rclpy/guard_conditions) by extension 'ignore'
[1.287s] Level 1:colcon.colcon_core.package_identification:_identify(src/src/examples/rclpy/guard_conditions) by extension 'ignore_ament_install'
[1.287s] Level 1:colcon.colcon_core.package_identification:_identify(src/src/examples/rclpy/guard_conditions) by extensions ['colcon_pkg']
[1.287s] Level 1:colcon.colcon_core.package_identification:_identify(src/src/examples/rclpy/guard_conditions) by extension 'colcon_pkg'
[1.287s] Level 1:colcon.colcon_core.package_identification:_identify(src/src/examples/rclpy/guard_conditions) by extensions ['colcon_meta']
[1.287s] Level 1:colcon.colcon_core.package_identification:_identify(src/src/examples/rclpy/guard_conditions) by extension 'colcon_meta'
[1.287s] Level 1:colcon.colcon_core.package_identification:_identify(src/src/examples/rclpy/guard_conditions) by extensions ['ros']
[1.287s] Level 1:colcon.colcon_core.package_identification:_identify(src/src/examples/rclpy/guard_conditions) by extension 'ros'
[1.288s] DEBUG:colcon.colcon_core.package_identification:Package 'src/src/examples/rclpy/guard_conditions' with type 'ros.ament_python' and name 'examples_rclpy_guard_conditions'
[1.288s] Level 1:colcon.colcon_core.package_identification:_identify(src/src/examples/rclpy/services) by extensions ['ignore', 'ignore_ament_install']
[1.288s] Level 1:colcon.colcon_core.package_identification:_identify(src/src/examples/rclpy/services) by extension 'ignore'
[1.288s] Level 1:colcon.colcon_core.package_identification:_identify(src/src/examples/rclpy/services) by extension 'ignore_ament_install'
[1.288s] Level 1:colcon.colcon_core.package_identification:_identify(src/src/examples/rclpy/services) by extensions ['colcon_pkg']
[1.288s] Level 1:colcon.colcon_core.package_identification:_identify(src/src/examples/rclpy/services) by extension 'colcon_pkg'
[1.288s] Level 1:colcon.colcon_core.package_identification:_identify(src/src/examples/rclpy/services) by extensions ['colcon_meta']
[1.288s] Level 1:colcon.colcon_core.package_identification:_identify(src/src/examples/rclpy/services) by extension 'colcon_meta'
[1.288s] Level 1:colcon.colcon_core.package_identification:_identify(src/src/examples/rclpy/services) by extensions ['ros']
[1.288s] Level 1:colcon.colcon_core.package_identification:_identify(src/src/examples/rclpy/services) by extension 'ros'
[1.288s] Level 1:colcon.colcon_core.package_identification:_identify(src/src/examples/rclpy/services) by extensions ['cmake', 'python']
[1.288s] Level 1:colcon.colcon_core.package_identification:_identify(src/src/examples/rclpy/services) by extension 'cmake'
[1.288s] Level 1:colcon.colcon_core.package_identification:_identify(src/src/examples/rclpy/services) by extension 'python'
[1.288s] Level 1:colcon.colcon_core.package_identification:_identify(src/src/examples/rclpy/services) by extensions ['python_setup_py']
[1.288s] Level 1:colcon.colcon_core.package_identification:_identify(src/src/examples/rclpy/services) by extension 'python_setup_py'
[1.289s] Level 1:colcon.colcon_core.package_identification:_identify(src/src/examples/rclpy/services/minimal_client) by extensions ['ignore', 'ignore_ament_install']
[1.289s] Level 1:colcon.colcon_core.package_identification:_identify(src/src/examples/rclpy/services/minimal_client) by extension 'ignore'
[1.289s] Level 1:colcon.colcon_core.package_identification:_identify(src/src/examples/rclpy/services/minimal_client) by extension 'ignore_ament_install'
[1.289s] Level 1:colcon.colcon_core.package_identification:_identify(src/src/examples/rclpy/services/minimal_client) by extensions ['colcon_pkg']
[1.289s] Level 1:colcon.colcon_core.package_identification:_identify(src/src/examples/rclpy/services/minimal_client) by extension 'colcon_pkg'
[1.289s] Level 1:colcon.colcon_core.package_identification:_identify(src/src/examples/rclpy/services/minimal_client) by extensions ['colcon_meta']
[1.289s] Level 1:colcon.colcon_core.package_identification:_identify(src/src/examples/rclpy/services/minimal_client) by extension 'colcon_meta'
[1.289s] Level 1:colcon.colcon_core.package_identification:_identify(src/src/examples/rclpy/services/minimal_client) by extensions ['ros']
[1.289s] Level 1:colcon.colcon_core.package_identification:_identify(src/src/examples/rclpy/services/minimal_client) by extension 'ros'
[1.290s] DEBUG:colcon.colcon_core.package_identification:Package 'src/src/examples/rclpy/services/minimal_client' with type 'ros.ament_python' and name 'examples_rclpy_minimal_client'
[1.290s] Level 1:colcon.colcon_core.package_identification:_identify(src/src/examples/rclpy/services/minimal_service) by extensions ['ignore', 'ignore_ament_install']
[1.290s] Level 1:colcon.colcon_core.package_identification:_identify(src/src/examples/rclpy/services/minimal_service) by extension 'ignore'
[1.290s] Level 1:colcon.colcon_core.package_identification:_identify(src/src/examples/rclpy/services/minimal_service) by extension 'ignore_ament_install'
[1.290s] Level 1:colcon.colcon_core.package_identification:_identify(src/src/examples/rclpy/services/minimal_service) by extensions ['colcon_pkg']
[1.290s] Level 1:colcon.colcon_core.package_identification:_identify(src/src/examples/rclpy/services/minimal_service) by extension 'colcon_pkg'
[1.290s] Level 1:colcon.colcon_core.package_identification:_identify(src/src/examples/rclpy/services/minimal_service) by extensions ['colcon_meta']
[1.290s] Level 1:colcon.colcon_core.package_identification:_identify(src/src/examples/rclpy/services/minimal_service) by extension 'colcon_meta'
[1.290s] Level 1:colcon.colcon_core.package_identification:_identify(src/src/examples/rclpy/services/minimal_service) by extensions ['ros']
[1.290s] Level 1:colcon.colcon_core.package_identification:_identify(src/src/examples/rclpy/services/minimal_service) by extension 'ros'
[1.291s] DEBUG:colcon.colcon_core.package_identification:Package 'src/src/examples/rclpy/services/minimal_service' with type 'ros.ament_python' and name 'examples_rclpy_minimal_service'
[1.291s] Level 1:colcon.colcon_core.package_identification:_identify(src/src/examples/rclpy/topics) by extensions ['ignore', 'ignore_ament_install']
[1.291s] Level 1:colcon.colcon_core.package_identification:_identify(src/src/examples/rclpy/topics) by extension 'ignore'
[1.291s] Level 1:colcon.colcon_core.package_identification:_identify(src/src/examples/rclpy/topics) by extension 'ignore_ament_install'
[1.291s] Level 1:colcon.colcon_core.package_identification:_identify(src/src/examples/rclpy/topics) by extensions ['colcon_pkg']
[1.291s] Level 1:colcon.colcon_core.package_identification:_identify(src/src/examples/rclpy/topics) by extension 'colcon_pkg'
[1.291s] Level 1:colcon.colcon_core.package_identification:_identify(src/src/examples/rclpy/topics) by extensions ['colcon_meta']
[1.291s] Level 1:colcon.colcon_core.package_identification:_identify(src/src/examples/rclpy/topics) by extension 'colcon_meta'
[1.291s] Level 1:colcon.colcon_core.package_identification:_identify(src/src/examples/rclpy/topics) by extensions ['ros']
[1.291s] Level 1:colcon.colcon_core.package_identification:_identify(src/src/examples/rclpy/topics) by extension 'ros'
[1.291s] Level 1:colcon.colcon_core.package_identification:_identify(src/src/examples/rclpy/topics) by extensions ['cmake', 'python']
[1.291s] Level 1:colcon.colcon_core.package_identification:_identify(src/src/examples/rclpy/topics) by extension 'cmake'
[1.291s] Level 1:colcon.colcon_core.package_identification:_identify(src/src/examples/rclpy/topics) by extension 'python'
[1.291s] Level 1:colcon.colcon_core.package_identification:_identify(src/src/examples/rclpy/topics) by extensions ['python_setup_py']
[1.291s] Level 1:colcon.colcon_core.package_identification:_identify(src/src/examples/rclpy/topics) by extension 'python_setup_py'
[1.292s] Level 1:colcon.colcon_core.package_identification:_identify(src/src/examples/rclpy/topics/minimal_publisher) by extensions ['ignore', 'ignore_ament_install']
[1.292s] Level 1:colcon.colcon_core.package_identification:_identify(src/src/examples/rclpy/topics/minimal_publisher) by extension 'ignore'
[1.292s] Level 1:colcon.colcon_core.package_identification:_identify(src/src/examples/rclpy/topics/minimal_publisher) by extension 'ignore_ament_install'
[1.292s] Level 1:colcon.colcon_core.package_identification:_identify(src/src/examples/rclpy/topics/minimal_publisher) by extensions ['colcon_pkg']
[1.292s] Level 1:colcon.colcon_core.package_identification:_identify(src/src/examples/rclpy/topics/minimal_publisher) by extension 'colcon_pkg'
[1.292s] Level 1:colcon.colcon_core.package_identification:_identify(src/src/examples/rclpy/topics/minimal_publisher) by extensions ['colcon_meta']
[1.292s] Level 1:colcon.colcon_core.package_identification:_identify(src/src/examples/rclpy/topics/minimal_publisher) by extension 'colcon_meta'
[1.292s] Level 1:colcon.colcon_core.package_identification:_identify(src/src/examples/rclpy/topics/minimal_publisher) by extensions ['ros']
[1.292s] Level 1:colcon.colcon_core.package_identification:_identify(src/src/examples/rclpy/topics/minimal_publisher) by extension 'ros'
[1.293s] DEBUG:colcon.colcon_core.package_identification:Package 'src/src/examples/rclpy/topics/minimal_publisher' with type 'ros.ament_python' and name 'examples_rclpy_minimal_publisher'
[1.293s] Level 1:colcon.colcon_core.package_identification:_identify(src/src/examples/rclpy/topics/minimal_subscriber) by extensions ['ignore', 'ignore_ament_install']
[1.293s] Level 1:colcon.colcon_core.package_identification:_identify(src/src/examples/rclpy/topics/minimal_subscriber) by extension 'ignore'
[1.293s] Level 1:colcon.colcon_core.package_identification:_identify(src/src/examples/rclpy/topics/minimal_subscriber) by extension 'ignore_ament_install'
[1.293s] Level 1:colcon.colcon_core.package_identification:_identify(src/src/examples/rclpy/topics/minimal_subscriber) by extensions ['colcon_pkg']
[1.293s] Level 1:colcon.colcon_core.package_identification:_identify(src/src/examples/rclpy/topics/minimal_subscriber) by extension 'colcon_pkg'
[1.293s] Level 1:colcon.colcon_core.package_identification:_identify(src/src/examples/rclpy/topics/minimal_subscriber) by extensions ['colcon_meta']
[1.293s] Level 1:colcon.colcon_core.package_identification:_identify(src/src/examples/rclpy/topics/minimal_subscriber) by extension 'colcon_meta'
[1.293s] Level 1:colcon.colcon_core.package_identification:_identify(src/src/examples/rclpy/topics/minimal_subscriber) by extensions ['ros']
[1.293s] Level 1:colcon.colcon_core.package_identification:_identify(src/src/examples/rclpy/topics/minimal_subscriber) by extension 'ros'
[1.294s] DEBUG:colcon.colcon_core.package_identification:Package 'src/src/examples/rclpy/topics/minimal_subscriber' with type 'ros.ament_python' and name 'examples_rclpy_minimal_subscriber'
[1.294s] Level 1:colcon.colcon_core.package_identification:_identify(src/src/examples/rclpy/topics/pointcloud_publisher) by extensions ['ignore', 'ignore_ament_install']
[1.294s] Level 1:colcon.colcon_core.package_identification:_identify(src/src/examples/rclpy/topics/pointcloud_publisher) by extension 'ignore'
[1.294s] Level 1:colcon.colcon_core.package_identification:_identify(src/src/examples/rclpy/topics/pointcloud_publisher) by extension 'ignore_ament_install'
[1.294s] Level 1:colcon.colcon_core.package_identification:_identify(src/src/examples/rclpy/topics/pointcloud_publisher) by extensions ['colcon_pkg']
[1.294s] Level 1:colcon.colcon_core.package_identification:_identify(src/src/examples/rclpy/topics/pointcloud_publisher) by extension 'colcon_pkg'
[1.294s] Level 1:colcon.colcon_core.package_identification:_identify(src/src/examples/rclpy/topics/pointcloud_publisher) by extensions ['colcon_meta']
[1.294s] Level 1:colcon.colcon_core.package_identification:_identify(src/src/examples/rclpy/topics/pointcloud_publisher) by extension 'colcon_meta'
[1.294s] Level 1:colcon.colcon_core.package_identification:_identify(src/src/examples/rclpy/topics/pointcloud_publisher) by extensions ['ros']
[1.294s] Level 1:colcon.colcon_core.package_identification:_identify(src/src/examples/rclpy/topics/pointcloud_publisher) by extension 'ros'
[1.295s] DEBUG:colcon.colcon_core.package_identification:Package 'src/src/examples/rclpy/topics/pointcloud_publisher' with type 'ros.ament_python' and name 'examples_rclpy_pointcloud_publisher'
[1.295s] Level 1:colcon.colcon_core.package_identification:_identify(src/tutorial_interfaces) by extensions ['ignore', 'ignore_ament_install']
[1.295s] Level 1:colcon.colcon_core.package_identification:_identify(src/tutorial_interfaces) by extension 'ignore'
[1.295s] Level 1:colcon.colcon_core.package_identification:_identify(src/tutorial_interfaces) by extension 'ignore_ament_install'
[1.295s] Level 1:colcon.colcon_core.package_identification:_identify(src/tutorial_interfaces) by extensions ['colcon_pkg']
[1.295s] Level 1:colcon.colcon_core.package_identification:_identify(src/tutorial_interfaces) by extension 'colcon_pkg'
[1.295s] Level 1:colcon.colcon_core.package_identification:_identify(src/tutorial_interfaces) by extensions ['colcon_meta']
[1.295s] Level 1:colcon.colcon_core.package_identification:_identify(src/tutorial_interfaces) by extension 'colcon_meta'
[1.295s] Level 1:colcon.colcon_core.package_identification:_identify(src/tutorial_interfaces) by extensions ['ros']
[1.295s] Level 1:colcon.colcon_core.package_identification:_identify(src/tutorial_interfaces) by extension 'ros'
[1.296s] DEBUG:colcon.colcon_core.package_identification:Package 'src/tutorial_interfaces' with type 'ros.ament_cmake' and name 'tutorial_interfaces'
[1.296s] Level 1:colcon.colcon_core.package_discovery:discover_packages(recursive) using defaults
[1.296s] Level 1:colcon.colcon_core.package_discovery:discover_packages(ignore) discover
[1.296s] Level 1:colcon.colcon_core.package_discovery:discover_packages(ignore) using defaults
[1.296s] Level 1:colcon.colcon_core.package_discovery:discover_packages(path) discover
[1.296s] Level 1:colcon.colcon_core.package_discovery:discover_packages(path) using defaults
[1.369s] INFO:colcon.colcon_core.package_selection:Skipping not selected package 'examples_rclcpp_async_client' in 'src/src/examples/rclcpp/services/async_client'
[1.369s] INFO:colcon.colcon_core.package_selection:Skipping not selected package 'examples_rclcpp_cbg_executor' in 'src/src/examples/rclcpp/executors/cbg_executor'
[1.369s] INFO:colcon.colcon_core.package_selection:Skipping not selected package 'examples_rclcpp_minimal_action_client' in 'src/src/examples/rclcpp/actions/minimal_action_client'
[1.369s] INFO:colcon.colcon_core.package_selection:Skipping not selected package 'examples_rclcpp_minimal_action_server' in 'src/src/examples/rclcpp/actions/minimal_action_server'
[1.369s] INFO:colcon.colcon_core.package_selection:Skipping not selected package 'examples_rclcpp_minimal_client' in 'src/src/examples/rclcpp/services/minimal_client'
[1.369s] INFO:colcon.colcon_core.package_selection:Skipping not selected package 'examples_rclcpp_minimal_composition' in 'src/src/examples/rclcpp/composition/minimal_composition'
[1.370s] INFO:colcon.colcon_core.package_selection:Skipping not selected package 'examples_rclcpp_minimal_publisher' in 'src/src/examples/rclcpp/topics/minimal_publisher'
[1.370s] INFO:colcon.colcon_core.package_selection:Skipping not selected package 'examples_rclcpp_minimal_service' in 'src/src/examples/rclcpp/services/minimal_service'
[1.370s] INFO:colcon.colcon_core.package_selection:Skipping not selected package 'examples_rclcpp_minimal_subscriber' in 'src/src/examples/rclcpp/topics/minimal_subscriber'
[1.370s] INFO:colcon.colcon_core.package_selection:Skipping not selected package 'examples_rclcpp_minimal_timer' in 'src/src/examples/rclcpp/timers/minimal_timer'
[1.370s] INFO:colcon.colcon_core.package_selection:Skipping not selected package 'examples_rclcpp_multithreaded_executor' in 'src/src/examples/rclcpp/executors/multithreaded_executor'
[1.370s] INFO:colcon.colcon_core.package_selection:Skipping not selected package 'examples_rclcpp_wait_set' in 'src/src/examples/rclcpp/wait_set'
[1.370s] INFO:colcon.colcon_core.package_selection:Skipping not selected package 'examples_rclpy_executors' in 'src/src/examples/rclpy/executors'
[1.370s] INFO:colcon.colcon_core.package_selection:Skipping not selected package 'examples_rclpy_guard_conditions' in 'src/src/examples/rclpy/guard_conditions'
[1.370s] INFO:colcon.colcon_core.package_selection:Skipping not selected package 'examples_rclpy_minimal_action_client' in 'src/src/examples/rclpy/actions/minimal_action_client'
[1.370s] INFO:colcon.colcon_core.package_selection:Skipping not selected package 'examples_rclpy_minimal_action_server' in 'src/src/examples/rclpy/actions/minimal_action_server'
[1.370s] INFO:colcon.colcon_core.package_selection:Skipping not selected package 'examples_rclpy_minimal_client' in 'src/src/examples/rclpy/services/minimal_client'
[1.370s] INFO:colcon.colcon_core.package_selection:Skipping not selected package 'examples_rclpy_minimal_publisher' in 'src/src/examples/rclpy/topics/minimal_publisher'
[1.370s] INFO:colcon.colcon_core.package_selection:Skipping not selected package 'examples_rclpy_minimal_service' in 'src/src/examples/rclpy/services/minimal_service'
[1.370s] INFO:colcon.colcon_core.package_selection:Skipping not selected package 'examples_rclpy_minimal_subscriber' in 'src/src/examples/rclpy/topics/minimal_subscriber'
[1.370s] INFO:colcon.colcon_core.package_selection:Skipping not selected package 'examples_rclpy_pointcloud_publisher' in 'src/src/examples/rclpy/topics/pointcloud_publisher'
[1.370s] INFO:colcon.colcon_core.package_selection:Skipping not selected package 'launch_testing_examples' in 'src/src/examples/launch_testing/launch_testing_examples'
[1.370s] INFO:colcon.colcon_core.package_selection:Skipping not selected package 'my_package' in 'src/my_package'
[1.370s] INFO:colcon.colcon_core.package_selection:Skipping not selected package 'tutorial_interfaces' in 'src/tutorial_interfaces'
[1.370s] INFO:colcon.colcon_core.package_selection:Skipping not selected package 'cpp_pubsub' in 'src/cpp_pubsub'
[1.398s] Level 1:colcon.colcon_core.package_discovery:discover_packages(prefix_path) check parameters
[1.398s] Level 1:colcon.colcon_core.package_discovery:discover_packages(prefix_path) discover
[1.442s] DEBUG:colcon.colcon_installed_package_information.package_discovery:Found 288 installed packages in /opt/ros/humble
[1.443s] Level 1:colcon.colcon_core.package_discovery:discover_packages(prefix_path) using defaults
[1.525s] Level 5:colcon.colcon_core.verb:set package 'custom_msg_pub' build argument 'cmake_args' from command line to 'None'
[1.525s] Level 5:colcon.colcon_core.verb:set package 'custom_msg_pub' build argument 'cmake_target' from command line to 'None'
[1.525s] Level 5:colcon.colcon_core.verb:set package 'custom_msg_pub' build argument 'cmake_target_skip_unavailable' from command line to 'False'
[1.525s] Level 5:colcon.colcon_core.verb:set package 'custom_msg_pub' build argument 'cmake_clean_cache' from command line to 'False'
[1.525s] Level 5:colcon.colcon_core.verb:set package 'custom_msg_pub' build argument 'cmake_clean_first' from command line to 'False'
[1.525s] Level 5:colcon.colcon_core.verb:set package 'custom_msg_pub' build argument 'cmake_force_configure' from command line to 'False'
[1.525s] Level 5:colcon.colcon_core.verb:set package 'custom_msg_pub' build argument 'ament_cmake_args' from command line to 'None'
[1.525s] Level 5:colcon.colcon_core.verb:set package 'custom_msg_pub' build argument 'catkin_cmake_args' from command line to 'None'
[1.525s] Level 5:colcon.colcon_core.verb:set package 'custom_msg_pub' build argument 'catkin_skip_building_tests' from command line to 'False'
[1.525s] DEBUG:colcon.colcon_core.verb:Building package 'custom_msg_pub' with the following arguments: {'ament_cmake_args': None, 'build_base': '/home/etern1ty/ros2_ws/build/custom_msg_pub', 'catkin_cmake_args': None, 'catkin_skip_building_tests': False, 'cmake_args': None, 'cmake_clean_cache': False, 'cmake_clean_first': False, 'cmake_force_configure': False, 'cmake_target': None, 'cmake_target_skip_unavailable': False, 'install_base': '/home/etern1ty/ros2_ws/install/custom_msg_pub', 'merge_install': False, 'path': '/home/etern1ty/ros2_ws/src/custom_msg_pub', 'symlink_install': False, 'test_result_base': None}
[1.539s] INFO:colcon.colcon_core.executor:Executing jobs using 'parallel' executor
[1.553s] DEBUG:colcon.colcon_parallel_executor.executor.parallel:run_until_complete
[1.553s] INFO:colcon.colcon_ros.task.ament_cmake.build:Building ROS package in '/home/etern1ty/ros2_ws/src/custom_msg_pub' with build type 'ament_cmake'
[1.554s] INFO:colcon.colcon_cmake.task.cmake.build:Building CMake package in '/home/etern1ty/ros2_ws/src/custom_msg_pub'
[1.573s] INFO:colcon.colcon_core.plugin_system:Skipping extension 'colcon_core.shell.bat': Not used on non-Windows systems
[1.573s] INFO:colcon.colcon_core.shell:Skip shell extension 'powershell' for command environment: Not usable outside of PowerShell
[1.573s] DEBUG:colcon.colcon_core.shell:Skip shell extension 'dsv' for command environment
[1.608s] DEBUG:colcon.colcon_core.event_handler.log_command:Invoking command in '/home/etern1ty/ros2_ws/build/custom_msg_pub': CMAKE_PREFIX_PATH=/opt/ros/humble /usr/bin/cmake /home/etern1ty/ros2_ws/src/custom_msg_pub -DCMAKE_INSTALL_PREFIX=/home/etern1ty/ros2_ws/install/custom_msg_pub
[3.165s] DEBUG:colcon.colcon_core.event_handler.log_command:Invoked command in '/home/etern1ty/ros2_ws/build/custom_msg_pub' returned '0': CMAKE_PREFIX_PATH=/opt/ros/humble /usr/bin/cmake /home/etern1ty/ros2_ws/src/custom_msg_pub -DCMAKE_INSTALL_PREFIX=/home/etern1ty/ros2_ws/install/custom_msg_pub
[3.167s] DEBUG:colcon.colcon_core.event_handler.log_command:Invoking command in '/home/etern1ty/ros2_ws/build/custom_msg_pub': CMAKE_PREFIX_PATH=/opt/ros/humble /usr/bin/cmake --build /home/etern1ty/ros2_ws/build/custom_msg_pub -- -j12 -l12
[4.906s] DEBUG:colcon.colcon_core.event_handler.log_command:Invoked command in '/home/etern1ty/ros2_ws/build/custom_msg_pub' returned '0': CMAKE_PREFIX_PATH=/opt/ros/humble /usr/bin/cmake --build /home/etern1ty/ros2_ws/build/custom_msg_pub -- -j12 -l12
[4.992s] DEBUG:colcon.colcon_core.event_handler.log_command:Invoking command in '/home/etern1ty/ros2_ws/build/custom_msg_pub': CMAKE_PREFIX_PATH=/opt/ros/humble /usr/bin/cmake --install /home/etern1ty/ros2_ws/build/custom_msg_pub
[5.056s] Level 1:colcon.colcon_core.environment:create_environment_scripts_only(custom_msg_pub)
[5.056s] DEBUG:colcon.colcon_core.event_handler.log_command:Invoked command in '/home/etern1ty/ros2_ws/build/custom_msg_pub' returned '0': CMAKE_PREFIX_PATH=/opt/ros/humble /usr/bin/cmake --install /home/etern1ty/ros2_ws/build/custom_msg_pub
[5.075s] Level 1:colcon.colcon_core.environment:checking '/home/etern1ty/ros2_ws/install/custom_msg_pub' for CMake module files
[5.076s] Level 1:colcon.colcon_core.environment:checking '/home/etern1ty/ros2_ws/install/custom_msg_pub' for CMake config files
[5.076s] Level 1:colcon.colcon_core.shell:create_environment_hook('custom_msg_pub', 'cmake_prefix_path')
[5.089s] INFO:colcon.colcon_core.shell:Creating environment hook '/home/etern1ty/ros2_ws/install/custom_msg_pub/share/custom_msg_pub/hook/cmake_prefix_path.ps1'
[5.090s] INFO:colcon.colcon_core.shell:Creating environment descriptor '/home/etern1ty/ros2_ws/install/custom_msg_pub/share/custom_msg_pub/hook/cmake_prefix_path.dsv'
[5.091s] INFO:colcon.colcon_core.shell:Creating environment hook '/home/etern1ty/ros2_ws/install/custom_msg_pub/share/custom_msg_pub/hook/cmake_prefix_path.sh'
[5.092s] Level 1:colcon.colcon_core.environment:checking '/home/etern1ty/ros2_ws/install/custom_msg_pub/lib'
[5.092s] Level 1:colcon.colcon_core.shell:create_environment_hook('custom_msg_pub', 'ld_library_path_lib')
[5.105s] INFO:colcon.colcon_core.shell:Creating environment hook '/home/etern1ty/ros2_ws/install/custom_msg_pub/share/custom_msg_pub/hook/ld_library_path_lib.ps1'
[5.106s] INFO:colcon.colcon_core.shell:Creating environment descriptor '/home/etern1ty/ros2_ws/install/custom_msg_pub/share/custom_msg_pub/hook/ld_library_path_lib.dsv'
[5.106s] INFO:colcon.colcon_core.shell:Creating environment hook '/home/etern1ty/ros2_ws/install/custom_msg_pub/share/custom_msg_pub/hook/ld_library_path_lib.sh'
[5.106s] Level 1:colcon.colcon_core.environment:checking '/home/etern1ty/ros2_ws/install/custom_msg_pub/bin'
[5.106s] Level 1:colcon.colcon_core.environment:checking '/home/etern1ty/ros2_ws/install/custom_msg_pub/lib/pkgconfig/custom_msg_pub.pc'
[5.106s] Level 1:colcon.colcon_core.environment:checking '/home/etern1ty/ros2_ws/install/custom_msg_pub/lib/python3.10/site-packages'
[5.107s] Level 1:colcon.colcon_core.environment:checking '/home/etern1ty/ros2_ws/install/custom_msg_pub/bin'
[5.122s] INFO:colcon.colcon_core.shell:Creating package script '/home/etern1ty/ros2_ws/install/custom_msg_pub/share/custom_msg_pub/package.ps1'
[5.123s] INFO:colcon.colcon_core.shell:Creating package descriptor '/home/etern1ty/ros2_ws/install/custom_msg_pub/share/custom_msg_pub/package.dsv'
[5.123s] INFO:colcon.colcon_core.shell:Creating package script '/home/etern1ty/ros2_ws/install/custom_msg_pub/share/custom_msg_pub/package.sh'
[5.124s] INFO:colcon.colcon_core.shell:Creating package script '/home/etern1ty/ros2_ws/install/custom_msg_pub/share/custom_msg_pub/package.bash'
[5.125s] INFO:colcon.colcon_core.shell:Creating package script '/home/etern1ty/ros2_ws/install/custom_msg_pub/share/custom_msg_pub/package.zsh'
[5.126s] Level 1:colcon.colcon_core.environment:create_file_with_runtime_dependencies(/home/etern1ty/ros2_ws/install/custom_msg_pub/share/colcon-core/packages/custom_msg_pub)
[5.212s] Level 1:colcon.colcon_core.environment:create_environment_scripts_only(custom_msg_pub)
[5.226s] Level 1:colcon.colcon_core.environment:checking '/home/etern1ty/ros2_ws/install/custom_msg_pub' for CMake module files
[5.227s] Level 1:colcon.colcon_core.environment:checking '/home/etern1ty/ros2_ws/install/custom_msg_pub' for CMake config files
[5.227s] Level 1:colcon.colcon_core.shell:create_environment_hook('custom_msg_pub', 'cmake_prefix_path')
[5.240s] INFO:colcon.colcon_core.shell:Creating environment hook '/home/etern1ty/ros2_ws/install/custom_msg_pub/share/custom_msg_pub/hook/cmake_prefix_path.ps1'
[5.241s] INFO:colcon.colcon_core.shell:Creating environment descriptor '/home/etern1ty/ros2_ws/install/custom_msg_pub/share/custom_msg_pub/hook/cmake_prefix_path.dsv'
[5.241s] INFO:colcon.colcon_core.shell:Creating environment hook '/home/etern1ty/ros2_ws/install/custom_msg_pub/share/custom_msg_pub/hook/cmake_prefix_path.sh'
[5.241s] Level 1:colcon.colcon_core.environment:checking '/home/etern1ty/ros2_ws/install/custom_msg_pub/lib'
[5.241s] Level 1:colcon.colcon_core.shell:create_environment_hook('custom_msg_pub', 'ld_library_path_lib')
[5.255s] INFO:colcon.colcon_core.shell:Creating environment hook '/home/etern1ty/ros2_ws/install/custom_msg_pub/share/custom_msg_pub/hook/ld_library_path_lib.ps1'
[5.256s] INFO:colcon.colcon_core.shell:Creating environment descriptor '/home/etern1ty/ros2_ws/install/custom_msg_pub/share/custom_msg_pub/hook/ld_library_path_lib.dsv'
[5.256s] INFO:colcon.colcon_core.shell:Creating environment hook '/home/etern1ty/ros2_ws/install/custom_msg_pub/share/custom_msg_pub/hook/ld_library_path_lib.sh'
[5.257s] Level 1:colcon.colcon_core.environment:checking '/home/etern1ty/ros2_ws/install/custom_msg_pub/bin'
[5.257s] Level 1:colcon.colcon_core.environment:checking '/home/etern1ty/ros2_ws/install/custom_msg_pub/lib/pkgconfig/custom_msg_pub.pc'
[5.257s] Level 1:colcon.colcon_core.environment:checking '/home/etern1ty/ros2_ws/install/custom_msg_pub/lib/python3.10/site-packages'
[5.257s] Level 1:colcon.colcon_core.environment:checking '/home/etern1ty/ros2_ws/install/custom_msg_pub/bin'
[5.272s] INFO:colcon.colcon_core.shell:Creating package script '/home/etern1ty/ros2_ws/install/custom_msg_pub/share/custom_msg_pub/package.ps1'
[5.272s] INFO:colcon.colcon_core.shell:Creating package descriptor '/home/etern1ty/ros2_ws/install/custom_msg_pub/share/custom_msg_pub/package.dsv'
[5.272s] INFO:colcon.colcon_core.shell:Creating package script '/home/etern1ty/ros2_ws/install/custom_msg_pub/share/custom_msg_pub/package.sh'
[5.273s] INFO:colcon.colcon_core.shell:Creating package script '/home/etern1ty/ros2_ws/install/custom_msg_pub/share/custom_msg_pub/package.bash'
[5.273s] INFO:colcon.colcon_core.shell:Creating package script '/home/etern1ty/ros2_ws/install/custom_msg_pub/share/custom_msg_pub/package.zsh'
[5.273s] Level 1:colcon.colcon_core.environment:create_file_with_runtime_dependencies(/home/etern1ty/ros2_ws/install/custom_msg_pub/share/colcon-core/packages/custom_msg_pub)
[5.274s] DEBUG:colcon.colcon_parallel_executor.executor.parallel:closing loop
[5.274s] DEBUG:colcon.colcon_parallel_executor.executor.parallel:loop closed
[5.274s] DEBUG:colcon.colcon_parallel_executor.executor.parallel:run_until_complete finished with '0'
[5.274s] DEBUG:colcon.colcon_core.event_reactor:joining thread
[5.298s] INFO:colcon.colcon_core.plugin_system:Skipping extension 'colcon_notification.desktop_notification.terminal_notifier': Not used on non-Darwin systems
[5.298s] INFO:colcon.colcon_core.plugin_system:Skipping extension 'colcon_notification.desktop_notification.win32': Not used on non-Windows systems
[5.298s] INFO:colcon.colcon_notification.desktop_notification:Sending desktop notification using 'notify2'
[5.378s] DEBUG:colcon.colcon_core.event_reactor:joined thread
[5.395s] INFO:colcon.colcon_core.shell:Creating prefix script '/home/etern1ty/ros2_ws/install/local_setup.ps1'
[5.396s] INFO:colcon.colcon_core.shell:Creating prefix util module '/home/etern1ty/ros2_ws/install/_local_setup_util_ps1.py'
[5.397s] INFO:colcon.colcon_core.shell:Creating prefix chain script '/home/etern1ty/ros2_ws/install/setup.ps1'
[5.413s] INFO:colcon.colcon_core.shell:Creating prefix script '/home/etern1ty/ros2_ws/install/local_setup.sh'
[5.413s] INFO:colcon.colcon_core.shell:Creating prefix util module '/home/etern1ty/ros2_ws/install/_local_setup_util_sh.py'
[5.414s] INFO:colcon.colcon_core.shell:Creating prefix chain script '/home/etern1ty/ros2_ws/install/setup.sh'
[5.429s] INFO:colcon.colcon_core.shell:Creating prefix script '/home/etern1ty/ros2_ws/install/local_setup.bash'
[5.430s] INFO:colcon.colcon_core.shell:Creating prefix chain script '/home/etern1ty/ros2_ws/install/setup.bash'
[5.445s] INFO:colcon.colcon_core.shell:Creating prefix script '/home/etern1ty/ros2_ws/install/local_setup.zsh'
[5.446s] INFO:colcon.colcon_core.shell:Creating prefix chain script '/home/etern1ty/ros2_ws/install/setup.zsh'
