[0.055s] Invoking command in '/home/etern1ty/ros2_ws/build/obj_msg': CMAKE_PREFIX_PATH=/opt/ros/humble /usr/bin/cmake /home/etern1ty/ros2_ws/src/obj_msg -DCMAKE_INSTALL_PREFIX=/home/etern1ty/ros2_ws/install/obj_msg
[0.067s] -- Found ament_cmake: 1.3.7 (/opt/ros/humble/share/ament_cmake/cmake)
[0.233s] -- Found rosidl_default_generators: 1.2.0 (/opt/ros/humble/share/rosidl_default_generators/cmake)
[0.234s] -- Using all available rosidl_typesupport_c: rosidl_typesupport_fastrtps_c;rosidl_typesupport_introspection_c
[0.237s] -- Found rosidl_adapter: 3.1.5 (/opt/ros/humble/share/rosidl_adapter/cmake)
[0.273s] -- Using all available rosidl_typesupport_cpp: rosidl_typesupport_fastrtps_cpp;rosidl_typesupport_introspection_cpp
[0.564s] -- Found ament_cmake_ros: 0.10.0 (/opt/ros/humble/share/ament_cmake_ros/cmake)
[0.766s] -- Using all available rosidl_typesupport_c: rosidl_typesupport_fastrtps_c;rosidl_typesupport_introspection_c
[0.996s] -- Using all available rosidl_typesupport_cpp: rosidl_typesupport_fastrtps_cpp;rosidl_typesupport_introspection_cpp
[1.017s] -- Found PythonInterp: /usr/bin/python3 (found suitable version "3.10.12", minimum required is "3.6") 
[1.019s] -- Found python_cmake_module: 0.10.0 (/opt/ros/humble/share/python_cmake_module/cmake)
[1.044s] -- Found PythonLibs: /usr/lib/x86_64-linux-gnu/libpython3.10.so (found suitable version "3.10.12", minimum required is "3.5") 
[1.045s] -- Using PYTHON_EXECUTABLE: /usr/bin/python3
[1.045s] -- Using PYTHON_INCLUDE_DIRS: /usr/include/python3.10
[1.045s] -- Using PYTHON_LIBRARIES: /usr/lib/x86_64-linux-gnu/libpython3.10.so
[1.065s] -- Found PythonExtra: .so  
[1.099s] -- Found ament_lint_auto: 0.12.10 (/opt/ros/humble/share/ament_lint_auto/cmake)
[1.125s] -- Added test 'lint_cmake' to check CMake code style
[1.127s] -- Added test 'xmllint' to check XML markup files
[1.131s] -- Configuring done
[1.164s] -- Generating done
[1.167s] -- Build files have been written to: /home/etern1ty/ros2_ws/build/obj_msg
[1.175s] Invoked command in '/home/etern1ty/ros2_ws/build/obj_msg' returned '0': CMAKE_PREFIX_PATH=/opt/ros/humble /usr/bin/cmake /home/etern1ty/ros2_ws/src/obj_msg -DCMAKE_INSTALL_PREFIX=/home/etern1ty/ros2_ws/install/obj_msg
[1.178s] Invoking command in '/home/etern1ty/ros2_ws/build/obj_msg': CMAKE_PREFIX_PATH=/opt/ros/humble /usr/bin/cmake --build /home/etern1ty/ros2_ws/build/obj_msg -- -j12 -l12
[1.221s] [  3%] [34m[1mGenerating C code for ROS interfaces[0m
[1.232s] [  6%] [34m[1mGenerating C++ code for ROS interfaces[0m
[1.241s] [  6%] Built target ament_cmake_python_copy_obj_msg
[1.492s] [  6%] Built target obj_msg__cpp
[1.500s] [  9%] [32mBuilding C object CMakeFiles/obj_msg__rosidl_generator_c.dir/rosidl_generator_c/obj_msg/msg/detail/detected__functions.c.o[0m
[1.508s] [ 16%] [34m[1mGenerating C++ type support dispatch for ROS interfaces[0m
[1.508s] [ 16%] [34m[1mGenerating C++ type support for eProsima Fast-RTPS[0m
[1.511s] [ 19%] [34m[1mGenerating C++ introspection for ROS interfaces[0m
[1.536s] running egg_info
[1.537s] creating obj_msg.egg-info
[1.537s] writing obj_msg.egg-info/PKG-INFO
[1.537s] writing dependency_links to obj_msg.egg-info/dependency_links.txt
[1.537s] writing top-level names to obj_msg.egg-info/top_level.txt
[1.538s] writing manifest file 'obj_msg.egg-info/SOURCES.txt'
[1.542s] reading manifest file 'obj_msg.egg-info/SOURCES.txt'
[1.543s] writing manifest file 'obj_msg.egg-info/SOURCES.txt'
[1.576s] [ 22%] [32m[1mLinking C shared library libobj_msg__rosidl_generator_c.so[0m
[1.589s] [ 22%] Built target ament_cmake_python_build_obj_msg_egg
[1.620s] [ 22%] Built target obj_msg__rosidl_generator_c
[1.634s] [ 29%] [34m[1mGenerating C type support for eProsima Fast-RTPS[0m
[1.634s] [ 29%] [34m[1mGenerating C introspection for ROS interfaces[0m
[1.634s] [ 32%] [34m[1mGenerating C type support dispatch for ROS interfaces[0m
[1.785s] [ 38%] [32mBuilding CXX object CMakeFiles/obj_msg__rosidl_typesupport_cpp.dir/rosidl_typesupport_cpp/obj_msg/msg/detected__type_support.cpp.o[0m
[1.786s] [ 38%] [32mBuilding CXX object CMakeFiles/obj_msg__rosidl_typesupport_fastrtps_cpp.dir/rosidl_typesupport_fastrtps_cpp/obj_msg/msg/detail/dds_fastrtps/detected__type_support.cpp.o[0m
[1.786s] [ 41%] [32mBuilding CXX object CMakeFiles/obj_msg__rosidl_typesupport_introspection_cpp.dir/rosidl_typesupport_introspection_cpp/obj_msg/msg/detail/detected__type_support.cpp.o[0m
[1.900s] [ 45%] [32mBuilding CXX object CMakeFiles/obj_msg__rosidl_typesupport_c.dir/rosidl_typesupport_c/obj_msg/msg/detected__type_support.cpp.o[0m
[1.915s] [ 48%] [32mBuilding CXX object CMakeFiles/obj_msg__rosidl_typesupport_fastrtps_c.dir/rosidl_typesupport_fastrtps_c/obj_msg/msg/detail/detected__type_support_c.cpp.o[0m
[1.945s] [ 51%] [32m[1mLinking CXX shared library libobj_msg__rosidl_typesupport_c.so[0m
[1.950s] [ 54%] [32mBuilding C object CMakeFiles/obj_msg__rosidl_typesupport_introspection_c.dir/rosidl_typesupport_introspection_c/obj_msg/msg/detail/detected__type_support.c.o[0m
[1.998s] [ 58%] [32m[1mLinking C shared library libobj_msg__rosidl_typesupport_introspection_c.so[0m
[2.003s] [ 58%] Built target obj_msg__rosidl_typesupport_c
[2.045s] [ 58%] Built target obj_msg__rosidl_typesupport_introspection_c
[2.081s] [ 61%] [32m[1mLinking CXX shared library libobj_msg__rosidl_typesupport_cpp.so[0m
[2.131s] [ 61%] Built target obj_msg__rosidl_typesupport_cpp
[2.188s] [ 64%] [32m[1mLinking CXX shared library libobj_msg__rosidl_typesupport_introspection_cpp.so[0m
[2.198s] [ 67%] [32m[1mLinking CXX shared library libobj_msg__rosidl_typesupport_fastrtps_cpp.so[0m
[2.234s] [ 67%] Built target obj_msg__rosidl_typesupport_introspection_cpp
[2.240s] [ 70%] [32m[1mLinking CXX shared library libobj_msg__rosidl_typesupport_fastrtps_c.so[0m
[2.315s] [ 70%] Built target obj_msg__rosidl_typesupport_fastrtps_cpp
[2.346s] [ 70%] Built target obj_msg__rosidl_typesupport_fastrtps_c
[2.372s] [ 70%] Built target obj_msg
[2.394s] [ 74%] [34m[1mGenerating Python code for ROS interfaces[0m
[2.652s] [ 74%] Built target obj_msg__py
[2.676s] [ 77%] [32mBuilding C object CMakeFiles/obj_msg__rosidl_generator_py.dir/rosidl_generator_py/obj_msg/msg/_detected_s.c.o[0m
[2.810s] [ 80%] [32m[1mLinking C shared library rosidl_generator_py/obj_msg/libobj_msg__rosidl_generator_py.so[0m
[2.856s] [ 80%] Built target obj_msg__rosidl_generator_py
[2.877s] [ 83%] [32mBuilding C object CMakeFiles/obj_msg__rosidl_typesupport_fastrtps_c__pyext.dir/rosidl_generator_py/obj_msg/_obj_msg_s.ep.rosidl_typesupport_fastrtps_c.c.o[0m
[2.878s] [ 87%] [32mBuilding C object CMakeFiles/obj_msg__rosidl_typesupport_introspection_c__pyext.dir/rosidl_generator_py/obj_msg/_obj_msg_s.ep.rosidl_typesupport_introspection_c.c.o[0m
[2.881s] [ 90%] [32mBuilding C object CMakeFiles/obj_msg__rosidl_typesupport_c__pyext.dir/rosidl_generator_py/obj_msg/_obj_msg_s.ep.rosidl_typesupport_c.c.o[0m
[2.966s] [ 93%] [32m[1mLinking C shared library rosidl_generator_py/obj_msg/obj_msg_s__rosidl_typesupport_introspection_c.cpython-310-x86_64-linux-gnu.so[0m
[2.966s] [ 96%] [32m[1mLinking C shared library rosidl_generator_py/obj_msg/obj_msg_s__rosidl_typesupport_c.cpython-310-x86_64-linux-gnu.so[0m
[2.972s] [100%] [32m[1mLinking C shared library rosidl_generator_py/obj_msg/obj_msg_s__rosidl_typesupport_fastrtps_c.cpython-310-x86_64-linux-gnu.so[0m
[3.002s] [100%] Built target obj_msg__rosidl_typesupport_introspection_c__pyext
[3.002s] [100%] Built target obj_msg__rosidl_typesupport_c__pyext
[3.011s] [100%] Built target obj_msg__rosidl_typesupport_fastrtps_c__pyext
[3.026s] Invoked command in '/home/etern1ty/ros2_ws/build/obj_msg' returned '0': CMAKE_PREFIX_PATH=/opt/ros/humble /usr/bin/cmake --build /home/etern1ty/ros2_ws/build/obj_msg -- -j12 -l12
[3.104s] Invoking command in '/home/etern1ty/ros2_ws/build/obj_msg': CMAKE_PREFIX_PATH=/opt/ros/humble /usr/bin/cmake --install /home/etern1ty/ros2_ws/build/obj_msg
[3.113s] -- Install configuration: ""
[3.114s] -- Installing: /home/etern1ty/ros2_ws/install/obj_msg/share/ament_index/resource_index/rosidl_interfaces/obj_msg
[3.115s] -- Installing: /home/etern1ty/ros2_ws/install/obj_msg/include/obj_msg/obj_msg
[3.115s] -- Installing: /home/etern1ty/ros2_ws/install/obj_msg/include/obj_msg/obj_msg/msg
[3.115s] -- Installing: /home/etern1ty/ros2_ws/install/obj_msg/include/obj_msg/obj_msg/msg/detected.h
[3.115s] -- Installing: /home/etern1ty/ros2_ws/install/obj_msg/include/obj_msg/obj_msg/msg/detail
[3.115s] -- Installing: /home/etern1ty/ros2_ws/install/obj_msg/include/obj_msg/obj_msg/msg/detail/detected__functions.c
[3.115s] -- Installing: /home/etern1ty/ros2_ws/install/obj_msg/include/obj_msg/obj_msg/msg/detail/detected__functions.h
[3.115s] -- Installing: /home/etern1ty/ros2_ws/install/obj_msg/include/obj_msg/obj_msg/msg/detail/detected__struct.h
[3.115s] -- Installing: /home/etern1ty/ros2_ws/install/obj_msg/include/obj_msg/obj_msg/msg/detail/detected__type_support.h
[3.116s] -- Installing: /home/etern1ty/ros2_ws/install/obj_msg/include/obj_msg/obj_msg/msg/rosidl_generator_c__visibility_control.h
[3.116s] -- Installing: /home/etern1ty/ros2_ws/install/obj_msg/share/obj_msg/environment/library_path.sh
[3.116s] -- Installing: /home/etern1ty/ros2_ws/install/obj_msg/share/obj_msg/environment/library_path.dsv
[3.116s] -- Installing: /home/etern1ty/ros2_ws/install/obj_msg/lib/libobj_msg__rosidl_generator_c.so
[3.116s] -- Set runtime path of "/home/etern1ty/ros2_ws/install/obj_msg/lib/libobj_msg__rosidl_generator_c.so" to ""
[3.116s] -- Up-to-date: /home/etern1ty/ros2_ws/install/obj_msg/include/obj_msg/obj_msg
[3.116s] -- Up-to-date: /home/etern1ty/ros2_ws/install/obj_msg/include/obj_msg/obj_msg/msg
[3.116s] -- Installing: /home/etern1ty/ros2_ws/install/obj_msg/include/obj_msg/obj_msg/msg/rosidl_typesupport_fastrtps_c__visibility_control.h
[3.117s] -- Up-to-date: /home/etern1ty/ros2_ws/install/obj_msg/include/obj_msg/obj_msg/msg/detail
[3.117s] -- Installing: /home/etern1ty/ros2_ws/install/obj_msg/include/obj_msg/obj_msg/msg/detail/detected__rosidl_typesupport_fastrtps_c.h
[3.117s] -- Installing: /home/etern1ty/ros2_ws/install/obj_msg/lib/libobj_msg__rosidl_typesupport_fastrtps_c.so
[3.117s] -- Set runtime path of "/home/etern1ty/ros2_ws/install/obj_msg/lib/libobj_msg__rosidl_typesupport_fastrtps_c.so" to ""
[3.117s] -- Up-to-date: /home/etern1ty/ros2_ws/install/obj_msg/include/obj_msg/obj_msg
[3.117s] -- Up-to-date: /home/etern1ty/ros2_ws/install/obj_msg/include/obj_msg/obj_msg/msg
[3.117s] -- Up-to-date: /home/etern1ty/ros2_ws/install/obj_msg/include/obj_msg/obj_msg/msg/detail
[3.117s] -- Installing: /home/etern1ty/ros2_ws/install/obj_msg/include/obj_msg/obj_msg/msg/detail/detected__type_support.c
[3.117s] -- Installing: /home/etern1ty/ros2_ws/install/obj_msg/include/obj_msg/obj_msg/msg/detail/detected__rosidl_typesupport_introspection_c.h
[3.117s] -- Installing: /home/etern1ty/ros2_ws/install/obj_msg/include/obj_msg/obj_msg/msg/rosidl_typesupport_introspection_c__visibility_control.h
[3.118s] -- Installing: /home/etern1ty/ros2_ws/install/obj_msg/lib/libobj_msg__rosidl_typesupport_introspection_c.so
[3.118s] -- Set runtime path of "/home/etern1ty/ros2_ws/install/obj_msg/lib/libobj_msg__rosidl_typesupport_introspection_c.so" to ""
[3.118s] -- Installing: /home/etern1ty/ros2_ws/install/obj_msg/lib/libobj_msg__rosidl_typesupport_c.so
[3.118s] -- Set runtime path of "/home/etern1ty/ros2_ws/install/obj_msg/lib/libobj_msg__rosidl_typesupport_c.so" to ""
[3.119s] -- Up-to-date: /home/etern1ty/ros2_ws/install/obj_msg/include/obj_msg/obj_msg
[3.119s] -- Up-to-date: /home/etern1ty/ros2_ws/install/obj_msg/include/obj_msg/obj_msg/msg
[3.119s] -- Installing: /home/etern1ty/ros2_ws/install/obj_msg/include/obj_msg/obj_msg/msg/detected.hpp
[3.119s] -- Up-to-date: /home/etern1ty/ros2_ws/install/obj_msg/include/obj_msg/obj_msg/msg/detail
[3.119s] -- Installing: /home/etern1ty/ros2_ws/install/obj_msg/include/obj_msg/obj_msg/msg/detail/detected__struct.hpp
[3.119s] -- Installing: /home/etern1ty/ros2_ws/install/obj_msg/include/obj_msg/obj_msg/msg/detail/detected__traits.hpp
[3.119s] -- Installing: /home/etern1ty/ros2_ws/install/obj_msg/include/obj_msg/obj_msg/msg/detail/detected__builder.hpp
[3.119s] -- Up-to-date: /home/etern1ty/ros2_ws/install/obj_msg/include/obj_msg/obj_msg
[3.119s] -- Up-to-date: /home/etern1ty/ros2_ws/install/obj_msg/include/obj_msg/obj_msg/msg
[3.119s] -- Up-to-date: /home/etern1ty/ros2_ws/install/obj_msg/include/obj_msg/obj_msg/msg/detail
[3.119s] -- Installing: /home/etern1ty/ros2_ws/install/obj_msg/include/obj_msg/obj_msg/msg/detail/dds_fastrtps
[3.119s] -- Installing: /home/etern1ty/ros2_ws/install/obj_msg/include/obj_msg/obj_msg/msg/detail/detected__rosidl_typesupport_fastrtps_cpp.hpp
[3.119s] -- Installing: /home/etern1ty/ros2_ws/install/obj_msg/include/obj_msg/obj_msg/msg/rosidl_typesupport_fastrtps_cpp__visibility_control.h
[3.120s] -- Installing: /home/etern1ty/ros2_ws/install/obj_msg/lib/libobj_msg__rosidl_typesupport_fastrtps_cpp.so
[3.121s] -- Set runtime path of "/home/etern1ty/ros2_ws/install/obj_msg/lib/libobj_msg__rosidl_typesupport_fastrtps_cpp.so" to ""
[3.121s] -- Up-to-date: /home/etern1ty/ros2_ws/install/obj_msg/include/obj_msg/obj_msg
[3.121s] -- Up-to-date: /home/etern1ty/ros2_ws/install/obj_msg/include/obj_msg/obj_msg/msg
[3.121s] -- Up-to-date: /home/etern1ty/ros2_ws/install/obj_msg/include/obj_msg/obj_msg/msg/detail
[3.121s] -- Installing: /home/etern1ty/ros2_ws/install/obj_msg/include/obj_msg/obj_msg/msg/detail/detected__type_support.cpp
[3.121s] -- Installing: /home/etern1ty/ros2_ws/install/obj_msg/include/obj_msg/obj_msg/msg/detail/detected__rosidl_typesupport_introspection_cpp.hpp
[3.121s] -- Installing: /home/etern1ty/ros2_ws/install/obj_msg/lib/libobj_msg__rosidl_typesupport_introspection_cpp.so
[3.121s] -- Set runtime path of "/home/etern1ty/ros2_ws/install/obj_msg/lib/libobj_msg__rosidl_typesupport_introspection_cpp.so" to ""
[3.121s] -- Installing: /home/etern1ty/ros2_ws/install/obj_msg/lib/libobj_msg__rosidl_typesupport_cpp.so
[3.122s] -- Set runtime path of "/home/etern1ty/ros2_ws/install/obj_msg/lib/libobj_msg__rosidl_typesupport_cpp.so" to ""
[3.122s] -- Installing: /home/etern1ty/ros2_ws/install/obj_msg/share/obj_msg/environment/pythonpath.sh
[3.122s] -- Installing: /home/etern1ty/ros2_ws/install/obj_msg/share/obj_msg/environment/pythonpath.dsv
[3.122s] -- Installing: /home/etern1ty/ros2_ws/install/obj_msg/local/lib/python3.10/dist-packages/obj_msg-0.0.0-py3.10.egg-info
[3.122s] -- Installing: /home/etern1ty/ros2_ws/install/obj_msg/local/lib/python3.10/dist-packages/obj_msg-0.0.0-py3.10.egg-info/PKG-INFO
[3.122s] -- Installing: /home/etern1ty/ros2_ws/install/obj_msg/local/lib/python3.10/dist-packages/obj_msg-0.0.0-py3.10.egg-info/top_level.txt
[3.122s] -- Installing: /home/etern1ty/ros2_ws/install/obj_msg/local/lib/python3.10/dist-packages/obj_msg-0.0.0-py3.10.egg-info/SOURCES.txt
[3.123s] -- Installing: /home/etern1ty/ros2_ws/install/obj_msg/local/lib/python3.10/dist-packages/obj_msg-0.0.0-py3.10.egg-info/dependency_links.txt
[3.123s] -- Installing: /home/etern1ty/ros2_ws/install/obj_msg/local/lib/python3.10/dist-packages/obj_msg
[3.123s] -- Installing: /home/etern1ty/ros2_ws/install/obj_msg/local/lib/python3.10/dist-packages/obj_msg/libobj_msg__rosidl_generator_py.so
[3.123s] -- Installing: /home/etern1ty/ros2_ws/install/obj_msg/local/lib/python3.10/dist-packages/obj_msg/_obj_msg_s.ep.rosidl_typesupport_c.c
[3.123s] -- Installing: /home/etern1ty/ros2_ws/install/obj_msg/local/lib/python3.10/dist-packages/obj_msg/__init__.py
[3.123s] -- Installing: /home/etern1ty/ros2_ws/install/obj_msg/local/lib/python3.10/dist-packages/obj_msg/obj_msg_s__rosidl_typesupport_c.cpython-310-x86_64-linux-gnu.so
[3.123s] -- Installing: /home/etern1ty/ros2_ws/install/obj_msg/local/lib/python3.10/dist-packages/obj_msg/_obj_msg_s.ep.rosidl_typesupport_fastrtps_c.c
[3.124s] -- Installing: /home/etern1ty/ros2_ws/install/obj_msg/local/lib/python3.10/dist-packages/obj_msg/obj_msg_s__rosidl_typesupport_fastrtps_c.cpython-310-x86_64-linux-gnu.so
[3.124s] -- Installing: /home/etern1ty/ros2_ws/install/obj_msg/local/lib/python3.10/dist-packages/obj_msg/msg
[3.124s] -- Installing: /home/etern1ty/ros2_ws/install/obj_msg/local/lib/python3.10/dist-packages/obj_msg/msg/_detected_s.c
[3.124s] -- Installing: /home/etern1ty/ros2_ws/install/obj_msg/local/lib/python3.10/dist-packages/obj_msg/msg/__init__.py
[3.124s] -- Installing: /home/etern1ty/ros2_ws/install/obj_msg/local/lib/python3.10/dist-packages/obj_msg/msg/_detected.py
[3.124s] -- Installing: /home/etern1ty/ros2_ws/install/obj_msg/local/lib/python3.10/dist-packages/obj_msg/obj_msg_s__rosidl_typesupport_introspection_c.cpython-310-x86_64-linux-gnu.so
[3.124s] -- Installing: /home/etern1ty/ros2_ws/install/obj_msg/local/lib/python3.10/dist-packages/obj_msg/_obj_msg_s.ep.rosidl_typesupport_introspection_c.c
[3.154s] Listing '/home/etern1ty/ros2_ws/install/obj_msg/local/lib/python3.10/dist-packages/obj_msg'...
[3.155s] Compiling '/home/etern1ty/ros2_ws/install/obj_msg/local/lib/python3.10/dist-packages/obj_msg/__init__.py'...
[3.155s] Listing '/home/etern1ty/ros2_ws/install/obj_msg/local/lib/python3.10/dist-packages/obj_msg/msg'...
[3.155s] Compiling '/home/etern1ty/ros2_ws/install/obj_msg/local/lib/python3.10/dist-packages/obj_msg/msg/__init__.py'...
[3.155s] Compiling '/home/etern1ty/ros2_ws/install/obj_msg/local/lib/python3.10/dist-packages/obj_msg/msg/_detected.py'...
[3.160s] -- Installing: /home/etern1ty/ros2_ws/install/obj_msg/local/lib/python3.10/dist-packages/obj_msg/obj_msg_s__rosidl_typesupport_fastrtps_c.cpython-310-x86_64-linux-gnu.so
[3.160s] -- Set runtime path of "/home/etern1ty/ros2_ws/install/obj_msg/local/lib/python3.10/dist-packages/obj_msg/obj_msg_s__rosidl_typesupport_fastrtps_c.cpython-310-x86_64-linux-gnu.so" to ""
[3.161s] -- Installing: /home/etern1ty/ros2_ws/install/obj_msg/local/lib/python3.10/dist-packages/obj_msg/obj_msg_s__rosidl_typesupport_introspection_c.cpython-310-x86_64-linux-gnu.so
[3.161s] -- Set runtime path of "/home/etern1ty/ros2_ws/install/obj_msg/local/lib/python3.10/dist-packages/obj_msg/obj_msg_s__rosidl_typesupport_introspection_c.cpython-310-x86_64-linux-gnu.so" to ""
[3.161s] -- Installing: /home/etern1ty/ros2_ws/install/obj_msg/local/lib/python3.10/dist-packages/obj_msg/obj_msg_s__rosidl_typesupport_c.cpython-310-x86_64-linux-gnu.so
[3.162s] -- Set runtime path of "/home/etern1ty/ros2_ws/install/obj_msg/local/lib/python3.10/dist-packages/obj_msg/obj_msg_s__rosidl_typesupport_c.cpython-310-x86_64-linux-gnu.so" to ""
[3.162s] -- Installing: /home/etern1ty/ros2_ws/install/obj_msg/lib/libobj_msg__rosidl_generator_py.so
[3.162s] -- Set runtime path of "/home/etern1ty/ros2_ws/install/obj_msg/lib/libobj_msg__rosidl_generator_py.so" to ""
[3.162s] -- Installing: /home/etern1ty/ros2_ws/install/obj_msg/share/obj_msg/msg/Detected.idl
[3.162s] -- Installing: /home/etern1ty/ros2_ws/install/obj_msg/share/obj_msg/msg/Detected.msg
[3.162s] -- Installing: /home/etern1ty/ros2_ws/install/obj_msg/share/ament_index/resource_index/package_run_dependencies/obj_msg
[3.163s] -- Installing: /home/etern1ty/ros2_ws/install/obj_msg/share/ament_index/resource_index/parent_prefix_path/obj_msg
[3.163s] -- Installing: /home/etern1ty/ros2_ws/install/obj_msg/share/obj_msg/environment/ament_prefix_path.sh
[3.163s] -- Installing: /home/etern1ty/ros2_ws/install/obj_msg/share/obj_msg/environment/ament_prefix_path.dsv
[3.163s] -- Installing: /home/etern1ty/ros2_ws/install/obj_msg/share/obj_msg/environment/path.sh
[3.163s] -- Installing: /home/etern1ty/ros2_ws/install/obj_msg/share/obj_msg/environment/path.dsv
[3.164s] -- Installing: /home/etern1ty/ros2_ws/install/obj_msg/share/obj_msg/local_setup.bash
[3.164s] -- Installing: /home/etern1ty/ros2_ws/install/obj_msg/share/obj_msg/local_setup.sh
[3.164s] -- Installing: /home/etern1ty/ros2_ws/install/obj_msg/share/obj_msg/local_setup.zsh
[3.164s] -- Installing: /home/etern1ty/ros2_ws/install/obj_msg/share/obj_msg/local_setup.dsv
[3.164s] -- Installing: /home/etern1ty/ros2_ws/install/obj_msg/share/obj_msg/package.dsv
[3.164s] -- Installing: /home/etern1ty/ros2_ws/install/obj_msg/share/ament_index/resource_index/packages/obj_msg
[3.165s] -- Installing: /home/etern1ty/ros2_ws/install/obj_msg/share/obj_msg/cmake/export_obj_msg__rosidl_generator_cExport.cmake
[3.165s] -- Installing: /home/etern1ty/ros2_ws/install/obj_msg/share/obj_msg/cmake/export_obj_msg__rosidl_generator_cExport-noconfig.cmake
[3.165s] -- Installing: /home/etern1ty/ros2_ws/install/obj_msg/share/obj_msg/cmake/export_obj_msg__rosidl_typesupport_fastrtps_cExport.cmake
[3.165s] -- Installing: /home/etern1ty/ros2_ws/install/obj_msg/share/obj_msg/cmake/export_obj_msg__rosidl_typesupport_fastrtps_cExport-noconfig.cmake
[3.165s] -- Installing: /home/etern1ty/ros2_ws/install/obj_msg/share/obj_msg/cmake/obj_msg__rosidl_typesupport_introspection_cExport.cmake
[3.165s] -- Installing: /home/etern1ty/ros2_ws/install/obj_msg/share/obj_msg/cmake/obj_msg__rosidl_typesupport_introspection_cExport-noconfig.cmake
[3.165s] -- Installing: /home/etern1ty/ros2_ws/install/obj_msg/share/obj_msg/cmake/obj_msg__rosidl_typesupport_cExport.cmake
[3.166s] -- Installing: /home/etern1ty/ros2_ws/install/obj_msg/share/obj_msg/cmake/obj_msg__rosidl_typesupport_cExport-noconfig.cmake
[3.166s] -- Installing: /home/etern1ty/ros2_ws/install/obj_msg/share/obj_msg/cmake/export_obj_msg__rosidl_generator_cppExport.cmake
[3.166s] -- Installing: /home/etern1ty/ros2_ws/install/obj_msg/share/obj_msg/cmake/export_obj_msg__rosidl_typesupport_fastrtps_cppExport.cmake
[3.166s] -- Installing: /home/etern1ty/ros2_ws/install/obj_msg/share/obj_msg/cmake/export_obj_msg__rosidl_typesupport_fastrtps_cppExport-noconfig.cmake
[3.166s] -- Installing: /home/etern1ty/ros2_ws/install/obj_msg/share/obj_msg/cmake/obj_msg__rosidl_typesupport_introspection_cppExport.cmake
[3.166s] -- Installing: /home/etern1ty/ros2_ws/install/obj_msg/share/obj_msg/cmake/obj_msg__rosidl_typesupport_introspection_cppExport-noconfig.cmake
[3.166s] -- Installing: /home/etern1ty/ros2_ws/install/obj_msg/share/obj_msg/cmake/obj_msg__rosidl_typesupport_cppExport.cmake
[3.167s] -- Installing: /home/etern1ty/ros2_ws/install/obj_msg/share/obj_msg/cmake/obj_msg__rosidl_typesupport_cppExport-noconfig.cmake
[3.167s] -- Installing: /home/etern1ty/ros2_ws/install/obj_msg/share/obj_msg/cmake/export_obj_msg__rosidl_generator_pyExport.cmake
[3.167s] -- Installing: /home/etern1ty/ros2_ws/install/obj_msg/share/obj_msg/cmake/export_obj_msg__rosidl_generator_pyExport-noconfig.cmake
[3.167s] -- Installing: /home/etern1ty/ros2_ws/install/obj_msg/share/obj_msg/cmake/rosidl_cmake-extras.cmake
[3.167s] -- Installing: /home/etern1ty/ros2_ws/install/obj_msg/share/obj_msg/cmake/ament_cmake_export_include_directories-extras.cmake
[3.167s] -- Installing: /home/etern1ty/ros2_ws/install/obj_msg/share/obj_msg/cmake/ament_cmake_export_libraries-extras.cmake
[3.167s] -- Installing: /home/etern1ty/ros2_ws/install/obj_msg/share/obj_msg/cmake/ament_cmake_export_targets-extras.cmake
[3.168s] -- Installing: /home/etern1ty/ros2_ws/install/obj_msg/share/obj_msg/cmake/rosidl_cmake_export_typesupport_targets-extras.cmake
[3.168s] -- Installing: /home/etern1ty/ros2_ws/install/obj_msg/share/obj_msg/cmake/ament_cmake_export_dependencies-extras.cmake
[3.168s] -- Installing: /home/etern1ty/ros2_ws/install/obj_msg/share/obj_msg/cmake/rosidl_cmake_export_typesupport_libraries-extras.cmake
[3.168s] -- Installing: /home/etern1ty/ros2_ws/install/obj_msg/share/obj_msg/cmake/obj_msgConfig.cmake
[3.168s] -- Installing: /home/etern1ty/ros2_ws/install/obj_msg/share/obj_msg/cmake/obj_msgConfig-version.cmake
[3.168s] -- Installing: /home/etern1ty/ros2_ws/install/obj_msg/share/obj_msg/package.xml
[3.171s] Invoked command in '/home/etern1ty/ros2_ws/build/obj_msg' returned '0': CMAKE_PREFIX_PATH=/opt/ros/humble /usr/bin/cmake --install /home/etern1ty/ros2_ws/build/obj_msg
