[1.394s] Invoking command in '/home/etern1ty/ros2_ws/src/src/examples/rclpy/executors': PYTHONPATH=/home/etern1ty/ros2_ws/build/examples_rclpy_executors/prefix_override:/home/etern1ty/ros2_ws/install/examples_rclpy_executors/lib/python3.10/site-packages:${PYTHONPATH} /usr/bin/python3 setup.py egg_info --egg-base ../../../../../build/examples_rclpy_executors build --build-base /home/etern1ty/ros2_ws/build/examples_rclpy_executors/build install --record /home/etern1ty/ros2_ws/build/examples_rclpy_executors/install.log --single-version-externally-managed
[1.644s] running egg_info
[1.644s] writing ../../../../../build/examples_rclpy_executors/examples_rclpy_executors.egg-info/PKG-INFO
[1.645s] writing dependency_links to ../../../../../build/examples_rclpy_executors/examples_rclpy_executors.egg-info/dependency_links.txt
[1.645s] writing entry points to ../../../../../build/examples_rclpy_executors/examples_rclpy_executors.egg-info/entry_points.txt
[1.645s] writing requirements to ../../../../../build/examples_rclpy_executors/examples_rclpy_executors.egg-info/requires.txt
[1.645s] writing top-level names to ../../../../../build/examples_rclpy_executors/examples_rclpy_executors.egg-info/top_level.txt
[1.647s] reading manifest file '../../../../../build/examples_rclpy_executors/examples_rclpy_executors.egg-info/SOURCES.txt'
[1.648s] writing manifest file '../../../../../build/examples_rclpy_executors/examples_rclpy_executors.egg-info/SOURCES.txt'
[1.648s] running build
[1.648s] running build_py
[1.648s] running install
[1.648s] running install_lib
[1.650s] running install_data
[1.650s] running install_egg_info
[1.652s] removing '/home/etern1ty/ros2_ws/install/examples_rclpy_executors/lib/python3.10/site-packages/examples_rclpy_executors-0.15.1-py3.10.egg-info' (and everything under it)
[1.652s] Copying ../../../../../build/examples_rclpy_executors/examples_rclpy_executors.egg-info to /home/etern1ty/ros2_ws/install/examples_rclpy_executors/lib/python3.10/site-packages/examples_rclpy_executors-0.15.1-py3.10.egg-info
[1.653s] running install_scripts
[1.673s] Installing callback_group script to /home/etern1ty/ros2_ws/install/examples_rclpy_executors/lib/examples_rclpy_executors
[1.673s] Installing composed script to /home/etern1ty/ros2_ws/install/examples_rclpy_executors/lib/examples_rclpy_executors
[1.673s] Installing custom_callback_group script to /home/etern1ty/ros2_ws/install/examples_rclpy_executors/lib/examples_rclpy_executors
[1.673s] Installing custom_executor script to /home/etern1ty/ros2_ws/install/examples_rclpy_executors/lib/examples_rclpy_executors
[1.673s] Installing listener script to /home/etern1ty/ros2_ws/install/examples_rclpy_executors/lib/examples_rclpy_executors
[1.673s] Installing talker script to /home/etern1ty/ros2_ws/install/examples_rclpy_executors/lib/examples_rclpy_executors
[1.674s] writing list of installed files to '/home/etern1ty/ros2_ws/build/examples_rclpy_executors/install.log'
[1.686s] Invoked command in '/home/etern1ty/ros2_ws/src/src/examples/rclpy/executors' returned '-2': PYTHONPATH=/home/etern1ty/ros2_ws/build/examples_rclpy_executors/prefix_override:/home/etern1ty/ros2_ws/install/examples_rclpy_executors/lib/python3.10/site-packages:${PYTHONPATH} /usr/bin/python3 setup.py egg_info --egg-base ../../../../../build/examples_rclpy_executors build --build-base /home/etern1ty/ros2_ws/build/examples_rclpy_executors/build install --record /home/etern1ty/ros2_ws/build/examples_rclpy_executors/install.log --single-version-externally-managed
