[0.166s] Invoking command in '/home/etern1ty/ros2_ws/build/examples_rclcpp_minimal_publisher': CMAKE_PREFIX_PATH=/opt/ros/humble /usr/bin/cmake --build /home/etern1ty/ros2_ws/build/examples_rclcpp_minimal_publisher -- -j12 -l12
[0.217s] [35m[1mConsolidate compiler generated dependencies of target publisher_lambda[0m
[0.217s] [35m[1mConsolidate compiler generated dependencies of target publisher_member_function[0m
[0.219s] [35m[1mConsolidate compiler generated dependencies of target publisher_wait_for_all_acked[0m
[0.219s] [35m[1mConsolidate compiler generated dependencies of target publisher_member_function_with_unique_network_flow_endpoints[0m
[0.219s] [35m[1mConsolidate compiler generated dependencies of target publisher_member_function_with_type_adapter[0m
[0.219s] [35m[1mConsolidate compiler generated dependencies of target publisher_not_composable[0m
[0.240s] [ 33%] Built target publisher_member_function
[0.240s] [ 33%] Built target publisher_lambda
[0.242s] [ 83%] Built target publisher_member_function_with_type_adapter
[0.242s] [ 83%] Built target publisher_not_composable
[0.243s] [ 83%] Built target publisher_wait_for_all_acked
[0.243s] [100%] Built target publisher_member_function_with_unique_network_flow_endpoints
[0.257s] Invoked command in '/home/etern1ty/ros2_ws/build/examples_rclcpp_minimal_publisher' returned '0': CMAKE_PREFIX_PATH=/opt/ros/humble /usr/bin/cmake --build /home/etern1ty/ros2_ws/build/examples_rclcpp_minimal_publisher -- -j12 -l12
[0.342s] Invoking command in '/home/etern1ty/ros2_ws/build/examples_rclcpp_minimal_publisher': CMAKE_PREFIX_PATH=/opt/ros/humble /usr/bin/cmake --install /home/etern1ty/ros2_ws/build/examples_rclcpp_minimal_publisher
[0.351s] -- Install configuration: ""
[0.351s] -- Up-to-date: /home/etern1ty/ros2_ws/install/examples_rclcpp_minimal_publisher/lib/examples_rclcpp_minimal_publisher/publisher_lambda
[0.351s] -- Up-to-date: /home/etern1ty/ros2_ws/install/examples_rclcpp_minimal_publisher/lib/examples_rclcpp_minimal_publisher/publisher_member_function
[0.352s] -- Up-to-date: /home/etern1ty/ros2_ws/install/examples_rclcpp_minimal_publisher/lib/examples_rclcpp_minimal_publisher/publisher_member_function_with_type_adapter
[0.352s] -- Up-to-date: /home/etern1ty/ros2_ws/install/examples_rclcpp_minimal_publisher/lib/examples_rclcpp_minimal_publisher/publisher_member_function_with_unique_network_flow_endpoints
[0.352s] -- Up-to-date: /home/etern1ty/ros2_ws/install/examples_rclcpp_minimal_publisher/lib/examples_rclcpp_minimal_publisher/publisher_wait_for_all_acked
[0.353s] -- Up-to-date: /home/etern1ty/ros2_ws/install/examples_rclcpp_minimal_publisher/lib/examples_rclcpp_minimal_publisher/publisher_not_composable
[0.353s] -- Up-to-date: /home/etern1ty/ros2_ws/install/examples_rclcpp_minimal_publisher/share/ament_index/resource_index/package_run_dependencies/examples_rclcpp_minimal_publisher
[0.353s] -- Up-to-date: /home/etern1ty/ros2_ws/install/examples_rclcpp_minimal_publisher/share/ament_index/resource_index/parent_prefix_path/examples_rclcpp_minimal_publisher
[0.353s] -- Up-to-date: /home/etern1ty/ros2_ws/install/examples_rclcpp_minimal_publisher/share/examples_rclcpp_minimal_publisher/environment/ament_prefix_path.sh
[0.353s] -- Up-to-date: /home/etern1ty/ros2_ws/install/examples_rclcpp_minimal_publisher/share/examples_rclcpp_minimal_publisher/environment/ament_prefix_path.dsv
[0.353s] -- Up-to-date: /home/etern1ty/ros2_ws/install/examples_rclcpp_minimal_publisher/share/examples_rclcpp_minimal_publisher/environment/path.sh
[0.353s] -- Up-to-date: /home/etern1ty/ros2_ws/install/examples_rclcpp_minimal_publisher/share/examples_rclcpp_minimal_publisher/environment/path.dsv
[0.353s] -- Up-to-date: /home/etern1ty/ros2_ws/install/examples_rclcpp_minimal_publisher/share/examples_rclcpp_minimal_publisher/local_setup.bash
[0.353s] -- Up-to-date: /home/etern1ty/ros2_ws/install/examples_rclcpp_minimal_publisher/share/examples_rclcpp_minimal_publisher/local_setup.sh
[0.354s] -- Up-to-date: /home/etern1ty/ros2_ws/install/examples_rclcpp_minimal_publisher/share/examples_rclcpp_minimal_publisher/local_setup.zsh
[0.354s] -- Up-to-date: /home/etern1ty/ros2_ws/install/examples_rclcpp_minimal_publisher/share/examples_rclcpp_minimal_publisher/local_setup.dsv
[0.354s] -- Installing: /home/etern1ty/ros2_ws/install/examples_rclcpp_minimal_publisher/share/examples_rclcpp_minimal_publisher/package.dsv
[0.354s] -- Up-to-date: /home/etern1ty/ros2_ws/install/examples_rclcpp_minimal_publisher/share/ament_index/resource_index/packages/examples_rclcpp_minimal_publisher
[0.354s] -- Up-to-date: /home/etern1ty/ros2_ws/install/examples_rclcpp_minimal_publisher/share/examples_rclcpp_minimal_publisher/cmake/examples_rclcpp_minimal_publisherConfig.cmake
[0.354s] -- Up-to-date: /home/etern1ty/ros2_ws/install/examples_rclcpp_minimal_publisher/share/examples_rclcpp_minimal_publisher/cmake/examples_rclcpp_minimal_publisherConfig-version.cmake
[0.354s] -- Up-to-date: /home/etern1ty/ros2_ws/install/examples_rclcpp_minimal_publisher/share/examples_rclcpp_minimal_publisher/package.xml
[0.356s] Invoked command in '/home/etern1ty/ros2_ws/build/examples_rclcpp_minimal_publisher' returned '0': CMAKE_PREFIX_PATH=/opt/ros/humble /usr/bin/cmake --install /home/etern1ty/ros2_ws/build/examples_rclcpp_minimal_publisher
