[ 50%] [32mBuilding CXX object CMakeFiles/controller.dir/src/pub_func.cpp.o[0m
[100%] [32m[1mLinking CXX executable controller[0m
[100%] Built target controller
-- Install configuration: ""
-- Installing: /home/etern1ty/ros2_ws/install/pub_controller/lib/pub_controller/controller
-- Set runtime path of "/home/etern1ty/ros2_ws/install/pub_controller/lib/pub_controller/controller" to ""
-- Up-to-date: /home/etern1ty/ros2_ws/install/pub_controller/share/ament_index/resource_index/package_run_dependencies/pub_controller
-- Up-to-date: /home/etern1ty/ros2_ws/install/pub_controller/share/ament_index/resource_index/parent_prefix_path/pub_controller
-- Up-to-date: /home/etern1ty/ros2_ws/install/pub_controller/share/pub_controller/environment/ament_prefix_path.sh
-- Up-to-date: /home/etern1ty/ros2_ws/install/pub_controller/share/pub_controller/environment/ament_prefix_path.dsv
-- Up-to-date: /home/etern1ty/ros2_ws/install/pub_controller/share/pub_controller/environment/path.sh
-- Up-to-date: /home/etern1ty/ros2_ws/install/pub_controller/share/pub_controller/environment/path.dsv
-- Up-to-date: /home/etern1ty/ros2_ws/install/pub_controller/share/pub_controller/local_setup.bash
-- Up-to-date: /home/etern1ty/ros2_ws/install/pub_controller/share/pub_controller/local_setup.sh
-- Up-to-date: /home/etern1ty/ros2_ws/install/pub_controller/share/pub_controller/local_setup.zsh
-- Up-to-date: /home/etern1ty/ros2_ws/install/pub_controller/share/pub_controller/local_setup.dsv
-- Installing: /home/etern1ty/ros2_ws/install/pub_controller/share/pub_controller/package.dsv
-- Up-to-date: /home/etern1ty/ros2_ws/install/pub_controller/share/ament_index/resource_index/packages/pub_controller
-- Up-to-date: /home/etern1ty/ros2_ws/install/pub_controller/share/pub_controller/cmake/pub_controllerConfig.cmake
-- Up-to-date: /home/etern1ty/ros2_ws/install/pub_controller/share/pub_controller/cmake/pub_controllerConfig-version.cmake
-- Up-to-date: /home/etern1ty/ros2_ws/install/pub_controller/share/pub_controller/package.xml
