[0.054s] Invoking command in '/home/etern1ty/ros2_ws/build/flare_detect': CMAKE_PREFIX_PATH=/opt/ros/humble /usr/bin/cmake --build /home/etern1ty/ros2_ws/build/flare_detect -- -j12 -l12
[0.120s] [  9%] Built target flare_detect__rosidl_generator_c
[0.120s] [ 12%] Built target flare_detect__cpp
[0.134s] [ 12%] Built target ament_cmake_python_copy_flare_detect
[0.149s] [ 30%] Built target flare_detect__rosidl_typesupport_c
[0.149s] [ 30%] Built target flare_detect__rosidl_typesupport_introspection_c
[0.150s] [ 45%] Built target flare_detect__rosidl_typesupport_introspection_cpp
[0.150s] [ 48%] Built target flare_detect__rosidl_typesupport_fastrtps_c
[0.164s] [ 63%] Built target flare_detect__rosidl_typesupport_fastrtps_cpp
[0.164s] [ 66%] Built target flare_detect__rosidl_typesupport_cpp
[0.178s] [35m[1mConsolidate compiler generated dependencies of target detection[0m
[0.191s] [ 66%] Built target flare_detect
[0.204s] [ 69%] [32mBuilding CXX object CMakeFiles/detection.dir/src/detection.cpp.o[0m
[0.218s] [ 72%] Built target flare_detect__py
[0.244s] [ 78%] Built target flare_detect__rosidl_generator_py
[0.269s] [ 96%] Built target flare_detect__rosidl_typesupport_fastrtps_c__pyext
[0.269s] [ 96%] Built target flare_detect__rosidl_typesupport_introspection_c__pyext
[0.269s] [ 96%] Built target flare_detect__rosidl_typesupport_c__pyext
[0.378s] running egg_info
[0.379s] writing flare_detect.egg-info/PKG-INFO
[0.379s] writing dependency_links to flare_detect.egg-info/dependency_links.txt
[0.379s] writing top-level names to flare_detect.egg-info/top_level.txt
[0.381s] reading manifest file 'flare_detect.egg-info/SOURCES.txt'
[0.382s] writing manifest file 'flare_detect.egg-info/SOURCES.txt'
[0.417s] [ 96%] Built target ament_cmake_python_build_flare_detect_egg
[5.111s] [100%] [32m[1mLinking CXX executable detection[0m
[5.485s] [100%] Built target detection
[5.500s] Invoked command in '/home/etern1ty/ros2_ws/build/flare_detect' returned '0': CMAKE_PREFIX_PATH=/opt/ros/humble /usr/bin/cmake --build /home/etern1ty/ros2_ws/build/flare_detect -- -j12 -l12
[5.580s] Invoking command in '/home/etern1ty/ros2_ws/build/flare_detect': CMAKE_PREFIX_PATH=/opt/ros/humble /usr/bin/cmake --install /home/etern1ty/ros2_ws/build/flare_detect
[5.590s] -- Install configuration: ""
[5.591s] -- Up-to-date: /home/etern1ty/ros2_ws/install/flare_detect/share/ament_index/resource_index/rosidl_interfaces/flare_detect
[5.591s] -- Up-to-date: /home/etern1ty/ros2_ws/install/flare_detect/include/flare_detect/flare_detect
[5.592s] -- Up-to-date: /home/etern1ty/ros2_ws/install/flare_detect/include/flare_detect/flare_detect/msg
[5.592s] -- Up-to-date: /home/etern1ty/ros2_ws/install/flare_detect/include/flare_detect/flare_detect/msg/detected.h
[5.592s] -- Up-to-date: /home/etern1ty/ros2_ws/install/flare_detect/include/flare_detect/flare_detect/msg/detail
[5.592s] -- Up-to-date: /home/etern1ty/ros2_ws/install/flare_detect/include/flare_detect/flare_detect/msg/detail/detected__functions.c
[5.592s] -- Up-to-date: /home/etern1ty/ros2_ws/install/flare_detect/include/flare_detect/flare_detect/msg/detail/detected__functions.h
[5.592s] -- Up-to-date: /home/etern1ty/ros2_ws/install/flare_detect/include/flare_detect/flare_detect/msg/detail/detected__struct.h
[5.592s] -- Up-to-date: /home/etern1ty/ros2_ws/install/flare_detect/include/flare_detect/flare_detect/msg/detail/detected__type_support.h
[5.592s] -- Up-to-date: /home/etern1ty/ros2_ws/install/flare_detect/include/flare_detect/flare_detect/msg/rosidl_generator_c__visibility_control.h
[5.592s] -- Up-to-date: /home/etern1ty/ros2_ws/install/flare_detect/share/flare_detect/environment/library_path.sh
[5.592s] -- Up-to-date: /home/etern1ty/ros2_ws/install/flare_detect/share/flare_detect/environment/library_path.dsv
[5.593s] -- Up-to-date: /home/etern1ty/ros2_ws/install/flare_detect/lib/libflare_detect__rosidl_generator_c.so
[5.593s] -- Up-to-date: /home/etern1ty/ros2_ws/install/flare_detect/include/flare_detect/flare_detect
[5.593s] -- Up-to-date: /home/etern1ty/ros2_ws/install/flare_detect/include/flare_detect/flare_detect/msg
[5.593s] -- Up-to-date: /home/etern1ty/ros2_ws/install/flare_detect/include/flare_detect/flare_detect/msg/rosidl_typesupport_fastrtps_c__visibility_control.h
[5.593s] -- Up-to-date: /home/etern1ty/ros2_ws/install/flare_detect/include/flare_detect/flare_detect/msg/detail
[5.593s] -- Up-to-date: /home/etern1ty/ros2_ws/install/flare_detect/include/flare_detect/flare_detect/msg/detail/detected__rosidl_typesupport_fastrtps_c.h
[5.593s] -- Up-to-date: /home/etern1ty/ros2_ws/install/flare_detect/lib/libflare_detect__rosidl_typesupport_fastrtps_c.so
[5.593s] -- Up-to-date: /home/etern1ty/ros2_ws/install/flare_detect/include/flare_detect/flare_detect
[5.593s] -- Up-to-date: /home/etern1ty/ros2_ws/install/flare_detect/include/flare_detect/flare_detect/msg
[5.593s] -- Up-to-date: /home/etern1ty/ros2_ws/install/flare_detect/include/flare_detect/flare_detect/msg/detected.hpp
[5.593s] -- Up-to-date: /home/etern1ty/ros2_ws/install/flare_detect/include/flare_detect/flare_detect/msg/detail
[5.593s] -- Up-to-date: /home/etern1ty/ros2_ws/install/flare_detect/include/flare_detect/flare_detect/msg/detail/detected__struct.hpp
[5.593s] -- Up-to-date: /home/etern1ty/ros2_ws/install/flare_detect/include/flare_detect/flare_detect/msg/detail/detected__traits.hpp
[5.593s] -- Up-to-date: /home/etern1ty/ros2_ws/install/flare_detect/include/flare_detect/flare_detect/msg/detail/detected__builder.hpp
[5.594s] -- Up-to-date: /home/etern1ty/ros2_ws/install/flare_detect/include/flare_detect/flare_detect
[5.594s] -- Up-to-date: /home/etern1ty/ros2_ws/install/flare_detect/include/flare_detect/flare_detect/msg
[5.594s] -- Up-to-date: /home/etern1ty/ros2_ws/install/flare_detect/include/flare_detect/flare_detect/msg/detail
[5.594s] -- Up-to-date: /home/etern1ty/ros2_ws/install/flare_detect/include/flare_detect/flare_detect/msg/detail/dds_fastrtps
[5.594s] -- Up-to-date: /home/etern1ty/ros2_ws/install/flare_detect/include/flare_detect/flare_detect/msg/detail/detected__rosidl_typesupport_fastrtps_cpp.hpp
[5.594s] -- Up-to-date: /home/etern1ty/ros2_ws/install/flare_detect/include/flare_detect/flare_detect/msg/rosidl_typesupport_fastrtps_cpp__visibility_control.h
[5.594s] -- Up-to-date: /home/etern1ty/ros2_ws/install/flare_detect/lib/libflare_detect__rosidl_typesupport_fastrtps_cpp.so
[5.594s] -- Up-to-date: /home/etern1ty/ros2_ws/install/flare_detect/include/flare_detect/flare_detect
[5.594s] -- Up-to-date: /home/etern1ty/ros2_ws/install/flare_detect/include/flare_detect/flare_detect/msg
[5.594s] -- Up-to-date: /home/etern1ty/ros2_ws/install/flare_detect/include/flare_detect/flare_detect/msg/detail
[5.594s] -- Up-to-date: /home/etern1ty/ros2_ws/install/flare_detect/include/flare_detect/flare_detect/msg/detail/detected__type_support.c
[5.594s] -- Up-to-date: /home/etern1ty/ros2_ws/install/flare_detect/include/flare_detect/flare_detect/msg/detail/detected__rosidl_typesupport_introspection_c.h
[5.594s] -- Up-to-date: /home/etern1ty/ros2_ws/install/flare_detect/include/flare_detect/flare_detect/msg/rosidl_typesupport_introspection_c__visibility_control.h
[5.594s] -- Up-to-date: /home/etern1ty/ros2_ws/install/flare_detect/lib/libflare_detect__rosidl_typesupport_introspection_c.so
[5.594s] -- Up-to-date: /home/etern1ty/ros2_ws/install/flare_detect/lib/libflare_detect__rosidl_typesupport_c.so
[5.594s] -- Up-to-date: /home/etern1ty/ros2_ws/install/flare_detect/include/flare_detect/flare_detect
[5.594s] -- Up-to-date: /home/etern1ty/ros2_ws/install/flare_detect/include/flare_detect/flare_detect/msg
[5.595s] -- Up-to-date: /home/etern1ty/ros2_ws/install/flare_detect/include/flare_detect/flare_detect/msg/detail
[5.595s] -- Up-to-date: /home/etern1ty/ros2_ws/install/flare_detect/include/flare_detect/flare_detect/msg/detail/detected__type_support.cpp
[5.595s] -- Up-to-date: /home/etern1ty/ros2_ws/install/flare_detect/include/flare_detect/flare_detect/msg/detail/detected__rosidl_typesupport_introspection_cpp.hpp
[5.595s] -- Up-to-date: /home/etern1ty/ros2_ws/install/flare_detect/lib/libflare_detect__rosidl_typesupport_introspection_cpp.so
[5.595s] -- Up-to-date: /home/etern1ty/ros2_ws/install/flare_detect/lib/libflare_detect__rosidl_typesupport_cpp.so
[5.595s] -- Up-to-date: /home/etern1ty/ros2_ws/install/flare_detect/share/flare_detect/environment/pythonpath.sh
[5.595s] -- Up-to-date: /home/etern1ty/ros2_ws/install/flare_detect/share/flare_detect/environment/pythonpath.dsv
[5.595s] -- Up-to-date: /home/etern1ty/ros2_ws/install/flare_detect/local/lib/python3.10/dist-packages/flare_detect-0.0.0-py3.10.egg-info
[5.595s] -- Installing: /home/etern1ty/ros2_ws/install/flare_detect/local/lib/python3.10/dist-packages/flare_detect-0.0.0-py3.10.egg-info/PKG-INFO
[5.595s] -- Installing: /home/etern1ty/ros2_ws/install/flare_detect/local/lib/python3.10/dist-packages/flare_detect-0.0.0-py3.10.egg-info/top_level.txt
[5.595s] -- Installing: /home/etern1ty/ros2_ws/install/flare_detect/local/lib/python3.10/dist-packages/flare_detect-0.0.0-py3.10.egg-info/SOURCES.txt
[5.595s] -- Installing: /home/etern1ty/ros2_ws/install/flare_detect/local/lib/python3.10/dist-packages/flare_detect-0.0.0-py3.10.egg-info/dependency_links.txt
[5.595s] -- Up-to-date: /home/etern1ty/ros2_ws/install/flare_detect/local/lib/python3.10/dist-packages/flare_detect
[5.595s] -- Up-to-date: /home/etern1ty/ros2_ws/install/flare_detect/local/lib/python3.10/dist-packages/flare_detect/flare_detect_s__rosidl_typesupport_fastrtps_c.cpython-310-x86_64-linux-gnu.so
[5.595s] -- Up-to-date: /home/etern1ty/ros2_ws/install/flare_detect/local/lib/python3.10/dist-packages/flare_detect/_flare_detect_s.ep.rosidl_typesupport_fastrtps_c.c
[5.595s] -- Up-to-date: /home/etern1ty/ros2_ws/install/flare_detect/local/lib/python3.10/dist-packages/flare_detect/flare_detect_s__rosidl_typesupport_introspection_c.cpython-310-x86_64-linux-gnu.so
[5.596s] -- Up-to-date: /home/etern1ty/ros2_ws/install/flare_detect/local/lib/python3.10/dist-packages/flare_detect/__init__.py
[5.596s] -- Up-to-date: /home/etern1ty/ros2_ws/install/flare_detect/local/lib/python3.10/dist-packages/flare_detect/_flare_detect_s.ep.rosidl_typesupport_introspection_c.c
[5.596s] -- Up-to-date: /home/etern1ty/ros2_ws/install/flare_detect/local/lib/python3.10/dist-packages/flare_detect/libflare_detect__rosidl_generator_py.so
[5.596s] -- Up-to-date: /home/etern1ty/ros2_ws/install/flare_detect/local/lib/python3.10/dist-packages/flare_detect/flare_detect_s__rosidl_typesupport_c.cpython-310-x86_64-linux-gnu.so
[5.596s] -- Up-to-date: /home/etern1ty/ros2_ws/install/flare_detect/local/lib/python3.10/dist-packages/flare_detect/msg
[5.596s] -- Up-to-date: /home/etern1ty/ros2_ws/install/flare_detect/local/lib/python3.10/dist-packages/flare_detect/msg/_detected_s.c
[5.596s] -- Up-to-date: /home/etern1ty/ros2_ws/install/flare_detect/local/lib/python3.10/dist-packages/flare_detect/msg/__init__.py
[5.596s] -- Up-to-date: /home/etern1ty/ros2_ws/install/flare_detect/local/lib/python3.10/dist-packages/flare_detect/msg/_detected.py
[5.596s] -- Up-to-date: /home/etern1ty/ros2_ws/install/flare_detect/local/lib/python3.10/dist-packages/flare_detect/_flare_detect_s.ep.rosidl_typesupport_c.c
[5.620s] Listing '/home/etern1ty/ros2_ws/install/flare_detect/local/lib/python3.10/dist-packages/flare_detect'...
[5.620s] Listing '/home/etern1ty/ros2_ws/install/flare_detect/local/lib/python3.10/dist-packages/flare_detect/msg'...
[5.625s] -- Up-to-date: /home/etern1ty/ros2_ws/install/flare_detect/local/lib/python3.10/dist-packages/flare_detect/flare_detect_s__rosidl_typesupport_fastrtps_c.cpython-310-x86_64-linux-gnu.so
[5.626s] -- Up-to-date: /home/etern1ty/ros2_ws/install/flare_detect/local/lib/python3.10/dist-packages/flare_detect/flare_detect_s__rosidl_typesupport_introspection_c.cpython-310-x86_64-linux-gnu.so
[5.626s] -- Up-to-date: /home/etern1ty/ros2_ws/install/flare_detect/local/lib/python3.10/dist-packages/flare_detect/flare_detect_s__rosidl_typesupport_c.cpython-310-x86_64-linux-gnu.so
[5.627s] -- Up-to-date: /home/etern1ty/ros2_ws/install/flare_detect/lib/libflare_detect__rosidl_generator_py.so
[5.627s] -- Up-to-date: /home/etern1ty/ros2_ws/install/flare_detect/share/flare_detect/msg/Detected.idl
[5.627s] -- Up-to-date: /home/etern1ty/ros2_ws/install/flare_detect/share/flare_detect/msg/Detected.msg
[5.627s] -- Installing: /home/etern1ty/ros2_ws/install/flare_detect/lib/flare_detect/detection
[5.629s] -- Set runtime path of "/home/etern1ty/ros2_ws/install/flare_detect/lib/flare_detect/detection" to ""
[5.629s] -- Up-to-date: /home/etern1ty/ros2_ws/install/flare_detect/share/ament_index/resource_index/package_run_dependencies/flare_detect
[5.629s] -- Up-to-date: /home/etern1ty/ros2_ws/install/flare_detect/share/ament_index/resource_index/parent_prefix_path/flare_detect
[5.629s] -- Up-to-date: /home/etern1ty/ros2_ws/install/flare_detect/share/flare_detect/environment/ament_prefix_path.sh
[5.629s] -- Up-to-date: /home/etern1ty/ros2_ws/install/flare_detect/share/flare_detect/environment/ament_prefix_path.dsv
[5.629s] -- Up-to-date: /home/etern1ty/ros2_ws/install/flare_detect/share/flare_detect/environment/path.sh
[5.630s] -- Up-to-date: /home/etern1ty/ros2_ws/install/flare_detect/share/flare_detect/environment/path.dsv
[5.630s] -- Up-to-date: /home/etern1ty/ros2_ws/install/flare_detect/share/flare_detect/local_setup.bash
[5.630s] -- Up-to-date: /home/etern1ty/ros2_ws/install/flare_detect/share/flare_detect/local_setup.sh
[5.630s] -- Up-to-date: /home/etern1ty/ros2_ws/install/flare_detect/share/flare_detect/local_setup.zsh
[5.630s] -- Up-to-date: /home/etern1ty/ros2_ws/install/flare_detect/share/flare_detect/local_setup.dsv
[5.630s] -- Installing: /home/etern1ty/ros2_ws/install/flare_detect/share/flare_detect/package.dsv
[5.630s] -- Up-to-date: /home/etern1ty/ros2_ws/install/flare_detect/share/ament_index/resource_index/packages/flare_detect
[5.630s] -- Up-to-date: /home/etern1ty/ros2_ws/install/flare_detect/share/flare_detect/cmake/export_flare_detect__rosidl_generator_cExport.cmake
[5.630s] -- Up-to-date: /home/etern1ty/ros2_ws/install/flare_detect/share/flare_detect/cmake/export_flare_detect__rosidl_generator_cExport-noconfig.cmake
[5.631s] -- Up-to-date: /home/etern1ty/ros2_ws/install/flare_detect/share/flare_detect/cmake/export_flare_detect__rosidl_typesupport_fastrtps_cExport.cmake
[5.631s] -- Up-to-date: /home/etern1ty/ros2_ws/install/flare_detect/share/flare_detect/cmake/export_flare_detect__rosidl_typesupport_fastrtps_cExport-noconfig.cmake
[5.631s] -- Up-to-date: /home/etern1ty/ros2_ws/install/flare_detect/share/flare_detect/cmake/export_flare_detect__rosidl_generator_cppExport.cmake
[5.631s] -- Up-to-date: /home/etern1ty/ros2_ws/install/flare_detect/share/flare_detect/cmake/export_flare_detect__rosidl_typesupport_fastrtps_cppExport.cmake
[5.631s] -- Up-to-date: /home/etern1ty/ros2_ws/install/flare_detect/share/flare_detect/cmake/export_flare_detect__rosidl_typesupport_fastrtps_cppExport-noconfig.cmake
[5.631s] -- Up-to-date: /home/etern1ty/ros2_ws/install/flare_detect/share/flare_detect/cmake/flare_detect__rosidl_typesupport_introspection_cExport.cmake
[5.631s] -- Up-to-date: /home/etern1ty/ros2_ws/install/flare_detect/share/flare_detect/cmake/flare_detect__rosidl_typesupport_introspection_cExport-noconfig.cmake
[5.631s] -- Up-to-date: /home/etern1ty/ros2_ws/install/flare_detect/share/flare_detect/cmake/flare_detect__rosidl_typesupport_cExport.cmake
[5.631s] -- Up-to-date: /home/etern1ty/ros2_ws/install/flare_detect/share/flare_detect/cmake/flare_detect__rosidl_typesupport_cExport-noconfig.cmake
[5.631s] -- Up-to-date: /home/etern1ty/ros2_ws/install/flare_detect/share/flare_detect/cmake/flare_detect__rosidl_typesupport_introspection_cppExport.cmake
[5.631s] -- Up-to-date: /home/etern1ty/ros2_ws/install/flare_detect/share/flare_detect/cmake/flare_detect__rosidl_typesupport_introspection_cppExport-noconfig.cmake
[5.631s] -- Up-to-date: /home/etern1ty/ros2_ws/install/flare_detect/share/flare_detect/cmake/flare_detect__rosidl_typesupport_cppExport.cmake
[5.631s] -- Up-to-date: /home/etern1ty/ros2_ws/install/flare_detect/share/flare_detect/cmake/flare_detect__rosidl_typesupport_cppExport-noconfig.cmake
[5.632s] -- Up-to-date: /home/etern1ty/ros2_ws/install/flare_detect/share/flare_detect/cmake/export_flare_detect__rosidl_generator_pyExport.cmake
[5.632s] -- Up-to-date: /home/etern1ty/ros2_ws/install/flare_detect/share/flare_detect/cmake/export_flare_detect__rosidl_generator_pyExport-noconfig.cmake
[5.632s] -- Up-to-date: /home/etern1ty/ros2_ws/install/flare_detect/share/flare_detect/cmake/rosidl_cmake-extras.cmake
[5.632s] -- Up-to-date: /home/etern1ty/ros2_ws/install/flare_detect/share/flare_detect/cmake/ament_cmake_export_include_directories-extras.cmake
[5.632s] -- Up-to-date: /home/etern1ty/ros2_ws/install/flare_detect/share/flare_detect/cmake/ament_cmake_export_libraries-extras.cmake
[5.632s] -- Up-to-date: /home/etern1ty/ros2_ws/install/flare_detect/share/flare_detect/cmake/ament_cmake_export_targets-extras.cmake
[5.632s] -- Up-to-date: /home/etern1ty/ros2_ws/install/flare_detect/share/flare_detect/cmake/rosidl_cmake_export_typesupport_targets-extras.cmake
[5.632s] -- Up-to-date: /home/etern1ty/ros2_ws/install/flare_detect/share/flare_detect/cmake/ament_cmake_export_dependencies-extras.cmake
[5.632s] -- Up-to-date: /home/etern1ty/ros2_ws/install/flare_detect/share/flare_detect/cmake/rosidl_cmake_export_typesupport_libraries-extras.cmake
[5.632s] -- Up-to-date: /home/etern1ty/ros2_ws/install/flare_detect/share/flare_detect/cmake/flare_detectConfig.cmake
[5.632s] -- Up-to-date: /home/etern1ty/ros2_ws/install/flare_detect/share/flare_detect/cmake/flare_detectConfig-version.cmake
[5.632s] -- Up-to-date: /home/etern1ty/ros2_ws/install/flare_detect/share/flare_detect/package.xml
[5.635s] Invoked command in '/home/etern1ty/ros2_ws/build/flare_detect' returned '0': CMAKE_PREFIX_PATH=/opt/ros/humble /usr/bin/cmake --install /home/etern1ty/ros2_ws/build/flare_detect
