[0.039s] Invoking command in '/home/etern1ty/ros2_ws/matlab/custom/matlab_msg_gen/glnxa64/build/interfaces': PS1=(venv) VIRTUAL_ENV_PROMPT=(venv) /usr/local/MATLAB/R2023b/bin/glnxa64/cmake/bin/cmake --build /home/etern1ty/ros2_ws/matlab/custom/matlab_msg_gen/glnxa64/build/interfaces -- -j12 -l12
[0.089s] [0/1] Re-running CMake...
[0.110s] -- Found ament_cmake: 1.3.3 (/usr/local/MATLAB/R2023b/sys/ros2/glnxa64/ros2/share/ament_cmake/cmake)
[0.220s] -- Found ament_cmake_ros: 0.10.0 (/usr/local/MATLAB/R2023b/sys/ros2/glnxa64/ros2/share/ament_cmake_ros/cmake)
[0.225s] -- Found rosidl_typesupport_c: 2.0.0 (/usr/local/MATLAB/R2023b/sys/ros2/glnxa64/ros2/share/rosidl_typesupport_c/cmake)
[0.226s] -- Using all available rosidl_typesupport_c: rosidl_typesupport_fastrtps_c;rosidl_typesupport_introspection_c
[0.231s] -- Found rosidl_adapter: 3.1.4 (/usr/local/MATLAB/R2023b/sys/ros2/glnxa64/ros2/share/rosidl_adapter/cmake)
[0.280s] -- Found rosidl_typesupport_cpp: 2.0.0 (/usr/local/MATLAB/R2023b/sys/ros2/glnxa64/ros2/share/rosidl_typesupport_cpp/cmake)
[0.280s] -- Using all available rosidl_typesupport_cpp: rosidl_typesupport_fastrtps_cpp;rosidl_typesupport_introspection_cpp
[0.313s] -- Found rosidl_default_generators: 1.2.0 (/usr/local/MATLAB/R2023b/sys/ros2/glnxa64/ros2/share/rosidl_default_generators/cmake)
[0.317s] -- Found class_loader: 2.2.0 (/usr/local/MATLAB/R2023b/sys/ros2/glnxa64/ros2/share/class_loader/cmake)
[0.321s] -- Found rclcpp: 16.0.3 (/usr/local/MATLAB/R2023b/sys/ros2/glnxa64/ros2/share/rclcpp/cmake)
[0.414s] -- Found rmw_implementation_cmake: 6.1.1 (/usr/local/MATLAB/R2023b/sys/ros2/glnxa64/ros2/share/rmw_implementation_cmake/cmake)
[0.416s] -- Found rmw_fastrtps_cpp: 6.2.2 (/usr/local/MATLAB/R2023b/sys/ros2/glnxa64/ros2/share/rmw_fastrtps_cpp/cmake)
[0.545s] -- Using RMW implementation 'rmw_fastrtps_cpp' as default
[0.911s] -- Using all available rosidl_typesupport_c: rosidl_typesupport_fastrtps_c;rosidl_typesupport_introspection_c
[1.006s] -- Using all available rosidl_typesupport_cpp: rosidl_typesupport_fastrtps_cpp;rosidl_typesupport_introspection_cpp
[1.021s] -- Configuring done
[1.055s] -- Generating done
[1.063s] -- Build files have been written to: /home/etern1ty/ros2_ws/matlab/custom/matlab_msg_gen/glnxa64/build/interfaces
[1.099s] ninja: no work to do.
[1.102s] Invoked command in '/home/etern1ty/ros2_ws/matlab/custom/matlab_msg_gen/glnxa64/build/interfaces' returned '0': PS1=(venv) VIRTUAL_ENV_PROMPT=(venv) /usr/local/MATLAB/R2023b/bin/glnxa64/cmake/bin/cmake --build /home/etern1ty/ros2_ws/matlab/custom/matlab_msg_gen/glnxa64/build/interfaces -- -j12 -l12
[1.125s] Invoking command in '/home/etern1ty/ros2_ws/matlab/custom/matlab_msg_gen/glnxa64/build/interfaces': PS1=(venv) VIRTUAL_ENV_PROMPT=(venv) /usr/local/MATLAB/R2023b/bin/glnxa64/cmake/bin/cmake --install /home/etern1ty/ros2_ws/matlab/custom/matlab_msg_gen/glnxa64/build/interfaces
[1.128s] -- Install configuration: "Release"
[1.128s] -- Up-to-date: /home/etern1ty/ros2_ws/matlab/custom/matlab_msg_gen/glnxa64/install/share/ament_index/resource_index/rosidl_interfaces/interfaces
[1.128s] -- Up-to-date: /home/etern1ty/ros2_ws/matlab/custom/matlab_msg_gen/glnxa64/install/include/interfaces/interfaces
[1.128s] -- Up-to-date: /home/etern1ty/ros2_ws/matlab/custom/matlab_msg_gen/glnxa64/install/include/interfaces/interfaces/msg
[1.128s] -- Up-to-date: /home/etern1ty/ros2_ws/matlab/custom/matlab_msg_gen/glnxa64/install/include/interfaces/interfaces/msg/detected.h
[1.128s] -- Up-to-date: /home/etern1ty/ros2_ws/matlab/custom/matlab_msg_gen/glnxa64/install/include/interfaces/interfaces/msg/detail
[1.128s] -- Up-to-date: /home/etern1ty/ros2_ws/matlab/custom/matlab_msg_gen/glnxa64/install/include/interfaces/interfaces/msg/detail/detected__functions.c
[1.129s] -- Up-to-date: /home/etern1ty/ros2_ws/matlab/custom/matlab_msg_gen/glnxa64/install/include/interfaces/interfaces/msg/detail/detected__functions.h
[1.129s] -- Up-to-date: /home/etern1ty/ros2_ws/matlab/custom/matlab_msg_gen/glnxa64/install/include/interfaces/interfaces/msg/detail/detected__struct.h
[1.129s] -- Up-to-date: /home/etern1ty/ros2_ws/matlab/custom/matlab_msg_gen/glnxa64/install/include/interfaces/interfaces/msg/detail/detected__type_support.h
[1.129s] -- Up-to-date: /home/etern1ty/ros2_ws/matlab/custom/matlab_msg_gen/glnxa64/install/include/interfaces/interfaces/msg/rosidl_generator_c__visibility_control.h
[1.129s] -- Up-to-date: /home/etern1ty/ros2_ws/matlab/custom/matlab_msg_gen/glnxa64/install/share/interfaces/environment/library_path.sh
[1.129s] -- Installing: /home/etern1ty/ros2_ws/matlab/custom/matlab_msg_gen/glnxa64/install/share/interfaces/environment/library_path.dsv
[1.130s] -- Up-to-date: /home/etern1ty/ros2_ws/matlab/custom/matlab_msg_gen/glnxa64/install/lib/libinterfaces__rosidl_generator_c.so
[1.130s] -- Up-to-date: /home/etern1ty/ros2_ws/matlab/custom/matlab_msg_gen/glnxa64/install/include/interfaces/interfaces
[1.130s] -- Up-to-date: /home/etern1ty/ros2_ws/matlab/custom/matlab_msg_gen/glnxa64/install/include/interfaces/interfaces/msg
[1.130s] -- Up-to-date: /home/etern1ty/ros2_ws/matlab/custom/matlab_msg_gen/glnxa64/install/include/interfaces/interfaces/msg/rosidl_typesupport_fastrtps_c__visibility_control.h
[1.130s] -- Up-to-date: /home/etern1ty/ros2_ws/matlab/custom/matlab_msg_gen/glnxa64/install/include/interfaces/interfaces/msg/detail
[1.130s] -- Up-to-date: /home/etern1ty/ros2_ws/matlab/custom/matlab_msg_gen/glnxa64/install/include/interfaces/interfaces/msg/detail/detected__rosidl_typesupport_fastrtps_c.h
[1.130s] -- Up-to-date: /home/etern1ty/ros2_ws/matlab/custom/matlab_msg_gen/glnxa64/install/lib/libinterfaces__rosidl_typesupport_fastrtps_c.so
[1.130s] -- Up-to-date: /home/etern1ty/ros2_ws/matlab/custom/matlab_msg_gen/glnxa64/install/include/interfaces/interfaces
[1.130s] -- Up-to-date: /home/etern1ty/ros2_ws/matlab/custom/matlab_msg_gen/glnxa64/install/include/interfaces/interfaces/msg
[1.130s] -- Up-to-date: /home/etern1ty/ros2_ws/matlab/custom/matlab_msg_gen/glnxa64/install/include/interfaces/interfaces/msg/detail
[1.131s] -- Up-to-date: /home/etern1ty/ros2_ws/matlab/custom/matlab_msg_gen/glnxa64/install/include/interfaces/interfaces/msg/detail/detected__type_support.c
[1.131s] -- Up-to-date: /home/etern1ty/ros2_ws/matlab/custom/matlab_msg_gen/glnxa64/install/include/interfaces/interfaces/msg/detail/detected__rosidl_typesupport_introspection_c.h
[1.131s] -- Up-to-date: /home/etern1ty/ros2_ws/matlab/custom/matlab_msg_gen/glnxa64/install/include/interfaces/interfaces/msg/rosidl_typesupport_introspection_c__visibility_control.h
[1.131s] -- Up-to-date: /home/etern1ty/ros2_ws/matlab/custom/matlab_msg_gen/glnxa64/install/lib/libinterfaces__rosidl_typesupport_introspection_c.so
[1.131s] -- Up-to-date: /home/etern1ty/ros2_ws/matlab/custom/matlab_msg_gen/glnxa64/install/lib/libinterfaces__rosidl_typesupport_c.so
[1.131s] -- Up-to-date: /home/etern1ty/ros2_ws/matlab/custom/matlab_msg_gen/glnxa64/install/include/interfaces/interfaces
[1.131s] -- Up-to-date: /home/etern1ty/ros2_ws/matlab/custom/matlab_msg_gen/glnxa64/install/include/interfaces/interfaces/msg
[1.131s] -- Up-to-date: /home/etern1ty/ros2_ws/matlab/custom/matlab_msg_gen/glnxa64/install/include/interfaces/interfaces/msg/detected.hpp
[1.131s] -- Up-to-date: /home/etern1ty/ros2_ws/matlab/custom/matlab_msg_gen/glnxa64/install/include/interfaces/interfaces/msg/detail
[1.131s] -- Up-to-date: /home/etern1ty/ros2_ws/matlab/custom/matlab_msg_gen/glnxa64/install/include/interfaces/interfaces/msg/detail/detected__struct.hpp
[1.131s] -- Up-to-date: /home/etern1ty/ros2_ws/matlab/custom/matlab_msg_gen/glnxa64/install/include/interfaces/interfaces/msg/detail/detected__traits.hpp
[1.131s] -- Up-to-date: /home/etern1ty/ros2_ws/matlab/custom/matlab_msg_gen/glnxa64/install/include/interfaces/interfaces/msg/detail/detected__builder.hpp
[1.131s] -- Up-to-date: /home/etern1ty/ros2_ws/matlab/custom/matlab_msg_gen/glnxa64/install/include/interfaces/interfaces
[1.131s] -- Up-to-date: /home/etern1ty/ros2_ws/matlab/custom/matlab_msg_gen/glnxa64/install/include/interfaces/interfaces/msg
[1.132s] -- Up-to-date: /home/etern1ty/ros2_ws/matlab/custom/matlab_msg_gen/glnxa64/install/include/interfaces/interfaces/msg/detail
[1.132s] -- Up-to-date: /home/etern1ty/ros2_ws/matlab/custom/matlab_msg_gen/glnxa64/install/include/interfaces/interfaces/msg/detail/dds_fastrtps
[1.132s] -- Up-to-date: /home/etern1ty/ros2_ws/matlab/custom/matlab_msg_gen/glnxa64/install/include/interfaces/interfaces/msg/detail/detected__rosidl_typesupport_fastrtps_cpp.hpp
[1.132s] -- Up-to-date: /home/etern1ty/ros2_ws/matlab/custom/matlab_msg_gen/glnxa64/install/include/interfaces/interfaces/msg/rosidl_typesupport_fastrtps_cpp__visibility_control.h
[1.132s] -- Up-to-date: /home/etern1ty/ros2_ws/matlab/custom/matlab_msg_gen/glnxa64/install/lib/libinterfaces__rosidl_typesupport_fastrtps_cpp.so
[1.132s] -- Up-to-date: /home/etern1ty/ros2_ws/matlab/custom/matlab_msg_gen/glnxa64/install/include/interfaces/interfaces
[1.132s] -- Up-to-date: /home/etern1ty/ros2_ws/matlab/custom/matlab_msg_gen/glnxa64/install/include/interfaces/interfaces/msg
[1.132s] -- Up-to-date: /home/etern1ty/ros2_ws/matlab/custom/matlab_msg_gen/glnxa64/install/include/interfaces/interfaces/msg/detail
[1.132s] -- Up-to-date: /home/etern1ty/ros2_ws/matlab/custom/matlab_msg_gen/glnxa64/install/include/interfaces/interfaces/msg/detail/detected__type_support.cpp
[1.132s] -- Up-to-date: /home/etern1ty/ros2_ws/matlab/custom/matlab_msg_gen/glnxa64/install/include/interfaces/interfaces/msg/detail/detected__rosidl_typesupport_introspection_cpp.hpp
[1.132s] -- Up-to-date: /home/etern1ty/ros2_ws/matlab/custom/matlab_msg_gen/glnxa64/install/lib/libinterfaces__rosidl_typesupport_introspection_cpp.so
[1.132s] -- Up-to-date: /home/etern1ty/ros2_ws/matlab/custom/matlab_msg_gen/glnxa64/install/lib/libinterfaces__rosidl_typesupport_cpp.so
[1.132s] -- Up-to-date: /home/etern1ty/ros2_ws/matlab/custom/matlab_msg_gen/glnxa64/install/share/interfaces/msg/Detected.idl
[1.132s] -- Up-to-date: /home/etern1ty/ros2_ws/matlab/custom/matlab_msg_gen/glnxa64/install/share/interfaces/msg/Detected.msg
[1.133s] -- Up-to-date: /home/etern1ty/ros2_ws/matlab/custom/matlab_msg_gen/glnxa64/install/include
[1.133s] -- Up-to-date: /home/etern1ty/ros2_ws/matlab/custom/matlab_msg_gen/glnxa64/install/include/interfaces
[1.133s] -- Up-to-date: /home/etern1ty/ros2_ws/matlab/custom/matlab_msg_gen/glnxa64/install/include/interfaces/visibility_control.h
[1.133s] -- Up-to-date: /home/etern1ty/ros2_ws/matlab/custom/matlab_msg_gen/glnxa64/install/lib/libinterfaces_matlab.so
[1.133s] -- Up-to-date: /home/etern1ty/ros2_ws/matlab/custom/matlab_msg_gen/glnxa64/install/m/
[1.133s] -- Up-to-date: /home/etern1ty/ros2_ws/matlab/custom/matlab_msg_gen/glnxa64/install/m//+ros
[1.133s] -- Up-to-date: /home/etern1ty/ros2_ws/matlab/custom/matlab_msg_gen/glnxa64/install/m//+ros/+internal
[1.133s] -- Up-to-date: /home/etern1ty/ros2_ws/matlab/custom/matlab_msg_gen/glnxa64/install/m//+ros/+internal/+ros2
[1.133s] -- Up-to-date: /home/etern1ty/ros2_ws/matlab/custom/matlab_msg_gen/glnxa64/install/m//+ros/+internal/+ros2/+custommessages
[1.133s] -- Up-to-date: /home/etern1ty/ros2_ws/matlab/custom/matlab_msg_gen/glnxa64/install/m//+ros/+internal/+ros2/+custommessages/+interfaces
[1.133s] -- Up-to-date: /home/etern1ty/ros2_ws/matlab/custom/matlab_msg_gen/glnxa64/install/m//+ros/+internal/+ros2/+custommessages/+interfaces/interfaces_msg_Detected_1To2_Converter.m
[1.133s] -- Up-to-date: /home/etern1ty/ros2_ws/matlab/custom/matlab_msg_gen/glnxa64/install/m//+ros/+internal/+ros2/+custommessages/+interfaces/detected.m
[1.133s] -- Up-to-date: /home/etern1ty/ros2_ws/matlab/custom/matlab_msg_gen/glnxa64/install/m//+ros/+internal/+ros2/+custommessages/+interfaces/interfaces_msg_Detected_2To1_Converter.m
[1.133s] -- Up-to-date: /home/etern1ty/ros2_ws/matlab/custom/matlab_msg_gen/glnxa64/install/share/ament_index/resource_index/package_run_dependencies/interfaces
[1.133s] -- Installing: /home/etern1ty/ros2_ws/matlab/custom/matlab_msg_gen/glnxa64/install/share/ament_index/resource_index/parent_prefix_path/interfaces
[1.134s] -- Up-to-date: /home/etern1ty/ros2_ws/matlab/custom/matlab_msg_gen/glnxa64/install/share/interfaces/environment/ament_prefix_path.sh
[1.134s] -- Installing: /home/etern1ty/ros2_ws/matlab/custom/matlab_msg_gen/glnxa64/install/share/interfaces/environment/ament_prefix_path.dsv
[1.134s] -- Up-to-date: /home/etern1ty/ros2_ws/matlab/custom/matlab_msg_gen/glnxa64/install/share/interfaces/environment/path.sh
[1.134s] -- Installing: /home/etern1ty/ros2_ws/matlab/custom/matlab_msg_gen/glnxa64/install/share/interfaces/environment/path.dsv
[1.134s] -- Up-to-date: /home/etern1ty/ros2_ws/matlab/custom/matlab_msg_gen/glnxa64/install/share/interfaces/local_setup.bash
[1.134s] -- Up-to-date: /home/etern1ty/ros2_ws/matlab/custom/matlab_msg_gen/glnxa64/install/share/interfaces/local_setup.sh
[1.134s] -- Up-to-date: /home/etern1ty/ros2_ws/matlab/custom/matlab_msg_gen/glnxa64/install/share/interfaces/local_setup.zsh
[1.134s] -- Installing: /home/etern1ty/ros2_ws/matlab/custom/matlab_msg_gen/glnxa64/install/share/interfaces/local_setup.dsv
[1.134s] -- Installing: /home/etern1ty/ros2_ws/matlab/custom/matlab_msg_gen/glnxa64/install/share/interfaces/package.dsv
[1.134s] -- Up-to-date: /home/etern1ty/ros2_ws/matlab/custom/matlab_msg_gen/glnxa64/install/share/ament_index/resource_index/packages/interfaces
[1.134s] -- Up-to-date: /home/etern1ty/ros2_ws/matlab/custom/matlab_msg_gen/glnxa64/install/share/interfaces/cmake/export_interfaces__rosidl_generator_cExport.cmake
[1.134s] -- Up-to-date: /home/etern1ty/ros2_ws/matlab/custom/matlab_msg_gen/glnxa64/install/share/interfaces/cmake/export_interfaces__rosidl_generator_cExport-release.cmake
[1.134s] -- Up-to-date: /home/etern1ty/ros2_ws/matlab/custom/matlab_msg_gen/glnxa64/install/share/interfaces/cmake/export_interfaces__rosidl_typesupport_fastrtps_cExport.cmake
[1.134s] -- Up-to-date: /home/etern1ty/ros2_ws/matlab/custom/matlab_msg_gen/glnxa64/install/share/interfaces/cmake/export_interfaces__rosidl_typesupport_fastrtps_cExport-release.cmake
[1.135s] -- Up-to-date: /home/etern1ty/ros2_ws/matlab/custom/matlab_msg_gen/glnxa64/install/share/interfaces/cmake/interfaces__rosidl_typesupport_introspection_cExport.cmake
[1.135s] -- Up-to-date: /home/etern1ty/ros2_ws/matlab/custom/matlab_msg_gen/glnxa64/install/share/interfaces/cmake/interfaces__rosidl_typesupport_introspection_cExport-release.cmake
[1.135s] -- Up-to-date: /home/etern1ty/ros2_ws/matlab/custom/matlab_msg_gen/glnxa64/install/share/interfaces/cmake/interfaces__rosidl_typesupport_cExport.cmake
[1.135s] -- Up-to-date: /home/etern1ty/ros2_ws/matlab/custom/matlab_msg_gen/glnxa64/install/share/interfaces/cmake/interfaces__rosidl_typesupport_cExport-release.cmake
[1.135s] -- Up-to-date: /home/etern1ty/ros2_ws/matlab/custom/matlab_msg_gen/glnxa64/install/share/interfaces/cmake/export_interfaces__rosidl_generator_cppExport.cmake
[1.135s] -- Up-to-date: /home/etern1ty/ros2_ws/matlab/custom/matlab_msg_gen/glnxa64/install/share/interfaces/cmake/export_interfaces__rosidl_typesupport_fastrtps_cppExport.cmake
[1.135s] -- Up-to-date: /home/etern1ty/ros2_ws/matlab/custom/matlab_msg_gen/glnxa64/install/share/interfaces/cmake/export_interfaces__rosidl_typesupport_fastrtps_cppExport-release.cmake
[1.135s] -- Up-to-date: /home/etern1ty/ros2_ws/matlab/custom/matlab_msg_gen/glnxa64/install/share/interfaces/cmake/interfaces__rosidl_typesupport_introspection_cppExport.cmake
[1.135s] -- Up-to-date: /home/etern1ty/ros2_ws/matlab/custom/matlab_msg_gen/glnxa64/install/share/interfaces/cmake/interfaces__rosidl_typesupport_introspection_cppExport-release.cmake
[1.135s] -- Up-to-date: /home/etern1ty/ros2_ws/matlab/custom/matlab_msg_gen/glnxa64/install/share/interfaces/cmake/interfaces__rosidl_typesupport_cppExport.cmake
[1.135s] -- Up-to-date: /home/etern1ty/ros2_ws/matlab/custom/matlab_msg_gen/glnxa64/install/share/interfaces/cmake/interfaces__rosidl_typesupport_cppExport-release.cmake
[1.135s] -- Up-to-date: /home/etern1ty/ros2_ws/matlab/custom/matlab_msg_gen/glnxa64/install/share/interfaces/cmake/rosidl_cmake-extras.cmake
[1.135s] -- Up-to-date: /home/etern1ty/ros2_ws/matlab/custom/matlab_msg_gen/glnxa64/install/share/interfaces/cmake/ament_cmake_export_include_directories-extras.cmake
[1.135s] -- Up-to-date: /home/etern1ty/ros2_ws/matlab/custom/matlab_msg_gen/glnxa64/install/share/interfaces/cmake/ament_cmake_export_libraries-extras.cmake
[1.135s] -- Up-to-date: /home/etern1ty/ros2_ws/matlab/custom/matlab_msg_gen/glnxa64/install/share/interfaces/cmake/ament_cmake_export_targets-extras.cmake
[1.136s] -- Up-to-date: /home/etern1ty/ros2_ws/matlab/custom/matlab_msg_gen/glnxa64/install/share/interfaces/cmake/rosidl_cmake_export_typesupport_targets-extras.cmake
[1.136s] -- Up-to-date: /home/etern1ty/ros2_ws/matlab/custom/matlab_msg_gen/glnxa64/install/share/interfaces/cmake/ament_cmake_export_dependencies-extras.cmake
[1.136s] -- Up-to-date: /home/etern1ty/ros2_ws/matlab/custom/matlab_msg_gen/glnxa64/install/share/interfaces/cmake/rosidl_cmake_export_typesupport_libraries-extras.cmake
[1.136s] -- Up-to-date: /home/etern1ty/ros2_ws/matlab/custom/matlab_msg_gen/glnxa64/install/share/interfaces/cmake/interfacesConfig.cmake
[1.136s] -- Up-to-date: /home/etern1ty/ros2_ws/matlab/custom/matlab_msg_gen/glnxa64/install/share/interfaces/cmake/interfacesConfig-version.cmake
[1.136s] -- Installing: /home/etern1ty/ros2_ws/matlab/custom/matlab_msg_gen/glnxa64/install/share/interfaces/package.xml
[1.137s] Invoked command in '/home/etern1ty/ros2_ws/matlab/custom/matlab_msg_gen/glnxa64/build/interfaces' returned '0': PS1=(venv) VIRTUAL_ENV_PROMPT=(venv) /usr/local/MATLAB/R2023b/bin/glnxa64/cmake/bin/cmake --install /home/etern1ty/ros2_ws/matlab/custom/matlab_msg_gen/glnxa64/build/interfaces
