running egg_info
creating ../../../../../../build/examples_rclpy_minimal_client/examples_rclpy_minimal_client.egg-info
writing ../../../../../../build/examples_rclpy_minimal_client/examples_rclpy_minimal_client.egg-info/PKG-INFO
writing dependency_links to ../../../../../../build/examples_rclpy_minimal_client/examples_rclpy_minimal_client.egg-info/dependency_links.txt
writing entry points to ../../../../../../build/examples_rclpy_minimal_client/examples_rclpy_minimal_client.egg-info/entry_points.txt
writing requirements to ../../../../../../build/examples_rclpy_minimal_client/examples_rclpy_minimal_client.egg-info/requires.txt
writing top-level names to ../../../../../../build/examples_rclpy_minimal_client/examples_rclpy_minimal_client.egg-info/top_level.txt
writing manifest file '../../../../../../build/examples_rclpy_minimal_client/examples_rclpy_minimal_client.egg-info/SOURCES.txt'
reading manifest file '../../../../../../build/examples_rclpy_minimal_client/examples_rclpy_minimal_client.egg-info/SOURCES.txt'
writing manifest file '../../../../../../build/examples_rclpy_minimal_client/examples_rclpy_minimal_client.egg-info/SOURCES.txt'
running build
running build_py
creating /home/etern1ty/ros2_ws/build/examples_rclpy_minimal_client/build
creating /home/etern1ty/ros2_ws/build/examples_rclpy_minimal_client/build/lib
creating /home/etern1ty/ros2_ws/build/examples_rclpy_minimal_client/build/lib/examples_rclpy_minimal_client
copying examples_rclpy_minimal_client/client_async_callback.py -> /home/etern1ty/ros2_ws/build/examples_rclpy_minimal_client/build/lib/examples_rclpy_minimal_client
copying examples_rclpy_minimal_client/__init__.py -> /home/etern1ty/ros2_ws/build/examples_rclpy_minimal_client/build/lib/examples_rclpy_minimal_client
copying examples_rclpy_minimal_client/client_async_member_function.py -> /home/etern1ty/ros2_ws/build/examples_rclpy_minimal_client/build/lib/examples_rclpy_minimal_client
copying examples_rclpy_minimal_client/client_async.py -> /home/etern1ty/ros2_ws/build/examples_rclpy_minimal_client/build/lib/examples_rclpy_minimal_client
copying examples_rclpy_minimal_client/client.py -> /home/etern1ty/ros2_ws/build/examples_rclpy_minimal_client/build/lib/examples_rclpy_minimal_client
running install
running install_lib
running install_data
running install_egg_info
removing '/home/etern1ty/ros2_ws/install/examples_rclpy_minimal_client/lib/python3.10/site-packages/examples_rclpy_minimal_client-0.15.1-py3.10.egg-info' (and everything under it)
Copying ../../../../../../build/examples_rclpy_minimal_client/examples_rclpy_minimal_client.egg-info to /home/etern1ty/ros2_ws/install/examples_rclpy_minimal_client/lib/python3.10/site-packages/examples_rclpy_minimal_client-0.15.1-py3.10.egg-info
running install_scripts
Installing client script to /home/etern1ty/ros2_ws/install/examples_rclpy_minimal_client/lib/examples_rclpy_minimal_client
Installing client_async script to /home/etern1ty/ros2_ws/install/examples_rclpy_minimal_client/lib/examples_rclpy_minimal_client
Installing client_async_callback script to /home/etern1ty/ros2_ws/install/examples_rclpy_minimal_client/lib/examples_rclpy_minimal_client
Installing client_async_member_function script to /home/etern1ty/ros2_ws/install/examples_rclpy_minimal_client/lib/examples_rclpy_minimal_client
writing list of installed files to '/home/etern1ty/ros2_ws/build/examples_rclpy_minimal_client/install.log'
