[0.049s] Invoking command in '/home/etern1ty/ros2_ws/build/rqt_virtual_joy': /usr/bin/cmake /home/etern1ty/ros2_ws/src/rqt_virtual_joystick -DCATKIN_INSTALL_INTO_PREFIX_ROOT=0 -DCMAKE_INSTALL_PREFIX=/home/etern1ty/ros2_ws/install/rqt_virtual_joy
[0.056s] [0mCMake Deprecation Warning at CMakeLists.txt:1 (cmake_minimum_required):
[0.056s]   Compatibility with CMake < 2.8.12 will be removed from a future version of
[0.056s]   CMake.
[0.056s] 
[0.057s]   Update the VERSION argument <min> value or use a ...<max> suffix to tell
[0.057s]   CMake that the project does not need compatibility with older versions.
[0.057s] 
[0.057s] [0m
[0.166s] -- The C compiler identification is GNU 11.4.0
[0.270s] -- The CXX compiler identification is GNU 11.4.0
[0.283s] -- Detecting C compiler ABI info
[0.362s] -- Detecting C compiler ABI info - done
[0.370s] -- Check for working C compiler: /usr/bin/cc - skipped
[0.370s] -- Detecting C compile features
[0.371s] -- Detecting C compile features - done
[0.374s] -- Detecting CXX compiler ABI info
[0.466s] -- Detecting CXX compiler ABI info - done
[0.474s] -- Check for working CXX compiler: /usr/bin/c++ - skipped
[0.474s] -- Detecting CXX compile features
[0.474s] -- Detecting CXX compile features - done
[0.488s] [31mCMake Error at CMakeLists.txt:10 (find_package):
[0.488s]   By not providing "Findcatkin.cmake" in CMAKE_MODULE_PATH this project has
[0.489s]   asked CMake to find a package configuration file provided by "catkin", but
[0.489s]   CMake did not find one.
[0.489s] 
[0.489s]   Could not find a package configuration file provided by "catkin" with any
[0.489s]   of the following names:
[0.489s] 
[0.489s]     catkinConfig.cmake
[0.489s]     catkin-config.cmake
[0.489s] 
[0.489s]   Add the installation prefix of "catkin" to CMAKE_PREFIX_PATH or set
[0.490s]   "catkin_DIR" to a directory containing one of the above files.  If "catkin"
[0.490s]   provides a separate development package or SDK, be sure it has been
[0.490s]   installed.
[0.490s] 
[0.490s] [0m
[0.490s] -- Configuring incomplete, errors occurred!
[0.490s] See also "/home/etern1ty/ros2_ws/build/rqt_virtual_joy/CMakeFiles/CMakeOutput.log".
[0.492s] Invoked command in '/home/etern1ty/ros2_ws/build/rqt_virtual_joy' returned '1': /usr/bin/cmake /home/etern1ty/ros2_ws/src/rqt_virtual_joystick -DCATKIN_INSTALL_INTO_PREFIX_ROOT=0 -DCMAKE_INSTALL_PREFIX=/home/etern1ty/ros2_ws/install/rqt_virtual_joy
