[0.059s] Invoking command in '/home/etern1ty/ros2_ws/build/yolo': CMAKE_PREFIX_PATH=/opt/ros/humble /usr/bin/cmake /home/etern1ty/ros2_ws/src/yolo -DCMAKE_INSTALL_PREFIX=/home/etern1ty/ros2_ws/install/yolo
[0.193s] -- The C compiler identification is GNU 11.4.0
[0.304s] -- The CXX compiler identification is GNU 11.4.0
[0.315s] -- Detecting C compiler ABI info
[0.390s] -- Detecting C compiler ABI info - done
[0.397s] -- Check for working C compiler: /usr/bin/cc - skipped
[0.397s] -- Detecting C compile features
[0.398s] -- Detecting C compile features - done
[0.401s] -- Detecting CXX compiler ABI info
[0.489s] -- Detecting CXX compiler ABI info - done
[0.496s] -- Check for working CXX compiler: /usr/bin/c++ - skipped
[0.496s] -- Detecting CXX compile features
[0.497s] -- Detecting CXX compile features - done
[0.505s] -- Found ament_cmake: 1.3.7 (/opt/ros/humble/share/ament_cmake/cmake)
[0.852s] -- Found Python3: /usr/bin/python3.10 (found version "3.10.12") found components: Interpreter 
[0.955s] -- Found ament_lint_auto: 0.12.10 (/opt/ros/humble/share/ament_lint_auto/cmake)
[1.033s] -- Added test 'cppcheck' to perform static code analysis on C / C++ code
[1.033s] -- Configured cppcheck include dirs: 
[1.034s] -- Configured cppcheck exclude dirs and/or files: 
[1.034s] -- Added test 'lint_cmake' to check CMake code style
[1.036s] -- Added test 'uncrustify' to check C / C++ code style
[1.036s] -- Configured uncrustify additional arguments: 
[1.036s] -- Added test 'xmllint' to check XML markup files
[1.038s] -- Configuring done
[1.041s] -- Generating done
[1.042s] -- Build files have been written to: /home/etern1ty/ros2_ws/build/yolo
[1.047s] Invoked command in '/home/etern1ty/ros2_ws/build/yolo' returned '0': CMAKE_PREFIX_PATH=/opt/ros/humble /usr/bin/cmake /home/etern1ty/ros2_ws/src/yolo -DCMAKE_INSTALL_PREFIX=/home/etern1ty/ros2_ws/install/yolo
[1.051s] Invoking command in '/home/etern1ty/ros2_ws/build/yolo': CMAKE_PREFIX_PATH=/opt/ros/humble /usr/bin/cmake --build /home/etern1ty/ros2_ws/build/yolo -- -j12 -l12
[1.096s] Invoked command in '/home/etern1ty/ros2_ws/build/yolo' returned '0': CMAKE_PREFIX_PATH=/opt/ros/humble /usr/bin/cmake --build /home/etern1ty/ros2_ws/build/yolo -- -j12 -l12
[1.136s] Invoking command in '/home/etern1ty/ros2_ws/build/yolo': CMAKE_PREFIX_PATH=/opt/ros/humble /usr/bin/cmake --install /home/etern1ty/ros2_ws/build/yolo
[1.144s] -- Install configuration: ""
[1.144s] -- Installing: /home/etern1ty/ros2_ws/install/yolo/share/ament_index/resource_index/package_run_dependencies/yolo
[1.144s] -- Installing: /home/etern1ty/ros2_ws/install/yolo/share/ament_index/resource_index/parent_prefix_path/yolo
[1.144s] -- Installing: /home/etern1ty/ros2_ws/install/yolo/share/yolo/environment/ament_prefix_path.sh
[1.145s] -- Installing: /home/etern1ty/ros2_ws/install/yolo/share/yolo/environment/ament_prefix_path.dsv
[1.145s] -- Installing: /home/etern1ty/ros2_ws/install/yolo/share/yolo/environment/path.sh
[1.145s] -- Installing: /home/etern1ty/ros2_ws/install/yolo/share/yolo/environment/path.dsv
[1.145s] -- Installing: /home/etern1ty/ros2_ws/install/yolo/share/yolo/local_setup.bash
[1.145s] -- Installing: /home/etern1ty/ros2_ws/install/yolo/share/yolo/local_setup.sh
[1.146s] -- Installing: /home/etern1ty/ros2_ws/install/yolo/share/yolo/local_setup.zsh
[1.146s] -- Installing: /home/etern1ty/ros2_ws/install/yolo/share/yolo/local_setup.dsv
[1.146s] -- Installing: /home/etern1ty/ros2_ws/install/yolo/share/yolo/package.dsv
[1.146s] -- Installing: /home/etern1ty/ros2_ws/install/yolo/share/ament_index/resource_index/packages/yolo
[1.146s] -- Installing: /home/etern1ty/ros2_ws/install/yolo/share/yolo/cmake/yoloConfig.cmake
[1.146s] -- Installing: /home/etern1ty/ros2_ws/install/yolo/share/yolo/cmake/yoloConfig-version.cmake
[1.146s] -- Installing: /home/etern1ty/ros2_ws/install/yolo/share/yolo/package.xml
[1.148s] Invoked command in '/home/etern1ty/ros2_ws/build/yolo' returned '0': CMAKE_PREFIX_PATH=/opt/ros/humble /usr/bin/cmake --install /home/etern1ty/ros2_ws/build/yolo
