[0.803s] Invoking command in '/home/etern1ty/ros2_ws/src/src/examples/rclpy/services/minimal_client': PYTHONPATH=/home/etern1ty/ros2_ws/build/examples_rclpy_minimal_client/prefix_override:/home/etern1ty/ros2_ws/install/examples_rclpy_minimal_client/lib/python3.10/site-packages:${PYTHONPATH} /usr/bin/python3 setup.py egg_info --egg-base ../../../../../../build/examples_rclpy_minimal_client build --build-base /home/etern1ty/ros2_ws/build/examples_rclpy_minimal_client/build install --record /home/etern1ty/ros2_ws/build/examples_rclpy_minimal_client/install.log --single-version-externally-managed
[1.035s] running egg_info
[1.035s] writing ../../../../../../build/examples_rclpy_minimal_client/examples_rclpy_minimal_client.egg-info/PKG-INFO
[1.036s] writing dependency_links to ../../../../../../build/examples_rclpy_minimal_client/examples_rclpy_minimal_client.egg-info/dependency_links.txt
[1.036s] writing entry points to ../../../../../../build/examples_rclpy_minimal_client/examples_rclpy_minimal_client.egg-info/entry_points.txt
[1.036s] writing requirements to ../../../../../../build/examples_rclpy_minimal_client/examples_rclpy_minimal_client.egg-info/requires.txt
[1.036s] writing top-level names to ../../../../../../build/examples_rclpy_minimal_client/examples_rclpy_minimal_client.egg-info/top_level.txt
[1.039s] reading manifest file '../../../../../../build/examples_rclpy_minimal_client/examples_rclpy_minimal_client.egg-info/SOURCES.txt'
[1.040s] writing manifest file '../../../../../../build/examples_rclpy_minimal_client/examples_rclpy_minimal_client.egg-info/SOURCES.txt'
[1.040s] running build
[1.040s] running build_py
[1.041s] running install
[1.041s] running install_lib
[1.043s] running install_data
[1.044s] running install_egg_info
[1.045s] removing '/home/etern1ty/ros2_ws/install/examples_rclpy_minimal_client/lib/python3.10/site-packages/examples_rclpy_minimal_client-0.15.1-py3.10.egg-info' (and everything under it)
[1.046s] Copying ../../../../../../build/examples_rclpy_minimal_client/examples_rclpy_minimal_client.egg-info to /home/etern1ty/ros2_ws/install/examples_rclpy_minimal_client/lib/python3.10/site-packages/examples_rclpy_minimal_client-0.15.1-py3.10.egg-info
[1.047s] running install_scripts
[1.066s] Installing client script to /home/etern1ty/ros2_ws/install/examples_rclpy_minimal_client/lib/examples_rclpy_minimal_client
[1.066s] Installing client_async script to /home/etern1ty/ros2_ws/install/examples_rclpy_minimal_client/lib/examples_rclpy_minimal_client
[1.066s] Installing client_async_callback script to /home/etern1ty/ros2_ws/install/examples_rclpy_minimal_client/lib/examples_rclpy_minimal_client
[1.066s] Installing client_async_member_function script to /home/etern1ty/ros2_ws/install/examples_rclpy_minimal_client/lib/examples_rclpy_minimal_client
[1.067s] writing list of installed files to '/home/etern1ty/ros2_ws/build/examples_rclpy_minimal_client/install.log'
[1.108s] Invoked command in '/home/etern1ty/ros2_ws/src/src/examples/rclpy/services/minimal_client' returned '0': PYTHONPATH=/home/etern1ty/ros2_ws/build/examples_rclpy_minimal_client/prefix_override:/home/etern1ty/ros2_ws/install/examples_rclpy_minimal_client/lib/python3.10/site-packages:${PYTHONPATH} /usr/bin/python3 setup.py egg_info --egg-base ../../../../../../build/examples_rclpy_minimal_client build --build-base /home/etern1ty/ros2_ws/build/examples_rclpy_minimal_client/build install --record /home/etern1ty/ros2_ws/build/examples_rclpy_minimal_client/install.log --single-version-externally-managed
