[0.052s] Invoking command in '/home/etern1ty/ros2_ws/build/custom_msg_pub': CMAKE_PREFIX_PATH=/opt/ros/humble /usr/bin/cmake /home/etern1ty/ros2_ws/src/custom_msg_pub -DCMAKE_INSTALL_PREFIX=/home/etern1ty/ros2_ws/install/custom_msg_pub
[0.159s] -- The C compiler identification is GNU 11.4.0
[0.262s] -- The CXX compiler identification is GNU 11.4.0
[0.273s] -- Detecting C compiler ABI info
[0.354s] -- Detecting C compiler ABI info - done
[0.361s] -- Check for working C compiler: /usr/bin/cc - skipped
[0.361s] -- Detecting C compile features
[0.362s] -- Detecting C compile features - done
[0.365s] -- Detecting CXX compiler ABI info
[0.453s] -- Detecting CXX compiler ABI info - done
[0.460s] -- Check for working CXX compiler: /usr/bin/c++ - skipped
[0.460s] -- Detecting CXX compile features
[0.460s] -- Detecting CXX compile features - done
[0.470s] -- Found ament_cmake: 1.3.7 (/opt/ros/humble/share/ament_cmake/cmake)
[0.633s] -- Found Python3: /usr/bin/python3.10 (found version "3.10.12") found components: Interpreter 
[0.727s] -- Found rosidl_default_generators: 1.2.0 (/opt/ros/humble/share/rosidl_default_generators/cmake)
[0.732s] -- Using all available rosidl_typesupport_c: rosidl_typesupport_fastrtps_c;rosidl_typesupport_introspection_c
[0.741s] -- Found rosidl_adapter: 3.1.5 (/opt/ros/humble/share/rosidl_adapter/cmake)
[0.789s] -- Using all available rosidl_typesupport_cpp: rosidl_typesupport_fastrtps_cpp;rosidl_typesupport_introspection_cpp
[1.049s] -- Found ament_cmake_ros: 0.10.0 (/opt/ros/humble/share/ament_cmake_ros/cmake)
[1.219s] -- Using all available rosidl_typesupport_c: rosidl_typesupport_fastrtps_c;rosidl_typesupport_introspection_c
[1.436s] -- Using all available rosidl_typesupport_cpp: rosidl_typesupport_fastrtps_cpp;rosidl_typesupport_introspection_cpp
[1.459s] -- Found PythonInterp: /usr/bin/python3 (found suitable version "3.10.12", minimum required is "3.6") 
[1.461s] -- Found python_cmake_module: 0.10.0 (/opt/ros/humble/share/python_cmake_module/cmake)
[1.488s] -- Found PythonLibs: /usr/lib/x86_64-linux-gnu/libpython3.10.so (found suitable version "3.10.12", minimum required is "3.5") 
[1.488s] -- Using PYTHON_EXECUTABLE: /usr/bin/python3
[1.488s] -- Using PYTHON_INCLUDE_DIRS: /usr/include/python3.10
[1.489s] -- Using PYTHON_LIBRARIES: /usr/lib/x86_64-linux-gnu/libpython3.10.so
[1.509s] -- Found PythonExtra: .so  
[1.540s] -- Found ament_lint_auto: 0.12.10 (/opt/ros/humble/share/ament_lint_auto/cmake)
[1.567s] -- Added test 'lint_cmake' to check CMake code style
[1.568s] -- Added test 'xmllint' to check XML markup files
[1.572s] -- Configuring done
[1.599s] -- Generating done
[1.602s] -- Build files have been written to: /home/etern1ty/ros2_ws/build/custom_msg_pub
[1.609s] Invoked command in '/home/etern1ty/ros2_ws/build/custom_msg_pub' returned '0': CMAKE_PREFIX_PATH=/opt/ros/humble /usr/bin/cmake /home/etern1ty/ros2_ws/src/custom_msg_pub -DCMAKE_INSTALL_PREFIX=/home/etern1ty/ros2_ws/install/custom_msg_pub
[1.611s] Invoking command in '/home/etern1ty/ros2_ws/build/custom_msg_pub': CMAKE_PREFIX_PATH=/opt/ros/humble /usr/bin/cmake --build /home/etern1ty/ros2_ws/build/custom_msg_pub -- -j12 -l12
[1.658s] [  3%] [34m[1mGenerating C code for ROS interfaces[0m
[1.670s] [  6%] [34m[1mGenerating C++ code for ROS interfaces[0m
[1.679s] [  6%] Built target ament_cmake_python_copy_custom_msg_pub
[1.891s] [  6%] Built target custom_msg_pub__cpp
[1.903s] [ 19%] [34m[1mGenerating C++ type support dispatch for ROS interfaces[0m
[1.903s] [ 19%] [34m[1mGenerating C++ introspection for ROS interfaces[0m
[1.903s] [ 19%] [32mBuilding C object CMakeFiles/custom_msg_pub__rosidl_generator_c.dir/rosidl_generator_c/custom_msg_pub/msg/detail/num__functions.c.o[0m
[1.903s] [ 19%] [34m[1mGenerating C++ type support for eProsima Fast-RTPS[0m
[1.919s] running egg_info
[1.920s] creating custom_msg_pub.egg-info
[1.920s] writing custom_msg_pub.egg-info/PKG-INFO
[1.920s] writing dependency_links to custom_msg_pub.egg-info/dependency_links.txt
[1.920s] writing top-level names to custom_msg_pub.egg-info/top_level.txt
[1.921s] writing manifest file 'custom_msg_pub.egg-info/SOURCES.txt'
[1.924s] reading manifest file 'custom_msg_pub.egg-info/SOURCES.txt'
[1.924s] writing manifest file 'custom_msg_pub.egg-info/SOURCES.txt'
[1.967s] [ 22%] [32m[1mLinking C shared library libcustom_msg_pub__rosidl_generator_c.so[0m
[1.969s] [ 22%] Built target ament_cmake_python_build_custom_msg_pub_egg
[2.008s] [ 22%] Built target custom_msg_pub__rosidl_generator_c
[2.020s] [ 32%] [34m[1mGenerating C type support for eProsima Fast-RTPS[0m
[2.021s] [ 32%] [34m[1mGenerating C type support dispatch for ROS interfaces[0m
[2.021s] [ 32%] [34m[1mGenerating C introspection for ROS interfaces[0m
[2.128s] [ 35%] [32mBuilding CXX object CMakeFiles/custom_msg_pub__rosidl_typesupport_cpp.dir/rosidl_typesupport_cpp/custom_msg_pub/msg/num__type_support.cpp.o[0m
[2.141s] [ 38%] [32mBuilding CXX object CMakeFiles/custom_msg_pub__rosidl_typesupport_fastrtps_cpp.dir/rosidl_typesupport_fastrtps_cpp/custom_msg_pub/msg/detail/dds_fastrtps/num__type_support.cpp.o[0m
[2.182s] [ 41%] [32mBuilding CXX object CMakeFiles/custom_msg_pub__rosidl_typesupport_introspection_cpp.dir/rosidl_typesupport_introspection_cpp/custom_msg_pub/msg/detail/num__type_support.cpp.o[0m
[2.238s] [ 45%] [32mBuilding CXX object CMakeFiles/custom_msg_pub__rosidl_typesupport_c.dir/rosidl_typesupport_c/custom_msg_pub/msg/num__type_support.cpp.o[0m
[2.276s] [ 48%] [32mBuilding C object CMakeFiles/custom_msg_pub__rosidl_typesupport_introspection_c.dir/rosidl_typesupport_introspection_c/custom_msg_pub/msg/detail/num__type_support.c.o[0m
[2.279s] [ 51%] [32m[1mLinking CXX shared library libcustom_msg_pub__rosidl_typesupport_c.so[0m
[2.309s] [ 54%] [32mBuilding CXX object CMakeFiles/custom_msg_pub__rosidl_typesupport_fastrtps_c.dir/rosidl_typesupport_fastrtps_c/custom_msg_pub/msg/detail/num__type_support_c.cpp.o[0m
[2.316s] [ 58%] [32m[1mLinking C shared library libcustom_msg_pub__rosidl_typesupport_introspection_c.so[0m
[2.333s] [ 58%] Built target custom_msg_pub__rosidl_typesupport_c
[2.359s] [ 58%] Built target custom_msg_pub__rosidl_typesupport_introspection_c
[2.430s] [ 61%] [32m[1mLinking CXX shared library libcustom_msg_pub__rosidl_typesupport_cpp.so[0m
[2.480s] [ 61%] Built target custom_msg_pub__rosidl_typesupport_cpp
[2.538s] [ 64%] [32m[1mLinking CXX shared library libcustom_msg_pub__rosidl_typesupport_introspection_cpp.so[0m
[2.549s] [ 67%] [32m[1mLinking CXX shared library libcustom_msg_pub__rosidl_typesupport_fastrtps_cpp.so[0m
[2.584s] [ 67%] Built target custom_msg_pub__rosidl_typesupport_introspection_cpp
[2.603s] [ 70%] [32m[1mLinking CXX shared library libcustom_msg_pub__rosidl_typesupport_fastrtps_c.so[0m
[2.657s] [ 70%] Built target custom_msg_pub__rosidl_typesupport_fastrtps_cpp
[2.702s] [ 70%] Built target custom_msg_pub__rosidl_typesupport_fastrtps_c
[2.727s] [ 70%] Built target custom_msg_pub
[2.751s] [ 74%] [34m[1mGenerating Python code for ROS interfaces[0m
[3.004s] [ 74%] Built target custom_msg_pub__py
[3.026s] [ 77%] [32mBuilding C object CMakeFiles/custom_msg_pub__rosidl_generator_py.dir/rosidl_generator_py/custom_msg_pub/msg/_num_s.c.o[0m
[3.139s] [ 80%] [32m[1mLinking C shared library rosidl_generator_py/custom_msg_pub/libcustom_msg_pub__rosidl_generator_py.so[0m
[3.183s] [ 80%] Built target custom_msg_pub__rosidl_generator_py
[3.206s] [ 87%] [32mBuilding C object CMakeFiles/custom_msg_pub__rosidl_typesupport_introspection_c__pyext.dir/rosidl_generator_py/custom_msg_pub/_custom_msg_pub_s.ep.rosidl_typesupport_introspection_c.c.o[0m
[3.206s] [ 87%] [32mBuilding C object CMakeFiles/custom_msg_pub__rosidl_typesupport_fastrtps_c__pyext.dir/rosidl_generator_py/custom_msg_pub/_custom_msg_pub_s.ep.rosidl_typesupport_fastrtps_c.c.o[0m
[3.206s] [ 90%] [32mBuilding C object CMakeFiles/custom_msg_pub__rosidl_typesupport_c__pyext.dir/rosidl_generator_py/custom_msg_pub/_custom_msg_pub_s.ep.rosidl_typesupport_c.c.o[0m
[3.294s] [ 93%] [32m[1mLinking C shared library rosidl_generator_py/custom_msg_pub/custom_msg_pub_s__rosidl_typesupport_c.cpython-310-x86_64-linux-gnu.so[0m
[3.298s] [100%] [32m[1mLinking C shared library rosidl_generator_py/custom_msg_pub/custom_msg_pub_s__rosidl_typesupport_fastrtps_c.cpython-310-x86_64-linux-gnu.so[0m
[3.298s] [100%] [32m[1mLinking C shared library rosidl_generator_py/custom_msg_pub/custom_msg_pub_s__rosidl_typesupport_introspection_c.cpython-310-x86_64-linux-gnu.so[0m
[3.333s] [100%] Built target custom_msg_pub__rosidl_typesupport_c__pyext
[3.335s] [100%] Built target custom_msg_pub__rosidl_typesupport_fastrtps_c__pyext
[3.336s] [100%] Built target custom_msg_pub__rosidl_typesupport_introspection_c__pyext
[3.350s] Invoked command in '/home/etern1ty/ros2_ws/build/custom_msg_pub' returned '0': CMAKE_PREFIX_PATH=/opt/ros/humble /usr/bin/cmake --build /home/etern1ty/ros2_ws/build/custom_msg_pub -- -j12 -l12
[3.436s] Invoking command in '/home/etern1ty/ros2_ws/build/custom_msg_pub': CMAKE_PREFIX_PATH=/opt/ros/humble /usr/bin/cmake --install /home/etern1ty/ros2_ws/build/custom_msg_pub
[3.444s] -- Install configuration: ""
[3.444s] -- Installing: /home/etern1ty/ros2_ws/install/custom_msg_pub/share/ament_index/resource_index/rosidl_interfaces/custom_msg_pub
[3.444s] -- Installing: /home/etern1ty/ros2_ws/install/custom_msg_pub/include/custom_msg_pub/custom_msg_pub
[3.444s] -- Installing: /home/etern1ty/ros2_ws/install/custom_msg_pub/include/custom_msg_pub/custom_msg_pub/msg
[3.445s] -- Installing: /home/etern1ty/ros2_ws/install/custom_msg_pub/include/custom_msg_pub/custom_msg_pub/msg/num.h
[3.445s] -- Installing: /home/etern1ty/ros2_ws/install/custom_msg_pub/include/custom_msg_pub/custom_msg_pub/msg/detail
[3.445s] -- Installing: /home/etern1ty/ros2_ws/install/custom_msg_pub/include/custom_msg_pub/custom_msg_pub/msg/detail/num__functions.c
[3.445s] -- Installing: /home/etern1ty/ros2_ws/install/custom_msg_pub/include/custom_msg_pub/custom_msg_pub/msg/detail/num__functions.h
[3.445s] -- Installing: /home/etern1ty/ros2_ws/install/custom_msg_pub/include/custom_msg_pub/custom_msg_pub/msg/detail/num__type_support.h
[3.445s] -- Installing: /home/etern1ty/ros2_ws/install/custom_msg_pub/include/custom_msg_pub/custom_msg_pub/msg/detail/num__struct.h
[3.445s] -- Installing: /home/etern1ty/ros2_ws/install/custom_msg_pub/include/custom_msg_pub/custom_msg_pub/msg/rosidl_generator_c__visibility_control.h
[3.445s] -- Installing: /home/etern1ty/ros2_ws/install/custom_msg_pub/share/custom_msg_pub/environment/library_path.sh
[3.446s] -- Installing: /home/etern1ty/ros2_ws/install/custom_msg_pub/share/custom_msg_pub/environment/library_path.dsv
[3.446s] -- Installing: /home/etern1ty/ros2_ws/install/custom_msg_pub/lib/libcustom_msg_pub__rosidl_generator_c.so
[3.447s] -- Set runtime path of "/home/etern1ty/ros2_ws/install/custom_msg_pub/lib/libcustom_msg_pub__rosidl_generator_c.so" to ""
[3.447s] -- Up-to-date: /home/etern1ty/ros2_ws/install/custom_msg_pub/include/custom_msg_pub/custom_msg_pub
[3.447s] -- Up-to-date: /home/etern1ty/ros2_ws/install/custom_msg_pub/include/custom_msg_pub/custom_msg_pub/msg
[3.447s] -- Installing: /home/etern1ty/ros2_ws/install/custom_msg_pub/include/custom_msg_pub/custom_msg_pub/msg/rosidl_typesupport_fastrtps_c__visibility_control.h
[3.447s] -- Up-to-date: /home/etern1ty/ros2_ws/install/custom_msg_pub/include/custom_msg_pub/custom_msg_pub/msg/detail
[3.447s] -- Installing: /home/etern1ty/ros2_ws/install/custom_msg_pub/include/custom_msg_pub/custom_msg_pub/msg/detail/num__rosidl_typesupport_fastrtps_c.h
[3.447s] -- Installing: /home/etern1ty/ros2_ws/install/custom_msg_pub/lib/libcustom_msg_pub__rosidl_typesupport_fastrtps_c.so
[3.448s] -- Set runtime path of "/home/etern1ty/ros2_ws/install/custom_msg_pub/lib/libcustom_msg_pub__rosidl_typesupport_fastrtps_c.so" to ""
[3.448s] -- Up-to-date: /home/etern1ty/ros2_ws/install/custom_msg_pub/include/custom_msg_pub/custom_msg_pub
[3.448s] -- Up-to-date: /home/etern1ty/ros2_ws/install/custom_msg_pub/include/custom_msg_pub/custom_msg_pub/msg
[3.448s] -- Up-to-date: /home/etern1ty/ros2_ws/install/custom_msg_pub/include/custom_msg_pub/custom_msg_pub/msg/detail
[3.448s] -- Installing: /home/etern1ty/ros2_ws/install/custom_msg_pub/include/custom_msg_pub/custom_msg_pub/msg/detail/num__rosidl_typesupport_introspection_c.h
[3.448s] -- Installing: /home/etern1ty/ros2_ws/install/custom_msg_pub/include/custom_msg_pub/custom_msg_pub/msg/detail/num__type_support.c
[3.448s] -- Installing: /home/etern1ty/ros2_ws/install/custom_msg_pub/include/custom_msg_pub/custom_msg_pub/msg/rosidl_typesupport_introspection_c__visibility_control.h
[3.448s] -- Installing: /home/etern1ty/ros2_ws/install/custom_msg_pub/lib/libcustom_msg_pub__rosidl_typesupport_introspection_c.so
[3.449s] -- Set runtime path of "/home/etern1ty/ros2_ws/install/custom_msg_pub/lib/libcustom_msg_pub__rosidl_typesupport_introspection_c.so" to ""
[3.449s] -- Installing: /home/etern1ty/ros2_ws/install/custom_msg_pub/lib/libcustom_msg_pub__rosidl_typesupport_c.so
[3.449s] -- Set runtime path of "/home/etern1ty/ros2_ws/install/custom_msg_pub/lib/libcustom_msg_pub__rosidl_typesupport_c.so" to ""
[3.449s] -- Up-to-date: /home/etern1ty/ros2_ws/install/custom_msg_pub/include/custom_msg_pub/custom_msg_pub
[3.449s] -- Up-to-date: /home/etern1ty/ros2_ws/install/custom_msg_pub/include/custom_msg_pub/custom_msg_pub/msg
[3.449s] -- Installing: /home/etern1ty/ros2_ws/install/custom_msg_pub/include/custom_msg_pub/custom_msg_pub/msg/num.hpp
[3.449s] -- Up-to-date: /home/etern1ty/ros2_ws/install/custom_msg_pub/include/custom_msg_pub/custom_msg_pub/msg/detail
[3.449s] -- Installing: /home/etern1ty/ros2_ws/install/custom_msg_pub/include/custom_msg_pub/custom_msg_pub/msg/detail/num__builder.hpp
[3.449s] -- Installing: /home/etern1ty/ros2_ws/install/custom_msg_pub/include/custom_msg_pub/custom_msg_pub/msg/detail/num__traits.hpp
[3.450s] -- Installing: /home/etern1ty/ros2_ws/install/custom_msg_pub/include/custom_msg_pub/custom_msg_pub/msg/detail/num__struct.hpp
[3.450s] -- Up-to-date: /home/etern1ty/ros2_ws/install/custom_msg_pub/include/custom_msg_pub/custom_msg_pub
[3.450s] -- Up-to-date: /home/etern1ty/ros2_ws/install/custom_msg_pub/include/custom_msg_pub/custom_msg_pub/msg
[3.450s] -- Up-to-date: /home/etern1ty/ros2_ws/install/custom_msg_pub/include/custom_msg_pub/custom_msg_pub/msg/detail
[3.450s] -- Installing: /home/etern1ty/ros2_ws/install/custom_msg_pub/include/custom_msg_pub/custom_msg_pub/msg/detail/dds_fastrtps
[3.450s] -- Installing: /home/etern1ty/ros2_ws/install/custom_msg_pub/include/custom_msg_pub/custom_msg_pub/msg/detail/num__rosidl_typesupport_fastrtps_cpp.hpp
[3.450s] -- Installing: /home/etern1ty/ros2_ws/install/custom_msg_pub/include/custom_msg_pub/custom_msg_pub/msg/rosidl_typesupport_fastrtps_cpp__visibility_control.h
[3.450s] -- Installing: /home/etern1ty/ros2_ws/install/custom_msg_pub/lib/libcustom_msg_pub__rosidl_typesupport_fastrtps_cpp.so
[3.450s] -- Set runtime path of "/home/etern1ty/ros2_ws/install/custom_msg_pub/lib/libcustom_msg_pub__rosidl_typesupport_fastrtps_cpp.so" to ""
[3.451s] -- Up-to-date: /home/etern1ty/ros2_ws/install/custom_msg_pub/include/custom_msg_pub/custom_msg_pub
[3.451s] -- Up-to-date: /home/etern1ty/ros2_ws/install/custom_msg_pub/include/custom_msg_pub/custom_msg_pub/msg
[3.451s] -- Up-to-date: /home/etern1ty/ros2_ws/install/custom_msg_pub/include/custom_msg_pub/custom_msg_pub/msg/detail
[3.451s] -- Installing: /home/etern1ty/ros2_ws/install/custom_msg_pub/include/custom_msg_pub/custom_msg_pub/msg/detail/num__type_support.cpp
[3.451s] -- Installing: /home/etern1ty/ros2_ws/install/custom_msg_pub/include/custom_msg_pub/custom_msg_pub/msg/detail/num__rosidl_typesupport_introspection_cpp.hpp
[3.451s] -- Installing: /home/etern1ty/ros2_ws/install/custom_msg_pub/lib/libcustom_msg_pub__rosidl_typesupport_introspection_cpp.so
[3.451s] -- Set runtime path of "/home/etern1ty/ros2_ws/install/custom_msg_pub/lib/libcustom_msg_pub__rosidl_typesupport_introspection_cpp.so" to ""
[3.451s] -- Installing: /home/etern1ty/ros2_ws/install/custom_msg_pub/lib/libcustom_msg_pub__rosidl_typesupport_cpp.so
[3.452s] -- Set runtime path of "/home/etern1ty/ros2_ws/install/custom_msg_pub/lib/libcustom_msg_pub__rosidl_typesupport_cpp.so" to ""
[3.452s] -- Installing: /home/etern1ty/ros2_ws/install/custom_msg_pub/share/custom_msg_pub/environment/pythonpath.sh
[3.452s] -- Installing: /home/etern1ty/ros2_ws/install/custom_msg_pub/share/custom_msg_pub/environment/pythonpath.dsv
[3.452s] -- Installing: /home/etern1ty/ros2_ws/install/custom_msg_pub/local/lib/python3.10/dist-packages/custom_msg_pub-0.0.0-py3.10.egg-info
[3.452s] -- Installing: /home/etern1ty/ros2_ws/install/custom_msg_pub/local/lib/python3.10/dist-packages/custom_msg_pub-0.0.0-py3.10.egg-info/PKG-INFO
[3.452s] -- Installing: /home/etern1ty/ros2_ws/install/custom_msg_pub/local/lib/python3.10/dist-packages/custom_msg_pub-0.0.0-py3.10.egg-info/top_level.txt
[3.453s] -- Installing: /home/etern1ty/ros2_ws/install/custom_msg_pub/local/lib/python3.10/dist-packages/custom_msg_pub-0.0.0-py3.10.egg-info/SOURCES.txt
[3.453s] -- Installing: /home/etern1ty/ros2_ws/install/custom_msg_pub/local/lib/python3.10/dist-packages/custom_msg_pub-0.0.0-py3.10.egg-info/dependency_links.txt
[3.453s] -- Installing: /home/etern1ty/ros2_ws/install/custom_msg_pub/local/lib/python3.10/dist-packages/custom_msg_pub
[3.453s] -- Installing: /home/etern1ty/ros2_ws/install/custom_msg_pub/local/lib/python3.10/dist-packages/custom_msg_pub/custom_msg_pub_s__rosidl_typesupport_fastrtps_c.cpython-310-x86_64-linux-gnu.so
[3.453s] -- Installing: /home/etern1ty/ros2_ws/install/custom_msg_pub/local/lib/python3.10/dist-packages/custom_msg_pub/libcustom_msg_pub__rosidl_generator_py.so
[3.454s] -- Installing: /home/etern1ty/ros2_ws/install/custom_msg_pub/local/lib/python3.10/dist-packages/custom_msg_pub/custom_msg_pub_s__rosidl_typesupport_c.cpython-310-x86_64-linux-gnu.so
[3.454s] -- Installing: /home/etern1ty/ros2_ws/install/custom_msg_pub/local/lib/python3.10/dist-packages/custom_msg_pub/__init__.py
[3.454s] -- Installing: /home/etern1ty/ros2_ws/install/custom_msg_pub/local/lib/python3.10/dist-packages/custom_msg_pub/_custom_msg_pub_s.ep.rosidl_typesupport_c.c
[3.454s] -- Installing: /home/etern1ty/ros2_ws/install/custom_msg_pub/local/lib/python3.10/dist-packages/custom_msg_pub/_custom_msg_pub_s.ep.rosidl_typesupport_introspection_c.c
[3.454s] -- Installing: /home/etern1ty/ros2_ws/install/custom_msg_pub/local/lib/python3.10/dist-packages/custom_msg_pub/msg
[3.454s] -- Installing: /home/etern1ty/ros2_ws/install/custom_msg_pub/local/lib/python3.10/dist-packages/custom_msg_pub/msg/__init__.py
[3.454s] -- Installing: /home/etern1ty/ros2_ws/install/custom_msg_pub/local/lib/python3.10/dist-packages/custom_msg_pub/msg/_num_s.c
[3.454s] -- Installing: /home/etern1ty/ros2_ws/install/custom_msg_pub/local/lib/python3.10/dist-packages/custom_msg_pub/msg/_num.py
[3.454s] -- Installing: /home/etern1ty/ros2_ws/install/custom_msg_pub/local/lib/python3.10/dist-packages/custom_msg_pub/_custom_msg_pub_s.ep.rosidl_typesupport_fastrtps_c.c
[3.454s] -- Installing: /home/etern1ty/ros2_ws/install/custom_msg_pub/local/lib/python3.10/dist-packages/custom_msg_pub/custom_msg_pub_s__rosidl_typesupport_introspection_c.cpython-310-x86_64-linux-gnu.so
[3.483s] Listing '/home/etern1ty/ros2_ws/install/custom_msg_pub/local/lib/python3.10/dist-packages/custom_msg_pub'...
[3.483s] Compiling '/home/etern1ty/ros2_ws/install/custom_msg_pub/local/lib/python3.10/dist-packages/custom_msg_pub/__init__.py'...
[3.483s] Listing '/home/etern1ty/ros2_ws/install/custom_msg_pub/local/lib/python3.10/dist-packages/custom_msg_pub/msg'...
[3.483s] Compiling '/home/etern1ty/ros2_ws/install/custom_msg_pub/local/lib/python3.10/dist-packages/custom_msg_pub/msg/__init__.py'...
[3.483s] Compiling '/home/etern1ty/ros2_ws/install/custom_msg_pub/local/lib/python3.10/dist-packages/custom_msg_pub/msg/_num.py'...
[3.488s] -- Installing: /home/etern1ty/ros2_ws/install/custom_msg_pub/local/lib/python3.10/dist-packages/custom_msg_pub/custom_msg_pub_s__rosidl_typesupport_fastrtps_c.cpython-310-x86_64-linux-gnu.so
[3.488s] -- Set runtime path of "/home/etern1ty/ros2_ws/install/custom_msg_pub/local/lib/python3.10/dist-packages/custom_msg_pub/custom_msg_pub_s__rosidl_typesupport_fastrtps_c.cpython-310-x86_64-linux-gnu.so" to ""
[3.488s] -- Installing: /home/etern1ty/ros2_ws/install/custom_msg_pub/local/lib/python3.10/dist-packages/custom_msg_pub/custom_msg_pub_s__rosidl_typesupport_introspection_c.cpython-310-x86_64-linux-gnu.so
[3.489s] -- Set runtime path of "/home/etern1ty/ros2_ws/install/custom_msg_pub/local/lib/python3.10/dist-packages/custom_msg_pub/custom_msg_pub_s__rosidl_typesupport_introspection_c.cpython-310-x86_64-linux-gnu.so" to ""
[3.489s] -- Installing: /home/etern1ty/ros2_ws/install/custom_msg_pub/local/lib/python3.10/dist-packages/custom_msg_pub/custom_msg_pub_s__rosidl_typesupport_c.cpython-310-x86_64-linux-gnu.so
[3.489s] -- Set runtime path of "/home/etern1ty/ros2_ws/install/custom_msg_pub/local/lib/python3.10/dist-packages/custom_msg_pub/custom_msg_pub_s__rosidl_typesupport_c.cpython-310-x86_64-linux-gnu.so" to ""
[3.489s] -- Installing: /home/etern1ty/ros2_ws/install/custom_msg_pub/lib/libcustom_msg_pub__rosidl_generator_py.so
[3.490s] -- Set runtime path of "/home/etern1ty/ros2_ws/install/custom_msg_pub/lib/libcustom_msg_pub__rosidl_generator_py.so" to ""
[3.490s] -- Installing: /home/etern1ty/ros2_ws/install/custom_msg_pub/share/custom_msg_pub/msg/Num.idl
[3.490s] -- Installing: /home/etern1ty/ros2_ws/install/custom_msg_pub/share/custom_msg_pub/msg/Num.msg
[3.490s] -- Installing: /home/etern1ty/ros2_ws/install/custom_msg_pub/share/ament_index/resource_index/package_run_dependencies/custom_msg_pub
[3.490s] -- Installing: /home/etern1ty/ros2_ws/install/custom_msg_pub/share/ament_index/resource_index/parent_prefix_path/custom_msg_pub
[3.490s] -- Installing: /home/etern1ty/ros2_ws/install/custom_msg_pub/share/custom_msg_pub/environment/ament_prefix_path.sh
[3.491s] -- Installing: /home/etern1ty/ros2_ws/install/custom_msg_pub/share/custom_msg_pub/environment/ament_prefix_path.dsv
[3.491s] -- Installing: /home/etern1ty/ros2_ws/install/custom_msg_pub/share/custom_msg_pub/environment/path.sh
[3.491s] -- Installing: /home/etern1ty/ros2_ws/install/custom_msg_pub/share/custom_msg_pub/environment/path.dsv
[3.491s] -- Installing: /home/etern1ty/ros2_ws/install/custom_msg_pub/share/custom_msg_pub/local_setup.bash
[3.491s] -- Installing: /home/etern1ty/ros2_ws/install/custom_msg_pub/share/custom_msg_pub/local_setup.sh
[3.492s] -- Installing: /home/etern1ty/ros2_ws/install/custom_msg_pub/share/custom_msg_pub/local_setup.zsh
[3.492s] -- Installing: /home/etern1ty/ros2_ws/install/custom_msg_pub/share/custom_msg_pub/local_setup.dsv
[3.492s] -- Installing: /home/etern1ty/ros2_ws/install/custom_msg_pub/share/custom_msg_pub/package.dsv
[3.492s] -- Installing: /home/etern1ty/ros2_ws/install/custom_msg_pub/share/ament_index/resource_index/packages/custom_msg_pub
[3.493s] -- Installing: /home/etern1ty/ros2_ws/install/custom_msg_pub/share/custom_msg_pub/cmake/export_custom_msg_pub__rosidl_generator_cExport.cmake
[3.493s] -- Installing: /home/etern1ty/ros2_ws/install/custom_msg_pub/share/custom_msg_pub/cmake/export_custom_msg_pub__rosidl_generator_cExport-noconfig.cmake
[3.493s] -- Installing: /home/etern1ty/ros2_ws/install/custom_msg_pub/share/custom_msg_pub/cmake/export_custom_msg_pub__rosidl_typesupport_fastrtps_cExport.cmake
[3.493s] -- Installing: /home/etern1ty/ros2_ws/install/custom_msg_pub/share/custom_msg_pub/cmake/export_custom_msg_pub__rosidl_typesupport_fastrtps_cExport-noconfig.cmake
[3.494s] -- Installing: /home/etern1ty/ros2_ws/install/custom_msg_pub/share/custom_msg_pub/cmake/custom_msg_pub__rosidl_typesupport_introspection_cExport.cmake
[3.494s] -- Installing: /home/etern1ty/ros2_ws/install/custom_msg_pub/share/custom_msg_pub/cmake/custom_msg_pub__rosidl_typesupport_introspection_cExport-noconfig.cmake
[3.494s] -- Installing: /home/etern1ty/ros2_ws/install/custom_msg_pub/share/custom_msg_pub/cmake/custom_msg_pub__rosidl_typesupport_cExport.cmake
[3.494s] -- Installing: /home/etern1ty/ros2_ws/install/custom_msg_pub/share/custom_msg_pub/cmake/custom_msg_pub__rosidl_typesupport_cExport-noconfig.cmake
[3.494s] -- Installing: /home/etern1ty/ros2_ws/install/custom_msg_pub/share/custom_msg_pub/cmake/export_custom_msg_pub__rosidl_generator_cppExport.cmake
[3.494s] -- Installing: /home/etern1ty/ros2_ws/install/custom_msg_pub/share/custom_msg_pub/cmake/export_custom_msg_pub__rosidl_typesupport_fastrtps_cppExport.cmake
[3.494s] -- Installing: /home/etern1ty/ros2_ws/install/custom_msg_pub/share/custom_msg_pub/cmake/export_custom_msg_pub__rosidl_typesupport_fastrtps_cppExport-noconfig.cmake
[3.495s] -- Installing: /home/etern1ty/ros2_ws/install/custom_msg_pub/share/custom_msg_pub/cmake/custom_msg_pub__rosidl_typesupport_introspection_cppExport.cmake
[3.495s] -- Installing: /home/etern1ty/ros2_ws/install/custom_msg_pub/share/custom_msg_pub/cmake/custom_msg_pub__rosidl_typesupport_introspection_cppExport-noconfig.cmake
[3.495s] -- Installing: /home/etern1ty/ros2_ws/install/custom_msg_pub/share/custom_msg_pub/cmake/custom_msg_pub__rosidl_typesupport_cppExport.cmake
[3.495s] -- Installing: /home/etern1ty/ros2_ws/install/custom_msg_pub/share/custom_msg_pub/cmake/custom_msg_pub__rosidl_typesupport_cppExport-noconfig.cmake
[3.495s] -- Installing: /home/etern1ty/ros2_ws/install/custom_msg_pub/share/custom_msg_pub/cmake/export_custom_msg_pub__rosidl_generator_pyExport.cmake
[3.495s] -- Installing: /home/etern1ty/ros2_ws/install/custom_msg_pub/share/custom_msg_pub/cmake/export_custom_msg_pub__rosidl_generator_pyExport-noconfig.cmake
[3.496s] -- Installing: /home/etern1ty/ros2_ws/install/custom_msg_pub/share/custom_msg_pub/cmake/rosidl_cmake-extras.cmake
[3.496s] -- Installing: /home/etern1ty/ros2_ws/install/custom_msg_pub/share/custom_msg_pub/cmake/ament_cmake_export_include_directories-extras.cmake
[3.496s] -- Installing: /home/etern1ty/ros2_ws/install/custom_msg_pub/share/custom_msg_pub/cmake/ament_cmake_export_libraries-extras.cmake
[3.496s] -- Installing: /home/etern1ty/ros2_ws/install/custom_msg_pub/share/custom_msg_pub/cmake/ament_cmake_export_targets-extras.cmake
[3.496s] -- Installing: /home/etern1ty/ros2_ws/install/custom_msg_pub/share/custom_msg_pub/cmake/rosidl_cmake_export_typesupport_targets-extras.cmake
[3.496s] -- Installing: /home/etern1ty/ros2_ws/install/custom_msg_pub/share/custom_msg_pub/cmake/ament_cmake_export_dependencies-extras.cmake
[3.496s] -- Installing: /home/etern1ty/ros2_ws/install/custom_msg_pub/share/custom_msg_pub/cmake/rosidl_cmake_export_typesupport_libraries-extras.cmake
[3.497s] -- Installing: /home/etern1ty/ros2_ws/install/custom_msg_pub/share/custom_msg_pub/cmake/custom_msg_pubConfig.cmake
[3.497s] -- Installing: /home/etern1ty/ros2_ws/install/custom_msg_pub/share/custom_msg_pub/cmake/custom_msg_pubConfig-version.cmake
[3.497s] -- Installing: /home/etern1ty/ros2_ws/install/custom_msg_pub/share/custom_msg_pub/package.xml
[3.500s] Invoked command in '/home/etern1ty/ros2_ws/build/custom_msg_pub' returned '0': CMAKE_PREFIX_PATH=/opt/ros/humble /usr/bin/cmake --install /home/etern1ty/ros2_ws/build/custom_msg_pub
