[0.661s] Invoking command in '/home/etern1ty/ros2_ws/src/src/examples/rclpy/actions/minimal_action_server': PYTHONPATH=/home/etern1ty/ros2_ws/build/examples_rclpy_minimal_action_server/prefix_override:/home/etern1ty/ros2_ws/install/examples_rclpy_minimal_action_server/lib/python3.10/site-packages:${PYTHONPATH} /usr/bin/python3 setup.py egg_info --egg-base ../../../../../../build/examples_rclpy_minimal_action_server build --build-base /home/etern1ty/ros2_ws/build/examples_rclpy_minimal_action_server/build install --record /home/etern1ty/ros2_ws/build/examples_rclpy_minimal_action_server/install.log --single-version-externally-managed
[0.885s] running egg_info
[0.885s] creating ../../../../../../build/examples_rclpy_minimal_action_server/examples_rclpy_minimal_action_server.egg-info
[0.885s] writing ../../../../../../build/examples_rclpy_minimal_action_server/examples_rclpy_minimal_action_server.egg-info/PKG-INFO
[0.885s] writing dependency_links to ../../../../../../build/examples_rclpy_minimal_action_server/examples_rclpy_minimal_action_server.egg-info/dependency_links.txt
[0.886s] writing entry points to ../../../../../../build/examples_rclpy_minimal_action_server/examples_rclpy_minimal_action_server.egg-info/entry_points.txt
[0.886s] writing requirements to ../../../../../../build/examples_rclpy_minimal_action_server/examples_rclpy_minimal_action_server.egg-info/requires.txt
[0.886s] writing top-level names to ../../../../../../build/examples_rclpy_minimal_action_server/examples_rclpy_minimal_action_server.egg-info/top_level.txt
[0.886s] writing manifest file '../../../../../../build/examples_rclpy_minimal_action_server/examples_rclpy_minimal_action_server.egg-info/SOURCES.txt'
[0.897s] reading manifest file '../../../../../../build/examples_rclpy_minimal_action_server/examples_rclpy_minimal_action_server.egg-info/SOURCES.txt'
[0.898s] writing manifest file '../../../../../../build/examples_rclpy_minimal_action_server/examples_rclpy_minimal_action_server.egg-info/SOURCES.txt'
[0.898s] running build
[0.898s] running build_py
[0.898s] creating /home/etern1ty/ros2_ws/build/examples_rclpy_minimal_action_server/build
[0.898s] creating /home/etern1ty/ros2_ws/build/examples_rclpy_minimal_action_server/build/lib
[0.898s] creating /home/etern1ty/ros2_ws/build/examples_rclpy_minimal_action_server/build/lib/examples_rclpy_minimal_action_server
[0.898s] copying examples_rclpy_minimal_action_server/server_single_goal.py -> /home/etern1ty/ros2_ws/build/examples_rclpy_minimal_action_server/build/lib/examples_rclpy_minimal_action_server
[0.898s] copying examples_rclpy_minimal_action_server/server_not_composable.py -> /home/etern1ty/ros2_ws/build/examples_rclpy_minimal_action_server/build/lib/examples_rclpy_minimal_action_server
[0.899s] copying examples_rclpy_minimal_action_server/__init__.py -> /home/etern1ty/ros2_ws/build/examples_rclpy_minimal_action_server/build/lib/examples_rclpy_minimal_action_server
[0.899s] copying examples_rclpy_minimal_action_server/server_defer.py -> /home/etern1ty/ros2_ws/build/examples_rclpy_minimal_action_server/build/lib/examples_rclpy_minimal_action_server
[0.899s] copying examples_rclpy_minimal_action_server/server_queue_goals.py -> /home/etern1ty/ros2_ws/build/examples_rclpy_minimal_action_server/build/lib/examples_rclpy_minimal_action_server
[0.899s] copying examples_rclpy_minimal_action_server/server.py -> /home/etern1ty/ros2_ws/build/examples_rclpy_minimal_action_server/build/lib/examples_rclpy_minimal_action_server
[0.899s] running install
[0.900s] running install_lib
[0.900s] creating /home/etern1ty/ros2_ws/install/examples_rclpy_minimal_action_server/lib/python3.10/site-packages/examples_rclpy_minimal_action_server
[0.901s] copying /home/etern1ty/ros2_ws/build/examples_rclpy_minimal_action_server/build/lib/examples_rclpy_minimal_action_server/server_single_goal.py -> /home/etern1ty/ros2_ws/install/examples_rclpy_minimal_action_server/lib/python3.10/site-packages/examples_rclpy_minimal_action_server
[0.901s] copying /home/etern1ty/ros2_ws/build/examples_rclpy_minimal_action_server/build/lib/examples_rclpy_minimal_action_server/server_not_composable.py -> /home/etern1ty/ros2_ws/install/examples_rclpy_minimal_action_server/lib/python3.10/site-packages/examples_rclpy_minimal_action_server
[0.901s] copying /home/etern1ty/ros2_ws/build/examples_rclpy_minimal_action_server/build/lib/examples_rclpy_minimal_action_server/__init__.py -> /home/etern1ty/ros2_ws/install/examples_rclpy_minimal_action_server/lib/python3.10/site-packages/examples_rclpy_minimal_action_server
[0.901s] copying /home/etern1ty/ros2_ws/build/examples_rclpy_minimal_action_server/build/lib/examples_rclpy_minimal_action_server/server_defer.py -> /home/etern1ty/ros2_ws/install/examples_rclpy_minimal_action_server/lib/python3.10/site-packages/examples_rclpy_minimal_action_server
[0.901s] copying /home/etern1ty/ros2_ws/build/examples_rclpy_minimal_action_server/build/lib/examples_rclpy_minimal_action_server/server_queue_goals.py -> /home/etern1ty/ros2_ws/install/examples_rclpy_minimal_action_server/lib/python3.10/site-packages/examples_rclpy_minimal_action_server
[0.901s] copying /home/etern1ty/ros2_ws/build/examples_rclpy_minimal_action_server/build/lib/examples_rclpy_minimal_action_server/server.py -> /home/etern1ty/ros2_ws/install/examples_rclpy_minimal_action_server/lib/python3.10/site-packages/examples_rclpy_minimal_action_server
[0.901s] byte-compiling /home/etern1ty/ros2_ws/install/examples_rclpy_minimal_action_server/lib/python3.10/site-packages/examples_rclpy_minimal_action_server/server_single_goal.py to server_single_goal.cpython-310.pyc
[0.902s] byte-compiling /home/etern1ty/ros2_ws/install/examples_rclpy_minimal_action_server/lib/python3.10/site-packages/examples_rclpy_minimal_action_server/server_not_composable.py to server_not_composable.cpython-310.pyc
[0.903s] byte-compiling /home/etern1ty/ros2_ws/install/examples_rclpy_minimal_action_server/lib/python3.10/site-packages/examples_rclpy_minimal_action_server/__init__.py to __init__.cpython-310.pyc
[0.903s] byte-compiling /home/etern1ty/ros2_ws/install/examples_rclpy_minimal_action_server/lib/python3.10/site-packages/examples_rclpy_minimal_action_server/server_defer.py to server_defer.cpython-310.pyc
[0.903s] byte-compiling /home/etern1ty/ros2_ws/install/examples_rclpy_minimal_action_server/lib/python3.10/site-packages/examples_rclpy_minimal_action_server/server_queue_goals.py to server_queue_goals.cpython-310.pyc
[0.904s] byte-compiling /home/etern1ty/ros2_ws/install/examples_rclpy_minimal_action_server/lib/python3.10/site-packages/examples_rclpy_minimal_action_server/server.py to server.cpython-310.pyc
[0.904s] running install_data
[0.905s] creating /home/etern1ty/ros2_ws/install/examples_rclpy_minimal_action_server/share/ament_index
[0.905s] creating /home/etern1ty/ros2_ws/install/examples_rclpy_minimal_action_server/share/ament_index/resource_index
[0.905s] creating /home/etern1ty/ros2_ws/install/examples_rclpy_minimal_action_server/share/ament_index/resource_index/packages
[0.905s] copying resource/examples_rclpy_minimal_action_server -> /home/etern1ty/ros2_ws/install/examples_rclpy_minimal_action_server/share/ament_index/resource_index/packages
[0.905s] copying package.xml -> /home/etern1ty/ros2_ws/install/examples_rclpy_minimal_action_server/share/examples_rclpy_minimal_action_server
[0.905s] running install_egg_info
[0.907s] Copying ../../../../../../build/examples_rclpy_minimal_action_server/examples_rclpy_minimal_action_server.egg-info to /home/etern1ty/ros2_ws/install/examples_rclpy_minimal_action_server/lib/python3.10/site-packages/examples_rclpy_minimal_action_server-0.15.1-py3.10.egg-info
[0.908s] running install_scripts
[0.925s] Installing server script to /home/etern1ty/ros2_ws/install/examples_rclpy_minimal_action_server/lib/examples_rclpy_minimal_action_server
[0.925s] Installing server_defer script to /home/etern1ty/ros2_ws/install/examples_rclpy_minimal_action_server/lib/examples_rclpy_minimal_action_server
[0.925s] Installing server_not_composable script to /home/etern1ty/ros2_ws/install/examples_rclpy_minimal_action_server/lib/examples_rclpy_minimal_action_server
[0.925s] Installing server_queue_goals script to /home/etern1ty/ros2_ws/install/examples_rclpy_minimal_action_server/lib/examples_rclpy_minimal_action_server
[0.925s] Installing server_single_goal script to /home/etern1ty/ros2_ws/install/examples_rclpy_minimal_action_server/lib/examples_rclpy_minimal_action_server
[0.925s] writing list of installed files to '/home/etern1ty/ros2_ws/build/examples_rclpy_minimal_action_server/install.log'
[0.958s] Invoked command in '/home/etern1ty/ros2_ws/src/src/examples/rclpy/actions/minimal_action_server' returned '0': PYTHONPATH=/home/etern1ty/ros2_ws/build/examples_rclpy_minimal_action_server/prefix_override:/home/etern1ty/ros2_ws/install/examples_rclpy_minimal_action_server/lib/python3.10/site-packages:${PYTHONPATH} /usr/bin/python3 setup.py egg_info --egg-base ../../../../../../build/examples_rclpy_minimal_action_server build --build-base /home/etern1ty/ros2_ws/build/examples_rclpy_minimal_action_server/build install --record /home/etern1ty/ros2_ws/build/examples_rclpy_minimal_action_server/install.log --single-version-externally-managed
