[0.056s] Invoking command in '/home/etern1ty/ros2_ws/build/flare_detection': CMAKE_PREFIX_PATH=/opt/ros/humble /usr/bin/cmake /home/etern1ty/ros2_ws/src/opencv/flare_detection -DCMAKE_INSTALL_PREFIX=/home/etern1ty/ros2_ws/install/flare_detection
[0.171s] -- The C compiler identification is GNU 11.4.0
[0.272s] -- The CXX compiler identification is GNU 11.4.0
[0.284s] -- Detecting C compiler ABI info
[0.363s] -- Detecting C compiler ABI info - done
[0.369s] -- Check for working C compiler: /usr/bin/cc - skipped
[0.370s] -- Detecting C compile features
[0.370s] -- Detecting C compile features - done
[0.374s] -- Detecting CXX compiler ABI info
[0.458s] -- Detecting CXX compiler ABI info - done
[0.465s] -- Check for working CXX compiler: /usr/bin/c++ - skipped
[0.465s] -- Detecting CXX compile features
[0.466s] -- Detecting CXX compile features - done
[0.470s] -- Found ament_cmake: 1.3.7 (/opt/ros/humble/share/ament_cmake/cmake)
[0.634s] -- Found Python3: /usr/bin/python3.10 (found version "3.10.12") found components: Interpreter 
[0.729s] -- Found rclcpp: 16.0.8 (/opt/ros/humble/share/rclcpp/cmake)
[0.782s] -- Found rosidl_generator_c: 3.1.5 (/opt/ros/humble/share/rosidl_generator_c/cmake)
[0.788s] -- Found rosidl_adapter: 3.1.5 (/opt/ros/humble/share/rosidl_adapter/cmake)
[0.798s] -- Found rosidl_generator_cpp: 3.1.5 (/opt/ros/humble/share/rosidl_generator_cpp/cmake)
[0.814s] -- Using all available rosidl_typesupport_c: rosidl_typesupport_fastrtps_c;rosidl_typesupport_introspection_c
[0.835s] -- Using all available rosidl_typesupport_cpp: rosidl_typesupport_fastrtps_cpp;rosidl_typesupport_introspection_cpp
[0.910s] -- Found rmw_implementation_cmake: 6.1.1 (/opt/ros/humble/share/rmw_implementation_cmake/cmake)
[0.913s] -- Found rmw_fastrtps_cpp: 6.2.6 (/opt/ros/humble/share/rmw_fastrtps_cpp/cmake)
[1.057s] -- Found OpenSSL: /usr/lib/x86_64-linux-gnu/libcrypto.so (found version "3.0.2")  
[1.089s] -- Found FastRTPS: /opt/ros/humble/include  
[1.142s] -- Using RMW implementation 'rmw_fastrtps_cpp' as default
[1.154s] -- Looking for pthread.h
[1.234s] -- Looking for pthread.h - found
[1.235s] -- Performing Test CMAKE_HAVE_LIBC_PTHREAD
[1.313s] -- Performing Test CMAKE_HAVE_LIBC_PTHREAD - Success
[1.313s] -- Found Threads: TRUE  
[1.473s] -- Found OpenCV: /usr/local (found version "4.9.0") 
[1.474s] -- Found rosidl_default_generators: 1.2.0 (/opt/ros/humble/share/rosidl_default_generators/cmake)
[1.636s] [31mCMake Error at /opt/ros/humble/share/rosidl_adapter/cmake/rosidl_adapt_interfaces.cmake:59 (message):
[1.636s]   execute_process(/usr/bin/python3.10 -m rosidl_adapter --package-name
[1.636s]   flare_detection --arguments-file
[1.636s]   /home/etern1ty/ros2_ws/build/flare_detection/rosidl_adapter__arguments__flare_detection.json
[1.637s]   --output-dir
[1.637s]   /home/etern1ty/ros2_ws/build/flare_detection/rosidl_adapter/flare_detection
[1.637s]   --output-file
[1.637s]   /home/etern1ty/ros2_ws/build/flare_detection/rosidl_adapter/flare_detection.idls)
[1.637s]   returned error code 1:
[1.637s] 
[1.637s]   Traceback (most recent call last):
[1.637s] 
[1.637s]     File "/usr/lib/python3.10/runpy.py", line 196, in _run_module_as_main
[1.637s]       return _run_code(code, main_globals, None,
[1.637s]     File "/usr/lib/python3.10/runpy.py", line 86, in _run_code
[1.637s]       exec(code, run_globals)
[1.637s]     File "/opt/ros/humble/local/lib/python3.10/dist-packages/rosidl_adapter/__main__.py", line 19, in <module>
[1.637s]       sys.exit(main())
[1.637s]     File "/opt/ros/humble/local/lib/python3.10/dist-packages/rosidl_adapter/main.py", line 53, in main
[1.637s]       abs_idl_file = convert_to_idl(
[1.637s]     File "/opt/ros/humble/local/lib/python3.10/dist-packages/rosidl_adapter/__init__.py", line 19, in convert_to_idl
[1.637s]       return convert_msg_to_idl(
[1.638s]     File "/opt/ros/humble/local/lib/python3.10/dist-packages/rosidl_adapter/msg/__init__.py", line 28, in convert_msg_to_idl
[1.638s]       msg = parse_message_string(package_name, input_file.stem, content)
[1.638s]     File "/opt/ros/humble/local/lib/python3.10/dist-packages/rosidl_adapter/parser.py", line 544, in parse_message_string
[1.638s]       msg = MessageSpecification(pkg_name, msg_name, fields, constants)
[1.638s]     File "/opt/ros/humble/local/lib/python3.10/dist-packages/rosidl_adapter/parser.py", line 388, in __init__
[1.638s]       self.base_type = BaseType(
[1.638s]     File "/opt/ros/humble/local/lib/python3.10/dist-packages/rosidl_adapter/parser.py", line 205, in __init__
[1.638s]       raise InvalidResourceName(
[1.638s] 
[1.638s]   rosidl_adapter.parser.InvalidResourceName: 'detected_object' is an invalid
[1.638s]   message name.  It should have the pattern '^[A-Z][A-Za-z0-9]*$'
[1.638s] 
[1.638s] Call Stack (most recent call first):
[1.638s]   /opt/ros/humble/share/rosidl_cmake/cmake/rosidl_generate_interfaces.cmake:130 (rosidl_adapt_interfaces)
[1.638s]   CMakeLists.txt:18 (rosidl_generate_interfaces)
[1.638s] 
[1.638s] [0m
[1.638s] -- Configuring incomplete, errors occurred!
[1.638s] See also "/home/etern1ty/ros2_ws/build/flare_detection/CMakeFiles/CMakeOutput.log".
[1.647s] Invoked command in '/home/etern1ty/ros2_ws/build/flare_detection' returned '1': CMAKE_PREFIX_PATH=/opt/ros/humble /usr/bin/cmake /home/etern1ty/ros2_ws/src/opencv/flare_detection -DCMAKE_INSTALL_PREFIX=/home/etern1ty/ros2_ws/install/flare_detection
