[0.049s] Invoking command in '/home/etern1ty/ros2_ws/build/examples_rclcpp_minimal_composition': CMAKE_PREFIX_PATH=/opt/ros/humble /usr/bin/cmake --build /home/etern1ty/ros2_ws/build/examples_rclcpp_minimal_composition -- -j12 -l12
[0.112s] [ 33%] Built target composition_nodes
[0.141s] [100%] Built target composition_subscriber
[0.142s] [100%] Built target composition_publisher
[0.142s] [100%] Built target composition_composed
[0.154s] Invoked command in '/home/etern1ty/ros2_ws/build/examples_rclcpp_minimal_composition' returned '0': CMAKE_PREFIX_PATH=/opt/ros/humble /usr/bin/cmake --build /home/etern1ty/ros2_ws/build/examples_rclcpp_minimal_composition -- -j12 -l12
[0.214s] Invoking command in '/home/etern1ty/ros2_ws/build/examples_rclcpp_minimal_composition': CMAKE_PREFIX_PATH=/opt/ros/humble /usr/bin/cmake --install /home/etern1ty/ros2_ws/build/examples_rclcpp_minimal_composition
[0.222s] -- Install configuration: ""
[0.222s] -- Up-to-date: /home/etern1ty/ros2_ws/install/examples_rclcpp_minimal_composition/share/examples_rclcpp_minimal_composition/environment/library_path.sh
[0.222s] -- Up-to-date: /home/etern1ty/ros2_ws/install/examples_rclcpp_minimal_composition/share/examples_rclcpp_minimal_composition/environment/library_path.dsv
[0.224s] -- Up-to-date: /home/etern1ty/ros2_ws/install/examples_rclcpp_minimal_composition/lib/libcomposition_nodes.so
[0.225s] -- Up-to-date: /home/etern1ty/ros2_ws/install/examples_rclcpp_minimal_composition/lib/examples_rclcpp_minimal_composition/composition_publisher
[0.225s] -- Up-to-date: /home/etern1ty/ros2_ws/install/examples_rclcpp_minimal_composition/lib/examples_rclcpp_minimal_composition/composition_subscriber
[0.226s] -- Up-to-date: /home/etern1ty/ros2_ws/install/examples_rclcpp_minimal_composition/lib/examples_rclcpp_minimal_composition/composition_composed
[0.226s] -- Up-to-date: /home/etern1ty/ros2_ws/install/examples_rclcpp_minimal_composition/share/ament_index/resource_index/package_run_dependencies/examples_rclcpp_minimal_composition
[0.226s] -- Up-to-date: /home/etern1ty/ros2_ws/install/examples_rclcpp_minimal_composition/share/ament_index/resource_index/parent_prefix_path/examples_rclcpp_minimal_composition
[0.226s] -- Up-to-date: /home/etern1ty/ros2_ws/install/examples_rclcpp_minimal_composition/share/examples_rclcpp_minimal_composition/environment/ament_prefix_path.sh
[0.226s] -- Up-to-date: /home/etern1ty/ros2_ws/install/examples_rclcpp_minimal_composition/share/examples_rclcpp_minimal_composition/environment/ament_prefix_path.dsv
[0.226s] -- Up-to-date: /home/etern1ty/ros2_ws/install/examples_rclcpp_minimal_composition/share/examples_rclcpp_minimal_composition/environment/path.sh
[0.226s] -- Up-to-date: /home/etern1ty/ros2_ws/install/examples_rclcpp_minimal_composition/share/examples_rclcpp_minimal_composition/environment/path.dsv
[0.227s] -- Up-to-date: /home/etern1ty/ros2_ws/install/examples_rclcpp_minimal_composition/share/examples_rclcpp_minimal_composition/local_setup.bash
[0.227s] -- Up-to-date: /home/etern1ty/ros2_ws/install/examples_rclcpp_minimal_composition/share/examples_rclcpp_minimal_composition/local_setup.sh
[0.227s] -- Up-to-date: /home/etern1ty/ros2_ws/install/examples_rclcpp_minimal_composition/share/examples_rclcpp_minimal_composition/local_setup.zsh
[0.227s] -- Up-to-date: /home/etern1ty/ros2_ws/install/examples_rclcpp_minimal_composition/share/examples_rclcpp_minimal_composition/local_setup.dsv
[0.227s] -- Installing: /home/etern1ty/ros2_ws/install/examples_rclcpp_minimal_composition/share/examples_rclcpp_minimal_composition/package.dsv
[0.227s] -- Up-to-date: /home/etern1ty/ros2_ws/install/examples_rclcpp_minimal_composition/share/ament_index/resource_index/packages/examples_rclcpp_minimal_composition
[0.227s] -- Up-to-date: /home/etern1ty/ros2_ws/install/examples_rclcpp_minimal_composition/share/examples_rclcpp_minimal_composition/cmake/examples_rclcpp_minimal_compositionConfig.cmake
[0.227s] -- Up-to-date: /home/etern1ty/ros2_ws/install/examples_rclcpp_minimal_composition/share/examples_rclcpp_minimal_composition/cmake/examples_rclcpp_minimal_compositionConfig-version.cmake
[0.227s] -- Up-to-date: /home/etern1ty/ros2_ws/install/examples_rclcpp_minimal_composition/share/examples_rclcpp_minimal_composition/package.xml
[0.230s] Invoked command in '/home/etern1ty/ros2_ws/build/examples_rclcpp_minimal_composition' returned '0': CMAKE_PREFIX_PATH=/opt/ros/humble /usr/bin/cmake --install /home/etern1ty/ros2_ws/build/examples_rclcpp_minimal_composition
