[0.074s] Invoking command in '/home/etern1ty/ros2_ws/build/obj_msg': CMAKE_PREFIX_PATH=${CMAKE_PREFIX_PATH}:/home/etern1ty/ros2_ws/install/launch_testing_examples:/home/etern1ty/ros2_ws/install/examples_rclpy_pointcloud_publisher:/home/etern1ty/ros2_ws/install/examples_rclpy_minimal_subscriber:/home/etern1ty/ros2_ws/install/examples_rclpy_minimal_service:/home/etern1ty/ros2_ws/install/examples_rclpy_minimal_publisher:/home/etern1ty/ros2_ws/install/examples_rclpy_minimal_client:/home/etern1ty/ros2_ws/install/examples_rclpy_minimal_action_server:/home/etern1ty/ros2_ws/install/examples_rclpy_minimal_action_client:/home/etern1ty/ros2_ws/install/examples_rclpy_guard_conditions:/home/etern1ty/ros2_ws/install/examples_rclpy_executors:/opt/ros/humble /usr/bin/cmake --build /home/etern1ty/ros2_ws/build/obj_msg -- -j12 -l12
[0.108s] -- Found ament_cmake: 1.3.7 (/opt/ros/humble/share/ament_cmake/cmake)
[0.285s] -- Found rosidl_default_generators: 1.2.0 (/opt/ros/humble/share/rosidl_default_generators/cmake)
[0.290s] -- Using all available rosidl_typesupport_c: rosidl_typesupport_fastrtps_c;rosidl_typesupport_introspection_c
[0.292s] -- Found rosidl_adapter: 3.1.5 (/opt/ros/humble/share/rosidl_adapter/cmake)
[0.323s] -- Using all available rosidl_typesupport_cpp: rosidl_typesupport_fastrtps_cpp;rosidl_typesupport_introspection_cpp
[0.633s] -- Found ament_cmake_ros: 0.10.0 (/opt/ros/humble/share/ament_cmake_ros/cmake)
[0.847s] -- Using all available rosidl_typesupport_c: rosidl_typesupport_fastrtps_c;rosidl_typesupport_introspection_c
[1.104s] -- Using all available rosidl_typesupport_cpp: rosidl_typesupport_fastrtps_cpp;rosidl_typesupport_introspection_cpp
[1.130s] -- Found python_cmake_module: 0.10.0 (/opt/ros/humble/share/python_cmake_module/cmake)
[1.157s] -- Using PYTHON_EXECUTABLE: /usr/bin/python3
[1.157s] -- Using PYTHON_INCLUDE_DIRS: /usr/include/python3.10
[1.157s] -- Using PYTHON_LIBRARIES: /usr/lib/x86_64-linux-gnu/libpython3.10.so
[1.176s] -- Found ament_lint_auto: 0.12.10 (/opt/ros/humble/share/ament_lint_auto/cmake)
[1.191s] -- Added test 'flake8' to check Python code syntax and style conventions
[1.192s] -- Added test 'lint_cmake' to check CMake code style
[1.193s] -- Added test 'pep257' to check Python code against some of the docstring style conventions in PEP 257
[1.197s] -- Added test 'xmllint' to check XML markup files
[1.198s] -- Configuring done
[1.225s] -- Generating done
[1.229s] -- Build files have been written to: /home/etern1ty/ros2_ws/build/obj_msg
[1.260s] [35m[1mConsolidate compiler generated dependencies of target obj_msg__rosidl_generator_c[0m
[1.273s] [  9%] Built target obj_msg__cpp
[1.273s] [ 12%] Built target obj_msg__rosidl_generator_c
[1.285s] [ 12%] Built target ament_cmake_python_copy_obj_msg
[1.286s] [35m[1mConsolidate compiler generated dependencies of target obj_msg__rosidl_typesupport_cpp[0m
[1.286s] [35m[1mConsolidate compiler generated dependencies of target obj_msg__rosidl_typesupport_introspection_cpp[0m
[1.287s] [35m[1mConsolidate compiler generated dependencies of target obj_msg__rosidl_typesupport_fastrtps_c[0m
[1.287s] [35m[1mConsolidate compiler generated dependencies of target obj_msg__rosidl_typesupport_c[0m
[1.288s] [35m[1mConsolidate compiler generated dependencies of target obj_msg__rosidl_typesupport_fastrtps_cpp[0m
[1.291s] [35m[1mConsolidate compiler generated dependencies of target obj_msg__rosidl_typesupport_introspection_c[0m
[1.303s] [ 22%] Built target obj_msg__rosidl_typesupport_c
[1.306s] [ 32%] Built target obj_msg__rosidl_typesupport_introspection_cpp
[1.307s] [ 41%] Built target obj_msg__rosidl_typesupport_cpp
[1.307s] [ 51%] Built target obj_msg__rosidl_typesupport_introspection_c
[1.307s] [ 61%] Built target obj_msg__rosidl_typesupport_fastrtps_c
[1.309s] [ 70%] Built target obj_msg__rosidl_typesupport_fastrtps_cpp
[1.335s] [ 70%] Built target obj_msg
[1.362s] [ 74%] Built target obj_msg__py
[1.375s] [35m[1mConsolidate compiler generated dependencies of target obj_msg__rosidl_generator_py[0m
[1.394s] [ 80%] Built target obj_msg__rosidl_generator_py
[1.408s] [35m[1mConsolidate compiler generated dependencies of target obj_msg__rosidl_typesupport_fastrtps_c__pyext[0m
[1.408s] [35m[1mConsolidate compiler generated dependencies of target obj_msg__rosidl_typesupport_c__pyext[0m
[1.408s] [35m[1mConsolidate compiler generated dependencies of target obj_msg__rosidl_typesupport_introspection_c__pyext[0m
[1.428s] [ 93%] Built target obj_msg__rosidl_typesupport_fastrtps_c__pyext
[1.428s] [ 93%] Built target obj_msg__rosidl_typesupport_c__pyext
[1.431s] [100%] Built target obj_msg__rosidl_typesupport_introspection_c__pyext
[1.546s] running egg_info
[1.546s] writing obj_msg.egg-info/PKG-INFO
[1.546s] writing dependency_links to obj_msg.egg-info/dependency_links.txt
[1.547s] writing top-level names to obj_msg.egg-info/top_level.txt
[1.549s] reading manifest file 'obj_msg.egg-info/SOURCES.txt'
[1.550s] writing manifest file 'obj_msg.egg-info/SOURCES.txt'
[1.582s] [100%] Built target ament_cmake_python_build_obj_msg_egg
[1.598s] Invoked command in '/home/etern1ty/ros2_ws/build/obj_msg' returned '0': CMAKE_PREFIX_PATH=${CMAKE_PREFIX_PATH}:/home/etern1ty/ros2_ws/install/launch_testing_examples:/home/etern1ty/ros2_ws/install/examples_rclpy_pointcloud_publisher:/home/etern1ty/ros2_ws/install/examples_rclpy_minimal_subscriber:/home/etern1ty/ros2_ws/install/examples_rclpy_minimal_service:/home/etern1ty/ros2_ws/install/examples_rclpy_minimal_publisher:/home/etern1ty/ros2_ws/install/examples_rclpy_minimal_client:/home/etern1ty/ros2_ws/install/examples_rclpy_minimal_action_server:/home/etern1ty/ros2_ws/install/examples_rclpy_minimal_action_client:/home/etern1ty/ros2_ws/install/examples_rclpy_guard_conditions:/home/etern1ty/ros2_ws/install/examples_rclpy_executors:/opt/ros/humble /usr/bin/cmake --build /home/etern1ty/ros2_ws/build/obj_msg -- -j12 -l12
[1.710s] Invoking command in '/home/etern1ty/ros2_ws/build/obj_msg': CMAKE_PREFIX_PATH=${CMAKE_PREFIX_PATH}:/home/etern1ty/ros2_ws/install/launch_testing_examples:/home/etern1ty/ros2_ws/install/examples_rclpy_pointcloud_publisher:/home/etern1ty/ros2_ws/install/examples_rclpy_minimal_subscriber:/home/etern1ty/ros2_ws/install/examples_rclpy_minimal_service:/home/etern1ty/ros2_ws/install/examples_rclpy_minimal_publisher:/home/etern1ty/ros2_ws/install/examples_rclpy_minimal_client:/home/etern1ty/ros2_ws/install/examples_rclpy_minimal_action_server:/home/etern1ty/ros2_ws/install/examples_rclpy_minimal_action_client:/home/etern1ty/ros2_ws/install/examples_rclpy_guard_conditions:/home/etern1ty/ros2_ws/install/examples_rclpy_executors:/opt/ros/humble /usr/bin/cmake --install /home/etern1ty/ros2_ws/build/obj_msg
[1.719s] -- Install configuration: ""
[1.719s] -- Up-to-date: /home/etern1ty/ros2_ws/install/obj_msg/share/ament_index/resource_index/rosidl_interfaces/obj_msg
[1.720s] -- Up-to-date: /home/etern1ty/ros2_ws/install/obj_msg/include/obj_msg/obj_msg
[1.720s] -- Up-to-date: /home/etern1ty/ros2_ws/install/obj_msg/include/obj_msg/obj_msg/msg
[1.720s] -- Up-to-date: /home/etern1ty/ros2_ws/install/obj_msg/include/obj_msg/obj_msg/msg/detected.h
[1.720s] -- Up-to-date: /home/etern1ty/ros2_ws/install/obj_msg/include/obj_msg/obj_msg/msg/detail
[1.720s] -- Up-to-date: /home/etern1ty/ros2_ws/install/obj_msg/include/obj_msg/obj_msg/msg/detail/detected__functions.c
[1.720s] -- Up-to-date: /home/etern1ty/ros2_ws/install/obj_msg/include/obj_msg/obj_msg/msg/detail/detected__functions.h
[1.720s] -- Up-to-date: /home/etern1ty/ros2_ws/install/obj_msg/include/obj_msg/obj_msg/msg/detail/detected__struct.h
[1.720s] -- Up-to-date: /home/etern1ty/ros2_ws/install/obj_msg/include/obj_msg/obj_msg/msg/detail/detected__type_support.h
[1.721s] -- Up-to-date: /home/etern1ty/ros2_ws/install/obj_msg/include/obj_msg/obj_msg/msg/rosidl_generator_c__visibility_control.h
[1.721s] -- Up-to-date: /home/etern1ty/ros2_ws/install/obj_msg/share/obj_msg/environment/library_path.sh
[1.721s] -- Installing: /home/etern1ty/ros2_ws/install/obj_msg/share/obj_msg/environment/library_path.dsv
[1.721s] -- Up-to-date: /home/etern1ty/ros2_ws/install/obj_msg/lib/libobj_msg__rosidl_generator_c.so
[1.721s] -- Up-to-date: /home/etern1ty/ros2_ws/install/obj_msg/include/obj_msg/obj_msg
[1.721s] -- Up-to-date: /home/etern1ty/ros2_ws/install/obj_msg/include/obj_msg/obj_msg/msg
[1.721s] -- Up-to-date: /home/etern1ty/ros2_ws/install/obj_msg/include/obj_msg/obj_msg/msg/rosidl_typesupport_fastrtps_c__visibility_control.h
[1.721s] -- Up-to-date: /home/etern1ty/ros2_ws/install/obj_msg/include/obj_msg/obj_msg/msg/detail
[1.721s] -- Up-to-date: /home/etern1ty/ros2_ws/install/obj_msg/include/obj_msg/obj_msg/msg/detail/detected__rosidl_typesupport_fastrtps_c.h
[1.721s] -- Up-to-date: /home/etern1ty/ros2_ws/install/obj_msg/lib/libobj_msg__rosidl_typesupport_fastrtps_c.so
[1.721s] -- Up-to-date: /home/etern1ty/ros2_ws/install/obj_msg/include/obj_msg/obj_msg
[1.721s] -- Up-to-date: /home/etern1ty/ros2_ws/install/obj_msg/include/obj_msg/obj_msg/msg
[1.722s] -- Up-to-date: /home/etern1ty/ros2_ws/install/obj_msg/include/obj_msg/obj_msg/msg/detail
[1.722s] -- Up-to-date: /home/etern1ty/ros2_ws/install/obj_msg/include/obj_msg/obj_msg/msg/detail/detected__type_support.c
[1.722s] -- Up-to-date: /home/etern1ty/ros2_ws/install/obj_msg/include/obj_msg/obj_msg/msg/detail/detected__rosidl_typesupport_introspection_c.h
[1.722s] -- Up-to-date: /home/etern1ty/ros2_ws/install/obj_msg/include/obj_msg/obj_msg/msg/rosidl_typesupport_introspection_c__visibility_control.h
[1.722s] -- Up-to-date: /home/etern1ty/ros2_ws/install/obj_msg/lib/libobj_msg__rosidl_typesupport_introspection_c.so
[1.722s] -- Up-to-date: /home/etern1ty/ros2_ws/install/obj_msg/lib/libobj_msg__rosidl_typesupport_c.so
[1.722s] -- Up-to-date: /home/etern1ty/ros2_ws/install/obj_msg/include/obj_msg/obj_msg
[1.722s] -- Up-to-date: /home/etern1ty/ros2_ws/install/obj_msg/include/obj_msg/obj_msg/msg
[1.722s] -- Up-to-date: /home/etern1ty/ros2_ws/install/obj_msg/include/obj_msg/obj_msg/msg/detected.hpp
[1.722s] -- Up-to-date: /home/etern1ty/ros2_ws/install/obj_msg/include/obj_msg/obj_msg/msg/detail
[1.722s] -- Up-to-date: /home/etern1ty/ros2_ws/install/obj_msg/include/obj_msg/obj_msg/msg/detail/detected__struct.hpp
[1.722s] -- Up-to-date: /home/etern1ty/ros2_ws/install/obj_msg/include/obj_msg/obj_msg/msg/detail/detected__traits.hpp
[1.722s] -- Up-to-date: /home/etern1ty/ros2_ws/install/obj_msg/include/obj_msg/obj_msg/msg/detail/detected__builder.hpp
[1.723s] -- Up-to-date: /home/etern1ty/ros2_ws/install/obj_msg/include/obj_msg/obj_msg
[1.723s] -- Up-to-date: /home/etern1ty/ros2_ws/install/obj_msg/include/obj_msg/obj_msg/msg
[1.723s] -- Up-to-date: /home/etern1ty/ros2_ws/install/obj_msg/include/obj_msg/obj_msg/msg/detail
[1.723s] -- Up-to-date: /home/etern1ty/ros2_ws/install/obj_msg/include/obj_msg/obj_msg/msg/detail/dds_fastrtps
[1.723s] -- Up-to-date: /home/etern1ty/ros2_ws/install/obj_msg/include/obj_msg/obj_msg/msg/detail/detected__rosidl_typesupport_fastrtps_cpp.hpp
[1.723s] -- Up-to-date: /home/etern1ty/ros2_ws/install/obj_msg/include/obj_msg/obj_msg/msg/rosidl_typesupport_fastrtps_cpp__visibility_control.h
[1.723s] -- Up-to-date: /home/etern1ty/ros2_ws/install/obj_msg/lib/libobj_msg__rosidl_typesupport_fastrtps_cpp.so
[1.723s] -- Up-to-date: /home/etern1ty/ros2_ws/install/obj_msg/include/obj_msg/obj_msg
[1.723s] -- Up-to-date: /home/etern1ty/ros2_ws/install/obj_msg/include/obj_msg/obj_msg/msg
[1.723s] -- Up-to-date: /home/etern1ty/ros2_ws/install/obj_msg/include/obj_msg/obj_msg/msg/detail
[1.723s] -- Up-to-date: /home/etern1ty/ros2_ws/install/obj_msg/include/obj_msg/obj_msg/msg/detail/detected__type_support.cpp
[1.723s] -- Up-to-date: /home/etern1ty/ros2_ws/install/obj_msg/include/obj_msg/obj_msg/msg/detail/detected__rosidl_typesupport_introspection_cpp.hpp
[1.723s] -- Up-to-date: /home/etern1ty/ros2_ws/install/obj_msg/lib/libobj_msg__rosidl_typesupport_introspection_cpp.so
[1.724s] -- Up-to-date: /home/etern1ty/ros2_ws/install/obj_msg/lib/libobj_msg__rosidl_typesupport_cpp.so
[1.724s] -- Up-to-date: /home/etern1ty/ros2_ws/install/obj_msg/share/obj_msg/environment/pythonpath.sh
[1.724s] -- Installing: /home/etern1ty/ros2_ws/install/obj_msg/share/obj_msg/environment/pythonpath.dsv
[1.724s] -- Up-to-date: /home/etern1ty/ros2_ws/install/obj_msg/local/lib/python3.10/dist-packages/obj_msg-0.0.0-py3.10.egg-info
[1.724s] -- Installing: /home/etern1ty/ros2_ws/install/obj_msg/local/lib/python3.10/dist-packages/obj_msg-0.0.0-py3.10.egg-info/PKG-INFO
[1.724s] -- Installing: /home/etern1ty/ros2_ws/install/obj_msg/local/lib/python3.10/dist-packages/obj_msg-0.0.0-py3.10.egg-info/top_level.txt
[1.724s] -- Installing: /home/etern1ty/ros2_ws/install/obj_msg/local/lib/python3.10/dist-packages/obj_msg-0.0.0-py3.10.egg-info/SOURCES.txt
[1.724s] -- Installing: /home/etern1ty/ros2_ws/install/obj_msg/local/lib/python3.10/dist-packages/obj_msg-0.0.0-py3.10.egg-info/dependency_links.txt
[1.724s] -- Up-to-date: /home/etern1ty/ros2_ws/install/obj_msg/local/lib/python3.10/dist-packages/obj_msg
[1.724s] -- Up-to-date: /home/etern1ty/ros2_ws/install/obj_msg/local/lib/python3.10/dist-packages/obj_msg/libobj_msg__rosidl_generator_py.so
[1.724s] -- Up-to-date: /home/etern1ty/ros2_ws/install/obj_msg/local/lib/python3.10/dist-packages/obj_msg/_obj_msg_s.ep.rosidl_typesupport_c.c
[1.724s] -- Installing: /home/etern1ty/ros2_ws/install/obj_msg/local/lib/python3.10/dist-packages/obj_msg/__init__.py
[1.724s] -- Up-to-date: /home/etern1ty/ros2_ws/install/obj_msg/local/lib/python3.10/dist-packages/obj_msg/obj_msg_s__rosidl_typesupport_c.cpython-310-x86_64-linux-gnu.so
[1.724s] -- Up-to-date: /home/etern1ty/ros2_ws/install/obj_msg/local/lib/python3.10/dist-packages/obj_msg/_obj_msg_s.ep.rosidl_typesupport_fastrtps_c.c
[1.724s] -- Up-to-date: /home/etern1ty/ros2_ws/install/obj_msg/local/lib/python3.10/dist-packages/obj_msg/obj_msg_s__rosidl_typesupport_fastrtps_c.cpython-310-x86_64-linux-gnu.so
[1.724s] -- Up-to-date: /home/etern1ty/ros2_ws/install/obj_msg/local/lib/python3.10/dist-packages/obj_msg/msg
[1.725s] -- Up-to-date: /home/etern1ty/ros2_ws/install/obj_msg/local/lib/python3.10/dist-packages/obj_msg/msg/_detected_s.c
[1.725s] -- Up-to-date: /home/etern1ty/ros2_ws/install/obj_msg/local/lib/python3.10/dist-packages/obj_msg/msg/__init__.py
[1.725s] -- Up-to-date: /home/etern1ty/ros2_ws/install/obj_msg/local/lib/python3.10/dist-packages/obj_msg/msg/_detected.py
[1.725s] -- Up-to-date: /home/etern1ty/ros2_ws/install/obj_msg/local/lib/python3.10/dist-packages/obj_msg/obj_msg_s__rosidl_typesupport_introspection_c.cpython-310-x86_64-linux-gnu.so
[1.725s] -- Up-to-date: /home/etern1ty/ros2_ws/install/obj_msg/local/lib/python3.10/dist-packages/obj_msg/_obj_msg_s.ep.rosidl_typesupport_introspection_c.c
[1.757s] Listing '/home/etern1ty/ros2_ws/install/obj_msg/local/lib/python3.10/dist-packages/obj_msg'...
[1.757s] Compiling '/home/etern1ty/ros2_ws/install/obj_msg/local/lib/python3.10/dist-packages/obj_msg/__init__.py'...
[1.757s] Listing '/home/etern1ty/ros2_ws/install/obj_msg/local/lib/python3.10/dist-packages/obj_msg/msg'...
[1.762s] -- Up-to-date: /home/etern1ty/ros2_ws/install/obj_msg/local/lib/python3.10/dist-packages/obj_msg/obj_msg_s__rosidl_typesupport_fastrtps_c.cpython-310-x86_64-linux-gnu.so
[1.763s] -- Up-to-date: /home/etern1ty/ros2_ws/install/obj_msg/local/lib/python3.10/dist-packages/obj_msg/obj_msg_s__rosidl_typesupport_introspection_c.cpython-310-x86_64-linux-gnu.so
[1.763s] -- Up-to-date: /home/etern1ty/ros2_ws/install/obj_msg/local/lib/python3.10/dist-packages/obj_msg/obj_msg_s__rosidl_typesupport_c.cpython-310-x86_64-linux-gnu.so
[1.764s] -- Up-to-date: /home/etern1ty/ros2_ws/install/obj_msg/lib/libobj_msg__rosidl_generator_py.so
[1.764s] -- Up-to-date: /home/etern1ty/ros2_ws/install/obj_msg/share/obj_msg/msg/Detected.idl
[1.764s] -- Up-to-date: /home/etern1ty/ros2_ws/install/obj_msg/share/obj_msg/msg/Detected.msg
[1.764s] -- Up-to-date: /home/etern1ty/ros2_ws/install/obj_msg/share/ament_index/resource_index/package_run_dependencies/obj_msg
[1.764s] -- Installing: /home/etern1ty/ros2_ws/install/obj_msg/share/ament_index/resource_index/parent_prefix_path/obj_msg
[1.765s] -- Up-to-date: /home/etern1ty/ros2_ws/install/obj_msg/share/obj_msg/environment/ament_prefix_path.sh
[1.765s] -- Installing: /home/etern1ty/ros2_ws/install/obj_msg/share/obj_msg/environment/ament_prefix_path.dsv
[1.765s] -- Up-to-date: /home/etern1ty/ros2_ws/install/obj_msg/share/obj_msg/environment/path.sh
[1.765s] -- Installing: /home/etern1ty/ros2_ws/install/obj_msg/share/obj_msg/environment/path.dsv
[1.765s] -- Up-to-date: /home/etern1ty/ros2_ws/install/obj_msg/share/obj_msg/local_setup.bash
[1.765s] -- Up-to-date: /home/etern1ty/ros2_ws/install/obj_msg/share/obj_msg/local_setup.sh
[1.765s] -- Up-to-date: /home/etern1ty/ros2_ws/install/obj_msg/share/obj_msg/local_setup.zsh
[1.765s] -- Installing: /home/etern1ty/ros2_ws/install/obj_msg/share/obj_msg/local_setup.dsv
[1.765s] -- Installing: /home/etern1ty/ros2_ws/install/obj_msg/share/obj_msg/package.dsv
[1.765s] -- Up-to-date: /home/etern1ty/ros2_ws/install/obj_msg/share/ament_index/resource_index/packages/obj_msg
[1.766s] -- Up-to-date: /home/etern1ty/ros2_ws/install/obj_msg/share/obj_msg/cmake/export_obj_msg__rosidl_generator_cExport.cmake
[1.766s] -- Up-to-date: /home/etern1ty/ros2_ws/install/obj_msg/share/obj_msg/cmake/export_obj_msg__rosidl_generator_cExport-noconfig.cmake
[1.766s] -- Up-to-date: /home/etern1ty/ros2_ws/install/obj_msg/share/obj_msg/cmake/export_obj_msg__rosidl_typesupport_fastrtps_cExport.cmake
[1.766s] -- Up-to-date: /home/etern1ty/ros2_ws/install/obj_msg/share/obj_msg/cmake/export_obj_msg__rosidl_typesupport_fastrtps_cExport-noconfig.cmake
[1.766s] -- Up-to-date: /home/etern1ty/ros2_ws/install/obj_msg/share/obj_msg/cmake/obj_msg__rosidl_typesupport_introspection_cExport.cmake
[1.766s] -- Up-to-date: /home/etern1ty/ros2_ws/install/obj_msg/share/obj_msg/cmake/obj_msg__rosidl_typesupport_introspection_cExport-noconfig.cmake
[1.766s] -- Up-to-date: /home/etern1ty/ros2_ws/install/obj_msg/share/obj_msg/cmake/obj_msg__rosidl_typesupport_cExport.cmake
[1.766s] -- Up-to-date: /home/etern1ty/ros2_ws/install/obj_msg/share/obj_msg/cmake/obj_msg__rosidl_typesupport_cExport-noconfig.cmake
[1.766s] -- Up-to-date: /home/etern1ty/ros2_ws/install/obj_msg/share/obj_msg/cmake/export_obj_msg__rosidl_generator_cppExport.cmake
[1.766s] -- Up-to-date: /home/etern1ty/ros2_ws/install/obj_msg/share/obj_msg/cmake/export_obj_msg__rosidl_typesupport_fastrtps_cppExport.cmake
[1.766s] -- Up-to-date: /home/etern1ty/ros2_ws/install/obj_msg/share/obj_msg/cmake/export_obj_msg__rosidl_typesupport_fastrtps_cppExport-noconfig.cmake
[1.766s] -- Up-to-date: /home/etern1ty/ros2_ws/install/obj_msg/share/obj_msg/cmake/obj_msg__rosidl_typesupport_introspection_cppExport.cmake
[1.766s] -- Up-to-date: /home/etern1ty/ros2_ws/install/obj_msg/share/obj_msg/cmake/obj_msg__rosidl_typesupport_introspection_cppExport-noconfig.cmake
[1.767s] -- Up-to-date: /home/etern1ty/ros2_ws/install/obj_msg/share/obj_msg/cmake/obj_msg__rosidl_typesupport_cppExport.cmake
[1.767s] -- Up-to-date: /home/etern1ty/ros2_ws/install/obj_msg/share/obj_msg/cmake/obj_msg__rosidl_typesupport_cppExport-noconfig.cmake
[1.767s] -- Up-to-date: /home/etern1ty/ros2_ws/install/obj_msg/share/obj_msg/cmake/export_obj_msg__rosidl_generator_pyExport.cmake
[1.767s] -- Up-to-date: /home/etern1ty/ros2_ws/install/obj_msg/share/obj_msg/cmake/export_obj_msg__rosidl_generator_pyExport-noconfig.cmake
[1.767s] -- Up-to-date: /home/etern1ty/ros2_ws/install/obj_msg/share/obj_msg/cmake/rosidl_cmake-extras.cmake
[1.767s] -- Up-to-date: /home/etern1ty/ros2_ws/install/obj_msg/share/obj_msg/cmake/ament_cmake_export_include_directories-extras.cmake
[1.767s] -- Up-to-date: /home/etern1ty/ros2_ws/install/obj_msg/share/obj_msg/cmake/ament_cmake_export_libraries-extras.cmake
[1.767s] -- Up-to-date: /home/etern1ty/ros2_ws/install/obj_msg/share/obj_msg/cmake/ament_cmake_export_targets-extras.cmake
[1.767s] -- Up-to-date: /home/etern1ty/ros2_ws/install/obj_msg/share/obj_msg/cmake/rosidl_cmake_export_typesupport_targets-extras.cmake
[1.767s] -- Up-to-date: /home/etern1ty/ros2_ws/install/obj_msg/share/obj_msg/cmake/ament_cmake_export_dependencies-extras.cmake
[1.767s] -- Up-to-date: /home/etern1ty/ros2_ws/install/obj_msg/share/obj_msg/cmake/rosidl_cmake_export_typesupport_libraries-extras.cmake
[1.767s] -- Up-to-date: /home/etern1ty/ros2_ws/install/obj_msg/share/obj_msg/cmake/obj_msgConfig.cmake
[1.767s] -- Up-to-date: /home/etern1ty/ros2_ws/install/obj_msg/share/obj_msg/cmake/obj_msgConfig-version.cmake
[1.767s] -- Up-to-date: /home/etern1ty/ros2_ws/install/obj_msg/share/obj_msg/package.xml
[1.770s] Invoked command in '/home/etern1ty/ros2_ws/build/obj_msg' returned '0': CMAKE_PREFIX_PATH=${CMAKE_PREFIX_PATH}:/home/etern1ty/ros2_ws/install/launch_testing_examples:/home/etern1ty/ros2_ws/install/examples_rclpy_pointcloud_publisher:/home/etern1ty/ros2_ws/install/examples_rclpy_minimal_subscriber:/home/etern1ty/ros2_ws/install/examples_rclpy_minimal_service:/home/etern1ty/ros2_ws/install/examples_rclpy_minimal_publisher:/home/etern1ty/ros2_ws/install/examples_rclpy_minimal_client:/home/etern1ty/ros2_ws/install/examples_rclpy_minimal_action_server:/home/etern1ty/ros2_ws/install/examples_rclpy_minimal_action_client:/home/etern1ty/ros2_ws/install/examples_rclpy_guard_conditions:/home/etern1ty/ros2_ws/install/examples_rclpy_executors:/opt/ros/humble /usr/bin/cmake --install /home/etern1ty/ros2_ws/build/obj_msg
