[0.054s] Invoking command in '/home/etern1ty/ros2_ws/build/pub_controller': CMAKE_PREFIX_PATH=/opt/ros/humble /usr/bin/cmake --build /home/etern1ty/ros2_ws/build/pub_controller -- -j12 -l12
[0.079s] -- Found ament_cmake: 1.3.7 (/opt/ros/humble/share/ament_cmake/cmake)
[0.208s] -- Found rclcpp: 16.0.8 (/opt/ros/humble/share/rclcpp/cmake)
[0.235s] -- Found rosidl_generator_c: 3.1.5 (/opt/ros/humble/share/rosidl_generator_c/cmake)
[0.237s] -- Found rosidl_adapter: 3.1.5 (/opt/ros/humble/share/rosidl_adapter/cmake)
[0.242s] -- Found rosidl_generator_cpp: 3.1.5 (/opt/ros/humble/share/rosidl_generator_cpp/cmake)
[0.253s] -- Using all available rosidl_typesupport_c: rosidl_typesupport_fastrtps_c;rosidl_typesupport_introspection_c
[0.267s] -- Using all available rosidl_typesupport_cpp: rosidl_typesupport_fastrtps_cpp;rosidl_typesupport_introspection_cpp
[0.319s] -- Found rmw_implementation_cmake: 6.1.1 (/opt/ros/humble/share/rmw_implementation_cmake/cmake)
[0.320s] -- Found rmw_fastrtps_cpp: 6.2.6 (/opt/ros/humble/share/rmw_fastrtps_cpp/cmake)
[0.439s] -- Using RMW implementation 'rmw_fastrtps_cpp' as default
[0.582s] -- Found sensor_msgs: 4.2.3 (/opt/ros/humble/share/sensor_msgs/cmake)
[0.694s] -- Found rosidl_default_generators: 1.2.0 (/opt/ros/humble/share/rosidl_default_generators/cmake)
[0.915s] -- Found ament_cmake_ros: 0.10.0 (/opt/ros/humble/share/ament_cmake_ros/cmake)
[1.197s] -- Using all available rosidl_typesupport_c: rosidl_typesupport_fastrtps_c;rosidl_typesupport_introspection_c
[1.304s] -- Using all available rosidl_typesupport_cpp: rosidl_typesupport_fastrtps_cpp;rosidl_typesupport_introspection_cpp
[1.325s] -- Found python_cmake_module: 0.10.0 (/opt/ros/humble/share/python_cmake_module/cmake)
[1.346s] -- Using PYTHON_EXECUTABLE: /usr/bin/python3
[1.346s] -- Using PYTHON_INCLUDE_DIRS: /usr/include/python3.10
[1.346s] -- Using PYTHON_LIBRARIES: /usr/lib/x86_64-linux-gnu/libpython3.10.so
[1.355s] -- Found ament_lint_auto: 0.12.10 (/opt/ros/humble/share/ament_lint_auto/cmake)
[1.371s] -- Added test 'cppcheck' to perform static code analysis on C / C++ code
[1.372s] -- Configured cppcheck include dirs: 
[1.372s] -- Configured cppcheck exclude dirs and/or files: 
[1.373s] -- Added test 'lint_cmake' to check CMake code style
[1.374s] -- Added test 'uncrustify' to check C / C++ code style
[1.374s] -- Configured uncrustify additional arguments: 
[1.375s] -- Added test 'xmllint' to check XML markup files
[1.377s] -- Configuring done
[1.412s] -- Generating done
[1.417s] -- Build files have been written to: /home/etern1ty/ros2_ws/build/pub_controller
[1.448s] [35m[1mConsolidate compiler generated dependencies of target pub_controller__rosidl_generator_c[0m
[1.460s] [  3%] Built target pub_controller__cpp
[1.461s] [ 12%] Built target pub_controller__rosidl_generator_c
[1.471s] [ 12%] Built target ament_cmake_python_copy_pub_controller
[1.473s] [35m[1mConsolidate compiler generated dependencies of target pub_controller__rosidl_typesupport_cpp[0m
[1.473s] [35m[1mConsolidate compiler generated dependencies of target pub_controller__rosidl_typesupport_fastrtps_cpp[0m
[1.474s] [35m[1mConsolidate compiler generated dependencies of target pub_controller__rosidl_typesupport_introspection_cpp[0m
[1.476s] [35m[1mConsolidate compiler generated dependencies of target pub_controller__rosidl_typesupport_c[0m
[1.476s] [35m[1mConsolidate compiler generated dependencies of target pub_controller__rosidl_typesupport_introspection_c[0m
[1.476s] [35m[1mConsolidate compiler generated dependencies of target pub_controller__rosidl_typesupport_fastrtps_c[0m
[1.491s] [ 21%] Built target pub_controller__rosidl_typesupport_cpp
[1.491s] [ 33%] Built target pub_controller__rosidl_typesupport_c
[1.491s] [ 39%] Built target pub_controller__rosidl_typesupport_fastrtps_cpp
[1.492s] [ 48%] Built target pub_controller__rosidl_typesupport_introspection_c
[1.493s] [ 57%] Built target pub_controller__rosidl_typesupport_introspection_cpp
[1.495s] [ 66%] Built target pub_controller__rosidl_typesupport_fastrtps_c
[1.504s] [35m[1mConsolidate compiler generated dependencies of target controller[0m
[1.520s] [ 66%] Built target pub_controller
[1.527s] [ 69%] [32mBuilding CXX object CMakeFiles/controller.dir/src/pub_func.cpp.o[0m
[1.543s] [ 72%] Built target pub_controller__py
[1.555s] [35m[1mConsolidate compiler generated dependencies of target pub_controller__rosidl_generator_py[0m
[1.571s] [ 78%] Built target pub_controller__rosidl_generator_py
[1.584s] [35m[1mConsolidate compiler generated dependencies of target pub_controller__rosidl_typesupport_fastrtps_c__pyext[0m
[1.584s] [35m[1mConsolidate compiler generated dependencies of target pub_controller__rosidl_typesupport_c__pyext[0m
[1.587s] [35m[1mConsolidate compiler generated dependencies of target pub_controller__rosidl_typesupport_introspection_c__pyext[0m
[1.600s] [ 87%] Built target pub_controller__rosidl_typesupport_c__pyext
[1.600s] [ 90%] Built target pub_controller__rosidl_typesupport_fastrtps_c__pyext
[1.606s] [ 96%] Built target pub_controller__rosidl_typesupport_introspection_c__pyext
[1.739s] running egg_info
[1.740s] writing pub_controller.egg-info/PKG-INFO
[1.740s] writing dependency_links to pub_controller.egg-info/dependency_links.txt
[1.740s] writing top-level names to pub_controller.egg-info/top_level.txt
[1.742s] reading manifest file 'pub_controller.egg-info/SOURCES.txt'
[1.743s] writing manifest file 'pub_controller.egg-info/SOURCES.txt'
[1.775s] [ 96%] Built target ament_cmake_python_build_pub_controller_egg
