[  3%] Built target pub_controller__cpp
[ 12%] Built target pub_controller__rosidl_generator_c
[ 12%] Built target ament_cmake_python_copy_pub_controller
[ 21%] Built target pub_controller__rosidl_typesupport_fastrtps_cpp
[ 39%] Built target pub_controller__rosidl_typesupport_cpp
[ 39%] Built target pub_controller__rosidl_typesupport_introspection_cpp
[ 51%] Built target pub_controller__rosidl_typesupport_c
[ 57%] Built target pub_controller__rosidl_typesupport_introspection_c
[ 66%] Built target pub_controller__rosidl_typesupport_fastrtps_c
[ 72%] Built target controller
[ 72%] Built target pub_controller
[ 75%] Built target pub_controller__py
[ 81%] Built target pub_controller__rosidl_generator_py
[ 96%] Built target pub_controller__rosidl_typesupport_introspection_c__pyext
[ 96%] Built target pub_controller__rosidl_typesupport_fastrtps_c__pyext
[100%] Built target pub_controller__rosidl_typesupport_c__pyext
running egg_info
writing pub_controller.egg-info/PKG-INFO
writing dependency_links to pub_controller.egg-info/dependency_links.txt
writing top-level names to pub_controller.egg-info/top_level.txt
reading manifest file 'pub_controller.egg-info/SOURCES.txt'
writing manifest file 'pub_controller.egg-info/SOURCES.txt'
[100%] Built target ament_cmake_python_build_pub_controller_egg
-- Install configuration: ""
-- Up-to-date: /home/etern1ty/ros2_ws/install/pub_controller/share/ament_index/resource_index/rosidl_interfaces/pub_controller
-- Up-to-date: /home/etern1ty/ros2_ws/install/pub_controller/include/pub_controller/pub_controller
-- Up-to-date: /home/etern1ty/ros2_ws/install/pub_controller/include/pub_controller/pub_controller/msg
-- Up-to-date: /home/etern1ty/ros2_ws/install/pub_controller/include/pub_controller/pub_controller/msg/detail
-- Up-to-date: /home/etern1ty/ros2_ws/install/pub_controller/include/pub_controller/pub_controller/msg/detail/motion__type_support.h
-- Up-to-date: /home/etern1ty/ros2_ws/install/pub_controller/include/pub_controller/pub_controller/msg/detail/motion__struct.h
-- Up-to-date: /home/etern1ty/ros2_ws/install/pub_controller/include/pub_controller/pub_controller/msg/detail/motion__functions.h
-- Up-to-date: /home/etern1ty/ros2_ws/install/pub_controller/include/pub_controller/pub_controller/msg/detail/motion__functions.c
-- Up-to-date: /home/etern1ty/ros2_ws/install/pub_controller/include/pub_controller/pub_controller/msg/motion.h
-- Up-to-date: /home/etern1ty/ros2_ws/install/pub_controller/include/pub_controller/pub_controller/msg/rosidl_generator_c__visibility_control.h
-- Up-to-date: /home/etern1ty/ros2_ws/install/pub_controller/share/pub_controller/environment/library_path.sh
-- Up-to-date: /home/etern1ty/ros2_ws/install/pub_controller/share/pub_controller/environment/library_path.dsv
-- Up-to-date: /home/etern1ty/ros2_ws/install/pub_controller/lib/libpub_controller__rosidl_generator_c.so
-- Up-to-date: /home/etern1ty/ros2_ws/install/pub_controller/include/pub_controller/pub_controller
-- Up-to-date: /home/etern1ty/ros2_ws/install/pub_controller/include/pub_controller/pub_controller/msg
-- Up-to-date: /home/etern1ty/ros2_ws/install/pub_controller/include/pub_controller/pub_controller/msg/rosidl_typesupport_fastrtps_c__visibility_control.h
-- Up-to-date: /home/etern1ty/ros2_ws/install/pub_controller/include/pub_controller/pub_controller/msg/detail
-- Up-to-date: /home/etern1ty/ros2_ws/install/pub_controller/include/pub_controller/pub_controller/msg/detail/motion__rosidl_typesupport_fastrtps_c.h
-- Up-to-date: /home/etern1ty/ros2_ws/install/pub_controller/lib/libpub_controller__rosidl_typesupport_fastrtps_c.so
-- Up-to-date: /home/etern1ty/ros2_ws/install/pub_controller/include/pub_controller/pub_controller
-- Up-to-date: /home/etern1ty/ros2_ws/install/pub_controller/include/pub_controller/pub_controller/msg
-- Up-to-date: /home/etern1ty/ros2_ws/install/pub_controller/include/pub_controller/pub_controller/msg/detail
-- Up-to-date: /home/etern1ty/ros2_ws/install/pub_controller/include/pub_controller/pub_controller/msg/detail/motion__builder.hpp
-- Up-to-date: /home/etern1ty/ros2_ws/install/pub_controller/include/pub_controller/pub_controller/msg/detail/motion__struct.hpp
-- Up-to-date: /home/etern1ty/ros2_ws/install/pub_controller/include/pub_controller/pub_controller/msg/detail/motion__traits.hpp
-- Up-to-date: /home/etern1ty/ros2_ws/install/pub_controller/include/pub_controller/pub_controller/msg/motion.hpp
-- Up-to-date: /home/etern1ty/ros2_ws/install/pub_controller/include/pub_controller/pub_controller
-- Up-to-date: /home/etern1ty/ros2_ws/install/pub_controller/include/pub_controller/pub_controller/msg
-- Up-to-date: /home/etern1ty/ros2_ws/install/pub_controller/include/pub_controller/pub_controller/msg/detail
-- Up-to-date: /home/etern1ty/ros2_ws/install/pub_controller/include/pub_controller/pub_controller/msg/detail/dds_fastrtps
-- Up-to-date: /home/etern1ty/ros2_ws/install/pub_controller/include/pub_controller/pub_controller/msg/detail/motion__rosidl_typesupport_fastrtps_cpp.hpp
-- Up-to-date: /home/etern1ty/ros2_ws/install/pub_controller/include/pub_controller/pub_controller/msg/rosidl_typesupport_fastrtps_cpp__visibility_control.h
-- Up-to-date: /home/etern1ty/ros2_ws/install/pub_controller/lib/libpub_controller__rosidl_typesupport_fastrtps_cpp.so
-- Up-to-date: /home/etern1ty/ros2_ws/install/pub_controller/include/pub_controller/pub_controller
-- Up-to-date: /home/etern1ty/ros2_ws/install/pub_controller/include/pub_controller/pub_controller/msg
-- Up-to-date: /home/etern1ty/ros2_ws/install/pub_controller/include/pub_controller/pub_controller/msg/detail
-- Up-to-date: /home/etern1ty/ros2_ws/install/pub_controller/include/pub_controller/pub_controller/msg/detail/motion__rosidl_typesupport_introspection_c.h
-- Up-to-date: /home/etern1ty/ros2_ws/install/pub_controller/include/pub_controller/pub_controller/msg/detail/motion__type_support.c
-- Up-to-date: /home/etern1ty/ros2_ws/install/pub_controller/include/pub_controller/pub_controller/msg/rosidl_typesupport_introspection_c__visibility_control.h
-- Up-to-date: /home/etern1ty/ros2_ws/install/pub_controller/lib/libpub_controller__rosidl_typesupport_introspection_c.so
-- Up-to-date: /home/etern1ty/ros2_ws/install/pub_controller/lib/libpub_controller__rosidl_typesupport_c.so
-- Up-to-date: /home/etern1ty/ros2_ws/install/pub_controller/include/pub_controller/pub_controller
-- Up-to-date: /home/etern1ty/ros2_ws/install/pub_controller/include/pub_controller/pub_controller/msg
-- Up-to-date: /home/etern1ty/ros2_ws/install/pub_controller/include/pub_controller/pub_controller/msg/detail
-- Up-to-date: /home/etern1ty/ros2_ws/install/pub_controller/include/pub_controller/pub_controller/msg/detail/motion__type_support.cpp
-- Up-to-date: /home/etern1ty/ros2_ws/install/pub_controller/include/pub_controller/pub_controller/msg/detail/motion__rosidl_typesupport_introspection_cpp.hpp
-- Up-to-date: /home/etern1ty/ros2_ws/install/pub_controller/lib/libpub_controller__rosidl_typesupport_introspection_cpp.so
-- Up-to-date: /home/etern1ty/ros2_ws/install/pub_controller/lib/libpub_controller__rosidl_typesupport_cpp.so
-- Up-to-date: /home/etern1ty/ros2_ws/install/pub_controller/share/pub_controller/environment/pythonpath.sh
-- Up-to-date: /home/etern1ty/ros2_ws/install/pub_controller/share/pub_controller/environment/pythonpath.dsv
-- Up-to-date: /home/etern1ty/ros2_ws/install/pub_controller/local/lib/python3.10/dist-packages/pub_controller-0.0.0-py3.10.egg-info
-- Installing: /home/etern1ty/ros2_ws/install/pub_controller/local/lib/python3.10/dist-packages/pub_controller-0.0.0-py3.10.egg-info/PKG-INFO
-- Installing: /home/etern1ty/ros2_ws/install/pub_controller/local/lib/python3.10/dist-packages/pub_controller-0.0.0-py3.10.egg-info/top_level.txt
-- Installing: /home/etern1ty/ros2_ws/install/pub_controller/local/lib/python3.10/dist-packages/pub_controller-0.0.0-py3.10.egg-info/SOURCES.txt
-- Installing: /home/etern1ty/ros2_ws/install/pub_controller/local/lib/python3.10/dist-packages/pub_controller-0.0.0-py3.10.egg-info/dependency_links.txt
-- Up-to-date: /home/etern1ty/ros2_ws/install/pub_controller/local/lib/python3.10/dist-packages/pub_controller
-- Up-to-date: /home/etern1ty/ros2_ws/install/pub_controller/local/lib/python3.10/dist-packages/pub_controller/__init__.py
-- Up-to-date: /home/etern1ty/ros2_ws/install/pub_controller/local/lib/python3.10/dist-packages/pub_controller/libpub_controller__rosidl_generator_py.so
-- Up-to-date: /home/etern1ty/ros2_ws/install/pub_controller/local/lib/python3.10/dist-packages/pub_controller/_pub_controller_s.ep.rosidl_typesupport_c.c
-- Up-to-date: /home/etern1ty/ros2_ws/install/pub_controller/local/lib/python3.10/dist-packages/pub_controller/_pub_controller_s.ep.rosidl_typesupport_introspection_c.c
-- Up-to-date: /home/etern1ty/ros2_ws/install/pub_controller/local/lib/python3.10/dist-packages/pub_controller/pub_controller_s__rosidl_typesupport_c.cpython-310-x86_64-linux-gnu.so
-- Up-to-date: /home/etern1ty/ros2_ws/install/pub_controller/local/lib/python3.10/dist-packages/pub_controller/pub_controller_s__rosidl_typesupport_fastrtps_c.cpython-310-x86_64-linux-gnu.so
-- Up-to-date: /home/etern1ty/ros2_ws/install/pub_controller/local/lib/python3.10/dist-packages/pub_controller/msg
-- Up-to-date: /home/etern1ty/ros2_ws/install/pub_controller/local/lib/python3.10/dist-packages/pub_controller/msg/_motion_s.c
-- Up-to-date: /home/etern1ty/ros2_ws/install/pub_controller/local/lib/python3.10/dist-packages/pub_controller/msg/_motion.py
-- Up-to-date: /home/etern1ty/ros2_ws/install/pub_controller/local/lib/python3.10/dist-packages/pub_controller/msg/__init__.py
-- Up-to-date: /home/etern1ty/ros2_ws/install/pub_controller/local/lib/python3.10/dist-packages/pub_controller/pub_controller_s__rosidl_typesupport_introspection_c.cpython-310-x86_64-linux-gnu.so
-- Up-to-date: /home/etern1ty/ros2_ws/install/pub_controller/local/lib/python3.10/dist-packages/pub_controller/_pub_controller_s.ep.rosidl_typesupport_fastrtps_c.c
Listing '/home/etern1ty/ros2_ws/install/pub_controller/local/lib/python3.10/dist-packages/pub_controller'...
Listing '/home/etern1ty/ros2_ws/install/pub_controller/local/lib/python3.10/dist-packages/pub_controller/msg'...
-- Up-to-date: /home/etern1ty/ros2_ws/install/pub_controller/local/lib/python3.10/dist-packages/pub_controller/pub_controller_s__rosidl_typesupport_fastrtps_c.cpython-310-x86_64-linux-gnu.so
-- Up-to-date: /home/etern1ty/ros2_ws/install/pub_controller/local/lib/python3.10/dist-packages/pub_controller/pub_controller_s__rosidl_typesupport_introspection_c.cpython-310-x86_64-linux-gnu.so
-- Up-to-date: /home/etern1ty/ros2_ws/install/pub_controller/local/lib/python3.10/dist-packages/pub_controller/pub_controller_s__rosidl_typesupport_c.cpython-310-x86_64-linux-gnu.so
-- Up-to-date: /home/etern1ty/ros2_ws/install/pub_controller/lib/libpub_controller__rosidl_generator_py.so
-- Up-to-date: /home/etern1ty/ros2_ws/install/pub_controller/share/pub_controller/msg/Motion.idl
-- Up-to-date: /home/etern1ty/ros2_ws/install/pub_controller/share/pub_controller/msg/Motion.msg
-- Up-to-date: /home/etern1ty/ros2_ws/install/pub_controller/lib/pub_controller/controller
-- Up-to-date: /home/etern1ty/ros2_ws/install/pub_controller/share/ament_index/resource_index/package_run_dependencies/pub_controller
-- Up-to-date: /home/etern1ty/ros2_ws/install/pub_controller/share/ament_index/resource_index/parent_prefix_path/pub_controller
-- Up-to-date: /home/etern1ty/ros2_ws/install/pub_controller/share/pub_controller/environment/ament_prefix_path.sh
-- Up-to-date: /home/etern1ty/ros2_ws/install/pub_controller/share/pub_controller/environment/ament_prefix_path.dsv
-- Up-to-date: /home/etern1ty/ros2_ws/install/pub_controller/share/pub_controller/environment/path.sh
-- Up-to-date: /home/etern1ty/ros2_ws/install/pub_controller/share/pub_controller/environment/path.dsv
-- Up-to-date: /home/etern1ty/ros2_ws/install/pub_controller/share/pub_controller/local_setup.bash
-- Up-to-date: /home/etern1ty/ros2_ws/install/pub_controller/share/pub_controller/local_setup.sh
-- Up-to-date: /home/etern1ty/ros2_ws/install/pub_controller/share/pub_controller/local_setup.zsh
-- Up-to-date: /home/etern1ty/ros2_ws/install/pub_controller/share/pub_controller/local_setup.dsv
-- Installing: /home/etern1ty/ros2_ws/install/pub_controller/share/pub_controller/package.dsv
-- Up-to-date: /home/etern1ty/ros2_ws/install/pub_controller/share/ament_index/resource_index/packages/pub_controller
-- Up-to-date: /home/etern1ty/ros2_ws/install/pub_controller/share/pub_controller/cmake/export_pub_controller__rosidl_generator_cExport.cmake
-- Up-to-date: /home/etern1ty/ros2_ws/install/pub_controller/share/pub_controller/cmake/export_pub_controller__rosidl_generator_cExport-noconfig.cmake
-- Up-to-date: /home/etern1ty/ros2_ws/install/pub_controller/share/pub_controller/cmake/export_pub_controller__rosidl_typesupport_fastrtps_cExport.cmake
-- Up-to-date: /home/etern1ty/ros2_ws/install/pub_controller/share/pub_controller/cmake/export_pub_controller__rosidl_typesupport_fastrtps_cExport-noconfig.cmake
-- Up-to-date: /home/etern1ty/ros2_ws/install/pub_controller/share/pub_controller/cmake/export_pub_controller__rosidl_generator_cppExport.cmake
-- Up-to-date: /home/etern1ty/ros2_ws/install/pub_controller/share/pub_controller/cmake/export_pub_controller__rosidl_typesupport_fastrtps_cppExport.cmake
-- Up-to-date: /home/etern1ty/ros2_ws/install/pub_controller/share/pub_controller/cmake/export_pub_controller__rosidl_typesupport_fastrtps_cppExport-noconfig.cmake
-- Up-to-date: /home/etern1ty/ros2_ws/install/pub_controller/share/pub_controller/cmake/pub_controller__rosidl_typesupport_introspection_cExport.cmake
-- Up-to-date: /home/etern1ty/ros2_ws/install/pub_controller/share/pub_controller/cmake/pub_controller__rosidl_typesupport_introspection_cExport-noconfig.cmake
-- Up-to-date: /home/etern1ty/ros2_ws/install/pub_controller/share/pub_controller/cmake/pub_controller__rosidl_typesupport_cExport.cmake
-- Up-to-date: /home/etern1ty/ros2_ws/install/pub_controller/share/pub_controller/cmake/pub_controller__rosidl_typesupport_cExport-noconfig.cmake
-- Up-to-date: /home/etern1ty/ros2_ws/install/pub_controller/share/pub_controller/cmake/pub_controller__rosidl_typesupport_introspection_cppExport.cmake
-- Up-to-date: /home/etern1ty/ros2_ws/install/pub_controller/share/pub_controller/cmake/pub_controller__rosidl_typesupport_introspection_cppExport-noconfig.cmake
-- Up-to-date: /home/etern1ty/ros2_ws/install/pub_controller/share/pub_controller/cmake/pub_controller__rosidl_typesupport_cppExport.cmake
-- Up-to-date: /home/etern1ty/ros2_ws/install/pub_controller/share/pub_controller/cmake/pub_controller__rosidl_typesupport_cppExport-noconfig.cmake
-- Up-to-date: /home/etern1ty/ros2_ws/install/pub_controller/share/pub_controller/cmake/export_pub_controller__rosidl_generator_pyExport.cmake
-- Up-to-date: /home/etern1ty/ros2_ws/install/pub_controller/share/pub_controller/cmake/export_pub_controller__rosidl_generator_pyExport-noconfig.cmake
-- Up-to-date: /home/etern1ty/ros2_ws/install/pub_controller/share/pub_controller/cmake/rosidl_cmake-extras.cmake
-- Up-to-date: /home/etern1ty/ros2_ws/install/pub_controller/share/pub_controller/cmake/ament_cmake_export_include_directories-extras.cmake
-- Up-to-date: /home/etern1ty/ros2_ws/install/pub_controller/share/pub_controller/cmake/ament_cmake_export_libraries-extras.cmake
-- Up-to-date: /home/etern1ty/ros2_ws/install/pub_controller/share/pub_controller/cmake/ament_cmake_export_targets-extras.cmake
-- Up-to-date: /home/etern1ty/ros2_ws/install/pub_controller/share/pub_controller/cmake/rosidl_cmake_export_typesupport_targets-extras.cmake
-- Up-to-date: /home/etern1ty/ros2_ws/install/pub_controller/share/pub_controller/cmake/ament_cmake_export_dependencies-extras.cmake
-- Up-to-date: /home/etern1ty/ros2_ws/install/pub_controller/share/pub_controller/cmake/rosidl_cmake_export_typesupport_libraries-extras.cmake
-- Up-to-date: /home/etern1ty/ros2_ws/install/pub_controller/share/pub_controller/cmake/pub_controllerConfig.cmake
-- Up-to-date: /home/etern1ty/ros2_ws/install/pub_controller/share/pub_controller/cmake/pub_controllerConfig-version.cmake
-- Up-to-date: /home/etern1ty/ros2_ws/install/pub_controller/share/pub_controller/package.xml
