-- Found ament_cmake: 1.3.7 (/opt/ros/humble/share/ament_cmake/cmake)
-- Found rclcpp: 16.0.8 (/opt/ros/humble/share/rclcpp/cmake)
-- Found rosidl_generator_c: 3.1.5 (/opt/ros/humble/share/rosidl_generator_c/cmake)
-- Found rosidl_adapter: 3.1.5 (/opt/ros/humble/share/rosidl_adapter/cmake)
-- Found rosidl_generator_cpp: 3.1.5 (/opt/ros/humble/share/rosidl_generator_cpp/cmake)
-- Using all available rosidl_typesupport_c: rosidl_typesupport_fastrtps_c;rosidl_typesupport_introspection_c
-- Using all available rosidl_typesupport_cpp: rosidl_typesupport_fastrtps_cpp;rosidl_typesupport_introspection_cpp
-- Found rmw_implementation_cmake: 6.1.1 (/opt/ros/humble/share/rmw_implementation_cmake/cmake)
-- Found rmw_fastrtps_cpp: 6.2.6 (/opt/ros/humble/share/rmw_fastrtps_cpp/cmake)
-- Using RMW implementation 'rmw_fastrtps_cpp' as default
-- Found sensor_msgs: 4.2.3 (/opt/ros/humble/share/sensor_msgs/cmake)
-- Found rosidl_default_generators: 1.2.0 (/opt/ros/humble/share/rosidl_default_generators/cmake)
-- Found ament_cmake_ros: 0.10.0 (/opt/ros/humble/share/ament_cmake_ros/cmake)
-- Using all available rosidl_typesupport_c: rosidl_typesupport_fastrtps_c;rosidl_typesupport_introspection_c
-- Using all available rosidl_typesupport_cpp: rosidl_typesupport_fastrtps_cpp;rosidl_typesupport_introspection_cpp
-- Found python_cmake_module: 0.10.0 (/opt/ros/humble/share/python_cmake_module/cmake)
-- Using PYTHON_EXECUTABLE: /usr/bin/python3
-- Using PYTHON_INCLUDE_DIRS: /usr/include/python3.10
-- Using PYTHON_LIBRARIES: /usr/lib/x86_64-linux-gnu/libpython3.10.so
-- Found ament_lint_auto: 0.12.10 (/opt/ros/humble/share/ament_lint_auto/cmake)
-- Added test 'cppcheck' to perform static code analysis on C / C++ code
-- Configured cppcheck include dirs: 
-- Configured cppcheck exclude dirs and/or files: 
-- Added test 'lint_cmake' to check CMake code style
-- Added test 'uncrustify' to check C / C++ code style
-- Configured uncrustify additional arguments: 
-- Added test 'xmllint' to check XML markup files
-- Configuring done
-- Generating done
-- Build files have been written to: /home/etern1ty/ros2_ws/build/pub_controller
[35m[1mConsolidate compiler generated dependencies of target pub_controller__rosidl_generator_c[0m
[  3%] Built target pub_controller__cpp
[ 12%] Built target pub_controller__rosidl_generator_c
[ 12%] Built target ament_cmake_python_copy_pub_controller
[35m[1mConsolidate compiler generated dependencies of target pub_controller__rosidl_typesupport_c[0m
[35m[1mConsolidate compiler generated dependencies of target pub_controller__rosidl_typesupport_introspection_c[0m
[35m[1mConsolidate compiler generated dependencies of target pub_controller__rosidl_typesupport_introspection_cpp[0m
[35m[1mConsolidate compiler generated dependencies of target pub_controller__rosidl_typesupport_cpp[0m
[35m[1mConsolidate compiler generated dependencies of target pub_controller__rosidl_typesupport_fastrtps_cpp[0m
[35m[1mConsolidate compiler generated dependencies of target pub_controller__rosidl_typesupport_fastrtps_c[0m
[ 21%] Built target pub_controller__rosidl_typesupport_c
[ 39%] Built target pub_controller__rosidl_typesupport_introspection_cpp
[ 39%] Built target pub_controller__rosidl_typesupport_cpp
[ 48%] Built target pub_controller__rosidl_typesupport_introspection_c
[ 57%] Built target pub_controller__rosidl_typesupport_fastrtps_cpp
[ 66%] Built target pub_controller__rosidl_typesupport_fastrtps_c
[ 69%] [32mBuilding CXX object CMakeFiles/node.dir/src/pub_func.cpp.o[0m
[ 69%] Built target pub_controller
[ 72%] Built target pub_controller__py
[35m[1mConsolidate compiler generated dependencies of target pub_controller__rosidl_generator_py[0m
[ 78%] Built target pub_controller__rosidl_generator_py
[35m[1mConsolidate compiler generated dependencies of target pub_controller__rosidl_typesupport_c__pyext[0m
[35m[1mConsolidate compiler generated dependencies of target pub_controller__rosidl_typesupport_introspection_c__pyext[0m
[35m[1mConsolidate compiler generated dependencies of target pub_controller__rosidl_typesupport_fastrtps_c__pyext[0m
[ 84%] Built target pub_controller__rosidl_typesupport_introspection_c__pyext
[ 90%] Built target pub_controller__rosidl_typesupport_fastrtps_c__pyext
[ 96%] Built target pub_controller__rosidl_typesupport_c__pyext
running egg_info
writing pub_controller.egg-info/PKG-INFO
writing dependency_links to pub_controller.egg-info/dependency_links.txt
writing top-level names to pub_controller.egg-info/top_level.txt
reading manifest file 'pub_controller.egg-info/SOURCES.txt'
writing manifest file 'pub_controller.egg-info/SOURCES.txt'
[ 96%] Built target ament_cmake_python_build_pub_controller_egg
[100%] [32m[1mLinking CXX executable node[0m
[100%] Built target node
-- Install configuration: ""
-- Up-to-date: /home/etern1ty/ros2_ws/install/pub_controller/share/ament_index/resource_index/rosidl_interfaces/pub_controller
-- Up-to-date: /home/etern1ty/ros2_ws/install/pub_controller/include/pub_controller/pub_controller
-- Up-to-date: /home/etern1ty/ros2_ws/install/pub_controller/include/pub_controller/pub_controller/msg
-- Up-to-date: /home/etern1ty/ros2_ws/install/pub_controller/include/pub_controller/pub_controller/msg/detail
-- Up-to-date: /home/etern1ty/ros2_ws/install/pub_controller/include/pub_controller/pub_controller/msg/detail/motion__type_support.h
-- Up-to-date: /home/etern1ty/ros2_ws/install/pub_controller/include/pub_controller/pub_controller/msg/detail/motion__struct.h
-- Up-to-date: /home/etern1ty/ros2_ws/install/pub_controller/include/pub_controller/pub_controller/msg/detail/motion__functions.h
-- Up-to-date: /home/etern1ty/ros2_ws/install/pub_controller/include/pub_controller/pub_controller/msg/detail/motion__functions.c
-- Up-to-date: /home/etern1ty/ros2_ws/install/pub_controller/include/pub_controller/pub_controller/msg/motion.h
-- Up-to-date: /home/etern1ty/ros2_ws/install/pub_controller/include/pub_controller/pub_controller/msg/rosidl_generator_c__visibility_control.h
-- Up-to-date: /home/etern1ty/ros2_ws/install/pub_controller/share/pub_controller/environment/library_path.sh
-- Installing: /home/etern1ty/ros2_ws/install/pub_controller/share/pub_controller/environment/library_path.dsv
-- Up-to-date: /home/etern1ty/ros2_ws/install/pub_controller/lib/libpub_controller__rosidl_generator_c.so
-- Up-to-date: /home/etern1ty/ros2_ws/install/pub_controller/include/pub_controller/pub_controller
-- Up-to-date: /home/etern1ty/ros2_ws/install/pub_controller/include/pub_controller/pub_controller/msg
-- Up-to-date: /home/etern1ty/ros2_ws/install/pub_controller/include/pub_controller/pub_controller/msg/rosidl_typesupport_fastrtps_c__visibility_control.h
-- Up-to-date: /home/etern1ty/ros2_ws/install/pub_controller/include/pub_controller/pub_controller/msg/detail
-- Up-to-date: /home/etern1ty/ros2_ws/install/pub_controller/include/pub_controller/pub_controller/msg/detail/motion__rosidl_typesupport_fastrtps_c.h
-- Up-to-date: /home/etern1ty/ros2_ws/install/pub_controller/lib/libpub_controller__rosidl_typesupport_fastrtps_c.so
-- Up-to-date: /home/etern1ty/ros2_ws/install/pub_controller/include/pub_controller/pub_controller
-- Up-to-date: /home/etern1ty/ros2_ws/install/pub_controller/include/pub_controller/pub_controller/msg
-- Up-to-date: /home/etern1ty/ros2_ws/install/pub_controller/include/pub_controller/pub_controller/msg/detail
-- Up-to-date: /home/etern1ty/ros2_ws/install/pub_controller/include/pub_controller/pub_controller/msg/detail/motion__builder.hpp
-- Up-to-date: /home/etern1ty/ros2_ws/install/pub_controller/include/pub_controller/pub_controller/msg/detail/motion__struct.hpp
-- Up-to-date: /home/etern1ty/ros2_ws/install/pub_controller/include/pub_controller/pub_controller/msg/detail/motion__traits.hpp
-- Up-to-date: /home/etern1ty/ros2_ws/install/pub_controller/include/pub_controller/pub_controller/msg/motion.hpp
-- Up-to-date: /home/etern1ty/ros2_ws/install/pub_controller/include/pub_controller/pub_controller
-- Up-to-date: /home/etern1ty/ros2_ws/install/pub_controller/include/pub_controller/pub_controller/msg
-- Up-to-date: /home/etern1ty/ros2_ws/install/pub_controller/include/pub_controller/pub_controller/msg/detail
-- Up-to-date: /home/etern1ty/ros2_ws/install/pub_controller/include/pub_controller/pub_controller/msg/detail/dds_fastrtps
-- Up-to-date: /home/etern1ty/ros2_ws/install/pub_controller/include/pub_controller/pub_controller/msg/detail/motion__rosidl_typesupport_fastrtps_cpp.hpp
-- Up-to-date: /home/etern1ty/ros2_ws/install/pub_controller/include/pub_controller/pub_controller/msg/rosidl_typesupport_fastrtps_cpp__visibility_control.h
-- Up-to-date: /home/etern1ty/ros2_ws/install/pub_controller/lib/libpub_controller__rosidl_typesupport_fastrtps_cpp.so
-- Up-to-date: /home/etern1ty/ros2_ws/install/pub_controller/include/pub_controller/pub_controller
-- Up-to-date: /home/etern1ty/ros2_ws/install/pub_controller/include/pub_controller/pub_controller/msg
-- Up-to-date: /home/etern1ty/ros2_ws/install/pub_controller/include/pub_controller/pub_controller/msg/detail
-- Up-to-date: /home/etern1ty/ros2_ws/install/pub_controller/include/pub_controller/pub_controller/msg/detail/motion__rosidl_typesupport_introspection_c.h
-- Up-to-date: /home/etern1ty/ros2_ws/install/pub_controller/include/pub_controller/pub_controller/msg/detail/motion__type_support.c
-- Up-to-date: /home/etern1ty/ros2_ws/install/pub_controller/include/pub_controller/pub_controller/msg/rosidl_typesupport_introspection_c__visibility_control.h
-- Up-to-date: /home/etern1ty/ros2_ws/install/pub_controller/lib/libpub_controller__rosidl_typesupport_introspection_c.so
-- Up-to-date: /home/etern1ty/ros2_ws/install/pub_controller/lib/libpub_controller__rosidl_typesupport_c.so
-- Up-to-date: /home/etern1ty/ros2_ws/install/pub_controller/include/pub_controller/pub_controller
-- Up-to-date: /home/etern1ty/ros2_ws/install/pub_controller/include/pub_controller/pub_controller/msg
-- Up-to-date: /home/etern1ty/ros2_ws/install/pub_controller/include/pub_controller/pub_controller/msg/detail
-- Up-to-date: /home/etern1ty/ros2_ws/install/pub_controller/include/pub_controller/pub_controller/msg/detail/motion__type_support.cpp
-- Up-to-date: /home/etern1ty/ros2_ws/install/pub_controller/include/pub_controller/pub_controller/msg/detail/motion__rosidl_typesupport_introspection_cpp.hpp
-- Up-to-date: /home/etern1ty/ros2_ws/install/pub_controller/lib/libpub_controller__rosidl_typesupport_introspection_cpp.so
-- Up-to-date: /home/etern1ty/ros2_ws/install/pub_controller/lib/libpub_controller__rosidl_typesupport_cpp.so
-- Up-to-date: /home/etern1ty/ros2_ws/install/pub_controller/share/pub_controller/environment/pythonpath.sh
-- Installing: /home/etern1ty/ros2_ws/install/pub_controller/share/pub_controller/environment/pythonpath.dsv
-- Up-to-date: /home/etern1ty/ros2_ws/install/pub_controller/local/lib/python3.10/dist-packages/pub_controller-0.0.0-py3.10.egg-info
-- Installing: /home/etern1ty/ros2_ws/install/pub_controller/local/lib/python3.10/dist-packages/pub_controller-0.0.0-py3.10.egg-info/PKG-INFO
-- Installing: /home/etern1ty/ros2_ws/install/pub_controller/local/lib/python3.10/dist-packages/pub_controller-0.0.0-py3.10.egg-info/top_level.txt
-- Installing: /home/etern1ty/ros2_ws/install/pub_controller/local/lib/python3.10/dist-packages/pub_controller-0.0.0-py3.10.egg-info/SOURCES.txt
-- Installing: /home/etern1ty/ros2_ws/install/pub_controller/local/lib/python3.10/dist-packages/pub_controller-0.0.0-py3.10.egg-info/dependency_links.txt
-- Up-to-date: /home/etern1ty/ros2_ws/install/pub_controller/local/lib/python3.10/dist-packages/pub_controller
-- Installing: /home/etern1ty/ros2_ws/install/pub_controller/local/lib/python3.10/dist-packages/pub_controller/__init__.py
-- Up-to-date: /home/etern1ty/ros2_ws/install/pub_controller/local/lib/python3.10/dist-packages/pub_controller/libpub_controller__rosidl_generator_py.so
-- Up-to-date: /home/etern1ty/ros2_ws/install/pub_controller/local/lib/python3.10/dist-packages/pub_controller/_pub_controller_s.ep.rosidl_typesupport_c.c
-- Up-to-date: /home/etern1ty/ros2_ws/install/pub_controller/local/lib/python3.10/dist-packages/pub_controller/_pub_controller_s.ep.rosidl_typesupport_introspection_c.c
-- Up-to-date: /home/etern1ty/ros2_ws/install/pub_controller/local/lib/python3.10/dist-packages/pub_controller/pub_controller_s__rosidl_typesupport_c.cpython-310-x86_64-linux-gnu.so
-- Up-to-date: /home/etern1ty/ros2_ws/install/pub_controller/local/lib/python3.10/dist-packages/pub_controller/pub_controller_s__rosidl_typesupport_fastrtps_c.cpython-310-x86_64-linux-gnu.so
-- Up-to-date: /home/etern1ty/ros2_ws/install/pub_controller/local/lib/python3.10/dist-packages/pub_controller/msg
-- Up-to-date: /home/etern1ty/ros2_ws/install/pub_controller/local/lib/python3.10/dist-packages/pub_controller/msg/_motion_s.c
-- Up-to-date: /home/etern1ty/ros2_ws/install/pub_controller/local/lib/python3.10/dist-packages/pub_controller/msg/_motion.py
-- Up-to-date: /home/etern1ty/ros2_ws/install/pub_controller/local/lib/python3.10/dist-packages/pub_controller/msg/__init__.py
-- Up-to-date: /home/etern1ty/ros2_ws/install/pub_controller/local/lib/python3.10/dist-packages/pub_controller/pub_controller_s__rosidl_typesupport_introspection_c.cpython-310-x86_64-linux-gnu.so
-- Up-to-date: /home/etern1ty/ros2_ws/install/pub_controller/local/lib/python3.10/dist-packages/pub_controller/_pub_controller_s.ep.rosidl_typesupport_fastrtps_c.c
Listing '/home/etern1ty/ros2_ws/install/pub_controller/local/lib/python3.10/dist-packages/pub_controller'...
Compiling '/home/etern1ty/ros2_ws/install/pub_controller/local/lib/python3.10/dist-packages/pub_controller/__init__.py'...
Listing '/home/etern1ty/ros2_ws/install/pub_controller/local/lib/python3.10/dist-packages/pub_controller/msg'...
-- Up-to-date: /home/etern1ty/ros2_ws/install/pub_controller/local/lib/python3.10/dist-packages/pub_controller/pub_controller_s__rosidl_typesupport_fastrtps_c.cpython-310-x86_64-linux-gnu.so
-- Up-to-date: /home/etern1ty/ros2_ws/install/pub_controller/local/lib/python3.10/dist-packages/pub_controller/pub_controller_s__rosidl_typesupport_introspection_c.cpython-310-x86_64-linux-gnu.so
-- Up-to-date: /home/etern1ty/ros2_ws/install/pub_controller/local/lib/python3.10/dist-packages/pub_controller/pub_controller_s__rosidl_typesupport_c.cpython-310-x86_64-linux-gnu.so
-- Up-to-date: /home/etern1ty/ros2_ws/install/pub_controller/lib/libpub_controller__rosidl_generator_py.so
-- Up-to-date: /home/etern1ty/ros2_ws/install/pub_controller/share/pub_controller/msg/Motion.idl
-- Up-to-date: /home/etern1ty/ros2_ws/install/pub_controller/share/pub_controller/msg/Motion.msg
-- Installing: /home/etern1ty/ros2_ws/install/pub_controller/lib/pub_controller/node
-- Set runtime path of "/home/etern1ty/ros2_ws/install/pub_controller/lib/pub_controller/node" to ""
-- Up-to-date: /home/etern1ty/ros2_ws/install/pub_controller/share/ament_index/resource_index/package_run_dependencies/pub_controller
-- Installing: /home/etern1ty/ros2_ws/install/pub_controller/share/ament_index/resource_index/parent_prefix_path/pub_controller
-- Up-to-date: /home/etern1ty/ros2_ws/install/pub_controller/share/pub_controller/environment/ament_prefix_path.sh
-- Installing: /home/etern1ty/ros2_ws/install/pub_controller/share/pub_controller/environment/ament_prefix_path.dsv
-- Up-to-date: /home/etern1ty/ros2_ws/install/pub_controller/share/pub_controller/environment/path.sh
-- Installing: /home/etern1ty/ros2_ws/install/pub_controller/share/pub_controller/environment/path.dsv
-- Up-to-date: /home/etern1ty/ros2_ws/install/pub_controller/share/pub_controller/local_setup.bash
-- Up-to-date: /home/etern1ty/ros2_ws/install/pub_controller/share/pub_controller/local_setup.sh
-- Up-to-date: /home/etern1ty/ros2_ws/install/pub_controller/share/pub_controller/local_setup.zsh
-- Installing: /home/etern1ty/ros2_ws/install/pub_controller/share/pub_controller/local_setup.dsv
-- Installing: /home/etern1ty/ros2_ws/install/pub_controller/share/pub_controller/package.dsv
-- Up-to-date: /home/etern1ty/ros2_ws/install/pub_controller/share/ament_index/resource_index/packages/pub_controller
-- Up-to-date: /home/etern1ty/ros2_ws/install/pub_controller/share/pub_controller/cmake/export_pub_controller__rosidl_generator_cExport.cmake
-- Up-to-date: /home/etern1ty/ros2_ws/install/pub_controller/share/pub_controller/cmake/export_pub_controller__rosidl_generator_cExport-noconfig.cmake
-- Up-to-date: /home/etern1ty/ros2_ws/install/pub_controller/share/pub_controller/cmake/export_pub_controller__rosidl_typesupport_fastrtps_cExport.cmake
-- Up-to-date: /home/etern1ty/ros2_ws/install/pub_controller/share/pub_controller/cmake/export_pub_controller__rosidl_typesupport_fastrtps_cExport-noconfig.cmake
-- Up-to-date: /home/etern1ty/ros2_ws/install/pub_controller/share/pub_controller/cmake/export_pub_controller__rosidl_generator_cppExport.cmake
-- Up-to-date: /home/etern1ty/ros2_ws/install/pub_controller/share/pub_controller/cmake/export_pub_controller__rosidl_typesupport_fastrtps_cppExport.cmake
-- Up-to-date: /home/etern1ty/ros2_ws/install/pub_controller/share/pub_controller/cmake/export_pub_controller__rosidl_typesupport_fastrtps_cppExport-noconfig.cmake
-- Up-to-date: /home/etern1ty/ros2_ws/install/pub_controller/share/pub_controller/cmake/pub_controller__rosidl_typesupport_introspection_cExport.cmake
-- Up-to-date: /home/etern1ty/ros2_ws/install/pub_controller/share/pub_controller/cmake/pub_controller__rosidl_typesupport_introspection_cExport-noconfig.cmake
-- Up-to-date: /home/etern1ty/ros2_ws/install/pub_controller/share/pub_controller/cmake/pub_controller__rosidl_typesupport_cExport.cmake
-- Up-to-date: /home/etern1ty/ros2_ws/install/pub_controller/share/pub_controller/cmake/pub_controller__rosidl_typesupport_cExport-noconfig.cmake
-- Up-to-date: /home/etern1ty/ros2_ws/install/pub_controller/share/pub_controller/cmake/pub_controller__rosidl_typesupport_introspection_cppExport.cmake
-- Up-to-date: /home/etern1ty/ros2_ws/install/pub_controller/share/pub_controller/cmake/pub_controller__rosidl_typesupport_introspection_cppExport-noconfig.cmake
-- Up-to-date: /home/etern1ty/ros2_ws/install/pub_controller/share/pub_controller/cmake/pub_controller__rosidl_typesupport_cppExport.cmake
-- Up-to-date: /home/etern1ty/ros2_ws/install/pub_controller/share/pub_controller/cmake/pub_controller__rosidl_typesupport_cppExport-noconfig.cmake
-- Up-to-date: /home/etern1ty/ros2_ws/install/pub_controller/share/pub_controller/cmake/export_pub_controller__rosidl_generator_pyExport.cmake
-- Up-to-date: /home/etern1ty/ros2_ws/install/pub_controller/share/pub_controller/cmake/export_pub_controller__rosidl_generator_pyExport-noconfig.cmake
-- Up-to-date: /home/etern1ty/ros2_ws/install/pub_controller/share/pub_controller/cmake/rosidl_cmake-extras.cmake
-- Up-to-date: /home/etern1ty/ros2_ws/install/pub_controller/share/pub_controller/cmake/ament_cmake_export_include_directories-extras.cmake
-- Up-to-date: /home/etern1ty/ros2_ws/install/pub_controller/share/pub_controller/cmake/ament_cmake_export_libraries-extras.cmake
-- Up-to-date: /home/etern1ty/ros2_ws/install/pub_controller/share/pub_controller/cmake/ament_cmake_export_targets-extras.cmake
-- Up-to-date: /home/etern1ty/ros2_ws/install/pub_controller/share/pub_controller/cmake/rosidl_cmake_export_typesupport_targets-extras.cmake
-- Up-to-date: /home/etern1ty/ros2_ws/install/pub_controller/share/pub_controller/cmake/ament_cmake_export_dependencies-extras.cmake
-- Up-to-date: /home/etern1ty/ros2_ws/install/pub_controller/share/pub_controller/cmake/rosidl_cmake_export_typesupport_libraries-extras.cmake
-- Up-to-date: /home/etern1ty/ros2_ws/install/pub_controller/share/pub_controller/cmake/pub_controllerConfig.cmake
-- Up-to-date: /home/etern1ty/ros2_ws/install/pub_controller/share/pub_controller/cmake/pub_controllerConfig-version.cmake
-- Up-to-date: /home/etern1ty/ros2_ws/install/pub_controller/share/pub_controller/package.xml
