[0.138s] Invoking command in '/home/etern1ty/ros2_ws/build/obj_msg': CMAKE_PREFIX_PATH=${CMAKE_PREFIX_PATH}:/home/etern1ty/ros2_ws/install/launch_testing_examples:/home/etern1ty/ros2_ws/install/examples_rclpy_pointcloud_publisher:/home/etern1ty/ros2_ws/install/examples_rclpy_minimal_subscriber:/home/etern1ty/ros2_ws/install/examples_rclpy_minimal_service:/home/etern1ty/ros2_ws/install/examples_rclpy_minimal_publisher:/home/etern1ty/ros2_ws/install/examples_rclpy_minimal_client:/home/etern1ty/ros2_ws/install/examples_rclpy_minimal_action_server:/home/etern1ty/ros2_ws/install/examples_rclpy_minimal_action_client:/home/etern1ty/ros2_ws/install/examples_rclpy_guard_conditions:/home/etern1ty/ros2_ws/install/examples_rclpy_executors:/opt/ros/humble /usr/bin/cmake --build /home/etern1ty/ros2_ws/build/obj_msg -- -j12 -l12
[0.269s] [  9%] Built target obj_msg__rosidl_generator_c
[0.269s] [ 12%] Built target obj_msg__cpp
[0.291s] [ 12%] Built target ament_cmake_python_copy_obj_msg
[0.312s] [ 22%] Built target obj_msg__rosidl_typesupport_fastrtps_cpp
[0.313s] [ 32%] Built target obj_msg__rosidl_typesupport_introspection_c
[0.318s] [ 41%] Built target obj_msg__rosidl_typesupport_introspection_cpp
[0.319s] [ 51%] Built target obj_msg__rosidl_typesupport_cpp
[0.325s] [ 70%] Built target obj_msg__rosidl_typesupport_fastrtps_c
[0.325s] [ 70%] Built target obj_msg__rosidl_typesupport_c
[0.355s] [ 70%] Built target obj_msg
[0.382s] [ 74%] Built target obj_msg__py
[0.412s] [ 80%] Built target obj_msg__rosidl_generator_py
[0.446s] [ 87%] Built target obj_msg__rosidl_typesupport_c__pyext
[0.446s] [100%] Built target obj_msg__rosidl_typesupport_introspection_c__pyext
[0.446s] [100%] Built target obj_msg__rosidl_typesupport_fastrtps_c__pyext
[0.625s] running egg_info
[0.625s] writing obj_msg.egg-info/PKG-INFO
[0.626s] writing dependency_links to obj_msg.egg-info/dependency_links.txt
[0.626s] writing top-level names to obj_msg.egg-info/top_level.txt
[0.629s] reading manifest file 'obj_msg.egg-info/SOURCES.txt'
[0.629s] writing manifest file 'obj_msg.egg-info/SOURCES.txt'
[0.669s] [100%] Built target ament_cmake_python_build_obj_msg_egg
[0.685s] Invoked command in '/home/etern1ty/ros2_ws/build/obj_msg' returned '0': CMAKE_PREFIX_PATH=${CMAKE_PREFIX_PATH}:/home/etern1ty/ros2_ws/install/launch_testing_examples:/home/etern1ty/ros2_ws/install/examples_rclpy_pointcloud_publisher:/home/etern1ty/ros2_ws/install/examples_rclpy_minimal_subscriber:/home/etern1ty/ros2_ws/install/examples_rclpy_minimal_service:/home/etern1ty/ros2_ws/install/examples_rclpy_minimal_publisher:/home/etern1ty/ros2_ws/install/examples_rclpy_minimal_client:/home/etern1ty/ros2_ws/install/examples_rclpy_minimal_action_server:/home/etern1ty/ros2_ws/install/examples_rclpy_minimal_action_client:/home/etern1ty/ros2_ws/install/examples_rclpy_guard_conditions:/home/etern1ty/ros2_ws/install/examples_rclpy_executors:/opt/ros/humble /usr/bin/cmake --build /home/etern1ty/ros2_ws/build/obj_msg -- -j12 -l12
[0.780s] Invoking command in '/home/etern1ty/ros2_ws/build/obj_msg': CMAKE_PREFIX_PATH=${CMAKE_PREFIX_PATH}:/home/etern1ty/ros2_ws/install/launch_testing_examples:/home/etern1ty/ros2_ws/install/examples_rclpy_pointcloud_publisher:/home/etern1ty/ros2_ws/install/examples_rclpy_minimal_subscriber:/home/etern1ty/ros2_ws/install/examples_rclpy_minimal_service:/home/etern1ty/ros2_ws/install/examples_rclpy_minimal_publisher:/home/etern1ty/ros2_ws/install/examples_rclpy_minimal_client:/home/etern1ty/ros2_ws/install/examples_rclpy_minimal_action_server:/home/etern1ty/ros2_ws/install/examples_rclpy_minimal_action_client:/home/etern1ty/ros2_ws/install/examples_rclpy_guard_conditions:/home/etern1ty/ros2_ws/install/examples_rclpy_executors:/opt/ros/humble /usr/bin/cmake --install /home/etern1ty/ros2_ws/build/obj_msg
[0.796s] -- Install configuration: ""
[0.796s] -- Up-to-date: /home/etern1ty/ros2_ws/install/obj_msg/share/ament_index/resource_index/rosidl_interfaces/obj_msg
[0.796s] -- Up-to-date: /home/etern1ty/ros2_ws/install/obj_msg/include/obj_msg/obj_msg
[0.796s] -- Up-to-date: /home/etern1ty/ros2_ws/install/obj_msg/include/obj_msg/obj_msg/msg
[0.796s] -- Up-to-date: /home/etern1ty/ros2_ws/install/obj_msg/include/obj_msg/obj_msg/msg/detected.h
[0.797s] -- Up-to-date: /home/etern1ty/ros2_ws/install/obj_msg/include/obj_msg/obj_msg/msg/detail
[0.797s] -- Up-to-date: /home/etern1ty/ros2_ws/install/obj_msg/include/obj_msg/obj_msg/msg/detail/detected__functions.c
[0.797s] -- Up-to-date: /home/etern1ty/ros2_ws/install/obj_msg/include/obj_msg/obj_msg/msg/detail/detected__functions.h
[0.797s] -- Up-to-date: /home/etern1ty/ros2_ws/install/obj_msg/include/obj_msg/obj_msg/msg/detail/detected__struct.h
[0.797s] -- Up-to-date: /home/etern1ty/ros2_ws/install/obj_msg/include/obj_msg/obj_msg/msg/detail/detected__type_support.h
[0.797s] -- Up-to-date: /home/etern1ty/ros2_ws/install/obj_msg/include/obj_msg/obj_msg/msg/rosidl_generator_c__visibility_control.h
[0.797s] -- Up-to-date: /home/etern1ty/ros2_ws/install/obj_msg/share/obj_msg/environment/library_path.sh
[0.797s] -- Up-to-date: /home/etern1ty/ros2_ws/install/obj_msg/share/obj_msg/environment/library_path.dsv
[0.798s] -- Up-to-date: /home/etern1ty/ros2_ws/install/obj_msg/lib/libobj_msg__rosidl_generator_c.so
[0.798s] -- Up-to-date: /home/etern1ty/ros2_ws/install/obj_msg/include/obj_msg/obj_msg
[0.798s] -- Up-to-date: /home/etern1ty/ros2_ws/install/obj_msg/include/obj_msg/obj_msg/msg
[0.798s] -- Up-to-date: /home/etern1ty/ros2_ws/install/obj_msg/include/obj_msg/obj_msg/msg/rosidl_typesupport_fastrtps_c__visibility_control.h
[0.798s] -- Up-to-date: /home/etern1ty/ros2_ws/install/obj_msg/include/obj_msg/obj_msg/msg/detail
[0.799s] -- Up-to-date: /home/etern1ty/ros2_ws/install/obj_msg/include/obj_msg/obj_msg/msg/detail/detected__rosidl_typesupport_fastrtps_c.h
[0.800s] -- Up-to-date: /home/etern1ty/ros2_ws/install/obj_msg/lib/libobj_msg__rosidl_typesupport_fastrtps_c.so
[0.800s] -- Up-to-date: /home/etern1ty/ros2_ws/install/obj_msg/include/obj_msg/obj_msg
[0.800s] -- Up-to-date: /home/etern1ty/ros2_ws/install/obj_msg/include/obj_msg/obj_msg/msg
[0.800s] -- Up-to-date: /home/etern1ty/ros2_ws/install/obj_msg/include/obj_msg/obj_msg/msg/detail
[0.801s] -- Up-to-date: /home/etern1ty/ros2_ws/install/obj_msg/include/obj_msg/obj_msg/msg/detail/detected__type_support.c
[0.801s] -- Up-to-date: /home/etern1ty/ros2_ws/install/obj_msg/include/obj_msg/obj_msg/msg/detail/detected__rosidl_typesupport_introspection_c.h
[0.801s] -- Up-to-date: /home/etern1ty/ros2_ws/install/obj_msg/include/obj_msg/obj_msg/msg/rosidl_typesupport_introspection_c__visibility_control.h
[0.801s] -- Up-to-date: /home/etern1ty/ros2_ws/install/obj_msg/lib/libobj_msg__rosidl_typesupport_introspection_c.so
[0.801s] -- Up-to-date: /home/etern1ty/ros2_ws/install/obj_msg/lib/libobj_msg__rosidl_typesupport_c.so
[0.802s] -- Up-to-date: /home/etern1ty/ros2_ws/install/obj_msg/include/obj_msg/obj_msg
[0.802s] -- Up-to-date: /home/etern1ty/ros2_ws/install/obj_msg/include/obj_msg/obj_msg/msg
[0.802s] -- Up-to-date: /home/etern1ty/ros2_ws/install/obj_msg/include/obj_msg/obj_msg/msg/detected.hpp
[0.802s] -- Up-to-date: /home/etern1ty/ros2_ws/install/obj_msg/include/obj_msg/obj_msg/msg/detail
[0.802s] -- Up-to-date: /home/etern1ty/ros2_ws/install/obj_msg/include/obj_msg/obj_msg/msg/detail/detected__struct.hpp
[0.803s] -- Up-to-date: /home/etern1ty/ros2_ws/install/obj_msg/include/obj_msg/obj_msg/msg/detail/detected__traits.hpp
[0.803s] -- Up-to-date: /home/etern1ty/ros2_ws/install/obj_msg/include/obj_msg/obj_msg/msg/detail/detected__builder.hpp
[0.803s] -- Up-to-date: /home/etern1ty/ros2_ws/install/obj_msg/include/obj_msg/obj_msg
[0.803s] -- Up-to-date: /home/etern1ty/ros2_ws/install/obj_msg/include/obj_msg/obj_msg/msg
[0.803s] -- Up-to-date: /home/etern1ty/ros2_ws/install/obj_msg/include/obj_msg/obj_msg/msg/detail
[0.803s] -- Up-to-date: /home/etern1ty/ros2_ws/install/obj_msg/include/obj_msg/obj_msg/msg/detail/dds_fastrtps
[0.803s] -- Up-to-date: /home/etern1ty/ros2_ws/install/obj_msg/include/obj_msg/obj_msg/msg/detail/detected__rosidl_typesupport_fastrtps_cpp.hpp
[0.803s] -- Up-to-date: /home/etern1ty/ros2_ws/install/obj_msg/include/obj_msg/obj_msg/msg/rosidl_typesupport_fastrtps_cpp__visibility_control.h
[0.804s] -- Up-to-date: /home/etern1ty/ros2_ws/install/obj_msg/lib/libobj_msg__rosidl_typesupport_fastrtps_cpp.so
[0.804s] -- Up-to-date: /home/etern1ty/ros2_ws/install/obj_msg/include/obj_msg/obj_msg
[0.804s] -- Up-to-date: /home/etern1ty/ros2_ws/install/obj_msg/include/obj_msg/obj_msg/msg
[0.804s] -- Up-to-date: /home/etern1ty/ros2_ws/install/obj_msg/include/obj_msg/obj_msg/msg/detail
[0.804s] -- Up-to-date: /home/etern1ty/ros2_ws/install/obj_msg/include/obj_msg/obj_msg/msg/detail/detected__type_support.cpp
[0.804s] -- Up-to-date: /home/etern1ty/ros2_ws/install/obj_msg/include/obj_msg/obj_msg/msg/detail/detected__rosidl_typesupport_introspection_cpp.hpp
[0.804s] -- Up-to-date: /home/etern1ty/ros2_ws/install/obj_msg/lib/libobj_msg__rosidl_typesupport_introspection_cpp.so
[0.805s] -- Up-to-date: /home/etern1ty/ros2_ws/install/obj_msg/lib/libobj_msg__rosidl_typesupport_cpp.so
[0.805s] -- Up-to-date: /home/etern1ty/ros2_ws/install/obj_msg/share/obj_msg/environment/pythonpath.sh
[0.805s] -- Up-to-date: /home/etern1ty/ros2_ws/install/obj_msg/share/obj_msg/environment/pythonpath.dsv
[0.805s] -- Up-to-date: /home/etern1ty/ros2_ws/install/obj_msg/local/lib/python3.10/dist-packages/obj_msg-0.0.0-py3.10.egg-info
[0.806s] -- Installing: /home/etern1ty/ros2_ws/install/obj_msg/local/lib/python3.10/dist-packages/obj_msg-0.0.0-py3.10.egg-info/PKG-INFO
[0.806s] -- Installing: /home/etern1ty/ros2_ws/install/obj_msg/local/lib/python3.10/dist-packages/obj_msg-0.0.0-py3.10.egg-info/top_level.txt
[0.806s] -- Installing: /home/etern1ty/ros2_ws/install/obj_msg/local/lib/python3.10/dist-packages/obj_msg-0.0.0-py3.10.egg-info/SOURCES.txt
[0.806s] -- Installing: /home/etern1ty/ros2_ws/install/obj_msg/local/lib/python3.10/dist-packages/obj_msg-0.0.0-py3.10.egg-info/dependency_links.txt
[0.807s] -- Up-to-date: /home/etern1ty/ros2_ws/install/obj_msg/local/lib/python3.10/dist-packages/obj_msg
[0.807s] -- Up-to-date: /home/etern1ty/ros2_ws/install/obj_msg/local/lib/python3.10/dist-packages/obj_msg/libobj_msg__rosidl_generator_py.so
[0.807s] -- Up-to-date: /home/etern1ty/ros2_ws/install/obj_msg/local/lib/python3.10/dist-packages/obj_msg/_obj_msg_s.ep.rosidl_typesupport_c.c
[0.807s] -- Up-to-date: /home/etern1ty/ros2_ws/install/obj_msg/local/lib/python3.10/dist-packages/obj_msg/__init__.py
[0.807s] -- Up-to-date: /home/etern1ty/ros2_ws/install/obj_msg/local/lib/python3.10/dist-packages/obj_msg/obj_msg_s__rosidl_typesupport_c.cpython-310-x86_64-linux-gnu.so
[0.807s] -- Up-to-date: /home/etern1ty/ros2_ws/install/obj_msg/local/lib/python3.10/dist-packages/obj_msg/_obj_msg_s.ep.rosidl_typesupport_fastrtps_c.c
[0.807s] -- Up-to-date: /home/etern1ty/ros2_ws/install/obj_msg/local/lib/python3.10/dist-packages/obj_msg/obj_msg_s__rosidl_typesupport_fastrtps_c.cpython-310-x86_64-linux-gnu.so
[0.807s] -- Up-to-date: /home/etern1ty/ros2_ws/install/obj_msg/local/lib/python3.10/dist-packages/obj_msg/msg
[0.807s] -- Up-to-date: /home/etern1ty/ros2_ws/install/obj_msg/local/lib/python3.10/dist-packages/obj_msg/msg/_detected_s.c
[0.807s] -- Up-to-date: /home/etern1ty/ros2_ws/install/obj_msg/local/lib/python3.10/dist-packages/obj_msg/msg/__init__.py
[0.807s] -- Up-to-date: /home/etern1ty/ros2_ws/install/obj_msg/local/lib/python3.10/dist-packages/obj_msg/msg/_detected.py
[0.807s] -- Up-to-date: /home/etern1ty/ros2_ws/install/obj_msg/local/lib/python3.10/dist-packages/obj_msg/obj_msg_s__rosidl_typesupport_introspection_c.cpython-310-x86_64-linux-gnu.so
[0.807s] -- Up-to-date: /home/etern1ty/ros2_ws/install/obj_msg/local/lib/python3.10/dist-packages/obj_msg/_obj_msg_s.ep.rosidl_typesupport_introspection_c.c
[0.839s] Listing '/home/etern1ty/ros2_ws/install/obj_msg/local/lib/python3.10/dist-packages/obj_msg'...
[0.839s] Listing '/home/etern1ty/ros2_ws/install/obj_msg/local/lib/python3.10/dist-packages/obj_msg/msg'...
[0.844s] -- Up-to-date: /home/etern1ty/ros2_ws/install/obj_msg/local/lib/python3.10/dist-packages/obj_msg/obj_msg_s__rosidl_typesupport_fastrtps_c.cpython-310-x86_64-linux-gnu.so
[0.844s] -- Up-to-date: /home/etern1ty/ros2_ws/install/obj_msg/local/lib/python3.10/dist-packages/obj_msg/obj_msg_s__rosidl_typesupport_introspection_c.cpython-310-x86_64-linux-gnu.so
[0.845s] -- Up-to-date: /home/etern1ty/ros2_ws/install/obj_msg/local/lib/python3.10/dist-packages/obj_msg/obj_msg_s__rosidl_typesupport_c.cpython-310-x86_64-linux-gnu.so
[0.845s] -- Up-to-date: /home/etern1ty/ros2_ws/install/obj_msg/lib/libobj_msg__rosidl_generator_py.so
[0.846s] -- Up-to-date: /home/etern1ty/ros2_ws/install/obj_msg/share/obj_msg/msg/Detected.idl
[0.846s] -- Up-to-date: /home/etern1ty/ros2_ws/install/obj_msg/share/obj_msg/msg/Detected.msg
[0.846s] -- Up-to-date: /home/etern1ty/ros2_ws/install/obj_msg/share/ament_index/resource_index/package_run_dependencies/obj_msg
[0.846s] -- Up-to-date: /home/etern1ty/ros2_ws/install/obj_msg/share/ament_index/resource_index/parent_prefix_path/obj_msg
[0.846s] -- Up-to-date: /home/etern1ty/ros2_ws/install/obj_msg/share/obj_msg/environment/ament_prefix_path.sh
[0.846s] -- Up-to-date: /home/etern1ty/ros2_ws/install/obj_msg/share/obj_msg/environment/ament_prefix_path.dsv
[0.846s] -- Up-to-date: /home/etern1ty/ros2_ws/install/obj_msg/share/obj_msg/environment/path.sh
[0.846s] -- Up-to-date: /home/etern1ty/ros2_ws/install/obj_msg/share/obj_msg/environment/path.dsv
[0.846s] -- Up-to-date: /home/etern1ty/ros2_ws/install/obj_msg/share/obj_msg/local_setup.bash
[0.847s] -- Up-to-date: /home/etern1ty/ros2_ws/install/obj_msg/share/obj_msg/local_setup.sh
[0.847s] -- Up-to-date: /home/etern1ty/ros2_ws/install/obj_msg/share/obj_msg/local_setup.zsh
[0.847s] -- Up-to-date: /home/etern1ty/ros2_ws/install/obj_msg/share/obj_msg/local_setup.dsv
[0.847s] -- Installing: /home/etern1ty/ros2_ws/install/obj_msg/share/obj_msg/package.dsv
[0.847s] -- Up-to-date: /home/etern1ty/ros2_ws/install/obj_msg/share/ament_index/resource_index/packages/obj_msg
[0.847s] -- Up-to-date: /home/etern1ty/ros2_ws/install/obj_msg/share/obj_msg/cmake/export_obj_msg__rosidl_generator_cExport.cmake
[0.847s] -- Up-to-date: /home/etern1ty/ros2_ws/install/obj_msg/share/obj_msg/cmake/export_obj_msg__rosidl_generator_cExport-noconfig.cmake
[0.848s] -- Up-to-date: /home/etern1ty/ros2_ws/install/obj_msg/share/obj_msg/cmake/export_obj_msg__rosidl_typesupport_fastrtps_cExport.cmake
[0.848s] -- Up-to-date: /home/etern1ty/ros2_ws/install/obj_msg/share/obj_msg/cmake/export_obj_msg__rosidl_typesupport_fastrtps_cExport-noconfig.cmake
[0.848s] -- Up-to-date: /home/etern1ty/ros2_ws/install/obj_msg/share/obj_msg/cmake/obj_msg__rosidl_typesupport_introspection_cExport.cmake
[0.848s] -- Up-to-date: /home/etern1ty/ros2_ws/install/obj_msg/share/obj_msg/cmake/obj_msg__rosidl_typesupport_introspection_cExport-noconfig.cmake
[0.849s] -- Up-to-date: /home/etern1ty/ros2_ws/install/obj_msg/share/obj_msg/cmake/obj_msg__rosidl_typesupport_cExport.cmake
[0.849s] -- Up-to-date: /home/etern1ty/ros2_ws/install/obj_msg/share/obj_msg/cmake/obj_msg__rosidl_typesupport_cExport-noconfig.cmake
[0.849s] -- Up-to-date: /home/etern1ty/ros2_ws/install/obj_msg/share/obj_msg/cmake/export_obj_msg__rosidl_generator_cppExport.cmake
[0.849s] -- Up-to-date: /home/etern1ty/ros2_ws/install/obj_msg/share/obj_msg/cmake/export_obj_msg__rosidl_typesupport_fastrtps_cppExport.cmake
[0.849s] -- Up-to-date: /home/etern1ty/ros2_ws/install/obj_msg/share/obj_msg/cmake/export_obj_msg__rosidl_typesupport_fastrtps_cppExport-noconfig.cmake
[0.850s] -- Up-to-date: /home/etern1ty/ros2_ws/install/obj_msg/share/obj_msg/cmake/obj_msg__rosidl_typesupport_introspection_cppExport.cmake
[0.850s] -- Up-to-date: /home/etern1ty/ros2_ws/install/obj_msg/share/obj_msg/cmake/obj_msg__rosidl_typesupport_introspection_cppExport-noconfig.cmake
[0.850s] -- Up-to-date: /home/etern1ty/ros2_ws/install/obj_msg/share/obj_msg/cmake/obj_msg__rosidl_typesupport_cppExport.cmake
[0.850s] -- Up-to-date: /home/etern1ty/ros2_ws/install/obj_msg/share/obj_msg/cmake/obj_msg__rosidl_typesupport_cppExport-noconfig.cmake
[0.851s] -- Up-to-date: /home/etern1ty/ros2_ws/install/obj_msg/share/obj_msg/cmake/export_obj_msg__rosidl_generator_pyExport.cmake
[0.851s] -- Up-to-date: /home/etern1ty/ros2_ws/install/obj_msg/share/obj_msg/cmake/export_obj_msg__rosidl_generator_pyExport-noconfig.cmake
[0.851s] -- Up-to-date: /home/etern1ty/ros2_ws/install/obj_msg/share/obj_msg/cmake/ament_cmake_export_dependencies-extras.cmake
[0.851s] -- Up-to-date: /home/etern1ty/ros2_ws/install/obj_msg/share/obj_msg/cmake/rosidl_cmake-extras.cmake
[0.851s] -- Up-to-date: /home/etern1ty/ros2_ws/install/obj_msg/share/obj_msg/cmake/ament_cmake_export_include_directories-extras.cmake
[0.851s] -- Up-to-date: /home/etern1ty/ros2_ws/install/obj_msg/share/obj_msg/cmake/ament_cmake_export_libraries-extras.cmake
[0.851s] -- Up-to-date: /home/etern1ty/ros2_ws/install/obj_msg/share/obj_msg/cmake/ament_cmake_export_targets-extras.cmake
[0.851s] -- Up-to-date: /home/etern1ty/ros2_ws/install/obj_msg/share/obj_msg/cmake/rosidl_cmake_export_typesupport_targets-extras.cmake
[0.851s] -- Up-to-date: /home/etern1ty/ros2_ws/install/obj_msg/share/obj_msg/cmake/rosidl_cmake_export_typesupport_libraries-extras.cmake
[0.851s] -- Up-to-date: /home/etern1ty/ros2_ws/install/obj_msg/share/obj_msg/cmake/obj_msgConfig.cmake
[0.851s] -- Up-to-date: /home/etern1ty/ros2_ws/install/obj_msg/share/obj_msg/cmake/obj_msgConfig-version.cmake
[0.851s] -- Up-to-date: /home/etern1ty/ros2_ws/install/obj_msg/share/obj_msg/package.xml
[0.856s] Invoked command in '/home/etern1ty/ros2_ws/build/obj_msg' returned '0': CMAKE_PREFIX_PATH=${CMAKE_PREFIX_PATH}:/home/etern1ty/ros2_ws/install/launch_testing_examples:/home/etern1ty/ros2_ws/install/examples_rclpy_pointcloud_publisher:/home/etern1ty/ros2_ws/install/examples_rclpy_minimal_subscriber:/home/etern1ty/ros2_ws/install/examples_rclpy_minimal_service:/home/etern1ty/ros2_ws/install/examples_rclpy_minimal_publisher:/home/etern1ty/ros2_ws/install/examples_rclpy_minimal_client:/home/etern1ty/ros2_ws/install/examples_rclpy_minimal_action_server:/home/etern1ty/ros2_ws/install/examples_rclpy_minimal_action_client:/home/etern1ty/ros2_ws/install/examples_rclpy_guard_conditions:/home/etern1ty/ros2_ws/install/examples_rclpy_executors:/opt/ros/humble /usr/bin/cmake --install /home/etern1ty/ros2_ws/build/obj_msg
