[0.066s] Invoking command in '/home/etern1ty/ros2_ws/src/build/examples_rclcpp_async_client': CMAKE_PREFIX_PATH=${CMAKE_PREFIX_PATH}:/home/etern1ty/ros2_ws/install/v8_test:/home/etern1ty/ros2_ws/install/launch_testing_examples:/home/etern1ty/ros2_ws/install/examples_rclpy_pointcloud_publisher:/home/etern1ty/ros2_ws/install/examples_rclpy_minimal_subscriber:/home/etern1ty/ros2_ws/install/examples_rclpy_minimal_service:/home/etern1ty/ros2_ws/install/examples_rclpy_minimal_publisher:/home/etern1ty/ros2_ws/install/examples_rclpy_minimal_client:/home/etern1ty/ros2_ws/install/examples_rclpy_minimal_action_server:/home/etern1ty/ros2_ws/install/examples_rclpy_minimal_action_client:/home/etern1ty/ros2_ws/install/examples_rclpy_guard_conditions:/home/etern1ty/ros2_ws/install/examples_rclpy_executors:/opt/ros/humble /usr/bin/cmake /home/etern1ty/ros2_ws/src/src/examples/rclcpp/services/async_client -DCMAKE_INSTALL_PREFIX=/home/etern1ty/ros2_ws/src/install/examples_rclcpp_async_client
[0.131s] -- The C compiler identification is GNU 11.4.0
[0.192s] -- The CXX compiler identification is GNU 11.4.0
[0.203s] -- Detecting C compiler ABI info
[0.290s] -- Detecting C compiler ABI info - done
[0.297s] -- Check for working C compiler: /usr/bin/cc - skipped
[0.297s] -- Detecting C compile features
[0.297s] -- Detecting C compile features - done
[0.300s] -- Detecting CXX compiler ABI info
[0.397s] -- Detecting CXX compiler ABI info - done
[0.405s] -- Check for working CXX compiler: /usr/bin/c++ - skipped
[0.405s] -- Detecting CXX compile features
[0.405s] -- Detecting CXX compile features - done
[0.412s] -- Found ament_cmake: 1.3.7 (/opt/ros/humble/share/ament_cmake/cmake)
[0.803s] -- Found Python3: /usr/bin/python3.10 (found version "3.10.12") found components: Interpreter 
[0.955s] -- Found example_interfaces: 0.9.3 (/opt/ros/humble/share/example_interfaces/cmake)
[1.035s] -- Found rosidl_generator_c: 3.1.5 (/opt/ros/humble/share/rosidl_generator_c/cmake)
[1.048s] -- Found rosidl_adapter: 3.1.5 (/opt/ros/humble/share/rosidl_adapter/cmake)
[1.064s] -- Found rosidl_generator_cpp: 3.1.5 (/opt/ros/humble/share/rosidl_generator_cpp/cmake)
[1.086s] -- Using all available rosidl_typesupport_c: rosidl_typesupport_fastrtps_c;rosidl_typesupport_introspection_c
[1.118s] -- Using all available rosidl_typesupport_cpp: rosidl_typesupport_fastrtps_cpp;rosidl_typesupport_introspection_cpp
[1.293s] -- Found rclcpp: 16.0.8 (/opt/ros/humble/share/rclcpp/cmake)
[1.390s] -- Found rmw_implementation_cmake: 6.1.1 (/opt/ros/humble/share/rmw_implementation_cmake/cmake)
[1.397s] -- Found rmw_fastrtps_cpp: 6.2.6 (/opt/ros/humble/share/rmw_fastrtps_cpp/cmake)
[1.567s] -- Found OpenSSL: /usr/lib/x86_64-linux-gnu/libcrypto.so (found version "3.0.2")  
[1.608s] -- Found FastRTPS: /opt/ros/humble/include  
[1.673s] -- Using RMW implementation 'rmw_fastrtps_cpp' as default
[1.700s] -- Looking for pthread.h
[1.786s] -- Looking for pthread.h - found
[1.786s] -- Performing Test CMAKE_HAVE_LIBC_PTHREAD
[1.869s] -- Performing Test CMAKE_HAVE_LIBC_PTHREAD - Success
[1.870s] -- Found Threads: TRUE  
[2.037s] -- Found ament_lint_auto: 0.12.10 (/opt/ros/humble/share/ament_lint_auto/cmake)
[2.157s] -- Added test 'copyright' to check source files copyright and LICENSE
[2.159s] -- Added test 'cppcheck' to perform static code analysis on C / C++ code
[2.159s] -- Configured cppcheck include dirs: 
[2.159s] -- Configured cppcheck exclude dirs and/or files: 
[2.160s] -- Added test 'cpplint' to check C / C++ code against the Google style
[2.160s] -- Configured cpplint exclude dirs and/or files: 
[2.162s] -- Added test 'lint_cmake' to check CMake code style
[2.163s] -- Added test 'uncrustify' to check C / C++ code style
[2.163s] -- Configured uncrustify additional arguments: 
[2.164s] -- Added test 'xmllint' to check XML markup files
[2.167s] -- Configuring done
[2.177s] -- Generating done
[2.179s] -- Build files have been written to: /home/etern1ty/ros2_ws/src/build/examples_rclcpp_async_client
[2.189s] Invoked command in '/home/etern1ty/ros2_ws/src/build/examples_rclcpp_async_client' returned '0': CMAKE_PREFIX_PATH=${CMAKE_PREFIX_PATH}:/home/etern1ty/ros2_ws/install/v8_test:/home/etern1ty/ros2_ws/install/launch_testing_examples:/home/etern1ty/ros2_ws/install/examples_rclpy_pointcloud_publisher:/home/etern1ty/ros2_ws/install/examples_rclpy_minimal_subscriber:/home/etern1ty/ros2_ws/install/examples_rclpy_minimal_service:/home/etern1ty/ros2_ws/install/examples_rclpy_minimal_publisher:/home/etern1ty/ros2_ws/install/examples_rclpy_minimal_client:/home/etern1ty/ros2_ws/install/examples_rclpy_minimal_action_server:/home/etern1ty/ros2_ws/install/examples_rclpy_minimal_action_client:/home/etern1ty/ros2_ws/install/examples_rclpy_guard_conditions:/home/etern1ty/ros2_ws/install/examples_rclpy_executors:/opt/ros/humble /usr/bin/cmake /home/etern1ty/ros2_ws/src/src/examples/rclcpp/services/async_client -DCMAKE_INSTALL_PREFIX=/home/etern1ty/ros2_ws/src/install/examples_rclcpp_async_client
[2.191s] Invoking command in '/home/etern1ty/ros2_ws/src/build/examples_rclcpp_async_client': CMAKE_PREFIX_PATH=${CMAKE_PREFIX_PATH}:/home/etern1ty/ros2_ws/install/v8_test:/home/etern1ty/ros2_ws/install/launch_testing_examples:/home/etern1ty/ros2_ws/install/examples_rclpy_pointcloud_publisher:/home/etern1ty/ros2_ws/install/examples_rclpy_minimal_subscriber:/home/etern1ty/ros2_ws/install/examples_rclpy_minimal_service:/home/etern1ty/ros2_ws/install/examples_rclpy_minimal_publisher:/home/etern1ty/ros2_ws/install/examples_rclpy_minimal_client:/home/etern1ty/ros2_ws/install/examples_rclpy_minimal_action_server:/home/etern1ty/ros2_ws/install/examples_rclpy_minimal_action_client:/home/etern1ty/ros2_ws/install/examples_rclpy_guard_conditions:/home/etern1ty/ros2_ws/install/examples_rclpy_executors:/opt/ros/humble /usr/bin/cmake --build /home/etern1ty/ros2_ws/src/build/examples_rclcpp_async_client -- -j12 -l12
[2.252s] [ 50%] [32mBuilding CXX object CMakeFiles/client_main.dir/main.cpp.o[0m
[7.233s] [100%] [32m[1mLinking CXX executable client_main[0m
[7.532s] [100%] Built target client_main
[7.551s] Invoked command in '/home/etern1ty/ros2_ws/src/build/examples_rclcpp_async_client' returned '0': CMAKE_PREFIX_PATH=${CMAKE_PREFIX_PATH}:/home/etern1ty/ros2_ws/install/v8_test:/home/etern1ty/ros2_ws/install/launch_testing_examples:/home/etern1ty/ros2_ws/install/examples_rclpy_pointcloud_publisher:/home/etern1ty/ros2_ws/install/examples_rclpy_minimal_subscriber:/home/etern1ty/ros2_ws/install/examples_rclpy_minimal_service:/home/etern1ty/ros2_ws/install/examples_rclpy_minimal_publisher:/home/etern1ty/ros2_ws/install/examples_rclpy_minimal_client:/home/etern1ty/ros2_ws/install/examples_rclpy_minimal_action_server:/home/etern1ty/ros2_ws/install/examples_rclpy_minimal_action_client:/home/etern1ty/ros2_ws/install/examples_rclpy_guard_conditions:/home/etern1ty/ros2_ws/install/examples_rclpy_executors:/opt/ros/humble /usr/bin/cmake --build /home/etern1ty/ros2_ws/src/build/examples_rclcpp_async_client -- -j12 -l12
[7.599s] Invoking command in '/home/etern1ty/ros2_ws/src/build/examples_rclcpp_async_client': CMAKE_PREFIX_PATH=${CMAKE_PREFIX_PATH}:/home/etern1ty/ros2_ws/install/v8_test:/home/etern1ty/ros2_ws/install/launch_testing_examples:/home/etern1ty/ros2_ws/install/examples_rclpy_pointcloud_publisher:/home/etern1ty/ros2_ws/install/examples_rclpy_minimal_subscriber:/home/etern1ty/ros2_ws/install/examples_rclpy_minimal_service:/home/etern1ty/ros2_ws/install/examples_rclpy_minimal_publisher:/home/etern1ty/ros2_ws/install/examples_rclpy_minimal_client:/home/etern1ty/ros2_ws/install/examples_rclpy_minimal_action_server:/home/etern1ty/ros2_ws/install/examples_rclpy_minimal_action_client:/home/etern1ty/ros2_ws/install/examples_rclpy_guard_conditions:/home/etern1ty/ros2_ws/install/examples_rclpy_executors:/opt/ros/humble /usr/bin/cmake --install /home/etern1ty/ros2_ws/src/build/examples_rclcpp_async_client
[7.609s] -- Install configuration: ""
[7.610s] -- Installing: /home/etern1ty/ros2_ws/src/install/examples_rclcpp_async_client/lib/examples_rclcpp_async_client/client_main
[7.612s] -- Set runtime path of "/home/etern1ty/ros2_ws/src/install/examples_rclcpp_async_client/lib/examples_rclcpp_async_client/client_main" to ""
[7.612s] -- Installing: /home/etern1ty/ros2_ws/src/install/examples_rclcpp_async_client/share/ament_index/resource_index/package_run_dependencies/examples_rclcpp_async_client
[7.613s] -- Installing: /home/etern1ty/ros2_ws/src/install/examples_rclcpp_async_client/share/ament_index/resource_index/parent_prefix_path/examples_rclcpp_async_client
[7.614s] -- Installing: /home/etern1ty/ros2_ws/src/install/examples_rclcpp_async_client/share/examples_rclcpp_async_client/environment/ament_prefix_path.sh
[7.615s] -- Installing: /home/etern1ty/ros2_ws/src/install/examples_rclcpp_async_client/share/examples_rclcpp_async_client/environment/ament_prefix_path.dsv
[7.615s] -- Installing: /home/etern1ty/ros2_ws/src/install/examples_rclcpp_async_client/share/examples_rclcpp_async_client/environment/path.sh
[7.615s] -- Installing: /home/etern1ty/ros2_ws/src/install/examples_rclcpp_async_client/share/examples_rclcpp_async_client/environment/path.dsv
[7.616s] -- Installing: /home/etern1ty/ros2_ws/src/install/examples_rclcpp_async_client/share/examples_rclcpp_async_client/local_setup.bash
[7.616s] -- Installing: /home/etern1ty/ros2_ws/src/install/examples_rclcpp_async_client/share/examples_rclcpp_async_client/local_setup.sh
[7.616s] -- Installing: /home/etern1ty/ros2_ws/src/install/examples_rclcpp_async_client/share/examples_rclcpp_async_client/local_setup.zsh
[7.616s] -- Installing: /home/etern1ty/ros2_ws/src/install/examples_rclcpp_async_client/share/examples_rclcpp_async_client/local_setup.dsv
[7.617s] -- Installing: /home/etern1ty/ros2_ws/src/install/examples_rclcpp_async_client/share/examples_rclcpp_async_client/package.dsv
[7.617s] -- Installing: /home/etern1ty/ros2_ws/src/install/examples_rclcpp_async_client/share/ament_index/resource_index/packages/examples_rclcpp_async_client
[7.617s] -- Installing: /home/etern1ty/ros2_ws/src/install/examples_rclcpp_async_client/share/examples_rclcpp_async_client/cmake/examples_rclcpp_async_clientConfig.cmake
[7.618s] -- Installing: /home/etern1ty/ros2_ws/src/install/examples_rclcpp_async_client/share/examples_rclcpp_async_client/cmake/examples_rclcpp_async_clientConfig-version.cmake
[7.619s] -- Installing: /home/etern1ty/ros2_ws/src/install/examples_rclcpp_async_client/share/examples_rclcpp_async_client/package.xml
[7.622s] Invoked command in '/home/etern1ty/ros2_ws/src/build/examples_rclcpp_async_client' returned '0': CMAKE_PREFIX_PATH=${CMAKE_PREFIX_PATH}:/home/etern1ty/ros2_ws/install/v8_test:/home/etern1ty/ros2_ws/install/launch_testing_examples:/home/etern1ty/ros2_ws/install/examples_rclpy_pointcloud_publisher:/home/etern1ty/ros2_ws/install/examples_rclpy_minimal_subscriber:/home/etern1ty/ros2_ws/install/examples_rclpy_minimal_service:/home/etern1ty/ros2_ws/install/examples_rclpy_minimal_publisher:/home/etern1ty/ros2_ws/install/examples_rclpy_minimal_client:/home/etern1ty/ros2_ws/install/examples_rclpy_minimal_action_server:/home/etern1ty/ros2_ws/install/examples_rclpy_minimal_action_client:/home/etern1ty/ros2_ws/install/examples_rclpy_guard_conditions:/home/etern1ty/ros2_ws/install/examples_rclpy_executors:/opt/ros/humble /usr/bin/cmake --install /home/etern1ty/ros2_ws/src/build/examples_rclcpp_async_client
