[0.850s] Invoking command in '/home/etern1ty/ros2_ws/src/src/examples/rclpy/actions/minimal_action_client': PYTHONPATH=/home/etern1ty/ros2_ws/build/examples_rclpy_minimal_action_client/prefix_override:/home/etern1ty/ros2_ws/install/examples_rclpy_minimal_action_client/lib/python3.10/site-packages:${PYTHONPATH} /usr/bin/python3 setup.py egg_info --egg-base ../../../../../../build/examples_rclpy_minimal_action_client build --build-base /home/etern1ty/ros2_ws/build/examples_rclpy_minimal_action_client/build install --record /home/etern1ty/ros2_ws/build/examples_rclpy_minimal_action_client/install.log --single-version-externally-managed
[1.080s] running egg_info
[1.081s] writing ../../../../../../build/examples_rclpy_minimal_action_client/examples_rclpy_minimal_action_client.egg-info/PKG-INFO
[1.087s] writing dependency_links to ../../../../../../build/examples_rclpy_minimal_action_client/examples_rclpy_minimal_action_client.egg-info/dependency_links.txt
[1.088s] writing entry points to ../../../../../../build/examples_rclpy_minimal_action_client/examples_rclpy_minimal_action_client.egg-info/entry_points.txt
[1.088s] writing requirements to ../../../../../../build/examples_rclpy_minimal_action_client/examples_rclpy_minimal_action_client.egg-info/requires.txt
[1.088s] writing top-level names to ../../../../../../build/examples_rclpy_minimal_action_client/examples_rclpy_minimal_action_client.egg-info/top_level.txt
[1.091s] reading manifest file '../../../../../../build/examples_rclpy_minimal_action_client/examples_rclpy_minimal_action_client.egg-info/SOURCES.txt'
[1.092s] writing manifest file '../../../../../../build/examples_rclpy_minimal_action_client/examples_rclpy_minimal_action_client.egg-info/SOURCES.txt'
[1.092s] running build
[1.092s] running build_py
[1.092s] running install
[1.093s] running install_lib
[1.094s] running install_data
[1.094s] running install_egg_info
[1.096s] removing '/home/etern1ty/ros2_ws/install/examples_rclpy_minimal_action_client/lib/python3.10/site-packages/examples_rclpy_minimal_action_client-0.15.1-py3.10.egg-info' (and everything under it)
[1.096s] Copying ../../../../../../build/examples_rclpy_minimal_action_client/examples_rclpy_minimal_action_client.egg-info to /home/etern1ty/ros2_ws/install/examples_rclpy_minimal_action_client/lib/python3.10/site-packages/examples_rclpy_minimal_action_client-0.15.1-py3.10.egg-info
[1.097s] running install_scripts
[1.115s] Installing client script to /home/etern1ty/ros2_ws/install/examples_rclpy_minimal_action_client/lib/examples_rclpy_minimal_action_client
[1.116s] Installing client_asyncio script to /home/etern1ty/ros2_ws/install/examples_rclpy_minimal_action_client/lib/examples_rclpy_minimal_action_client
[1.116s] Installing client_cancel script to /home/etern1ty/ros2_ws/install/examples_rclpy_minimal_action_client/lib/examples_rclpy_minimal_action_client
[1.116s] Installing client_not_composable script to /home/etern1ty/ros2_ws/install/examples_rclpy_minimal_action_client/lib/examples_rclpy_minimal_action_client
[1.116s] writing list of installed files to '/home/etern1ty/ros2_ws/build/examples_rclpy_minimal_action_client/install.log'
[1.152s] Invoked command in '/home/etern1ty/ros2_ws/src/src/examples/rclpy/actions/minimal_action_client' returned '0': PYTHONPATH=/home/etern1ty/ros2_ws/build/examples_rclpy_minimal_action_client/prefix_override:/home/etern1ty/ros2_ws/install/examples_rclpy_minimal_action_client/lib/python3.10/site-packages:${PYTHONPATH} /usr/bin/python3 setup.py egg_info --egg-base ../../../../../../build/examples_rclpy_minimal_action_client build --build-base /home/etern1ty/ros2_ws/build/examples_rclpy_minimal_action_client/build install --record /home/etern1ty/ros2_ws/build/examples_rclpy_minimal_action_client/install.log --single-version-externally-managed
