[0.054s] Invoking command in '/home/etern1ty/ros2_ws/build/pub_controller': CMAKE_PREFIX_PATH=/opt/ros/humble /usr/bin/cmake --build /home/etern1ty/ros2_ws/build/pub_controller -- -j12 -l12
[0.129s] [  9%] Built target pub_controller__rosidl_generator_c
[0.131s] [ 12%] Built target pub_controller__cpp
[0.147s] [ 12%] Built target ament_cmake_python_copy_pub_controller
[0.168s] [ 21%] Built target pub_controller__rosidl_typesupport_introspection_c
[0.171s] [ 39%] Built target pub_controller__rosidl_typesupport_fastrtps_cpp
[0.171s] [ 42%] Built target pub_controller__rosidl_typesupport_cpp
[0.171s] [ 48%] Built target pub_controller__rosidl_typesupport_fastrtps_c
[0.174s] [ 57%] Built target pub_controller__rosidl_typesupport_c
[0.174s] [ 66%] Built target pub_controller__rosidl_typesupport_introspection_cpp
[0.203s] [ 66%] Built target pub_controller
[0.210s] [ 72%] Built target controller
[0.230s] [ 75%] Built target pub_controller__py
[0.259s] [ 81%] Built target pub_controller__rosidl_generator_py
[0.291s] [ 93%] Built target pub_controller__rosidl_typesupport_fastrtps_c__pyext
[0.291s] [ 93%] Built target pub_controller__rosidl_typesupport_introspection_c__pyext
[0.291s] [100%] Built target pub_controller__rosidl_typesupport_c__pyext
[0.430s] running egg_info
[0.431s] writing pub_controller.egg-info/PKG-INFO
[0.431s] writing dependency_links to pub_controller.egg-info/dependency_links.txt
[0.431s] writing top-level names to pub_controller.egg-info/top_level.txt
[0.436s] reading manifest file 'pub_controller.egg-info/SOURCES.txt'
[0.437s] writing manifest file 'pub_controller.egg-info/SOURCES.txt'
[0.484s] [100%] Built target ament_cmake_python_build_pub_controller_egg
[0.541s] Invoked command in '/home/etern1ty/ros2_ws/build/pub_controller' returned '0': CMAKE_PREFIX_PATH=/opt/ros/humble /usr/bin/cmake --build /home/etern1ty/ros2_ws/build/pub_controller -- -j12 -l12
[0.616s] Invoking command in '/home/etern1ty/ros2_ws/build/pub_controller': CMAKE_PREFIX_PATH=/opt/ros/humble /usr/bin/cmake --install /home/etern1ty/ros2_ws/build/pub_controller
[0.626s] -- Install configuration: ""
[0.626s] -- Up-to-date: /home/etern1ty/ros2_ws/install/pub_controller/share/ament_index/resource_index/rosidl_interfaces/pub_controller
[0.627s] -- Up-to-date: /home/etern1ty/ros2_ws/install/pub_controller/include/pub_controller/pub_controller
[0.627s] -- Up-to-date: /home/etern1ty/ros2_ws/install/pub_controller/include/pub_controller/pub_controller/msg
[0.627s] -- Up-to-date: /home/etern1ty/ros2_ws/install/pub_controller/include/pub_controller/pub_controller/msg/detail
[0.627s] -- Up-to-date: /home/etern1ty/ros2_ws/install/pub_controller/include/pub_controller/pub_controller/msg/detail/motion__type_support.h
[0.627s] -- Up-to-date: /home/etern1ty/ros2_ws/install/pub_controller/include/pub_controller/pub_controller/msg/detail/motion__struct.h
[0.628s] -- Up-to-date: /home/etern1ty/ros2_ws/install/pub_controller/include/pub_controller/pub_controller/msg/detail/motion__functions.h
[0.628s] -- Up-to-date: /home/etern1ty/ros2_ws/install/pub_controller/include/pub_controller/pub_controller/msg/detail/motion__functions.c
[0.628s] -- Up-to-date: /home/etern1ty/ros2_ws/install/pub_controller/include/pub_controller/pub_controller/msg/motion.h
[0.628s] -- Up-to-date: /home/etern1ty/ros2_ws/install/pub_controller/include/pub_controller/pub_controller/msg/rosidl_generator_c__visibility_control.h
[0.628s] -- Up-to-date: /home/etern1ty/ros2_ws/install/pub_controller/share/pub_controller/environment/library_path.sh
[0.628s] -- Up-to-date: /home/etern1ty/ros2_ws/install/pub_controller/share/pub_controller/environment/library_path.dsv
[0.628s] -- Up-to-date: /home/etern1ty/ros2_ws/install/pub_controller/lib/libpub_controller__rosidl_generator_c.so
[0.628s] -- Up-to-date: /home/etern1ty/ros2_ws/install/pub_controller/include/pub_controller/pub_controller
[0.629s] -- Up-to-date: /home/etern1ty/ros2_ws/install/pub_controller/include/pub_controller/pub_controller/msg
[0.629s] -- Up-to-date: /home/etern1ty/ros2_ws/install/pub_controller/include/pub_controller/pub_controller/msg/rosidl_typesupport_fastrtps_c__visibility_control.h
[0.629s] -- Up-to-date: /home/etern1ty/ros2_ws/install/pub_controller/include/pub_controller/pub_controller/msg/detail
[0.629s] -- Up-to-date: /home/etern1ty/ros2_ws/install/pub_controller/include/pub_controller/pub_controller/msg/detail/motion__rosidl_typesupport_fastrtps_c.h
[0.629s] -- Up-to-date: /home/etern1ty/ros2_ws/install/pub_controller/lib/libpub_controller__rosidl_typesupport_fastrtps_c.so
[0.629s] -- Up-to-date: /home/etern1ty/ros2_ws/install/pub_controller/include/pub_controller/pub_controller
[0.629s] -- Up-to-date: /home/etern1ty/ros2_ws/install/pub_controller/include/pub_controller/pub_controller/msg
[0.629s] -- Up-to-date: /home/etern1ty/ros2_ws/install/pub_controller/include/pub_controller/pub_controller/msg/detail
[0.629s] -- Up-to-date: /home/etern1ty/ros2_ws/install/pub_controller/include/pub_controller/pub_controller/msg/detail/motion__builder.hpp
[0.630s] -- Up-to-date: /home/etern1ty/ros2_ws/install/pub_controller/include/pub_controller/pub_controller/msg/detail/motion__struct.hpp
[0.630s] -- Up-to-date: /home/etern1ty/ros2_ws/install/pub_controller/include/pub_controller/pub_controller/msg/detail/motion__traits.hpp
[0.630s] -- Up-to-date: /home/etern1ty/ros2_ws/install/pub_controller/include/pub_controller/pub_controller/msg/motion.hpp
[0.630s] -- Up-to-date: /home/etern1ty/ros2_ws/install/pub_controller/include/pub_controller/pub_controller
[0.630s] -- Up-to-date: /home/etern1ty/ros2_ws/install/pub_controller/include/pub_controller/pub_controller/msg
[0.630s] -- Up-to-date: /home/etern1ty/ros2_ws/install/pub_controller/include/pub_controller/pub_controller/msg/detail
[0.630s] -- Up-to-date: /home/etern1ty/ros2_ws/install/pub_controller/include/pub_controller/pub_controller/msg/detail/dds_fastrtps
[0.630s] -- Up-to-date: /home/etern1ty/ros2_ws/install/pub_controller/include/pub_controller/pub_controller/msg/detail/motion__rosidl_typesupport_fastrtps_cpp.hpp
[0.630s] -- Up-to-date: /home/etern1ty/ros2_ws/install/pub_controller/include/pub_controller/pub_controller/msg/rosidl_typesupport_fastrtps_cpp__visibility_control.h
[0.631s] -- Up-to-date: /home/etern1ty/ros2_ws/install/pub_controller/lib/libpub_controller__rosidl_typesupport_fastrtps_cpp.so
[0.631s] -- Up-to-date: /home/etern1ty/ros2_ws/install/pub_controller/include/pub_controller/pub_controller
[0.631s] -- Up-to-date: /home/etern1ty/ros2_ws/install/pub_controller/include/pub_controller/pub_controller/msg
[0.631s] -- Up-to-date: /home/etern1ty/ros2_ws/install/pub_controller/include/pub_controller/pub_controller/msg/detail
[0.631s] -- Up-to-date: /home/etern1ty/ros2_ws/install/pub_controller/include/pub_controller/pub_controller/msg/detail/motion__rosidl_typesupport_introspection_c.h
[0.631s] -- Up-to-date: /home/etern1ty/ros2_ws/install/pub_controller/include/pub_controller/pub_controller/msg/detail/motion__type_support.c
[0.631s] -- Up-to-date: /home/etern1ty/ros2_ws/install/pub_controller/include/pub_controller/pub_controller/msg/rosidl_typesupport_introspection_c__visibility_control.h
[0.631s] -- Up-to-date: /home/etern1ty/ros2_ws/install/pub_controller/lib/libpub_controller__rosidl_typesupport_introspection_c.so
[0.631s] -- Up-to-date: /home/etern1ty/ros2_ws/install/pub_controller/lib/libpub_controller__rosidl_typesupport_c.so
[0.631s] -- Up-to-date: /home/etern1ty/ros2_ws/install/pub_controller/include/pub_controller/pub_controller
[0.632s] -- Up-to-date: /home/etern1ty/ros2_ws/install/pub_controller/include/pub_controller/pub_controller/msg
[0.632s] -- Up-to-date: /home/etern1ty/ros2_ws/install/pub_controller/include/pub_controller/pub_controller/msg/detail
[0.632s] -- Up-to-date: /home/etern1ty/ros2_ws/install/pub_controller/include/pub_controller/pub_controller/msg/detail/motion__type_support.cpp
[0.632s] -- Up-to-date: /home/etern1ty/ros2_ws/install/pub_controller/include/pub_controller/pub_controller/msg/detail/motion__rosidl_typesupport_introspection_cpp.hpp
[0.632s] -- Up-to-date: /home/etern1ty/ros2_ws/install/pub_controller/lib/libpub_controller__rosidl_typesupport_introspection_cpp.so
[0.632s] -- Up-to-date: /home/etern1ty/ros2_ws/install/pub_controller/lib/libpub_controller__rosidl_typesupport_cpp.so
[0.632s] -- Up-to-date: /home/etern1ty/ros2_ws/install/pub_controller/share/pub_controller/environment/pythonpath.sh
[0.632s] -- Up-to-date: /home/etern1ty/ros2_ws/install/pub_controller/share/pub_controller/environment/pythonpath.dsv
[0.633s] -- Up-to-date: /home/etern1ty/ros2_ws/install/pub_controller/local/lib/python3.10/dist-packages/pub_controller-0.0.0-py3.10.egg-info
[0.633s] -- Installing: /home/etern1ty/ros2_ws/install/pub_controller/local/lib/python3.10/dist-packages/pub_controller-0.0.0-py3.10.egg-info/PKG-INFO
[0.633s] -- Installing: /home/etern1ty/ros2_ws/install/pub_controller/local/lib/python3.10/dist-packages/pub_controller-0.0.0-py3.10.egg-info/top_level.txt
[0.633s] -- Installing: /home/etern1ty/ros2_ws/install/pub_controller/local/lib/python3.10/dist-packages/pub_controller-0.0.0-py3.10.egg-info/SOURCES.txt
[0.633s] -- Installing: /home/etern1ty/ros2_ws/install/pub_controller/local/lib/python3.10/dist-packages/pub_controller-0.0.0-py3.10.egg-info/dependency_links.txt
[0.634s] -- Up-to-date: /home/etern1ty/ros2_ws/install/pub_controller/local/lib/python3.10/dist-packages/pub_controller
[0.634s] -- Up-to-date: /home/etern1ty/ros2_ws/install/pub_controller/local/lib/python3.10/dist-packages/pub_controller/__init__.py
[0.634s] -- Up-to-date: /home/etern1ty/ros2_ws/install/pub_controller/local/lib/python3.10/dist-packages/pub_controller/libpub_controller__rosidl_generator_py.so
[0.634s] -- Up-to-date: /home/etern1ty/ros2_ws/install/pub_controller/local/lib/python3.10/dist-packages/pub_controller/_pub_controller_s.ep.rosidl_typesupport_c.c
[0.634s] -- Up-to-date: /home/etern1ty/ros2_ws/install/pub_controller/local/lib/python3.10/dist-packages/pub_controller/_pub_controller_s.ep.rosidl_typesupport_introspection_c.c
[0.634s] -- Up-to-date: /home/etern1ty/ros2_ws/install/pub_controller/local/lib/python3.10/dist-packages/pub_controller/pub_controller_s__rosidl_typesupport_c.cpython-310-x86_64-linux-gnu.so
[0.634s] -- Up-to-date: /home/etern1ty/ros2_ws/install/pub_controller/local/lib/python3.10/dist-packages/pub_controller/pub_controller_s__rosidl_typesupport_fastrtps_c.cpython-310-x86_64-linux-gnu.so
[0.634s] -- Up-to-date: /home/etern1ty/ros2_ws/install/pub_controller/local/lib/python3.10/dist-packages/pub_controller/msg
[0.635s] -- Up-to-date: /home/etern1ty/ros2_ws/install/pub_controller/local/lib/python3.10/dist-packages/pub_controller/msg/_motion_s.c
[0.635s] -- Up-to-date: /home/etern1ty/ros2_ws/install/pub_controller/local/lib/python3.10/dist-packages/pub_controller/msg/_motion.py
[0.635s] -- Up-to-date: /home/etern1ty/ros2_ws/install/pub_controller/local/lib/python3.10/dist-packages/pub_controller/msg/__init__.py
[0.635s] -- Up-to-date: /home/etern1ty/ros2_ws/install/pub_controller/local/lib/python3.10/dist-packages/pub_controller/pub_controller_s__rosidl_typesupport_introspection_c.cpython-310-x86_64-linux-gnu.so
[0.635s] -- Up-to-date: /home/etern1ty/ros2_ws/install/pub_controller/local/lib/python3.10/dist-packages/pub_controller/_pub_controller_s.ep.rosidl_typesupport_fastrtps_c.c
[0.664s] Listing '/home/etern1ty/ros2_ws/install/pub_controller/local/lib/python3.10/dist-packages/pub_controller'...
[0.665s] Listing '/home/etern1ty/ros2_ws/install/pub_controller/local/lib/python3.10/dist-packages/pub_controller/msg'...
[0.672s] -- Up-to-date: /home/etern1ty/ros2_ws/install/pub_controller/local/lib/python3.10/dist-packages/pub_controller/pub_controller_s__rosidl_typesupport_fastrtps_c.cpython-310-x86_64-linux-gnu.so
[0.672s] -- Up-to-date: /home/etern1ty/ros2_ws/install/pub_controller/local/lib/python3.10/dist-packages/pub_controller/pub_controller_s__rosidl_typesupport_introspection_c.cpython-310-x86_64-linux-gnu.so
[0.674s] -- Up-to-date: /home/etern1ty/ros2_ws/install/pub_controller/local/lib/python3.10/dist-packages/pub_controller/pub_controller_s__rosidl_typesupport_c.cpython-310-x86_64-linux-gnu.so
[0.674s] -- Up-to-date: /home/etern1ty/ros2_ws/install/pub_controller/lib/libpub_controller__rosidl_generator_py.so
[0.675s] -- Up-to-date: /home/etern1ty/ros2_ws/install/pub_controller/share/pub_controller/msg/Motion.idl
[0.675s] -- Up-to-date: /home/etern1ty/ros2_ws/install/pub_controller/share/pub_controller/msg/Motion.msg
[0.675s] -- Up-to-date: /home/etern1ty/ros2_ws/install/pub_controller/lib/pub_controller/controller
[0.675s] -- Up-to-date: /home/etern1ty/ros2_ws/install/pub_controller/share/ament_index/resource_index/package_run_dependencies/pub_controller
[0.675s] -- Up-to-date: /home/etern1ty/ros2_ws/install/pub_controller/share/ament_index/resource_index/parent_prefix_path/pub_controller
[0.675s] -- Up-to-date: /home/etern1ty/ros2_ws/install/pub_controller/share/pub_controller/environment/ament_prefix_path.sh
[0.675s] -- Up-to-date: /home/etern1ty/ros2_ws/install/pub_controller/share/pub_controller/environment/ament_prefix_path.dsv
[0.675s] -- Up-to-date: /home/etern1ty/ros2_ws/install/pub_controller/share/pub_controller/environment/path.sh
[0.675s] -- Up-to-date: /home/etern1ty/ros2_ws/install/pub_controller/share/pub_controller/environment/path.dsv
[0.675s] -- Up-to-date: /home/etern1ty/ros2_ws/install/pub_controller/share/pub_controller/local_setup.bash
[0.675s] -- Up-to-date: /home/etern1ty/ros2_ws/install/pub_controller/share/pub_controller/local_setup.sh
[0.676s] -- Up-to-date: /home/etern1ty/ros2_ws/install/pub_controller/share/pub_controller/local_setup.zsh
[0.676s] -- Up-to-date: /home/etern1ty/ros2_ws/install/pub_controller/share/pub_controller/local_setup.dsv
[0.676s] -- Installing: /home/etern1ty/ros2_ws/install/pub_controller/share/pub_controller/package.dsv
[0.676s] -- Up-to-date: /home/etern1ty/ros2_ws/install/pub_controller/share/ament_index/resource_index/packages/pub_controller
[0.677s] -- Up-to-date: /home/etern1ty/ros2_ws/install/pub_controller/share/pub_controller/cmake/export_pub_controller__rosidl_generator_cExport.cmake
[0.677s] -- Up-to-date: /home/etern1ty/ros2_ws/install/pub_controller/share/pub_controller/cmake/export_pub_controller__rosidl_generator_cExport-noconfig.cmake
[0.677s] -- Up-to-date: /home/etern1ty/ros2_ws/install/pub_controller/share/pub_controller/cmake/export_pub_controller__rosidl_typesupport_fastrtps_cExport.cmake
[0.677s] -- Up-to-date: /home/etern1ty/ros2_ws/install/pub_controller/share/pub_controller/cmake/export_pub_controller__rosidl_typesupport_fastrtps_cExport-noconfig.cmake
[0.678s] -- Up-to-date: /home/etern1ty/ros2_ws/install/pub_controller/share/pub_controller/cmake/export_pub_controller__rosidl_generator_cppExport.cmake
[0.678s] -- Up-to-date: /home/etern1ty/ros2_ws/install/pub_controller/share/pub_controller/cmake/export_pub_controller__rosidl_typesupport_fastrtps_cppExport.cmake
[0.678s] -- Up-to-date: /home/etern1ty/ros2_ws/install/pub_controller/share/pub_controller/cmake/export_pub_controller__rosidl_typesupport_fastrtps_cppExport-noconfig.cmake
[0.679s] -- Up-to-date: /home/etern1ty/ros2_ws/install/pub_controller/share/pub_controller/cmake/pub_controller__rosidl_typesupport_introspection_cExport.cmake
[0.679s] -- Up-to-date: /home/etern1ty/ros2_ws/install/pub_controller/share/pub_controller/cmake/pub_controller__rosidl_typesupport_introspection_cExport-noconfig.cmake
[0.679s] -- Up-to-date: /home/etern1ty/ros2_ws/install/pub_controller/share/pub_controller/cmake/pub_controller__rosidl_typesupport_cExport.cmake
[0.679s] -- Up-to-date: /home/etern1ty/ros2_ws/install/pub_controller/share/pub_controller/cmake/pub_controller__rosidl_typesupport_cExport-noconfig.cmake
[0.679s] -- Up-to-date: /home/etern1ty/ros2_ws/install/pub_controller/share/pub_controller/cmake/pub_controller__rosidl_typesupport_introspection_cppExport.cmake
[0.679s] -- Up-to-date: /home/etern1ty/ros2_ws/install/pub_controller/share/pub_controller/cmake/pub_controller__rosidl_typesupport_introspection_cppExport-noconfig.cmake
[0.680s] -- Up-to-date: /home/etern1ty/ros2_ws/install/pub_controller/share/pub_controller/cmake/pub_controller__rosidl_typesupport_cppExport.cmake
[0.680s] -- Up-to-date: /home/etern1ty/ros2_ws/install/pub_controller/share/pub_controller/cmake/pub_controller__rosidl_typesupport_cppExport-noconfig.cmake
[0.680s] -- Up-to-date: /home/etern1ty/ros2_ws/install/pub_controller/share/pub_controller/cmake/export_pub_controller__rosidl_generator_pyExport.cmake
[0.680s] -- Up-to-date: /home/etern1ty/ros2_ws/install/pub_controller/share/pub_controller/cmake/export_pub_controller__rosidl_generator_pyExport-noconfig.cmake
[0.681s] -- Up-to-date: /home/etern1ty/ros2_ws/install/pub_controller/share/pub_controller/cmake/rosidl_cmake-extras.cmake
[0.681s] -- Up-to-date: /home/etern1ty/ros2_ws/install/pub_controller/share/pub_controller/cmake/ament_cmake_export_include_directories-extras.cmake
[0.681s] -- Up-to-date: /home/etern1ty/ros2_ws/install/pub_controller/share/pub_controller/cmake/ament_cmake_export_libraries-extras.cmake
[0.681s] -- Up-to-date: /home/etern1ty/ros2_ws/install/pub_controller/share/pub_controller/cmake/ament_cmake_export_targets-extras.cmake
[0.681s] -- Up-to-date: /home/etern1ty/ros2_ws/install/pub_controller/share/pub_controller/cmake/rosidl_cmake_export_typesupport_targets-extras.cmake
[0.681s] -- Up-to-date: /home/etern1ty/ros2_ws/install/pub_controller/share/pub_controller/cmake/ament_cmake_export_dependencies-extras.cmake
[0.681s] -- Up-to-date: /home/etern1ty/ros2_ws/install/pub_controller/share/pub_controller/cmake/rosidl_cmake_export_typesupport_libraries-extras.cmake
[0.681s] -- Up-to-date: /home/etern1ty/ros2_ws/install/pub_controller/share/pub_controller/cmake/pub_controllerConfig.cmake
[0.681s] -- Up-to-date: /home/etern1ty/ros2_ws/install/pub_controller/share/pub_controller/cmake/pub_controllerConfig-version.cmake
[0.681s] -- Up-to-date: /home/etern1ty/ros2_ws/install/pub_controller/share/pub_controller/package.xml
[0.687s] Invoked command in '/home/etern1ty/ros2_ws/build/pub_controller' returned '0': CMAKE_PREFIX_PATH=/opt/ros/humble /usr/bin/cmake --install /home/etern1ty/ros2_ws/build/pub_controller
