[0.052s] Invoking command in '/home/etern1ty/ros2_ws/build/flare_detect': CMAKE_PREFIX_PATH=/opt/ros/humble /usr/bin/cmake --build /home/etern1ty/ros2_ws/build/flare_detect -- -j12 -l12
[0.108s] [  3%] Built target flare_detect__cpp
[0.108s] [  9%] [32mBuilding CXX object CMakeFiles/detection.dir/src/detection.cpp.o[0m
[0.108s] [ 15%] Built target flare_detect__rosidl_generator_c
[0.122s] [ 15%] Built target ament_cmake_python_copy_flare_detect
[0.137s] [ 24%] Built target flare_detect__rosidl_typesupport_introspection_c
[0.137s] [ 33%] Built target flare_detect__rosidl_typesupport_fastrtps_c
[0.137s] [ 42%] Built target flare_detect__rosidl_typesupport_introspection_cpp
[0.139s] [ 51%] Built target flare_detect__rosidl_typesupport_c
[0.150s] [ 69%] Built target flare_detect__rosidl_typesupport_cpp
[0.150s] [ 69%] Built target flare_detect__rosidl_typesupport_fastrtps_cpp
[0.172s] [ 69%] Built target flare_detect
[0.197s] [ 72%] Built target flare_detect__py
[0.210s] [35m[1mConsolidate compiler generated dependencies of target flare_detect__rosidl_generator_py[0m
[0.226s] [ 78%] Built target flare_detect__rosidl_generator_py
[0.249s] [ 84%] [32mBuilding C object CMakeFiles/flare_detect__rosidl_typesupport_c__pyext.dir/rosidl_generator_py/flare_detect/_flare_detect_s.ep.rosidl_typesupport_c.c.o[0m
[0.249s] [ 84%] [32mBuilding C object CMakeFiles/flare_detect__rosidl_typesupport_introspection_c__pyext.dir/rosidl_generator_py/flare_detect/_flare_detect_s.ep.rosidl_typesupport_introspection_c.c.o[0m
[0.253s] [ 87%] [32mBuilding C object CMakeFiles/flare_detect__rosidl_typesupport_fastrtps_c__pyext.dir/rosidl_generator_py/flare_detect/_flare_detect_s.ep.rosidl_typesupport_fastrtps_c.c.o[0m
[0.351s] [ 90%] [32m[1mLinking C shared library rosidl_generator_py/flare_detect/flare_detect_s__rosidl_typesupport_c.cpython-310-x86_64-linux-gnu.so[0m
[0.360s] [ 93%] [32m[1mLinking C shared library rosidl_generator_py/flare_detect/flare_detect_s__rosidl_typesupport_introspection_c.cpython-310-x86_64-linux-gnu.so[0m
[0.371s] [ 96%] [32m[1mLinking C shared library rosidl_generator_py/flare_detect/flare_detect_s__rosidl_typesupport_fastrtps_c.cpython-310-x86_64-linux-gnu.so[0m
[0.395s] [ 96%] Built target flare_detect__rosidl_typesupport_c__pyext
[0.405s] [ 96%] Built target flare_detect__rosidl_typesupport_introspection_c__pyext
[0.412s] running egg_info
[0.413s] writing flare_detect.egg-info/PKG-INFO
[0.413s] writing dependency_links to flare_detect.egg-info/dependency_links.txt
[0.413s] writing top-level names to flare_detect.egg-info/top_level.txt
[0.416s] [ 96%] Built target flare_detect__rosidl_typesupport_fastrtps_c__pyext
[0.417s] reading manifest file 'flare_detect.egg-info/SOURCES.txt'
[0.417s] writing manifest file 'flare_detect.egg-info/SOURCES.txt'
[0.451s] [ 96%] Built target ament_cmake_python_build_flare_detect_egg
[0.527s] [01m[K/home/etern1ty/ros2_ws/src/flare_detect/src/detection.cpp:22:10:[m[K [01;31m[Kfatal error: [m[Kflare_detect/msg/detected.hpp: No such file or directory
[0.527s]    22 | #include [01;31m[K"flare_detect/msg/detected.hpp"[m[K
[0.528s]       |          [01;31m[K^~~~~~~~~~~~~~~~~~~~~~~~~~~~~~~[m[K
[0.528s] compilation terminated.
[0.534s] gmake[2]: *** [CMakeFiles/detection.dir/build.make:76: CMakeFiles/detection.dir/src/detection.cpp.o] Error 1
[0.534s] gmake[1]: *** [CMakeFiles/Makefile2:592: CMakeFiles/detection.dir/all] Error 2
[0.534s] gmake: *** [Makefile:146: all] Error 2
[0.537s] Invoked command in '/home/etern1ty/ros2_ws/build/flare_detect' returned '2': CMAKE_PREFIX_PATH=/opt/ros/humble /usr/bin/cmake --build /home/etern1ty/ros2_ws/build/flare_detect -- -j12 -l12
