[0.126s] Invoking command in '/home/etern1ty/ros2_ws/src/build/obj_msg': CMAKE_PREFIX_PATH=${CMAKE_PREFIX_PATH}:/home/etern1ty/ros2_ws/install/v8_test:/home/etern1ty/ros2_ws/install/launch_testing_examples:/home/etern1ty/ros2_ws/install/examples_rclpy_pointcloud_publisher:/home/etern1ty/ros2_ws/install/examples_rclpy_minimal_subscriber:/home/etern1ty/ros2_ws/install/examples_rclpy_minimal_service:/home/etern1ty/ros2_ws/install/examples_rclpy_minimal_publisher:/home/etern1ty/ros2_ws/install/examples_rclpy_minimal_client:/home/etern1ty/ros2_ws/install/examples_rclpy_minimal_action_server:/home/etern1ty/ros2_ws/install/examples_rclpy_minimal_action_client:/home/etern1ty/ros2_ws/install/examples_rclpy_guard_conditions:/home/etern1ty/ros2_ws/install/examples_rclpy_executors:/opt/ros/humble /usr/bin/cmake /home/etern1ty/ros2_ws/src/obj_msg -DCMAKE_INSTALL_PREFIX=/home/etern1ty/ros2_ws/src/install/obj_msg
[0.232s] -- The C compiler identification is GNU 11.4.0
[0.322s] -- The CXX compiler identification is GNU 11.4.0
[0.330s] -- Detecting C compiler ABI info
[0.423s] -- Detecting C compiler ABI info - done
[0.432s] -- Check for working C compiler: /usr/bin/cc - skipped
[0.432s] -- Detecting C compile features
[0.433s] -- Detecting C compile features - done
[0.436s] -- Detecting CXX compiler ABI info
[0.532s] -- Detecting CXX compiler ABI info - done
[0.538s] -- Check for working CXX compiler: /usr/bin/c++ - skipped
[0.539s] -- Detecting CXX compile features
[0.539s] -- Detecting CXX compile features - done
[0.545s] -- Found ament_cmake: 1.3.7 (/opt/ros/humble/share/ament_cmake/cmake)
[0.978s] -- Found Python3: /usr/bin/python3.10 (found version "3.10.12") found components: Interpreter 
[1.123s] -- Found rosidl_default_generators: 1.2.0 (/opt/ros/humble/share/rosidl_default_generators/cmake)
[1.135s] -- Using all available rosidl_typesupport_c: rosidl_typesupport_fastrtps_c;rosidl_typesupport_introspection_c
[1.154s] -- Found rosidl_adapter: 3.1.5 (/opt/ros/humble/share/rosidl_adapter/cmake)
[1.233s] -- Using all available rosidl_typesupport_cpp: rosidl_typesupport_fastrtps_cpp;rosidl_typesupport_introspection_cpp
[1.556s] -- Found ament_cmake_ros: 0.10.0 (/opt/ros/humble/share/ament_cmake_ros/cmake)
[1.766s] -- Using all available rosidl_typesupport_c: rosidl_typesupport_fastrtps_c;rosidl_typesupport_introspection_c
[2.026s] -- Using all available rosidl_typesupport_cpp: rosidl_typesupport_fastrtps_cpp;rosidl_typesupport_introspection_cpp
[2.052s] -- Found PythonInterp: /usr/bin/python3 (found suitable version "3.10.12", minimum required is "3.6") 
[2.059s] -- Found python_cmake_module: 0.10.0 (/opt/ros/humble/share/python_cmake_module/cmake)
[2.091s] -- Found PythonLibs: /usr/lib/x86_64-linux-gnu/libpython3.10.so (found suitable version "3.10.12", minimum required is "3.5") 
[2.091s] -- Using PYTHON_EXECUTABLE: /usr/bin/python3
[2.091s] -- Using PYTHON_INCLUDE_DIRS: /usr/include/python3.10
[2.091s] -- Using PYTHON_LIBRARIES: /usr/lib/x86_64-linux-gnu/libpython3.10.so
[2.115s] -- Found PythonExtra: .so  
[2.164s] -- Found ament_lint_auto: 0.12.10 (/opt/ros/humble/share/ament_lint_auto/cmake)
[2.213s] -- Added test 'lint_cmake' to check CMake code style
[2.215s] -- Added test 'xmllint' to check XML markup files
[2.219s] -- Configuring done
[2.249s] -- Generating done
[2.251s] -- Build files have been written to: /home/etern1ty/ros2_ws/src/build/obj_msg
[2.259s] Invoked command in '/home/etern1ty/ros2_ws/src/build/obj_msg' returned '0': CMAKE_PREFIX_PATH=${CMAKE_PREFIX_PATH}:/home/etern1ty/ros2_ws/install/v8_test:/home/etern1ty/ros2_ws/install/launch_testing_examples:/home/etern1ty/ros2_ws/install/examples_rclpy_pointcloud_publisher:/home/etern1ty/ros2_ws/install/examples_rclpy_minimal_subscriber:/home/etern1ty/ros2_ws/install/examples_rclpy_minimal_service:/home/etern1ty/ros2_ws/install/examples_rclpy_minimal_publisher:/home/etern1ty/ros2_ws/install/examples_rclpy_minimal_client:/home/etern1ty/ros2_ws/install/examples_rclpy_minimal_action_server:/home/etern1ty/ros2_ws/install/examples_rclpy_minimal_action_client:/home/etern1ty/ros2_ws/install/examples_rclpy_guard_conditions:/home/etern1ty/ros2_ws/install/examples_rclpy_executors:/opt/ros/humble /usr/bin/cmake /home/etern1ty/ros2_ws/src/obj_msg -DCMAKE_INSTALL_PREFIX=/home/etern1ty/ros2_ws/src/install/obj_msg
[2.261s] Invoking command in '/home/etern1ty/ros2_ws/src/build/obj_msg': CMAKE_PREFIX_PATH=${CMAKE_PREFIX_PATH}:/home/etern1ty/ros2_ws/install/v8_test:/home/etern1ty/ros2_ws/install/launch_testing_examples:/home/etern1ty/ros2_ws/install/examples_rclpy_pointcloud_publisher:/home/etern1ty/ros2_ws/install/examples_rclpy_minimal_subscriber:/home/etern1ty/ros2_ws/install/examples_rclpy_minimal_service:/home/etern1ty/ros2_ws/install/examples_rclpy_minimal_publisher:/home/etern1ty/ros2_ws/install/examples_rclpy_minimal_client:/home/etern1ty/ros2_ws/install/examples_rclpy_minimal_action_server:/home/etern1ty/ros2_ws/install/examples_rclpy_minimal_action_client:/home/etern1ty/ros2_ws/install/examples_rclpy_guard_conditions:/home/etern1ty/ros2_ws/install/examples_rclpy_executors:/opt/ros/humble /usr/bin/cmake --build /home/etern1ty/ros2_ws/src/build/obj_msg -- -j12 -l12
[2.311s] [  2%] [34m[1mGenerating C code for ROS interfaces[0m
[2.322s] [  5%] [34m[1mGenerating C++ code for ROS interfaces[0m
[2.334s] [  5%] Built target ament_cmake_python_copy_obj_msg
[2.545s] running egg_info
[2.546s] creating obj_msg.egg-info
[2.561s] writing obj_msg.egg-info/PKG-INFO
[2.561s] writing dependency_links to obj_msg.egg-info/dependency_links.txt
[2.562s] writing top-level names to obj_msg.egg-info/top_level.txt
[2.562s] writing manifest file 'obj_msg.egg-info/SOURCES.txt'
[2.609s] [  5%] Built target obj_msg__cpp
[2.617s] reading manifest file 'obj_msg.egg-info/SOURCES.txt'
[2.618s] writing manifest file 'obj_msg.egg-info/SOURCES.txt'
[2.625s] [  7%] [34m[1mGenerating C++ type support dispatch for ROS interfaces[0m
[2.630s] [ 10%] [34m[1mGenerating C++ introspection for ROS interfaces[0m
[2.631s] [ 12%] [34m[1mGenerating C++ type support for eProsima Fast-RTPS[0m
[2.651s] [ 17%] [32mBuilding C object CMakeFiles/obj_msg__rosidl_generator_c.dir/rosidl_generator_c/obj_msg/msg/detail/detected__functions.c.o[0m
[2.651s] [ 17%] [32mBuilding C object CMakeFiles/obj_msg__rosidl_generator_c.dir/rosidl_generator_c/obj_msg/msg/detail/motion__functions.c.o[0m
[2.681s] [ 17%] Built target ament_cmake_python_build_obj_msg_egg
[2.718s] [ 20%] [32m[1mLinking C shared library libobj_msg__rosidl_generator_c.so[0m
[2.768s] [ 20%] Built target obj_msg__rosidl_generator_c
[2.783s] [ 23%] [34m[1mGenerating C type support dispatch for ROS interfaces[0m
[2.787s] [ 25%] [34m[1mGenerating C introspection for ROS interfaces[0m
[2.787s] [ 28%] [34m[1mGenerating C type support for eProsima Fast-RTPS[0m
[2.977s] [ 30%] [32mBuilding CXX object CMakeFiles/obj_msg__rosidl_typesupport_introspection_cpp.dir/rosidl_typesupport_introspection_cpp/obj_msg/msg/detail/detected__type_support.cpp.o[0m
[2.984s] [ 33%] [32mBuilding CXX object CMakeFiles/obj_msg__rosidl_typesupport_introspection_cpp.dir/rosidl_typesupport_introspection_cpp/obj_msg/msg/detail/motion__type_support.cpp.o[0m
[3.017s] [ 35%] [32mBuilding CXX object CMakeFiles/obj_msg__rosidl_typesupport_fastrtps_cpp.dir/rosidl_typesupport_fastrtps_cpp/obj_msg/msg/detail/dds_fastrtps/detected__type_support.cpp.o[0m
[3.018s] [ 38%] [32mBuilding CXX object CMakeFiles/obj_msg__rosidl_typesupport_cpp.dir/rosidl_typesupport_cpp/obj_msg/msg/detected__type_support.cpp.o[0m
[3.025s] [ 41%] [32mBuilding CXX object CMakeFiles/obj_msg__rosidl_typesupport_cpp.dir/rosidl_typesupport_cpp/obj_msg/msg/motion__type_support.cpp.o[0m
[3.038s] [ 43%] [32mBuilding CXX object CMakeFiles/obj_msg__rosidl_typesupport_fastrtps_cpp.dir/rosidl_typesupport_fastrtps_cpp/obj_msg/msg/detail/dds_fastrtps/motion__type_support.cpp.o[0m
[3.299s] [ 46%] [32mBuilding CXX object CMakeFiles/obj_msg__rosidl_typesupport_fastrtps_c.dir/rosidl_typesupport_fastrtps_c/obj_msg/msg/detail/detected__type_support_c.cpp.o[0m
[3.301s] [ 48%] [32mBuilding CXX object CMakeFiles/obj_msg__rosidl_typesupport_fastrtps_c.dir/rosidl_typesupport_fastrtps_c/obj_msg/msg/detail/motion__type_support_c.cpp.o[0m
[3.330s] [ 51%] [32mBuilding CXX object CMakeFiles/obj_msg__rosidl_typesupport_c.dir/rosidl_typesupport_c/obj_msg/msg/detected__type_support.cpp.o[0m
[3.385s] [ 53%] [32mBuilding CXX object CMakeFiles/obj_msg__rosidl_typesupport_c.dir/rosidl_typesupport_c/obj_msg/msg/motion__type_support.cpp.o[0m
[3.427s] [ 56%] [32mBuilding C object CMakeFiles/obj_msg__rosidl_typesupport_introspection_c.dir/rosidl_typesupport_introspection_c/obj_msg/msg/detail/motion__type_support.c.o[0m
[3.436s] [ 58%] [32mBuilding C object CMakeFiles/obj_msg__rosidl_typesupport_introspection_c.dir/rosidl_typesupport_introspection_c/obj_msg/msg/detail/detected__type_support.c.o[0m
[3.482s] [ 61%] [32m[1mLinking CXX shared library libobj_msg__rosidl_typesupport_c.so[0m
[3.544s] [ 64%] [32m[1mLinking CXX shared library libobj_msg__rosidl_typesupport_cpp.so[0m
[3.556s] [ 66%] [32m[1mLinking C shared library libobj_msg__rosidl_typesupport_introspection_c.so[0m
[3.594s] [ 66%] Built target obj_msg__rosidl_typesupport_c
[3.649s] [ 66%] Built target obj_msg__rosidl_typesupport_cpp
[3.667s] [ 66%] Built target obj_msg__rosidl_typesupport_introspection_c
[3.671s] [ 69%] [32m[1mLinking CXX shared library libobj_msg__rosidl_typesupport_introspection_cpp.so[0m
[3.705s] [ 71%] [32m[1mLinking CXX shared library libobj_msg__rosidl_typesupport_fastrtps_cpp.so[0m
[3.744s] [ 71%] Built target obj_msg__rosidl_typesupport_introspection_cpp
[3.810s] [ 74%] [32m[1mLinking CXX shared library libobj_msg__rosidl_typesupport_fastrtps_c.so[0m
[3.890s] [ 74%] Built target obj_msg__rosidl_typesupport_fastrtps_cpp
[3.983s] [ 74%] Built target obj_msg__rosidl_typesupport_fastrtps_c
[4.037s] [ 74%] Built target obj_msg
[4.093s] [ 76%] [34m[1mGenerating Python code for ROS interfaces[0m
[4.537s] [ 76%] Built target obj_msg__py
[4.566s] [ 82%] [32mBuilding C object CMakeFiles/obj_msg__rosidl_generator_py.dir/rosidl_generator_py/obj_msg/msg/_motion_s.c.o[0m
[4.566s] [ 82%] [32mBuilding C object CMakeFiles/obj_msg__rosidl_generator_py.dir/rosidl_generator_py/obj_msg/msg/_detected_s.c.o[0m
[4.688s] [ 84%] [32m[1mLinking C shared library rosidl_generator_py/obj_msg/libobj_msg__rosidl_generator_py.so[0m
[4.735s] [ 84%] Built target obj_msg__rosidl_generator_py
[4.761s] [ 89%] [32mBuilding C object CMakeFiles/obj_msg__rosidl_typesupport_fastrtps_c__pyext.dir/rosidl_generator_py/obj_msg/_obj_msg_s.ep.rosidl_typesupport_fastrtps_c.c.o[0m
[4.761s] [ 89%] [32mBuilding C object CMakeFiles/obj_msg__rosidl_typesupport_introspection_c__pyext.dir/rosidl_generator_py/obj_msg/_obj_msg_s.ep.rosidl_typesupport_introspection_c.c.o[0m
[4.762s] [ 92%] [32mBuilding C object CMakeFiles/obj_msg__rosidl_typesupport_c__pyext.dir/rosidl_generator_py/obj_msg/_obj_msg_s.ep.rosidl_typesupport_c.c.o[0m
[4.851s] [ 97%] [32m[1mLinking C shared library rosidl_generator_py/obj_msg/obj_msg_s__rosidl_typesupport_c.cpython-310-x86_64-linux-gnu.so[0m
[4.851s] [ 97%] [32m[1mLinking C shared library rosidl_generator_py/obj_msg/obj_msg_s__rosidl_typesupport_introspection_c.cpython-310-x86_64-linux-gnu.so[0m
[4.859s] [100%] [32m[1mLinking C shared library rosidl_generator_py/obj_msg/obj_msg_s__rosidl_typesupport_fastrtps_c.cpython-310-x86_64-linux-gnu.so[0m
[4.888s] [100%] Built target obj_msg__rosidl_typesupport_introspection_c__pyext
[4.888s] [100%] Built target obj_msg__rosidl_typesupport_c__pyext
[4.901s] [100%] Built target obj_msg__rosidl_typesupport_fastrtps_c__pyext
[4.916s] Invoked command in '/home/etern1ty/ros2_ws/src/build/obj_msg' returned '0': CMAKE_PREFIX_PATH=${CMAKE_PREFIX_PATH}:/home/etern1ty/ros2_ws/install/v8_test:/home/etern1ty/ros2_ws/install/launch_testing_examples:/home/etern1ty/ros2_ws/install/examples_rclpy_pointcloud_publisher:/home/etern1ty/ros2_ws/install/examples_rclpy_minimal_subscriber:/home/etern1ty/ros2_ws/install/examples_rclpy_minimal_service:/home/etern1ty/ros2_ws/install/examples_rclpy_minimal_publisher:/home/etern1ty/ros2_ws/install/examples_rclpy_minimal_client:/home/etern1ty/ros2_ws/install/examples_rclpy_minimal_action_server:/home/etern1ty/ros2_ws/install/examples_rclpy_minimal_action_client:/home/etern1ty/ros2_ws/install/examples_rclpy_guard_conditions:/home/etern1ty/ros2_ws/install/examples_rclpy_executors:/opt/ros/humble /usr/bin/cmake --build /home/etern1ty/ros2_ws/src/build/obj_msg -- -j12 -l12
[5.052s] Invoking command in '/home/etern1ty/ros2_ws/src/build/obj_msg': CMAKE_PREFIX_PATH=${CMAKE_PREFIX_PATH}:/home/etern1ty/ros2_ws/install/v8_test:/home/etern1ty/ros2_ws/install/launch_testing_examples:/home/etern1ty/ros2_ws/install/examples_rclpy_pointcloud_publisher:/home/etern1ty/ros2_ws/install/examples_rclpy_minimal_subscriber:/home/etern1ty/ros2_ws/install/examples_rclpy_minimal_service:/home/etern1ty/ros2_ws/install/examples_rclpy_minimal_publisher:/home/etern1ty/ros2_ws/install/examples_rclpy_minimal_client:/home/etern1ty/ros2_ws/install/examples_rclpy_minimal_action_server:/home/etern1ty/ros2_ws/install/examples_rclpy_minimal_action_client:/home/etern1ty/ros2_ws/install/examples_rclpy_guard_conditions:/home/etern1ty/ros2_ws/install/examples_rclpy_executors:/opt/ros/humble /usr/bin/cmake --install /home/etern1ty/ros2_ws/src/build/obj_msg
[5.061s] -- Install configuration: ""
[5.061s] -- Installing: /home/etern1ty/ros2_ws/src/install/obj_msg/share/ament_index/resource_index/rosidl_interfaces/obj_msg
[5.061s] -- Installing: /home/etern1ty/ros2_ws/src/install/obj_msg/include/obj_msg/obj_msg
[5.061s] -- Installing: /home/etern1ty/ros2_ws/src/install/obj_msg/include/obj_msg/obj_msg/msg
[5.061s] -- Installing: /home/etern1ty/ros2_ws/src/install/obj_msg/include/obj_msg/obj_msg/msg/detected.h
[5.061s] -- Installing: /home/etern1ty/ros2_ws/src/install/obj_msg/include/obj_msg/obj_msg/msg/detail
[5.061s] -- Installing: /home/etern1ty/ros2_ws/src/install/obj_msg/include/obj_msg/obj_msg/msg/detail/detected__functions.c
[5.061s] -- Installing: /home/etern1ty/ros2_ws/src/install/obj_msg/include/obj_msg/obj_msg/msg/detail/motion__type_support.h
[5.062s] -- Installing: /home/etern1ty/ros2_ws/src/install/obj_msg/include/obj_msg/obj_msg/msg/detail/motion__struct.h
[5.062s] -- Installing: /home/etern1ty/ros2_ws/src/install/obj_msg/include/obj_msg/obj_msg/msg/detail/detected__functions.h
[5.062s] -- Installing: /home/etern1ty/ros2_ws/src/install/obj_msg/include/obj_msg/obj_msg/msg/detail/detected__struct.h
[5.062s] -- Installing: /home/etern1ty/ros2_ws/src/install/obj_msg/include/obj_msg/obj_msg/msg/detail/motion__functions.h
[5.062s] -- Installing: /home/etern1ty/ros2_ws/src/install/obj_msg/include/obj_msg/obj_msg/msg/detail/detected__type_support.h
[5.062s] -- Installing: /home/etern1ty/ros2_ws/src/install/obj_msg/include/obj_msg/obj_msg/msg/detail/motion__functions.c
[5.062s] -- Installing: /home/etern1ty/ros2_ws/src/install/obj_msg/include/obj_msg/obj_msg/msg/motion.h
[5.062s] -- Installing: /home/etern1ty/ros2_ws/src/install/obj_msg/include/obj_msg/obj_msg/msg/rosidl_generator_c__visibility_control.h
[5.063s] -- Installing: /home/etern1ty/ros2_ws/src/install/obj_msg/share/obj_msg/environment/library_path.sh
[5.063s] -- Installing: /home/etern1ty/ros2_ws/src/install/obj_msg/share/obj_msg/environment/library_path.dsv
[5.063s] -- Installing: /home/etern1ty/ros2_ws/src/install/obj_msg/lib/libobj_msg__rosidl_generator_c.so
[5.063s] -- Set runtime path of "/home/etern1ty/ros2_ws/src/install/obj_msg/lib/libobj_msg__rosidl_generator_c.so" to ""
[5.063s] -- Up-to-date: /home/etern1ty/ros2_ws/src/install/obj_msg/include/obj_msg/obj_msg
[5.064s] -- Up-to-date: /home/etern1ty/ros2_ws/src/install/obj_msg/include/obj_msg/obj_msg/msg
[5.064s] -- Installing: /home/etern1ty/ros2_ws/src/install/obj_msg/include/obj_msg/obj_msg/msg/rosidl_typesupport_fastrtps_c__visibility_control.h
[5.064s] -- Up-to-date: /home/etern1ty/ros2_ws/src/install/obj_msg/include/obj_msg/obj_msg/msg/detail
[5.064s] -- Installing: /home/etern1ty/ros2_ws/src/install/obj_msg/include/obj_msg/obj_msg/msg/detail/motion__rosidl_typesupport_fastrtps_c.h
[5.064s] -- Installing: /home/etern1ty/ros2_ws/src/install/obj_msg/include/obj_msg/obj_msg/msg/detail/detected__rosidl_typesupport_fastrtps_c.h
[5.064s] -- Installing: /home/etern1ty/ros2_ws/src/install/obj_msg/lib/libobj_msg__rosidl_typesupport_fastrtps_c.so
[5.065s] -- Set runtime path of "/home/etern1ty/ros2_ws/src/install/obj_msg/lib/libobj_msg__rosidl_typesupport_fastrtps_c.so" to ""
[5.065s] -- Up-to-date: /home/etern1ty/ros2_ws/src/install/obj_msg/include/obj_msg/obj_msg
[5.065s] -- Up-to-date: /home/etern1ty/ros2_ws/src/install/obj_msg/include/obj_msg/obj_msg/msg
[5.065s] -- Up-to-date: /home/etern1ty/ros2_ws/src/install/obj_msg/include/obj_msg/obj_msg/msg/detail
[5.065s] -- Installing: /home/etern1ty/ros2_ws/src/install/obj_msg/include/obj_msg/obj_msg/msg/detail/detected__type_support.c
[5.065s] -- Installing: /home/etern1ty/ros2_ws/src/install/obj_msg/include/obj_msg/obj_msg/msg/detail/motion__rosidl_typesupport_introspection_c.h
[5.065s] -- Installing: /home/etern1ty/ros2_ws/src/install/obj_msg/include/obj_msg/obj_msg/msg/detail/detected__rosidl_typesupport_introspection_c.h
[5.065s] -- Installing: /home/etern1ty/ros2_ws/src/install/obj_msg/include/obj_msg/obj_msg/msg/detail/motion__type_support.c
[5.065s] -- Installing: /home/etern1ty/ros2_ws/src/install/obj_msg/include/obj_msg/obj_msg/msg/rosidl_typesupport_introspection_c__visibility_control.h
[5.065s] -- Installing: /home/etern1ty/ros2_ws/src/install/obj_msg/lib/libobj_msg__rosidl_typesupport_introspection_c.so
[5.066s] -- Set runtime path of "/home/etern1ty/ros2_ws/src/install/obj_msg/lib/libobj_msg__rosidl_typesupport_introspection_c.so" to ""
[5.066s] -- Installing: /home/etern1ty/ros2_ws/src/install/obj_msg/lib/libobj_msg__rosidl_typesupport_c.so
[5.066s] -- Set runtime path of "/home/etern1ty/ros2_ws/src/install/obj_msg/lib/libobj_msg__rosidl_typesupport_c.so" to ""
[5.066s] -- Up-to-date: /home/etern1ty/ros2_ws/src/install/obj_msg/include/obj_msg/obj_msg
[5.066s] -- Up-to-date: /home/etern1ty/ros2_ws/src/install/obj_msg/include/obj_msg/obj_msg/msg
[5.066s] -- Installing: /home/etern1ty/ros2_ws/src/install/obj_msg/include/obj_msg/obj_msg/msg/detected.hpp
[5.067s] -- Up-to-date: /home/etern1ty/ros2_ws/src/install/obj_msg/include/obj_msg/obj_msg/msg/detail
[5.067s] -- Installing: /home/etern1ty/ros2_ws/src/install/obj_msg/include/obj_msg/obj_msg/msg/detail/motion__builder.hpp
[5.067s] -- Installing: /home/etern1ty/ros2_ws/src/install/obj_msg/include/obj_msg/obj_msg/msg/detail/detected__struct.hpp
[5.067s] -- Installing: /home/etern1ty/ros2_ws/src/install/obj_msg/include/obj_msg/obj_msg/msg/detail/detected__traits.hpp
[5.067s] -- Installing: /home/etern1ty/ros2_ws/src/install/obj_msg/include/obj_msg/obj_msg/msg/detail/motion__struct.hpp
[5.067s] -- Installing: /home/etern1ty/ros2_ws/src/install/obj_msg/include/obj_msg/obj_msg/msg/detail/motion__traits.hpp
[5.067s] -- Installing: /home/etern1ty/ros2_ws/src/install/obj_msg/include/obj_msg/obj_msg/msg/detail/detected__builder.hpp
[5.067s] -- Installing: /home/etern1ty/ros2_ws/src/install/obj_msg/include/obj_msg/obj_msg/msg/motion.hpp
[5.067s] -- Up-to-date: /home/etern1ty/ros2_ws/src/install/obj_msg/include/obj_msg/obj_msg
[5.068s] -- Up-to-date: /home/etern1ty/ros2_ws/src/install/obj_msg/include/obj_msg/obj_msg/msg
[5.068s] -- Up-to-date: /home/etern1ty/ros2_ws/src/install/obj_msg/include/obj_msg/obj_msg/msg/detail
[5.068s] -- Installing: /home/etern1ty/ros2_ws/src/install/obj_msg/include/obj_msg/obj_msg/msg/detail/dds_fastrtps
[5.068s] -- Installing: /home/etern1ty/ros2_ws/src/install/obj_msg/include/obj_msg/obj_msg/msg/detail/detected__rosidl_typesupport_fastrtps_cpp.hpp
[5.068s] -- Installing: /home/etern1ty/ros2_ws/src/install/obj_msg/include/obj_msg/obj_msg/msg/detail/motion__rosidl_typesupport_fastrtps_cpp.hpp
[5.068s] -- Installing: /home/etern1ty/ros2_ws/src/install/obj_msg/include/obj_msg/obj_msg/msg/rosidl_typesupport_fastrtps_cpp__visibility_control.h
[5.068s] -- Installing: /home/etern1ty/ros2_ws/src/install/obj_msg/lib/libobj_msg__rosidl_typesupport_fastrtps_cpp.so
[5.068s] -- Set runtime path of "/home/etern1ty/ros2_ws/src/install/obj_msg/lib/libobj_msg__rosidl_typesupport_fastrtps_cpp.so" to ""
[5.069s] -- Up-to-date: /home/etern1ty/ros2_ws/src/install/obj_msg/include/obj_msg/obj_msg
[5.069s] -- Up-to-date: /home/etern1ty/ros2_ws/src/install/obj_msg/include/obj_msg/obj_msg/msg
[5.069s] -- Up-to-date: /home/etern1ty/ros2_ws/src/install/obj_msg/include/obj_msg/obj_msg/msg/detail
[5.069s] -- Installing: /home/etern1ty/ros2_ws/src/install/obj_msg/include/obj_msg/obj_msg/msg/detail/detected__type_support.cpp
[5.069s] -- Installing: /home/etern1ty/ros2_ws/src/install/obj_msg/include/obj_msg/obj_msg/msg/detail/motion__type_support.cpp
[5.069s] -- Installing: /home/etern1ty/ros2_ws/src/install/obj_msg/include/obj_msg/obj_msg/msg/detail/motion__rosidl_typesupport_introspection_cpp.hpp
[5.069s] -- Installing: /home/etern1ty/ros2_ws/src/install/obj_msg/include/obj_msg/obj_msg/msg/detail/detected__rosidl_typesupport_introspection_cpp.hpp
[5.069s] -- Installing: /home/etern1ty/ros2_ws/src/install/obj_msg/lib/libobj_msg__rosidl_typesupport_introspection_cpp.so
[5.070s] -- Set runtime path of "/home/etern1ty/ros2_ws/src/install/obj_msg/lib/libobj_msg__rosidl_typesupport_introspection_cpp.so" to ""
[5.070s] -- Installing: /home/etern1ty/ros2_ws/src/install/obj_msg/lib/libobj_msg__rosidl_typesupport_cpp.so
[5.070s] -- Set runtime path of "/home/etern1ty/ros2_ws/src/install/obj_msg/lib/libobj_msg__rosidl_typesupport_cpp.so" to ""
[5.070s] -- Installing: /home/etern1ty/ros2_ws/src/install/obj_msg/share/obj_msg/environment/pythonpath.sh
[5.070s] -- Installing: /home/etern1ty/ros2_ws/src/install/obj_msg/share/obj_msg/environment/pythonpath.dsv
[5.070s] -- Installing: /home/etern1ty/ros2_ws/src/install/obj_msg/local/lib/python3.10/dist-packages/obj_msg-0.0.0-py3.10.egg-info
[5.071s] -- Installing: /home/etern1ty/ros2_ws/src/install/obj_msg/local/lib/python3.10/dist-packages/obj_msg-0.0.0-py3.10.egg-info/PKG-INFO
[5.071s] -- Installing: /home/etern1ty/ros2_ws/src/install/obj_msg/local/lib/python3.10/dist-packages/obj_msg-0.0.0-py3.10.egg-info/top_level.txt
[5.071s] -- Installing: /home/etern1ty/ros2_ws/src/install/obj_msg/local/lib/python3.10/dist-packages/obj_msg-0.0.0-py3.10.egg-info/SOURCES.txt
[5.071s] -- Installing: /home/etern1ty/ros2_ws/src/install/obj_msg/local/lib/python3.10/dist-packages/obj_msg-0.0.0-py3.10.egg-info/dependency_links.txt
[5.071s] -- Installing: /home/etern1ty/ros2_ws/src/install/obj_msg/local/lib/python3.10/dist-packages/obj_msg
[5.071s] -- Installing: /home/etern1ty/ros2_ws/src/install/obj_msg/local/lib/python3.10/dist-packages/obj_msg/libobj_msg__rosidl_generator_py.so
[5.071s] -- Installing: /home/etern1ty/ros2_ws/src/install/obj_msg/local/lib/python3.10/dist-packages/obj_msg/_obj_msg_s.ep.rosidl_typesupport_c.c
[5.072s] -- Installing: /home/etern1ty/ros2_ws/src/install/obj_msg/local/lib/python3.10/dist-packages/obj_msg/__init__.py
[5.072s] -- Installing: /home/etern1ty/ros2_ws/src/install/obj_msg/local/lib/python3.10/dist-packages/obj_msg/obj_msg_s__rosidl_typesupport_c.cpython-310-x86_64-linux-gnu.so
[5.072s] -- Installing: /home/etern1ty/ros2_ws/src/install/obj_msg/local/lib/python3.10/dist-packages/obj_msg/_obj_msg_s.ep.rosidl_typesupport_fastrtps_c.c
[5.072s] -- Installing: /home/etern1ty/ros2_ws/src/install/obj_msg/local/lib/python3.10/dist-packages/obj_msg/obj_msg_s__rosidl_typesupport_fastrtps_c.cpython-310-x86_64-linux-gnu.so
[5.072s] -- Installing: /home/etern1ty/ros2_ws/src/install/obj_msg/local/lib/python3.10/dist-packages/obj_msg/msg
[5.072s] -- Installing: /home/etern1ty/ros2_ws/src/install/obj_msg/local/lib/python3.10/dist-packages/obj_msg/msg/_motion_s.c
[5.072s] -- Installing: /home/etern1ty/ros2_ws/src/install/obj_msg/local/lib/python3.10/dist-packages/obj_msg/msg/_detected_s.c
[5.073s] -- Installing: /home/etern1ty/ros2_ws/src/install/obj_msg/local/lib/python3.10/dist-packages/obj_msg/msg/_motion.py
[5.073s] -- Installing: /home/etern1ty/ros2_ws/src/install/obj_msg/local/lib/python3.10/dist-packages/obj_msg/msg/__init__.py
[5.073s] -- Installing: /home/etern1ty/ros2_ws/src/install/obj_msg/local/lib/python3.10/dist-packages/obj_msg/msg/_detected.py
[5.073s] -- Installing: /home/etern1ty/ros2_ws/src/install/obj_msg/local/lib/python3.10/dist-packages/obj_msg/obj_msg_s__rosidl_typesupport_introspection_c.cpython-310-x86_64-linux-gnu.so
[5.073s] -- Installing: /home/etern1ty/ros2_ws/src/install/obj_msg/local/lib/python3.10/dist-packages/obj_msg/_obj_msg_s.ep.rosidl_typesupport_introspection_c.c
[5.110s] Listing '/home/etern1ty/ros2_ws/src/install/obj_msg/local/lib/python3.10/dist-packages/obj_msg'...
[5.110s] Compiling '/home/etern1ty/ros2_ws/src/install/obj_msg/local/lib/python3.10/dist-packages/obj_msg/__init__.py'...
[5.110s] Listing '/home/etern1ty/ros2_ws/src/install/obj_msg/local/lib/python3.10/dist-packages/obj_msg/msg'...
[5.110s] Compiling '/home/etern1ty/ros2_ws/src/install/obj_msg/local/lib/python3.10/dist-packages/obj_msg/msg/__init__.py'...
[5.110s] Compiling '/home/etern1ty/ros2_ws/src/install/obj_msg/local/lib/python3.10/dist-packages/obj_msg/msg/_detected.py'...
[5.110s] Compiling '/home/etern1ty/ros2_ws/src/install/obj_msg/local/lib/python3.10/dist-packages/obj_msg/msg/_motion.py'...
[5.115s] -- Installing: /home/etern1ty/ros2_ws/src/install/obj_msg/local/lib/python3.10/dist-packages/obj_msg/obj_msg_s__rosidl_typesupport_fastrtps_c.cpython-310-x86_64-linux-gnu.so
[5.116s] -- Set runtime path of "/home/etern1ty/ros2_ws/src/install/obj_msg/local/lib/python3.10/dist-packages/obj_msg/obj_msg_s__rosidl_typesupport_fastrtps_c.cpython-310-x86_64-linux-gnu.so" to ""
[5.116s] -- Installing: /home/etern1ty/ros2_ws/src/install/obj_msg/local/lib/python3.10/dist-packages/obj_msg/obj_msg_s__rosidl_typesupport_introspection_c.cpython-310-x86_64-linux-gnu.so
[5.117s] -- Set runtime path of "/home/etern1ty/ros2_ws/src/install/obj_msg/local/lib/python3.10/dist-packages/obj_msg/obj_msg_s__rosidl_typesupport_introspection_c.cpython-310-x86_64-linux-gnu.so" to ""
[5.117s] -- Installing: /home/etern1ty/ros2_ws/src/install/obj_msg/local/lib/python3.10/dist-packages/obj_msg/obj_msg_s__rosidl_typesupport_c.cpython-310-x86_64-linux-gnu.so
[5.117s] -- Set runtime path of "/home/etern1ty/ros2_ws/src/install/obj_msg/local/lib/python3.10/dist-packages/obj_msg/obj_msg_s__rosidl_typesupport_c.cpython-310-x86_64-linux-gnu.so" to ""
[5.117s] -- Installing: /home/etern1ty/ros2_ws/src/install/obj_msg/lib/libobj_msg__rosidl_generator_py.so
[5.118s] -- Set runtime path of "/home/etern1ty/ros2_ws/src/install/obj_msg/lib/libobj_msg__rosidl_generator_py.so" to ""
[5.118s] -- Installing: /home/etern1ty/ros2_ws/src/install/obj_msg/share/obj_msg/msg/Detected.idl
[5.118s] -- Installing: /home/etern1ty/ros2_ws/src/install/obj_msg/share/obj_msg/msg/Motion.idl
[5.118s] -- Installing: /home/etern1ty/ros2_ws/src/install/obj_msg/share/obj_msg/msg/Detected.msg
[5.119s] -- Installing: /home/etern1ty/ros2_ws/src/install/obj_msg/share/obj_msg/msg/Motion.msg
[5.119s] -- Installing: /home/etern1ty/ros2_ws/src/install/obj_msg/share/ament_index/resource_index/package_run_dependencies/obj_msg
[5.119s] -- Installing: /home/etern1ty/ros2_ws/src/install/obj_msg/share/ament_index/resource_index/parent_prefix_path/obj_msg
[5.119s] -- Installing: /home/etern1ty/ros2_ws/src/install/obj_msg/share/obj_msg/environment/ament_prefix_path.sh
[5.119s] -- Installing: /home/etern1ty/ros2_ws/src/install/obj_msg/share/obj_msg/environment/ament_prefix_path.dsv
[5.120s] -- Installing: /home/etern1ty/ros2_ws/src/install/obj_msg/share/obj_msg/environment/path.sh
[5.120s] -- Installing: /home/etern1ty/ros2_ws/src/install/obj_msg/share/obj_msg/environment/path.dsv
[5.120s] -- Installing: /home/etern1ty/ros2_ws/src/install/obj_msg/share/obj_msg/local_setup.bash
[5.120s] -- Installing: /home/etern1ty/ros2_ws/src/install/obj_msg/share/obj_msg/local_setup.sh
[5.120s] -- Installing: /home/etern1ty/ros2_ws/src/install/obj_msg/share/obj_msg/local_setup.zsh
[5.120s] -- Installing: /home/etern1ty/ros2_ws/src/install/obj_msg/share/obj_msg/local_setup.dsv
[5.121s] -- Installing: /home/etern1ty/ros2_ws/src/install/obj_msg/share/obj_msg/package.dsv
[5.121s] -- Installing: /home/etern1ty/ros2_ws/src/install/obj_msg/share/ament_index/resource_index/packages/obj_msg
[5.121s] -- Installing: /home/etern1ty/ros2_ws/src/install/obj_msg/share/obj_msg/cmake/export_obj_msg__rosidl_generator_cExport.cmake
[5.121s] -- Installing: /home/etern1ty/ros2_ws/src/install/obj_msg/share/obj_msg/cmake/export_obj_msg__rosidl_generator_cExport-noconfig.cmake
[5.122s] -- Installing: /home/etern1ty/ros2_ws/src/install/obj_msg/share/obj_msg/cmake/export_obj_msg__rosidl_typesupport_fastrtps_cExport.cmake
[5.122s] -- Installing: /home/etern1ty/ros2_ws/src/install/obj_msg/share/obj_msg/cmake/export_obj_msg__rosidl_typesupport_fastrtps_cExport-noconfig.cmake
[5.122s] -- Installing: /home/etern1ty/ros2_ws/src/install/obj_msg/share/obj_msg/cmake/obj_msg__rosidl_typesupport_introspection_cExport.cmake
[5.122s] -- Installing: /home/etern1ty/ros2_ws/src/install/obj_msg/share/obj_msg/cmake/obj_msg__rosidl_typesupport_introspection_cExport-noconfig.cmake
[5.122s] -- Installing: /home/etern1ty/ros2_ws/src/install/obj_msg/share/obj_msg/cmake/obj_msg__rosidl_typesupport_cExport.cmake
[5.123s] -- Installing: /home/etern1ty/ros2_ws/src/install/obj_msg/share/obj_msg/cmake/obj_msg__rosidl_typesupport_cExport-noconfig.cmake
[5.123s] -- Installing: /home/etern1ty/ros2_ws/src/install/obj_msg/share/obj_msg/cmake/export_obj_msg__rosidl_generator_cppExport.cmake
[5.123s] -- Installing: /home/etern1ty/ros2_ws/src/install/obj_msg/share/obj_msg/cmake/export_obj_msg__rosidl_typesupport_fastrtps_cppExport.cmake
[5.123s] -- Installing: /home/etern1ty/ros2_ws/src/install/obj_msg/share/obj_msg/cmake/export_obj_msg__rosidl_typesupport_fastrtps_cppExport-noconfig.cmake
[5.123s] -- Installing: /home/etern1ty/ros2_ws/src/install/obj_msg/share/obj_msg/cmake/obj_msg__rosidl_typesupport_introspection_cppExport.cmake
[5.123s] -- Installing: /home/etern1ty/ros2_ws/src/install/obj_msg/share/obj_msg/cmake/obj_msg__rosidl_typesupport_introspection_cppExport-noconfig.cmake
[5.124s] -- Installing: /home/etern1ty/ros2_ws/src/install/obj_msg/share/obj_msg/cmake/obj_msg__rosidl_typesupport_cppExport.cmake
[5.124s] -- Installing: /home/etern1ty/ros2_ws/src/install/obj_msg/share/obj_msg/cmake/obj_msg__rosidl_typesupport_cppExport-noconfig.cmake
[5.124s] -- Installing: /home/etern1ty/ros2_ws/src/install/obj_msg/share/obj_msg/cmake/export_obj_msg__rosidl_generator_pyExport.cmake
[5.124s] -- Installing: /home/etern1ty/ros2_ws/src/install/obj_msg/share/obj_msg/cmake/export_obj_msg__rosidl_generator_pyExport-noconfig.cmake
[5.124s] -- Installing: /home/etern1ty/ros2_ws/src/install/obj_msg/share/obj_msg/cmake/ament_cmake_export_dependencies-extras.cmake
[5.125s] -- Installing: /home/etern1ty/ros2_ws/src/install/obj_msg/share/obj_msg/cmake/rosidl_cmake-extras.cmake
[5.125s] -- Installing: /home/etern1ty/ros2_ws/src/install/obj_msg/share/obj_msg/cmake/ament_cmake_export_include_directories-extras.cmake
[5.125s] -- Installing: /home/etern1ty/ros2_ws/src/install/obj_msg/share/obj_msg/cmake/ament_cmake_export_libraries-extras.cmake
[5.125s] -- Installing: /home/etern1ty/ros2_ws/src/install/obj_msg/share/obj_msg/cmake/ament_cmake_export_targets-extras.cmake
[5.125s] -- Installing: /home/etern1ty/ros2_ws/src/install/obj_msg/share/obj_msg/cmake/rosidl_cmake_export_typesupport_targets-extras.cmake
[5.126s] -- Installing: /home/etern1ty/ros2_ws/src/install/obj_msg/share/obj_msg/cmake/rosidl_cmake_export_typesupport_libraries-extras.cmake
[5.126s] -- Installing: /home/etern1ty/ros2_ws/src/install/obj_msg/share/obj_msg/cmake/obj_msgConfig.cmake
[5.126s] -- Installing: /home/etern1ty/ros2_ws/src/install/obj_msg/share/obj_msg/cmake/obj_msgConfig-version.cmake
[5.126s] -- Installing: /home/etern1ty/ros2_ws/src/install/obj_msg/share/obj_msg/package.xml
[5.129s] Invoked command in '/home/etern1ty/ros2_ws/src/build/obj_msg' returned '0': CMAKE_PREFIX_PATH=${CMAKE_PREFIX_PATH}:/home/etern1ty/ros2_ws/install/v8_test:/home/etern1ty/ros2_ws/install/launch_testing_examples:/home/etern1ty/ros2_ws/install/examples_rclpy_pointcloud_publisher:/home/etern1ty/ros2_ws/install/examples_rclpy_minimal_subscriber:/home/etern1ty/ros2_ws/install/examples_rclpy_minimal_service:/home/etern1ty/ros2_ws/install/examples_rclpy_minimal_publisher:/home/etern1ty/ros2_ws/install/examples_rclpy_minimal_client:/home/etern1ty/ros2_ws/install/examples_rclpy_minimal_action_server:/home/etern1ty/ros2_ws/install/examples_rclpy_minimal_action_client:/home/etern1ty/ros2_ws/install/examples_rclpy_guard_conditions:/home/etern1ty/ros2_ws/install/examples_rclpy_executors:/opt/ros/humble /usr/bin/cmake --install /home/etern1ty/ros2_ws/src/build/obj_msg
