[0.051s] Invoking command in '/home/etern1ty/ros2_ws/build/flare_detection': CMAKE_PREFIX_PATH=/opt/ros/humble /usr/bin/cmake /home/etern1ty/ros2_ws/src/flare_detection -DCMAKE_INSTALL_PREFIX=/home/etern1ty/ros2_ws/install/flare_detection
[0.064s] -- Found ament_cmake: 1.3.7 (/opt/ros/humble/share/ament_cmake/cmake)
[0.191s] -- Found rclcpp: 16.0.8 (/opt/ros/humble/share/rclcpp/cmake)
[0.218s] -- Found rosidl_generator_c: 3.1.5 (/opt/ros/humble/share/rosidl_generator_c/cmake)
[0.219s] -- Found rosidl_adapter: 3.1.5 (/opt/ros/humble/share/rosidl_adapter/cmake)
[0.225s] -- Found rosidl_generator_cpp: 3.1.5 (/opt/ros/humble/share/rosidl_generator_cpp/cmake)
[0.235s] -- Using all available rosidl_typesupport_c: rosidl_typesupport_fastrtps_c;rosidl_typesupport_introspection_c
[0.249s] -- Using all available rosidl_typesupport_cpp: rosidl_typesupport_fastrtps_cpp;rosidl_typesupport_introspection_cpp
[0.300s] -- Found rmw_implementation_cmake: 6.1.1 (/opt/ros/humble/share/rmw_implementation_cmake/cmake)
[0.301s] -- Found rmw_fastrtps_cpp: 6.2.6 (/opt/ros/humble/share/rmw_fastrtps_cpp/cmake)
[0.430s] -- Using RMW implementation 'rmw_fastrtps_cpp' as default
[0.574s] -- Found rosidl_default_generators: 1.2.0 (/opt/ros/humble/share/rosidl_default_generators/cmake)
[0.727s] [31mCMake Error at /opt/ros/humble/share/rosidl_adapter/cmake/rosidl_adapt_interfaces.cmake:59 (message):
[0.728s]   execute_process(/usr/bin/python3.10 -m rosidl_adapter --package-name
[0.728s]   flare_detection --arguments-file
[0.728s]   /home/etern1ty/ros2_ws/build/flare_detection/rosidl_adapter__arguments__flare_detection.json
[0.728s]   --output-dir
[0.728s]   /home/etern1ty/ros2_ws/build/flare_detection/rosidl_adapter/flare_detection
[0.728s]   --output-file
[0.728s]   /home/etern1ty/ros2_ws/build/flare_detection/rosidl_adapter/flare_detection.idls)
[0.728s]   returned error code 1:
[0.728s] 
[0.728s]   Traceback (most recent call last):
[0.728s] 
[0.728s]     File "/usr/lib/python3.10/runpy.py", line 196, in _run_module_as_main
[0.728s]       return _run_code(code, main_globals, None,
[0.728s]     File "/usr/lib/python3.10/runpy.py", line 86, in _run_code
[0.729s]       exec(code, run_globals)
[0.729s]     File "/opt/ros/humble/local/lib/python3.10/dist-packages/rosidl_adapter/__main__.py", line 19, in <module>
[0.729s]       sys.exit(main())
[0.729s]     File "/opt/ros/humble/local/lib/python3.10/dist-packages/rosidl_adapter/main.py", line 53, in main
[0.729s]       abs_idl_file = convert_to_idl(
[0.729s]     File "/opt/ros/humble/local/lib/python3.10/dist-packages/rosidl_adapter/__init__.py", line 19, in convert_to_idl
[0.729s]       return convert_msg_to_idl(
[0.729s]     File "/opt/ros/humble/local/lib/python3.10/dist-packages/rosidl_adapter/msg/__init__.py", line 28, in convert_msg_to_idl
[0.729s]       msg = parse_message_string(package_name, input_file.stem, content)
[0.729s]     File "/opt/ros/humble/local/lib/python3.10/dist-packages/rosidl_adapter/parser.py", line 544, in parse_message_string
[0.729s]       msg = MessageSpecification(pkg_name, msg_name, fields, constants)
[0.729s]     File "/opt/ros/humble/local/lib/python3.10/dist-packages/rosidl_adapter/parser.py", line 388, in __init__
[0.729s]       self.base_type = BaseType(
[0.729s]     File "/opt/ros/humble/local/lib/python3.10/dist-packages/rosidl_adapter/parser.py", line 205, in __init__
[0.729s]       raise InvalidResourceName(
[0.729s] 
[0.729s]   rosidl_adapter.parser.InvalidResourceName: 'detected_object' is an invalid
[0.729s]   message name.  It should have the pattern '^[A-Z][A-Za-z0-9]*$'
[0.730s] 
[0.730s] Call Stack (most recent call first):
[0.730s]   /opt/ros/humble/share/rosidl_cmake/cmake/rosidl_generate_interfaces.cmake:130 (rosidl_adapt_interfaces)
[0.730s]   CMakeLists.txt:18 (rosidl_generate_interfaces)
[0.730s] 
[0.730s] [0m
[0.730s] -- Configuring incomplete, errors occurred!
[0.730s] See also "/home/etern1ty/ros2_ws/build/flare_detection/CMakeFiles/CMakeOutput.log".
[0.738s] Invoked command in '/home/etern1ty/ros2_ws/build/flare_detection' returned '1': CMAKE_PREFIX_PATH=/opt/ros/humble /usr/bin/cmake /home/etern1ty/ros2_ws/src/flare_detection -DCMAKE_INSTALL_PREFIX=/home/etern1ty/ros2_ws/install/flare_detection
