[0.667s] DEBUG:colcon:Command line arguments: ['/home/etern1ty/.matlab/R2023b/ros2/glnxa64/venv/bin/colcon', 'build', '--merge-install', '--cmake-args', '-DCMAKE_BUILD_TYPE=Release', '-DCMAKE_SHARED_LINKER_FLAGS=-Wl,-no-as-needed', '-DBUILD_TESTING=OFF', '-DALIAS_ROS2_TF2=1', '-DCMAKE_CXX_FLAGS_RELEASE=-O0', '-G', 'Ninja']
[0.667s] DEBUG:colcon:Parsed command line arguments: Namespace(log_base=None, log_level=None, verb_name='build', build_base='build', install_base='install', merge_install=True, symlink_install=False, test_result_base=None, continue_on_error=False, executor='parallel', parallel_workers=12, event_handlers=None, ignore_user_meta=False, metas=['./colcon.meta'], base_paths=['.'], packages_ignore=None, packages_ignore_regex=None, paths=None, packages_up_to=None, packages_up_to_regex=None, packages_above=None, packages_above_and_dependencies=None, packages_above_depth=None, packages_select_by_dep=None, packages_skip_by_dep=None, packages_skip_up_to=None, packages_select_build_failed=False, packages_skip_build_finished=False, packages_select_test_failures=False, packages_skip_test_passed=False, packages_select=None, packages_skip=None, packages_select_regex=None, packages_skip_regex=None, packages_start=None, packages_end=None, cmake_args=['-DCMAKE_BUILD_TYPE=Release', '-DCMAKE_SHARED_LINKER_FLAGS=-Wl,-no-as-needed', '-DBUILD_TESTING=OFF', '-DALIAS_ROS2_TF2=1', '-DCMAKE_CXX_FLAGS_RELEASE=-O0', '-G', 'Ninja'], cmake_target=None, cmake_target_skip_unavailable=False, cmake_clean_cache=False, cmake_clean_first=False, cmake_force_configure=False, ament_cmake_args=None, catkin_cmake_args=None, catkin_skip_building_tests=False, verb_parser=<colcon_defaults.argument_parser.defaults.DefaultArgumentsDecorator object at 0x7fe4e3f87460>, verb_extension=<colcon_core.verb.build.BuildVerb object at 0x7fe4e3f0df00>, main=<bound method BuildVerb.main of <colcon_core.verb.build.BuildVerb object at 0x7fe4e3f0df00>>)
[0.740s] Level 1:colcon.colcon_core.package_discovery:discover_packages(colcon_meta) check parameters
[0.740s] Level 1:colcon.colcon_core.package_discovery:discover_packages(recursive) check parameters
[0.740s] Level 1:colcon.colcon_core.package_discovery:discover_packages(ignore) check parameters
[0.740s] Level 1:colcon.colcon_core.package_discovery:discover_packages(path) check parameters
[0.740s] Level 1:colcon.colcon_core.package_discovery:discover_packages(colcon_meta) discover
[0.740s] Level 1:colcon.colcon_core.package_discovery:discover_packages(recursive) discover
[0.740s] INFO:colcon.colcon_core.package_discovery:Crawling recursively for packages in '/home/etern1ty/ros2_ws/matlab/custom/matlab_msg_gen/glnxa64'
[0.740s] Level 1:colcon.colcon_core.package_identification:_identify(.) by extensions ['ignore', 'ignore_ament_install']
[0.740s] Level 1:colcon.colcon_core.package_identification:_identify(.) by extension 'ignore'
[0.740s] Level 1:colcon.colcon_core.package_identification:_identify(.) by extension 'ignore_ament_install'
[0.740s] Level 1:colcon.colcon_core.package_identification:_identify(.) by extensions ['colcon_pkg']
[0.740s] Level 1:colcon.colcon_core.package_identification:_identify(.) by extension 'colcon_pkg'
[0.740s] Level 1:colcon.colcon_core.package_identification:_identify(.) by extensions ['colcon_meta']
[0.740s] Level 1:colcon.colcon_core.package_identification:_identify(.) by extension 'colcon_meta'
[0.740s] Level 1:colcon.colcon_core.package_identification:_identify(.) by extensions ['ros']
[0.740s] Level 1:colcon.colcon_core.package_identification:_identify(.) by extension 'ros'
[0.759s] Level 1:colcon.colcon_core.package_identification:_identify(.) by extensions ['cmake', 'python']
[0.759s] Level 1:colcon.colcon_core.package_identification:_identify(.) by extension 'cmake'
[0.759s] Level 1:colcon.colcon_core.package_identification:_identify(.) by extension 'python'
[0.759s] Level 1:colcon.colcon_core.package_identification:_identify(.) by extensions ['python_setup_py']
[0.760s] Level 1:colcon.colcon_core.package_identification:_identify(.) by extension 'python_setup_py'
[0.760s] Level 1:colcon.colcon_core.package_identification:_identify(build) by extensions ['ignore', 'ignore_ament_install']
[0.760s] Level 1:colcon.colcon_core.package_identification:_identify(build) by extension 'ignore'
[0.760s] Level 1:colcon.colcon_core.package_identification:_identify(build) ignored
[0.760s] Level 1:colcon.colcon_core.package_identification:_identify(install) by extensions ['ignore', 'ignore_ament_install']
[0.760s] Level 1:colcon.colcon_core.package_identification:_identify(install) by extension 'ignore'
[0.760s] Level 1:colcon.colcon_core.package_identification:_identify(install) ignored
[0.760s] Level 1:colcon.colcon_core.package_identification:_identify(log) by extensions ['ignore', 'ignore_ament_install']
[0.760s] Level 1:colcon.colcon_core.package_identification:_identify(log) by extension 'ignore'
[0.760s] Level 1:colcon.colcon_core.package_identification:_identify(log) ignored
[0.760s] Level 1:colcon.colcon_core.package_identification:_identify(src) by extensions ['ignore', 'ignore_ament_install']
[0.760s] Level 1:colcon.colcon_core.package_identification:_identify(src) by extension 'ignore'
[0.760s] Level 1:colcon.colcon_core.package_identification:_identify(src) by extension 'ignore_ament_install'
[0.760s] Level 1:colcon.colcon_core.package_identification:_identify(src) by extensions ['colcon_pkg']
[0.760s] Level 1:colcon.colcon_core.package_identification:_identify(src) by extension 'colcon_pkg'
[0.760s] Level 1:colcon.colcon_core.package_identification:_identify(src) by extensions ['colcon_meta']
[0.760s] Level 1:colcon.colcon_core.package_identification:_identify(src) by extension 'colcon_meta'
[0.760s] Level 1:colcon.colcon_core.package_identification:_identify(src) by extensions ['ros']
[0.760s] Level 1:colcon.colcon_core.package_identification:_identify(src) by extension 'ros'
[0.761s] Level 1:colcon.colcon_core.package_identification:_identify(src) by extensions ['cmake', 'python']
[0.761s] Level 1:colcon.colcon_core.package_identification:_identify(src) by extension 'cmake'
[0.761s] Level 1:colcon.colcon_core.package_identification:_identify(src) by extension 'python'
[0.761s] Level 1:colcon.colcon_core.package_identification:_identify(src) by extensions ['python_setup_py']
[0.761s] Level 1:colcon.colcon_core.package_identification:_identify(src) by extension 'python_setup_py'
[0.761s] Level 1:colcon.colcon_core.package_identification:_identify(src/interfaces) by extensions ['ignore', 'ignore_ament_install']
[0.761s] Level 1:colcon.colcon_core.package_identification:_identify(src/interfaces) by extension 'ignore'
[0.761s] Level 1:colcon.colcon_core.package_identification:_identify(src/interfaces) by extension 'ignore_ament_install'
[0.761s] Level 1:colcon.colcon_core.package_identification:_identify(src/interfaces) by extensions ['colcon_pkg']
[0.761s] Level 1:colcon.colcon_core.package_identification:_identify(src/interfaces) by extension 'colcon_pkg'
[0.761s] Level 1:colcon.colcon_core.package_identification:_identify(src/interfaces) by extensions ['colcon_meta']
[0.761s] Level 1:colcon.colcon_core.package_identification:_identify(src/interfaces) by extension 'colcon_meta'
[0.761s] Level 1:colcon.colcon_core.package_identification:_identify(src/interfaces) by extensions ['ros']
[0.761s] Level 1:colcon.colcon_core.package_identification:_identify(src/interfaces) by extension 'ros'
[0.765s] DEBUG:colcon.colcon_core.package_identification:Package 'src/interfaces' with type 'ros.ament_cmake' and name 'interfaces'
[0.765s] Level 1:colcon.colcon_core.package_discovery:discover_packages(recursive) using defaults
[0.765s] Level 1:colcon.colcon_core.package_discovery:discover_packages(ignore) discover
[0.765s] Level 1:colcon.colcon_core.package_discovery:discover_packages(ignore) using defaults
[0.765s] Level 1:colcon.colcon_core.package_discovery:discover_packages(path) discover
[0.765s] Level 1:colcon.colcon_core.package_discovery:discover_packages(path) using defaults
[0.808s] Level 5:colcon.colcon_core.verb:set package 'interfaces' build argument 'cmake_args' from command line to '['-DCMAKE_BUILD_TYPE=Release', '-DCMAKE_SHARED_LINKER_FLAGS=-Wl,-no-as-needed', '-DBUILD_TESTING=OFF', '-DALIAS_ROS2_TF2=1', '-DCMAKE_CXX_FLAGS_RELEASE=-O0', '-G', 'Ninja']'
[0.808s] Level 5:colcon.colcon_core.verb:set package 'interfaces' build argument 'cmake_target' from command line to 'None'
[0.808s] Level 5:colcon.colcon_core.verb:set package 'interfaces' build argument 'cmake_target_skip_unavailable' from command line to 'False'
[0.808s] Level 5:colcon.colcon_core.verb:set package 'interfaces' build argument 'cmake_clean_cache' from command line to 'False'
[0.808s] Level 5:colcon.colcon_core.verb:set package 'interfaces' build argument 'cmake_clean_first' from command line to 'False'
[0.809s] Level 5:colcon.colcon_core.verb:set package 'interfaces' build argument 'cmake_force_configure' from command line to 'False'
[0.809s] Level 5:colcon.colcon_core.verb:set package 'interfaces' build argument 'ament_cmake_args' from command line to 'None'
[0.809s] Level 5:colcon.colcon_core.verb:set package 'interfaces' build argument 'catkin_cmake_args' from command line to 'None'
[0.809s] Level 5:colcon.colcon_core.verb:set package 'interfaces' build argument 'catkin_skip_building_tests' from command line to 'False'
[0.809s] DEBUG:colcon.colcon_core.verb:Building package 'interfaces' with the following arguments: {'ament_cmake_args': None, 'build_base': '/home/etern1ty/ros2_ws/matlab/custom/matlab_msg_gen/glnxa64/build/interfaces', 'catkin_cmake_args': None, 'catkin_skip_building_tests': False, 'cmake_args': ['-DCMAKE_BUILD_TYPE=Release', '-DCMAKE_SHARED_LINKER_FLAGS=-Wl,-no-as-needed', '-DBUILD_TESTING=OFF', '-DALIAS_ROS2_TF2=1', '-DCMAKE_CXX_FLAGS_RELEASE=-O0', '-G', 'Ninja'], 'cmake_clean_cache': False, 'cmake_clean_first': False, 'cmake_force_configure': False, 'cmake_target': None, 'cmake_target_skip_unavailable': False, 'install_base': '/home/etern1ty/ros2_ws/matlab/custom/matlab_msg_gen/glnxa64/install', 'merge_install': True, 'path': '/home/etern1ty/ros2_ws/matlab/custom/matlab_msg_gen/glnxa64/src/interfaces', 'symlink_install': False, 'test_result_base': None}
[0.810s] INFO:colcon.colcon_core.executor:Executing jobs using 'parallel' executor
[0.823s] DEBUG:colcon.colcon_parallel_executor.executor.parallel:run_until_complete
[0.823s] INFO:colcon.colcon_ros.task.ament_cmake.build:Building ROS package in '/home/etern1ty/ros2_ws/matlab/custom/matlab_msg_gen/glnxa64/src/interfaces' with build type 'ament_cmake'
[0.823s] INFO:colcon.colcon_cmake.task.cmake.build:Building CMake package in '/home/etern1ty/ros2_ws/matlab/custom/matlab_msg_gen/glnxa64/src/interfaces'
[0.833s] INFO:colcon.colcon_core.plugin_system:Skipping extension 'colcon_core.shell.bat': Not used on non-Windows systems
[0.834s] INFO:colcon.colcon_core.shell:Skip shell extension 'powershell' for command environment: Not usable outside of PowerShell
[0.834s] DEBUG:colcon.colcon_core.shell:Skip shell extension 'dsv' for command environment
[0.857s] DEBUG:colcon.colcon_core.event_handler.log_command:Invoking command in '/home/etern1ty/ros2_ws/matlab/custom/matlab_msg_gen/glnxa64/build/interfaces': PS1=(venv) VIRTUAL_ENV_PROMPT=(venv) /usr/local/MATLAB/R2023b/bin/glnxa64/cmake/bin/cmake /home/etern1ty/ros2_ws/matlab/custom/matlab_msg_gen/glnxa64/src/interfaces -DCMAKE_BUILD_TYPE=Release -DCMAKE_SHARED_LINKER_FLAGS=-Wl,-no-as-needed -DBUILD_TESTING=OFF -DALIAS_ROS2_TF2=1 -DCMAKE_CXX_FLAGS_RELEASE=-O0 -G Ninja -DCMAKE_INSTALL_PREFIX=/home/etern1ty/ros2_ws/matlab/custom/matlab_msg_gen/glnxa64/install
[3.190s] DEBUG:colcon.colcon_core.event_handler.log_command:Invoked command in '/home/etern1ty/ros2_ws/matlab/custom/matlab_msg_gen/glnxa64/build/interfaces' returned '0': PS1=(venv) VIRTUAL_ENV_PROMPT=(venv) /usr/local/MATLAB/R2023b/bin/glnxa64/cmake/bin/cmake /home/etern1ty/ros2_ws/matlab/custom/matlab_msg_gen/glnxa64/src/interfaces -DCMAKE_BUILD_TYPE=Release -DCMAKE_SHARED_LINKER_FLAGS=-Wl,-no-as-needed -DBUILD_TESTING=OFF -DALIAS_ROS2_TF2=1 -DCMAKE_CXX_FLAGS_RELEASE=-O0 -G Ninja -DCMAKE_INSTALL_PREFIX=/home/etern1ty/ros2_ws/matlab/custom/matlab_msg_gen/glnxa64/install
[3.192s] DEBUG:colcon.colcon_core.event_handler.log_command:Invoking command in '/home/etern1ty/ros2_ws/matlab/custom/matlab_msg_gen/glnxa64/build/interfaces': PS1=(venv) VIRTUAL_ENV_PROMPT=(venv) /usr/local/MATLAB/R2023b/bin/glnxa64/cmake/bin/cmake --build /home/etern1ty/ros2_ws/matlab/custom/matlab_msg_gen/glnxa64/build/interfaces -- -j12 -l12
[11.989s] DEBUG:colcon.colcon_core.event_handler.log_command:Invoked command in '/home/etern1ty/ros2_ws/matlab/custom/matlab_msg_gen/glnxa64/build/interfaces' returned '0': PS1=(venv) VIRTUAL_ENV_PROMPT=(venv) /usr/local/MATLAB/R2023b/bin/glnxa64/cmake/bin/cmake --build /home/etern1ty/ros2_ws/matlab/custom/matlab_msg_gen/glnxa64/build/interfaces -- -j12 -l12
[12.012s] DEBUG:colcon.colcon_core.event_handler.log_command:Invoking command in '/home/etern1ty/ros2_ws/matlab/custom/matlab_msg_gen/glnxa64/build/interfaces': PS1=(venv) VIRTUAL_ENV_PROMPT=(venv) /usr/local/MATLAB/R2023b/bin/glnxa64/cmake/bin/cmake --install /home/etern1ty/ros2_ws/matlab/custom/matlab_msg_gen/glnxa64/build/interfaces
[12.036s] Level 1:colcon.colcon_core.environment:create_environment_scripts_only(interfaces)
[12.036s] DEBUG:colcon.colcon_core.event_handler.log_command:Invoked command in '/home/etern1ty/ros2_ws/matlab/custom/matlab_msg_gen/glnxa64/build/interfaces' returned '0': PS1=(venv) VIRTUAL_ENV_PROMPT=(venv) /usr/local/MATLAB/R2023b/bin/glnxa64/cmake/bin/cmake --install /home/etern1ty/ros2_ws/matlab/custom/matlab_msg_gen/glnxa64/build/interfaces
[12.053s] Level 1:colcon.colcon_core.environment:checking '/home/etern1ty/ros2_ws/matlab/custom/matlab_msg_gen/glnxa64/install' for CMake module files
[12.053s] Level 1:colcon.colcon_core.environment:checking '/home/etern1ty/ros2_ws/matlab/custom/matlab_msg_gen/glnxa64/install' for CMake config files
[12.053s] Level 1:colcon.colcon_core.shell:create_environment_hook('interfaces', 'cmake_prefix_path')
[12.076s] INFO:colcon.colcon_core.shell:Creating environment hook '/home/etern1ty/ros2_ws/matlab/custom/matlab_msg_gen/glnxa64/install/share/interfaces/hook/cmake_prefix_path.ps1'
[12.077s] INFO:colcon.colcon_core.shell:Creating environment descriptor '/home/etern1ty/ros2_ws/matlab/custom/matlab_msg_gen/glnxa64/install/share/interfaces/hook/cmake_prefix_path.dsv'
[12.077s] INFO:colcon.colcon_core.shell:Creating environment hook '/home/etern1ty/ros2_ws/matlab/custom/matlab_msg_gen/glnxa64/install/share/interfaces/hook/cmake_prefix_path.sh'
[12.078s] Level 1:colcon.colcon_core.environment:checking '/home/etern1ty/ros2_ws/matlab/custom/matlab_msg_gen/glnxa64/install/lib'
[12.078s] Level 1:colcon.colcon_core.shell:create_environment_hook('interfaces', 'ld_library_path_lib')
[12.084s] INFO:colcon.colcon_core.shell:Creating environment hook '/home/etern1ty/ros2_ws/matlab/custom/matlab_msg_gen/glnxa64/install/share/interfaces/hook/ld_library_path_lib.ps1'
[12.084s] INFO:colcon.colcon_core.shell:Creating environment descriptor '/home/etern1ty/ros2_ws/matlab/custom/matlab_msg_gen/glnxa64/install/share/interfaces/hook/ld_library_path_lib.dsv'
[12.084s] INFO:colcon.colcon_core.shell:Creating environment hook '/home/etern1ty/ros2_ws/matlab/custom/matlab_msg_gen/glnxa64/install/share/interfaces/hook/ld_library_path_lib.sh'
[12.084s] Level 1:colcon.colcon_core.environment:checking '/home/etern1ty/ros2_ws/matlab/custom/matlab_msg_gen/glnxa64/install/bin'
[12.084s] Level 1:colcon.colcon_core.environment:checking '/home/etern1ty/ros2_ws/matlab/custom/matlab_msg_gen/glnxa64/install/lib/pkgconfig/interfaces.pc'
[12.086s] Level 1:colcon.colcon_core.environment:checking '/home/etern1ty/ros2_ws/matlab/custom/matlab_msg_gen/glnxa64/install/lib/python3.10/site-packages'
[12.086s] Level 1:colcon.colcon_core.environment:checking '/home/etern1ty/ros2_ws/matlab/custom/matlab_msg_gen/glnxa64/install/bin'
[12.092s] INFO:colcon.colcon_core.shell:Creating package script '/home/etern1ty/ros2_ws/matlab/custom/matlab_msg_gen/glnxa64/install/share/interfaces/package.ps1'
[12.093s] INFO:colcon.colcon_core.shell:Creating package descriptor '/home/etern1ty/ros2_ws/matlab/custom/matlab_msg_gen/glnxa64/install/share/interfaces/package.dsv'
[12.093s] INFO:colcon.colcon_core.shell:Creating package script '/home/etern1ty/ros2_ws/matlab/custom/matlab_msg_gen/glnxa64/install/share/interfaces/package.sh'
[12.094s] INFO:colcon.colcon_core.shell:Creating package script '/home/etern1ty/ros2_ws/matlab/custom/matlab_msg_gen/glnxa64/install/share/interfaces/package.bash'
[12.095s] INFO:colcon.colcon_core.shell:Creating package script '/home/etern1ty/ros2_ws/matlab/custom/matlab_msg_gen/glnxa64/install/share/interfaces/package.zsh'
[12.095s] Level 1:colcon.colcon_core.environment:create_file_with_runtime_dependencies(/home/etern1ty/ros2_ws/matlab/custom/matlab_msg_gen/glnxa64/install/share/colcon-core/packages/interfaces)
[12.122s] Level 1:colcon.colcon_core.environment:create_environment_scripts_only(interfaces)
[12.128s] Level 1:colcon.colcon_core.environment:checking '/home/etern1ty/ros2_ws/matlab/custom/matlab_msg_gen/glnxa64/install' for CMake module files
[12.128s] Level 1:colcon.colcon_core.environment:checking '/home/etern1ty/ros2_ws/matlab/custom/matlab_msg_gen/glnxa64/install' for CMake config files
[12.129s] Level 1:colcon.colcon_core.shell:create_environment_hook('interfaces', 'cmake_prefix_path')
[12.134s] INFO:colcon.colcon_core.shell:Creating environment hook '/home/etern1ty/ros2_ws/matlab/custom/matlab_msg_gen/glnxa64/install/share/interfaces/hook/cmake_prefix_path.ps1'
[12.134s] INFO:colcon.colcon_core.shell:Creating environment descriptor '/home/etern1ty/ros2_ws/matlab/custom/matlab_msg_gen/glnxa64/install/share/interfaces/hook/cmake_prefix_path.dsv'
[12.134s] INFO:colcon.colcon_core.shell:Creating environment hook '/home/etern1ty/ros2_ws/matlab/custom/matlab_msg_gen/glnxa64/install/share/interfaces/hook/cmake_prefix_path.sh'
[12.135s] Level 1:colcon.colcon_core.environment:checking '/home/etern1ty/ros2_ws/matlab/custom/matlab_msg_gen/glnxa64/install/lib'
[12.135s] Level 1:colcon.colcon_core.shell:create_environment_hook('interfaces', 'ld_library_path_lib')
[12.140s] INFO:colcon.colcon_core.shell:Creating environment hook '/home/etern1ty/ros2_ws/matlab/custom/matlab_msg_gen/glnxa64/install/share/interfaces/hook/ld_library_path_lib.ps1'
[12.140s] INFO:colcon.colcon_core.shell:Creating environment descriptor '/home/etern1ty/ros2_ws/matlab/custom/matlab_msg_gen/glnxa64/install/share/interfaces/hook/ld_library_path_lib.dsv'
[12.141s] INFO:colcon.colcon_core.shell:Creating environment hook '/home/etern1ty/ros2_ws/matlab/custom/matlab_msg_gen/glnxa64/install/share/interfaces/hook/ld_library_path_lib.sh'
[12.141s] Level 1:colcon.colcon_core.environment:checking '/home/etern1ty/ros2_ws/matlab/custom/matlab_msg_gen/glnxa64/install/bin'
[12.141s] Level 1:colcon.colcon_core.environment:checking '/home/etern1ty/ros2_ws/matlab/custom/matlab_msg_gen/glnxa64/install/lib/pkgconfig/interfaces.pc'
[12.141s] Level 1:colcon.colcon_core.environment:checking '/home/etern1ty/ros2_ws/matlab/custom/matlab_msg_gen/glnxa64/install/lib/python3.10/site-packages'
[12.142s] Level 1:colcon.colcon_core.environment:checking '/home/etern1ty/ros2_ws/matlab/custom/matlab_msg_gen/glnxa64/install/bin'
[12.147s] INFO:colcon.colcon_core.shell:Creating package script '/home/etern1ty/ros2_ws/matlab/custom/matlab_msg_gen/glnxa64/install/share/interfaces/package.ps1'
[12.147s] INFO:colcon.colcon_core.shell:Creating package descriptor '/home/etern1ty/ros2_ws/matlab/custom/matlab_msg_gen/glnxa64/install/share/interfaces/package.dsv'
[12.148s] INFO:colcon.colcon_core.shell:Creating package script '/home/etern1ty/ros2_ws/matlab/custom/matlab_msg_gen/glnxa64/install/share/interfaces/package.sh'
[12.148s] INFO:colcon.colcon_core.shell:Creating package script '/home/etern1ty/ros2_ws/matlab/custom/matlab_msg_gen/glnxa64/install/share/interfaces/package.bash'
[12.148s] INFO:colcon.colcon_core.shell:Creating package script '/home/etern1ty/ros2_ws/matlab/custom/matlab_msg_gen/glnxa64/install/share/interfaces/package.zsh'
[12.149s] Level 1:colcon.colcon_core.environment:create_file_with_runtime_dependencies(/home/etern1ty/ros2_ws/matlab/custom/matlab_msg_gen/glnxa64/install/share/colcon-core/packages/interfaces)
[12.149s] DEBUG:colcon.colcon_parallel_executor.executor.parallel:closing loop
[12.150s] DEBUG:colcon.colcon_parallel_executor.executor.parallel:loop closed
[12.150s] DEBUG:colcon.colcon_parallel_executor.executor.parallel:run_until_complete finished with '0'
[12.150s] DEBUG:colcon.colcon_core.event_reactor:joining thread
[12.156s] INFO:colcon.colcon_core.plugin_system:Skipping extension 'colcon_notification.desktop_notification.notify2': 'notify2' not found
[12.156s] INFO:colcon.colcon_core.plugin_system:Skipping extension 'colcon_notification.desktop_notification.terminal_notifier': Not used on non-Darwin systems
[12.156s] INFO:colcon.colcon_core.plugin_system:Skipping extension 'colcon_notification.desktop_notification.win32': Not used on non-Windows systems
[12.156s] INFO:colcon.colcon_notification.desktop_notification:Sending desktop notification using 'notify_send'
[12.234s] DEBUG:colcon.colcon_core.event_reactor:joined thread
[12.240s] INFO:colcon.colcon_core.shell:Creating prefix script '/home/etern1ty/ros2_ws/matlab/custom/matlab_msg_gen/glnxa64/install/local_setup.ps1'
[12.241s] INFO:colcon.colcon_core.shell:Creating prefix util module '/home/etern1ty/ros2_ws/matlab/custom/matlab_msg_gen/glnxa64/install/_local_setup_util_ps1.py'
[12.242s] INFO:colcon.colcon_core.shell:Creating prefix chain script '/home/etern1ty/ros2_ws/matlab/custom/matlab_msg_gen/glnxa64/install/setup.ps1'
[12.247s] INFO:colcon.colcon_core.shell:Creating prefix script '/home/etern1ty/ros2_ws/matlab/custom/matlab_msg_gen/glnxa64/install/local_setup.sh'
[12.248s] INFO:colcon.colcon_core.shell:Creating prefix util module '/home/etern1ty/ros2_ws/matlab/custom/matlab_msg_gen/glnxa64/install/_local_setup_util_sh.py'
[12.248s] INFO:colcon.colcon_core.shell:Creating prefix chain script '/home/etern1ty/ros2_ws/matlab/custom/matlab_msg_gen/glnxa64/install/setup.sh'
[12.253s] INFO:colcon.colcon_core.shell:Creating prefix script '/home/etern1ty/ros2_ws/matlab/custom/matlab_msg_gen/glnxa64/install/local_setup.bash'
[12.253s] INFO:colcon.colcon_core.shell:Creating prefix chain script '/home/etern1ty/ros2_ws/matlab/custom/matlab_msg_gen/glnxa64/install/setup.bash'
[12.258s] INFO:colcon.colcon_core.shell:Creating prefix script '/home/etern1ty/ros2_ws/matlab/custom/matlab_msg_gen/glnxa64/install/local_setup.zsh'
[12.259s] INFO:colcon.colcon_core.shell:Creating prefix chain script '/home/etern1ty/ros2_ws/matlab/custom/matlab_msg_gen/glnxa64/install/setup.zsh'
