[0.205s] Invoking command in '/home/etern1ty/ros2_ws/build/examples_rclcpp_minimal_publisher': CMAKE_PREFIX_PATH=${CMAKE_PREFIX_PATH}:/home/etern1ty/ros2_ws/install/launch_testing_examples:/home/etern1ty/ros2_ws/install/examples_rclpy_pointcloud_publisher:/home/etern1ty/ros2_ws/install/examples_rclpy_minimal_subscriber:/home/etern1ty/ros2_ws/install/examples_rclpy_minimal_service:/home/etern1ty/ros2_ws/install/examples_rclpy_minimal_publisher:/home/etern1ty/ros2_ws/install/examples_rclpy_minimal_client:/home/etern1ty/ros2_ws/install/examples_rclpy_minimal_action_server:/home/etern1ty/ros2_ws/install/examples_rclpy_minimal_action_client:/home/etern1ty/ros2_ws/install/examples_rclpy_guard_conditions:/home/etern1ty/ros2_ws/install/examples_rclpy_executors:/opt/ros/humble /usr/bin/cmake --build /home/etern1ty/ros2_ws/build/examples_rclcpp_minimal_publisher -- -j12 -l12
[0.274s] [ 50%] Built target publisher_lambda
[0.274s] [ 50%] Built target publisher_member_function_with_unique_network_flow_endpoints
[0.275s] [ 50%] Built target publisher_member_function_with_type_adapter
[0.277s] [ 66%] Built target publisher_member_function
[0.277s] [ 83%] Built target publisher_not_composable
[0.278s] [100%] Built target publisher_wait_for_all_acked
[0.294s] Invoked command in '/home/etern1ty/ros2_ws/build/examples_rclcpp_minimal_publisher' returned '0': CMAKE_PREFIX_PATH=${CMAKE_PREFIX_PATH}:/home/etern1ty/ros2_ws/install/launch_testing_examples:/home/etern1ty/ros2_ws/install/examples_rclpy_pointcloud_publisher:/home/etern1ty/ros2_ws/install/examples_rclpy_minimal_subscriber:/home/etern1ty/ros2_ws/install/examples_rclpy_minimal_service:/home/etern1ty/ros2_ws/install/examples_rclpy_minimal_publisher:/home/etern1ty/ros2_ws/install/examples_rclpy_minimal_client:/home/etern1ty/ros2_ws/install/examples_rclpy_minimal_action_server:/home/etern1ty/ros2_ws/install/examples_rclpy_minimal_action_client:/home/etern1ty/ros2_ws/install/examples_rclpy_guard_conditions:/home/etern1ty/ros2_ws/install/examples_rclpy_executors:/opt/ros/humble /usr/bin/cmake --build /home/etern1ty/ros2_ws/build/examples_rclcpp_minimal_publisher -- -j12 -l12
[0.397s] Invoking command in '/home/etern1ty/ros2_ws/build/examples_rclcpp_minimal_publisher': CMAKE_PREFIX_PATH=${CMAKE_PREFIX_PATH}:/home/etern1ty/ros2_ws/install/launch_testing_examples:/home/etern1ty/ros2_ws/install/examples_rclpy_pointcloud_publisher:/home/etern1ty/ros2_ws/install/examples_rclpy_minimal_subscriber:/home/etern1ty/ros2_ws/install/examples_rclpy_minimal_service:/home/etern1ty/ros2_ws/install/examples_rclpy_minimal_publisher:/home/etern1ty/ros2_ws/install/examples_rclpy_minimal_client:/home/etern1ty/ros2_ws/install/examples_rclpy_minimal_action_server:/home/etern1ty/ros2_ws/install/examples_rclpy_minimal_action_client:/home/etern1ty/ros2_ws/install/examples_rclpy_guard_conditions:/home/etern1ty/ros2_ws/install/examples_rclpy_executors:/opt/ros/humble /usr/bin/cmake --install /home/etern1ty/ros2_ws/build/examples_rclcpp_minimal_publisher
[0.406s] -- Install configuration: ""
[0.406s] -- Up-to-date: /home/etern1ty/ros2_ws/install/examples_rclcpp_minimal_publisher/lib/examples_rclcpp_minimal_publisher/publisher_lambda
[0.406s] -- Up-to-date: /home/etern1ty/ros2_ws/install/examples_rclcpp_minimal_publisher/lib/examples_rclcpp_minimal_publisher/publisher_member_function
[0.406s] -- Up-to-date: /home/etern1ty/ros2_ws/install/examples_rclcpp_minimal_publisher/lib/examples_rclcpp_minimal_publisher/publisher_member_function_with_type_adapter
[0.407s] -- Up-to-date: /home/etern1ty/ros2_ws/install/examples_rclcpp_minimal_publisher/lib/examples_rclcpp_minimal_publisher/publisher_member_function_with_unique_network_flow_endpoints
[0.407s] -- Up-to-date: /home/etern1ty/ros2_ws/install/examples_rclcpp_minimal_publisher/lib/examples_rclcpp_minimal_publisher/publisher_wait_for_all_acked
[0.407s] -- Up-to-date: /home/etern1ty/ros2_ws/install/examples_rclcpp_minimal_publisher/lib/examples_rclcpp_minimal_publisher/publisher_not_composable
[0.407s] -- Up-to-date: /home/etern1ty/ros2_ws/install/examples_rclcpp_minimal_publisher/share/ament_index/resource_index/package_run_dependencies/examples_rclcpp_minimal_publisher
[0.407s] -- Up-to-date: /home/etern1ty/ros2_ws/install/examples_rclcpp_minimal_publisher/share/ament_index/resource_index/parent_prefix_path/examples_rclcpp_minimal_publisher
[0.408s] -- Up-to-date: /home/etern1ty/ros2_ws/install/examples_rclcpp_minimal_publisher/share/examples_rclcpp_minimal_publisher/environment/ament_prefix_path.sh
[0.408s] -- Up-to-date: /home/etern1ty/ros2_ws/install/examples_rclcpp_minimal_publisher/share/examples_rclcpp_minimal_publisher/environment/ament_prefix_path.dsv
[0.408s] -- Up-to-date: /home/etern1ty/ros2_ws/install/examples_rclcpp_minimal_publisher/share/examples_rclcpp_minimal_publisher/environment/path.sh
[0.408s] -- Up-to-date: /home/etern1ty/ros2_ws/install/examples_rclcpp_minimal_publisher/share/examples_rclcpp_minimal_publisher/environment/path.dsv
[0.408s] -- Up-to-date: /home/etern1ty/ros2_ws/install/examples_rclcpp_minimal_publisher/share/examples_rclcpp_minimal_publisher/local_setup.bash
[0.408s] -- Up-to-date: /home/etern1ty/ros2_ws/install/examples_rclcpp_minimal_publisher/share/examples_rclcpp_minimal_publisher/local_setup.sh
[0.408s] -- Up-to-date: /home/etern1ty/ros2_ws/install/examples_rclcpp_minimal_publisher/share/examples_rclcpp_minimal_publisher/local_setup.zsh
[0.408s] -- Up-to-date: /home/etern1ty/ros2_ws/install/examples_rclcpp_minimal_publisher/share/examples_rclcpp_minimal_publisher/local_setup.dsv
[0.408s] -- Installing: /home/etern1ty/ros2_ws/install/examples_rclcpp_minimal_publisher/share/examples_rclcpp_minimal_publisher/package.dsv
[0.408s] -- Up-to-date: /home/etern1ty/ros2_ws/install/examples_rclcpp_minimal_publisher/share/ament_index/resource_index/packages/examples_rclcpp_minimal_publisher
[0.409s] -- Up-to-date: /home/etern1ty/ros2_ws/install/examples_rclcpp_minimal_publisher/share/examples_rclcpp_minimal_publisher/cmake/examples_rclcpp_minimal_publisherConfig.cmake
[0.409s] -- Up-to-date: /home/etern1ty/ros2_ws/install/examples_rclcpp_minimal_publisher/share/examples_rclcpp_minimal_publisher/cmake/examples_rclcpp_minimal_publisherConfig-version.cmake
[0.409s] -- Up-to-date: /home/etern1ty/ros2_ws/install/examples_rclcpp_minimal_publisher/share/examples_rclcpp_minimal_publisher/package.xml
[0.411s] Invoked command in '/home/etern1ty/ros2_ws/build/examples_rclcpp_minimal_publisher' returned '0': CMAKE_PREFIX_PATH=${CMAKE_PREFIX_PATH}:/home/etern1ty/ros2_ws/install/launch_testing_examples:/home/etern1ty/ros2_ws/install/examples_rclpy_pointcloud_publisher:/home/etern1ty/ros2_ws/install/examples_rclpy_minimal_subscriber:/home/etern1ty/ros2_ws/install/examples_rclpy_minimal_service:/home/etern1ty/ros2_ws/install/examples_rclpy_minimal_publisher:/home/etern1ty/ros2_ws/install/examples_rclpy_minimal_client:/home/etern1ty/ros2_ws/install/examples_rclpy_minimal_action_server:/home/etern1ty/ros2_ws/install/examples_rclpy_minimal_action_client:/home/etern1ty/ros2_ws/install/examples_rclpy_guard_conditions:/home/etern1ty/ros2_ws/install/examples_rclpy_executors:/opt/ros/humble /usr/bin/cmake --install /home/etern1ty/ros2_ws/build/examples_rclcpp_minimal_publisher
