[0.049s] Invoking command in '/home/etern1ty/ros2_ws/build/my_package': CMAKE_PREFIX_PATH=/opt/ros/humble /usr/bin/cmake --build /home/etern1ty/ros2_ws/build/my_package -- -j12 -l12
[0.106s] [100%] Built target my_node
[0.118s] Invoked command in '/home/etern1ty/ros2_ws/build/my_package' returned '0': CMAKE_PREFIX_PATH=/opt/ros/humble /usr/bin/cmake --build /home/etern1ty/ros2_ws/build/my_package -- -j12 -l12
[0.149s] Invoking command in '/home/etern1ty/ros2_ws/build/my_package': CMAKE_PREFIX_PATH=/opt/ros/humble /usr/bin/cmake --install /home/etern1ty/ros2_ws/build/my_package
[0.156s] -- Install configuration: ""
[0.157s] -- Up-to-date: /home/etern1ty/ros2_ws/install/my_package/lib/my_package/my_node
[0.157s] -- Up-to-date: /home/etern1ty/ros2_ws/install/my_package/share/ament_index/resource_index/package_run_dependencies/my_package
[0.157s] -- Up-to-date: /home/etern1ty/ros2_ws/install/my_package/share/ament_index/resource_index/parent_prefix_path/my_package
[0.158s] -- Up-to-date: /home/etern1ty/ros2_ws/install/my_package/share/my_package/environment/ament_prefix_path.sh
[0.158s] -- Up-to-date: /home/etern1ty/ros2_ws/install/my_package/share/my_package/environment/ament_prefix_path.dsv
[0.158s] -- Up-to-date: /home/etern1ty/ros2_ws/install/my_package/share/my_package/environment/path.sh
[0.158s] -- Up-to-date: /home/etern1ty/ros2_ws/install/my_package/share/my_package/environment/path.dsv
[0.158s] -- Up-to-date: /home/etern1ty/ros2_ws/install/my_package/share/my_package/local_setup.bash
[0.159s] -- Up-to-date: /home/etern1ty/ros2_ws/install/my_package/share/my_package/local_setup.sh
[0.159s] -- Up-to-date: /home/etern1ty/ros2_ws/install/my_package/share/my_package/local_setup.zsh
[0.159s] -- Up-to-date: /home/etern1ty/ros2_ws/install/my_package/share/my_package/local_setup.dsv
[0.159s] -- Installing: /home/etern1ty/ros2_ws/install/my_package/share/my_package/package.dsv
[0.159s] -- Up-to-date: /home/etern1ty/ros2_ws/install/my_package/share/ament_index/resource_index/packages/my_package
[0.159s] -- Up-to-date: /home/etern1ty/ros2_ws/install/my_package/share/my_package/cmake/my_packageConfig.cmake
[0.159s] -- Up-to-date: /home/etern1ty/ros2_ws/install/my_package/share/my_package/cmake/my_packageConfig-version.cmake
[0.159s] -- Up-to-date: /home/etern1ty/ros2_ws/install/my_package/share/my_package/package.xml
[0.252s] Invoked command in '/home/etern1ty/ros2_ws/build/my_package' returned '0': CMAKE_PREFIX_PATH=/opt/ros/humble /usr/bin/cmake --install /home/etern1ty/ros2_ws/build/my_package
