[0.039s] Invoking command in '/home/etern1ty/ros2_ws/matlab/custom/matlab_msg_gen/glnxa64/build/obj_msg': PS1=(venv) VIRTUAL_ENV_PROMPT=(venv) /usr/local/MATLAB/R2023b/bin/glnxa64/cmake/bin/cmake /home/etern1ty/ros2_ws/matlab/custom/matlab_msg_gen/glnxa64/src/obj_msg -DCMAKE_BUILD_TYPE=Release -DCMAKE_SHARED_LINKER_FLAGS=-Wl,-no-as-needed -DBUILD_TESTING=OFF -DALIAS_ROS2_TF2=1 -DCMAKE_CXX_FLAGS_RELEASE=-O0 -G Ninja -DCMAKE_INSTALL_PREFIX=/home/etern1ty/ros2_ws/matlab/custom/matlab_msg_gen/glnxa64/install
[0.174s] -- The C compiler identification is GNU 11.4.0
[0.290s] -- The CXX compiler identification is GNU 11.4.0
[0.306s] -- Detecting C compiler ABI info
[0.373s] -- Detecting C compiler ABI info - done
[0.382s] -- Check for working C compiler: /usr/bin/cc - skipped
[0.382s] -- Detecting C compile features
[0.383s] -- Detecting C compile features - done
[0.386s] -- Detecting CXX compiler ABI info
[0.461s] -- Detecting CXX compiler ABI info - done
[0.469s] -- Check for working CXX compiler: /usr/bin/c++ - skipped
[0.470s] -- Detecting CXX compile features
[0.470s] -- Detecting CXX compile features - done
[0.476s] -- Found ament_cmake: 1.3.3 (/usr/local/MATLAB/R2023b/sys/ros2/glnxa64/ros2/share/ament_cmake/cmake)
[1.295s] -- Found Python3: /home/etern1ty/.matlab/R2023b/ros2/glnxa64/venv/bin/python3.10 (found version "3.10.12") found components: Interpreter 
[1.389s] -- Found ament_cmake_ros: 0.10.0 (/usr/local/MATLAB/R2023b/sys/ros2/glnxa64/ros2/share/ament_cmake_ros/cmake)
[1.398s] -- Found rosidl_typesupport_c: 2.0.0 (/usr/local/MATLAB/R2023b/sys/ros2/glnxa64/ros2/share/rosidl_typesupport_c/cmake)
[1.399s] -- Using all available rosidl_typesupport_c: rosidl_typesupport_fastrtps_c;rosidl_typesupport_introspection_c
[1.408s] -- Found rosidl_adapter: 3.1.4 (/usr/local/MATLAB/R2023b/sys/ros2/glnxa64/ros2/share/rosidl_adapter/cmake)
[1.468s] -- Found rosidl_typesupport_cpp: 2.0.0 (/usr/local/MATLAB/R2023b/sys/ros2/glnxa64/ros2/share/rosidl_typesupport_cpp/cmake)
[1.469s] -- Using all available rosidl_typesupport_cpp: rosidl_typesupport_fastrtps_cpp;rosidl_typesupport_introspection_cpp
[1.510s] -- Found rosidl_default_generators: 1.2.0 (/usr/local/MATLAB/R2023b/sys/ros2/glnxa64/ros2/share/rosidl_default_generators/cmake)
[1.515s] -- Found class_loader: 2.2.0 (/usr/local/MATLAB/R2023b/sys/ros2/glnxa64/ros2/share/class_loader/cmake)
[1.522s] -- Found rclcpp: 16.0.3 (/usr/local/MATLAB/R2023b/sys/ros2/glnxa64/ros2/share/rclcpp/cmake)
[1.627s] -- Found rmw_implementation_cmake: 6.1.1 (/usr/local/MATLAB/R2023b/sys/ros2/glnxa64/ros2/share/rmw_implementation_cmake/cmake)
[1.630s] -- Found rmw_fastrtps_cpp: 6.2.2 (/usr/local/MATLAB/R2023b/sys/ros2/glnxa64/ros2/share/rmw_fastrtps_cpp/cmake)
[1.722s] -- Found FastRTPS: /usr/local/MATLAB/R2023b/sys/ros2/glnxa64/ros2/include  
[1.764s] -- Using RMW implementation 'rmw_fastrtps_cpp' as default
[1.774s] -- Performing Test CMAKE_HAVE_LIBC_PTHREAD
[1.851s] -- Performing Test CMAKE_HAVE_LIBC_PTHREAD - Success
[1.852s] -- Found Threads: TRUE  
[2.211s] -- Using all available rosidl_typesupport_c: rosidl_typesupport_fastrtps_c;rosidl_typesupport_introspection_c
[2.302s] -- Using all available rosidl_typesupport_cpp: rosidl_typesupport_fastrtps_cpp;rosidl_typesupport_introspection_cpp
[2.314s] -- Configuring done
[2.337s] -- Generating done
[2.350s] -- Build files have been written to: /home/etern1ty/ros2_ws/matlab/custom/matlab_msg_gen/glnxa64/build/obj_msg
[2.359s] Invoked command in '/home/etern1ty/ros2_ws/matlab/custom/matlab_msg_gen/glnxa64/build/obj_msg' returned '0': PS1=(venv) VIRTUAL_ENV_PROMPT=(venv) /usr/local/MATLAB/R2023b/bin/glnxa64/cmake/bin/cmake /home/etern1ty/ros2_ws/matlab/custom/matlab_msg_gen/glnxa64/src/obj_msg -DCMAKE_BUILD_TYPE=Release -DCMAKE_SHARED_LINKER_FLAGS=-Wl,-no-as-needed -DBUILD_TESTING=OFF -DALIAS_ROS2_TF2=1 -DCMAKE_CXX_FLAGS_RELEASE=-O0 -G Ninja -DCMAKE_INSTALL_PREFIX=/home/etern1ty/ros2_ws/matlab/custom/matlab_msg_gen/glnxa64/install
[2.361s] Invoking command in '/home/etern1ty/ros2_ws/matlab/custom/matlab_msg_gen/glnxa64/build/obj_msg': PS1=(venv) VIRTUAL_ENV_PROMPT=(venv) /usr/local/MATLAB/R2023b/bin/glnxa64/cmake/bin/cmake --build /home/etern1ty/ros2_ws/matlab/custom/matlab_msg_gen/glnxa64/build/obj_msg -- -j12 -l12
[2.593s] [1/32] Generating C++ code for ROS interfaces
[2.602s] [2/32] Generating C code for ROS interfaces
[2.694s] [3/32] Building C object CMakeFiles/obj_msg__rosidl_generator_c.dir/rosidl_generator_c/obj_msg/msg/detail/detected__functions.c.o
[2.703s] [4/32] Building C object CMakeFiles/obj_msg__rosidl_generator_c.dir/rosidl_generator_c/obj_msg/msg/detail/motion__functions.c.o
[2.726s] [5/32] Linking C shared library libobj_msg__rosidl_generator_c.so
[2.804s] [6/32] Generating C++ type support dispatch for ROS interfaces
[2.806s] [7/32] Generating C++ introspection for ROS interfaces
[2.832s] [8/32] Generating C++ type support for eProsima Fast-RTPS
[2.945s] [9/32] Generating C type support dispatch for ROS interfaces
[2.988s] [10/32] Building CXX object CMakeFiles/obj_msg__rosidl_typesupport_c.dir/rosidl_typesupport_c/obj_msg/msg/detected__type_support.cpp.o
[2.988s] [11/32] Building CXX object CMakeFiles/obj_msg__rosidl_typesupport_c.dir/rosidl_typesupport_c/obj_msg/msg/motion__type_support.cpp.o
[3.073s] [12/32] Generating C introspection for ROS interfaces
[3.083s] [13/32] Generating C type support for eProsima Fast-RTPS
[3.131s] [14/32] Building C object CMakeFiles/obj_msg__rosidl_typesupport_introspection_c.dir/rosidl_typesupport_introspection_c/obj_msg/msg/detail/detected__type_support.c.o
[3.132s] [15/32] Building C object CMakeFiles/obj_msg__rosidl_typesupport_introspection_c.dir/rosidl_typesupport_introspection_c/obj_msg/msg/detail/motion__type_support.c.o
[3.149s] [16/32] Linking CXX shared library libobj_msg__rosidl_typesupport_c.so
[3.180s] [17/32] Linking C shared library libobj_msg__rosidl_typesupport_introspection_c.so
[3.187s] [18/32] Building CXX object CMakeFiles/obj_msg__rosidl_typesupport_cpp.dir/rosidl_typesupport_cpp/obj_msg/msg/detected__type_support.cpp.o
[3.188s] [19/32] Building CXX object CMakeFiles/obj_msg__rosidl_typesupport_cpp.dir/rosidl_typesupport_cpp/obj_msg/msg/motion__type_support.cpp.o
[3.310s] [20/32] Building CXX object CMakeFiles/obj_msg__rosidl_typesupport_introspection_cpp.dir/rosidl_typesupport_introspection_cpp/obj_msg/msg/detail/motion__type_support.cpp.o
[3.322s] [21/32] Linking CXX shared library libobj_msg__rosidl_typesupport_cpp.so
[3.326s] [22/32] Building CXX object CMakeFiles/obj_msg__rosidl_typesupport_fastrtps_cpp.dir/rosidl_typesupport_fastrtps_cpp/obj_msg/msg/detail/dds_fastrtps/motion__type_support.cpp.o
[3.330s] [23/32] Building CXX object CMakeFiles/obj_msg__rosidl_typesupport_fastrtps_cpp.dir/rosidl_typesupport_fastrtps_cpp/obj_msg/msg/detail/dds_fastrtps/detected__type_support.cpp.o
[3.342s] [24/32] Building CXX object CMakeFiles/obj_msg__rosidl_typesupport_introspection_cpp.dir/rosidl_typesupport_introspection_cpp/obj_msg/msg/detail/detected__type_support.cpp.o
[3.426s] [25/32] Linking CXX shared library libobj_msg__rosidl_typesupport_fastrtps_cpp.so
[3.434s] [26/32] Linking CXX shared library libobj_msg__rosidl_typesupport_introspection_cpp.so
[3.454s] [27/32] Building CXX object CMakeFiles/obj_msg__rosidl_typesupport_fastrtps_c.dir/rosidl_typesupport_fastrtps_c/obj_msg/msg/detail/detected__type_support_c.cpp.o
[3.518s] [28/32] Building CXX object CMakeFiles/obj_msg__rosidl_typesupport_fastrtps_c.dir/rosidl_typesupport_fastrtps_c/obj_msg/msg/detail/motion__type_support_c.cpp.o
[3.602s] [29/32] Linking CXX shared library libobj_msg__rosidl_typesupport_fastrtps_c.so
[10.891s] [30/32] Building CXX object CMakeFiles/obj_msg_matlab.dir/src/obj_msg_Detected_message.cpp.o
[10.893s] [31/32] Building CXX object CMakeFiles/obj_msg_matlab.dir/src/obj_msg_Motion_message.cpp.o
[11.589s] [32/32] Linking CXX shared library libobj_msg_matlab.so
[11.596s] Invoked command in '/home/etern1ty/ros2_ws/matlab/custom/matlab_msg_gen/glnxa64/build/obj_msg' returned '0': PS1=(venv) VIRTUAL_ENV_PROMPT=(venv) /usr/local/MATLAB/R2023b/bin/glnxa64/cmake/bin/cmake --build /home/etern1ty/ros2_ws/matlab/custom/matlab_msg_gen/glnxa64/build/obj_msg -- -j12 -l12
[11.647s] Invoking command in '/home/etern1ty/ros2_ws/matlab/custom/matlab_msg_gen/glnxa64/build/obj_msg': PS1=(venv) VIRTUAL_ENV_PROMPT=(venv) /usr/local/MATLAB/R2023b/bin/glnxa64/cmake/bin/cmake --install /home/etern1ty/ros2_ws/matlab/custom/matlab_msg_gen/glnxa64/build/obj_msg
[11.651s] -- Install configuration: "Release"
[11.651s] -- Installing: /home/etern1ty/ros2_ws/matlab/custom/matlab_msg_gen/glnxa64/install/share/ament_index/resource_index/rosidl_interfaces/obj_msg
[11.651s] -- Installing: /home/etern1ty/ros2_ws/matlab/custom/matlab_msg_gen/glnxa64/install/include/obj_msg/obj_msg
[11.652s] -- Installing: /home/etern1ty/ros2_ws/matlab/custom/matlab_msg_gen/glnxa64/install/include/obj_msg/obj_msg/msg
[11.652s] -- Installing: /home/etern1ty/ros2_ws/matlab/custom/matlab_msg_gen/glnxa64/install/include/obj_msg/obj_msg/msg/detected.h
[11.652s] -- Installing: /home/etern1ty/ros2_ws/matlab/custom/matlab_msg_gen/glnxa64/install/include/obj_msg/obj_msg/msg/detail
[11.652s] -- Installing: /home/etern1ty/ros2_ws/matlab/custom/matlab_msg_gen/glnxa64/install/include/obj_msg/obj_msg/msg/detail/detected__functions.c
[11.652s] -- Installing: /home/etern1ty/ros2_ws/matlab/custom/matlab_msg_gen/glnxa64/install/include/obj_msg/obj_msg/msg/detail/motion__type_support.h
[11.652s] -- Installing: /home/etern1ty/ros2_ws/matlab/custom/matlab_msg_gen/glnxa64/install/include/obj_msg/obj_msg/msg/detail/motion__struct.h
[11.653s] -- Installing: /home/etern1ty/ros2_ws/matlab/custom/matlab_msg_gen/glnxa64/install/include/obj_msg/obj_msg/msg/detail/detected__functions.h
[11.653s] -- Installing: /home/etern1ty/ros2_ws/matlab/custom/matlab_msg_gen/glnxa64/install/include/obj_msg/obj_msg/msg/detail/detected__struct.h
[11.653s] -- Installing: /home/etern1ty/ros2_ws/matlab/custom/matlab_msg_gen/glnxa64/install/include/obj_msg/obj_msg/msg/detail/motion__functions.h
[11.653s] -- Installing: /home/etern1ty/ros2_ws/matlab/custom/matlab_msg_gen/glnxa64/install/include/obj_msg/obj_msg/msg/detail/detected__type_support.h
[11.653s] -- Installing: /home/etern1ty/ros2_ws/matlab/custom/matlab_msg_gen/glnxa64/install/include/obj_msg/obj_msg/msg/detail/motion__functions.c
[11.653s] -- Installing: /home/etern1ty/ros2_ws/matlab/custom/matlab_msg_gen/glnxa64/install/include/obj_msg/obj_msg/msg/motion.h
[11.653s] -- Installing: /home/etern1ty/ros2_ws/matlab/custom/matlab_msg_gen/glnxa64/install/include/obj_msg/obj_msg/msg/rosidl_generator_c__visibility_control.h
[11.654s] -- Installing: /home/etern1ty/ros2_ws/matlab/custom/matlab_msg_gen/glnxa64/install/share/obj_msg/environment/library_path.sh
[11.654s] -- Installing: /home/etern1ty/ros2_ws/matlab/custom/matlab_msg_gen/glnxa64/install/share/obj_msg/environment/library_path.dsv
[11.654s] -- Installing: /home/etern1ty/ros2_ws/matlab/custom/matlab_msg_gen/glnxa64/install/lib/libobj_msg__rosidl_generator_c.so
[11.655s] -- Up-to-date: /home/etern1ty/ros2_ws/matlab/custom/matlab_msg_gen/glnxa64/install/include/obj_msg/obj_msg
[11.655s] -- Up-to-date: /home/etern1ty/ros2_ws/matlab/custom/matlab_msg_gen/glnxa64/install/include/obj_msg/obj_msg/msg
[11.655s] -- Installing: /home/etern1ty/ros2_ws/matlab/custom/matlab_msg_gen/glnxa64/install/include/obj_msg/obj_msg/msg/rosidl_typesupport_fastrtps_c__visibility_control.h
[11.655s] -- Up-to-date: /home/etern1ty/ros2_ws/matlab/custom/matlab_msg_gen/glnxa64/install/include/obj_msg/obj_msg/msg/detail
[11.655s] -- Installing: /home/etern1ty/ros2_ws/matlab/custom/matlab_msg_gen/glnxa64/install/include/obj_msg/obj_msg/msg/detail/motion__rosidl_typesupport_fastrtps_c.h
[11.655s] -- Installing: /home/etern1ty/ros2_ws/matlab/custom/matlab_msg_gen/glnxa64/install/include/obj_msg/obj_msg/msg/detail/detected__rosidl_typesupport_fastrtps_c.h
[11.655s] -- Installing: /home/etern1ty/ros2_ws/matlab/custom/matlab_msg_gen/glnxa64/install/lib/libobj_msg__rosidl_typesupport_fastrtps_c.so
[11.656s] -- Up-to-date: /home/etern1ty/ros2_ws/matlab/custom/matlab_msg_gen/glnxa64/install/include/obj_msg/obj_msg
[11.656s] -- Up-to-date: /home/etern1ty/ros2_ws/matlab/custom/matlab_msg_gen/glnxa64/install/include/obj_msg/obj_msg/msg
[11.656s] -- Up-to-date: /home/etern1ty/ros2_ws/matlab/custom/matlab_msg_gen/glnxa64/install/include/obj_msg/obj_msg/msg/detail
[11.656s] -- Installing: /home/etern1ty/ros2_ws/matlab/custom/matlab_msg_gen/glnxa64/install/include/obj_msg/obj_msg/msg/detail/detected__type_support.c
[11.656s] -- Installing: /home/etern1ty/ros2_ws/matlab/custom/matlab_msg_gen/glnxa64/install/include/obj_msg/obj_msg/msg/detail/motion__rosidl_typesupport_introspection_c.h
[11.656s] -- Installing: /home/etern1ty/ros2_ws/matlab/custom/matlab_msg_gen/glnxa64/install/include/obj_msg/obj_msg/msg/detail/detected__rosidl_typesupport_introspection_c.h
[11.656s] -- Installing: /home/etern1ty/ros2_ws/matlab/custom/matlab_msg_gen/glnxa64/install/include/obj_msg/obj_msg/msg/detail/motion__type_support.c
[11.656s] -- Installing: /home/etern1ty/ros2_ws/matlab/custom/matlab_msg_gen/glnxa64/install/include/obj_msg/obj_msg/msg/rosidl_typesupport_introspection_c__visibility_control.h
[11.657s] -- Installing: /home/etern1ty/ros2_ws/matlab/custom/matlab_msg_gen/glnxa64/install/lib/libobj_msg__rosidl_typesupport_introspection_c.so
[11.657s] -- Installing: /home/etern1ty/ros2_ws/matlab/custom/matlab_msg_gen/glnxa64/install/lib/libobj_msg__rosidl_typesupport_c.so
[11.657s] -- Up-to-date: /home/etern1ty/ros2_ws/matlab/custom/matlab_msg_gen/glnxa64/install/include/obj_msg/obj_msg
[11.657s] -- Up-to-date: /home/etern1ty/ros2_ws/matlab/custom/matlab_msg_gen/glnxa64/install/include/obj_msg/obj_msg/msg
[11.657s] -- Installing: /home/etern1ty/ros2_ws/matlab/custom/matlab_msg_gen/glnxa64/install/include/obj_msg/obj_msg/msg/detected.hpp
[11.657s] -- Up-to-date: /home/etern1ty/ros2_ws/matlab/custom/matlab_msg_gen/glnxa64/install/include/obj_msg/obj_msg/msg/detail
[11.658s] -- Installing: /home/etern1ty/ros2_ws/matlab/custom/matlab_msg_gen/glnxa64/install/include/obj_msg/obj_msg/msg/detail/motion__builder.hpp
[11.658s] -- Installing: /home/etern1ty/ros2_ws/matlab/custom/matlab_msg_gen/glnxa64/install/include/obj_msg/obj_msg/msg/detail/detected__struct.hpp
[11.658s] -- Installing: /home/etern1ty/ros2_ws/matlab/custom/matlab_msg_gen/glnxa64/install/include/obj_msg/obj_msg/msg/detail/detected__traits.hpp
[11.658s] -- Installing: /home/etern1ty/ros2_ws/matlab/custom/matlab_msg_gen/glnxa64/install/include/obj_msg/obj_msg/msg/detail/motion__struct.hpp
[11.658s] -- Installing: /home/etern1ty/ros2_ws/matlab/custom/matlab_msg_gen/glnxa64/install/include/obj_msg/obj_msg/msg/detail/motion__traits.hpp
[11.658s] -- Installing: /home/etern1ty/ros2_ws/matlab/custom/matlab_msg_gen/glnxa64/install/include/obj_msg/obj_msg/msg/detail/detected__builder.hpp
[11.658s] -- Installing: /home/etern1ty/ros2_ws/matlab/custom/matlab_msg_gen/glnxa64/install/include/obj_msg/obj_msg/msg/motion.hpp
[11.659s] -- Up-to-date: /home/etern1ty/ros2_ws/matlab/custom/matlab_msg_gen/glnxa64/install/include/obj_msg/obj_msg
[11.659s] -- Up-to-date: /home/etern1ty/ros2_ws/matlab/custom/matlab_msg_gen/glnxa64/install/include/obj_msg/obj_msg/msg
[11.659s] -- Up-to-date: /home/etern1ty/ros2_ws/matlab/custom/matlab_msg_gen/glnxa64/install/include/obj_msg/obj_msg/msg/detail
[11.659s] -- Installing: /home/etern1ty/ros2_ws/matlab/custom/matlab_msg_gen/glnxa64/install/include/obj_msg/obj_msg/msg/detail/dds_fastrtps
[11.659s] -- Installing: /home/etern1ty/ros2_ws/matlab/custom/matlab_msg_gen/glnxa64/install/include/obj_msg/obj_msg/msg/detail/detected__rosidl_typesupport_fastrtps_cpp.hpp
[11.659s] -- Installing: /home/etern1ty/ros2_ws/matlab/custom/matlab_msg_gen/glnxa64/install/include/obj_msg/obj_msg/msg/detail/motion__rosidl_typesupport_fastrtps_cpp.hpp
[11.659s] -- Installing: /home/etern1ty/ros2_ws/matlab/custom/matlab_msg_gen/glnxa64/install/include/obj_msg/obj_msg/msg/rosidl_typesupport_fastrtps_cpp__visibility_control.h
[11.659s] -- Installing: /home/etern1ty/ros2_ws/matlab/custom/matlab_msg_gen/glnxa64/install/lib/libobj_msg__rosidl_typesupport_fastrtps_cpp.so
[11.660s] -- Up-to-date: /home/etern1ty/ros2_ws/matlab/custom/matlab_msg_gen/glnxa64/install/include/obj_msg/obj_msg
[11.660s] -- Up-to-date: /home/etern1ty/ros2_ws/matlab/custom/matlab_msg_gen/glnxa64/install/include/obj_msg/obj_msg/msg
[11.660s] -- Up-to-date: /home/etern1ty/ros2_ws/matlab/custom/matlab_msg_gen/glnxa64/install/include/obj_msg/obj_msg/msg/detail
[11.660s] -- Installing: /home/etern1ty/ros2_ws/matlab/custom/matlab_msg_gen/glnxa64/install/include/obj_msg/obj_msg/msg/detail/detected__type_support.cpp
[11.660s] -- Installing: /home/etern1ty/ros2_ws/matlab/custom/matlab_msg_gen/glnxa64/install/include/obj_msg/obj_msg/msg/detail/motion__type_support.cpp
[11.660s] -- Installing: /home/etern1ty/ros2_ws/matlab/custom/matlab_msg_gen/glnxa64/install/include/obj_msg/obj_msg/msg/detail/motion__rosidl_typesupport_introspection_cpp.hpp
[11.660s] -- Installing: /home/etern1ty/ros2_ws/matlab/custom/matlab_msg_gen/glnxa64/install/include/obj_msg/obj_msg/msg/detail/detected__rosidl_typesupport_introspection_cpp.hpp
[11.661s] -- Installing: /home/etern1ty/ros2_ws/matlab/custom/matlab_msg_gen/glnxa64/install/lib/libobj_msg__rosidl_typesupport_introspection_cpp.so
[11.661s] -- Installing: /home/etern1ty/ros2_ws/matlab/custom/matlab_msg_gen/glnxa64/install/lib/libobj_msg__rosidl_typesupport_cpp.so
[11.661s] -- Installing: /home/etern1ty/ros2_ws/matlab/custom/matlab_msg_gen/glnxa64/install/share/obj_msg/msg/Detected.idl
[11.661s] -- Installing: /home/etern1ty/ros2_ws/matlab/custom/matlab_msg_gen/glnxa64/install/share/obj_msg/msg/Motion.idl
[11.662s] -- Installing: /home/etern1ty/ros2_ws/matlab/custom/matlab_msg_gen/glnxa64/install/share/obj_msg/msg/Detected.msg
[11.662s] -- Installing: /home/etern1ty/ros2_ws/matlab/custom/matlab_msg_gen/glnxa64/install/share/obj_msg/msg/Motion.msg
[11.662s] -- Up-to-date: /home/etern1ty/ros2_ws/matlab/custom/matlab_msg_gen/glnxa64/install/include
[11.662s] -- Up-to-date: /home/etern1ty/ros2_ws/matlab/custom/matlab_msg_gen/glnxa64/install/include/obj_msg
[11.662s] -- Installing: /home/etern1ty/ros2_ws/matlab/custom/matlab_msg_gen/glnxa64/install/include/obj_msg/visibility_control.h
[11.662s] -- Installing: /home/etern1ty/ros2_ws/matlab/custom/matlab_msg_gen/glnxa64/install/lib/libobj_msg_matlab.so
[11.676s] -- Up-to-date: /home/etern1ty/ros2_ws/matlab/custom/matlab_msg_gen/glnxa64/install/m/
[11.676s] -- Up-to-date: /home/etern1ty/ros2_ws/matlab/custom/matlab_msg_gen/glnxa64/install/m//+ros
[11.676s] -- Up-to-date: /home/etern1ty/ros2_ws/matlab/custom/matlab_msg_gen/glnxa64/install/m//+ros/+internal
[11.676s] -- Up-to-date: /home/etern1ty/ros2_ws/matlab/custom/matlab_msg_gen/glnxa64/install/m//+ros/+internal/+ros2
[11.676s] -- Up-to-date: /home/etern1ty/ros2_ws/matlab/custom/matlab_msg_gen/glnxa64/install/m//+ros/+internal/+ros2/+custommessages
[11.676s] -- Installing: /home/etern1ty/ros2_ws/matlab/custom/matlab_msg_gen/glnxa64/install/m//+ros/+internal/+ros2/+custommessages/+obj_msg
[11.677s] -- Installing: /home/etern1ty/ros2_ws/matlab/custom/matlab_msg_gen/glnxa64/install/m//+ros/+internal/+ros2/+custommessages/+obj_msg/detected.m
[11.677s] -- Installing: /home/etern1ty/ros2_ws/matlab/custom/matlab_msg_gen/glnxa64/install/m//+ros/+internal/+ros2/+custommessages/+obj_msg/obj_msg_msg_Motion_2To1_Converter.m
[11.677s] -- Installing: /home/etern1ty/ros2_ws/matlab/custom/matlab_msg_gen/glnxa64/install/m//+ros/+internal/+ros2/+custommessages/+obj_msg/motion.m
[11.677s] -- Installing: /home/etern1ty/ros2_ws/matlab/custom/matlab_msg_gen/glnxa64/install/m//+ros/+internal/+ros2/+custommessages/+obj_msg/obj_msg_msg_Detected_2To1_Converter.m
[11.677s] -- Installing: /home/etern1ty/ros2_ws/matlab/custom/matlab_msg_gen/glnxa64/install/m//+ros/+internal/+ros2/+custommessages/+obj_msg/obj_msg_msg_Motion_1To2_Converter.m
[11.677s] -- Installing: /home/etern1ty/ros2_ws/matlab/custom/matlab_msg_gen/glnxa64/install/m//+ros/+internal/+ros2/+custommessages/+obj_msg/obj_msg_msg_Detected_1To2_Converter.m
[11.677s] -- Installing: /home/etern1ty/ros2_ws/matlab/custom/matlab_msg_gen/glnxa64/install/share/ament_index/resource_index/package_run_dependencies/obj_msg
[11.677s] -- Installing: /home/etern1ty/ros2_ws/matlab/custom/matlab_msg_gen/glnxa64/install/share/ament_index/resource_index/parent_prefix_path/obj_msg
[11.678s] -- Installing: /home/etern1ty/ros2_ws/matlab/custom/matlab_msg_gen/glnxa64/install/share/obj_msg/environment/ament_prefix_path.sh
[11.678s] -- Installing: /home/etern1ty/ros2_ws/matlab/custom/matlab_msg_gen/glnxa64/install/share/obj_msg/environment/ament_prefix_path.dsv
[11.678s] -- Installing: /home/etern1ty/ros2_ws/matlab/custom/matlab_msg_gen/glnxa64/install/share/obj_msg/environment/path.sh
[11.678s] -- Installing: /home/etern1ty/ros2_ws/matlab/custom/matlab_msg_gen/glnxa64/install/share/obj_msg/environment/path.dsv
[11.678s] -- Installing: /home/etern1ty/ros2_ws/matlab/custom/matlab_msg_gen/glnxa64/install/share/obj_msg/local_setup.bash
[11.679s] -- Installing: /home/etern1ty/ros2_ws/matlab/custom/matlab_msg_gen/glnxa64/install/share/obj_msg/local_setup.sh
[11.679s] -- Installing: /home/etern1ty/ros2_ws/matlab/custom/matlab_msg_gen/glnxa64/install/share/obj_msg/local_setup.zsh
[11.679s] -- Installing: /home/etern1ty/ros2_ws/matlab/custom/matlab_msg_gen/glnxa64/install/share/obj_msg/local_setup.dsv
[11.679s] -- Installing: /home/etern1ty/ros2_ws/matlab/custom/matlab_msg_gen/glnxa64/install/share/obj_msg/package.dsv
[11.680s] -- Installing: /home/etern1ty/ros2_ws/matlab/custom/matlab_msg_gen/glnxa64/install/share/ament_index/resource_index/packages/obj_msg
[11.680s] -- Installing: /home/etern1ty/ros2_ws/matlab/custom/matlab_msg_gen/glnxa64/install/share/obj_msg/cmake/export_obj_msg__rosidl_generator_cExport.cmake
[11.680s] -- Installing: /home/etern1ty/ros2_ws/matlab/custom/matlab_msg_gen/glnxa64/install/share/obj_msg/cmake/export_obj_msg__rosidl_generator_cExport-release.cmake
[11.680s] -- Installing: /home/etern1ty/ros2_ws/matlab/custom/matlab_msg_gen/glnxa64/install/share/obj_msg/cmake/export_obj_msg__rosidl_typesupport_fastrtps_cExport.cmake
[11.680s] -- Installing: /home/etern1ty/ros2_ws/matlab/custom/matlab_msg_gen/glnxa64/install/share/obj_msg/cmake/export_obj_msg__rosidl_typesupport_fastrtps_cExport-release.cmake
[11.681s] -- Installing: /home/etern1ty/ros2_ws/matlab/custom/matlab_msg_gen/glnxa64/install/share/obj_msg/cmake/obj_msg__rosidl_typesupport_introspection_cExport.cmake
[11.681s] -- Installing: /home/etern1ty/ros2_ws/matlab/custom/matlab_msg_gen/glnxa64/install/share/obj_msg/cmake/obj_msg__rosidl_typesupport_introspection_cExport-release.cmake
[11.681s] -- Installing: /home/etern1ty/ros2_ws/matlab/custom/matlab_msg_gen/glnxa64/install/share/obj_msg/cmake/obj_msg__rosidl_typesupport_cExport.cmake
[11.681s] -- Installing: /home/etern1ty/ros2_ws/matlab/custom/matlab_msg_gen/glnxa64/install/share/obj_msg/cmake/obj_msg__rosidl_typesupport_cExport-release.cmake
[11.681s] -- Installing: /home/etern1ty/ros2_ws/matlab/custom/matlab_msg_gen/glnxa64/install/share/obj_msg/cmake/export_obj_msg__rosidl_generator_cppExport.cmake
[11.682s] -- Installing: /home/etern1ty/ros2_ws/matlab/custom/matlab_msg_gen/glnxa64/install/share/obj_msg/cmake/export_obj_msg__rosidl_typesupport_fastrtps_cppExport.cmake
[11.682s] -- Installing: /home/etern1ty/ros2_ws/matlab/custom/matlab_msg_gen/glnxa64/install/share/obj_msg/cmake/export_obj_msg__rosidl_typesupport_fastrtps_cppExport-release.cmake
[11.682s] -- Installing: /home/etern1ty/ros2_ws/matlab/custom/matlab_msg_gen/glnxa64/install/share/obj_msg/cmake/obj_msg__rosidl_typesupport_introspection_cppExport.cmake
[11.682s] -- Installing: /home/etern1ty/ros2_ws/matlab/custom/matlab_msg_gen/glnxa64/install/share/obj_msg/cmake/obj_msg__rosidl_typesupport_introspection_cppExport-release.cmake
[11.682s] -- Installing: /home/etern1ty/ros2_ws/matlab/custom/matlab_msg_gen/glnxa64/install/share/obj_msg/cmake/obj_msg__rosidl_typesupport_cppExport.cmake
[11.682s] -- Installing: /home/etern1ty/ros2_ws/matlab/custom/matlab_msg_gen/glnxa64/install/share/obj_msg/cmake/obj_msg__rosidl_typesupport_cppExport-release.cmake
[11.683s] -- Installing: /home/etern1ty/ros2_ws/matlab/custom/matlab_msg_gen/glnxa64/install/share/obj_msg/cmake/rosidl_cmake-extras.cmake
[11.683s] -- Installing: /home/etern1ty/ros2_ws/matlab/custom/matlab_msg_gen/glnxa64/install/share/obj_msg/cmake/ament_cmake_export_include_directories-extras.cmake
[11.683s] -- Installing: /home/etern1ty/ros2_ws/matlab/custom/matlab_msg_gen/glnxa64/install/share/obj_msg/cmake/ament_cmake_export_libraries-extras.cmake
[11.683s] -- Installing: /home/etern1ty/ros2_ws/matlab/custom/matlab_msg_gen/glnxa64/install/share/obj_msg/cmake/ament_cmake_export_targets-extras.cmake
[11.683s] -- Installing: /home/etern1ty/ros2_ws/matlab/custom/matlab_msg_gen/glnxa64/install/share/obj_msg/cmake/rosidl_cmake_export_typesupport_targets-extras.cmake
[11.683s] -- Installing: /home/etern1ty/ros2_ws/matlab/custom/matlab_msg_gen/glnxa64/install/share/obj_msg/cmake/ament_cmake_export_dependencies-extras.cmake
[11.684s] -- Installing: /home/etern1ty/ros2_ws/matlab/custom/matlab_msg_gen/glnxa64/install/share/obj_msg/cmake/rosidl_cmake_export_typesupport_libraries-extras.cmake
[11.684s] -- Installing: /home/etern1ty/ros2_ws/matlab/custom/matlab_msg_gen/glnxa64/install/share/obj_msg/cmake/obj_msgConfig.cmake
[11.684s] -- Installing: /home/etern1ty/ros2_ws/matlab/custom/matlab_msg_gen/glnxa64/install/share/obj_msg/cmake/obj_msgConfig-version.cmake
[11.684s] -- Installing: /home/etern1ty/ros2_ws/matlab/custom/matlab_msg_gen/glnxa64/install/share/obj_msg/package.xml
[11.686s] Invoked command in '/home/etern1ty/ros2_ws/matlab/custom/matlab_msg_gen/glnxa64/build/obj_msg' returned '0': PS1=(venv) VIRTUAL_ENV_PROMPT=(venv) /usr/local/MATLAB/R2023b/bin/glnxa64/cmake/bin/cmake --install /home/etern1ty/ros2_ws/matlab/custom/matlab_msg_gen/glnxa64/build/obj_msg
