[0.766s] Invoking command in '/home/etern1ty/ros2_ws/src/src/examples/rclpy/services/minimal_service': PYTHONPATH=/home/etern1ty/ros2_ws/build/examples_rclpy_minimal_service/prefix_override:/home/etern1ty/ros2_ws/install/examples_rclpy_minimal_service/lib/python3.10/site-packages:${PYTHONPATH} /usr/bin/python3 setup.py egg_info --egg-base ../../../../../../build/examples_rclpy_minimal_service build --build-base /home/etern1ty/ros2_ws/build/examples_rclpy_minimal_service/build install --record /home/etern1ty/ros2_ws/build/examples_rclpy_minimal_service/install.log --single-version-externally-managed
[0.982s] running egg_info
[0.982s] creating ../../../../../../build/examples_rclpy_minimal_service/examples_rclpy_minimal_service.egg-info
[0.982s] writing ../../../../../../build/examples_rclpy_minimal_service/examples_rclpy_minimal_service.egg-info/PKG-INFO
[0.983s] writing dependency_links to ../../../../../../build/examples_rclpy_minimal_service/examples_rclpy_minimal_service.egg-info/dependency_links.txt
[0.983s] writing entry points to ../../../../../../build/examples_rclpy_minimal_service/examples_rclpy_minimal_service.egg-info/entry_points.txt
[0.983s] writing requirements to ../../../../../../build/examples_rclpy_minimal_service/examples_rclpy_minimal_service.egg-info/requires.txt
[0.983s] writing top-level names to ../../../../../../build/examples_rclpy_minimal_service/examples_rclpy_minimal_service.egg-info/top_level.txt
[0.983s] writing manifest file '../../../../../../build/examples_rclpy_minimal_service/examples_rclpy_minimal_service.egg-info/SOURCES.txt'
[0.985s] reading manifest file '../../../../../../build/examples_rclpy_minimal_service/examples_rclpy_minimal_service.egg-info/SOURCES.txt'
[0.986s] writing manifest file '../../../../../../build/examples_rclpy_minimal_service/examples_rclpy_minimal_service.egg-info/SOURCES.txt'
[0.986s] running build
[0.986s] running build_py
[0.986s] creating /home/etern1ty/ros2_ws/build/examples_rclpy_minimal_service/build
[0.987s] creating /home/etern1ty/ros2_ws/build/examples_rclpy_minimal_service/build/lib
[0.987s] creating /home/etern1ty/ros2_ws/build/examples_rclpy_minimal_service/build/lib/examples_rclpy_minimal_service
[0.987s] copying examples_rclpy_minimal_service/__init__.py -> /home/etern1ty/ros2_ws/build/examples_rclpy_minimal_service/build/lib/examples_rclpy_minimal_service
[0.987s] copying examples_rclpy_minimal_service/service.py -> /home/etern1ty/ros2_ws/build/examples_rclpy_minimal_service/build/lib/examples_rclpy_minimal_service
[0.987s] copying examples_rclpy_minimal_service/service_member_function.py -> /home/etern1ty/ros2_ws/build/examples_rclpy_minimal_service/build/lib/examples_rclpy_minimal_service
[0.987s] running install
[0.987s] running install_lib
[0.988s] running install_data
[0.989s] running install_egg_info
[0.990s] removing '/home/etern1ty/ros2_ws/install/examples_rclpy_minimal_service/lib/python3.10/site-packages/examples_rclpy_minimal_service-0.15.1-py3.10.egg-info' (and everything under it)
[0.991s] Copying ../../../../../../build/examples_rclpy_minimal_service/examples_rclpy_minimal_service.egg-info to /home/etern1ty/ros2_ws/install/examples_rclpy_minimal_service/lib/python3.10/site-packages/examples_rclpy_minimal_service-0.15.1-py3.10.egg-info
[0.991s] running install_scripts
[1.009s] Installing service script to /home/etern1ty/ros2_ws/install/examples_rclpy_minimal_service/lib/examples_rclpy_minimal_service
[1.009s] Installing service_member_function script to /home/etern1ty/ros2_ws/install/examples_rclpy_minimal_service/lib/examples_rclpy_minimal_service
[1.009s] writing list of installed files to '/home/etern1ty/ros2_ws/build/examples_rclpy_minimal_service/install.log'
[1.058s] Invoked command in '/home/etern1ty/ros2_ws/src/src/examples/rclpy/services/minimal_service' returned '0': PYTHONPATH=/home/etern1ty/ros2_ws/build/examples_rclpy_minimal_service/prefix_override:/home/etern1ty/ros2_ws/install/examples_rclpy_minimal_service/lib/python3.10/site-packages:${PYTHONPATH} /usr/bin/python3 setup.py egg_info --egg-base ../../../../../../build/examples_rclpy_minimal_service build --build-base /home/etern1ty/ros2_ws/build/examples_rclpy_minimal_service/build install --record /home/etern1ty/ros2_ws/build/examples_rclpy_minimal_service/install.log --single-version-externally-managed
