[0.069s] Invoking command in '/home/etern1ty/ros2_ws/build/my_package': CMAKE_PREFIX_PATH=${CMAKE_PREFIX_PATH}:/home/etern1ty/ros2_ws/install/launch_testing_examples:/home/etern1ty/ros2_ws/install/examples_rclpy_pointcloud_publisher:/home/etern1ty/ros2_ws/install/examples_rclpy_minimal_subscriber:/home/etern1ty/ros2_ws/install/examples_rclpy_minimal_service:/home/etern1ty/ros2_ws/install/examples_rclpy_minimal_publisher:/home/etern1ty/ros2_ws/install/examples_rclpy_minimal_client:/home/etern1ty/ros2_ws/install/examples_rclpy_minimal_action_server:/home/etern1ty/ros2_ws/install/examples_rclpy_minimal_action_client:/home/etern1ty/ros2_ws/install/examples_rclpy_guard_conditions:/home/etern1ty/ros2_ws/install/examples_rclpy_executors:/opt/ros/humble /usr/bin/cmake --build /home/etern1ty/ros2_ws/build/my_package -- -j12 -l12
[0.138s] [100%] Built target my_node
[0.156s] Invoked command in '/home/etern1ty/ros2_ws/build/my_package' returned '0': CMAKE_PREFIX_PATH=${CMAKE_PREFIX_PATH}:/home/etern1ty/ros2_ws/install/launch_testing_examples:/home/etern1ty/ros2_ws/install/examples_rclpy_pointcloud_publisher:/home/etern1ty/ros2_ws/install/examples_rclpy_minimal_subscriber:/home/etern1ty/ros2_ws/install/examples_rclpy_minimal_service:/home/etern1ty/ros2_ws/install/examples_rclpy_minimal_publisher:/home/etern1ty/ros2_ws/install/examples_rclpy_minimal_client:/home/etern1ty/ros2_ws/install/examples_rclpy_minimal_action_server:/home/etern1ty/ros2_ws/install/examples_rclpy_minimal_action_client:/home/etern1ty/ros2_ws/install/examples_rclpy_guard_conditions:/home/etern1ty/ros2_ws/install/examples_rclpy_executors:/opt/ros/humble /usr/bin/cmake --build /home/etern1ty/ros2_ws/build/my_package -- -j12 -l12
[0.194s] Invoking command in '/home/etern1ty/ros2_ws/build/my_package': CMAKE_PREFIX_PATH=${CMAKE_PREFIX_PATH}:/home/etern1ty/ros2_ws/install/launch_testing_examples:/home/etern1ty/ros2_ws/install/examples_rclpy_pointcloud_publisher:/home/etern1ty/ros2_ws/install/examples_rclpy_minimal_subscriber:/home/etern1ty/ros2_ws/install/examples_rclpy_minimal_service:/home/etern1ty/ros2_ws/install/examples_rclpy_minimal_publisher:/home/etern1ty/ros2_ws/install/examples_rclpy_minimal_client:/home/etern1ty/ros2_ws/install/examples_rclpy_minimal_action_server:/home/etern1ty/ros2_ws/install/examples_rclpy_minimal_action_client:/home/etern1ty/ros2_ws/install/examples_rclpy_guard_conditions:/home/etern1ty/ros2_ws/install/examples_rclpy_executors:/opt/ros/humble /usr/bin/cmake --install /home/etern1ty/ros2_ws/build/my_package
[0.203s] -- Install configuration: ""
[0.203s] -- Up-to-date: /home/etern1ty/ros2_ws/install/my_package/lib/my_package/my_node
[0.203s] -- Up-to-date: /home/etern1ty/ros2_ws/install/my_package/share/ament_index/resource_index/package_run_dependencies/my_package
[0.204s] -- Up-to-date: /home/etern1ty/ros2_ws/install/my_package/share/ament_index/resource_index/parent_prefix_path/my_package
[0.204s] -- Up-to-date: /home/etern1ty/ros2_ws/install/my_package/share/my_package/environment/ament_prefix_path.sh
[0.204s] -- Up-to-date: /home/etern1ty/ros2_ws/install/my_package/share/my_package/environment/ament_prefix_path.dsv
[0.204s] -- Up-to-date: /home/etern1ty/ros2_ws/install/my_package/share/my_package/environment/path.sh
[0.204s] -- Up-to-date: /home/etern1ty/ros2_ws/install/my_package/share/my_package/environment/path.dsv
[0.204s] -- Up-to-date: /home/etern1ty/ros2_ws/install/my_package/share/my_package/local_setup.bash
[0.205s] -- Up-to-date: /home/etern1ty/ros2_ws/install/my_package/share/my_package/local_setup.sh
[0.205s] -- Up-to-date: /home/etern1ty/ros2_ws/install/my_package/share/my_package/local_setup.zsh
[0.205s] -- Up-to-date: /home/etern1ty/ros2_ws/install/my_package/share/my_package/local_setup.dsv
[0.205s] -- Installing: /home/etern1ty/ros2_ws/install/my_package/share/my_package/package.dsv
[0.205s] -- Up-to-date: /home/etern1ty/ros2_ws/install/my_package/share/ament_index/resource_index/packages/my_package
[0.205s] -- Up-to-date: /home/etern1ty/ros2_ws/install/my_package/share/my_package/cmake/my_packageConfig.cmake
[0.205s] -- Up-to-date: /home/etern1ty/ros2_ws/install/my_package/share/my_package/cmake/my_packageConfig-version.cmake
[0.205s] -- Up-to-date: /home/etern1ty/ros2_ws/install/my_package/share/my_package/package.xml
[0.207s] Invoked command in '/home/etern1ty/ros2_ws/build/my_package' returned '0': CMAKE_PREFIX_PATH=${CMAKE_PREFIX_PATH}:/home/etern1ty/ros2_ws/install/launch_testing_examples:/home/etern1ty/ros2_ws/install/examples_rclpy_pointcloud_publisher:/home/etern1ty/ros2_ws/install/examples_rclpy_minimal_subscriber:/home/etern1ty/ros2_ws/install/examples_rclpy_minimal_service:/home/etern1ty/ros2_ws/install/examples_rclpy_minimal_publisher:/home/etern1ty/ros2_ws/install/examples_rclpy_minimal_client:/home/etern1ty/ros2_ws/install/examples_rclpy_minimal_action_server:/home/etern1ty/ros2_ws/install/examples_rclpy_minimal_action_client:/home/etern1ty/ros2_ws/install/examples_rclpy_guard_conditions:/home/etern1ty/ros2_ws/install/examples_rclpy_executors:/opt/ros/humble /usr/bin/cmake --install /home/etern1ty/ros2_ws/build/my_package
