[0.767s] Invoking command in '/home/etern1ty/ros2_ws/src/src/examples/rclpy/actions/minimal_action_server': PYTHONPATH=/home/etern1ty/ros2_ws/build/examples_rclpy_minimal_action_server/prefix_override:/home/etern1ty/ros2_ws/install/examples_rclpy_minimal_action_server/lib/python3.10/site-packages:${PYTHONPATH} /usr/bin/python3 setup.py egg_info --egg-base ../../../../../../build/examples_rclpy_minimal_action_server build --build-base /home/etern1ty/ros2_ws/build/examples_rclpy_minimal_action_server/build install --record /home/etern1ty/ros2_ws/build/examples_rclpy_minimal_action_server/install.log --single-version-externally-managed
[0.979s] running egg_info
[0.979s] writing ../../../../../../build/examples_rclpy_minimal_action_server/examples_rclpy_minimal_action_server.egg-info/PKG-INFO
[0.979s] writing dependency_links to ../../../../../../build/examples_rclpy_minimal_action_server/examples_rclpy_minimal_action_server.egg-info/dependency_links.txt
[0.980s] writing entry points to ../../../../../../build/examples_rclpy_minimal_action_server/examples_rclpy_minimal_action_server.egg-info/entry_points.txt
[0.980s] writing requirements to ../../../../../../build/examples_rclpy_minimal_action_server/examples_rclpy_minimal_action_server.egg-info/requires.txt
[0.980s] writing top-level names to ../../../../../../build/examples_rclpy_minimal_action_server/examples_rclpy_minimal_action_server.egg-info/top_level.txt
[0.982s] reading manifest file '../../../../../../build/examples_rclpy_minimal_action_server/examples_rclpy_minimal_action_server.egg-info/SOURCES.txt'
[0.984s] writing manifest file '../../../../../../build/examples_rclpy_minimal_action_server/examples_rclpy_minimal_action_server.egg-info/SOURCES.txt'
[0.984s] running build
[0.984s] running build_py
[0.984s] running install
[0.985s] running install_lib
[0.986s] running install_data
[0.987s] running install_egg_info
[0.989s] removing '/home/etern1ty/ros2_ws/install/examples_rclpy_minimal_action_server/lib/python3.10/site-packages/examples_rclpy_minimal_action_server-0.15.1-py3.10.egg-info' (and everything under it)
[0.989s] Copying ../../../../../../build/examples_rclpy_minimal_action_server/examples_rclpy_minimal_action_server.egg-info to /home/etern1ty/ros2_ws/install/examples_rclpy_minimal_action_server/lib/python3.10/site-packages/examples_rclpy_minimal_action_server-0.15.1-py3.10.egg-info
[0.990s] running install_scripts
[1.012s] Installing server script to /home/etern1ty/ros2_ws/install/examples_rclpy_minimal_action_server/lib/examples_rclpy_minimal_action_server
[1.013s] Installing server_defer script to /home/etern1ty/ros2_ws/install/examples_rclpy_minimal_action_server/lib/examples_rclpy_minimal_action_server
[1.013s] Installing server_not_composable script to /home/etern1ty/ros2_ws/install/examples_rclpy_minimal_action_server/lib/examples_rclpy_minimal_action_server
[1.013s] Installing server_queue_goals script to /home/etern1ty/ros2_ws/install/examples_rclpy_minimal_action_server/lib/examples_rclpy_minimal_action_server
[1.014s] Installing server_single_goal script to /home/etern1ty/ros2_ws/install/examples_rclpy_minimal_action_server/lib/examples_rclpy_minimal_action_server
[1.014s] writing list of installed files to '/home/etern1ty/ros2_ws/build/examples_rclpy_minimal_action_server/install.log'
[1.079s] Invoked command in '/home/etern1ty/ros2_ws/src/src/examples/rclpy/actions/minimal_action_server' returned '0': PYTHONPATH=/home/etern1ty/ros2_ws/build/examples_rclpy_minimal_action_server/prefix_override:/home/etern1ty/ros2_ws/install/examples_rclpy_minimal_action_server/lib/python3.10/site-packages:${PYTHONPATH} /usr/bin/python3 setup.py egg_info --egg-base ../../../../../../build/examples_rclpy_minimal_action_server build --build-base /home/etern1ty/ros2_ws/build/examples_rclpy_minimal_action_server/build install --record /home/etern1ty/ros2_ws/build/examples_rclpy_minimal_action_server/install.log --single-version-externally-managed
