[0.053s] Invoking command in '/home/etern1ty/ros2_ws/build/pub_controller': AMENT_PREFIX_PATH=/home/etern1ty/ros2_ws/install/obj_msg:${AMENT_PREFIX_PATH} CMAKE_PREFIX_PATH=/home/etern1ty/ros2_ws/install/obj_msg:/opt/ros/humble LD_LIBRARY_PATH=/home/etern1ty/ros2_ws/install/obj_msg/lib:${LD_LIBRARY_PATH} PYTHONPATH=/home/etern1ty/ros2_ws/install/obj_msg/local/lib/python3.10/dist-packages:${PYTHONPATH} /usr/bin/cmake --build /home/etern1ty/ros2_ws/build/pub_controller -- -j12 -l12
[0.078s] -- Found ament_cmake: 1.3.7 (/opt/ros/humble/share/ament_cmake/cmake)
[0.209s] -- Found rclcpp: 16.0.8 (/opt/ros/humble/share/rclcpp/cmake)
[0.236s] -- Found rosidl_generator_c: 3.1.5 (/opt/ros/humble/share/rosidl_generator_c/cmake)
[0.238s] -- Found rosidl_adapter: 3.1.5 (/opt/ros/humble/share/rosidl_adapter/cmake)
[0.243s] -- Found rosidl_generator_cpp: 3.1.5 (/opt/ros/humble/share/rosidl_generator_cpp/cmake)
[0.253s] -- Using all available rosidl_typesupport_c: rosidl_typesupport_fastrtps_c;rosidl_typesupport_introspection_c
[0.267s] -- Using all available rosidl_typesupport_cpp: rosidl_typesupport_fastrtps_cpp;rosidl_typesupport_introspection_cpp
[0.318s] -- Found rmw_implementation_cmake: 6.1.1 (/opt/ros/humble/share/rmw_implementation_cmake/cmake)
[0.319s] -- Found rmw_fastrtps_cpp: 6.2.6 (/opt/ros/humble/share/rmw_fastrtps_cpp/cmake)
[0.449s] -- Using RMW implementation 'rmw_fastrtps_cpp' as default
[0.589s] -- Found sensor_msgs: 4.2.3 (/opt/ros/humble/share/sensor_msgs/cmake)
[0.707s] -- Found obj_msg: 0.0.0 (/home/etern1ty/ros2_ws/install/obj_msg/share/obj_msg/cmake)
[0.727s] -- Found rosidl_default_generators: 1.2.0 (/opt/ros/humble/share/rosidl_default_generators/cmake)
[0.734s] [31mCMake Error at /opt/ros/humble/share/rosidl_cmake/cmake/rosidl_get_typesupport_target.cmake:29 (message):
[0.734s]   pub_controller is not a CMake target.  Maybe rosidl_generate_interfaces was
[0.734s]   given a different target name?
[0.735s] Call Stack (most recent call first):
[0.735s]   CMakeLists.txt:33 (rosidl_get_typesupport_target)
[0.735s] 
[0.735s] [0m
[0.735s] -- Configuring incomplete, errors occurred!
[0.735s] See also "/home/etern1ty/ros2_ws/build/pub_controller/CMakeFiles/CMakeOutput.log".
[0.742s] gmake: *** [Makefile:788: cmake_check_build_system] Error 1
[0.745s] Invoked command in '/home/etern1ty/ros2_ws/build/pub_controller' returned '2': AMENT_PREFIX_PATH=/home/etern1ty/ros2_ws/install/obj_msg:${AMENT_PREFIX_PATH} CMAKE_PREFIX_PATH=/home/etern1ty/ros2_ws/install/obj_msg:/opt/ros/humble LD_LIBRARY_PATH=/home/etern1ty/ros2_ws/install/obj_msg/lib:${LD_LIBRARY_PATH} PYTHONPATH=/home/etern1ty/ros2_ws/install/obj_msg/local/lib/python3.10/dist-packages:${PYTHONPATH} /usr/bin/cmake --build /home/etern1ty/ros2_ws/build/pub_controller -- -j12 -l12
