[0.104s] Invoking command in '/home/etern1ty/ros2_ws/build/tutorial_interfaces': CMAKE_PREFIX_PATH=/opt/ros/humble /usr/bin/cmake --build /home/etern1ty/ros2_ws/build/tutorial_interfaces -- -j12 -l12
[0.209s] [  2%] Built target tutorial_interfaces__cpp
[0.217s] [ 12%] Built target tutorial_interfaces__rosidl_generator_c
[0.225s] [ 12%] Built target ament_cmake_python_copy_tutorial_interfaces
[0.246s] [ 43%] Built target tutorial_interfaces__rosidl_typesupport_introspection_cpp
[0.246s] [ 43%] Built target tutorial_interfaces__rosidl_typesupport_cpp
[0.246s] [ 43%] Built target tutorial_interfaces__rosidl_typesupport_fastrtps_cpp
[0.249s] [ 53%] Built target tutorial_interfaces__rosidl_typesupport_introspection_c
[0.252s] [ 64%] Built target tutorial_interfaces__rosidl_typesupport_c
[0.254s] [ 74%] Built target tutorial_interfaces__rosidl_typesupport_fastrtps_c
[0.279s] [ 74%] Built target tutorial_interfaces
[0.305s] [ 76%] Built target tutorial_interfaces__py
[0.337s] [ 84%] Built target tutorial_interfaces__rosidl_generator_py
[0.367s] [ 89%] Built target tutorial_interfaces__rosidl_typesupport_introspection_c__pyext
[0.369s] [ 94%] Built target tutorial_interfaces__rosidl_typesupport_fastrtps_c__pyext
[0.370s] [100%] Built target tutorial_interfaces__rosidl_typesupport_c__pyext
[0.487s] running egg_info
[0.488s] writing tutorial_interfaces.egg-info/PKG-INFO
[0.488s] writing dependency_links to tutorial_interfaces.egg-info/dependency_links.txt
[0.488s] writing top-level names to tutorial_interfaces.egg-info/top_level.txt
[0.491s] reading manifest file 'tutorial_interfaces.egg-info/SOURCES.txt'
[0.492s] writing manifest file 'tutorial_interfaces.egg-info/SOURCES.txt'
[0.524s] [100%] Built target ament_cmake_python_build_tutorial_interfaces_egg
[0.537s] Invoked command in '/home/etern1ty/ros2_ws/build/tutorial_interfaces' returned '0': CMAKE_PREFIX_PATH=/opt/ros/humble /usr/bin/cmake --build /home/etern1ty/ros2_ws/build/tutorial_interfaces -- -j12 -l12
[0.626s] Invoking command in '/home/etern1ty/ros2_ws/build/tutorial_interfaces': CMAKE_PREFIX_PATH=/opt/ros/humble /usr/bin/cmake --install /home/etern1ty/ros2_ws/build/tutorial_interfaces
[0.634s] -- Install configuration: ""
[0.635s] -- Up-to-date: /home/etern1ty/ros2_ws/install/tutorial_interfaces/share/ament_index/resource_index/rosidl_interfaces/tutorial_interfaces
[0.635s] -- Up-to-date: /home/etern1ty/ros2_ws/install/tutorial_interfaces/include/tutorial_interfaces/tutorial_interfaces
[0.635s] -- Up-to-date: /home/etern1ty/ros2_ws/install/tutorial_interfaces/include/tutorial_interfaces/tutorial_interfaces/msg
[0.636s] -- Up-to-date: /home/etern1ty/ros2_ws/install/tutorial_interfaces/include/tutorial_interfaces/tutorial_interfaces/msg/sphere.h
[0.636s] -- Up-to-date: /home/etern1ty/ros2_ws/install/tutorial_interfaces/include/tutorial_interfaces/tutorial_interfaces/msg/num.h
[0.636s] -- Up-to-date: /home/etern1ty/ros2_ws/install/tutorial_interfaces/include/tutorial_interfaces/tutorial_interfaces/msg/detail
[0.636s] -- Up-to-date: /home/etern1ty/ros2_ws/install/tutorial_interfaces/include/tutorial_interfaces/tutorial_interfaces/msg/detail/sphere__struct.h
[0.637s] -- Up-to-date: /home/etern1ty/ros2_ws/install/tutorial_interfaces/include/tutorial_interfaces/tutorial_interfaces/msg/detail/num__functions.c
[0.637s] -- Up-to-date: /home/etern1ty/ros2_ws/install/tutorial_interfaces/include/tutorial_interfaces/tutorial_interfaces/msg/detail/sphere__functions.c
[0.637s] -- Up-to-date: /home/etern1ty/ros2_ws/install/tutorial_interfaces/include/tutorial_interfaces/tutorial_interfaces/msg/detail/sphere__functions.h
[0.637s] -- Up-to-date: /home/etern1ty/ros2_ws/install/tutorial_interfaces/include/tutorial_interfaces/tutorial_interfaces/msg/detail/sphere__type_support.h
[0.637s] -- Up-to-date: /home/etern1ty/ros2_ws/install/tutorial_interfaces/include/tutorial_interfaces/tutorial_interfaces/msg/detail/num__functions.h
[0.637s] -- Up-to-date: /home/etern1ty/ros2_ws/install/tutorial_interfaces/include/tutorial_interfaces/tutorial_interfaces/msg/detail/num__type_support.h
[0.637s] -- Up-to-date: /home/etern1ty/ros2_ws/install/tutorial_interfaces/include/tutorial_interfaces/tutorial_interfaces/msg/detail/num__struct.h
[0.637s] -- Up-to-date: /home/etern1ty/ros2_ws/install/tutorial_interfaces/include/tutorial_interfaces/tutorial_interfaces/msg/rosidl_generator_c__visibility_control.h
[0.638s] -- Up-to-date: /home/etern1ty/ros2_ws/install/tutorial_interfaces/share/tutorial_interfaces/environment/library_path.sh
[0.638s] -- Up-to-date: /home/etern1ty/ros2_ws/install/tutorial_interfaces/share/tutorial_interfaces/environment/library_path.dsv
[0.638s] -- Up-to-date: /home/etern1ty/ros2_ws/install/tutorial_interfaces/lib/libtutorial_interfaces__rosidl_generator_c.so
[0.639s] -- Up-to-date: /home/etern1ty/ros2_ws/install/tutorial_interfaces/include/tutorial_interfaces/tutorial_interfaces
[0.639s] -- Up-to-date: /home/etern1ty/ros2_ws/install/tutorial_interfaces/include/tutorial_interfaces/tutorial_interfaces/msg
[0.639s] -- Up-to-date: /home/etern1ty/ros2_ws/install/tutorial_interfaces/include/tutorial_interfaces/tutorial_interfaces/msg/rosidl_typesupport_fastrtps_c__visibility_control.h
[0.639s] -- Up-to-date: /home/etern1ty/ros2_ws/install/tutorial_interfaces/include/tutorial_interfaces/tutorial_interfaces/msg/detail
[0.639s] -- Up-to-date: /home/etern1ty/ros2_ws/install/tutorial_interfaces/include/tutorial_interfaces/tutorial_interfaces/msg/detail/sphere__rosidl_typesupport_fastrtps_c.h
[0.639s] -- Up-to-date: /home/etern1ty/ros2_ws/install/tutorial_interfaces/include/tutorial_interfaces/tutorial_interfaces/msg/detail/num__rosidl_typesupport_fastrtps_c.h
[0.640s] -- Up-to-date: /home/etern1ty/ros2_ws/install/tutorial_interfaces/lib/libtutorial_interfaces__rosidl_typesupport_fastrtps_c.so
[0.640s] -- Up-to-date: /home/etern1ty/ros2_ws/install/tutorial_interfaces/include/tutorial_interfaces/tutorial_interfaces
[0.640s] -- Up-to-date: /home/etern1ty/ros2_ws/install/tutorial_interfaces/include/tutorial_interfaces/tutorial_interfaces/msg
[0.641s] -- Up-to-date: /home/etern1ty/ros2_ws/install/tutorial_interfaces/include/tutorial_interfaces/tutorial_interfaces/msg/sphere.hpp
[0.641s] -- Up-to-date: /home/etern1ty/ros2_ws/install/tutorial_interfaces/include/tutorial_interfaces/tutorial_interfaces/msg/num.hpp
[0.641s] -- Up-to-date: /home/etern1ty/ros2_ws/install/tutorial_interfaces/include/tutorial_interfaces/tutorial_interfaces/msg/detail
[0.641s] -- Up-to-date: /home/etern1ty/ros2_ws/install/tutorial_interfaces/include/tutorial_interfaces/tutorial_interfaces/msg/detail/sphere__traits.hpp
[0.641s] -- Up-to-date: /home/etern1ty/ros2_ws/install/tutorial_interfaces/include/tutorial_interfaces/tutorial_interfaces/msg/detail/sphere__builder.hpp
[0.641s] -- Up-to-date: /home/etern1ty/ros2_ws/install/tutorial_interfaces/include/tutorial_interfaces/tutorial_interfaces/msg/detail/num__builder.hpp
[0.641s] -- Up-to-date: /home/etern1ty/ros2_ws/install/tutorial_interfaces/include/tutorial_interfaces/tutorial_interfaces/msg/detail/sphere__struct.hpp
[0.641s] -- Up-to-date: /home/etern1ty/ros2_ws/install/tutorial_interfaces/include/tutorial_interfaces/tutorial_interfaces/msg/detail/num__traits.hpp
[0.641s] -- Up-to-date: /home/etern1ty/ros2_ws/install/tutorial_interfaces/include/tutorial_interfaces/tutorial_interfaces/msg/detail/num__struct.hpp
[0.642s] -- Up-to-date: /home/etern1ty/ros2_ws/install/tutorial_interfaces/include/tutorial_interfaces/tutorial_interfaces
[0.642s] -- Up-to-date: /home/etern1ty/ros2_ws/install/tutorial_interfaces/include/tutorial_interfaces/tutorial_interfaces/msg
[0.642s] -- Up-to-date: /home/etern1ty/ros2_ws/install/tutorial_interfaces/include/tutorial_interfaces/tutorial_interfaces/msg/detail
[0.642s] -- Up-to-date: /home/etern1ty/ros2_ws/install/tutorial_interfaces/include/tutorial_interfaces/tutorial_interfaces/msg/detail/dds_fastrtps
[0.642s] -- Up-to-date: /home/etern1ty/ros2_ws/install/tutorial_interfaces/include/tutorial_interfaces/tutorial_interfaces/msg/detail/num__rosidl_typesupport_fastrtps_cpp.hpp
[0.642s] -- Up-to-date: /home/etern1ty/ros2_ws/install/tutorial_interfaces/include/tutorial_interfaces/tutorial_interfaces/msg/detail/sphere__rosidl_typesupport_fastrtps_cpp.hpp
[0.642s] -- Up-to-date: /home/etern1ty/ros2_ws/install/tutorial_interfaces/include/tutorial_interfaces/tutorial_interfaces/msg/rosidl_typesupport_fastrtps_cpp__visibility_control.h
[0.642s] -- Up-to-date: /home/etern1ty/ros2_ws/install/tutorial_interfaces/lib/libtutorial_interfaces__rosidl_typesupport_fastrtps_cpp.so
[0.642s] -- Up-to-date: /home/etern1ty/ros2_ws/install/tutorial_interfaces/include/tutorial_interfaces/tutorial_interfaces
[0.642s] -- Up-to-date: /home/etern1ty/ros2_ws/install/tutorial_interfaces/include/tutorial_interfaces/tutorial_interfaces/msg
[0.642s] -- Up-to-date: /home/etern1ty/ros2_ws/install/tutorial_interfaces/include/tutorial_interfaces/tutorial_interfaces/msg/detail
[0.642s] -- Up-to-date: /home/etern1ty/ros2_ws/install/tutorial_interfaces/include/tutorial_interfaces/tutorial_interfaces/msg/detail/num__rosidl_typesupport_introspection_c.h
[0.643s] -- Up-to-date: /home/etern1ty/ros2_ws/install/tutorial_interfaces/include/tutorial_interfaces/tutorial_interfaces/msg/detail/num__type_support.c
[0.643s] -- Up-to-date: /home/etern1ty/ros2_ws/install/tutorial_interfaces/include/tutorial_interfaces/tutorial_interfaces/msg/detail/sphere__type_support.c
[0.643s] -- Up-to-date: /home/etern1ty/ros2_ws/install/tutorial_interfaces/include/tutorial_interfaces/tutorial_interfaces/msg/detail/sphere__rosidl_typesupport_introspection_c.h
[0.643s] -- Up-to-date: /home/etern1ty/ros2_ws/install/tutorial_interfaces/include/tutorial_interfaces/tutorial_interfaces/msg/rosidl_typesupport_introspection_c__visibility_control.h
[0.643s] -- Up-to-date: /home/etern1ty/ros2_ws/install/tutorial_interfaces/lib/libtutorial_interfaces__rosidl_typesupport_introspection_c.so
[0.643s] -- Up-to-date: /home/etern1ty/ros2_ws/install/tutorial_interfaces/lib/libtutorial_interfaces__rosidl_typesupport_c.so
[0.643s] -- Up-to-date: /home/etern1ty/ros2_ws/install/tutorial_interfaces/include/tutorial_interfaces/tutorial_interfaces
[0.643s] -- Up-to-date: /home/etern1ty/ros2_ws/install/tutorial_interfaces/include/tutorial_interfaces/tutorial_interfaces/msg
[0.643s] -- Up-to-date: /home/etern1ty/ros2_ws/install/tutorial_interfaces/include/tutorial_interfaces/tutorial_interfaces/msg/detail
[0.643s] -- Up-to-date: /home/etern1ty/ros2_ws/install/tutorial_interfaces/include/tutorial_interfaces/tutorial_interfaces/msg/detail/sphere__type_support.cpp
[0.644s] -- Up-to-date: /home/etern1ty/ros2_ws/install/tutorial_interfaces/include/tutorial_interfaces/tutorial_interfaces/msg/detail/num__type_support.cpp
[0.644s] -- Up-to-date: /home/etern1ty/ros2_ws/install/tutorial_interfaces/include/tutorial_interfaces/tutorial_interfaces/msg/detail/num__rosidl_typesupport_introspection_cpp.hpp
[0.644s] -- Up-to-date: /home/etern1ty/ros2_ws/install/tutorial_interfaces/include/tutorial_interfaces/tutorial_interfaces/msg/detail/sphere__rosidl_typesupport_introspection_cpp.hpp
[0.644s] -- Up-to-date: /home/etern1ty/ros2_ws/install/tutorial_interfaces/lib/libtutorial_interfaces__rosidl_typesupport_introspection_cpp.so
[0.645s] -- Up-to-date: /home/etern1ty/ros2_ws/install/tutorial_interfaces/lib/libtutorial_interfaces__rosidl_typesupport_cpp.so
[0.645s] -- Up-to-date: /home/etern1ty/ros2_ws/install/tutorial_interfaces/share/tutorial_interfaces/environment/pythonpath.sh
[0.645s] -- Up-to-date: /home/etern1ty/ros2_ws/install/tutorial_interfaces/share/tutorial_interfaces/environment/pythonpath.dsv
[0.645s] -- Up-to-date: /home/etern1ty/ros2_ws/install/tutorial_interfaces/local/lib/python3.10/dist-packages/tutorial_interfaces-0.0.0-py3.10.egg-info
[0.645s] -- Installing: /home/etern1ty/ros2_ws/install/tutorial_interfaces/local/lib/python3.10/dist-packages/tutorial_interfaces-0.0.0-py3.10.egg-info/PKG-INFO
[0.645s] -- Installing: /home/etern1ty/ros2_ws/install/tutorial_interfaces/local/lib/python3.10/dist-packages/tutorial_interfaces-0.0.0-py3.10.egg-info/top_level.txt
[0.646s] -- Installing: /home/etern1ty/ros2_ws/install/tutorial_interfaces/local/lib/python3.10/dist-packages/tutorial_interfaces-0.0.0-py3.10.egg-info/SOURCES.txt
[0.646s] -- Installing: /home/etern1ty/ros2_ws/install/tutorial_interfaces/local/lib/python3.10/dist-packages/tutorial_interfaces-0.0.0-py3.10.egg-info/dependency_links.txt
[0.646s] -- Up-to-date: /home/etern1ty/ros2_ws/install/tutorial_interfaces/local/lib/python3.10/dist-packages/tutorial_interfaces
[0.646s] -- Up-to-date: /home/etern1ty/ros2_ws/install/tutorial_interfaces/local/lib/python3.10/dist-packages/tutorial_interfaces/tutorial_interfaces_s__rosidl_typesupport_c.cpython-310-x86_64-linux-gnu.so
[0.646s] -- Up-to-date: /home/etern1ty/ros2_ws/install/tutorial_interfaces/local/lib/python3.10/dist-packages/tutorial_interfaces/libtutorial_interfaces__rosidl_generator_py.so
[0.646s] -- Up-to-date: /home/etern1ty/ros2_ws/install/tutorial_interfaces/local/lib/python3.10/dist-packages/tutorial_interfaces/_tutorial_interfaces_s.ep.rosidl_typesupport_fastrtps_c.c
[0.647s] -- Up-to-date: /home/etern1ty/ros2_ws/install/tutorial_interfaces/local/lib/python3.10/dist-packages/tutorial_interfaces/tutorial_interfaces_s__rosidl_typesupport_introspection_c.cpython-310-x86_64-linux-gnu.so
[0.647s] -- Up-to-date: /home/etern1ty/ros2_ws/install/tutorial_interfaces/local/lib/python3.10/dist-packages/tutorial_interfaces/__init__.py
[0.647s] -- Up-to-date: /home/etern1ty/ros2_ws/install/tutorial_interfaces/local/lib/python3.10/dist-packages/tutorial_interfaces/_tutorial_interfaces_s.ep.rosidl_typesupport_introspection_c.c
[0.647s] -- Up-to-date: /home/etern1ty/ros2_ws/install/tutorial_interfaces/local/lib/python3.10/dist-packages/tutorial_interfaces/_tutorial_interfaces_s.ep.rosidl_typesupport_c.c
[0.647s] -- Up-to-date: /home/etern1ty/ros2_ws/install/tutorial_interfaces/local/lib/python3.10/dist-packages/tutorial_interfaces/tutorial_interfaces_s__rosidl_typesupport_fastrtps_c.cpython-310-x86_64-linux-gnu.so
[0.647s] -- Up-to-date: /home/etern1ty/ros2_ws/install/tutorial_interfaces/local/lib/python3.10/dist-packages/tutorial_interfaces/msg
[0.648s] -- Up-to-date: /home/etern1ty/ros2_ws/install/tutorial_interfaces/local/lib/python3.10/dist-packages/tutorial_interfaces/msg/_sphere.py
[0.648s] -- Up-to-date: /home/etern1ty/ros2_ws/install/tutorial_interfaces/local/lib/python3.10/dist-packages/tutorial_interfaces/msg/__init__.py
[0.648s] -- Up-to-date: /home/etern1ty/ros2_ws/install/tutorial_interfaces/local/lib/python3.10/dist-packages/tutorial_interfaces/msg/_sphere_s.c
[0.648s] -- Up-to-date: /home/etern1ty/ros2_ws/install/tutorial_interfaces/local/lib/python3.10/dist-packages/tutorial_interfaces/msg/_num_s.c
[0.648s] -- Up-to-date: /home/etern1ty/ros2_ws/install/tutorial_interfaces/local/lib/python3.10/dist-packages/tutorial_interfaces/msg/_num.py
[0.674s] Listing '/home/etern1ty/ros2_ws/install/tutorial_interfaces/local/lib/python3.10/dist-packages/tutorial_interfaces'...
[0.675s] Listing '/home/etern1ty/ros2_ws/install/tutorial_interfaces/local/lib/python3.10/dist-packages/tutorial_interfaces/msg'...
[0.679s] -- Up-to-date: /home/etern1ty/ros2_ws/install/tutorial_interfaces/local/lib/python3.10/dist-packages/tutorial_interfaces/tutorial_interfaces_s__rosidl_typesupport_fastrtps_c.cpython-310-x86_64-linux-gnu.so
[0.680s] -- Up-to-date: /home/etern1ty/ros2_ws/install/tutorial_interfaces/local/lib/python3.10/dist-packages/tutorial_interfaces/tutorial_interfaces_s__rosidl_typesupport_introspection_c.cpython-310-x86_64-linux-gnu.so
[0.681s] -- Up-to-date: /home/etern1ty/ros2_ws/install/tutorial_interfaces/local/lib/python3.10/dist-packages/tutorial_interfaces/tutorial_interfaces_s__rosidl_typesupport_c.cpython-310-x86_64-linux-gnu.so
[0.681s] -- Up-to-date: /home/etern1ty/ros2_ws/install/tutorial_interfaces/lib/libtutorial_interfaces__rosidl_generator_py.so
[0.682s] -- Up-to-date: /home/etern1ty/ros2_ws/install/tutorial_interfaces/share/tutorial_interfaces/msg/Num.idl
[0.682s] -- Up-to-date: /home/etern1ty/ros2_ws/install/tutorial_interfaces/share/tutorial_interfaces/msg/Sphere.idl
[0.682s] -- Up-to-date: /home/etern1ty/ros2_ws/install/tutorial_interfaces/share/tutorial_interfaces/msg/Num.msg
[0.682s] -- Up-to-date: /home/etern1ty/ros2_ws/install/tutorial_interfaces/share/tutorial_interfaces/msg/Sphere.msg
[0.682s] -- Up-to-date: /home/etern1ty/ros2_ws/install/tutorial_interfaces/share/ament_index/resource_index/package_run_dependencies/tutorial_interfaces
[0.683s] -- Up-to-date: /home/etern1ty/ros2_ws/install/tutorial_interfaces/share/ament_index/resource_index/parent_prefix_path/tutorial_interfaces
[0.683s] -- Up-to-date: /home/etern1ty/ros2_ws/install/tutorial_interfaces/share/tutorial_interfaces/environment/ament_prefix_path.sh
[0.684s] -- Up-to-date: /home/etern1ty/ros2_ws/install/tutorial_interfaces/share/tutorial_interfaces/environment/ament_prefix_path.dsv
[0.684s] -- Up-to-date: /home/etern1ty/ros2_ws/install/tutorial_interfaces/share/tutorial_interfaces/environment/path.sh
[0.684s] -- Up-to-date: /home/etern1ty/ros2_ws/install/tutorial_interfaces/share/tutorial_interfaces/environment/path.dsv
[0.684s] -- Up-to-date: /home/etern1ty/ros2_ws/install/tutorial_interfaces/share/tutorial_interfaces/local_setup.bash
[0.684s] -- Up-to-date: /home/etern1ty/ros2_ws/install/tutorial_interfaces/share/tutorial_interfaces/local_setup.sh
[0.684s] -- Up-to-date: /home/etern1ty/ros2_ws/install/tutorial_interfaces/share/tutorial_interfaces/local_setup.zsh
[0.684s] -- Up-to-date: /home/etern1ty/ros2_ws/install/tutorial_interfaces/share/tutorial_interfaces/local_setup.dsv
[0.684s] -- Installing: /home/etern1ty/ros2_ws/install/tutorial_interfaces/share/tutorial_interfaces/package.dsv
[0.684s] -- Up-to-date: /home/etern1ty/ros2_ws/install/tutorial_interfaces/share/ament_index/resource_index/packages/tutorial_interfaces
[0.684s] -- Up-to-date: /home/etern1ty/ros2_ws/install/tutorial_interfaces/share/tutorial_interfaces/cmake/export_tutorial_interfaces__rosidl_generator_cExport.cmake
[0.684s] -- Up-to-date: /home/etern1ty/ros2_ws/install/tutorial_interfaces/share/tutorial_interfaces/cmake/export_tutorial_interfaces__rosidl_generator_cExport-noconfig.cmake
[0.685s] -- Up-to-date: /home/etern1ty/ros2_ws/install/tutorial_interfaces/share/tutorial_interfaces/cmake/export_tutorial_interfaces__rosidl_typesupport_fastrtps_cExport.cmake
[0.685s] -- Up-to-date: /home/etern1ty/ros2_ws/install/tutorial_interfaces/share/tutorial_interfaces/cmake/export_tutorial_interfaces__rosidl_typesupport_fastrtps_cExport-noconfig.cmake
[0.686s] -- Up-to-date: /home/etern1ty/ros2_ws/install/tutorial_interfaces/share/tutorial_interfaces/cmake/export_tutorial_interfaces__rosidl_generator_cppExport.cmake
[0.686s] -- Up-to-date: /home/etern1ty/ros2_ws/install/tutorial_interfaces/share/tutorial_interfaces/cmake/export_tutorial_interfaces__rosidl_typesupport_fastrtps_cppExport.cmake
[0.686s] -- Up-to-date: /home/etern1ty/ros2_ws/install/tutorial_interfaces/share/tutorial_interfaces/cmake/export_tutorial_interfaces__rosidl_typesupport_fastrtps_cppExport-noconfig.cmake
[0.686s] -- Up-to-date: /home/etern1ty/ros2_ws/install/tutorial_interfaces/share/tutorial_interfaces/cmake/tutorial_interfaces__rosidl_typesupport_introspection_cExport.cmake
[0.686s] -- Up-to-date: /home/etern1ty/ros2_ws/install/tutorial_interfaces/share/tutorial_interfaces/cmake/tutorial_interfaces__rosidl_typesupport_introspection_cExport-noconfig.cmake
[0.687s] -- Up-to-date: /home/etern1ty/ros2_ws/install/tutorial_interfaces/share/tutorial_interfaces/cmake/tutorial_interfaces__rosidl_typesupport_cExport.cmake
[0.687s] -- Up-to-date: /home/etern1ty/ros2_ws/install/tutorial_interfaces/share/tutorial_interfaces/cmake/tutorial_interfaces__rosidl_typesupport_cExport-noconfig.cmake
[0.687s] -- Up-to-date: /home/etern1ty/ros2_ws/install/tutorial_interfaces/share/tutorial_interfaces/cmake/tutorial_interfaces__rosidl_typesupport_introspection_cppExport.cmake
[0.687s] -- Up-to-date: /home/etern1ty/ros2_ws/install/tutorial_interfaces/share/tutorial_interfaces/cmake/tutorial_interfaces__rosidl_typesupport_introspection_cppExport-noconfig.cmake
[0.688s] -- Up-to-date: /home/etern1ty/ros2_ws/install/tutorial_interfaces/share/tutorial_interfaces/cmake/tutorial_interfaces__rosidl_typesupport_cppExport.cmake
[0.688s] -- Up-to-date: /home/etern1ty/ros2_ws/install/tutorial_interfaces/share/tutorial_interfaces/cmake/tutorial_interfaces__rosidl_typesupport_cppExport-noconfig.cmake
[0.688s] -- Up-to-date: /home/etern1ty/ros2_ws/install/tutorial_interfaces/share/tutorial_interfaces/cmake/export_tutorial_interfaces__rosidl_generator_pyExport.cmake
[0.688s] -- Up-to-date: /home/etern1ty/ros2_ws/install/tutorial_interfaces/share/tutorial_interfaces/cmake/export_tutorial_interfaces__rosidl_generator_pyExport-noconfig.cmake
[0.689s] -- Up-to-date: /home/etern1ty/ros2_ws/install/tutorial_interfaces/share/tutorial_interfaces/cmake/rosidl_cmake-extras.cmake
[0.689s] -- Up-to-date: /home/etern1ty/ros2_ws/install/tutorial_interfaces/share/tutorial_interfaces/cmake/ament_cmake_export_dependencies-extras.cmake
[0.689s] -- Up-to-date: /home/etern1ty/ros2_ws/install/tutorial_interfaces/share/tutorial_interfaces/cmake/ament_cmake_export_include_directories-extras.cmake
[0.689s] -- Up-to-date: /home/etern1ty/ros2_ws/install/tutorial_interfaces/share/tutorial_interfaces/cmake/ament_cmake_export_libraries-extras.cmake
[0.689s] -- Up-to-date: /home/etern1ty/ros2_ws/install/tutorial_interfaces/share/tutorial_interfaces/cmake/ament_cmake_export_targets-extras.cmake
[0.689s] -- Up-to-date: /home/etern1ty/ros2_ws/install/tutorial_interfaces/share/tutorial_interfaces/cmake/rosidl_cmake_export_typesupport_targets-extras.cmake
[0.690s] -- Up-to-date: /home/etern1ty/ros2_ws/install/tutorial_interfaces/share/tutorial_interfaces/cmake/rosidl_cmake_export_typesupport_libraries-extras.cmake
[0.690s] -- Up-to-date: /home/etern1ty/ros2_ws/install/tutorial_interfaces/share/tutorial_interfaces/cmake/tutorial_interfacesConfig.cmake
[0.690s] -- Up-to-date: /home/etern1ty/ros2_ws/install/tutorial_interfaces/share/tutorial_interfaces/cmake/tutorial_interfacesConfig-version.cmake
[0.690s] -- Up-to-date: /home/etern1ty/ros2_ws/install/tutorial_interfaces/share/tutorial_interfaces/package.xml
[0.703s] Invoked command in '/home/etern1ty/ros2_ws/build/tutorial_interfaces' returned '0': CMAKE_PREFIX_PATH=/opt/ros/humble /usr/bin/cmake --install /home/etern1ty/ros2_ws/build/tutorial_interfaces
