[0.747s] Invoking command in '/home/etern1ty/ros2_ws/src/src/examples/rclpy/topics/minimal_publisher': PYTHONPATH=/home/etern1ty/ros2_ws/build/examples_rclpy_minimal_publisher/prefix_override:/home/etern1ty/ros2_ws/install/examples_rclpy_minimal_publisher/lib/python3.10/site-packages:${PYTHONPATH} /usr/bin/python3 setup.py egg_info --egg-base ../../../../../../build/examples_rclpy_minimal_publisher build --build-base /home/etern1ty/ros2_ws/build/examples_rclpy_minimal_publisher/build install --record /home/etern1ty/ros2_ws/build/examples_rclpy_minimal_publisher/install.log --single-version-externally-managed
[0.929s] running egg_info
[0.943s] writing ../../../../../../build/examples_rclpy_minimal_publisher/examples_rclpy_minimal_publisher.egg-info/PKG-INFO
[0.943s] writing dependency_links to ../../../../../../build/examples_rclpy_minimal_publisher/examples_rclpy_minimal_publisher.egg-info/dependency_links.txt
[0.944s] writing entry points to ../../../../../../build/examples_rclpy_minimal_publisher/examples_rclpy_minimal_publisher.egg-info/entry_points.txt
[0.944s] writing requirements to ../../../../../../build/examples_rclpy_minimal_publisher/examples_rclpy_minimal_publisher.egg-info/requires.txt
[0.944s] writing top-level names to ../../../../../../build/examples_rclpy_minimal_publisher/examples_rclpy_minimal_publisher.egg-info/top_level.txt
[0.971s] reading manifest file '../../../../../../build/examples_rclpy_minimal_publisher/examples_rclpy_minimal_publisher.egg-info/SOURCES.txt'
[0.973s] writing manifest file '../../../../../../build/examples_rclpy_minimal_publisher/examples_rclpy_minimal_publisher.egg-info/SOURCES.txt'
[0.974s] running build
[0.974s] running build_py
[0.974s] copying examples_rclpy_minimal_publisher/publisher_old_school.py -> /home/etern1ty/ros2_ws/build/examples_rclpy_minimal_publisher/build/lib/examples_rclpy_minimal_publisher
[0.974s] copying examples_rclpy_minimal_publisher/publisher_member_function.py -> /home/etern1ty/ros2_ws/build/examples_rclpy_minimal_publisher/build/lib/examples_rclpy_minimal_publisher
[0.974s] copying examples_rclpy_minimal_publisher/__init__.py -> /home/etern1ty/ros2_ws/build/examples_rclpy_minimal_publisher/build/lib/examples_rclpy_minimal_publisher
[0.974s] copying examples_rclpy_minimal_publisher/publisher_local_function.py -> /home/etern1ty/ros2_ws/build/examples_rclpy_minimal_publisher/build/lib/examples_rclpy_minimal_publisher
[0.975s] running install
[0.975s] /home/etern1ty/.local/lib/python3.10/site-packages/setuptools/_distutils/cmd.py:66: SetuptoolsDeprecationWarning: setup.py install is deprecated.
[0.975s] !!
[0.975s] 
[0.975s]         ********************************************************************************
[0.975s]         Please avoid running ``setup.py`` directly.
[0.976s]         Instead, use pypa/build, pypa/installer or other
[0.976s]         standards-based tools.
[0.976s] 
[0.976s]         See https://blog.ganssle.io/articles/2021/10/setup-py-deprecated.html for details.
[0.976s]         ********************************************************************************
[0.976s] 
[0.976s] !!
[0.976s]   self.initialize_options()
[0.979s] running install_lib
[0.994s] running install_data
[1.008s] copying resource/examples_rclpy_minimal_publisher -> /home/etern1ty/ros2_ws/install/examples_rclpy_minimal_publisher/share/ament_index/resource_index/packages
[1.008s] copying package.xml -> /home/etern1ty/ros2_ws/install/examples_rclpy_minimal_publisher/share/examples_rclpy_minimal_publisher
[1.008s] running install_egg_info
[1.024s] removing '/home/etern1ty/ros2_ws/install/examples_rclpy_minimal_publisher/lib/python3.10/site-packages/examples_rclpy_minimal_publisher-0.15.1-py3.10.egg-info' (and everything under it)
[1.024s] Copying ../../../../../../build/examples_rclpy_minimal_publisher/examples_rclpy_minimal_publisher.egg-info to /home/etern1ty/ros2_ws/install/examples_rclpy_minimal_publisher/lib/python3.10/site-packages/examples_rclpy_minimal_publisher-0.15.1-py3.10.egg-info
[1.024s] running install_scripts
[1.146s] Installing publisher_local_function script to /home/etern1ty/ros2_ws/install/examples_rclpy_minimal_publisher/lib/examples_rclpy_minimal_publisher
[1.146s] Installing publisher_member_function script to /home/etern1ty/ros2_ws/install/examples_rclpy_minimal_publisher/lib/examples_rclpy_minimal_publisher
[1.146s] Installing publisher_old_school script to /home/etern1ty/ros2_ws/install/examples_rclpy_minimal_publisher/lib/examples_rclpy_minimal_publisher
[1.146s] writing list of installed files to '/home/etern1ty/ros2_ws/build/examples_rclpy_minimal_publisher/install.log'
[1.300s] Invoked command in '/home/etern1ty/ros2_ws/src/src/examples/rclpy/topics/minimal_publisher' returned '0': PYTHONPATH=/home/etern1ty/ros2_ws/build/examples_rclpy_minimal_publisher/prefix_override:/home/etern1ty/ros2_ws/install/examples_rclpy_minimal_publisher/lib/python3.10/site-packages:${PYTHONPATH} /usr/bin/python3 setup.py egg_info --egg-base ../../../../../../build/examples_rclpy_minimal_publisher build --build-base /home/etern1ty/ros2_ws/build/examples_rclpy_minimal_publisher/build install --record /home/etern1ty/ros2_ws/build/examples_rclpy_minimal_publisher/install.log --single-version-externally-managed
