[0.840s] Invoking command in '/home/etern1ty/ros2_ws/src/src/examples/rclpy/services/minimal_service': PYTHONPATH=/home/etern1ty/ros2_ws/build/examples_rclpy_minimal_service/prefix_override:/home/etern1ty/ros2_ws/install/examples_rclpy_minimal_service/lib/python3.10/site-packages:${PYTHONPATH} /usr/bin/python3 setup.py egg_info --egg-base ../../../../../../build/examples_rclpy_minimal_service build --build-base /home/etern1ty/ros2_ws/build/examples_rclpy_minimal_service/build install --record /home/etern1ty/ros2_ws/build/examples_rclpy_minimal_service/install.log --single-version-externally-managed
[1.023s] running egg_info
[1.036s] writing ../../../../../../build/examples_rclpy_minimal_service/examples_rclpy_minimal_service.egg-info/PKG-INFO
[1.042s] writing dependency_links to ../../../../../../build/examples_rclpy_minimal_service/examples_rclpy_minimal_service.egg-info/dependency_links.txt
[1.042s] writing entry points to ../../../../../../build/examples_rclpy_minimal_service/examples_rclpy_minimal_service.egg-info/entry_points.txt
[1.042s] writing requirements to ../../../../../../build/examples_rclpy_minimal_service/examples_rclpy_minimal_service.egg-info/requires.txt
[1.043s] writing top-level names to ../../../../../../build/examples_rclpy_minimal_service/examples_rclpy_minimal_service.egg-info/top_level.txt
[1.071s] reading manifest file '../../../../../../build/examples_rclpy_minimal_service/examples_rclpy_minimal_service.egg-info/SOURCES.txt'
[1.072s] writing manifest file '../../../../../../build/examples_rclpy_minimal_service/examples_rclpy_minimal_service.egg-info/SOURCES.txt'
[1.072s] running build
[1.072s] running build_py
[1.072s] copying examples_rclpy_minimal_service/__init__.py -> /home/etern1ty/ros2_ws/build/examples_rclpy_minimal_service/build/lib/examples_rclpy_minimal_service
[1.072s] copying examples_rclpy_minimal_service/service.py -> /home/etern1ty/ros2_ws/build/examples_rclpy_minimal_service/build/lib/examples_rclpy_minimal_service
[1.073s] copying examples_rclpy_minimal_service/service_member_function.py -> /home/etern1ty/ros2_ws/build/examples_rclpy_minimal_service/build/lib/examples_rclpy_minimal_service
[1.073s] running install
[1.073s] /home/etern1ty/.local/lib/python3.10/site-packages/setuptools/_distutils/cmd.py:66: SetuptoolsDeprecationWarning: setup.py install is deprecated.
[1.074s] !!
[1.074s] 
[1.074s]         ********************************************************************************
[1.074s]         Please avoid running ``setup.py`` directly.
[1.074s]         Instead, use pypa/build, pypa/installer or other
[1.074s]         standards-based tools.
[1.074s] 
[1.074s]         See https://blog.ganssle.io/articles/2021/10/setup-py-deprecated.html for details.
[1.074s]         ********************************************************************************
[1.074s] 
[1.074s] !!
[1.074s]   self.initialize_options()
[1.078s] running install_lib
[1.093s] running install_data
[1.106s] copying resource/examples_rclpy_minimal_service -> /home/etern1ty/ros2_ws/install/examples_rclpy_minimal_service/share/ament_index/resource_index/packages
[1.107s] copying package.xml -> /home/etern1ty/ros2_ws/install/examples_rclpy_minimal_service/share/examples_rclpy_minimal_service
[1.107s] running install_egg_info
[1.121s] removing '/home/etern1ty/ros2_ws/install/examples_rclpy_minimal_service/lib/python3.10/site-packages/examples_rclpy_minimal_service-0.15.1-py3.10.egg-info' (and everything under it)
[1.121s] Copying ../../../../../../build/examples_rclpy_minimal_service/examples_rclpy_minimal_service.egg-info to /home/etern1ty/ros2_ws/install/examples_rclpy_minimal_service/lib/python3.10/site-packages/examples_rclpy_minimal_service-0.15.1-py3.10.egg-info
[1.122s] running install_scripts
[1.245s] Installing service script to /home/etern1ty/ros2_ws/install/examples_rclpy_minimal_service/lib/examples_rclpy_minimal_service
[1.250s] Installing service_member_function script to /home/etern1ty/ros2_ws/install/examples_rclpy_minimal_service/lib/examples_rclpy_minimal_service
[1.251s] writing list of installed files to '/home/etern1ty/ros2_ws/build/examples_rclpy_minimal_service/install.log'
[1.284s] Invoked command in '/home/etern1ty/ros2_ws/src/src/examples/rclpy/services/minimal_service' returned '0': PYTHONPATH=/home/etern1ty/ros2_ws/build/examples_rclpy_minimal_service/prefix_override:/home/etern1ty/ros2_ws/install/examples_rclpy_minimal_service/lib/python3.10/site-packages:${PYTHONPATH} /usr/bin/python3 setup.py egg_info --egg-base ../../../../../../build/examples_rclpy_minimal_service build --build-base /home/etern1ty/ros2_ws/build/examples_rclpy_minimal_service/build install --record /home/etern1ty/ros2_ws/build/examples_rclpy_minimal_service/install.log --single-version-externally-managed
