[0.755s] Invoking command in '/home/etern1ty/ros2_ws/src/src/examples/rclpy/topics/pointcloud_publisher': PYTHONPATH=/home/etern1ty/ros2_ws/build/examples_rclpy_pointcloud_publisher/prefix_override:/home/etern1ty/ros2_ws/install/examples_rclpy_pointcloud_publisher/lib/python3.10/site-packages:${PYTHONPATH} /usr/bin/python3 setup.py egg_info --egg-base ../../../../../../build/examples_rclpy_pointcloud_publisher build --build-base /home/etern1ty/ros2_ws/build/examples_rclpy_pointcloud_publisher/build install --record /home/etern1ty/ros2_ws/build/examples_rclpy_pointcloud_publisher/install.log --single-version-externally-managed
[0.974s] running egg_info
[0.975s] creating ../../../../../../build/examples_rclpy_pointcloud_publisher/examples_rclpy_pointcloud_publisher.egg-info
[0.975s] writing ../../../../../../build/examples_rclpy_pointcloud_publisher/examples_rclpy_pointcloud_publisher.egg-info/PKG-INFO
[0.975s] writing dependency_links to ../../../../../../build/examples_rclpy_pointcloud_publisher/examples_rclpy_pointcloud_publisher.egg-info/dependency_links.txt
[0.976s] writing entry points to ../../../../../../build/examples_rclpy_pointcloud_publisher/examples_rclpy_pointcloud_publisher.egg-info/entry_points.txt
[0.976s] writing requirements to ../../../../../../build/examples_rclpy_pointcloud_publisher/examples_rclpy_pointcloud_publisher.egg-info/requires.txt
[0.976s] writing top-level names to ../../../../../../build/examples_rclpy_pointcloud_publisher/examples_rclpy_pointcloud_publisher.egg-info/top_level.txt
[0.976s] writing manifest file '../../../../../../build/examples_rclpy_pointcloud_publisher/examples_rclpy_pointcloud_publisher.egg-info/SOURCES.txt'
[0.979s] reading manifest file '../../../../../../build/examples_rclpy_pointcloud_publisher/examples_rclpy_pointcloud_publisher.egg-info/SOURCES.txt'
[0.979s] writing manifest file '../../../../../../build/examples_rclpy_pointcloud_publisher/examples_rclpy_pointcloud_publisher.egg-info/SOURCES.txt'
[0.979s] running build
[0.979s] running build_py
[0.979s] creating /home/etern1ty/ros2_ws/build/examples_rclpy_pointcloud_publisher/build
[0.979s] creating /home/etern1ty/ros2_ws/build/examples_rclpy_pointcloud_publisher/build/lib
[0.979s] creating /home/etern1ty/ros2_ws/build/examples_rclpy_pointcloud_publisher/build/lib/examples_rclpy_pointcloud_publisher
[0.980s] copying examples_rclpy_pointcloud_publisher/__init__.py -> /home/etern1ty/ros2_ws/build/examples_rclpy_pointcloud_publisher/build/lib/examples_rclpy_pointcloud_publisher
[0.980s] copying examples_rclpy_pointcloud_publisher/pointcloud_publisher.py -> /home/etern1ty/ros2_ws/build/examples_rclpy_pointcloud_publisher/build/lib/examples_rclpy_pointcloud_publisher
[0.980s] running install
[0.980s] running install_lib
[0.981s] running install_data
[0.982s] running install_egg_info
[0.984s] removing '/home/etern1ty/ros2_ws/install/examples_rclpy_pointcloud_publisher/lib/python3.10/site-packages/examples_rclpy_pointcloud_publisher-0.15.1-py3.10.egg-info' (and everything under it)
[0.984s] Copying ../../../../../../build/examples_rclpy_pointcloud_publisher/examples_rclpy_pointcloud_publisher.egg-info to /home/etern1ty/ros2_ws/install/examples_rclpy_pointcloud_publisher/lib/python3.10/site-packages/examples_rclpy_pointcloud_publisher-0.15.1-py3.10.egg-info
[0.985s] running install_scripts
[1.003s] Installing pointcloud_publisher script to /home/etern1ty/ros2_ws/install/examples_rclpy_pointcloud_publisher/lib/examples_rclpy_pointcloud_publisher
[1.004s] writing list of installed files to '/home/etern1ty/ros2_ws/build/examples_rclpy_pointcloud_publisher/install.log'
[1.038s] Invoked command in '/home/etern1ty/ros2_ws/src/src/examples/rclpy/topics/pointcloud_publisher' returned '0': PYTHONPATH=/home/etern1ty/ros2_ws/build/examples_rclpy_pointcloud_publisher/prefix_override:/home/etern1ty/ros2_ws/install/examples_rclpy_pointcloud_publisher/lib/python3.10/site-packages:${PYTHONPATH} /usr/bin/python3 setup.py egg_info --egg-base ../../../../../../build/examples_rclpy_pointcloud_publisher build --build-base /home/etern1ty/ros2_ws/build/examples_rclpy_pointcloud_publisher/build install --record /home/etern1ty/ros2_ws/build/examples_rclpy_pointcloud_publisher/install.log --single-version-externally-managed
