[0.619s] DEBUG:colcon:Command line arguments: ['/home/etern1ty/.matlab/R2023b/ros2/glnxa64/venv/bin/colcon', 'build', '--merge-install', '--cmake-args', '-DCMAKE_BUILD_TYPE=Release', '-DCMAKE_SHARED_LINKER_FLAGS=-Wl,-no-as-needed', '-DBUILD_TESTING=OFF', '-DALIAS_ROS2_TF2=1', '-DCMAKE_CXX_FLAGS_RELEASE=-O0', '-G', 'Ninja']
[0.620s] DEBUG:colcon:Parsed command line arguments: Namespace(log_base=None, log_level=None, verb_name='build', build_base='build', install_base='install', merge_install=True, symlink_install=False, test_result_base=None, continue_on_error=False, executor='parallel', parallel_workers=12, event_handlers=None, ignore_user_meta=False, metas=['./colcon.meta'], base_paths=['.'], packages_ignore=None, packages_ignore_regex=None, paths=None, packages_up_to=None, packages_up_to_regex=None, packages_above=None, packages_above_and_dependencies=None, packages_above_depth=None, packages_select_by_dep=None, packages_skip_by_dep=None, packages_skip_up_to=None, packages_select_build_failed=False, packages_skip_build_finished=False, packages_select_test_failures=False, packages_skip_test_passed=False, packages_select=None, packages_skip=None, packages_select_regex=None, packages_skip_regex=None, packages_start=None, packages_end=None, cmake_args=['-DCMAKE_BUILD_TYPE=Release', '-DCMAKE_SHARED_LINKER_FLAGS=-Wl,-no-as-needed', '-DBUILD_TESTING=OFF', '-DALIAS_ROS2_TF2=1', '-DCMAKE_CXX_FLAGS_RELEASE=-O0', '-G', 'Ninja'], cmake_target=None, cmake_target_skip_unavailable=False, cmake_clean_cache=False, cmake_clean_first=False, cmake_force_configure=False, ament_cmake_args=None, catkin_cmake_args=None, catkin_skip_building_tests=False, verb_parser=<colcon_defaults.argument_parser.defaults.DefaultArgumentsDecorator object at 0x7f3f8db87070>, verb_extension=<colcon_core.verb.build.BuildVerb object at 0x7f3f8db118a0>, main=<bound method BuildVerb.main of <colcon_core.verb.build.BuildVerb object at 0x7f3f8db118a0>>)
[0.690s] Level 1:colcon.colcon_core.package_discovery:discover_packages(colcon_meta) check parameters
[0.690s] Level 1:colcon.colcon_core.package_discovery:discover_packages(recursive) check parameters
[0.690s] Level 1:colcon.colcon_core.package_discovery:discover_packages(ignore) check parameters
[0.690s] Level 1:colcon.colcon_core.package_discovery:discover_packages(path) check parameters
[0.690s] Level 1:colcon.colcon_core.package_discovery:discover_packages(colcon_meta) discover
[0.690s] Level 1:colcon.colcon_core.package_discovery:discover_packages(recursive) discover
[0.691s] INFO:colcon.colcon_core.package_discovery:Crawling recursively for packages in '/home/etern1ty/ros2_ws/matlab/custom/matlab_msg_gen/glnxa64'
[0.691s] Level 1:colcon.colcon_core.package_identification:_identify(.) by extensions ['ignore', 'ignore_ament_install']
[0.691s] Level 1:colcon.colcon_core.package_identification:_identify(.) by extension 'ignore'
[0.691s] Level 1:colcon.colcon_core.package_identification:_identify(.) by extension 'ignore_ament_install'
[0.691s] Level 1:colcon.colcon_core.package_identification:_identify(.) by extensions ['colcon_pkg']
[0.691s] Level 1:colcon.colcon_core.package_identification:_identify(.) by extension 'colcon_pkg'
[0.691s] Level 1:colcon.colcon_core.package_identification:_identify(.) by extensions ['colcon_meta']
[0.691s] Level 1:colcon.colcon_core.package_identification:_identify(.) by extension 'colcon_meta'
[0.691s] Level 1:colcon.colcon_core.package_identification:_identify(.) by extensions ['ros']
[0.691s] Level 1:colcon.colcon_core.package_identification:_identify(.) by extension 'ros'
[0.711s] Level 1:colcon.colcon_core.package_identification:_identify(.) by extensions ['cmake', 'python']
[0.711s] Level 1:colcon.colcon_core.package_identification:_identify(.) by extension 'cmake'
[0.711s] Level 1:colcon.colcon_core.package_identification:_identify(.) by extension 'python'
[0.711s] Level 1:colcon.colcon_core.package_identification:_identify(.) by extensions ['python_setup_py']
[0.711s] Level 1:colcon.colcon_core.package_identification:_identify(.) by extension 'python_setup_py'
[0.711s] Level 1:colcon.colcon_core.package_identification:_identify(build) by extensions ['ignore', 'ignore_ament_install']
[0.711s] Level 1:colcon.colcon_core.package_identification:_identify(build) by extension 'ignore'
[0.711s] Level 1:colcon.colcon_core.package_identification:_identify(build) ignored
[0.711s] Level 1:colcon.colcon_core.package_identification:_identify(install) by extensions ['ignore', 'ignore_ament_install']
[0.711s] Level 1:colcon.colcon_core.package_identification:_identify(install) by extension 'ignore'
[0.711s] Level 1:colcon.colcon_core.package_identification:_identify(install) ignored
[0.711s] Level 1:colcon.colcon_core.package_identification:_identify(log) by extensions ['ignore', 'ignore_ament_install']
[0.712s] Level 1:colcon.colcon_core.package_identification:_identify(log) by extension 'ignore'
[0.712s] Level 1:colcon.colcon_core.package_identification:_identify(log) ignored
[0.712s] Level 1:colcon.colcon_core.package_identification:_identify(src) by extensions ['ignore', 'ignore_ament_install']
[0.712s] Level 1:colcon.colcon_core.package_identification:_identify(src) by extension 'ignore'
[0.712s] Level 1:colcon.colcon_core.package_identification:_identify(src) by extension 'ignore_ament_install'
[0.712s] Level 1:colcon.colcon_core.package_identification:_identify(src) by extensions ['colcon_pkg']
[0.712s] Level 1:colcon.colcon_core.package_identification:_identify(src) by extension 'colcon_pkg'
[0.712s] Level 1:colcon.colcon_core.package_identification:_identify(src) by extensions ['colcon_meta']
[0.712s] Level 1:colcon.colcon_core.package_identification:_identify(src) by extension 'colcon_meta'
[0.712s] Level 1:colcon.colcon_core.package_identification:_identify(src) by extensions ['ros']
[0.712s] Level 1:colcon.colcon_core.package_identification:_identify(src) by extension 'ros'
[0.712s] Level 1:colcon.colcon_core.package_identification:_identify(src) by extensions ['cmake', 'python']
[0.712s] Level 1:colcon.colcon_core.package_identification:_identify(src) by extension 'cmake'
[0.712s] Level 1:colcon.colcon_core.package_identification:_identify(src) by extension 'python'
[0.712s] Level 1:colcon.colcon_core.package_identification:_identify(src) by extensions ['python_setup_py']
[0.712s] Level 1:colcon.colcon_core.package_identification:_identify(src) by extension 'python_setup_py'
[0.712s] Level 1:colcon.colcon_core.package_identification:_identify(src/interfaces) by extensions ['ignore', 'ignore_ament_install']
[0.712s] Level 1:colcon.colcon_core.package_identification:_identify(src/interfaces) by extension 'ignore'
[0.712s] Level 1:colcon.colcon_core.package_identification:_identify(src/interfaces) by extension 'ignore_ament_install'
[0.712s] Level 1:colcon.colcon_core.package_identification:_identify(src/interfaces) by extensions ['colcon_pkg']
[0.712s] Level 1:colcon.colcon_core.package_identification:_identify(src/interfaces) by extension 'colcon_pkg'
[0.712s] Level 1:colcon.colcon_core.package_identification:_identify(src/interfaces) by extensions ['colcon_meta']
[0.712s] Level 1:colcon.colcon_core.package_identification:_identify(src/interfaces) by extension 'colcon_meta'
[0.712s] Level 1:colcon.colcon_core.package_identification:_identify(src/interfaces) by extensions ['ros']
[0.712s] Level 1:colcon.colcon_core.package_identification:_identify(src/interfaces) by extension 'ros'
[0.716s] DEBUG:colcon.colcon_core.package_identification:Package 'src/interfaces' with type 'ros.ament_cmake' and name 'interfaces'
[0.716s] Level 1:colcon.colcon_core.package_identification:_identify(src/obj_msg) by extensions ['ignore', 'ignore_ament_install']
[0.716s] Level 1:colcon.colcon_core.package_identification:_identify(src/obj_msg) by extension 'ignore'
[0.716s] Level 1:colcon.colcon_core.package_identification:_identify(src/obj_msg) by extension 'ignore_ament_install'
[0.717s] Level 1:colcon.colcon_core.package_identification:_identify(src/obj_msg) by extensions ['colcon_pkg']
[0.717s] Level 1:colcon.colcon_core.package_identification:_identify(src/obj_msg) by extension 'colcon_pkg'
[0.717s] Level 1:colcon.colcon_core.package_identification:_identify(src/obj_msg) by extensions ['colcon_meta']
[0.717s] Level 1:colcon.colcon_core.package_identification:_identify(src/obj_msg) by extension 'colcon_meta'
[0.717s] Level 1:colcon.colcon_core.package_identification:_identify(src/obj_msg) by extensions ['ros']
[0.717s] Level 1:colcon.colcon_core.package_identification:_identify(src/obj_msg) by extension 'ros'
[0.717s] DEBUG:colcon.colcon_core.package_identification:Package 'src/obj_msg' with type 'ros.ament_cmake' and name 'obj_msg'
[0.717s] Level 1:colcon.colcon_core.package_discovery:discover_packages(recursive) using defaults
[0.717s] Level 1:colcon.colcon_core.package_discovery:discover_packages(ignore) discover
[0.717s] Level 1:colcon.colcon_core.package_discovery:discover_packages(ignore) using defaults
[0.718s] Level 1:colcon.colcon_core.package_discovery:discover_packages(path) discover
[0.718s] Level 1:colcon.colcon_core.package_discovery:discover_packages(path) using defaults
[0.760s] Level 5:colcon.colcon_core.verb:set package 'interfaces' build argument 'cmake_args' from command line to '['-DCMAKE_BUILD_TYPE=Release', '-DCMAKE_SHARED_LINKER_FLAGS=-Wl,-no-as-needed', '-DBUILD_TESTING=OFF', '-DALIAS_ROS2_TF2=1', '-DCMAKE_CXX_FLAGS_RELEASE=-O0', '-G', 'Ninja']'
[0.760s] Level 5:colcon.colcon_core.verb:set package 'interfaces' build argument 'cmake_target' from command line to 'None'
[0.760s] Level 5:colcon.colcon_core.verb:set package 'interfaces' build argument 'cmake_target_skip_unavailable' from command line to 'False'
[0.760s] Level 5:colcon.colcon_core.verb:set package 'interfaces' build argument 'cmake_clean_cache' from command line to 'False'
[0.760s] Level 5:colcon.colcon_core.verb:set package 'interfaces' build argument 'cmake_clean_first' from command line to 'False'
[0.760s] Level 5:colcon.colcon_core.verb:set package 'interfaces' build argument 'cmake_force_configure' from command line to 'False'
[0.760s] Level 5:colcon.colcon_core.verb:set package 'interfaces' build argument 'ament_cmake_args' from command line to 'None'
[0.760s] Level 5:colcon.colcon_core.verb:set package 'interfaces' build argument 'catkin_cmake_args' from command line to 'None'
[0.760s] Level 5:colcon.colcon_core.verb:set package 'interfaces' build argument 'catkin_skip_building_tests' from command line to 'False'
[0.760s] DEBUG:colcon.colcon_core.verb:Building package 'interfaces' with the following arguments: {'ament_cmake_args': None, 'build_base': '/home/etern1ty/ros2_ws/matlab/custom/matlab_msg_gen/glnxa64/build/interfaces', 'catkin_cmake_args': None, 'catkin_skip_building_tests': False, 'cmake_args': ['-DCMAKE_BUILD_TYPE=Release', '-DCMAKE_SHARED_LINKER_FLAGS=-Wl,-no-as-needed', '-DBUILD_TESTING=OFF', '-DALIAS_ROS2_TF2=1', '-DCMAKE_CXX_FLAGS_RELEASE=-O0', '-G', 'Ninja'], 'cmake_clean_cache': False, 'cmake_clean_first': False, 'cmake_force_configure': False, 'cmake_target': None, 'cmake_target_skip_unavailable': False, 'install_base': '/home/etern1ty/ros2_ws/matlab/custom/matlab_msg_gen/glnxa64/install', 'merge_install': True, 'path': '/home/etern1ty/ros2_ws/matlab/custom/matlab_msg_gen/glnxa64/src/interfaces', 'symlink_install': False, 'test_result_base': None}
[0.767s] Level 5:colcon.colcon_core.verb:set package 'obj_msg' build argument 'cmake_args' from command line to '['-DCMAKE_BUILD_TYPE=Release', '-DCMAKE_SHARED_LINKER_FLAGS=-Wl,-no-as-needed', '-DBUILD_TESTING=OFF', '-DALIAS_ROS2_TF2=1', '-DCMAKE_CXX_FLAGS_RELEASE=-O0', '-G', 'Ninja']'
[0.767s] Level 5:colcon.colcon_core.verb:set package 'obj_msg' build argument 'cmake_target' from command line to 'None'
[0.767s] Level 5:colcon.colcon_core.verb:set package 'obj_msg' build argument 'cmake_target_skip_unavailable' from command line to 'False'
[0.767s] Level 5:colcon.colcon_core.verb:set package 'obj_msg' build argument 'cmake_clean_cache' from command line to 'False'
[0.767s] Level 5:colcon.colcon_core.verb:set package 'obj_msg' build argument 'cmake_clean_first' from command line to 'False'
[0.767s] Level 5:colcon.colcon_core.verb:set package 'obj_msg' build argument 'cmake_force_configure' from command line to 'False'
[0.768s] Level 5:colcon.colcon_core.verb:set package 'obj_msg' build argument 'ament_cmake_args' from command line to 'None'
[0.768s] Level 5:colcon.colcon_core.verb:set package 'obj_msg' build argument 'catkin_cmake_args' from command line to 'None'
[0.768s] Level 5:colcon.colcon_core.verb:set package 'obj_msg' build argument 'catkin_skip_building_tests' from command line to 'False'
[0.768s] DEBUG:colcon.colcon_core.verb:Building package 'obj_msg' with the following arguments: {'ament_cmake_args': None, 'build_base': '/home/etern1ty/ros2_ws/matlab/custom/matlab_msg_gen/glnxa64/build/obj_msg', 'catkin_cmake_args': None, 'catkin_skip_building_tests': False, 'cmake_args': ['-DCMAKE_BUILD_TYPE=Release', '-DCMAKE_SHARED_LINKER_FLAGS=-Wl,-no-as-needed', '-DBUILD_TESTING=OFF', '-DALIAS_ROS2_TF2=1', '-DCMAKE_CXX_FLAGS_RELEASE=-O0', '-G', 'Ninja'], 'cmake_clean_cache': False, 'cmake_clean_first': False, 'cmake_force_configure': False, 'cmake_target': None, 'cmake_target_skip_unavailable': False, 'install_base': '/home/etern1ty/ros2_ws/matlab/custom/matlab_msg_gen/glnxa64/install', 'merge_install': True, 'path': '/home/etern1ty/ros2_ws/matlab/custom/matlab_msg_gen/glnxa64/src/obj_msg', 'symlink_install': False, 'test_result_base': None}
[0.769s] INFO:colcon.colcon_core.executor:Executing jobs using 'parallel' executor
[0.782s] DEBUG:colcon.colcon_parallel_executor.executor.parallel:run_until_complete
[0.782s] INFO:colcon.colcon_ros.task.ament_cmake.build:Building ROS package in '/home/etern1ty/ros2_ws/matlab/custom/matlab_msg_gen/glnxa64/src/interfaces' with build type 'ament_cmake'
[0.782s] INFO:colcon.colcon_cmake.task.cmake.build:Building CMake package in '/home/etern1ty/ros2_ws/matlab/custom/matlab_msg_gen/glnxa64/src/interfaces'
[0.792s] INFO:colcon.colcon_core.plugin_system:Skipping extension 'colcon_core.shell.bat': Not used on non-Windows systems
[0.792s] INFO:colcon.colcon_core.shell:Skip shell extension 'powershell' for command environment: Not usable outside of PowerShell
[0.792s] DEBUG:colcon.colcon_core.shell:Skip shell extension 'dsv' for command environment
[0.816s] INFO:colcon.colcon_ros.task.ament_cmake.build:Building ROS package in '/home/etern1ty/ros2_ws/matlab/custom/matlab_msg_gen/glnxa64/src/obj_msg' with build type 'ament_cmake'
[0.816s] INFO:colcon.colcon_cmake.task.cmake.build:Building CMake package in '/home/etern1ty/ros2_ws/matlab/custom/matlab_msg_gen/glnxa64/src/obj_msg'
[0.821s] INFO:colcon.colcon_core.shell:Skip shell extension 'powershell' for command environment: Not usable outside of PowerShell
[0.821s] DEBUG:colcon.colcon_core.shell:Skip shell extension 'dsv' for command environment
[0.858s] DEBUG:colcon.colcon_core.event_handler.log_command:Invoking command in '/home/etern1ty/ros2_ws/matlab/custom/matlab_msg_gen/glnxa64/build/interfaces': PS1=(venv) VIRTUAL_ENV_PROMPT=(venv) /usr/local/MATLAB/R2023b/bin/glnxa64/cmake/bin/cmake --build /home/etern1ty/ros2_ws/matlab/custom/matlab_msg_gen/glnxa64/build/interfaces -- -j12 -l12
[0.864s] DEBUG:colcon.colcon_core.event_handler.log_command:Invoking command in '/home/etern1ty/ros2_ws/matlab/custom/matlab_msg_gen/glnxa64/build/obj_msg': PS1=(venv) VIRTUAL_ENV_PROMPT=(venv) /usr/local/MATLAB/R2023b/bin/glnxa64/cmake/bin/cmake --build /home/etern1ty/ros2_ws/matlab/custom/matlab_msg_gen/glnxa64/build/obj_msg -- -j12 -l12
[0.910s] DEBUG:colcon.colcon_core.event_handler.log_command:Invoked command in '/home/etern1ty/ros2_ws/matlab/custom/matlab_msg_gen/glnxa64/build/interfaces' returned '0': PS1=(venv) VIRTUAL_ENV_PROMPT=(venv) /usr/local/MATLAB/R2023b/bin/glnxa64/cmake/bin/cmake --build /home/etern1ty/ros2_ws/matlab/custom/matlab_msg_gen/glnxa64/build/interfaces -- -j12 -l12
[0.934s] DEBUG:colcon.colcon_core.event_handler.log_command:Invoking command in '/home/etern1ty/ros2_ws/matlab/custom/matlab_msg_gen/glnxa64/build/interfaces': PS1=(venv) VIRTUAL_ENV_PROMPT=(venv) /usr/local/MATLAB/R2023b/bin/glnxa64/cmake/bin/cmake --install /home/etern1ty/ros2_ws/matlab/custom/matlab_msg_gen/glnxa64/build/interfaces
[0.946s] Level 1:colcon.colcon_core.environment:create_environment_scripts_only(interfaces)
[0.947s] DEBUG:colcon.colcon_core.event_handler.log_command:Invoked command in '/home/etern1ty/ros2_ws/matlab/custom/matlab_msg_gen/glnxa64/build/interfaces' returned '0': PS1=(venv) VIRTUAL_ENV_PROMPT=(venv) /usr/local/MATLAB/R2023b/bin/glnxa64/cmake/bin/cmake --install /home/etern1ty/ros2_ws/matlab/custom/matlab_msg_gen/glnxa64/build/interfaces
[0.957s] Level 1:colcon.colcon_core.environment:checking '/home/etern1ty/ros2_ws/matlab/custom/matlab_msg_gen/glnxa64/install' for CMake module files
[0.957s] Level 1:colcon.colcon_core.environment:checking '/home/etern1ty/ros2_ws/matlab/custom/matlab_msg_gen/glnxa64/install' for CMake config files
[0.958s] Level 1:colcon.colcon_core.shell:create_environment_hook('interfaces', 'cmake_prefix_path')
[0.963s] INFO:colcon.colcon_core.shell:Creating environment hook '/home/etern1ty/ros2_ws/matlab/custom/matlab_msg_gen/glnxa64/install/share/interfaces/hook/cmake_prefix_path.ps1'
[0.964s] INFO:colcon.colcon_core.shell:Creating environment descriptor '/home/etern1ty/ros2_ws/matlab/custom/matlab_msg_gen/glnxa64/install/share/interfaces/hook/cmake_prefix_path.dsv'
[0.964s] INFO:colcon.colcon_core.shell:Creating environment hook '/home/etern1ty/ros2_ws/matlab/custom/matlab_msg_gen/glnxa64/install/share/interfaces/hook/cmake_prefix_path.sh'
[0.965s] Level 1:colcon.colcon_core.environment:checking '/home/etern1ty/ros2_ws/matlab/custom/matlab_msg_gen/glnxa64/install/lib'
[0.965s] Level 1:colcon.colcon_core.shell:create_environment_hook('interfaces', 'ld_library_path_lib')
[0.970s] INFO:colcon.colcon_core.shell:Creating environment hook '/home/etern1ty/ros2_ws/matlab/custom/matlab_msg_gen/glnxa64/install/share/interfaces/hook/ld_library_path_lib.ps1'
[0.971s] INFO:colcon.colcon_core.shell:Creating environment descriptor '/home/etern1ty/ros2_ws/matlab/custom/matlab_msg_gen/glnxa64/install/share/interfaces/hook/ld_library_path_lib.dsv'
[0.972s] INFO:colcon.colcon_core.shell:Creating environment hook '/home/etern1ty/ros2_ws/matlab/custom/matlab_msg_gen/glnxa64/install/share/interfaces/hook/ld_library_path_lib.sh'
[0.972s] Level 1:colcon.colcon_core.environment:checking '/home/etern1ty/ros2_ws/matlab/custom/matlab_msg_gen/glnxa64/install/bin'
[0.972s] Level 1:colcon.colcon_core.environment:checking '/home/etern1ty/ros2_ws/matlab/custom/matlab_msg_gen/glnxa64/install/lib/pkgconfig/interfaces.pc'
[0.973s] Level 1:colcon.colcon_core.environment:checking '/home/etern1ty/ros2_ws/matlab/custom/matlab_msg_gen/glnxa64/install/lib/python3.10/site-packages'
[0.973s] Level 1:colcon.colcon_core.environment:checking '/home/etern1ty/ros2_ws/matlab/custom/matlab_msg_gen/glnxa64/install/bin'
[0.979s] INFO:colcon.colcon_core.shell:Creating package script '/home/etern1ty/ros2_ws/matlab/custom/matlab_msg_gen/glnxa64/install/share/interfaces/package.ps1'
[0.980s] INFO:colcon.colcon_core.shell:Creating package descriptor '/home/etern1ty/ros2_ws/matlab/custom/matlab_msg_gen/glnxa64/install/share/interfaces/package.dsv'
[0.980s] INFO:colcon.colcon_core.shell:Creating package script '/home/etern1ty/ros2_ws/matlab/custom/matlab_msg_gen/glnxa64/install/share/interfaces/package.sh'
[0.981s] INFO:colcon.colcon_core.shell:Creating package script '/home/etern1ty/ros2_ws/matlab/custom/matlab_msg_gen/glnxa64/install/share/interfaces/package.bash'
[0.982s] INFO:colcon.colcon_core.shell:Creating package script '/home/etern1ty/ros2_ws/matlab/custom/matlab_msg_gen/glnxa64/install/share/interfaces/package.zsh'
[0.983s] Level 1:colcon.colcon_core.environment:create_file_with_runtime_dependencies(/home/etern1ty/ros2_ws/matlab/custom/matlab_msg_gen/glnxa64/install/share/colcon-core/packages/interfaces)
[1.007s] Level 1:colcon.colcon_core.environment:create_environment_scripts_only(interfaces)
[1.013s] Level 1:colcon.colcon_core.environment:checking '/home/etern1ty/ros2_ws/matlab/custom/matlab_msg_gen/glnxa64/install' for CMake module files
[1.014s] Level 1:colcon.colcon_core.environment:checking '/home/etern1ty/ros2_ws/matlab/custom/matlab_msg_gen/glnxa64/install' for CMake config files
[1.014s] Level 1:colcon.colcon_core.shell:create_environment_hook('interfaces', 'cmake_prefix_path')
[1.019s] INFO:colcon.colcon_core.shell:Creating environment hook '/home/etern1ty/ros2_ws/matlab/custom/matlab_msg_gen/glnxa64/install/share/interfaces/hook/cmake_prefix_path.ps1'
[1.020s] INFO:colcon.colcon_core.shell:Creating environment descriptor '/home/etern1ty/ros2_ws/matlab/custom/matlab_msg_gen/glnxa64/install/share/interfaces/hook/cmake_prefix_path.dsv'
[1.020s] INFO:colcon.colcon_core.shell:Creating environment hook '/home/etern1ty/ros2_ws/matlab/custom/matlab_msg_gen/glnxa64/install/share/interfaces/hook/cmake_prefix_path.sh'
[1.021s] Level 1:colcon.colcon_core.environment:checking '/home/etern1ty/ros2_ws/matlab/custom/matlab_msg_gen/glnxa64/install/lib'
[1.021s] Level 1:colcon.colcon_core.shell:create_environment_hook('interfaces', 'ld_library_path_lib')
[1.026s] INFO:colcon.colcon_core.shell:Creating environment hook '/home/etern1ty/ros2_ws/matlab/custom/matlab_msg_gen/glnxa64/install/share/interfaces/hook/ld_library_path_lib.ps1'
[1.027s] INFO:colcon.colcon_core.shell:Creating environment descriptor '/home/etern1ty/ros2_ws/matlab/custom/matlab_msg_gen/glnxa64/install/share/interfaces/hook/ld_library_path_lib.dsv'
[1.027s] INFO:colcon.colcon_core.shell:Creating environment hook '/home/etern1ty/ros2_ws/matlab/custom/matlab_msg_gen/glnxa64/install/share/interfaces/hook/ld_library_path_lib.sh'
[1.028s] Level 1:colcon.colcon_core.environment:checking '/home/etern1ty/ros2_ws/matlab/custom/matlab_msg_gen/glnxa64/install/bin'
[1.028s] Level 1:colcon.colcon_core.environment:checking '/home/etern1ty/ros2_ws/matlab/custom/matlab_msg_gen/glnxa64/install/lib/pkgconfig/interfaces.pc'
[1.028s] Level 1:colcon.colcon_core.environment:checking '/home/etern1ty/ros2_ws/matlab/custom/matlab_msg_gen/glnxa64/install/lib/python3.10/site-packages'
[1.028s] Level 1:colcon.colcon_core.environment:checking '/home/etern1ty/ros2_ws/matlab/custom/matlab_msg_gen/glnxa64/install/bin'
[1.033s] INFO:colcon.colcon_core.shell:Creating package script '/home/etern1ty/ros2_ws/matlab/custom/matlab_msg_gen/glnxa64/install/share/interfaces/package.ps1'
[1.034s] INFO:colcon.colcon_core.shell:Creating package descriptor '/home/etern1ty/ros2_ws/matlab/custom/matlab_msg_gen/glnxa64/install/share/interfaces/package.dsv'
[1.035s] INFO:colcon.colcon_core.shell:Creating package script '/home/etern1ty/ros2_ws/matlab/custom/matlab_msg_gen/glnxa64/install/share/interfaces/package.sh'
[1.035s] INFO:colcon.colcon_core.shell:Creating package script '/home/etern1ty/ros2_ws/matlab/custom/matlab_msg_gen/glnxa64/install/share/interfaces/package.bash'
[1.035s] INFO:colcon.colcon_core.shell:Creating package script '/home/etern1ty/ros2_ws/matlab/custom/matlab_msg_gen/glnxa64/install/share/interfaces/package.zsh'
[1.036s] Level 1:colcon.colcon_core.environment:create_file_with_runtime_dependencies(/home/etern1ty/ros2_ws/matlab/custom/matlab_msg_gen/glnxa64/install/share/colcon-core/packages/interfaces)
[1.869s] DEBUG:colcon.colcon_core.event_handler.log_command:Invoked command in '/home/etern1ty/ros2_ws/matlab/custom/matlab_msg_gen/glnxa64/build/obj_msg' returned '0': PS1=(venv) VIRTUAL_ENV_PROMPT=(venv) /usr/local/MATLAB/R2023b/bin/glnxa64/cmake/bin/cmake --build /home/etern1ty/ros2_ws/matlab/custom/matlab_msg_gen/glnxa64/build/obj_msg -- -j12 -l12
[1.890s] DEBUG:colcon.colcon_core.event_handler.log_command:Invoking command in '/home/etern1ty/ros2_ws/matlab/custom/matlab_msg_gen/glnxa64/build/obj_msg': PS1=(venv) VIRTUAL_ENV_PROMPT=(venv) /usr/local/MATLAB/R2023b/bin/glnxa64/cmake/bin/cmake --install /home/etern1ty/ros2_ws/matlab/custom/matlab_msg_gen/glnxa64/build/obj_msg
[1.902s] Level 1:colcon.colcon_core.environment:create_environment_scripts_only(obj_msg)
[1.903s] DEBUG:colcon.colcon_core.event_handler.log_command:Invoked command in '/home/etern1ty/ros2_ws/matlab/custom/matlab_msg_gen/glnxa64/build/obj_msg' returned '0': PS1=(venv) VIRTUAL_ENV_PROMPT=(venv) /usr/local/MATLAB/R2023b/bin/glnxa64/cmake/bin/cmake --install /home/etern1ty/ros2_ws/matlab/custom/matlab_msg_gen/glnxa64/build/obj_msg
[1.909s] Level 1:colcon.colcon_core.environment:checking '/home/etern1ty/ros2_ws/matlab/custom/matlab_msg_gen/glnxa64/install' for CMake module files
[1.910s] Level 1:colcon.colcon_core.environment:checking '/home/etern1ty/ros2_ws/matlab/custom/matlab_msg_gen/glnxa64/install' for CMake config files
[1.910s] Level 1:colcon.colcon_core.shell:create_environment_hook('obj_msg', 'cmake_prefix_path')
[1.915s] INFO:colcon.colcon_core.shell:Creating environment hook '/home/etern1ty/ros2_ws/matlab/custom/matlab_msg_gen/glnxa64/install/share/obj_msg/hook/cmake_prefix_path.ps1'
[1.916s] INFO:colcon.colcon_core.shell:Creating environment descriptor '/home/etern1ty/ros2_ws/matlab/custom/matlab_msg_gen/glnxa64/install/share/obj_msg/hook/cmake_prefix_path.dsv'
[1.916s] INFO:colcon.colcon_core.shell:Creating environment hook '/home/etern1ty/ros2_ws/matlab/custom/matlab_msg_gen/glnxa64/install/share/obj_msg/hook/cmake_prefix_path.sh'
[1.916s] Level 1:colcon.colcon_core.environment:checking '/home/etern1ty/ros2_ws/matlab/custom/matlab_msg_gen/glnxa64/install/lib'
[1.917s] Level 1:colcon.colcon_core.shell:create_environment_hook('obj_msg', 'ld_library_path_lib')
[1.922s] INFO:colcon.colcon_core.shell:Creating environment hook '/home/etern1ty/ros2_ws/matlab/custom/matlab_msg_gen/glnxa64/install/share/obj_msg/hook/ld_library_path_lib.ps1'
[1.922s] INFO:colcon.colcon_core.shell:Creating environment descriptor '/home/etern1ty/ros2_ws/matlab/custom/matlab_msg_gen/glnxa64/install/share/obj_msg/hook/ld_library_path_lib.dsv'
[1.922s] INFO:colcon.colcon_core.shell:Creating environment hook '/home/etern1ty/ros2_ws/matlab/custom/matlab_msg_gen/glnxa64/install/share/obj_msg/hook/ld_library_path_lib.sh'
[1.923s] Level 1:colcon.colcon_core.environment:checking '/home/etern1ty/ros2_ws/matlab/custom/matlab_msg_gen/glnxa64/install/bin'
[1.923s] Level 1:colcon.colcon_core.environment:checking '/home/etern1ty/ros2_ws/matlab/custom/matlab_msg_gen/glnxa64/install/lib/pkgconfig/obj_msg.pc'
[1.923s] Level 1:colcon.colcon_core.environment:checking '/home/etern1ty/ros2_ws/matlab/custom/matlab_msg_gen/glnxa64/install/lib/python3.10/site-packages'
[1.923s] Level 1:colcon.colcon_core.environment:checking '/home/etern1ty/ros2_ws/matlab/custom/matlab_msg_gen/glnxa64/install/bin'
[1.928s] INFO:colcon.colcon_core.shell:Creating package script '/home/etern1ty/ros2_ws/matlab/custom/matlab_msg_gen/glnxa64/install/share/obj_msg/package.ps1'
[1.929s] INFO:colcon.colcon_core.shell:Creating package descriptor '/home/etern1ty/ros2_ws/matlab/custom/matlab_msg_gen/glnxa64/install/share/obj_msg/package.dsv'
[1.929s] INFO:colcon.colcon_core.shell:Creating package script '/home/etern1ty/ros2_ws/matlab/custom/matlab_msg_gen/glnxa64/install/share/obj_msg/package.sh'
[1.930s] INFO:colcon.colcon_core.shell:Creating package script '/home/etern1ty/ros2_ws/matlab/custom/matlab_msg_gen/glnxa64/install/share/obj_msg/package.bash'
[1.930s] INFO:colcon.colcon_core.shell:Creating package script '/home/etern1ty/ros2_ws/matlab/custom/matlab_msg_gen/glnxa64/install/share/obj_msg/package.zsh'
[1.930s] Level 1:colcon.colcon_core.environment:create_file_with_runtime_dependencies(/home/etern1ty/ros2_ws/matlab/custom/matlab_msg_gen/glnxa64/install/share/colcon-core/packages/obj_msg)
[1.953s] Level 1:colcon.colcon_core.environment:create_environment_scripts_only(obj_msg)
[1.959s] Level 1:colcon.colcon_core.environment:checking '/home/etern1ty/ros2_ws/matlab/custom/matlab_msg_gen/glnxa64/install' for CMake module files
[1.960s] Level 1:colcon.colcon_core.environment:checking '/home/etern1ty/ros2_ws/matlab/custom/matlab_msg_gen/glnxa64/install' for CMake config files
[1.960s] Level 1:colcon.colcon_core.shell:create_environment_hook('obj_msg', 'cmake_prefix_path')
[1.965s] INFO:colcon.colcon_core.shell:Creating environment hook '/home/etern1ty/ros2_ws/matlab/custom/matlab_msg_gen/glnxa64/install/share/obj_msg/hook/cmake_prefix_path.ps1'
[1.966s] INFO:colcon.colcon_core.shell:Creating environment descriptor '/home/etern1ty/ros2_ws/matlab/custom/matlab_msg_gen/glnxa64/install/share/obj_msg/hook/cmake_prefix_path.dsv'
[1.966s] INFO:colcon.colcon_core.shell:Creating environment hook '/home/etern1ty/ros2_ws/matlab/custom/matlab_msg_gen/glnxa64/install/share/obj_msg/hook/cmake_prefix_path.sh'
[1.967s] Level 1:colcon.colcon_core.environment:checking '/home/etern1ty/ros2_ws/matlab/custom/matlab_msg_gen/glnxa64/install/lib'
[1.967s] Level 1:colcon.colcon_core.shell:create_environment_hook('obj_msg', 'ld_library_path_lib')
[1.972s] INFO:colcon.colcon_core.shell:Creating environment hook '/home/etern1ty/ros2_ws/matlab/custom/matlab_msg_gen/glnxa64/install/share/obj_msg/hook/ld_library_path_lib.ps1'
[1.972s] INFO:colcon.colcon_core.shell:Creating environment descriptor '/home/etern1ty/ros2_ws/matlab/custom/matlab_msg_gen/glnxa64/install/share/obj_msg/hook/ld_library_path_lib.dsv'
[1.973s] INFO:colcon.colcon_core.shell:Creating environment hook '/home/etern1ty/ros2_ws/matlab/custom/matlab_msg_gen/glnxa64/install/share/obj_msg/hook/ld_library_path_lib.sh'
[1.973s] Level 1:colcon.colcon_core.environment:checking '/home/etern1ty/ros2_ws/matlab/custom/matlab_msg_gen/glnxa64/install/bin'
[1.973s] Level 1:colcon.colcon_core.environment:checking '/home/etern1ty/ros2_ws/matlab/custom/matlab_msg_gen/glnxa64/install/lib/pkgconfig/obj_msg.pc'
[1.973s] Level 1:colcon.colcon_core.environment:checking '/home/etern1ty/ros2_ws/matlab/custom/matlab_msg_gen/glnxa64/install/lib/python3.10/site-packages'
[1.973s] Level 1:colcon.colcon_core.environment:checking '/home/etern1ty/ros2_ws/matlab/custom/matlab_msg_gen/glnxa64/install/bin'
[1.978s] INFO:colcon.colcon_core.shell:Creating package script '/home/etern1ty/ros2_ws/matlab/custom/matlab_msg_gen/glnxa64/install/share/obj_msg/package.ps1'
[1.979s] INFO:colcon.colcon_core.shell:Creating package descriptor '/home/etern1ty/ros2_ws/matlab/custom/matlab_msg_gen/glnxa64/install/share/obj_msg/package.dsv'
[1.979s] INFO:colcon.colcon_core.shell:Creating package script '/home/etern1ty/ros2_ws/matlab/custom/matlab_msg_gen/glnxa64/install/share/obj_msg/package.sh'
[1.980s] INFO:colcon.colcon_core.shell:Creating package script '/home/etern1ty/ros2_ws/matlab/custom/matlab_msg_gen/glnxa64/install/share/obj_msg/package.bash'
[1.980s] INFO:colcon.colcon_core.shell:Creating package script '/home/etern1ty/ros2_ws/matlab/custom/matlab_msg_gen/glnxa64/install/share/obj_msg/package.zsh'
[1.980s] Level 1:colcon.colcon_core.environment:create_file_with_runtime_dependencies(/home/etern1ty/ros2_ws/matlab/custom/matlab_msg_gen/glnxa64/install/share/colcon-core/packages/obj_msg)
[1.981s] DEBUG:colcon.colcon_parallel_executor.executor.parallel:closing loop
[1.981s] DEBUG:colcon.colcon_parallel_executor.executor.parallel:loop closed
[1.981s] DEBUG:colcon.colcon_parallel_executor.executor.parallel:run_until_complete finished with '0'
[1.981s] DEBUG:colcon.colcon_core.event_reactor:joining thread
[1.987s] INFO:colcon.colcon_core.plugin_system:Skipping extension 'colcon_notification.desktop_notification.notify2': 'notify2' not found
[1.987s] INFO:colcon.colcon_core.plugin_system:Skipping extension 'colcon_notification.desktop_notification.terminal_notifier': Not used on non-Darwin systems
[1.987s] INFO:colcon.colcon_core.plugin_system:Skipping extension 'colcon_notification.desktop_notification.win32': Not used on non-Windows systems
[1.987s] INFO:colcon.colcon_notification.desktop_notification:Sending desktop notification using 'notify_send'
[2.012s] DEBUG:colcon.colcon_core.event_reactor:joined thread
[2.018s] INFO:colcon.colcon_core.shell:Creating prefix script '/home/etern1ty/ros2_ws/matlab/custom/matlab_msg_gen/glnxa64/install/local_setup.ps1'
[2.019s] INFO:colcon.colcon_core.shell:Creating prefix util module '/home/etern1ty/ros2_ws/matlab/custom/matlab_msg_gen/glnxa64/install/_local_setup_util_ps1.py'
[2.020s] INFO:colcon.colcon_core.shell:Creating prefix chain script '/home/etern1ty/ros2_ws/matlab/custom/matlab_msg_gen/glnxa64/install/setup.ps1'
[2.025s] INFO:colcon.colcon_core.shell:Creating prefix script '/home/etern1ty/ros2_ws/matlab/custom/matlab_msg_gen/glnxa64/install/local_setup.sh'
[2.026s] INFO:colcon.colcon_core.shell:Creating prefix util module '/home/etern1ty/ros2_ws/matlab/custom/matlab_msg_gen/glnxa64/install/_local_setup_util_sh.py'
[2.026s] INFO:colcon.colcon_core.shell:Creating prefix chain script '/home/etern1ty/ros2_ws/matlab/custom/matlab_msg_gen/glnxa64/install/setup.sh'
[2.031s] INFO:colcon.colcon_core.shell:Creating prefix script '/home/etern1ty/ros2_ws/matlab/custom/matlab_msg_gen/glnxa64/install/local_setup.bash'
[2.032s] INFO:colcon.colcon_core.shell:Creating prefix chain script '/home/etern1ty/ros2_ws/matlab/custom/matlab_msg_gen/glnxa64/install/setup.bash'
[2.036s] INFO:colcon.colcon_core.shell:Creating prefix script '/home/etern1ty/ros2_ws/matlab/custom/matlab_msg_gen/glnxa64/install/local_setup.zsh'
[2.037s] INFO:colcon.colcon_core.shell:Creating prefix chain script '/home/etern1ty/ros2_ws/matlab/custom/matlab_msg_gen/glnxa64/install/setup.zsh'
