[0.072s] Invoking command in '/home/etern1ty/ros2_ws/build/custom_msg_pub': CMAKE_PREFIX_PATH=${CMAKE_PREFIX_PATH}:/home/etern1ty/ros2_ws/install/launch_testing_examples:/home/etern1ty/ros2_ws/install/examples_rclpy_pointcloud_publisher:/home/etern1ty/ros2_ws/install/examples_rclpy_minimal_subscriber:/home/etern1ty/ros2_ws/install/examples_rclpy_minimal_service:/home/etern1ty/ros2_ws/install/examples_rclpy_minimal_publisher:/home/etern1ty/ros2_ws/install/examples_rclpy_minimal_client:/home/etern1ty/ros2_ws/install/examples_rclpy_minimal_action_server:/home/etern1ty/ros2_ws/install/examples_rclpy_minimal_action_client:/home/etern1ty/ros2_ws/install/examples_rclpy_guard_conditions:/home/etern1ty/ros2_ws/install/examples_rclpy_executors:/opt/ros/humble /usr/bin/cmake --build /home/etern1ty/ros2_ws/build/custom_msg_pub -- -j12 -l12
[0.132s] -- Found ament_cmake: 1.3.7 (/opt/ros/humble/share/ament_cmake/cmake)
[0.302s] -- Found rosidl_default_generators: 1.2.0 (/opt/ros/humble/share/rosidl_default_generators/cmake)
[0.308s] -- Using all available rosidl_typesupport_c: rosidl_typesupport_fastrtps_c;rosidl_typesupport_introspection_c
[0.311s] -- Found rosidl_adapter: 3.1.5 (/opt/ros/humble/share/rosidl_adapter/cmake)
[0.349s] -- Using all available rosidl_typesupport_cpp: rosidl_typesupport_fastrtps_cpp;rosidl_typesupport_introspection_cpp
[0.635s] -- Found ament_cmake_ros: 0.10.0 (/opt/ros/humble/share/ament_cmake_ros/cmake)
[0.824s] -- Using all available rosidl_typesupport_c: rosidl_typesupport_fastrtps_c;rosidl_typesupport_introspection_c
[1.079s] -- Using all available rosidl_typesupport_cpp: rosidl_typesupport_fastrtps_cpp;rosidl_typesupport_introspection_cpp
[1.103s] -- Found python_cmake_module: 0.10.0 (/opt/ros/humble/share/python_cmake_module/cmake)
[1.129s] -- Using PYTHON_EXECUTABLE: /usr/bin/python3
[1.129s] -- Using PYTHON_INCLUDE_DIRS: /usr/include/python3.10
[1.129s] -- Using PYTHON_LIBRARIES: /usr/lib/x86_64-linux-gnu/libpython3.10.so
[1.148s] -- Found ament_lint_auto: 0.12.10 (/opt/ros/humble/share/ament_lint_auto/cmake)
[1.163s] -- Added test 'cppcheck' to perform static code analysis on C / C++ code
[1.163s] -- Configured cppcheck include dirs: 
[1.163s] -- Configured cppcheck exclude dirs and/or files: 
[1.165s] -- Added test 'lint_cmake' to check CMake code style
[1.166s] -- Added test 'uncrustify' to check C / C++ code style
[1.166s] -- Configured uncrustify additional arguments: 
[1.167s] -- Added test 'xmllint' to check XML markup files
[1.170s] -- Configuring done
[1.206s] -- Generating done
[1.209s] -- Build files have been written to: /home/etern1ty/ros2_ws/build/custom_msg_pub
[1.239s] [  3%] [34m[1mGenerating C code for ROS interfaces[0m
[1.253s] [  6%] [34m[1mGenerating C++ code for ROS interfaces[0m
[1.264s] [  6%] Built target ament_cmake_python_copy_custom_msg_pub
[1.473s] [35m[1mConsolidate compiler generated dependencies of target custom_msg_pub__rosidl_generator_c[0m
[1.483s] [  6%] Built target custom_msg_pub__cpp
[1.490s] [  9%] [32mBuilding C object CMakeFiles/custom_msg_pub__rosidl_generator_c.dir/rosidl_generator_c/custom_msg_pub/msg/detail/num__functions.c.o[0m
[1.496s] [ 12%] [34m[1mGenerating C++ introspection for ROS interfaces[0m
[1.496s] [ 16%] [34m[1mGenerating C++ type support for eProsima Fast-RTPS[0m
[1.498s] [ 19%] [34m[1mGenerating C++ type support dispatch for ROS interfaces[0m
[1.529s] running egg_info
[1.530s] writing custom_msg_pub.egg-info/PKG-INFO
[1.530s] writing dependency_links to custom_msg_pub.egg-info/dependency_links.txt
[1.531s] writing top-level names to custom_msg_pub.egg-info/top_level.txt
[1.535s] reading manifest file 'custom_msg_pub.egg-info/SOURCES.txt'
[1.535s] writing manifest file 'custom_msg_pub.egg-info/SOURCES.txt'
[1.565s] [ 22%] [32m[1mLinking C shared library libcustom_msg_pub__rosidl_generator_c.so[0m
[1.586s] [ 22%] Built target ament_cmake_python_build_custom_msg_pub_egg
[1.618s] [ 22%] Built target custom_msg_pub__rosidl_generator_c
[1.633s] [ 29%] [34m[1mGenerating C type support dispatch for ROS interfaces[0m
[1.633s] [ 29%] [34m[1mGenerating C introspection for ROS interfaces[0m
[1.635s] [ 32%] [34m[1mGenerating C type support for eProsima Fast-RTPS[0m
[1.757s] [35m[1mConsolidate compiler generated dependencies of target custom_msg_pub__rosidl_typesupport_cpp[0m
[1.760s] [35m[1mConsolidate compiler generated dependencies of target custom_msg_pub__rosidl_typesupport_introspection_cpp[0m
[1.768s] [35m[1mConsolidate compiler generated dependencies of target custom_msg_pub__rosidl_typesupport_fastrtps_cpp[0m
[1.778s] [ 35%] [32mBuilding CXX object CMakeFiles/custom_msg_pub__rosidl_typesupport_cpp.dir/rosidl_typesupport_cpp/custom_msg_pub/msg/num__type_support.cpp.o[0m
[1.782s] [ 38%] [32mBuilding CXX object CMakeFiles/custom_msg_pub__rosidl_typesupport_introspection_cpp.dir/rosidl_typesupport_introspection_cpp/custom_msg_pub/msg/detail/num__type_support.cpp.o[0m
[1.788s] [ 41%] [32mBuilding CXX object CMakeFiles/custom_msg_pub__rosidl_typesupport_fastrtps_cpp.dir/rosidl_typesupport_fastrtps_cpp/custom_msg_pub/msg/detail/dds_fastrtps/num__type_support.cpp.o[0m
[1.910s] [35m[1mConsolidate compiler generated dependencies of target custom_msg_pub__rosidl_typesupport_fastrtps_c[0m
[1.929s] [ 45%] [32mBuilding CXX object CMakeFiles/custom_msg_pub__rosidl_typesupport_fastrtps_c.dir/rosidl_typesupport_fastrtps_c/custom_msg_pub/msg/detail/num__type_support_c.cpp.o[0m
[1.999s] [35m[1mConsolidate compiler generated dependencies of target custom_msg_pub__rosidl_typesupport_c[0m
[2.018s] [35m[1mConsolidate compiler generated dependencies of target custom_msg_pub__rosidl_typesupport_introspection_c[0m
[2.019s] [ 48%] [32mBuilding CXX object CMakeFiles/custom_msg_pub__rosidl_typesupport_c.dir/rosidl_typesupport_c/custom_msg_pub/msg/num__type_support.cpp.o[0m
[2.036s] [ 51%] [32mBuilding C object CMakeFiles/custom_msg_pub__rosidl_typesupport_introspection_c.dir/rosidl_typesupport_introspection_c/custom_msg_pub/msg/detail/num__type_support.c.o[0m
[2.067s] [ 54%] [32m[1mLinking CXX shared library libcustom_msg_pub__rosidl_typesupport_c.so[0m
[2.070s] [ 58%] [32m[1mLinking CXX shared library libcustom_msg_pub__rosidl_typesupport_cpp.so[0m
[2.083s] [ 61%] [32m[1mLinking C shared library libcustom_msg_pub__rosidl_typesupport_introspection_c.so[0m
[2.123s] [ 61%] Built target custom_msg_pub__rosidl_typesupport_c
[2.132s] [ 61%] Built target custom_msg_pub__rosidl_typesupport_cpp
[2.137s] [ 61%] Built target custom_msg_pub__rosidl_typesupport_introspection_c
[2.180s] [ 64%] [32m[1mLinking CXX shared library libcustom_msg_pub__rosidl_typesupport_introspection_cpp.so[0m
[2.208s] [ 67%] [32m[1mLinking CXX shared library libcustom_msg_pub__rosidl_typesupport_fastrtps_cpp.so[0m
[2.230s] [ 67%] Built target custom_msg_pub__rosidl_typesupport_introspection_cpp
[2.272s] [ 70%] [32m[1mLinking CXX shared library libcustom_msg_pub__rosidl_typesupport_fastrtps_c.so[0m
[2.317s] [ 70%] Built target custom_msg_pub__rosidl_typesupport_fastrtps_cpp
[2.376s] [ 70%] Built target custom_msg_pub__rosidl_typesupport_fastrtps_c
[2.403s] [ 70%] Built target custom_msg_pub
[2.428s] [ 74%] [34m[1mGenerating Python code for ROS interfaces[0m
[2.687s] [ 74%] Built target custom_msg_pub__py
[2.699s] [35m[1mConsolidate compiler generated dependencies of target custom_msg_pub__rosidl_generator_py[0m
[2.716s] [ 77%] [32mBuilding C object CMakeFiles/custom_msg_pub__rosidl_generator_py.dir/rosidl_generator_py/custom_msg_pub/msg/_num_s.c.o[0m
[2.827s] [ 80%] [32m[1mLinking C shared library rosidl_generator_py/custom_msg_pub/libcustom_msg_pub__rosidl_generator_py.so[0m
[2.874s] [ 80%] Built target custom_msg_pub__rosidl_generator_py
[2.887s] [35m[1mConsolidate compiler generated dependencies of target custom_msg_pub__rosidl_typesupport_introspection_c__pyext[0m
[2.887s] [35m[1mConsolidate compiler generated dependencies of target custom_msg_pub__rosidl_typesupport_fastrtps_c__pyext[0m
[2.887s] [35m[1mConsolidate compiler generated dependencies of target custom_msg_pub__rosidl_typesupport_c__pyext[0m
[2.903s] [ 87%] [32mBuilding C object CMakeFiles/custom_msg_pub__rosidl_typesupport_introspection_c__pyext.dir/rosidl_generator_py/custom_msg_pub/_custom_msg_pub_s.ep.rosidl_typesupport_introspection_c.c.o[0m
[2.903s] [ 87%] [32mBuilding C object CMakeFiles/custom_msg_pub__rosidl_typesupport_fastrtps_c__pyext.dir/rosidl_generator_py/custom_msg_pub/_custom_msg_pub_s.ep.rosidl_typesupport_fastrtps_c.c.o[0m
[2.904s] [ 90%] [32mBuilding C object CMakeFiles/custom_msg_pub__rosidl_typesupport_c__pyext.dir/rosidl_generator_py/custom_msg_pub/_custom_msg_pub_s.ep.rosidl_typesupport_c.c.o[0m
[2.998s] [ 96%] [32m[1mLinking C shared library rosidl_generator_py/custom_msg_pub/custom_msg_pub_s__rosidl_typesupport_c.cpython-310-x86_64-linux-gnu.so[0m
[2.998s] [ 96%] [32m[1mLinking C shared library rosidl_generator_py/custom_msg_pub/custom_msg_pub_s__rosidl_typesupport_introspection_c.cpython-310-x86_64-linux-gnu.so[0m
[3.005s] [100%] [32m[1mLinking C shared library rosidl_generator_py/custom_msg_pub/custom_msg_pub_s__rosidl_typesupport_fastrtps_c.cpython-310-x86_64-linux-gnu.so[0m
[3.040s] [100%] Built target custom_msg_pub__rosidl_typesupport_introspection_c__pyext
[3.040s] [100%] Built target custom_msg_pub__rosidl_typesupport_c__pyext
[3.049s] [100%] Built target custom_msg_pub__rosidl_typesupport_fastrtps_c__pyext
[3.065s] Invoked command in '/home/etern1ty/ros2_ws/build/custom_msg_pub' returned '0': CMAKE_PREFIX_PATH=${CMAKE_PREFIX_PATH}:/home/etern1ty/ros2_ws/install/launch_testing_examples:/home/etern1ty/ros2_ws/install/examples_rclpy_pointcloud_publisher:/home/etern1ty/ros2_ws/install/examples_rclpy_minimal_subscriber:/home/etern1ty/ros2_ws/install/examples_rclpy_minimal_service:/home/etern1ty/ros2_ws/install/examples_rclpy_minimal_publisher:/home/etern1ty/ros2_ws/install/examples_rclpy_minimal_client:/home/etern1ty/ros2_ws/install/examples_rclpy_minimal_action_server:/home/etern1ty/ros2_ws/install/examples_rclpy_minimal_action_client:/home/etern1ty/ros2_ws/install/examples_rclpy_guard_conditions:/home/etern1ty/ros2_ws/install/examples_rclpy_executors:/opt/ros/humble /usr/bin/cmake --build /home/etern1ty/ros2_ws/build/custom_msg_pub -- -j12 -l12
[3.162s] Invoking command in '/home/etern1ty/ros2_ws/build/custom_msg_pub': CMAKE_PREFIX_PATH=${CMAKE_PREFIX_PATH}:/home/etern1ty/ros2_ws/install/launch_testing_examples:/home/etern1ty/ros2_ws/install/examples_rclpy_pointcloud_publisher:/home/etern1ty/ros2_ws/install/examples_rclpy_minimal_subscriber:/home/etern1ty/ros2_ws/install/examples_rclpy_minimal_service:/home/etern1ty/ros2_ws/install/examples_rclpy_minimal_publisher:/home/etern1ty/ros2_ws/install/examples_rclpy_minimal_client:/home/etern1ty/ros2_ws/install/examples_rclpy_minimal_action_server:/home/etern1ty/ros2_ws/install/examples_rclpy_minimal_action_client:/home/etern1ty/ros2_ws/install/examples_rclpy_guard_conditions:/home/etern1ty/ros2_ws/install/examples_rclpy_executors:/opt/ros/humble /usr/bin/cmake --install /home/etern1ty/ros2_ws/build/custom_msg_pub
[3.172s] -- Install configuration: ""
[3.172s] -- Up-to-date: /home/etern1ty/ros2_ws/install/custom_msg_pub/share/ament_index/resource_index/rosidl_interfaces/custom_msg_pub
[3.172s] -- Up-to-date: /home/etern1ty/ros2_ws/install/custom_msg_pub/include/custom_msg_pub/custom_msg_pub
[3.172s] -- Up-to-date: /home/etern1ty/ros2_ws/install/custom_msg_pub/include/custom_msg_pub/custom_msg_pub/msg
[3.173s] -- Installing: /home/etern1ty/ros2_ws/install/custom_msg_pub/include/custom_msg_pub/custom_msg_pub/msg/num.h
[3.173s] -- Up-to-date: /home/etern1ty/ros2_ws/install/custom_msg_pub/include/custom_msg_pub/custom_msg_pub/msg/detail
[3.173s] -- Installing: /home/etern1ty/ros2_ws/install/custom_msg_pub/include/custom_msg_pub/custom_msg_pub/msg/detail/num__functions.c
[3.173s] -- Installing: /home/etern1ty/ros2_ws/install/custom_msg_pub/include/custom_msg_pub/custom_msg_pub/msg/detail/num__functions.h
[3.173s] -- Installing: /home/etern1ty/ros2_ws/install/custom_msg_pub/include/custom_msg_pub/custom_msg_pub/msg/detail/num__type_support.h
[3.173s] -- Installing: /home/etern1ty/ros2_ws/install/custom_msg_pub/include/custom_msg_pub/custom_msg_pub/msg/detail/num__struct.h
[3.173s] -- Up-to-date: /home/etern1ty/ros2_ws/install/custom_msg_pub/include/custom_msg_pub/custom_msg_pub/msg/rosidl_generator_c__visibility_control.h
[3.173s] -- Up-to-date: /home/etern1ty/ros2_ws/install/custom_msg_pub/share/custom_msg_pub/environment/library_path.sh
[3.173s] -- Installing: /home/etern1ty/ros2_ws/install/custom_msg_pub/share/custom_msg_pub/environment/library_path.dsv
[3.174s] -- Installing: /home/etern1ty/ros2_ws/install/custom_msg_pub/lib/libcustom_msg_pub__rosidl_generator_c.so
[3.175s] -- Set runtime path of "/home/etern1ty/ros2_ws/install/custom_msg_pub/lib/libcustom_msg_pub__rosidl_generator_c.so" to ""
[3.175s] -- Up-to-date: /home/etern1ty/ros2_ws/install/custom_msg_pub/include/custom_msg_pub/custom_msg_pub
[3.175s] -- Up-to-date: /home/etern1ty/ros2_ws/install/custom_msg_pub/include/custom_msg_pub/custom_msg_pub/msg
[3.175s] -- Up-to-date: /home/etern1ty/ros2_ws/install/custom_msg_pub/include/custom_msg_pub/custom_msg_pub/msg/rosidl_typesupport_fastrtps_c__visibility_control.h
[3.175s] -- Up-to-date: /home/etern1ty/ros2_ws/install/custom_msg_pub/include/custom_msg_pub/custom_msg_pub/msg/detail
[3.175s] -- Installing: /home/etern1ty/ros2_ws/install/custom_msg_pub/include/custom_msg_pub/custom_msg_pub/msg/detail/num__rosidl_typesupport_fastrtps_c.h
[3.175s] -- Installing: /home/etern1ty/ros2_ws/install/custom_msg_pub/lib/libcustom_msg_pub__rosidl_typesupport_fastrtps_c.so
[3.176s] -- Set runtime path of "/home/etern1ty/ros2_ws/install/custom_msg_pub/lib/libcustom_msg_pub__rosidl_typesupport_fastrtps_c.so" to ""
[3.176s] -- Up-to-date: /home/etern1ty/ros2_ws/install/custom_msg_pub/include/custom_msg_pub/custom_msg_pub
[3.176s] -- Up-to-date: /home/etern1ty/ros2_ws/install/custom_msg_pub/include/custom_msg_pub/custom_msg_pub/msg
[3.176s] -- Up-to-date: /home/etern1ty/ros2_ws/install/custom_msg_pub/include/custom_msg_pub/custom_msg_pub/msg/detail
[3.176s] -- Installing: /home/etern1ty/ros2_ws/install/custom_msg_pub/include/custom_msg_pub/custom_msg_pub/msg/detail/num__rosidl_typesupport_introspection_c.h
[3.176s] -- Installing: /home/etern1ty/ros2_ws/install/custom_msg_pub/include/custom_msg_pub/custom_msg_pub/msg/detail/num__type_support.c
[3.176s] -- Up-to-date: /home/etern1ty/ros2_ws/install/custom_msg_pub/include/custom_msg_pub/custom_msg_pub/msg/rosidl_typesupport_introspection_c__visibility_control.h
[3.176s] -- Installing: /home/etern1ty/ros2_ws/install/custom_msg_pub/lib/libcustom_msg_pub__rosidl_typesupport_introspection_c.so
[3.177s] -- Set runtime path of "/home/etern1ty/ros2_ws/install/custom_msg_pub/lib/libcustom_msg_pub__rosidl_typesupport_introspection_c.so" to ""
[3.177s] -- Installing: /home/etern1ty/ros2_ws/install/custom_msg_pub/lib/libcustom_msg_pub__rosidl_typesupport_c.so
[3.178s] -- Set runtime path of "/home/etern1ty/ros2_ws/install/custom_msg_pub/lib/libcustom_msg_pub__rosidl_typesupport_c.so" to ""
[3.178s] -- Up-to-date: /home/etern1ty/ros2_ws/install/custom_msg_pub/include/custom_msg_pub/custom_msg_pub
[3.178s] -- Up-to-date: /home/etern1ty/ros2_ws/install/custom_msg_pub/include/custom_msg_pub/custom_msg_pub/msg
[3.178s] -- Installing: /home/etern1ty/ros2_ws/install/custom_msg_pub/include/custom_msg_pub/custom_msg_pub/msg/num.hpp
[3.178s] -- Up-to-date: /home/etern1ty/ros2_ws/install/custom_msg_pub/include/custom_msg_pub/custom_msg_pub/msg/detail
[3.178s] -- Installing: /home/etern1ty/ros2_ws/install/custom_msg_pub/include/custom_msg_pub/custom_msg_pub/msg/detail/num__builder.hpp
[3.178s] -- Installing: /home/etern1ty/ros2_ws/install/custom_msg_pub/include/custom_msg_pub/custom_msg_pub/msg/detail/num__traits.hpp
[3.178s] -- Installing: /home/etern1ty/ros2_ws/install/custom_msg_pub/include/custom_msg_pub/custom_msg_pub/msg/detail/num__struct.hpp
[3.179s] -- Up-to-date: /home/etern1ty/ros2_ws/install/custom_msg_pub/include/custom_msg_pub/custom_msg_pub
[3.179s] -- Up-to-date: /home/etern1ty/ros2_ws/install/custom_msg_pub/include/custom_msg_pub/custom_msg_pub/msg
[3.179s] -- Up-to-date: /home/etern1ty/ros2_ws/install/custom_msg_pub/include/custom_msg_pub/custom_msg_pub/msg/detail
[3.179s] -- Up-to-date: /home/etern1ty/ros2_ws/install/custom_msg_pub/include/custom_msg_pub/custom_msg_pub/msg/detail/dds_fastrtps
[3.179s] -- Installing: /home/etern1ty/ros2_ws/install/custom_msg_pub/include/custom_msg_pub/custom_msg_pub/msg/detail/num__rosidl_typesupport_fastrtps_cpp.hpp
[3.179s] -- Up-to-date: /home/etern1ty/ros2_ws/install/custom_msg_pub/include/custom_msg_pub/custom_msg_pub/msg/rosidl_typesupport_fastrtps_cpp__visibility_control.h
[3.179s] -- Installing: /home/etern1ty/ros2_ws/install/custom_msg_pub/lib/libcustom_msg_pub__rosidl_typesupport_fastrtps_cpp.so
[3.180s] -- Set runtime path of "/home/etern1ty/ros2_ws/install/custom_msg_pub/lib/libcustom_msg_pub__rosidl_typesupport_fastrtps_cpp.so" to ""
[3.180s] -- Up-to-date: /home/etern1ty/ros2_ws/install/custom_msg_pub/include/custom_msg_pub/custom_msg_pub
[3.180s] -- Up-to-date: /home/etern1ty/ros2_ws/install/custom_msg_pub/include/custom_msg_pub/custom_msg_pub/msg
[3.180s] -- Up-to-date: /home/etern1ty/ros2_ws/install/custom_msg_pub/include/custom_msg_pub/custom_msg_pub/msg/detail
[3.180s] -- Installing: /home/etern1ty/ros2_ws/install/custom_msg_pub/include/custom_msg_pub/custom_msg_pub/msg/detail/num__type_support.cpp
[3.180s] -- Installing: /home/etern1ty/ros2_ws/install/custom_msg_pub/include/custom_msg_pub/custom_msg_pub/msg/detail/num__rosidl_typesupport_introspection_cpp.hpp
[3.181s] -- Installing: /home/etern1ty/ros2_ws/install/custom_msg_pub/lib/libcustom_msg_pub__rosidl_typesupport_introspection_cpp.so
[3.181s] -- Set runtime path of "/home/etern1ty/ros2_ws/install/custom_msg_pub/lib/libcustom_msg_pub__rosidl_typesupport_introspection_cpp.so" to ""
[3.181s] -- Installing: /home/etern1ty/ros2_ws/install/custom_msg_pub/lib/libcustom_msg_pub__rosidl_typesupport_cpp.so
[3.182s] -- Set runtime path of "/home/etern1ty/ros2_ws/install/custom_msg_pub/lib/libcustom_msg_pub__rosidl_typesupport_cpp.so" to ""
[3.182s] -- Up-to-date: /home/etern1ty/ros2_ws/install/custom_msg_pub/share/custom_msg_pub/environment/pythonpath.sh
[3.182s] -- Installing: /home/etern1ty/ros2_ws/install/custom_msg_pub/share/custom_msg_pub/environment/pythonpath.dsv
[3.182s] -- Up-to-date: /home/etern1ty/ros2_ws/install/custom_msg_pub/local/lib/python3.10/dist-packages/custom_msg_pub-0.0.0-py3.10.egg-info
[3.182s] -- Installing: /home/etern1ty/ros2_ws/install/custom_msg_pub/local/lib/python3.10/dist-packages/custom_msg_pub-0.0.0-py3.10.egg-info/PKG-INFO
[3.182s] -- Installing: /home/etern1ty/ros2_ws/install/custom_msg_pub/local/lib/python3.10/dist-packages/custom_msg_pub-0.0.0-py3.10.egg-info/top_level.txt
[3.182s] -- Installing: /home/etern1ty/ros2_ws/install/custom_msg_pub/local/lib/python3.10/dist-packages/custom_msg_pub-0.0.0-py3.10.egg-info/SOURCES.txt
[3.182s] -- Installing: /home/etern1ty/ros2_ws/install/custom_msg_pub/local/lib/python3.10/dist-packages/custom_msg_pub-0.0.0-py3.10.egg-info/dependency_links.txt
[3.183s] -- Up-to-date: /home/etern1ty/ros2_ws/install/custom_msg_pub/local/lib/python3.10/dist-packages/custom_msg_pub
[3.183s] -- Installing: /home/etern1ty/ros2_ws/install/custom_msg_pub/local/lib/python3.10/dist-packages/custom_msg_pub/custom_msg_pub_s__rosidl_typesupport_fastrtps_c.cpython-310-x86_64-linux-gnu.so
[3.183s] -- Installing: /home/etern1ty/ros2_ws/install/custom_msg_pub/local/lib/python3.10/dist-packages/custom_msg_pub/libcustom_msg_pub__rosidl_generator_py.so
[3.183s] -- Installing: /home/etern1ty/ros2_ws/install/custom_msg_pub/local/lib/python3.10/dist-packages/custom_msg_pub/custom_msg_pub_s__rosidl_typesupport_c.cpython-310-x86_64-linux-gnu.so
[3.183s] -- Installing: /home/etern1ty/ros2_ws/install/custom_msg_pub/local/lib/python3.10/dist-packages/custom_msg_pub/__init__.py
[3.183s] -- Installing: /home/etern1ty/ros2_ws/install/custom_msg_pub/local/lib/python3.10/dist-packages/custom_msg_pub/_custom_msg_pub_s.ep.rosidl_typesupport_c.c
[3.184s] -- Installing: /home/etern1ty/ros2_ws/install/custom_msg_pub/local/lib/python3.10/dist-packages/custom_msg_pub/_custom_msg_pub_s.ep.rosidl_typesupport_introspection_c.c
[3.184s] -- Up-to-date: /home/etern1ty/ros2_ws/install/custom_msg_pub/local/lib/python3.10/dist-packages/custom_msg_pub/msg
[3.184s] -- Installing: /home/etern1ty/ros2_ws/install/custom_msg_pub/local/lib/python3.10/dist-packages/custom_msg_pub/msg/__init__.py
[3.184s] -- Installing: /home/etern1ty/ros2_ws/install/custom_msg_pub/local/lib/python3.10/dist-packages/custom_msg_pub/msg/_num_s.c
[3.184s] -- Installing: /home/etern1ty/ros2_ws/install/custom_msg_pub/local/lib/python3.10/dist-packages/custom_msg_pub/msg/_num.py
[3.184s] -- Installing: /home/etern1ty/ros2_ws/install/custom_msg_pub/local/lib/python3.10/dist-packages/custom_msg_pub/_custom_msg_pub_s.ep.rosidl_typesupport_fastrtps_c.c
[3.185s] -- Installing: /home/etern1ty/ros2_ws/install/custom_msg_pub/local/lib/python3.10/dist-packages/custom_msg_pub/custom_msg_pub_s__rosidl_typesupport_introspection_c.cpython-310-x86_64-linux-gnu.so
[3.219s] Listing '/home/etern1ty/ros2_ws/install/custom_msg_pub/local/lib/python3.10/dist-packages/custom_msg_pub'...
[3.220s] Compiling '/home/etern1ty/ros2_ws/install/custom_msg_pub/local/lib/python3.10/dist-packages/custom_msg_pub/__init__.py'...
[3.220s] Listing '/home/etern1ty/ros2_ws/install/custom_msg_pub/local/lib/python3.10/dist-packages/custom_msg_pub/msg'...
[3.220s] Compiling '/home/etern1ty/ros2_ws/install/custom_msg_pub/local/lib/python3.10/dist-packages/custom_msg_pub/msg/__init__.py'...
[3.220s] Compiling '/home/etern1ty/ros2_ws/install/custom_msg_pub/local/lib/python3.10/dist-packages/custom_msg_pub/msg/_num.py'...
[3.225s] -- Installing: /home/etern1ty/ros2_ws/install/custom_msg_pub/local/lib/python3.10/dist-packages/custom_msg_pub/custom_msg_pub_s__rosidl_typesupport_fastrtps_c.cpython-310-x86_64-linux-gnu.so
[3.226s] -- Set runtime path of "/home/etern1ty/ros2_ws/install/custom_msg_pub/local/lib/python3.10/dist-packages/custom_msg_pub/custom_msg_pub_s__rosidl_typesupport_fastrtps_c.cpython-310-x86_64-linux-gnu.so" to ""
[3.226s] -- Installing: /home/etern1ty/ros2_ws/install/custom_msg_pub/local/lib/python3.10/dist-packages/custom_msg_pub/custom_msg_pub_s__rosidl_typesupport_introspection_c.cpython-310-x86_64-linux-gnu.so
[3.227s] -- Set runtime path of "/home/etern1ty/ros2_ws/install/custom_msg_pub/local/lib/python3.10/dist-packages/custom_msg_pub/custom_msg_pub_s__rosidl_typesupport_introspection_c.cpython-310-x86_64-linux-gnu.so" to ""
[3.227s] -- Installing: /home/etern1ty/ros2_ws/install/custom_msg_pub/local/lib/python3.10/dist-packages/custom_msg_pub/custom_msg_pub_s__rosidl_typesupport_c.cpython-310-x86_64-linux-gnu.so
[3.227s] -- Set runtime path of "/home/etern1ty/ros2_ws/install/custom_msg_pub/local/lib/python3.10/dist-packages/custom_msg_pub/custom_msg_pub_s__rosidl_typesupport_c.cpython-310-x86_64-linux-gnu.so" to ""
[3.227s] -- Installing: /home/etern1ty/ros2_ws/install/custom_msg_pub/lib/libcustom_msg_pub__rosidl_generator_py.so
[3.228s] -- Set runtime path of "/home/etern1ty/ros2_ws/install/custom_msg_pub/lib/libcustom_msg_pub__rosidl_generator_py.so" to ""
[3.228s] -- Installing: /home/etern1ty/ros2_ws/install/custom_msg_pub/share/custom_msg_pub/msg/Num.idl
[3.228s] -- Installing: /home/etern1ty/ros2_ws/install/custom_msg_pub/share/custom_msg_pub/msg/Num.msg
[3.228s] -- Up-to-date: /home/etern1ty/ros2_ws/install/custom_msg_pub/share/ament_index/resource_index/package_run_dependencies/custom_msg_pub
[3.228s] -- Installing: /home/etern1ty/ros2_ws/install/custom_msg_pub/share/ament_index/resource_index/parent_prefix_path/custom_msg_pub
[3.229s] -- Up-to-date: /home/etern1ty/ros2_ws/install/custom_msg_pub/share/custom_msg_pub/environment/ament_prefix_path.sh
[3.229s] -- Installing: /home/etern1ty/ros2_ws/install/custom_msg_pub/share/custom_msg_pub/environment/ament_prefix_path.dsv
[3.229s] -- Up-to-date: /home/etern1ty/ros2_ws/install/custom_msg_pub/share/custom_msg_pub/environment/path.sh
[3.229s] -- Installing: /home/etern1ty/ros2_ws/install/custom_msg_pub/share/custom_msg_pub/environment/path.dsv
[3.229s] -- Up-to-date: /home/etern1ty/ros2_ws/install/custom_msg_pub/share/custom_msg_pub/local_setup.bash
[3.229s] -- Up-to-date: /home/etern1ty/ros2_ws/install/custom_msg_pub/share/custom_msg_pub/local_setup.sh
[3.229s] -- Up-to-date: /home/etern1ty/ros2_ws/install/custom_msg_pub/share/custom_msg_pub/local_setup.zsh
[3.229s] -- Installing: /home/etern1ty/ros2_ws/install/custom_msg_pub/share/custom_msg_pub/local_setup.dsv
[3.229s] -- Installing: /home/etern1ty/ros2_ws/install/custom_msg_pub/share/custom_msg_pub/package.dsv
[3.230s] -- Up-to-date: /home/etern1ty/ros2_ws/install/custom_msg_pub/share/ament_index/resource_index/packages/custom_msg_pub
[3.230s] -- Up-to-date: /home/etern1ty/ros2_ws/install/custom_msg_pub/share/custom_msg_pub/cmake/export_custom_msg_pub__rosidl_generator_cExport.cmake
[3.230s] -- Up-to-date: /home/etern1ty/ros2_ws/install/custom_msg_pub/share/custom_msg_pub/cmake/export_custom_msg_pub__rosidl_generator_cExport-noconfig.cmake
[3.230s] -- Up-to-date: /home/etern1ty/ros2_ws/install/custom_msg_pub/share/custom_msg_pub/cmake/export_custom_msg_pub__rosidl_typesupport_fastrtps_cExport.cmake
[3.230s] -- Up-to-date: /home/etern1ty/ros2_ws/install/custom_msg_pub/share/custom_msg_pub/cmake/export_custom_msg_pub__rosidl_typesupport_fastrtps_cExport-noconfig.cmake
[3.230s] -- Up-to-date: /home/etern1ty/ros2_ws/install/custom_msg_pub/share/custom_msg_pub/cmake/custom_msg_pub__rosidl_typesupport_introspection_cExport.cmake
[3.230s] -- Up-to-date: /home/etern1ty/ros2_ws/install/custom_msg_pub/share/custom_msg_pub/cmake/custom_msg_pub__rosidl_typesupport_introspection_cExport-noconfig.cmake
[3.230s] -- Up-to-date: /home/etern1ty/ros2_ws/install/custom_msg_pub/share/custom_msg_pub/cmake/custom_msg_pub__rosidl_typesupport_cExport.cmake
[3.230s] -- Up-to-date: /home/etern1ty/ros2_ws/install/custom_msg_pub/share/custom_msg_pub/cmake/custom_msg_pub__rosidl_typesupport_cExport-noconfig.cmake
[3.231s] -- Up-to-date: /home/etern1ty/ros2_ws/install/custom_msg_pub/share/custom_msg_pub/cmake/export_custom_msg_pub__rosidl_generator_cppExport.cmake
[3.231s] -- Up-to-date: /home/etern1ty/ros2_ws/install/custom_msg_pub/share/custom_msg_pub/cmake/export_custom_msg_pub__rosidl_typesupport_fastrtps_cppExport.cmake
[3.231s] -- Up-to-date: /home/etern1ty/ros2_ws/install/custom_msg_pub/share/custom_msg_pub/cmake/export_custom_msg_pub__rosidl_typesupport_fastrtps_cppExport-noconfig.cmake
[3.231s] -- Up-to-date: /home/etern1ty/ros2_ws/install/custom_msg_pub/share/custom_msg_pub/cmake/custom_msg_pub__rosidl_typesupport_introspection_cppExport.cmake
[3.231s] -- Up-to-date: /home/etern1ty/ros2_ws/install/custom_msg_pub/share/custom_msg_pub/cmake/custom_msg_pub__rosidl_typesupport_introspection_cppExport-noconfig.cmake
[3.231s] -- Up-to-date: /home/etern1ty/ros2_ws/install/custom_msg_pub/share/custom_msg_pub/cmake/custom_msg_pub__rosidl_typesupport_cppExport.cmake
[3.231s] -- Up-to-date: /home/etern1ty/ros2_ws/install/custom_msg_pub/share/custom_msg_pub/cmake/custom_msg_pub__rosidl_typesupport_cppExport-noconfig.cmake
[3.231s] -- Up-to-date: /home/etern1ty/ros2_ws/install/custom_msg_pub/share/custom_msg_pub/cmake/export_custom_msg_pub__rosidl_generator_pyExport.cmake
[3.231s] -- Up-to-date: /home/etern1ty/ros2_ws/install/custom_msg_pub/share/custom_msg_pub/cmake/export_custom_msg_pub__rosidl_generator_pyExport-noconfig.cmake
[3.231s] -- Up-to-date: /home/etern1ty/ros2_ws/install/custom_msg_pub/share/custom_msg_pub/cmake/rosidl_cmake-extras.cmake
[3.232s] -- Up-to-date: /home/etern1ty/ros2_ws/install/custom_msg_pub/share/custom_msg_pub/cmake/ament_cmake_export_include_directories-extras.cmake
[3.232s] -- Up-to-date: /home/etern1ty/ros2_ws/install/custom_msg_pub/share/custom_msg_pub/cmake/ament_cmake_export_libraries-extras.cmake
[3.232s] -- Up-to-date: /home/etern1ty/ros2_ws/install/custom_msg_pub/share/custom_msg_pub/cmake/ament_cmake_export_targets-extras.cmake
[3.232s] -- Up-to-date: /home/etern1ty/ros2_ws/install/custom_msg_pub/share/custom_msg_pub/cmake/rosidl_cmake_export_typesupport_targets-extras.cmake
[3.232s] -- Up-to-date: /home/etern1ty/ros2_ws/install/custom_msg_pub/share/custom_msg_pub/cmake/ament_cmake_export_dependencies-extras.cmake
[3.232s] -- Up-to-date: /home/etern1ty/ros2_ws/install/custom_msg_pub/share/custom_msg_pub/cmake/rosidl_cmake_export_typesupport_libraries-extras.cmake
[3.232s] -- Up-to-date: /home/etern1ty/ros2_ws/install/custom_msg_pub/share/custom_msg_pub/cmake/custom_msg_pubConfig.cmake
[3.232s] -- Up-to-date: /home/etern1ty/ros2_ws/install/custom_msg_pub/share/custom_msg_pub/cmake/custom_msg_pubConfig-version.cmake
[3.232s] -- Up-to-date: /home/etern1ty/ros2_ws/install/custom_msg_pub/share/custom_msg_pub/package.xml
[3.235s] Invoked command in '/home/etern1ty/ros2_ws/build/custom_msg_pub' returned '0': CMAKE_PREFIX_PATH=${CMAKE_PREFIX_PATH}:/home/etern1ty/ros2_ws/install/launch_testing_examples:/home/etern1ty/ros2_ws/install/examples_rclpy_pointcloud_publisher:/home/etern1ty/ros2_ws/install/examples_rclpy_minimal_subscriber:/home/etern1ty/ros2_ws/install/examples_rclpy_minimal_service:/home/etern1ty/ros2_ws/install/examples_rclpy_minimal_publisher:/home/etern1ty/ros2_ws/install/examples_rclpy_minimal_client:/home/etern1ty/ros2_ws/install/examples_rclpy_minimal_action_server:/home/etern1ty/ros2_ws/install/examples_rclpy_minimal_action_client:/home/etern1ty/ros2_ws/install/examples_rclpy_guard_conditions:/home/etern1ty/ros2_ws/install/examples_rclpy_executors:/opt/ros/humble /usr/bin/cmake --install /home/etern1ty/ros2_ws/build/custom_msg_pub
