[0.074s] Invoking command in '/home/etern1ty/ros2_ws/build/examples_rclcpp_minimal_action_server': CMAKE_PREFIX_PATH=/opt/ros/humble /usr/bin/cmake /home/etern1ty/ros2_ws/src/src/examples/rclcpp/actions/minimal_action_server -DCMAKE_INSTALL_PREFIX=/home/etern1ty/ros2_ws/install/examples_rclcpp_minimal_action_server
[0.152s] -- The C compiler identification is GNU 11.4.0
[0.223s] -- The CXX compiler identification is GNU 11.4.0
[0.232s] -- Detecting C compiler ABI info
[0.324s] -- Detecting C compiler ABI info - done
[0.334s] -- Check for working C compiler: /usr/bin/cc - skipped
[0.335s] -- Detecting C compile features
[0.335s] -- Detecting C compile features - done
[0.340s] -- Detecting CXX compiler ABI info
[0.448s] -- Detecting CXX compiler ABI info - done
[0.456s] -- Check for working CXX compiler: /usr/bin/c++ - skipped
[0.457s] -- Detecting CXX compile features
[0.457s] -- Detecting CXX compile features - done
[0.463s] -- Found ament_cmake: 1.3.7 (/opt/ros/humble/share/ament_cmake/cmake)
[0.663s] -- Found Python3: /usr/bin/python3.10 (found version "3.10.12") found components: Interpreter 
[1.079s] -- Found example_interfaces: 0.9.3 (/opt/ros/humble/share/example_interfaces/cmake)
[1.135s] -- Found rosidl_generator_c: 3.1.5 (/opt/ros/humble/share/rosidl_generator_c/cmake)
[1.141s] -- Found rosidl_adapter: 3.1.5 (/opt/ros/humble/share/rosidl_adapter/cmake)
[1.151s] -- Found rosidl_generator_cpp: 3.1.5 (/opt/ros/humble/share/rosidl_generator_cpp/cmake)
[1.168s] -- Using all available rosidl_typesupport_c: rosidl_typesupport_fastrtps_c;rosidl_typesupport_introspection_c
[1.192s] -- Using all available rosidl_typesupport_cpp: rosidl_typesupport_fastrtps_cpp;rosidl_typesupport_introspection_cpp
[1.344s] -- Found rclcpp: 16.0.8 (/opt/ros/humble/share/rclcpp/cmake)
[1.397s] -- Found rmw_implementation_cmake: 6.1.1 (/opt/ros/humble/share/rmw_implementation_cmake/cmake)
[1.401s] -- Found rmw_fastrtps_cpp: 6.2.6 (/opt/ros/humble/share/rmw_fastrtps_cpp/cmake)
[1.574s] -- Found OpenSSL: /usr/lib/x86_64-linux-gnu/libcrypto.so (found version "3.0.2")  
[1.603s] -- Found FastRTPS: /opt/ros/humble/include  
[1.653s] -- Using RMW implementation 'rmw_fastrtps_cpp' as default
[1.662s] -- Looking for pthread.h
[1.739s] -- Looking for pthread.h - found
[1.740s] -- Performing Test CMAKE_HAVE_LIBC_PTHREAD
[1.819s] -- Performing Test CMAKE_HAVE_LIBC_PTHREAD - Success
[1.819s] -- Found Threads: TRUE  
[1.963s] -- Found rclcpp_action: 16.0.8 (/opt/ros/humble/share/rclcpp_action/cmake)
[1.993s] -- Found ament_lint_auto: 0.12.10 (/opt/ros/humble/share/ament_lint_auto/cmake)
[2.068s] -- Added test 'copyright' to check source files copyright and LICENSE
[2.068s] -- Added test 'cppcheck' to perform static code analysis on C / C++ code
[2.069s] -- Configured cppcheck include dirs: 
[2.069s] -- Configured cppcheck exclude dirs and/or files: 
[2.069s] -- Added test 'cpplint' to check C / C++ code against the Google style
[2.069s] -- Configured cpplint exclude dirs and/or files: 
[2.070s] -- Added test 'lint_cmake' to check CMake code style
[2.070s] -- Added test 'uncrustify' to check C / C++ code style
[2.071s] -- Configured uncrustify additional arguments: 
[2.071s] -- Added test 'xmllint' to check XML markup files
[2.072s] -- Configuring done
[2.084s] -- Generating done
[2.086s] -- Build files have been written to: /home/etern1ty/ros2_ws/build/examples_rclcpp_minimal_action_server
[2.096s] Invoked command in '/home/etern1ty/ros2_ws/build/examples_rclcpp_minimal_action_server' returned '0': CMAKE_PREFIX_PATH=/opt/ros/humble /usr/bin/cmake /home/etern1ty/ros2_ws/src/src/examples/rclcpp/actions/minimal_action_server -DCMAKE_INSTALL_PREFIX=/home/etern1ty/ros2_ws/install/examples_rclcpp_minimal_action_server
[2.098s] Invoking command in '/home/etern1ty/ros2_ws/build/examples_rclcpp_minimal_action_server': CMAKE_PREFIX_PATH=/opt/ros/humble /usr/bin/cmake --build /home/etern1ty/ros2_ws/build/examples_rclcpp_minimal_action_server -- -j12 -l12
[2.156s] [ 50%] [32mBuilding CXX object CMakeFiles/action_server_member_functions.dir/member_functions.cpp.o[0m
[2.156s] [ 50%] [32mBuilding CXX object CMakeFiles/action_server_not_composable.dir/not_composable.cpp.o[0m
[5.451s] [ 75%] [32m[1mLinking CXX executable action_server_not_composable[0m
[5.629s] [ 75%] Built target action_server_not_composable
[5.686s] [100%] [32m[1mLinking CXX executable action_server_member_functions[0m
[5.863s] [100%] Built target action_server_member_functions
[5.877s] Invoked command in '/home/etern1ty/ros2_ws/build/examples_rclcpp_minimal_action_server' returned '0': CMAKE_PREFIX_PATH=/opt/ros/humble /usr/bin/cmake --build /home/etern1ty/ros2_ws/build/examples_rclcpp_minimal_action_server -- -j12 -l12
[5.916s] Invoking command in '/home/etern1ty/ros2_ws/build/examples_rclcpp_minimal_action_server': CMAKE_PREFIX_PATH=/opt/ros/humble /usr/bin/cmake --install /home/etern1ty/ros2_ws/build/examples_rclcpp_minimal_action_server
[5.924s] -- Install configuration: ""
[5.924s] -- Installing: /home/etern1ty/ros2_ws/install/examples_rclcpp_minimal_action_server/lib/examples_rclcpp_minimal_action_server/action_server_not_composable
[5.925s] -- Set runtime path of "/home/etern1ty/ros2_ws/install/examples_rclcpp_minimal_action_server/lib/examples_rclcpp_minimal_action_server/action_server_not_composable" to ""
[5.925s] -- Installing: /home/etern1ty/ros2_ws/install/examples_rclcpp_minimal_action_server/lib/examples_rclcpp_minimal_action_server/action_server_member_functions
[5.926s] -- Set runtime path of "/home/etern1ty/ros2_ws/install/examples_rclcpp_minimal_action_server/lib/examples_rclcpp_minimal_action_server/action_server_member_functions" to ""
[5.927s] -- Installing: /home/etern1ty/ros2_ws/install/examples_rclcpp_minimal_action_server/share/ament_index/resource_index/package_run_dependencies/examples_rclcpp_minimal_action_server
[5.927s] -- Installing: /home/etern1ty/ros2_ws/install/examples_rclcpp_minimal_action_server/share/ament_index/resource_index/parent_prefix_path/examples_rclcpp_minimal_action_server
[5.927s] -- Installing: /home/etern1ty/ros2_ws/install/examples_rclcpp_minimal_action_server/share/examples_rclcpp_minimal_action_server/environment/ament_prefix_path.sh
[5.927s] -- Installing: /home/etern1ty/ros2_ws/install/examples_rclcpp_minimal_action_server/share/examples_rclcpp_minimal_action_server/environment/ament_prefix_path.dsv
[5.927s] -- Installing: /home/etern1ty/ros2_ws/install/examples_rclcpp_minimal_action_server/share/examples_rclcpp_minimal_action_server/environment/path.sh
[5.927s] -- Installing: /home/etern1ty/ros2_ws/install/examples_rclcpp_minimal_action_server/share/examples_rclcpp_minimal_action_server/environment/path.dsv
[5.928s] -- Installing: /home/etern1ty/ros2_ws/install/examples_rclcpp_minimal_action_server/share/examples_rclcpp_minimal_action_server/local_setup.bash
[5.928s] -- Installing: /home/etern1ty/ros2_ws/install/examples_rclcpp_minimal_action_server/share/examples_rclcpp_minimal_action_server/local_setup.sh
[5.928s] -- Installing: /home/etern1ty/ros2_ws/install/examples_rclcpp_minimal_action_server/share/examples_rclcpp_minimal_action_server/local_setup.zsh
[5.928s] -- Installing: /home/etern1ty/ros2_ws/install/examples_rclcpp_minimal_action_server/share/examples_rclcpp_minimal_action_server/local_setup.dsv
[5.928s] -- Installing: /home/etern1ty/ros2_ws/install/examples_rclcpp_minimal_action_server/share/examples_rclcpp_minimal_action_server/package.dsv
[5.928s] -- Installing: /home/etern1ty/ros2_ws/install/examples_rclcpp_minimal_action_server/share/ament_index/resource_index/packages/examples_rclcpp_minimal_action_server
[5.928s] -- Installing: /home/etern1ty/ros2_ws/install/examples_rclcpp_minimal_action_server/share/examples_rclcpp_minimal_action_server/cmake/examples_rclcpp_minimal_action_serverConfig.cmake
[5.929s] -- Installing: /home/etern1ty/ros2_ws/install/examples_rclcpp_minimal_action_server/share/examples_rclcpp_minimal_action_server/cmake/examples_rclcpp_minimal_action_serverConfig-version.cmake
[5.929s] -- Installing: /home/etern1ty/ros2_ws/install/examples_rclcpp_minimal_action_server/share/examples_rclcpp_minimal_action_server/package.xml
[5.932s] Invoked command in '/home/etern1ty/ros2_ws/build/examples_rclcpp_minimal_action_server' returned '0': CMAKE_PREFIX_PATH=/opt/ros/humble /usr/bin/cmake --install /home/etern1ty/ros2_ws/build/examples_rclcpp_minimal_action_server
