[1.074s] DEBUG:colcon:Command line arguments: ['/usr/bin/colcon', 'build', '--packages-select', 'flare_detect', '--parallel-workers', '2']
[1.074s] DEBUG:colcon:Parsed command line arguments: Namespace(log_base=None, log_level=None, verb_name='build', build_base='build', install_base='install', merge_install=False, symlink_install=False, test_result_base=None, continue_on_error=False, executor='parallel', parallel_workers=2, event_handlers=None, ignore_user_meta=False, metas=['./colcon.meta'], base_paths=['.'], packages_ignore=None, packages_ignore_regex=None, paths=None, packages_up_to=None, packages_up_to_regex=None, packages_above=None, packages_above_and_dependencies=None, packages_above_depth=None, packages_select_by_dep=None, packages_skip_by_dep=None, packages_skip_up_to=None, packages_select_build_failed=False, packages_skip_build_finished=False, packages_select_test_failures=False, packages_skip_test_passed=False, packages_select=['flare_detect'], packages_skip=None, packages_select_regex=None, packages_skip_regex=None, packages_start=None, packages_end=None, allow_overriding=[], cmake_args=None, cmake_target=None, cmake_target_skip_unavailable=False, cmake_clean_cache=False, cmake_clean_first=False, cmake_force_configure=False, ament_cmake_args=None, catkin_cmake_args=None, catkin_skip_building_tests=False, verb_parser=<colcon_defaults.argument_parser.defaults.DefaultArgumentsDecorator object at 0x7fb57e8dae00>, verb_extension=<colcon_core.verb.build.BuildVerb object at 0x7fb57e8d8340>, main=<bound method BuildVerb.main of <colcon_core.verb.build.BuildVerb object at 0x7fb57e8d8340>>)
[1.125s] Level 1:colcon.colcon_core.package_discovery:discover_packages(colcon_meta) check parameters
[1.125s] Level 1:colcon.colcon_core.package_discovery:discover_packages(recursive) check parameters
[1.125s] Level 1:colcon.colcon_core.package_discovery:discover_packages(ignore) check parameters
[1.125s] Level 1:colcon.colcon_core.package_discovery:discover_packages(path) check parameters
[1.125s] Level 1:colcon.colcon_core.package_discovery:discover_packages(colcon_meta) discover
[1.125s] Level 1:colcon.colcon_core.package_discovery:discover_packages(recursive) discover
[1.125s] INFO:colcon.colcon_core.package_discovery:Crawling recursively for packages in '/home/etern1ty/ros2_ws'
[1.126s] Level 1:colcon.colcon_core.package_identification:_identify(.) by extensions ['ignore', 'ignore_ament_install']
[1.126s] Level 1:colcon.colcon_core.package_identification:_identify(.) by extension 'ignore'
[1.126s] Level 1:colcon.colcon_core.package_identification:_identify(.) by extension 'ignore_ament_install'
[1.126s] Level 1:colcon.colcon_core.package_identification:_identify(.) by extensions ['colcon_pkg']
[1.126s] Level 1:colcon.colcon_core.package_identification:_identify(.) by extension 'colcon_pkg'
[1.126s] Level 1:colcon.colcon_core.package_identification:_identify(.) by extensions ['colcon_meta']
[1.126s] Level 1:colcon.colcon_core.package_identification:_identify(.) by extension 'colcon_meta'
[1.126s] Level 1:colcon.colcon_core.package_identification:_identify(.) by extensions ['ros']
[1.126s] Level 1:colcon.colcon_core.package_identification:_identify(.) by extension 'ros'
[1.137s] Level 1:colcon.colcon_core.package_identification:_identify(.) by extensions ['cmake', 'python']
[1.137s] Level 1:colcon.colcon_core.package_identification:_identify(.) by extension 'cmake'
[1.138s] Level 1:colcon.colcon_core.package_identification:_identify(.) by extension 'python'
[1.138s] Level 1:colcon.colcon_core.package_identification:_identify(.) by extensions ['python_setup_py']
[1.138s] Level 1:colcon.colcon_core.package_identification:_identify(.) by extension 'python_setup_py'
[1.138s] Level 1:colcon.colcon_core.package_identification:_identify(build) by extensions ['ignore', 'ignore_ament_install']
[1.138s] Level 1:colcon.colcon_core.package_identification:_identify(build) by extension 'ignore'
[1.138s] Level 1:colcon.colcon_core.package_identification:_identify(build) ignored
[1.138s] Level 1:colcon.colcon_core.package_identification:_identify(install) by extensions ['ignore', 'ignore_ament_install']
[1.138s] Level 1:colcon.colcon_core.package_identification:_identify(install) by extension 'ignore'
[1.138s] Level 1:colcon.colcon_core.package_identification:_identify(install) ignored
[1.138s] Level 1:colcon.colcon_core.package_identification:_identify(log) by extensions ['ignore', 'ignore_ament_install']
[1.139s] Level 1:colcon.colcon_core.package_identification:_identify(log) by extension 'ignore'
[1.139s] Level 1:colcon.colcon_core.package_identification:_identify(log) ignored
[1.139s] Level 1:colcon.colcon_core.package_identification:_identify(src) by extensions ['ignore', 'ignore_ament_install']
[1.139s] Level 1:colcon.colcon_core.package_identification:_identify(src) by extension 'ignore'
[1.139s] Level 1:colcon.colcon_core.package_identification:_identify(src) by extension 'ignore_ament_install'
[1.139s] Level 1:colcon.colcon_core.package_identification:_identify(src) by extensions ['colcon_pkg']
[1.139s] Level 1:colcon.colcon_core.package_identification:_identify(src) by extension 'colcon_pkg'
[1.139s] Level 1:colcon.colcon_core.package_identification:_identify(src) by extensions ['colcon_meta']
[1.139s] Level 1:colcon.colcon_core.package_identification:_identify(src) by extension 'colcon_meta'
[1.139s] Level 1:colcon.colcon_core.package_identification:_identify(src) by extensions ['ros']
[1.139s] Level 1:colcon.colcon_core.package_identification:_identify(src) by extension 'ros'
[1.139s] Level 1:colcon.colcon_core.package_identification:_identify(src) by extensions ['cmake', 'python']
[1.139s] Level 1:colcon.colcon_core.package_identification:_identify(src) by extension 'cmake'
[1.139s] Level 1:colcon.colcon_core.package_identification:_identify(src) by extension 'python'
[1.139s] Level 1:colcon.colcon_core.package_identification:_identify(src) by extensions ['python_setup_py']
[1.139s] Level 1:colcon.colcon_core.package_identification:_identify(src) by extension 'python_setup_py'
[1.140s] Level 1:colcon.colcon_core.package_identification:_identify(src/build) by extensions ['ignore', 'ignore_ament_install']
[1.140s] Level 1:colcon.colcon_core.package_identification:_identify(src/build) by extension 'ignore'
[1.140s] Level 1:colcon.colcon_core.package_identification:_identify(src/build) ignored
[1.140s] Level 1:colcon.colcon_core.package_identification:_identify(src/cpp_pubsub) by extensions ['ignore', 'ignore_ament_install']
[1.140s] Level 1:colcon.colcon_core.package_identification:_identify(src/cpp_pubsub) by extension 'ignore'
[1.140s] Level 1:colcon.colcon_core.package_identification:_identify(src/cpp_pubsub) by extension 'ignore_ament_install'
[1.140s] Level 1:colcon.colcon_core.package_identification:_identify(src/cpp_pubsub) by extensions ['colcon_pkg']
[1.140s] Level 1:colcon.colcon_core.package_identification:_identify(src/cpp_pubsub) by extension 'colcon_pkg'
[1.140s] Level 1:colcon.colcon_core.package_identification:_identify(src/cpp_pubsub) by extensions ['colcon_meta']
[1.140s] Level 1:colcon.colcon_core.package_identification:_identify(src/cpp_pubsub) by extension 'colcon_meta'
[1.140s] Level 1:colcon.colcon_core.package_identification:_identify(src/cpp_pubsub) by extensions ['ros']
[1.140s] Level 1:colcon.colcon_core.package_identification:_identify(src/cpp_pubsub) by extension 'ros'
[1.143s] DEBUG:colcon.colcon_core.package_identification:Package 'src/cpp_pubsub' with type 'ros.ament_cmake' and name 'cpp_pubsub'
[1.143s] Level 1:colcon.colcon_core.package_identification:_identify(src/flare_detect) by extensions ['ignore', 'ignore_ament_install']
[1.143s] Level 1:colcon.colcon_core.package_identification:_identify(src/flare_detect) by extension 'ignore'
[1.143s] Level 1:colcon.colcon_core.package_identification:_identify(src/flare_detect) by extension 'ignore_ament_install'
[1.143s] Level 1:colcon.colcon_core.package_identification:_identify(src/flare_detect) by extensions ['colcon_pkg']
[1.143s] Level 1:colcon.colcon_core.package_identification:_identify(src/flare_detect) by extension 'colcon_pkg'
[1.143s] Level 1:colcon.colcon_core.package_identification:_identify(src/flare_detect) by extensions ['colcon_meta']
[1.143s] Level 1:colcon.colcon_core.package_identification:_identify(src/flare_detect) by extension 'colcon_meta'
[1.144s] Level 1:colcon.colcon_core.package_identification:_identify(src/flare_detect) by extensions ['ros']
[1.144s] Level 1:colcon.colcon_core.package_identification:_identify(src/flare_detect) by extension 'ros'
[1.144s] DEBUG:colcon.colcon_core.package_identification:Package 'src/flare_detect' with type 'ros.ament_cmake' and name 'flare_detect'
[1.144s] Level 1:colcon.colcon_core.package_identification:_identify(src/install) by extensions ['ignore', 'ignore_ament_install']
[1.144s] Level 1:colcon.colcon_core.package_identification:_identify(src/install) by extension 'ignore'
[1.144s] Level 1:colcon.colcon_core.package_identification:_identify(src/install) ignored
[1.145s] Level 1:colcon.colcon_core.package_identification:_identify(src/log) by extensions ['ignore', 'ignore_ament_install']
[1.145s] Level 1:colcon.colcon_core.package_identification:_identify(src/log) by extension 'ignore'
[1.145s] Level 1:colcon.colcon_core.package_identification:_identify(src/log) ignored
[1.145s] Level 1:colcon.colcon_core.package_identification:_identify(src/msg) by extensions ['ignore', 'ignore_ament_install']
[1.145s] Level 1:colcon.colcon_core.package_identification:_identify(src/msg) by extension 'ignore'
[1.145s] Level 1:colcon.colcon_core.package_identification:_identify(src/msg) by extension 'ignore_ament_install'
[1.145s] Level 1:colcon.colcon_core.package_identification:_identify(src/msg) by extensions ['colcon_pkg']
[1.145s] Level 1:colcon.colcon_core.package_identification:_identify(src/msg) by extension 'colcon_pkg'
[1.145s] Level 1:colcon.colcon_core.package_identification:_identify(src/msg) by extensions ['colcon_meta']
[1.145s] Level 1:colcon.colcon_core.package_identification:_identify(src/msg) by extension 'colcon_meta'
[1.145s] Level 1:colcon.colcon_core.package_identification:_identify(src/msg) by extensions ['ros']
[1.145s] Level 1:colcon.colcon_core.package_identification:_identify(src/msg) by extension 'ros'
[1.145s] Level 1:colcon.colcon_core.package_identification:_identify(src/msg) by extensions ['cmake', 'python']
[1.145s] Level 1:colcon.colcon_core.package_identification:_identify(src/msg) by extension 'cmake'
[1.145s] Level 1:colcon.colcon_core.package_identification:_identify(src/msg) by extension 'python'
[1.145s] Level 1:colcon.colcon_core.package_identification:_identify(src/msg) by extensions ['python_setup_py']
[1.145s] Level 1:colcon.colcon_core.package_identification:_identify(src/msg) by extension 'python_setup_py'
[1.146s] Level 1:colcon.colcon_core.package_identification:_identify(src/my_package) by extensions ['ignore', 'ignore_ament_install']
[1.146s] Level 1:colcon.colcon_core.package_identification:_identify(src/my_package) by extension 'ignore'
[1.146s] Level 1:colcon.colcon_core.package_identification:_identify(src/my_package) by extension 'ignore_ament_install'
[1.146s] Level 1:colcon.colcon_core.package_identification:_identify(src/my_package) by extensions ['colcon_pkg']
[1.146s] Level 1:colcon.colcon_core.package_identification:_identify(src/my_package) by extension 'colcon_pkg'
[1.146s] Level 1:colcon.colcon_core.package_identification:_identify(src/my_package) by extensions ['colcon_meta']
[1.146s] Level 1:colcon.colcon_core.package_identification:_identify(src/my_package) by extension 'colcon_meta'
[1.146s] Level 1:colcon.colcon_core.package_identification:_identify(src/my_package) by extensions ['ros']
[1.146s] Level 1:colcon.colcon_core.package_identification:_identify(src/my_package) by extension 'ros'
[1.146s] DEBUG:colcon.colcon_core.package_identification:Package 'src/my_package' with type 'ros.ament_cmake' and name 'my_package'
[1.146s] Level 1:colcon.colcon_core.package_identification:_identify(src/pub_controller) by extensions ['ignore', 'ignore_ament_install']
[1.147s] Level 1:colcon.colcon_core.package_identification:_identify(src/pub_controller) by extension 'ignore'
[1.147s] Level 1:colcon.colcon_core.package_identification:_identify(src/pub_controller) by extension 'ignore_ament_install'
[1.147s] Level 1:colcon.colcon_core.package_identification:_identify(src/pub_controller) by extensions ['colcon_pkg']
[1.147s] Level 1:colcon.colcon_core.package_identification:_identify(src/pub_controller) by extension 'colcon_pkg'
[1.147s] Level 1:colcon.colcon_core.package_identification:_identify(src/pub_controller) by extensions ['colcon_meta']
[1.147s] Level 1:colcon.colcon_core.package_identification:_identify(src/pub_controller) by extension 'colcon_meta'
[1.147s] Level 1:colcon.colcon_core.package_identification:_identify(src/pub_controller) by extensions ['ros']
[1.147s] Level 1:colcon.colcon_core.package_identification:_identify(src/pub_controller) by extension 'ros'
[1.148s] DEBUG:colcon.colcon_core.package_identification:Package 'src/pub_controller' with type 'ros.ament_cmake' and name 'pub_controller'
[1.148s] Level 1:colcon.colcon_core.package_identification:_identify(src/ros2_color_detection) by extensions ['ignore', 'ignore_ament_install']
[1.148s] Level 1:colcon.colcon_core.package_identification:_identify(src/ros2_color_detection) by extension 'ignore'
[1.148s] Level 1:colcon.colcon_core.package_identification:_identify(src/ros2_color_detection) by extension 'ignore_ament_install'
[1.148s] Level 1:colcon.colcon_core.package_identification:_identify(src/ros2_color_detection) by extensions ['colcon_pkg']
[1.148s] Level 1:colcon.colcon_core.package_identification:_identify(src/ros2_color_detection) by extension 'colcon_pkg'
[1.148s] Level 1:colcon.colcon_core.package_identification:_identify(src/ros2_color_detection) by extensions ['colcon_meta']
[1.148s] Level 1:colcon.colcon_core.package_identification:_identify(src/ros2_color_detection) by extension 'colcon_meta'
[1.148s] Level 1:colcon.colcon_core.package_identification:_identify(src/ros2_color_detection) by extensions ['ros']
[1.148s] Level 1:colcon.colcon_core.package_identification:_identify(src/ros2_color_detection) by extension 'ros'
[1.148s] Level 1:colcon.colcon_core.package_identification:_identify(src/ros2_color_detection) by extensions ['cmake', 'python']
[1.148s] Level 1:colcon.colcon_core.package_identification:_identify(src/ros2_color_detection) by extension 'cmake'
[1.148s] Level 1:colcon.colcon_core.package_identification:_identify(src/ros2_color_detection) by extension 'python'
[1.148s] Level 1:colcon.colcon_core.package_identification:_identify(src/ros2_color_detection) by extensions ['python_setup_py']
[1.148s] Level 1:colcon.colcon_core.package_identification:_identify(src/ros2_color_detection) by extension 'python_setup_py'
[1.149s] Level 1:colcon.colcon_core.package_identification:_identify(src/ros2_color_detection/ros2_color_detection) by extensions ['ignore', 'ignore_ament_install']
[1.149s] Level 1:colcon.colcon_core.package_identification:_identify(src/ros2_color_detection/ros2_color_detection) by extension 'ignore'
[1.149s] Level 1:colcon.colcon_core.package_identification:_identify(src/ros2_color_detection/ros2_color_detection) by extension 'ignore_ament_install'
[1.149s] Level 1:colcon.colcon_core.package_identification:_identify(src/ros2_color_detection/ros2_color_detection) by extensions ['colcon_pkg']
[1.149s] Level 1:colcon.colcon_core.package_identification:_identify(src/ros2_color_detection/ros2_color_detection) by extension 'colcon_pkg'
[1.149s] Level 1:colcon.colcon_core.package_identification:_identify(src/ros2_color_detection/ros2_color_detection) by extensions ['colcon_meta']
[1.149s] Level 1:colcon.colcon_core.package_identification:_identify(src/ros2_color_detection/ros2_color_detection) by extension 'colcon_meta'
[1.149s] Level 1:colcon.colcon_core.package_identification:_identify(src/ros2_color_detection/ros2_color_detection) by extensions ['ros']
[1.149s] Level 1:colcon.colcon_core.package_identification:_identify(src/ros2_color_detection/ros2_color_detection) by extension 'ros'
[1.150s] DEBUG:colcon.colcon_core.package_identification:Package 'src/ros2_color_detection/ros2_color_detection' with type 'ros.ament_cmake' and name 'ros2_color_detection'
[1.150s] Level 1:colcon.colcon_core.package_identification:_identify(src/src) by extensions ['ignore', 'ignore_ament_install']
[1.150s] Level 1:colcon.colcon_core.package_identification:_identify(src/src) by extension 'ignore'
[1.150s] Level 1:colcon.colcon_core.package_identification:_identify(src/src) by extension 'ignore_ament_install'
[1.150s] Level 1:colcon.colcon_core.package_identification:_identify(src/src) by extensions ['colcon_pkg']
[1.150s] Level 1:colcon.colcon_core.package_identification:_identify(src/src) by extension 'colcon_pkg'
[1.150s] Level 1:colcon.colcon_core.package_identification:_identify(src/src) by extensions ['colcon_meta']
[1.150s] Level 1:colcon.colcon_core.package_identification:_identify(src/src) by extension 'colcon_meta'
[1.150s] Level 1:colcon.colcon_core.package_identification:_identify(src/src) by extensions ['ros']
[1.150s] Level 1:colcon.colcon_core.package_identification:_identify(src/src) by extension 'ros'
[1.150s] Level 1:colcon.colcon_core.package_identification:_identify(src/src) by extensions ['cmake', 'python']
[1.150s] Level 1:colcon.colcon_core.package_identification:_identify(src/src) by extension 'cmake'
[1.151s] Level 1:colcon.colcon_core.package_identification:_identify(src/src) by extension 'python'
[1.151s] Level 1:colcon.colcon_core.package_identification:_identify(src/src) by extensions ['python_setup_py']
[1.151s] Level 1:colcon.colcon_core.package_identification:_identify(src/src) by extension 'python_setup_py'
[1.151s] Level 1:colcon.colcon_core.package_identification:_identify(src/src/examples) by extensions ['ignore', 'ignore_ament_install']
[1.151s] Level 1:colcon.colcon_core.package_identification:_identify(src/src/examples) by extension 'ignore'
[1.151s] Level 1:colcon.colcon_core.package_identification:_identify(src/src/examples) by extension 'ignore_ament_install'
[1.151s] Level 1:colcon.colcon_core.package_identification:_identify(src/src/examples) by extensions ['colcon_pkg']
[1.151s] Level 1:colcon.colcon_core.package_identification:_identify(src/src/examples) by extension 'colcon_pkg'
[1.151s] Level 1:colcon.colcon_core.package_identification:_identify(src/src/examples) by extensions ['colcon_meta']
[1.151s] Level 1:colcon.colcon_core.package_identification:_identify(src/src/examples) by extension 'colcon_meta'
[1.151s] Level 1:colcon.colcon_core.package_identification:_identify(src/src/examples) by extensions ['ros']
[1.151s] Level 1:colcon.colcon_core.package_identification:_identify(src/src/examples) by extension 'ros'
[1.152s] Level 1:colcon.colcon_core.package_identification:_identify(src/src/examples) by extensions ['cmake', 'python']
[1.152s] Level 1:colcon.colcon_core.package_identification:_identify(src/src/examples) by extension 'cmake'
[1.152s] Level 1:colcon.colcon_core.package_identification:_identify(src/src/examples) by extension 'python'
[1.152s] Level 1:colcon.colcon_core.package_identification:_identify(src/src/examples) by extensions ['python_setup_py']
[1.152s] Level 1:colcon.colcon_core.package_identification:_identify(src/src/examples) by extension 'python_setup_py'
[1.152s] Level 1:colcon.colcon_core.package_identification:_identify(src/src/examples/launch_testing) by extensions ['ignore', 'ignore_ament_install']
[1.152s] Level 1:colcon.colcon_core.package_identification:_identify(src/src/examples/launch_testing) by extension 'ignore'
[1.152s] Level 1:colcon.colcon_core.package_identification:_identify(src/src/examples/launch_testing) by extension 'ignore_ament_install'
[1.152s] Level 1:colcon.colcon_core.package_identification:_identify(src/src/examples/launch_testing) by extensions ['colcon_pkg']
[1.152s] Level 1:colcon.colcon_core.package_identification:_identify(src/src/examples/launch_testing) by extension 'colcon_pkg'
[1.152s] Level 1:colcon.colcon_core.package_identification:_identify(src/src/examples/launch_testing) by extensions ['colcon_meta']
[1.152s] Level 1:colcon.colcon_core.package_identification:_identify(src/src/examples/launch_testing) by extension 'colcon_meta'
[1.153s] Level 1:colcon.colcon_core.package_identification:_identify(src/src/examples/launch_testing) by extensions ['ros']
[1.153s] Level 1:colcon.colcon_core.package_identification:_identify(src/src/examples/launch_testing) by extension 'ros'
[1.153s] Level 1:colcon.colcon_core.package_identification:_identify(src/src/examples/launch_testing) by extensions ['cmake', 'python']
[1.153s] Level 1:colcon.colcon_core.package_identification:_identify(src/src/examples/launch_testing) by extension 'cmake'
[1.153s] Level 1:colcon.colcon_core.package_identification:_identify(src/src/examples/launch_testing) by extension 'python'
[1.153s] Level 1:colcon.colcon_core.package_identification:_identify(src/src/examples/launch_testing) by extensions ['python_setup_py']
[1.153s] Level 1:colcon.colcon_core.package_identification:_identify(src/src/examples/launch_testing) by extension 'python_setup_py'
[1.153s] Level 1:colcon.colcon_core.package_identification:_identify(src/src/examples/launch_testing/launch_testing_examples) by extensions ['ignore', 'ignore_ament_install']
[1.153s] Level 1:colcon.colcon_core.package_identification:_identify(src/src/examples/launch_testing/launch_testing_examples) by extension 'ignore'
[1.153s] Level 1:colcon.colcon_core.package_identification:_identify(src/src/examples/launch_testing/launch_testing_examples) by extension 'ignore_ament_install'
[1.153s] Level 1:colcon.colcon_core.package_identification:_identify(src/src/examples/launch_testing/launch_testing_examples) by extensions ['colcon_pkg']
[1.153s] Level 1:colcon.colcon_core.package_identification:_identify(src/src/examples/launch_testing/launch_testing_examples) by extension 'colcon_pkg'
[1.153s] Level 1:colcon.colcon_core.package_identification:_identify(src/src/examples/launch_testing/launch_testing_examples) by extensions ['colcon_meta']
[1.153s] Level 1:colcon.colcon_core.package_identification:_identify(src/src/examples/launch_testing/launch_testing_examples) by extension 'colcon_meta'
[1.153s] Level 1:colcon.colcon_core.package_identification:_identify(src/src/examples/launch_testing/launch_testing_examples) by extensions ['ros']
[1.153s] Level 1:colcon.colcon_core.package_identification:_identify(src/src/examples/launch_testing/launch_testing_examples) by extension 'ros'
[1.154s] DEBUG:colcon.colcon_core.package_identification:Package 'src/src/examples/launch_testing/launch_testing_examples' with type 'ros.ament_python' and name 'launch_testing_examples'
[1.154s] Level 1:colcon.colcon_core.package_identification:_identify(src/src/examples/rclcpp) by extensions ['ignore', 'ignore_ament_install']
[1.154s] Level 1:colcon.colcon_core.package_identification:_identify(src/src/examples/rclcpp) by extension 'ignore'
[1.154s] Level 1:colcon.colcon_core.package_identification:_identify(src/src/examples/rclcpp) by extension 'ignore_ament_install'
[1.154s] Level 1:colcon.colcon_core.package_identification:_identify(src/src/examples/rclcpp) by extensions ['colcon_pkg']
[1.154s] Level 1:colcon.colcon_core.package_identification:_identify(src/src/examples/rclcpp) by extension 'colcon_pkg'
[1.154s] Level 1:colcon.colcon_core.package_identification:_identify(src/src/examples/rclcpp) by extensions ['colcon_meta']
[1.155s] Level 1:colcon.colcon_core.package_identification:_identify(src/src/examples/rclcpp) by extension 'colcon_meta'
[1.155s] Level 1:colcon.colcon_core.package_identification:_identify(src/src/examples/rclcpp) by extensions ['ros']
[1.155s] Level 1:colcon.colcon_core.package_identification:_identify(src/src/examples/rclcpp) by extension 'ros'
[1.155s] Level 1:colcon.colcon_core.package_identification:_identify(src/src/examples/rclcpp) by extensions ['cmake', 'python']
[1.155s] Level 1:colcon.colcon_core.package_identification:_identify(src/src/examples/rclcpp) by extension 'cmake'
[1.155s] Level 1:colcon.colcon_core.package_identification:_identify(src/src/examples/rclcpp) by extension 'python'
[1.155s] Level 1:colcon.colcon_core.package_identification:_identify(src/src/examples/rclcpp) by extensions ['python_setup_py']
[1.155s] Level 1:colcon.colcon_core.package_identification:_identify(src/src/examples/rclcpp) by extension 'python_setup_py'
[1.155s] Level 1:colcon.colcon_core.package_identification:_identify(src/src/examples/rclcpp/actions) by extensions ['ignore', 'ignore_ament_install']
[1.155s] Level 1:colcon.colcon_core.package_identification:_identify(src/src/examples/rclcpp/actions) by extension 'ignore'
[1.155s] Level 1:colcon.colcon_core.package_identification:_identify(src/src/examples/rclcpp/actions) by extension 'ignore_ament_install'
[1.155s] Level 1:colcon.colcon_core.package_identification:_identify(src/src/examples/rclcpp/actions) by extensions ['colcon_pkg']
[1.155s] Level 1:colcon.colcon_core.package_identification:_identify(src/src/examples/rclcpp/actions) by extension 'colcon_pkg'
[1.155s] Level 1:colcon.colcon_core.package_identification:_identify(src/src/examples/rclcpp/actions) by extensions ['colcon_meta']
[1.155s] Level 1:colcon.colcon_core.package_identification:_identify(src/src/examples/rclcpp/actions) by extension 'colcon_meta'
[1.155s] Level 1:colcon.colcon_core.package_identification:_identify(src/src/examples/rclcpp/actions) by extensions ['ros']
[1.155s] Level 1:colcon.colcon_core.package_identification:_identify(src/src/examples/rclcpp/actions) by extension 'ros'
[1.155s] Level 1:colcon.colcon_core.package_identification:_identify(src/src/examples/rclcpp/actions) by extensions ['cmake', 'python']
[1.156s] Level 1:colcon.colcon_core.package_identification:_identify(src/src/examples/rclcpp/actions) by extension 'cmake'
[1.156s] Level 1:colcon.colcon_core.package_identification:_identify(src/src/examples/rclcpp/actions) by extension 'python'
[1.156s] Level 1:colcon.colcon_core.package_identification:_identify(src/src/examples/rclcpp/actions) by extensions ['python_setup_py']
[1.156s] Level 1:colcon.colcon_core.package_identification:_identify(src/src/examples/rclcpp/actions) by extension 'python_setup_py'
[1.156s] Level 1:colcon.colcon_core.package_identification:_identify(src/src/examples/rclcpp/actions/minimal_action_client) by extensions ['ignore', 'ignore_ament_install']
[1.156s] Level 1:colcon.colcon_core.package_identification:_identify(src/src/examples/rclcpp/actions/minimal_action_client) by extension 'ignore'
[1.156s] Level 1:colcon.colcon_core.package_identification:_identify(src/src/examples/rclcpp/actions/minimal_action_client) by extension 'ignore_ament_install'
[1.156s] Level 1:colcon.colcon_core.package_identification:_identify(src/src/examples/rclcpp/actions/minimal_action_client) by extensions ['colcon_pkg']
[1.156s] Level 1:colcon.colcon_core.package_identification:_identify(src/src/examples/rclcpp/actions/minimal_action_client) by extension 'colcon_pkg'
[1.156s] Level 1:colcon.colcon_core.package_identification:_identify(src/src/examples/rclcpp/actions/minimal_action_client) by extensions ['colcon_meta']
[1.156s] Level 1:colcon.colcon_core.package_identification:_identify(src/src/examples/rclcpp/actions/minimal_action_client) by extension 'colcon_meta'
[1.156s] Level 1:colcon.colcon_core.package_identification:_identify(src/src/examples/rclcpp/actions/minimal_action_client) by extensions ['ros']
[1.156s] Level 1:colcon.colcon_core.package_identification:_identify(src/src/examples/rclcpp/actions/minimal_action_client) by extension 'ros'
[1.157s] DEBUG:colcon.colcon_core.package_identification:Package 'src/src/examples/rclcpp/actions/minimal_action_client' with type 'ros.ament_cmake' and name 'examples_rclcpp_minimal_action_client'
[1.157s] Level 1:colcon.colcon_core.package_identification:_identify(src/src/examples/rclcpp/actions/minimal_action_server) by extensions ['ignore', 'ignore_ament_install']
[1.157s] Level 1:colcon.colcon_core.package_identification:_identify(src/src/examples/rclcpp/actions/minimal_action_server) by extension 'ignore'
[1.158s] Level 1:colcon.colcon_core.package_identification:_identify(src/src/examples/rclcpp/actions/minimal_action_server) by extension 'ignore_ament_install'
[1.158s] Level 1:colcon.colcon_core.package_identification:_identify(src/src/examples/rclcpp/actions/minimal_action_server) by extensions ['colcon_pkg']
[1.158s] Level 1:colcon.colcon_core.package_identification:_identify(src/src/examples/rclcpp/actions/minimal_action_server) by extension 'colcon_pkg'
[1.158s] Level 1:colcon.colcon_core.package_identification:_identify(src/src/examples/rclcpp/actions/minimal_action_server) by extensions ['colcon_meta']
[1.158s] Level 1:colcon.colcon_core.package_identification:_identify(src/src/examples/rclcpp/actions/minimal_action_server) by extension 'colcon_meta'
[1.158s] Level 1:colcon.colcon_core.package_identification:_identify(src/src/examples/rclcpp/actions/minimal_action_server) by extensions ['ros']
[1.158s] Level 1:colcon.colcon_core.package_identification:_identify(src/src/examples/rclcpp/actions/minimal_action_server) by extension 'ros'
[1.159s] DEBUG:colcon.colcon_core.package_identification:Package 'src/src/examples/rclcpp/actions/minimal_action_server' with type 'ros.ament_cmake' and name 'examples_rclcpp_minimal_action_server'
[1.159s] Level 1:colcon.colcon_core.package_identification:_identify(src/src/examples/rclcpp/composition) by extensions ['ignore', 'ignore_ament_install']
[1.159s] Level 1:colcon.colcon_core.package_identification:_identify(src/src/examples/rclcpp/composition) by extension 'ignore'
[1.159s] Level 1:colcon.colcon_core.package_identification:_identify(src/src/examples/rclcpp/composition) by extension 'ignore_ament_install'
[1.159s] Level 1:colcon.colcon_core.package_identification:_identify(src/src/examples/rclcpp/composition) by extensions ['colcon_pkg']
[1.159s] Level 1:colcon.colcon_core.package_identification:_identify(src/src/examples/rclcpp/composition) by extension 'colcon_pkg'
[1.159s] Level 1:colcon.colcon_core.package_identification:_identify(src/src/examples/rclcpp/composition) by extensions ['colcon_meta']
[1.159s] Level 1:colcon.colcon_core.package_identification:_identify(src/src/examples/rclcpp/composition) by extension 'colcon_meta'
[1.159s] Level 1:colcon.colcon_core.package_identification:_identify(src/src/examples/rclcpp/composition) by extensions ['ros']
[1.159s] Level 1:colcon.colcon_core.package_identification:_identify(src/src/examples/rclcpp/composition) by extension 'ros'
[1.160s] Level 1:colcon.colcon_core.package_identification:_identify(src/src/examples/rclcpp/composition) by extensions ['cmake', 'python']
[1.160s] Level 1:colcon.colcon_core.package_identification:_identify(src/src/examples/rclcpp/composition) by extension 'cmake'
[1.160s] Level 1:colcon.colcon_core.package_identification:_identify(src/src/examples/rclcpp/composition) by extension 'python'
[1.160s] Level 1:colcon.colcon_core.package_identification:_identify(src/src/examples/rclcpp/composition) by extensions ['python_setup_py']
[1.160s] Level 1:colcon.colcon_core.package_identification:_identify(src/src/examples/rclcpp/composition) by extension 'python_setup_py'
[1.160s] Level 1:colcon.colcon_core.package_identification:_identify(src/src/examples/rclcpp/composition/minimal_composition) by extensions ['ignore', 'ignore_ament_install']
[1.160s] Level 1:colcon.colcon_core.package_identification:_identify(src/src/examples/rclcpp/composition/minimal_composition) by extension 'ignore'
[1.160s] Level 1:colcon.colcon_core.package_identification:_identify(src/src/examples/rclcpp/composition/minimal_composition) by extension 'ignore_ament_install'
[1.160s] Level 1:colcon.colcon_core.package_identification:_identify(src/src/examples/rclcpp/composition/minimal_composition) by extensions ['colcon_pkg']
[1.160s] Level 1:colcon.colcon_core.package_identification:_identify(src/src/examples/rclcpp/composition/minimal_composition) by extension 'colcon_pkg'
[1.160s] Level 1:colcon.colcon_core.package_identification:_identify(src/src/examples/rclcpp/composition/minimal_composition) by extensions ['colcon_meta']
[1.160s] Level 1:colcon.colcon_core.package_identification:_identify(src/src/examples/rclcpp/composition/minimal_composition) by extension 'colcon_meta'
[1.160s] Level 1:colcon.colcon_core.package_identification:_identify(src/src/examples/rclcpp/composition/minimal_composition) by extensions ['ros']
[1.160s] Level 1:colcon.colcon_core.package_identification:_identify(src/src/examples/rclcpp/composition/minimal_composition) by extension 'ros'
[1.161s] DEBUG:colcon.colcon_core.package_identification:Package 'src/src/examples/rclcpp/composition/minimal_composition' with type 'ros.ament_cmake' and name 'examples_rclcpp_minimal_composition'
[1.161s] Level 1:colcon.colcon_core.package_identification:_identify(src/src/examples/rclcpp/executors) by extensions ['ignore', 'ignore_ament_install']
[1.161s] Level 1:colcon.colcon_core.package_identification:_identify(src/src/examples/rclcpp/executors) by extension 'ignore'
[1.162s] Level 1:colcon.colcon_core.package_identification:_identify(src/src/examples/rclcpp/executors) by extension 'ignore_ament_install'
[1.162s] Level 1:colcon.colcon_core.package_identification:_identify(src/src/examples/rclcpp/executors) by extensions ['colcon_pkg']
[1.162s] Level 1:colcon.colcon_core.package_identification:_identify(src/src/examples/rclcpp/executors) by extension 'colcon_pkg'
[1.162s] Level 1:colcon.colcon_core.package_identification:_identify(src/src/examples/rclcpp/executors) by extensions ['colcon_meta']
[1.162s] Level 1:colcon.colcon_core.package_identification:_identify(src/src/examples/rclcpp/executors) by extension 'colcon_meta'
[1.162s] Level 1:colcon.colcon_core.package_identification:_identify(src/src/examples/rclcpp/executors) by extensions ['ros']
[1.162s] Level 1:colcon.colcon_core.package_identification:_identify(src/src/examples/rclcpp/executors) by extension 'ros'
[1.162s] Level 1:colcon.colcon_core.package_identification:_identify(src/src/examples/rclcpp/executors) by extensions ['cmake', 'python']
[1.162s] Level 1:colcon.colcon_core.package_identification:_identify(src/src/examples/rclcpp/executors) by extension 'cmake'
[1.162s] Level 1:colcon.colcon_core.package_identification:_identify(src/src/examples/rclcpp/executors) by extension 'python'
[1.162s] Level 1:colcon.colcon_core.package_identification:_identify(src/src/examples/rclcpp/executors) by extensions ['python_setup_py']
[1.162s] Level 1:colcon.colcon_core.package_identification:_identify(src/src/examples/rclcpp/executors) by extension 'python_setup_py'
[1.162s] Level 1:colcon.colcon_core.package_identification:_identify(src/src/examples/rclcpp/executors/cbg_executor) by extensions ['ignore', 'ignore_ament_install']
[1.162s] Level 1:colcon.colcon_core.package_identification:_identify(src/src/examples/rclcpp/executors/cbg_executor) by extension 'ignore'
[1.162s] Level 1:colcon.colcon_core.package_identification:_identify(src/src/examples/rclcpp/executors/cbg_executor) by extension 'ignore_ament_install'
[1.162s] Level 1:colcon.colcon_core.package_identification:_identify(src/src/examples/rclcpp/executors/cbg_executor) by extensions ['colcon_pkg']
[1.162s] Level 1:colcon.colcon_core.package_identification:_identify(src/src/examples/rclcpp/executors/cbg_executor) by extension 'colcon_pkg'
[1.163s] Level 1:colcon.colcon_core.package_identification:_identify(src/src/examples/rclcpp/executors/cbg_executor) by extensions ['colcon_meta']
[1.163s] Level 1:colcon.colcon_core.package_identification:_identify(src/src/examples/rclcpp/executors/cbg_executor) by extension 'colcon_meta'
[1.163s] Level 1:colcon.colcon_core.package_identification:_identify(src/src/examples/rclcpp/executors/cbg_executor) by extensions ['ros']
[1.163s] Level 1:colcon.colcon_core.package_identification:_identify(src/src/examples/rclcpp/executors/cbg_executor) by extension 'ros'
[1.163s] DEBUG:colcon.colcon_core.package_identification:Package 'src/src/examples/rclcpp/executors/cbg_executor' with type 'ros.ament_cmake' and name 'examples_rclcpp_cbg_executor'
[1.163s] Level 1:colcon.colcon_core.package_identification:_identify(src/src/examples/rclcpp/executors/multithreaded_executor) by extensions ['ignore', 'ignore_ament_install']
[1.164s] Level 1:colcon.colcon_core.package_identification:_identify(src/src/examples/rclcpp/executors/multithreaded_executor) by extension 'ignore'
[1.164s] Level 1:colcon.colcon_core.package_identification:_identify(src/src/examples/rclcpp/executors/multithreaded_executor) by extension 'ignore_ament_install'
[1.164s] Level 1:colcon.colcon_core.package_identification:_identify(src/src/examples/rclcpp/executors/multithreaded_executor) by extensions ['colcon_pkg']
[1.164s] Level 1:colcon.colcon_core.package_identification:_identify(src/src/examples/rclcpp/executors/multithreaded_executor) by extension 'colcon_pkg'
[1.164s] Level 1:colcon.colcon_core.package_identification:_identify(src/src/examples/rclcpp/executors/multithreaded_executor) by extensions ['colcon_meta']
[1.164s] Level 1:colcon.colcon_core.package_identification:_identify(src/src/examples/rclcpp/executors/multithreaded_executor) by extension 'colcon_meta'
[1.164s] Level 1:colcon.colcon_core.package_identification:_identify(src/src/examples/rclcpp/executors/multithreaded_executor) by extensions ['ros']
[1.164s] Level 1:colcon.colcon_core.package_identification:_identify(src/src/examples/rclcpp/executors/multithreaded_executor) by extension 'ros'
[1.164s] DEBUG:colcon.colcon_core.package_identification:Package 'src/src/examples/rclcpp/executors/multithreaded_executor' with type 'ros.ament_cmake' and name 'examples_rclcpp_multithreaded_executor'
[1.165s] Level 1:colcon.colcon_core.package_identification:_identify(src/src/examples/rclcpp/services) by extensions ['ignore', 'ignore_ament_install']
[1.165s] Level 1:colcon.colcon_core.package_identification:_identify(src/src/examples/rclcpp/services) by extension 'ignore'
[1.165s] Level 1:colcon.colcon_core.package_identification:_identify(src/src/examples/rclcpp/services) by extension 'ignore_ament_install'
[1.165s] Level 1:colcon.colcon_core.package_identification:_identify(src/src/examples/rclcpp/services) by extensions ['colcon_pkg']
[1.165s] Level 1:colcon.colcon_core.package_identification:_identify(src/src/examples/rclcpp/services) by extension 'colcon_pkg'
[1.165s] Level 1:colcon.colcon_core.package_identification:_identify(src/src/examples/rclcpp/services) by extensions ['colcon_meta']
[1.165s] Level 1:colcon.colcon_core.package_identification:_identify(src/src/examples/rclcpp/services) by extension 'colcon_meta'
[1.165s] Level 1:colcon.colcon_core.package_identification:_identify(src/src/examples/rclcpp/services) by extensions ['ros']
[1.165s] Level 1:colcon.colcon_core.package_identification:_identify(src/src/examples/rclcpp/services) by extension 'ros'
[1.165s] Level 1:colcon.colcon_core.package_identification:_identify(src/src/examples/rclcpp/services) by extensions ['cmake', 'python']
[1.165s] Level 1:colcon.colcon_core.package_identification:_identify(src/src/examples/rclcpp/services) by extension 'cmake'
[1.165s] Level 1:colcon.colcon_core.package_identification:_identify(src/src/examples/rclcpp/services) by extension 'python'
[1.165s] Level 1:colcon.colcon_core.package_identification:_identify(src/src/examples/rclcpp/services) by extensions ['python_setup_py']
[1.165s] Level 1:colcon.colcon_core.package_identification:_identify(src/src/examples/rclcpp/services) by extension 'python_setup_py'
[1.165s] Level 1:colcon.colcon_core.package_identification:_identify(src/src/examples/rclcpp/services/async_client) by extensions ['ignore', 'ignore_ament_install']
[1.165s] Level 1:colcon.colcon_core.package_identification:_identify(src/src/examples/rclcpp/services/async_client) by extension 'ignore'
[1.165s] Level 1:colcon.colcon_core.package_identification:_identify(src/src/examples/rclcpp/services/async_client) by extension 'ignore_ament_install'
[1.165s] Level 1:colcon.colcon_core.package_identification:_identify(src/src/examples/rclcpp/services/async_client) by extensions ['colcon_pkg']
[1.165s] Level 1:colcon.colcon_core.package_identification:_identify(src/src/examples/rclcpp/services/async_client) by extension 'colcon_pkg'
[1.165s] Level 1:colcon.colcon_core.package_identification:_identify(src/src/examples/rclcpp/services/async_client) by extensions ['colcon_meta']
[1.166s] Level 1:colcon.colcon_core.package_identification:_identify(src/src/examples/rclcpp/services/async_client) by extension 'colcon_meta'
[1.166s] Level 1:colcon.colcon_core.package_identification:_identify(src/src/examples/rclcpp/services/async_client) by extensions ['ros']
[1.166s] Level 1:colcon.colcon_core.package_identification:_identify(src/src/examples/rclcpp/services/async_client) by extension 'ros'
[1.166s] DEBUG:colcon.colcon_core.package_identification:Package 'src/src/examples/rclcpp/services/async_client' with type 'ros.ament_cmake' and name 'examples_rclcpp_async_client'
[1.166s] Level 1:colcon.colcon_core.package_identification:_identify(src/src/examples/rclcpp/services/minimal_client) by extensions ['ignore', 'ignore_ament_install']
[1.166s] Level 1:colcon.colcon_core.package_identification:_identify(src/src/examples/rclcpp/services/minimal_client) by extension 'ignore'
[1.166s] Level 1:colcon.colcon_core.package_identification:_identify(src/src/examples/rclcpp/services/minimal_client) by extension 'ignore_ament_install'
[1.167s] Level 1:colcon.colcon_core.package_identification:_identify(src/src/examples/rclcpp/services/minimal_client) by extensions ['colcon_pkg']
[1.167s] Level 1:colcon.colcon_core.package_identification:_identify(src/src/examples/rclcpp/services/minimal_client) by extension 'colcon_pkg'
[1.167s] Level 1:colcon.colcon_core.package_identification:_identify(src/src/examples/rclcpp/services/minimal_client) by extensions ['colcon_meta']
[1.167s] Level 1:colcon.colcon_core.package_identification:_identify(src/src/examples/rclcpp/services/minimal_client) by extension 'colcon_meta'
[1.167s] Level 1:colcon.colcon_core.package_identification:_identify(src/src/examples/rclcpp/services/minimal_client) by extensions ['ros']
[1.167s] Level 1:colcon.colcon_core.package_identification:_identify(src/src/examples/rclcpp/services/minimal_client) by extension 'ros'
[1.167s] DEBUG:colcon.colcon_core.package_identification:Package 'src/src/examples/rclcpp/services/minimal_client' with type 'ros.ament_cmake' and name 'examples_rclcpp_minimal_client'
[1.167s] Level 1:colcon.colcon_core.package_identification:_identify(src/src/examples/rclcpp/services/minimal_service) by extensions ['ignore', 'ignore_ament_install']
[1.168s] Level 1:colcon.colcon_core.package_identification:_identify(src/src/examples/rclcpp/services/minimal_service) by extension 'ignore'
[1.168s] Level 1:colcon.colcon_core.package_identification:_identify(src/src/examples/rclcpp/services/minimal_service) by extension 'ignore_ament_install'
[1.168s] Level 1:colcon.colcon_core.package_identification:_identify(src/src/examples/rclcpp/services/minimal_service) by extensions ['colcon_pkg']
[1.168s] Level 1:colcon.colcon_core.package_identification:_identify(src/src/examples/rclcpp/services/minimal_service) by extension 'colcon_pkg'
[1.168s] Level 1:colcon.colcon_core.package_identification:_identify(src/src/examples/rclcpp/services/minimal_service) by extensions ['colcon_meta']
[1.168s] Level 1:colcon.colcon_core.package_identification:_identify(src/src/examples/rclcpp/services/minimal_service) by extension 'colcon_meta'
[1.168s] Level 1:colcon.colcon_core.package_identification:_identify(src/src/examples/rclcpp/services/minimal_service) by extensions ['ros']
[1.168s] Level 1:colcon.colcon_core.package_identification:_identify(src/src/examples/rclcpp/services/minimal_service) by extension 'ros'
[1.168s] DEBUG:colcon.colcon_core.package_identification:Package 'src/src/examples/rclcpp/services/minimal_service' with type 'ros.ament_cmake' and name 'examples_rclcpp_minimal_service'
[1.169s] Level 1:colcon.colcon_core.package_identification:_identify(src/src/examples/rclcpp/timers) by extensions ['ignore', 'ignore_ament_install']
[1.169s] Level 1:colcon.colcon_core.package_identification:_identify(src/src/examples/rclcpp/timers) by extension 'ignore'
[1.169s] Level 1:colcon.colcon_core.package_identification:_identify(src/src/examples/rclcpp/timers) by extension 'ignore_ament_install'
[1.169s] Level 1:colcon.colcon_core.package_identification:_identify(src/src/examples/rclcpp/timers) by extensions ['colcon_pkg']
[1.169s] Level 1:colcon.colcon_core.package_identification:_identify(src/src/examples/rclcpp/timers) by extension 'colcon_pkg'
[1.169s] Level 1:colcon.colcon_core.package_identification:_identify(src/src/examples/rclcpp/timers) by extensions ['colcon_meta']
[1.169s] Level 1:colcon.colcon_core.package_identification:_identify(src/src/examples/rclcpp/timers) by extension 'colcon_meta'
[1.169s] Level 1:colcon.colcon_core.package_identification:_identify(src/src/examples/rclcpp/timers) by extensions ['ros']
[1.169s] Level 1:colcon.colcon_core.package_identification:_identify(src/src/examples/rclcpp/timers) by extension 'ros'
[1.169s] Level 1:colcon.colcon_core.package_identification:_identify(src/src/examples/rclcpp/timers) by extensions ['cmake', 'python']
[1.169s] Level 1:colcon.colcon_core.package_identification:_identify(src/src/examples/rclcpp/timers) by extension 'cmake'
[1.169s] Level 1:colcon.colcon_core.package_identification:_identify(src/src/examples/rclcpp/timers) by extension 'python'
[1.169s] Level 1:colcon.colcon_core.package_identification:_identify(src/src/examples/rclcpp/timers) by extensions ['python_setup_py']
[1.169s] Level 1:colcon.colcon_core.package_identification:_identify(src/src/examples/rclcpp/timers) by extension 'python_setup_py'
[1.169s] Level 1:colcon.colcon_core.package_identification:_identify(src/src/examples/rclcpp/timers/minimal_timer) by extensions ['ignore', 'ignore_ament_install']
[1.169s] Level 1:colcon.colcon_core.package_identification:_identify(src/src/examples/rclcpp/timers/minimal_timer) by extension 'ignore'
[1.169s] Level 1:colcon.colcon_core.package_identification:_identify(src/src/examples/rclcpp/timers/minimal_timer) by extension 'ignore_ament_install'
[1.169s] Level 1:colcon.colcon_core.package_identification:_identify(src/src/examples/rclcpp/timers/minimal_timer) by extensions ['colcon_pkg']
[1.169s] Level 1:colcon.colcon_core.package_identification:_identify(src/src/examples/rclcpp/timers/minimal_timer) by extension 'colcon_pkg'
[1.169s] Level 1:colcon.colcon_core.package_identification:_identify(src/src/examples/rclcpp/timers/minimal_timer) by extensions ['colcon_meta']
[1.169s] Level 1:colcon.colcon_core.package_identification:_identify(src/src/examples/rclcpp/timers/minimal_timer) by extension 'colcon_meta'
[1.170s] Level 1:colcon.colcon_core.package_identification:_identify(src/src/examples/rclcpp/timers/minimal_timer) by extensions ['ros']
[1.170s] Level 1:colcon.colcon_core.package_identification:_identify(src/src/examples/rclcpp/timers/minimal_timer) by extension 'ros'
[1.170s] DEBUG:colcon.colcon_core.package_identification:Package 'src/src/examples/rclcpp/timers/minimal_timer' with type 'ros.ament_cmake' and name 'examples_rclcpp_minimal_timer'
[1.170s] Level 1:colcon.colcon_core.package_identification:_identify(src/src/examples/rclcpp/topics) by extensions ['ignore', 'ignore_ament_install']
[1.170s] Level 1:colcon.colcon_core.package_identification:_identify(src/src/examples/rclcpp/topics) by extension 'ignore'
[1.170s] Level 1:colcon.colcon_core.package_identification:_identify(src/src/examples/rclcpp/topics) by extension 'ignore_ament_install'
[1.171s] Level 1:colcon.colcon_core.package_identification:_identify(src/src/examples/rclcpp/topics) by extensions ['colcon_pkg']
[1.171s] Level 1:colcon.colcon_core.package_identification:_identify(src/src/examples/rclcpp/topics) by extension 'colcon_pkg'
[1.171s] Level 1:colcon.colcon_core.package_identification:_identify(src/src/examples/rclcpp/topics) by extensions ['colcon_meta']
[1.171s] Level 1:colcon.colcon_core.package_identification:_identify(src/src/examples/rclcpp/topics) by extension 'colcon_meta'
[1.171s] Level 1:colcon.colcon_core.package_identification:_identify(src/src/examples/rclcpp/topics) by extensions ['ros']
[1.171s] Level 1:colcon.colcon_core.package_identification:_identify(src/src/examples/rclcpp/topics) by extension 'ros'
[1.171s] Level 1:colcon.colcon_core.package_identification:_identify(src/src/examples/rclcpp/topics) by extensions ['cmake', 'python']
[1.171s] Level 1:colcon.colcon_core.package_identification:_identify(src/src/examples/rclcpp/topics) by extension 'cmake'
[1.171s] Level 1:colcon.colcon_core.package_identification:_identify(src/src/examples/rclcpp/topics) by extension 'python'
[1.171s] Level 1:colcon.colcon_core.package_identification:_identify(src/src/examples/rclcpp/topics) by extensions ['python_setup_py']
[1.171s] Level 1:colcon.colcon_core.package_identification:_identify(src/src/examples/rclcpp/topics) by extension 'python_setup_py'
[1.171s] Level 1:colcon.colcon_core.package_identification:_identify(src/src/examples/rclcpp/topics/minimal_publisher) by extensions ['ignore', 'ignore_ament_install']
[1.171s] Level 1:colcon.colcon_core.package_identification:_identify(src/src/examples/rclcpp/topics/minimal_publisher) by extension 'ignore'
[1.171s] Level 1:colcon.colcon_core.package_identification:_identify(src/src/examples/rclcpp/topics/minimal_publisher) by extension 'ignore_ament_install'
[1.171s] Level 1:colcon.colcon_core.package_identification:_identify(src/src/examples/rclcpp/topics/minimal_publisher) by extensions ['colcon_pkg']
[1.171s] Level 1:colcon.colcon_core.package_identification:_identify(src/src/examples/rclcpp/topics/minimal_publisher) by extension 'colcon_pkg'
[1.171s] Level 1:colcon.colcon_core.package_identification:_identify(src/src/examples/rclcpp/topics/minimal_publisher) by extensions ['colcon_meta']
[1.171s] Level 1:colcon.colcon_core.package_identification:_identify(src/src/examples/rclcpp/topics/minimal_publisher) by extension 'colcon_meta'
[1.171s] Level 1:colcon.colcon_core.package_identification:_identify(src/src/examples/rclcpp/topics/minimal_publisher) by extensions ['ros']
[1.172s] Level 1:colcon.colcon_core.package_identification:_identify(src/src/examples/rclcpp/topics/minimal_publisher) by extension 'ros'
[1.172s] DEBUG:colcon.colcon_core.package_identification:Package 'src/src/examples/rclcpp/topics/minimal_publisher' with type 'ros.ament_cmake' and name 'examples_rclcpp_minimal_publisher'
[1.172s] Level 1:colcon.colcon_core.package_identification:_identify(src/src/examples/rclcpp/topics/minimal_subscriber) by extensions ['ignore', 'ignore_ament_install']
[1.172s] Level 1:colcon.colcon_core.package_identification:_identify(src/src/examples/rclcpp/topics/minimal_subscriber) by extension 'ignore'
[1.173s] Level 1:colcon.colcon_core.package_identification:_identify(src/src/examples/rclcpp/topics/minimal_subscriber) by extension 'ignore_ament_install'
[1.173s] Level 1:colcon.colcon_core.package_identification:_identify(src/src/examples/rclcpp/topics/minimal_subscriber) by extensions ['colcon_pkg']
[1.173s] Level 1:colcon.colcon_core.package_identification:_identify(src/src/examples/rclcpp/topics/minimal_subscriber) by extension 'colcon_pkg'
[1.173s] Level 1:colcon.colcon_core.package_identification:_identify(src/src/examples/rclcpp/topics/minimal_subscriber) by extensions ['colcon_meta']
[1.173s] Level 1:colcon.colcon_core.package_identification:_identify(src/src/examples/rclcpp/topics/minimal_subscriber) by extension 'colcon_meta'
[1.173s] Level 1:colcon.colcon_core.package_identification:_identify(src/src/examples/rclcpp/topics/minimal_subscriber) by extensions ['ros']
[1.173s] Level 1:colcon.colcon_core.package_identification:_identify(src/src/examples/rclcpp/topics/minimal_subscriber) by extension 'ros'
[1.174s] DEBUG:colcon.colcon_core.package_identification:Package 'src/src/examples/rclcpp/topics/minimal_subscriber' with type 'ros.ament_cmake' and name 'examples_rclcpp_minimal_subscriber'
[1.174s] Level 1:colcon.colcon_core.package_identification:_identify(src/src/examples/rclcpp/wait_set) by extensions ['ignore', 'ignore_ament_install']
[1.174s] Level 1:colcon.colcon_core.package_identification:_identify(src/src/examples/rclcpp/wait_set) by extension 'ignore'
[1.174s] Level 1:colcon.colcon_core.package_identification:_identify(src/src/examples/rclcpp/wait_set) by extension 'ignore_ament_install'
[1.174s] Level 1:colcon.colcon_core.package_identification:_identify(src/src/examples/rclcpp/wait_set) by extensions ['colcon_pkg']
[1.174s] Level 1:colcon.colcon_core.package_identification:_identify(src/src/examples/rclcpp/wait_set) by extension 'colcon_pkg'
[1.174s] Level 1:colcon.colcon_core.package_identification:_identify(src/src/examples/rclcpp/wait_set) by extensions ['colcon_meta']
[1.174s] Level 1:colcon.colcon_core.package_identification:_identify(src/src/examples/rclcpp/wait_set) by extension 'colcon_meta'
[1.174s] Level 1:colcon.colcon_core.package_identification:_identify(src/src/examples/rclcpp/wait_set) by extensions ['ros']
[1.174s] Level 1:colcon.colcon_core.package_identification:_identify(src/src/examples/rclcpp/wait_set) by extension 'ros'
[1.175s] DEBUG:colcon.colcon_core.package_identification:Package 'src/src/examples/rclcpp/wait_set' with type 'ros.ament_cmake' and name 'examples_rclcpp_wait_set'
[1.175s] Level 1:colcon.colcon_core.package_identification:_identify(src/src/examples/rclpy) by extensions ['ignore', 'ignore_ament_install']
[1.175s] Level 1:colcon.colcon_core.package_identification:_identify(src/src/examples/rclpy) by extension 'ignore'
[1.175s] Level 1:colcon.colcon_core.package_identification:_identify(src/src/examples/rclpy) by extension 'ignore_ament_install'
[1.175s] Level 1:colcon.colcon_core.package_identification:_identify(src/src/examples/rclpy) by extensions ['colcon_pkg']
[1.175s] Level 1:colcon.colcon_core.package_identification:_identify(src/src/examples/rclpy) by extension 'colcon_pkg'
[1.175s] Level 1:colcon.colcon_core.package_identification:_identify(src/src/examples/rclpy) by extensions ['colcon_meta']
[1.175s] Level 1:colcon.colcon_core.package_identification:_identify(src/src/examples/rclpy) by extension 'colcon_meta'
[1.175s] Level 1:colcon.colcon_core.package_identification:_identify(src/src/examples/rclpy) by extensions ['ros']
[1.175s] Level 1:colcon.colcon_core.package_identification:_identify(src/src/examples/rclpy) by extension 'ros'
[1.175s] Level 1:colcon.colcon_core.package_identification:_identify(src/src/examples/rclpy) by extensions ['cmake', 'python']
[1.175s] Level 1:colcon.colcon_core.package_identification:_identify(src/src/examples/rclpy) by extension 'cmake'
[1.175s] Level 1:colcon.colcon_core.package_identification:_identify(src/src/examples/rclpy) by extension 'python'
[1.176s] Level 1:colcon.colcon_core.package_identification:_identify(src/src/examples/rclpy) by extensions ['python_setup_py']
[1.176s] Level 1:colcon.colcon_core.package_identification:_identify(src/src/examples/rclpy) by extension 'python_setup_py'
[1.176s] Level 1:colcon.colcon_core.package_identification:_identify(src/src/examples/rclpy/actions) by extensions ['ignore', 'ignore_ament_install']
[1.176s] Level 1:colcon.colcon_core.package_identification:_identify(src/src/examples/rclpy/actions) by extension 'ignore'
[1.176s] Level 1:colcon.colcon_core.package_identification:_identify(src/src/examples/rclpy/actions) by extension 'ignore_ament_install'
[1.176s] Level 1:colcon.colcon_core.package_identification:_identify(src/src/examples/rclpy/actions) by extensions ['colcon_pkg']
[1.176s] Level 1:colcon.colcon_core.package_identification:_identify(src/src/examples/rclpy/actions) by extension 'colcon_pkg'
[1.176s] Level 1:colcon.colcon_core.package_identification:_identify(src/src/examples/rclpy/actions) by extensions ['colcon_meta']
[1.176s] Level 1:colcon.colcon_core.package_identification:_identify(src/src/examples/rclpy/actions) by extension 'colcon_meta'
[1.176s] Level 1:colcon.colcon_core.package_identification:_identify(src/src/examples/rclpy/actions) by extensions ['ros']
[1.176s] Level 1:colcon.colcon_core.package_identification:_identify(src/src/examples/rclpy/actions) by extension 'ros'
[1.176s] Level 1:colcon.colcon_core.package_identification:_identify(src/src/examples/rclpy/actions) by extensions ['cmake', 'python']
[1.176s] Level 1:colcon.colcon_core.package_identification:_identify(src/src/examples/rclpy/actions) by extension 'cmake'
[1.176s] Level 1:colcon.colcon_core.package_identification:_identify(src/src/examples/rclpy/actions) by extension 'python'
[1.176s] Level 1:colcon.colcon_core.package_identification:_identify(src/src/examples/rclpy/actions) by extensions ['python_setup_py']
[1.176s] Level 1:colcon.colcon_core.package_identification:_identify(src/src/examples/rclpy/actions) by extension 'python_setup_py'
[1.177s] Level 1:colcon.colcon_core.package_identification:_identify(src/src/examples/rclpy/actions/minimal_action_client) by extensions ['ignore', 'ignore_ament_install']
[1.177s] Level 1:colcon.colcon_core.package_identification:_identify(src/src/examples/rclpy/actions/minimal_action_client) by extension 'ignore'
[1.177s] Level 1:colcon.colcon_core.package_identification:_identify(src/src/examples/rclpy/actions/minimal_action_client) by extension 'ignore_ament_install'
[1.177s] Level 1:colcon.colcon_core.package_identification:_identify(src/src/examples/rclpy/actions/minimal_action_client) by extensions ['colcon_pkg']
[1.177s] Level 1:colcon.colcon_core.package_identification:_identify(src/src/examples/rclpy/actions/minimal_action_client) by extension 'colcon_pkg'
[1.177s] Level 1:colcon.colcon_core.package_identification:_identify(src/src/examples/rclpy/actions/minimal_action_client) by extensions ['colcon_meta']
[1.177s] Level 1:colcon.colcon_core.package_identification:_identify(src/src/examples/rclpy/actions/minimal_action_client) by extension 'colcon_meta'
[1.177s] Level 1:colcon.colcon_core.package_identification:_identify(src/src/examples/rclpy/actions/minimal_action_client) by extensions ['ros']
[1.177s] Level 1:colcon.colcon_core.package_identification:_identify(src/src/examples/rclpy/actions/minimal_action_client) by extension 'ros'
[1.178s] DEBUG:colcon.colcon_core.package_identification:Package 'src/src/examples/rclpy/actions/minimal_action_client' with type 'ros.ament_python' and name 'examples_rclpy_minimal_action_client'
[1.178s] Level 1:colcon.colcon_core.package_identification:_identify(src/src/examples/rclpy/actions/minimal_action_server) by extensions ['ignore', 'ignore_ament_install']
[1.178s] Level 1:colcon.colcon_core.package_identification:_identify(src/src/examples/rclpy/actions/minimal_action_server) by extension 'ignore'
[1.178s] Level 1:colcon.colcon_core.package_identification:_identify(src/src/examples/rclpy/actions/minimal_action_server) by extension 'ignore_ament_install'
[1.178s] Level 1:colcon.colcon_core.package_identification:_identify(src/src/examples/rclpy/actions/minimal_action_server) by extensions ['colcon_pkg']
[1.178s] Level 1:colcon.colcon_core.package_identification:_identify(src/src/examples/rclpy/actions/minimal_action_server) by extension 'colcon_pkg'
[1.178s] Level 1:colcon.colcon_core.package_identification:_identify(src/src/examples/rclpy/actions/minimal_action_server) by extensions ['colcon_meta']
[1.178s] Level 1:colcon.colcon_core.package_identification:_identify(src/src/examples/rclpy/actions/minimal_action_server) by extension 'colcon_meta'
[1.178s] Level 1:colcon.colcon_core.package_identification:_identify(src/src/examples/rclpy/actions/minimal_action_server) by extensions ['ros']
[1.178s] Level 1:colcon.colcon_core.package_identification:_identify(src/src/examples/rclpy/actions/minimal_action_server) by extension 'ros'
[1.179s] DEBUG:colcon.colcon_core.package_identification:Package 'src/src/examples/rclpy/actions/minimal_action_server' with type 'ros.ament_python' and name 'examples_rclpy_minimal_action_server'
[1.179s] Level 1:colcon.colcon_core.package_identification:_identify(src/src/examples/rclpy/executors) by extensions ['ignore', 'ignore_ament_install']
[1.179s] Level 1:colcon.colcon_core.package_identification:_identify(src/src/examples/rclpy/executors) by extension 'ignore'
[1.179s] Level 1:colcon.colcon_core.package_identification:_identify(src/src/examples/rclpy/executors) by extension 'ignore_ament_install'
[1.179s] Level 1:colcon.colcon_core.package_identification:_identify(src/src/examples/rclpy/executors) by extensions ['colcon_pkg']
[1.179s] Level 1:colcon.colcon_core.package_identification:_identify(src/src/examples/rclpy/executors) by extension 'colcon_pkg'
[1.179s] Level 1:colcon.colcon_core.package_identification:_identify(src/src/examples/rclpy/executors) by extensions ['colcon_meta']
[1.179s] Level 1:colcon.colcon_core.package_identification:_identify(src/src/examples/rclpy/executors) by extension 'colcon_meta'
[1.180s] Level 1:colcon.colcon_core.package_identification:_identify(src/src/examples/rclpy/executors) by extensions ['ros']
[1.180s] Level 1:colcon.colcon_core.package_identification:_identify(src/src/examples/rclpy/executors) by extension 'ros'
[1.180s] DEBUG:colcon.colcon_core.package_identification:Package 'src/src/examples/rclpy/executors' with type 'ros.ament_python' and name 'examples_rclpy_executors'
[1.180s] Level 1:colcon.colcon_core.package_identification:_identify(src/src/examples/rclpy/guard_conditions) by extensions ['ignore', 'ignore_ament_install']
[1.180s] Level 1:colcon.colcon_core.package_identification:_identify(src/src/examples/rclpy/guard_conditions) by extension 'ignore'
[1.180s] Level 1:colcon.colcon_core.package_identification:_identify(src/src/examples/rclpy/guard_conditions) by extension 'ignore_ament_install'
[1.181s] Level 1:colcon.colcon_core.package_identification:_identify(src/src/examples/rclpy/guard_conditions) by extensions ['colcon_pkg']
[1.181s] Level 1:colcon.colcon_core.package_identification:_identify(src/src/examples/rclpy/guard_conditions) by extension 'colcon_pkg'
[1.181s] Level 1:colcon.colcon_core.package_identification:_identify(src/src/examples/rclpy/guard_conditions) by extensions ['colcon_meta']
[1.181s] Level 1:colcon.colcon_core.package_identification:_identify(src/src/examples/rclpy/guard_conditions) by extension 'colcon_meta'
[1.181s] Level 1:colcon.colcon_core.package_identification:_identify(src/src/examples/rclpy/guard_conditions) by extensions ['ros']
[1.181s] Level 1:colcon.colcon_core.package_identification:_identify(src/src/examples/rclpy/guard_conditions) by extension 'ros'
[1.181s] DEBUG:colcon.colcon_core.package_identification:Package 'src/src/examples/rclpy/guard_conditions' with type 'ros.ament_python' and name 'examples_rclpy_guard_conditions'
[1.182s] Level 1:colcon.colcon_core.package_identification:_identify(src/src/examples/rclpy/services) by extensions ['ignore', 'ignore_ament_install']
[1.182s] Level 1:colcon.colcon_core.package_identification:_identify(src/src/examples/rclpy/services) by extension 'ignore'
[1.182s] Level 1:colcon.colcon_core.package_identification:_identify(src/src/examples/rclpy/services) by extension 'ignore_ament_install'
[1.182s] Level 1:colcon.colcon_core.package_identification:_identify(src/src/examples/rclpy/services) by extensions ['colcon_pkg']
[1.182s] Level 1:colcon.colcon_core.package_identification:_identify(src/src/examples/rclpy/services) by extension 'colcon_pkg'
[1.182s] Level 1:colcon.colcon_core.package_identification:_identify(src/src/examples/rclpy/services) by extensions ['colcon_meta']
[1.182s] Level 1:colcon.colcon_core.package_identification:_identify(src/src/examples/rclpy/services) by extension 'colcon_meta'
[1.182s] Level 1:colcon.colcon_core.package_identification:_identify(src/src/examples/rclpy/services) by extensions ['ros']
[1.182s] Level 1:colcon.colcon_core.package_identification:_identify(src/src/examples/rclpy/services) by extension 'ros'
[1.182s] Level 1:colcon.colcon_core.package_identification:_identify(src/src/examples/rclpy/services) by extensions ['cmake', 'python']
[1.182s] Level 1:colcon.colcon_core.package_identification:_identify(src/src/examples/rclpy/services) by extension 'cmake'
[1.182s] Level 1:colcon.colcon_core.package_identification:_identify(src/src/examples/rclpy/services) by extension 'python'
[1.182s] Level 1:colcon.colcon_core.package_identification:_identify(src/src/examples/rclpy/services) by extensions ['python_setup_py']
[1.182s] Level 1:colcon.colcon_core.package_identification:_identify(src/src/examples/rclpy/services) by extension 'python_setup_py'
[1.182s] Level 1:colcon.colcon_core.package_identification:_identify(src/src/examples/rclpy/services/minimal_client) by extensions ['ignore', 'ignore_ament_install']
[1.183s] Level 1:colcon.colcon_core.package_identification:_identify(src/src/examples/rclpy/services/minimal_client) by extension 'ignore'
[1.183s] Level 1:colcon.colcon_core.package_identification:_identify(src/src/examples/rclpy/services/minimal_client) by extension 'ignore_ament_install'
[1.183s] Level 1:colcon.colcon_core.package_identification:_identify(src/src/examples/rclpy/services/minimal_client) by extensions ['colcon_pkg']
[1.183s] Level 1:colcon.colcon_core.package_identification:_identify(src/src/examples/rclpy/services/minimal_client) by extension 'colcon_pkg'
[1.183s] Level 1:colcon.colcon_core.package_identification:_identify(src/src/examples/rclpy/services/minimal_client) by extensions ['colcon_meta']
[1.183s] Level 1:colcon.colcon_core.package_identification:_identify(src/src/examples/rclpy/services/minimal_client) by extension 'colcon_meta'
[1.183s] Level 1:colcon.colcon_core.package_identification:_identify(src/src/examples/rclpy/services/minimal_client) by extensions ['ros']
[1.183s] Level 1:colcon.colcon_core.package_identification:_identify(src/src/examples/rclpy/services/minimal_client) by extension 'ros'
[1.183s] DEBUG:colcon.colcon_core.package_identification:Package 'src/src/examples/rclpy/services/minimal_client' with type 'ros.ament_python' and name 'examples_rclpy_minimal_client'
[1.183s] Level 1:colcon.colcon_core.package_identification:_identify(src/src/examples/rclpy/services/minimal_service) by extensions ['ignore', 'ignore_ament_install']
[1.184s] Level 1:colcon.colcon_core.package_identification:_identify(src/src/examples/rclpy/services/minimal_service) by extension 'ignore'
[1.184s] Level 1:colcon.colcon_core.package_identification:_identify(src/src/examples/rclpy/services/minimal_service) by extension 'ignore_ament_install'
[1.184s] Level 1:colcon.colcon_core.package_identification:_identify(src/src/examples/rclpy/services/minimal_service) by extensions ['colcon_pkg']
[1.184s] Level 1:colcon.colcon_core.package_identification:_identify(src/src/examples/rclpy/services/minimal_service) by extension 'colcon_pkg'
[1.184s] Level 1:colcon.colcon_core.package_identification:_identify(src/src/examples/rclpy/services/minimal_service) by extensions ['colcon_meta']
[1.184s] Level 1:colcon.colcon_core.package_identification:_identify(src/src/examples/rclpy/services/minimal_service) by extension 'colcon_meta'
[1.184s] Level 1:colcon.colcon_core.package_identification:_identify(src/src/examples/rclpy/services/minimal_service) by extensions ['ros']
[1.184s] Level 1:colcon.colcon_core.package_identification:_identify(src/src/examples/rclpy/services/minimal_service) by extension 'ros'
[1.184s] DEBUG:colcon.colcon_core.package_identification:Package 'src/src/examples/rclpy/services/minimal_service' with type 'ros.ament_python' and name 'examples_rclpy_minimal_service'
[1.185s] Level 1:colcon.colcon_core.package_identification:_identify(src/src/examples/rclpy/topics) by extensions ['ignore', 'ignore_ament_install']
[1.185s] Level 1:colcon.colcon_core.package_identification:_identify(src/src/examples/rclpy/topics) by extension 'ignore'
[1.185s] Level 1:colcon.colcon_core.package_identification:_identify(src/src/examples/rclpy/topics) by extension 'ignore_ament_install'
[1.185s] Level 1:colcon.colcon_core.package_identification:_identify(src/src/examples/rclpy/topics) by extensions ['colcon_pkg']
[1.185s] Level 1:colcon.colcon_core.package_identification:_identify(src/src/examples/rclpy/topics) by extension 'colcon_pkg'
[1.185s] Level 1:colcon.colcon_core.package_identification:_identify(src/src/examples/rclpy/topics) by extensions ['colcon_meta']
[1.185s] Level 1:colcon.colcon_core.package_identification:_identify(src/src/examples/rclpy/topics) by extension 'colcon_meta'
[1.185s] Level 1:colcon.colcon_core.package_identification:_identify(src/src/examples/rclpy/topics) by extensions ['ros']
[1.185s] Level 1:colcon.colcon_core.package_identification:_identify(src/src/examples/rclpy/topics) by extension 'ros'
[1.185s] Level 1:colcon.colcon_core.package_identification:_identify(src/src/examples/rclpy/topics) by extensions ['cmake', 'python']
[1.185s] Level 1:colcon.colcon_core.package_identification:_identify(src/src/examples/rclpy/topics) by extension 'cmake'
[1.185s] Level 1:colcon.colcon_core.package_identification:_identify(src/src/examples/rclpy/topics) by extension 'python'
[1.185s] Level 1:colcon.colcon_core.package_identification:_identify(src/src/examples/rclpy/topics) by extensions ['python_setup_py']
[1.185s] Level 1:colcon.colcon_core.package_identification:_identify(src/src/examples/rclpy/topics) by extension 'python_setup_py'
[1.186s] Level 1:colcon.colcon_core.package_identification:_identify(src/src/examples/rclpy/topics/minimal_publisher) by extensions ['ignore', 'ignore_ament_install']
[1.186s] Level 1:colcon.colcon_core.package_identification:_identify(src/src/examples/rclpy/topics/minimal_publisher) by extension 'ignore'
[1.186s] Level 1:colcon.colcon_core.package_identification:_identify(src/src/examples/rclpy/topics/minimal_publisher) by extension 'ignore_ament_install'
[1.186s] Level 1:colcon.colcon_core.package_identification:_identify(src/src/examples/rclpy/topics/minimal_publisher) by extensions ['colcon_pkg']
[1.186s] Level 1:colcon.colcon_core.package_identification:_identify(src/src/examples/rclpy/topics/minimal_publisher) by extension 'colcon_pkg'
[1.186s] Level 1:colcon.colcon_core.package_identification:_identify(src/src/examples/rclpy/topics/minimal_publisher) by extensions ['colcon_meta']
[1.186s] Level 1:colcon.colcon_core.package_identification:_identify(src/src/examples/rclpy/topics/minimal_publisher) by extension 'colcon_meta'
[1.186s] Level 1:colcon.colcon_core.package_identification:_identify(src/src/examples/rclpy/topics/minimal_publisher) by extensions ['ros']
[1.186s] Level 1:colcon.colcon_core.package_identification:_identify(src/src/examples/rclpy/topics/minimal_publisher) by extension 'ros'
[1.186s] DEBUG:colcon.colcon_core.package_identification:Package 'src/src/examples/rclpy/topics/minimal_publisher' with type 'ros.ament_python' and name 'examples_rclpy_minimal_publisher'
[1.187s] Level 1:colcon.colcon_core.package_identification:_identify(src/src/examples/rclpy/topics/minimal_subscriber) by extensions ['ignore', 'ignore_ament_install']
[1.187s] Level 1:colcon.colcon_core.package_identification:_identify(src/src/examples/rclpy/topics/minimal_subscriber) by extension 'ignore'
[1.187s] Level 1:colcon.colcon_core.package_identification:_identify(src/src/examples/rclpy/topics/minimal_subscriber) by extension 'ignore_ament_install'
[1.187s] Level 1:colcon.colcon_core.package_identification:_identify(src/src/examples/rclpy/topics/minimal_subscriber) by extensions ['colcon_pkg']
[1.187s] Level 1:colcon.colcon_core.package_identification:_identify(src/src/examples/rclpy/topics/minimal_subscriber) by extension 'colcon_pkg'
[1.187s] Level 1:colcon.colcon_core.package_identification:_identify(src/src/examples/rclpy/topics/minimal_subscriber) by extensions ['colcon_meta']
[1.187s] Level 1:colcon.colcon_core.package_identification:_identify(src/src/examples/rclpy/topics/minimal_subscriber) by extension 'colcon_meta'
[1.187s] Level 1:colcon.colcon_core.package_identification:_identify(src/src/examples/rclpy/topics/minimal_subscriber) by extensions ['ros']
[1.187s] Level 1:colcon.colcon_core.package_identification:_identify(src/src/examples/rclpy/topics/minimal_subscriber) by extension 'ros'
[1.187s] DEBUG:colcon.colcon_core.package_identification:Package 'src/src/examples/rclpy/topics/minimal_subscriber' with type 'ros.ament_python' and name 'examples_rclpy_minimal_subscriber'
[1.188s] Level 1:colcon.colcon_core.package_identification:_identify(src/src/examples/rclpy/topics/pointcloud_publisher) by extensions ['ignore', 'ignore_ament_install']
[1.188s] Level 1:colcon.colcon_core.package_identification:_identify(src/src/examples/rclpy/topics/pointcloud_publisher) by extension 'ignore'
[1.188s] Level 1:colcon.colcon_core.package_identification:_identify(src/src/examples/rclpy/topics/pointcloud_publisher) by extension 'ignore_ament_install'
[1.188s] Level 1:colcon.colcon_core.package_identification:_identify(src/src/examples/rclpy/topics/pointcloud_publisher) by extensions ['colcon_pkg']
[1.188s] Level 1:colcon.colcon_core.package_identification:_identify(src/src/examples/rclpy/topics/pointcloud_publisher) by extension 'colcon_pkg'
[1.188s] Level 1:colcon.colcon_core.package_identification:_identify(src/src/examples/rclpy/topics/pointcloud_publisher) by extensions ['colcon_meta']
[1.188s] Level 1:colcon.colcon_core.package_identification:_identify(src/src/examples/rclpy/topics/pointcloud_publisher) by extension 'colcon_meta'
[1.188s] Level 1:colcon.colcon_core.package_identification:_identify(src/src/examples/rclpy/topics/pointcloud_publisher) by extensions ['ros']
[1.188s] Level 1:colcon.colcon_core.package_identification:_identify(src/src/examples/rclpy/topics/pointcloud_publisher) by extension 'ros'
[1.188s] DEBUG:colcon.colcon_core.package_identification:Package 'src/src/examples/rclpy/topics/pointcloud_publisher' with type 'ros.ament_python' and name 'examples_rclpy_pointcloud_publisher'
[1.189s] Level 1:colcon.colcon_core.package_identification:_identify(src/tutorial_interfaces) by extensions ['ignore', 'ignore_ament_install']
[1.189s] Level 1:colcon.colcon_core.package_identification:_identify(src/tutorial_interfaces) by extension 'ignore'
[1.189s] Level 1:colcon.colcon_core.package_identification:_identify(src/tutorial_interfaces) by extension 'ignore_ament_install'
[1.189s] Level 1:colcon.colcon_core.package_identification:_identify(src/tutorial_interfaces) by extensions ['colcon_pkg']
[1.189s] Level 1:colcon.colcon_core.package_identification:_identify(src/tutorial_interfaces) by extension 'colcon_pkg'
[1.189s] Level 1:colcon.colcon_core.package_identification:_identify(src/tutorial_interfaces) by extensions ['colcon_meta']
[1.189s] Level 1:colcon.colcon_core.package_identification:_identify(src/tutorial_interfaces) by extension 'colcon_meta'
[1.189s] Level 1:colcon.colcon_core.package_identification:_identify(src/tutorial_interfaces) by extensions ['ros']
[1.189s] Level 1:colcon.colcon_core.package_identification:_identify(src/tutorial_interfaces) by extension 'ros'
[1.189s] DEBUG:colcon.colcon_core.package_identification:Package 'src/tutorial_interfaces' with type 'ros.ament_cmake' and name 'tutorial_interfaces'
[1.189s] Level 1:colcon.colcon_core.package_discovery:discover_packages(recursive) using defaults
[1.190s] Level 1:colcon.colcon_core.package_discovery:discover_packages(ignore) discover
[1.190s] Level 1:colcon.colcon_core.package_discovery:discover_packages(ignore) using defaults
[1.190s] Level 1:colcon.colcon_core.package_discovery:discover_packages(path) discover
[1.190s] Level 1:colcon.colcon_core.package_discovery:discover_packages(path) using defaults
[1.254s] INFO:colcon.colcon_core.package_selection:Skipping not selected package 'examples_rclcpp_async_client' in 'src/src/examples/rclcpp/services/async_client'
[1.254s] INFO:colcon.colcon_core.package_selection:Skipping not selected package 'examples_rclcpp_cbg_executor' in 'src/src/examples/rclcpp/executors/cbg_executor'
[1.254s] INFO:colcon.colcon_core.package_selection:Skipping not selected package 'examples_rclcpp_minimal_action_client' in 'src/src/examples/rclcpp/actions/minimal_action_client'
[1.254s] INFO:colcon.colcon_core.package_selection:Skipping not selected package 'examples_rclcpp_minimal_action_server' in 'src/src/examples/rclcpp/actions/minimal_action_server'
[1.254s] INFO:colcon.colcon_core.package_selection:Skipping not selected package 'examples_rclcpp_minimal_client' in 'src/src/examples/rclcpp/services/minimal_client'
[1.254s] INFO:colcon.colcon_core.package_selection:Skipping not selected package 'examples_rclcpp_minimal_composition' in 'src/src/examples/rclcpp/composition/minimal_composition'
[1.254s] INFO:colcon.colcon_core.package_selection:Skipping not selected package 'examples_rclcpp_minimal_publisher' in 'src/src/examples/rclcpp/topics/minimal_publisher'
[1.254s] INFO:colcon.colcon_core.package_selection:Skipping not selected package 'examples_rclcpp_minimal_service' in 'src/src/examples/rclcpp/services/minimal_service'
[1.255s] INFO:colcon.colcon_core.package_selection:Skipping not selected package 'examples_rclcpp_minimal_subscriber' in 'src/src/examples/rclcpp/topics/minimal_subscriber'
[1.255s] INFO:colcon.colcon_core.package_selection:Skipping not selected package 'examples_rclcpp_minimal_timer' in 'src/src/examples/rclcpp/timers/minimal_timer'
[1.255s] INFO:colcon.colcon_core.package_selection:Skipping not selected package 'examples_rclcpp_multithreaded_executor' in 'src/src/examples/rclcpp/executors/multithreaded_executor'
[1.255s] INFO:colcon.colcon_core.package_selection:Skipping not selected package 'examples_rclcpp_wait_set' in 'src/src/examples/rclcpp/wait_set'
[1.255s] INFO:colcon.colcon_core.package_selection:Skipping not selected package 'examples_rclpy_executors' in 'src/src/examples/rclpy/executors'
[1.255s] INFO:colcon.colcon_core.package_selection:Skipping not selected package 'examples_rclpy_guard_conditions' in 'src/src/examples/rclpy/guard_conditions'
[1.255s] INFO:colcon.colcon_core.package_selection:Skipping not selected package 'examples_rclpy_minimal_action_client' in 'src/src/examples/rclpy/actions/minimal_action_client'
[1.255s] INFO:colcon.colcon_core.package_selection:Skipping not selected package 'examples_rclpy_minimal_action_server' in 'src/src/examples/rclpy/actions/minimal_action_server'
[1.255s] INFO:colcon.colcon_core.package_selection:Skipping not selected package 'examples_rclpy_minimal_client' in 'src/src/examples/rclpy/services/minimal_client'
[1.255s] INFO:colcon.colcon_core.package_selection:Skipping not selected package 'examples_rclpy_minimal_publisher' in 'src/src/examples/rclpy/topics/minimal_publisher'
[1.255s] INFO:colcon.colcon_core.package_selection:Skipping not selected package 'examples_rclpy_minimal_service' in 'src/src/examples/rclpy/services/minimal_service'
[1.255s] INFO:colcon.colcon_core.package_selection:Skipping not selected package 'examples_rclpy_minimal_subscriber' in 'src/src/examples/rclpy/topics/minimal_subscriber'
[1.255s] INFO:colcon.colcon_core.package_selection:Skipping not selected package 'examples_rclpy_pointcloud_publisher' in 'src/src/examples/rclpy/topics/pointcloud_publisher'
[1.255s] INFO:colcon.colcon_core.package_selection:Skipping not selected package 'launch_testing_examples' in 'src/src/examples/launch_testing/launch_testing_examples'
[1.255s] INFO:colcon.colcon_core.package_selection:Skipping not selected package 'my_package' in 'src/my_package'
[1.255s] INFO:colcon.colcon_core.package_selection:Skipping not selected package 'pub_controller' in 'src/pub_controller'
[1.255s] INFO:colcon.colcon_core.package_selection:Skipping not selected package 'ros2_color_detection' in 'src/ros2_color_detection/ros2_color_detection'
[1.255s] INFO:colcon.colcon_core.package_selection:Skipping not selected package 'tutorial_interfaces' in 'src/tutorial_interfaces'
[1.255s] INFO:colcon.colcon_core.package_selection:Skipping not selected package 'cpp_pubsub' in 'src/cpp_pubsub'
[1.295s] Level 1:colcon.colcon_core.package_discovery:discover_packages(prefix_path) check parameters
[1.295s] Level 1:colcon.colcon_core.package_discovery:discover_packages(prefix_path) discover
[1.324s] DEBUG:colcon.colcon_installed_package_information.package_discovery:Found 302 installed packages in /opt/ros/humble
[1.325s] Level 1:colcon.colcon_core.package_discovery:discover_packages(prefix_path) using defaults
[1.408s] Level 5:colcon.colcon_core.verb:set package 'flare_detect' build argument 'cmake_args' from command line to 'None'
[1.409s] Level 5:colcon.colcon_core.verb:set package 'flare_detect' build argument 'cmake_target' from command line to 'None'
[1.409s] Level 5:colcon.colcon_core.verb:set package 'flare_detect' build argument 'cmake_target_skip_unavailable' from command line to 'False'
[1.409s] Level 5:colcon.colcon_core.verb:set package 'flare_detect' build argument 'cmake_clean_cache' from command line to 'False'
[1.409s] Level 5:colcon.colcon_core.verb:set package 'flare_detect' build argument 'cmake_clean_first' from command line to 'False'
[1.409s] Level 5:colcon.colcon_core.verb:set package 'flare_detect' build argument 'cmake_force_configure' from command line to 'False'
[1.409s] Level 5:colcon.colcon_core.verb:set package 'flare_detect' build argument 'ament_cmake_args' from command line to 'None'
[1.409s] Level 5:colcon.colcon_core.verb:set package 'flare_detect' build argument 'catkin_cmake_args' from command line to 'None'
[1.409s] Level 5:colcon.colcon_core.verb:set package 'flare_detect' build argument 'catkin_skip_building_tests' from command line to 'False'
[1.409s] DEBUG:colcon.colcon_core.verb:Building package 'flare_detect' with the following arguments: {'ament_cmake_args': None, 'build_base': '/home/etern1ty/ros2_ws/build/flare_detect', 'catkin_cmake_args': None, 'catkin_skip_building_tests': False, 'cmake_args': None, 'cmake_clean_cache': False, 'cmake_clean_first': False, 'cmake_force_configure': False, 'cmake_target': None, 'cmake_target_skip_unavailable': False, 'install_base': '/home/etern1ty/ros2_ws/install/flare_detect', 'merge_install': False, 'path': '/home/etern1ty/ros2_ws/src/flare_detect', 'symlink_install': False, 'test_result_base': None}
[1.423s] INFO:colcon.colcon_core.executor:Executing jobs using 'parallel' executor
[1.437s] DEBUG:colcon.colcon_parallel_executor.executor.parallel:run_until_complete
[1.437s] INFO:colcon.colcon_ros.task.ament_cmake.build:Building ROS package in '/home/etern1ty/ros2_ws/src/flare_detect' with build type 'ament_cmake'
[1.437s] INFO:colcon.colcon_cmake.task.cmake.build:Building CMake package in '/home/etern1ty/ros2_ws/src/flare_detect'
[1.453s] INFO:colcon.colcon_core.plugin_system:Skipping extension 'colcon_core.shell.bat': Not used on non-Windows systems
[1.453s] INFO:colcon.colcon_core.shell:Skip shell extension 'powershell' for command environment: Not usable outside of PowerShell
[1.453s] DEBUG:colcon.colcon_core.shell:Skip shell extension 'dsv' for command environment
[1.496s] DEBUG:colcon.colcon_core.event_handler.log_command:Invoking command in '/home/etern1ty/ros2_ws/build/flare_detect': CMAKE_PREFIX_PATH=/opt/ros/humble /usr/bin/cmake --build /home/etern1ty/ros2_ws/build/flare_detect -- -j12 -l12
[3.223s] DEBUG:colcon.colcon_core.event_handler.log_command:Invoked command in '/home/etern1ty/ros2_ws/build/flare_detect' returned '2': CMAKE_PREFIX_PATH=/opt/ros/humble /usr/bin/cmake --build /home/etern1ty/ros2_ws/build/flare_detect -- -j12 -l12
[3.312s] Level 1:colcon.colcon_core.environment:create_environment_scripts_only(flare_detect)
[3.328s] Level 1:colcon.colcon_core.environment:checking '/home/etern1ty/ros2_ws/install/flare_detect' for CMake module files
[3.328s] Level 1:colcon.colcon_core.environment:checking '/home/etern1ty/ros2_ws/install/flare_detect' for CMake config files
[3.328s] Level 1:colcon.colcon_core.environment:checking '/home/etern1ty/ros2_ws/install/flare_detect/bin'
[3.329s] Level 1:colcon.colcon_core.environment:checking '/home/etern1ty/ros2_ws/install/flare_detect/lib/pkgconfig/flare_detect.pc'
[3.329s] Level 1:colcon.colcon_core.environment:checking '/home/etern1ty/ros2_ws/install/flare_detect/lib/python3.10/site-packages'
[3.329s] Level 1:colcon.colcon_core.environment:checking '/home/etern1ty/ros2_ws/install/flare_detect/bin'
[3.344s] INFO:colcon.colcon_core.shell:Creating package script '/home/etern1ty/ros2_ws/install/flare_detect/share/flare_detect/package.ps1'
[3.345s] INFO:colcon.colcon_core.shell:Creating package descriptor '/home/etern1ty/ros2_ws/install/flare_detect/share/flare_detect/package.dsv'
[3.345s] INFO:colcon.colcon_core.shell:Creating package script '/home/etern1ty/ros2_ws/install/flare_detect/share/flare_detect/package.sh'
[3.346s] INFO:colcon.colcon_core.shell:Creating package script '/home/etern1ty/ros2_ws/install/flare_detect/share/flare_detect/package.bash'
[3.347s] INFO:colcon.colcon_core.shell:Creating package script '/home/etern1ty/ros2_ws/install/flare_detect/share/flare_detect/package.zsh'
[3.347s] Level 1:colcon.colcon_core.environment:create_file_with_runtime_dependencies(/home/etern1ty/ros2_ws/install/flare_detect/share/colcon-core/packages/flare_detect)
[3.358s] DEBUG:colcon.colcon_parallel_executor.executor.parallel:closing loop
[3.358s] DEBUG:colcon.colcon_parallel_executor.executor.parallel:loop closed
[3.358s] DEBUG:colcon.colcon_parallel_executor.executor.parallel:run_until_complete finished with '2'
[3.358s] DEBUG:colcon.colcon_core.event_reactor:joining thread
[3.378s] INFO:colcon.colcon_core.plugin_system:Skipping extension 'colcon_notification.desktop_notification.terminal_notifier': Not used on non-Darwin systems
[3.378s] INFO:colcon.colcon_core.plugin_system:Skipping extension 'colcon_notification.desktop_notification.win32': Not used on non-Windows systems
[3.378s] INFO:colcon.colcon_notification.desktop_notification:Sending desktop notification using 'notify2'
[3.389s] DEBUG:colcon.colcon_core.event_reactor:joined thread
[3.406s] INFO:colcon.colcon_core.shell:Creating prefix script '/home/etern1ty/ros2_ws/install/local_setup.ps1'
[3.407s] INFO:colcon.colcon_core.shell:Creating prefix util module '/home/etern1ty/ros2_ws/install/_local_setup_util_ps1.py'
[3.409s] INFO:colcon.colcon_core.shell:Creating prefix chain script '/home/etern1ty/ros2_ws/install/setup.ps1'
[3.424s] INFO:colcon.colcon_core.shell:Creating prefix script '/home/etern1ty/ros2_ws/install/local_setup.sh'
[3.424s] INFO:colcon.colcon_core.shell:Creating prefix util module '/home/etern1ty/ros2_ws/install/_local_setup_util_sh.py'
[3.424s] INFO:colcon.colcon_core.shell:Creating prefix chain script '/home/etern1ty/ros2_ws/install/setup.sh'
[3.439s] INFO:colcon.colcon_core.shell:Creating prefix script '/home/etern1ty/ros2_ws/install/local_setup.bash'
[3.440s] INFO:colcon.colcon_core.shell:Creating prefix chain script '/home/etern1ty/ros2_ws/install/setup.bash'
[3.454s] INFO:colcon.colcon_core.shell:Creating prefix script '/home/etern1ty/ros2_ws/install/local_setup.zsh'
[3.455s] INFO:colcon.colcon_core.shell:Creating prefix chain script '/home/etern1ty/ros2_ws/install/setup.zsh'
