[0.999s] Invoking command in '/home/etern1ty/ros2_ws/src/src/examples/rclpy/executors': PYTHONPATH=/home/etern1ty/ros2_ws/build/examples_rclpy_executors/prefix_override:/home/etern1ty/ros2_ws/install/examples_rclpy_executors/lib/python3.10/site-packages:${PYTHONPATH} /usr/bin/python3 setup.py egg_info --egg-base ../../../../../build/examples_rclpy_executors build --build-base /home/etern1ty/ros2_ws/build/examples_rclpy_executors/build install --record /home/etern1ty/ros2_ws/build/examples_rclpy_executors/install.log --single-version-externally-managed
[1.191s] running egg_info
[1.205s] writing ../../../../../build/examples_rclpy_executors/examples_rclpy_executors.egg-info/PKG-INFO
[1.211s] writing dependency_links to ../../../../../build/examples_rclpy_executors/examples_rclpy_executors.egg-info/dependency_links.txt
[1.212s] writing entry points to ../../../../../build/examples_rclpy_executors/examples_rclpy_executors.egg-info/entry_points.txt
[1.212s] writing requirements to ../../../../../build/examples_rclpy_executors/examples_rclpy_executors.egg-info/requires.txt
[1.212s] writing top-level names to ../../../../../build/examples_rclpy_executors/examples_rclpy_executors.egg-info/top_level.txt
[1.241s] reading manifest file '../../../../../build/examples_rclpy_executors/examples_rclpy_executors.egg-info/SOURCES.txt'
[1.242s] writing manifest file '../../../../../build/examples_rclpy_executors/examples_rclpy_executors.egg-info/SOURCES.txt'
[1.242s] running build
[1.242s] running build_py
[1.243s] copying examples_rclpy_executors/custom_executor.py -> /home/etern1ty/ros2_ws/build/examples_rclpy_executors/build/lib/examples_rclpy_executors
[1.243s] copying examples_rclpy_executors/talker.py -> /home/etern1ty/ros2_ws/build/examples_rclpy_executors/build/lib/examples_rclpy_executors
[1.244s] copying examples_rclpy_executors/callback_group.py -> /home/etern1ty/ros2_ws/build/examples_rclpy_executors/build/lib/examples_rclpy_executors
[1.244s] copying examples_rclpy_executors/composed.py -> /home/etern1ty/ros2_ws/build/examples_rclpy_executors/build/lib/examples_rclpy_executors
[1.244s] copying examples_rclpy_executors/__init__.py -> /home/etern1ty/ros2_ws/build/examples_rclpy_executors/build/lib/examples_rclpy_executors
[1.245s] copying examples_rclpy_executors/listener.py -> /home/etern1ty/ros2_ws/build/examples_rclpy_executors/build/lib/examples_rclpy_executors
[1.245s] copying examples_rclpy_executors/custom_callback_group.py -> /home/etern1ty/ros2_ws/build/examples_rclpy_executors/build/lib/examples_rclpy_executors
[1.245s] running install
[1.246s] /home/etern1ty/.local/lib/python3.10/site-packages/setuptools/_distutils/cmd.py:66: SetuptoolsDeprecationWarning: setup.py install is deprecated.
[1.246s] !!
[1.246s] 
[1.246s]         ********************************************************************************
[1.246s]         Please avoid running ``setup.py`` directly.
[1.246s]         Instead, use pypa/build, pypa/installer or other
[1.246s]         standards-based tools.
[1.246s] 
[1.246s]         See https://blog.ganssle.io/articles/2021/10/setup-py-deprecated.html for details.
[1.246s]         ********************************************************************************
[1.246s] 
[1.246s] !!
[1.247s]   self.initialize_options()
[1.251s] running install_lib
[1.266s] running install_data
[1.280s] copying resource/examples_rclpy_executors -> /home/etern1ty/ros2_ws/install/examples_rclpy_executors/share/ament_index/resource_index/packages
[1.281s] copying package.xml -> /home/etern1ty/ros2_ws/install/examples_rclpy_executors/share/examples_rclpy_executors
[1.281s] running install_egg_info
[1.295s] removing '/home/etern1ty/ros2_ws/install/examples_rclpy_executors/lib/python3.10/site-packages/examples_rclpy_executors-0.15.1-py3.10.egg-info' (and everything under it)
[1.296s] Copying ../../../../../build/examples_rclpy_executors/examples_rclpy_executors.egg-info to /home/etern1ty/ros2_ws/install/examples_rclpy_executors/lib/python3.10/site-packages/examples_rclpy_executors-0.15.1-py3.10.egg-info
[1.297s] running install_scripts
[1.423s] Installing callback_group script to /home/etern1ty/ros2_ws/install/examples_rclpy_executors/lib/examples_rclpy_executors
[1.424s] Installing composed script to /home/etern1ty/ros2_ws/install/examples_rclpy_executors/lib/examples_rclpy_executors
[1.424s] Installing custom_callback_group script to /home/etern1ty/ros2_ws/install/examples_rclpy_executors/lib/examples_rclpy_executors
[1.424s] Installing custom_executor script to /home/etern1ty/ros2_ws/install/examples_rclpy_executors/lib/examples_rclpy_executors
[1.424s] Installing listener script to /home/etern1ty/ros2_ws/install/examples_rclpy_executors/lib/examples_rclpy_executors
[1.424s] Installing talker script to /home/etern1ty/ros2_ws/install/examples_rclpy_executors/lib/examples_rclpy_executors
[1.424s] writing list of installed files to '/home/etern1ty/ros2_ws/build/examples_rclpy_executors/install.log'
[1.466s] Invoked command in '/home/etern1ty/ros2_ws/src/src/examples/rclpy/executors' returned '0': PYTHONPATH=/home/etern1ty/ros2_ws/build/examples_rclpy_executors/prefix_override:/home/etern1ty/ros2_ws/install/examples_rclpy_executors/lib/python3.10/site-packages:${PYTHONPATH} /usr/bin/python3 setup.py egg_info --egg-base ../../../../../build/examples_rclpy_executors build --build-base /home/etern1ty/ros2_ws/build/examples_rclpy_executors/build install --record /home/etern1ty/ros2_ws/build/examples_rclpy_executors/install.log --single-version-externally-managed
