[0.776s] Invoking command in '/home/etern1ty/ros2_ws/src/src/examples/rclpy/topics/minimal_publisher': PYTHONPATH=/home/etern1ty/ros2_ws/build/examples_rclpy_minimal_publisher/prefix_override:/home/etern1ty/ros2_ws/install/examples_rclpy_minimal_publisher/lib/python3.10/site-packages:${PYTHONPATH} /usr/bin/python3 setup.py egg_info --egg-base ../../../../../../build/examples_rclpy_minimal_publisher build --build-base /home/etern1ty/ros2_ws/build/examples_rclpy_minimal_publisher/build install --record /home/etern1ty/ros2_ws/build/examples_rclpy_minimal_publisher/install.log --single-version-externally-managed
[0.993s] running egg_info
[0.994s] creating ../../../../../../build/examples_rclpy_minimal_publisher/examples_rclpy_minimal_publisher.egg-info
[0.994s] writing ../../../../../../build/examples_rclpy_minimal_publisher/examples_rclpy_minimal_publisher.egg-info/PKG-INFO
[0.994s] writing dependency_links to ../../../../../../build/examples_rclpy_minimal_publisher/examples_rclpy_minimal_publisher.egg-info/dependency_links.txt
[0.994s] writing entry points to ../../../../../../build/examples_rclpy_minimal_publisher/examples_rclpy_minimal_publisher.egg-info/entry_points.txt
[0.994s] writing requirements to ../../../../../../build/examples_rclpy_minimal_publisher/examples_rclpy_minimal_publisher.egg-info/requires.txt
[0.995s] writing top-level names to ../../../../../../build/examples_rclpy_minimal_publisher/examples_rclpy_minimal_publisher.egg-info/top_level.txt
[0.995s] writing manifest file '../../../../../../build/examples_rclpy_minimal_publisher/examples_rclpy_minimal_publisher.egg-info/SOURCES.txt'
[0.997s] reading manifest file '../../../../../../build/examples_rclpy_minimal_publisher/examples_rclpy_minimal_publisher.egg-info/SOURCES.txt'
[0.998s] writing manifest file '../../../../../../build/examples_rclpy_minimal_publisher/examples_rclpy_minimal_publisher.egg-info/SOURCES.txt'
[0.998s] running build
[0.998s] running build_py
[0.998s] creating /home/etern1ty/ros2_ws/build/examples_rclpy_minimal_publisher/build
[0.998s] creating /home/etern1ty/ros2_ws/build/examples_rclpy_minimal_publisher/build/lib
[0.998s] creating /home/etern1ty/ros2_ws/build/examples_rclpy_minimal_publisher/build/lib/examples_rclpy_minimal_publisher
[0.998s] copying examples_rclpy_minimal_publisher/publisher_old_school.py -> /home/etern1ty/ros2_ws/build/examples_rclpy_minimal_publisher/build/lib/examples_rclpy_minimal_publisher
[0.998s] copying examples_rclpy_minimal_publisher/publisher_member_function.py -> /home/etern1ty/ros2_ws/build/examples_rclpy_minimal_publisher/build/lib/examples_rclpy_minimal_publisher
[0.998s] copying examples_rclpy_minimal_publisher/__init__.py -> /home/etern1ty/ros2_ws/build/examples_rclpy_minimal_publisher/build/lib/examples_rclpy_minimal_publisher
[0.999s] copying examples_rclpy_minimal_publisher/publisher_local_function.py -> /home/etern1ty/ros2_ws/build/examples_rclpy_minimal_publisher/build/lib/examples_rclpy_minimal_publisher
[0.999s] running install
[0.999s] running install_lib
[1.000s] running install_data
[1.000s] running install_egg_info
[1.002s] removing '/home/etern1ty/ros2_ws/install/examples_rclpy_minimal_publisher/lib/python3.10/site-packages/examples_rclpy_minimal_publisher-0.15.1-py3.10.egg-info' (and everything under it)
[1.002s] Copying ../../../../../../build/examples_rclpy_minimal_publisher/examples_rclpy_minimal_publisher.egg-info to /home/etern1ty/ros2_ws/install/examples_rclpy_minimal_publisher/lib/python3.10/site-packages/examples_rclpy_minimal_publisher-0.15.1-py3.10.egg-info
[1.003s] running install_scripts
[1.021s] Installing publisher_local_function script to /home/etern1ty/ros2_ws/install/examples_rclpy_minimal_publisher/lib/examples_rclpy_minimal_publisher
[1.021s] Installing publisher_member_function script to /home/etern1ty/ros2_ws/install/examples_rclpy_minimal_publisher/lib/examples_rclpy_minimal_publisher
[1.021s] Installing publisher_old_school script to /home/etern1ty/ros2_ws/install/examples_rclpy_minimal_publisher/lib/examples_rclpy_minimal_publisher
[1.021s] writing list of installed files to '/home/etern1ty/ros2_ws/build/examples_rclpy_minimal_publisher/install.log'
[1.058s] Invoked command in '/home/etern1ty/ros2_ws/src/src/examples/rclpy/topics/minimal_publisher' returned '0': PYTHONPATH=/home/etern1ty/ros2_ws/build/examples_rclpy_minimal_publisher/prefix_override:/home/etern1ty/ros2_ws/install/examples_rclpy_minimal_publisher/lib/python3.10/site-packages:${PYTHONPATH} /usr/bin/python3 setup.py egg_info --egg-base ../../../../../../build/examples_rclpy_minimal_publisher build --build-base /home/etern1ty/ros2_ws/build/examples_rclpy_minimal_publisher/build install --record /home/etern1ty/ros2_ws/build/examples_rclpy_minimal_publisher/install.log --single-version-externally-managed
