[0.102s] Invoking command in '/home/etern1ty/ros2_ws/build/tutorial_interfaces': CMAKE_PREFIX_PATH=/opt/ros/humble /usr/bin/cmake --build /home/etern1ty/ros2_ws/build/tutorial_interfaces -- -j12 -l12
[0.180s] [  2%] Built target tutorial_interfaces__cpp
[0.186s] [ 12%] Built target tutorial_interfaces__rosidl_generator_c
[0.190s] [ 12%] Built target ament_cmake_python_copy_tutorial_interfaces
[0.212s] [ 33%] Built target tutorial_interfaces__rosidl_typesupport_fastrtps_cpp
[0.212s] [ 33%] Built target tutorial_interfaces__rosidl_typesupport_cpp
[0.213s] [ 43%] Built target tutorial_interfaces__rosidl_typesupport_introspection_cpp
[0.216s] [ 74%] Built target tutorial_interfaces__rosidl_typesupport_introspection_c
[0.216s] [ 74%] Built target tutorial_interfaces__rosidl_typesupport_c
[0.216s] [ 74%] Built target tutorial_interfaces__rosidl_typesupport_fastrtps_c
[0.240s] [ 74%] Built target tutorial_interfaces
[0.266s] [ 76%] Built target tutorial_interfaces__py
[0.295s] [ 84%] Built target tutorial_interfaces__rosidl_generator_py
[0.321s] [100%] Built target tutorial_interfaces__rosidl_typesupport_fastrtps_c__pyext
[0.321s] [100%] Built target tutorial_interfaces__rosidl_typesupport_c__pyext
[0.321s] [100%] Built target tutorial_interfaces__rosidl_typesupport_introspection_c__pyext
[0.435s] running egg_info
[0.436s] writing tutorial_interfaces.egg-info/PKG-INFO
[0.436s] writing dependency_links to tutorial_interfaces.egg-info/dependency_links.txt
[0.436s] writing top-level names to tutorial_interfaces.egg-info/top_level.txt
[0.439s] reading manifest file 'tutorial_interfaces.egg-info/SOURCES.txt'
[0.439s] writing manifest file 'tutorial_interfaces.egg-info/SOURCES.txt'
[0.473s] [100%] Built target ament_cmake_python_build_tutorial_interfaces_egg
