[0.049s] Invoking command in '/home/etern1ty/ros2_ws/build/examples_rclcpp_minimal_service': CMAKE_PREFIX_PATH=/opt/ros/humble /usr/bin/cmake /home/etern1ty/ros2_ws/src/src/examples/rclcpp/services/minimal_service -DCMAKE_INSTALL_PREFIX=/home/etern1ty/ros2_ws/install/examples_rclcpp_minimal_service
[0.121s] -- The C compiler identification is GNU 11.4.0
[0.184s] -- The CXX compiler identification is GNU 11.4.0
[0.424s] -- Detecting C compiler ABI info
[0.507s] -- Detecting C compiler ABI info - done
[0.514s] -- Check for working C compiler: /usr/bin/cc - skipped
[0.514s] -- Detecting C compile features
[0.514s] -- Detecting C compile features - done
[0.518s] -- Detecting CXX compiler ABI info
[0.603s] -- Detecting CXX compiler ABI info - done
[0.610s] -- Check for working CXX compiler: /usr/bin/c++ - skipped
[0.610s] -- Detecting CXX compile features
[0.610s] -- Detecting CXX compile features - done
[0.629s] -- Found ament_cmake: 1.3.7 (/opt/ros/humble/share/ament_cmake/cmake)
[0.814s] -- Found Python3: /usr/bin/python3.10 (found version "3.10.12") found components: Interpreter 
[0.917s] -- Found example_interfaces: 0.9.3 (/opt/ros/humble/share/example_interfaces/cmake)
[0.968s] -- Found rosidl_generator_c: 3.1.5 (/opt/ros/humble/share/rosidl_generator_c/cmake)
[0.973s] -- Found rosidl_adapter: 3.1.5 (/opt/ros/humble/share/rosidl_adapter/cmake)
[0.983s] -- Found rosidl_generator_cpp: 3.1.5 (/opt/ros/humble/share/rosidl_generator_cpp/cmake)
[1.000s] -- Using all available rosidl_typesupport_c: rosidl_typesupport_fastrtps_c;rosidl_typesupport_introspection_c
[1.024s] -- Using all available rosidl_typesupport_cpp: rosidl_typesupport_fastrtps_cpp;rosidl_typesupport_introspection_cpp
[1.183s] -- Found rclcpp: 16.0.8 (/opt/ros/humble/share/rclcpp/cmake)
[1.250s] -- Found rmw_implementation_cmake: 6.1.1 (/opt/ros/humble/share/rmw_implementation_cmake/cmake)
[1.253s] -- Found rmw_fastrtps_cpp: 6.2.6 (/opt/ros/humble/share/rmw_fastrtps_cpp/cmake)
[1.430s] -- Found OpenSSL: /usr/lib/x86_64-linux-gnu/libcrypto.so (found version "3.0.2")  
[1.459s] -- Found FastRTPS: /opt/ros/humble/include  
[1.509s] -- Using RMW implementation 'rmw_fastrtps_cpp' as default
[1.538s] -- Looking for pthread.h
[1.616s] -- Looking for pthread.h - found
[1.616s] -- Performing Test CMAKE_HAVE_LIBC_PTHREAD
[1.696s] -- Performing Test CMAKE_HAVE_LIBC_PTHREAD - Success
[1.697s] -- Found Threads: TRUE  
[1.858s] -- Found ament_lint_auto: 0.12.10 (/opt/ros/humble/share/ament_lint_auto/cmake)
[1.958s] -- Added test 'copyright' to check source files copyright and LICENSE
[1.960s] -- Added test 'cppcheck' to perform static code analysis on C / C++ code
[1.960s] -- Configured cppcheck include dirs: 
[1.960s] -- Configured cppcheck exclude dirs and/or files: 
[1.961s] -- Added test 'cpplint' to check C / C++ code against the Google style
[1.961s] -- Configured cpplint exclude dirs and/or files: 
[1.962s] -- Added test 'lint_cmake' to check CMake code style
[1.964s] -- Added test 'uncrustify' to check C / C++ code style
[1.964s] -- Configured uncrustify additional arguments: 
[1.964s] -- Added test 'xmllint' to check XML markup files
[1.966s] -- Configuring done
[1.977s] -- Generating done
[1.979s] -- Build files have been written to: /home/etern1ty/ros2_ws/build/examples_rclcpp_minimal_service
[1.992s] Invoked command in '/home/etern1ty/ros2_ws/build/examples_rclcpp_minimal_service' returned '0': CMAKE_PREFIX_PATH=/opt/ros/humble /usr/bin/cmake /home/etern1ty/ros2_ws/src/src/examples/rclcpp/services/minimal_service -DCMAKE_INSTALL_PREFIX=/home/etern1ty/ros2_ws/install/examples_rclcpp_minimal_service
[1.995s] Invoking command in '/home/etern1ty/ros2_ws/build/examples_rclcpp_minimal_service': CMAKE_PREFIX_PATH=/opt/ros/humble /usr/bin/cmake --build /home/etern1ty/ros2_ws/build/examples_rclcpp_minimal_service -- -j12 -l12
[2.052s] [ 50%] [32mBuilding CXX object CMakeFiles/service_main.dir/main.cpp.o[0m
[5.276s] [100%] [32m[1mLinking CXX executable service_main[0m
[5.484s] [100%] Built target service_main
[5.498s] Invoked command in '/home/etern1ty/ros2_ws/build/examples_rclcpp_minimal_service' returned '0': CMAKE_PREFIX_PATH=/opt/ros/humble /usr/bin/cmake --build /home/etern1ty/ros2_ws/build/examples_rclcpp_minimal_service -- -j12 -l12
[5.531s] Invoking command in '/home/etern1ty/ros2_ws/build/examples_rclcpp_minimal_service': CMAKE_PREFIX_PATH=/opt/ros/humble /usr/bin/cmake --install /home/etern1ty/ros2_ws/build/examples_rclcpp_minimal_service
[5.539s] -- Install configuration: ""
[5.539s] -- Installing: /home/etern1ty/ros2_ws/install/examples_rclcpp_minimal_service/lib/examples_rclcpp_minimal_service/service_main
[5.540s] -- Set runtime path of "/home/etern1ty/ros2_ws/install/examples_rclcpp_minimal_service/lib/examples_rclcpp_minimal_service/service_main" to ""
[5.540s] -- Installing: /home/etern1ty/ros2_ws/install/examples_rclcpp_minimal_service/share/ament_index/resource_index/package_run_dependencies/examples_rclcpp_minimal_service
[5.540s] -- Installing: /home/etern1ty/ros2_ws/install/examples_rclcpp_minimal_service/share/ament_index/resource_index/parent_prefix_path/examples_rclcpp_minimal_service
[5.541s] -- Installing: /home/etern1ty/ros2_ws/install/examples_rclcpp_minimal_service/share/examples_rclcpp_minimal_service/environment/ament_prefix_path.sh
[5.541s] -- Installing: /home/etern1ty/ros2_ws/install/examples_rclcpp_minimal_service/share/examples_rclcpp_minimal_service/environment/ament_prefix_path.dsv
[5.541s] -- Installing: /home/etern1ty/ros2_ws/install/examples_rclcpp_minimal_service/share/examples_rclcpp_minimal_service/environment/path.sh
[5.541s] -- Installing: /home/etern1ty/ros2_ws/install/examples_rclcpp_minimal_service/share/examples_rclcpp_minimal_service/environment/path.dsv
[5.541s] -- Installing: /home/etern1ty/ros2_ws/install/examples_rclcpp_minimal_service/share/examples_rclcpp_minimal_service/local_setup.bash
[5.541s] -- Installing: /home/etern1ty/ros2_ws/install/examples_rclcpp_minimal_service/share/examples_rclcpp_minimal_service/local_setup.sh
[5.541s] -- Installing: /home/etern1ty/ros2_ws/install/examples_rclcpp_minimal_service/share/examples_rclcpp_minimal_service/local_setup.zsh
[5.541s] -- Installing: /home/etern1ty/ros2_ws/install/examples_rclcpp_minimal_service/share/examples_rclcpp_minimal_service/local_setup.dsv
[5.542s] -- Installing: /home/etern1ty/ros2_ws/install/examples_rclcpp_minimal_service/share/examples_rclcpp_minimal_service/package.dsv
[5.542s] -- Installing: /home/etern1ty/ros2_ws/install/examples_rclcpp_minimal_service/share/ament_index/resource_index/packages/examples_rclcpp_minimal_service
[5.542s] -- Installing: /home/etern1ty/ros2_ws/install/examples_rclcpp_minimal_service/share/examples_rclcpp_minimal_service/cmake/examples_rclcpp_minimal_serviceConfig.cmake
[5.542s] -- Installing: /home/etern1ty/ros2_ws/install/examples_rclcpp_minimal_service/share/examples_rclcpp_minimal_service/cmake/examples_rclcpp_minimal_serviceConfig-version.cmake
[5.542s] -- Installing: /home/etern1ty/ros2_ws/install/examples_rclcpp_minimal_service/share/examples_rclcpp_minimal_service/package.xml
[5.545s] Invoked command in '/home/etern1ty/ros2_ws/build/examples_rclcpp_minimal_service' returned '0': CMAKE_PREFIX_PATH=/opt/ros/humble /usr/bin/cmake --install /home/etern1ty/ros2_ws/build/examples_rclcpp_minimal_service
