[0.798s] Invoking command in '/home/etern1ty/ros2_ws/src/src/examples/rclpy/services/minimal_client': PYTHONPATH=/home/etern1ty/ros2_ws/build/examples_rclpy_minimal_client/prefix_override:/home/etern1ty/ros2_ws/install/examples_rclpy_minimal_client/lib/python3.10/site-packages:${PYTHONPATH} /usr/bin/python3 setup.py egg_info --egg-base ../../../../../../build/examples_rclpy_minimal_client build --build-base /home/etern1ty/ros2_ws/build/examples_rclpy_minimal_client/build install --record /home/etern1ty/ros2_ws/build/examples_rclpy_minimal_client/install.log --single-version-externally-managed
[1.013s] running egg_info
[1.013s] creating ../../../../../../build/examples_rclpy_minimal_client/examples_rclpy_minimal_client.egg-info
[1.013s] writing ../../../../../../build/examples_rclpy_minimal_client/examples_rclpy_minimal_client.egg-info/PKG-INFO
[1.013s] writing dependency_links to ../../../../../../build/examples_rclpy_minimal_client/examples_rclpy_minimal_client.egg-info/dependency_links.txt
[1.014s] writing entry points to ../../../../../../build/examples_rclpy_minimal_client/examples_rclpy_minimal_client.egg-info/entry_points.txt
[1.014s] writing requirements to ../../../../../../build/examples_rclpy_minimal_client/examples_rclpy_minimal_client.egg-info/requires.txt
[1.014s] writing top-level names to ../../../../../../build/examples_rclpy_minimal_client/examples_rclpy_minimal_client.egg-info/top_level.txt
[1.014s] writing manifest file '../../../../../../build/examples_rclpy_minimal_client/examples_rclpy_minimal_client.egg-info/SOURCES.txt'
[1.016s] reading manifest file '../../../../../../build/examples_rclpy_minimal_client/examples_rclpy_minimal_client.egg-info/SOURCES.txt'
[1.017s] writing manifest file '../../../../../../build/examples_rclpy_minimal_client/examples_rclpy_minimal_client.egg-info/SOURCES.txt'
[1.017s] running build
[1.017s] running build_py
[1.017s] creating /home/etern1ty/ros2_ws/build/examples_rclpy_minimal_client/build
[1.018s] creating /home/etern1ty/ros2_ws/build/examples_rclpy_minimal_client/build/lib
[1.018s] creating /home/etern1ty/ros2_ws/build/examples_rclpy_minimal_client/build/lib/examples_rclpy_minimal_client
[1.018s] copying examples_rclpy_minimal_client/client_async_callback.py -> /home/etern1ty/ros2_ws/build/examples_rclpy_minimal_client/build/lib/examples_rclpy_minimal_client
[1.018s] copying examples_rclpy_minimal_client/__init__.py -> /home/etern1ty/ros2_ws/build/examples_rclpy_minimal_client/build/lib/examples_rclpy_minimal_client
[1.018s] copying examples_rclpy_minimal_client/client_async_member_function.py -> /home/etern1ty/ros2_ws/build/examples_rclpy_minimal_client/build/lib/examples_rclpy_minimal_client
[1.018s] copying examples_rclpy_minimal_client/client_async.py -> /home/etern1ty/ros2_ws/build/examples_rclpy_minimal_client/build/lib/examples_rclpy_minimal_client
[1.018s] copying examples_rclpy_minimal_client/client.py -> /home/etern1ty/ros2_ws/build/examples_rclpy_minimal_client/build/lib/examples_rclpy_minimal_client
[1.019s] running install
[1.019s] running install_lib
[1.020s] creating /home/etern1ty/ros2_ws/install/examples_rclpy_minimal_client/lib/python3.10/site-packages/examples_rclpy_minimal_client
[1.020s] copying /home/etern1ty/ros2_ws/build/examples_rclpy_minimal_client/build/lib/examples_rclpy_minimal_client/client_async_callback.py -> /home/etern1ty/ros2_ws/install/examples_rclpy_minimal_client/lib/python3.10/site-packages/examples_rclpy_minimal_client
[1.020s] copying /home/etern1ty/ros2_ws/build/examples_rclpy_minimal_client/build/lib/examples_rclpy_minimal_client/__init__.py -> /home/etern1ty/ros2_ws/install/examples_rclpy_minimal_client/lib/python3.10/site-packages/examples_rclpy_minimal_client
[1.020s] copying /home/etern1ty/ros2_ws/build/examples_rclpy_minimal_client/build/lib/examples_rclpy_minimal_client/client_async_member_function.py -> /home/etern1ty/ros2_ws/install/examples_rclpy_minimal_client/lib/python3.10/site-packages/examples_rclpy_minimal_client
[1.020s] copying /home/etern1ty/ros2_ws/build/examples_rclpy_minimal_client/build/lib/examples_rclpy_minimal_client/client_async.py -> /home/etern1ty/ros2_ws/install/examples_rclpy_minimal_client/lib/python3.10/site-packages/examples_rclpy_minimal_client
[1.021s] copying /home/etern1ty/ros2_ws/build/examples_rclpy_minimal_client/build/lib/examples_rclpy_minimal_client/client.py -> /home/etern1ty/ros2_ws/install/examples_rclpy_minimal_client/lib/python3.10/site-packages/examples_rclpy_minimal_client
[1.021s] byte-compiling /home/etern1ty/ros2_ws/install/examples_rclpy_minimal_client/lib/python3.10/site-packages/examples_rclpy_minimal_client/client_async_callback.py to client_async_callback.cpython-310.pyc
[1.022s] byte-compiling /home/etern1ty/ros2_ws/install/examples_rclpy_minimal_client/lib/python3.10/site-packages/examples_rclpy_minimal_client/__init__.py to __init__.cpython-310.pyc
[1.022s] byte-compiling /home/etern1ty/ros2_ws/install/examples_rclpy_minimal_client/lib/python3.10/site-packages/examples_rclpy_minimal_client/client_async_member_function.py to client_async_member_function.cpython-310.pyc
[1.022s] byte-compiling /home/etern1ty/ros2_ws/install/examples_rclpy_minimal_client/lib/python3.10/site-packages/examples_rclpy_minimal_client/client_async.py to client_async.cpython-310.pyc
[1.022s] byte-compiling /home/etern1ty/ros2_ws/install/examples_rclpy_minimal_client/lib/python3.10/site-packages/examples_rclpy_minimal_client/client.py to client.cpython-310.pyc
[1.023s] running install_data
[1.023s] creating /home/etern1ty/ros2_ws/install/examples_rclpy_minimal_client/share/ament_index
[1.024s] creating /home/etern1ty/ros2_ws/install/examples_rclpy_minimal_client/share/ament_index/resource_index
[1.024s] creating /home/etern1ty/ros2_ws/install/examples_rclpy_minimal_client/share/ament_index/resource_index/packages
[1.024s] copying resource/examples_rclpy_minimal_client -> /home/etern1ty/ros2_ws/install/examples_rclpy_minimal_client/share/ament_index/resource_index/packages
[1.024s] copying package.xml -> /home/etern1ty/ros2_ws/install/examples_rclpy_minimal_client/share/examples_rclpy_minimal_client
[1.024s] running install_egg_info
[1.025s] Copying ../../../../../../build/examples_rclpy_minimal_client/examples_rclpy_minimal_client.egg-info to /home/etern1ty/ros2_ws/install/examples_rclpy_minimal_client/lib/python3.10/site-packages/examples_rclpy_minimal_client-0.15.1-py3.10.egg-info
[1.026s] running install_scripts
[1.043s] Installing client script to /home/etern1ty/ros2_ws/install/examples_rclpy_minimal_client/lib/examples_rclpy_minimal_client
[1.043s] Installing client_async script to /home/etern1ty/ros2_ws/install/examples_rclpy_minimal_client/lib/examples_rclpy_minimal_client
[1.044s] Installing client_async_callback script to /home/etern1ty/ros2_ws/install/examples_rclpy_minimal_client/lib/examples_rclpy_minimal_client
[1.044s] Installing client_async_member_function script to /home/etern1ty/ros2_ws/install/examples_rclpy_minimal_client/lib/examples_rclpy_minimal_client
[1.044s] writing list of installed files to '/home/etern1ty/ros2_ws/build/examples_rclpy_minimal_client/install.log'
[1.078s] Invoked command in '/home/etern1ty/ros2_ws/src/src/examples/rclpy/services/minimal_client' returned '0': PYTHONPATH=/home/etern1ty/ros2_ws/build/examples_rclpy_minimal_client/prefix_override:/home/etern1ty/ros2_ws/install/examples_rclpy_minimal_client/lib/python3.10/site-packages:${PYTHONPATH} /usr/bin/python3 setup.py egg_info --egg-base ../../../../../../build/examples_rclpy_minimal_client build --build-base /home/etern1ty/ros2_ws/build/examples_rclpy_minimal_client/build install --record /home/etern1ty/ros2_ws/build/examples_rclpy_minimal_client/install.log --single-version-externally-managed
