[0.055s] Invoking command in '/home/etern1ty/ros2_ws/build/flare_detect': CMAKE_PREFIX_PATH=/opt/ros/humble /usr/bin/cmake --build /home/etern1ty/ros2_ws/build/flare_detect -- -j12 -l12
[0.176s] [  3%] Built target flare_detect__cpp
[0.180s] [ 12%] Built target flare_detect__rosidl_generator_c
[0.189s] [ 12%] Built target ament_cmake_python_copy_flare_detect
[0.205s] [ 36%] Built target flare_detect__rosidl_typesupport_fastrtps_cpp
[0.205s] [ 36%] Built target flare_detect__rosidl_typesupport_cpp
[0.205s] [ 39%] Built target flare_detect__rosidl_typesupport_introspection_cpp
[0.208s] [ 48%] Built target flare_detect__rosidl_typesupport_c
[0.209s] [ 66%] Built target flare_detect__rosidl_typesupport_introspection_c
[0.209s] [ 66%] Built target flare_detect__rosidl_typesupport_fastrtps_c
[0.220s] [35m[1mConsolidate compiler generated dependencies of target detection[0m
[0.231s] [ 66%] Built target flare_detect
[0.255s] [ 69%] [32mBuilding CXX object CMakeFiles/detection.dir/src/detection.cpp.o[0m
[0.258s] [ 72%] Built target flare_detect__py
[0.289s] [ 78%] Built target flare_detect__rosidl_generator_py
[0.314s] [ 84%] Built target flare_detect__rosidl_typesupport_c__pyext
[0.314s] [ 96%] Built target flare_detect__rosidl_typesupport_introspection_c__pyext
[0.315s] [ 96%] Built target flare_detect__rosidl_typesupport_fastrtps_c__pyext
[0.422s] running egg_info
[0.422s] writing flare_detect.egg-info/PKG-INFO
[0.422s] writing dependency_links to flare_detect.egg-info/dependency_links.txt
[0.422s] writing top-level names to flare_detect.egg-info/top_level.txt
[0.425s] reading manifest file 'flare_detect.egg-info/SOURCES.txt'
[0.425s] writing manifest file 'flare_detect.egg-info/SOURCES.txt'
[0.456s] [ 96%] Built target ament_cmake_python_build_flare_detect_egg
[5.323s] [100%] [32m[1mLinking CXX executable detection[0m
[5.779s] [100%] Built target detection
[5.793s] Invoked command in '/home/etern1ty/ros2_ws/build/flare_detect' returned '0': CMAKE_PREFIX_PATH=/opt/ros/humble /usr/bin/cmake --build /home/etern1ty/ros2_ws/build/flare_detect -- -j12 -l12
[5.874s] Invoking command in '/home/etern1ty/ros2_ws/build/flare_detect': CMAKE_PREFIX_PATH=/opt/ros/humble /usr/bin/cmake --install /home/etern1ty/ros2_ws/build/flare_detect
[5.883s] -- Install configuration: ""
[5.883s] -- Up-to-date: /home/etern1ty/ros2_ws/install/flare_detect/share/ament_index/resource_index/rosidl_interfaces/flare_detect
[5.884s] -- Up-to-date: /home/etern1ty/ros2_ws/install/flare_detect/include/flare_detect/flare_detect
[5.884s] -- Up-to-date: /home/etern1ty/ros2_ws/install/flare_detect/include/flare_detect/flare_detect/msg
[5.884s] -- Up-to-date: /home/etern1ty/ros2_ws/install/flare_detect/include/flare_detect/flare_detect/msg/detected.h
[5.884s] -- Up-to-date: /home/etern1ty/ros2_ws/install/flare_detect/include/flare_detect/flare_detect/msg/detail
[5.884s] -- Up-to-date: /home/etern1ty/ros2_ws/install/flare_detect/include/flare_detect/flare_detect/msg/detail/detected__functions.c
[5.884s] -- Up-to-date: /home/etern1ty/ros2_ws/install/flare_detect/include/flare_detect/flare_detect/msg/detail/detected__functions.h
[5.885s] -- Up-to-date: /home/etern1ty/ros2_ws/install/flare_detect/include/flare_detect/flare_detect/msg/detail/detected__struct.h
[5.885s] -- Up-to-date: /home/etern1ty/ros2_ws/install/flare_detect/include/flare_detect/flare_detect/msg/detail/detected__type_support.h
[5.885s] -- Up-to-date: /home/etern1ty/ros2_ws/install/flare_detect/include/flare_detect/flare_detect/msg/rosidl_generator_c__visibility_control.h
[5.885s] -- Up-to-date: /home/etern1ty/ros2_ws/install/flare_detect/share/flare_detect/environment/library_path.sh
[5.885s] -- Up-to-date: /home/etern1ty/ros2_ws/install/flare_detect/share/flare_detect/environment/library_path.dsv
[5.885s] -- Up-to-date: /home/etern1ty/ros2_ws/install/flare_detect/lib/libflare_detect__rosidl_generator_c.so
[5.885s] -- Up-to-date: /home/etern1ty/ros2_ws/install/flare_detect/include/flare_detect/flare_detect
[5.886s] -- Up-to-date: /home/etern1ty/ros2_ws/install/flare_detect/include/flare_detect/flare_detect/msg
[5.886s] -- Up-to-date: /home/etern1ty/ros2_ws/install/flare_detect/include/flare_detect/flare_detect/msg/rosidl_typesupport_fastrtps_c__visibility_control.h
[5.886s] -- Up-to-date: /home/etern1ty/ros2_ws/install/flare_detect/include/flare_detect/flare_detect/msg/detail
[5.886s] -- Up-to-date: /home/etern1ty/ros2_ws/install/flare_detect/include/flare_detect/flare_detect/msg/detail/detected__rosidl_typesupport_fastrtps_c.h
[5.886s] -- Up-to-date: /home/etern1ty/ros2_ws/install/flare_detect/lib/libflare_detect__rosidl_typesupport_fastrtps_c.so
[5.887s] -- Up-to-date: /home/etern1ty/ros2_ws/install/flare_detect/include/flare_detect/flare_detect
[5.887s] -- Up-to-date: /home/etern1ty/ros2_ws/install/flare_detect/include/flare_detect/flare_detect/msg
[5.887s] -- Up-to-date: /home/etern1ty/ros2_ws/install/flare_detect/include/flare_detect/flare_detect/msg/detected.hpp
[5.887s] -- Up-to-date: /home/etern1ty/ros2_ws/install/flare_detect/include/flare_detect/flare_detect/msg/detail
[5.887s] -- Up-to-date: /home/etern1ty/ros2_ws/install/flare_detect/include/flare_detect/flare_detect/msg/detail/detected__struct.hpp
[5.887s] -- Up-to-date: /home/etern1ty/ros2_ws/install/flare_detect/include/flare_detect/flare_detect/msg/detail/detected__traits.hpp
[5.887s] -- Up-to-date: /home/etern1ty/ros2_ws/install/flare_detect/include/flare_detect/flare_detect/msg/detail/detected__builder.hpp
[5.887s] -- Up-to-date: /home/etern1ty/ros2_ws/install/flare_detect/include/flare_detect/flare_detect
[5.887s] -- Up-to-date: /home/etern1ty/ros2_ws/install/flare_detect/include/flare_detect/flare_detect/msg
[5.887s] -- Up-to-date: /home/etern1ty/ros2_ws/install/flare_detect/include/flare_detect/flare_detect/msg/detail
[5.888s] -- Up-to-date: /home/etern1ty/ros2_ws/install/flare_detect/include/flare_detect/flare_detect/msg/detail/dds_fastrtps
[5.888s] -- Up-to-date: /home/etern1ty/ros2_ws/install/flare_detect/include/flare_detect/flare_detect/msg/detail/detected__rosidl_typesupport_fastrtps_cpp.hpp
[5.888s] -- Up-to-date: /home/etern1ty/ros2_ws/install/flare_detect/include/flare_detect/flare_detect/msg/rosidl_typesupport_fastrtps_cpp__visibility_control.h
[5.888s] -- Up-to-date: /home/etern1ty/ros2_ws/install/flare_detect/lib/libflare_detect__rosidl_typesupport_fastrtps_cpp.so
[5.889s] -- Up-to-date: /home/etern1ty/ros2_ws/install/flare_detect/include/flare_detect/flare_detect
[5.889s] -- Up-to-date: /home/etern1ty/ros2_ws/install/flare_detect/include/flare_detect/flare_detect/msg
[5.889s] -- Up-to-date: /home/etern1ty/ros2_ws/install/flare_detect/include/flare_detect/flare_detect/msg/detail
[5.889s] -- Up-to-date: /home/etern1ty/ros2_ws/install/flare_detect/include/flare_detect/flare_detect/msg/detail/detected__type_support.c
[5.889s] -- Up-to-date: /home/etern1ty/ros2_ws/install/flare_detect/include/flare_detect/flare_detect/msg/detail/detected__rosidl_typesupport_introspection_c.h
[5.889s] -- Up-to-date: /home/etern1ty/ros2_ws/install/flare_detect/include/flare_detect/flare_detect/msg/rosidl_typesupport_introspection_c__visibility_control.h
[5.889s] -- Up-to-date: /home/etern1ty/ros2_ws/install/flare_detect/lib/libflare_detect__rosidl_typesupport_introspection_c.so
[5.890s] -- Up-to-date: /home/etern1ty/ros2_ws/install/flare_detect/lib/libflare_detect__rosidl_typesupport_c.so
[5.890s] -- Up-to-date: /home/etern1ty/ros2_ws/install/flare_detect/include/flare_detect/flare_detect
[5.890s] -- Up-to-date: /home/etern1ty/ros2_ws/install/flare_detect/include/flare_detect/flare_detect/msg
[5.890s] -- Up-to-date: /home/etern1ty/ros2_ws/install/flare_detect/include/flare_detect/flare_detect/msg/detail
[5.890s] -- Up-to-date: /home/etern1ty/ros2_ws/install/flare_detect/include/flare_detect/flare_detect/msg/detail/detected__type_support.cpp
[5.890s] -- Up-to-date: /home/etern1ty/ros2_ws/install/flare_detect/include/flare_detect/flare_detect/msg/detail/detected__rosidl_typesupport_introspection_cpp.hpp
[5.891s] -- Up-to-date: /home/etern1ty/ros2_ws/install/flare_detect/lib/libflare_detect__rosidl_typesupport_introspection_cpp.so
[5.891s] -- Up-to-date: /home/etern1ty/ros2_ws/install/flare_detect/lib/libflare_detect__rosidl_typesupport_cpp.so
[5.891s] -- Up-to-date: /home/etern1ty/ros2_ws/install/flare_detect/share/flare_detect/environment/pythonpath.sh
[5.891s] -- Up-to-date: /home/etern1ty/ros2_ws/install/flare_detect/share/flare_detect/environment/pythonpath.dsv
[5.892s] -- Up-to-date: /home/etern1ty/ros2_ws/install/flare_detect/local/lib/python3.10/dist-packages/flare_detect-0.0.0-py3.10.egg-info
[5.892s] -- Installing: /home/etern1ty/ros2_ws/install/flare_detect/local/lib/python3.10/dist-packages/flare_detect-0.0.0-py3.10.egg-info/PKG-INFO
[5.892s] -- Installing: /home/etern1ty/ros2_ws/install/flare_detect/local/lib/python3.10/dist-packages/flare_detect-0.0.0-py3.10.egg-info/top_level.txt
[5.892s] -- Installing: /home/etern1ty/ros2_ws/install/flare_detect/local/lib/python3.10/dist-packages/flare_detect-0.0.0-py3.10.egg-info/SOURCES.txt
[5.892s] -- Installing: /home/etern1ty/ros2_ws/install/flare_detect/local/lib/python3.10/dist-packages/flare_detect-0.0.0-py3.10.egg-info/dependency_links.txt
[5.892s] -- Up-to-date: /home/etern1ty/ros2_ws/install/flare_detect/local/lib/python3.10/dist-packages/flare_detect
[5.892s] -- Up-to-date: /home/etern1ty/ros2_ws/install/flare_detect/local/lib/python3.10/dist-packages/flare_detect/flare_detect_s__rosidl_typesupport_fastrtps_c.cpython-310-x86_64-linux-gnu.so
[5.893s] -- Up-to-date: /home/etern1ty/ros2_ws/install/flare_detect/local/lib/python3.10/dist-packages/flare_detect/_flare_detect_s.ep.rosidl_typesupport_fastrtps_c.c
[5.893s] -- Up-to-date: /home/etern1ty/ros2_ws/install/flare_detect/local/lib/python3.10/dist-packages/flare_detect/flare_detect_s__rosidl_typesupport_introspection_c.cpython-310-x86_64-linux-gnu.so
[5.893s] -- Up-to-date: /home/etern1ty/ros2_ws/install/flare_detect/local/lib/python3.10/dist-packages/flare_detect/__init__.py
[5.893s] -- Up-to-date: /home/etern1ty/ros2_ws/install/flare_detect/local/lib/python3.10/dist-packages/flare_detect/_flare_detect_s.ep.rosidl_typesupport_introspection_c.c
[5.893s] -- Up-to-date: /home/etern1ty/ros2_ws/install/flare_detect/local/lib/python3.10/dist-packages/flare_detect/libflare_detect__rosidl_generator_py.so
[5.893s] -- Up-to-date: /home/etern1ty/ros2_ws/install/flare_detect/local/lib/python3.10/dist-packages/flare_detect/flare_detect_s__rosidl_typesupport_c.cpython-310-x86_64-linux-gnu.so
[5.893s] -- Up-to-date: /home/etern1ty/ros2_ws/install/flare_detect/local/lib/python3.10/dist-packages/flare_detect/msg
[5.893s] -- Up-to-date: /home/etern1ty/ros2_ws/install/flare_detect/local/lib/python3.10/dist-packages/flare_detect/msg/_detected_s.c
[5.893s] -- Up-to-date: /home/etern1ty/ros2_ws/install/flare_detect/local/lib/python3.10/dist-packages/flare_detect/msg/__init__.py
[5.893s] -- Up-to-date: /home/etern1ty/ros2_ws/install/flare_detect/local/lib/python3.10/dist-packages/flare_detect/msg/_detected.py
[5.893s] -- Up-to-date: /home/etern1ty/ros2_ws/install/flare_detect/local/lib/python3.10/dist-packages/flare_detect/_flare_detect_s.ep.rosidl_typesupport_c.c
[5.922s] Listing '/home/etern1ty/ros2_ws/install/flare_detect/local/lib/python3.10/dist-packages/flare_detect'...
[5.922s] Listing '/home/etern1ty/ros2_ws/install/flare_detect/local/lib/python3.10/dist-packages/flare_detect/msg'...
[5.927s] -- Up-to-date: /home/etern1ty/ros2_ws/install/flare_detect/local/lib/python3.10/dist-packages/flare_detect/flare_detect_s__rosidl_typesupport_fastrtps_c.cpython-310-x86_64-linux-gnu.so
[5.928s] -- Up-to-date: /home/etern1ty/ros2_ws/install/flare_detect/local/lib/python3.10/dist-packages/flare_detect/flare_detect_s__rosidl_typesupport_introspection_c.cpython-310-x86_64-linux-gnu.so
[5.928s] -- Up-to-date: /home/etern1ty/ros2_ws/install/flare_detect/local/lib/python3.10/dist-packages/flare_detect/flare_detect_s__rosidl_typesupport_c.cpython-310-x86_64-linux-gnu.so
[5.929s] -- Up-to-date: /home/etern1ty/ros2_ws/install/flare_detect/lib/libflare_detect__rosidl_generator_py.so
[5.929s] -- Up-to-date: /home/etern1ty/ros2_ws/install/flare_detect/share/flare_detect/msg/Detected.idl
[5.929s] -- Up-to-date: /home/etern1ty/ros2_ws/install/flare_detect/share/flare_detect/msg/Detected.msg
[5.930s] -- Installing: /home/etern1ty/ros2_ws/install/flare_detect/lib/flare_detect/detection
[5.932s] -- Set runtime path of "/home/etern1ty/ros2_ws/install/flare_detect/lib/flare_detect/detection" to ""
[5.932s] -- Up-to-date: /home/etern1ty/ros2_ws/install/flare_detect/share/ament_index/resource_index/package_run_dependencies/flare_detect
[5.932s] -- Up-to-date: /home/etern1ty/ros2_ws/install/flare_detect/share/ament_index/resource_index/parent_prefix_path/flare_detect
[5.932s] -- Up-to-date: /home/etern1ty/ros2_ws/install/flare_detect/share/flare_detect/environment/ament_prefix_path.sh
[5.932s] -- Up-to-date: /home/etern1ty/ros2_ws/install/flare_detect/share/flare_detect/environment/ament_prefix_path.dsv
[5.932s] -- Up-to-date: /home/etern1ty/ros2_ws/install/flare_detect/share/flare_detect/environment/path.sh
[5.932s] -- Up-to-date: /home/etern1ty/ros2_ws/install/flare_detect/share/flare_detect/environment/path.dsv
[5.933s] -- Up-to-date: /home/etern1ty/ros2_ws/install/flare_detect/share/flare_detect/local_setup.bash
[5.933s] -- Up-to-date: /home/etern1ty/ros2_ws/install/flare_detect/share/flare_detect/local_setup.sh
[5.933s] -- Up-to-date: /home/etern1ty/ros2_ws/install/flare_detect/share/flare_detect/local_setup.zsh
[5.933s] -- Up-to-date: /home/etern1ty/ros2_ws/install/flare_detect/share/flare_detect/local_setup.dsv
[5.933s] -- Installing: /home/etern1ty/ros2_ws/install/flare_detect/share/flare_detect/package.dsv
[5.933s] -- Up-to-date: /home/etern1ty/ros2_ws/install/flare_detect/share/ament_index/resource_index/packages/flare_detect
[5.933s] -- Up-to-date: /home/etern1ty/ros2_ws/install/flare_detect/share/flare_detect/cmake/export_flare_detect__rosidl_generator_cExport.cmake
[5.933s] -- Up-to-date: /home/etern1ty/ros2_ws/install/flare_detect/share/flare_detect/cmake/export_flare_detect__rosidl_generator_cExport-noconfig.cmake
[5.934s] -- Up-to-date: /home/etern1ty/ros2_ws/install/flare_detect/share/flare_detect/cmake/export_flare_detect__rosidl_typesupport_fastrtps_cExport.cmake
[5.934s] -- Up-to-date: /home/etern1ty/ros2_ws/install/flare_detect/share/flare_detect/cmake/export_flare_detect__rosidl_typesupport_fastrtps_cExport-noconfig.cmake
[5.934s] -- Up-to-date: /home/etern1ty/ros2_ws/install/flare_detect/share/flare_detect/cmake/export_flare_detect__rosidl_generator_cppExport.cmake
[5.934s] -- Up-to-date: /home/etern1ty/ros2_ws/install/flare_detect/share/flare_detect/cmake/export_flare_detect__rosidl_typesupport_fastrtps_cppExport.cmake
[5.934s] -- Up-to-date: /home/etern1ty/ros2_ws/install/flare_detect/share/flare_detect/cmake/export_flare_detect__rosidl_typesupport_fastrtps_cppExport-noconfig.cmake
[5.934s] -- Up-to-date: /home/etern1ty/ros2_ws/install/flare_detect/share/flare_detect/cmake/flare_detect__rosidl_typesupport_introspection_cExport.cmake
[5.935s] -- Up-to-date: /home/etern1ty/ros2_ws/install/flare_detect/share/flare_detect/cmake/flare_detect__rosidl_typesupport_introspection_cExport-noconfig.cmake
[5.935s] -- Up-to-date: /home/etern1ty/ros2_ws/install/flare_detect/share/flare_detect/cmake/flare_detect__rosidl_typesupport_cExport.cmake
[5.935s] -- Up-to-date: /home/etern1ty/ros2_ws/install/flare_detect/share/flare_detect/cmake/flare_detect__rosidl_typesupport_cExport-noconfig.cmake
[5.935s] -- Up-to-date: /home/etern1ty/ros2_ws/install/flare_detect/share/flare_detect/cmake/flare_detect__rosidl_typesupport_introspection_cppExport.cmake
[5.935s] -- Up-to-date: /home/etern1ty/ros2_ws/install/flare_detect/share/flare_detect/cmake/flare_detect__rosidl_typesupport_introspection_cppExport-noconfig.cmake
[5.935s] -- Up-to-date: /home/etern1ty/ros2_ws/install/flare_detect/share/flare_detect/cmake/flare_detect__rosidl_typesupport_cppExport.cmake
[5.936s] -- Up-to-date: /home/etern1ty/ros2_ws/install/flare_detect/share/flare_detect/cmake/flare_detect__rosidl_typesupport_cppExport-noconfig.cmake
[5.936s] -- Up-to-date: /home/etern1ty/ros2_ws/install/flare_detect/share/flare_detect/cmake/export_flare_detect__rosidl_generator_pyExport.cmake
[5.936s] -- Up-to-date: /home/etern1ty/ros2_ws/install/flare_detect/share/flare_detect/cmake/export_flare_detect__rosidl_generator_pyExport-noconfig.cmake
[5.936s] -- Up-to-date: /home/etern1ty/ros2_ws/install/flare_detect/share/flare_detect/cmake/rosidl_cmake-extras.cmake
[5.936s] -- Up-to-date: /home/etern1ty/ros2_ws/install/flare_detect/share/flare_detect/cmake/ament_cmake_export_include_directories-extras.cmake
[5.936s] -- Up-to-date: /home/etern1ty/ros2_ws/install/flare_detect/share/flare_detect/cmake/ament_cmake_export_libraries-extras.cmake
[5.936s] -- Up-to-date: /home/etern1ty/ros2_ws/install/flare_detect/share/flare_detect/cmake/ament_cmake_export_targets-extras.cmake
[5.936s] -- Up-to-date: /home/etern1ty/ros2_ws/install/flare_detect/share/flare_detect/cmake/rosidl_cmake_export_typesupport_targets-extras.cmake
[5.936s] -- Up-to-date: /home/etern1ty/ros2_ws/install/flare_detect/share/flare_detect/cmake/ament_cmake_export_dependencies-extras.cmake
[5.936s] -- Up-to-date: /home/etern1ty/ros2_ws/install/flare_detect/share/flare_detect/cmake/rosidl_cmake_export_typesupport_libraries-extras.cmake
[5.937s] -- Up-to-date: /home/etern1ty/ros2_ws/install/flare_detect/share/flare_detect/cmake/flare_detectConfig.cmake
[5.937s] -- Up-to-date: /home/etern1ty/ros2_ws/install/flare_detect/share/flare_detect/cmake/flare_detectConfig-version.cmake
[5.937s] -- Up-to-date: /home/etern1ty/ros2_ws/install/flare_detect/share/flare_detect/package.xml
[5.939s] Invoked command in '/home/etern1ty/ros2_ws/build/flare_detect' returned '0': CMAKE_PREFIX_PATH=/opt/ros/humble /usr/bin/cmake --install /home/etern1ty/ros2_ws/build/flare_detect
