[0.066s] Invoking command in '/home/etern1ty/ros2_ws/build/examples_rclcpp_async_client': CMAKE_PREFIX_PATH=/opt/ros/humble /usr/bin/cmake --build /home/etern1ty/ros2_ws/build/examples_rclcpp_async_client -- -j12 -l12
[0.139s] [100%] Built target client_main
[0.152s] Invoked command in '/home/etern1ty/ros2_ws/build/examples_rclcpp_async_client' returned '0': CMAKE_PREFIX_PATH=/opt/ros/humble /usr/bin/cmake --build /home/etern1ty/ros2_ws/build/examples_rclcpp_async_client -- -j12 -l12
[0.180s] Invoking command in '/home/etern1ty/ros2_ws/build/examples_rclcpp_async_client': CMAKE_PREFIX_PATH=/opt/ros/humble /usr/bin/cmake --install /home/etern1ty/ros2_ws/build/examples_rclcpp_async_client
[0.188s] -- Install configuration: ""
[0.188s] -- Up-to-date: /home/etern1ty/ros2_ws/install/examples_rclcpp_async_client/lib/examples_rclcpp_async_client/client_main
[0.189s] -- Up-to-date: /home/etern1ty/ros2_ws/install/examples_rclcpp_async_client/share/ament_index/resource_index/package_run_dependencies/examples_rclcpp_async_client
[0.189s] -- Up-to-date: /home/etern1ty/ros2_ws/install/examples_rclcpp_async_client/share/ament_index/resource_index/parent_prefix_path/examples_rclcpp_async_client
[0.190s] -- Up-to-date: /home/etern1ty/ros2_ws/install/examples_rclcpp_async_client/share/examples_rclcpp_async_client/environment/ament_prefix_path.sh
[0.190s] -- Up-to-date: /home/etern1ty/ros2_ws/install/examples_rclcpp_async_client/share/examples_rclcpp_async_client/environment/ament_prefix_path.dsv
[0.190s] -- Up-to-date: /home/etern1ty/ros2_ws/install/examples_rclcpp_async_client/share/examples_rclcpp_async_client/environment/path.sh
[0.190s] -- Up-to-date: /home/etern1ty/ros2_ws/install/examples_rclcpp_async_client/share/examples_rclcpp_async_client/environment/path.dsv
[0.190s] -- Up-to-date: /home/etern1ty/ros2_ws/install/examples_rclcpp_async_client/share/examples_rclcpp_async_client/local_setup.bash
[0.190s] -- Up-to-date: /home/etern1ty/ros2_ws/install/examples_rclcpp_async_client/share/examples_rclcpp_async_client/local_setup.sh
[0.190s] -- Up-to-date: /home/etern1ty/ros2_ws/install/examples_rclcpp_async_client/share/examples_rclcpp_async_client/local_setup.zsh
[0.190s] -- Up-to-date: /home/etern1ty/ros2_ws/install/examples_rclcpp_async_client/share/examples_rclcpp_async_client/local_setup.dsv
[0.190s] -- Installing: /home/etern1ty/ros2_ws/install/examples_rclcpp_async_client/share/examples_rclcpp_async_client/package.dsv
[0.190s] -- Up-to-date: /home/etern1ty/ros2_ws/install/examples_rclcpp_async_client/share/ament_index/resource_index/packages/examples_rclcpp_async_client
[0.190s] -- Up-to-date: /home/etern1ty/ros2_ws/install/examples_rclcpp_async_client/share/examples_rclcpp_async_client/cmake/examples_rclcpp_async_clientConfig.cmake
[0.190s] -- Up-to-date: /home/etern1ty/ros2_ws/install/examples_rclcpp_async_client/share/examples_rclcpp_async_client/cmake/examples_rclcpp_async_clientConfig-version.cmake
[0.191s] -- Up-to-date: /home/etern1ty/ros2_ws/install/examples_rclcpp_async_client/share/examples_rclcpp_async_client/package.xml
[0.193s] Invoked command in '/home/etern1ty/ros2_ws/build/examples_rclcpp_async_client' returned '0': CMAKE_PREFIX_PATH=/opt/ros/humble /usr/bin/cmake --install /home/etern1ty/ros2_ws/build/examples_rclcpp_async_client
