[0.842s] Invoking command in '/home/etern1ty/ros2_ws/src/src/examples/rclpy/actions/minimal_action_client': PYTHONPATH=/home/etern1ty/ros2_ws/build/examples_rclpy_minimal_action_client/prefix_override:/home/etern1ty/ros2_ws/install/examples_rclpy_minimal_action_client/lib/python3.10/site-packages:${PYTHONPATH} /usr/bin/python3 setup.py egg_info --egg-base ../../../../../../build/examples_rclpy_minimal_action_client build --build-base /home/etern1ty/ros2_ws/build/examples_rclpy_minimal_action_client/build install --record /home/etern1ty/ros2_ws/build/examples_rclpy_minimal_action_client/install.log --single-version-externally-managed
[1.070s] running egg_info
[1.070s] writing ../../../../../../build/examples_rclpy_minimal_action_client/examples_rclpy_minimal_action_client.egg-info/PKG-INFO
[1.071s] writing dependency_links to ../../../../../../build/examples_rclpy_minimal_action_client/examples_rclpy_minimal_action_client.egg-info/dependency_links.txt
[1.071s] writing entry points to ../../../../../../build/examples_rclpy_minimal_action_client/examples_rclpy_minimal_action_client.egg-info/entry_points.txt
[1.071s] writing requirements to ../../../../../../build/examples_rclpy_minimal_action_client/examples_rclpy_minimal_action_client.egg-info/requires.txt
[1.071s] writing top-level names to ../../../../../../build/examples_rclpy_minimal_action_client/examples_rclpy_minimal_action_client.egg-info/top_level.txt
[1.073s] reading manifest file '../../../../../../build/examples_rclpy_minimal_action_client/examples_rclpy_minimal_action_client.egg-info/SOURCES.txt'
[1.075s] writing manifest file '../../../../../../build/examples_rclpy_minimal_action_client/examples_rclpy_minimal_action_client.egg-info/SOURCES.txt'
[1.075s] running build
[1.075s] running build_py
[1.075s] running install
[1.076s] running install_lib
[1.078s] running install_data
[1.080s] running install_egg_info
[1.082s] removing '/home/etern1ty/ros2_ws/install/examples_rclpy_minimal_action_client/lib/python3.10/site-packages/examples_rclpy_minimal_action_client-0.15.1-py3.10.egg-info' (and everything under it)
[1.082s] Copying ../../../../../../build/examples_rclpy_minimal_action_client/examples_rclpy_minimal_action_client.egg-info to /home/etern1ty/ros2_ws/install/examples_rclpy_minimal_action_client/lib/python3.10/site-packages/examples_rclpy_minimal_action_client-0.15.1-py3.10.egg-info
[1.083s] running install_scripts
[1.102s] Installing client script to /home/etern1ty/ros2_ws/install/examples_rclpy_minimal_action_client/lib/examples_rclpy_minimal_action_client
[1.102s] Installing client_asyncio script to /home/etern1ty/ros2_ws/install/examples_rclpy_minimal_action_client/lib/examples_rclpy_minimal_action_client
[1.102s] Installing client_cancel script to /home/etern1ty/ros2_ws/install/examples_rclpy_minimal_action_client/lib/examples_rclpy_minimal_action_client
[1.102s] Installing client_not_composable script to /home/etern1ty/ros2_ws/install/examples_rclpy_minimal_action_client/lib/examples_rclpy_minimal_action_client
[1.102s] writing list of installed files to '/home/etern1ty/ros2_ws/build/examples_rclpy_minimal_action_client/install.log'
[1.145s] Invoked command in '/home/etern1ty/ros2_ws/src/src/examples/rclpy/actions/minimal_action_client' returned '0': PYTHONPATH=/home/etern1ty/ros2_ws/build/examples_rclpy_minimal_action_client/prefix_override:/home/etern1ty/ros2_ws/install/examples_rclpy_minimal_action_client/lib/python3.10/site-packages:${PYTHONPATH} /usr/bin/python3 setup.py egg_info --egg-base ../../../../../../build/examples_rclpy_minimal_action_client build --build-base /home/etern1ty/ros2_ws/build/examples_rclpy_minimal_action_client/build install --record /home/etern1ty/ros2_ws/build/examples_rclpy_minimal_action_client/install.log --single-version-externally-managed
