[0.052s] Invoking command in '/home/etern1ty/ros2_ws/build/examples_rclcpp_minimal_composition': CMAKE_PREFIX_PATH=/opt/ros/humble /usr/bin/cmake --build /home/etern1ty/ros2_ws/build/examples_rclcpp_minimal_composition -- -j12 -l12
[0.118s] [ 33%] Built target composition_nodes
[0.149s] [100%] Built target composition_publisher
[0.150s] [100%] Built target composition_subscriber
[0.150s] [100%] Built target composition_composed
[0.165s] Invoked command in '/home/etern1ty/ros2_ws/build/examples_rclcpp_minimal_composition' returned '0': CMAKE_PREFIX_PATH=/opt/ros/humble /usr/bin/cmake --build /home/etern1ty/ros2_ws/build/examples_rclcpp_minimal_composition -- -j12 -l12
[0.228s] Invoking command in '/home/etern1ty/ros2_ws/build/examples_rclcpp_minimal_composition': CMAKE_PREFIX_PATH=/opt/ros/humble /usr/bin/cmake --install /home/etern1ty/ros2_ws/build/examples_rclcpp_minimal_composition
[0.235s] -- Install configuration: ""
[0.235s] -- Up-to-date: /home/etern1ty/ros2_ws/install/examples_rclcpp_minimal_composition/share/examples_rclcpp_minimal_composition/environment/library_path.sh
[0.235s] -- Up-to-date: /home/etern1ty/ros2_ws/install/examples_rclcpp_minimal_composition/share/examples_rclcpp_minimal_composition/environment/library_path.dsv
[0.235s] -- Up-to-date: /home/etern1ty/ros2_ws/install/examples_rclcpp_minimal_composition/lib/libcomposition_nodes.so
[0.236s] -- Up-to-date: /home/etern1ty/ros2_ws/install/examples_rclcpp_minimal_composition/lib/examples_rclcpp_minimal_composition/composition_publisher
[0.236s] -- Up-to-date: /home/etern1ty/ros2_ws/install/examples_rclcpp_minimal_composition/lib/examples_rclcpp_minimal_composition/composition_subscriber
[0.236s] -- Up-to-date: /home/etern1ty/ros2_ws/install/examples_rclcpp_minimal_composition/lib/examples_rclcpp_minimal_composition/composition_composed
[0.236s] -- Up-to-date: /home/etern1ty/ros2_ws/install/examples_rclcpp_minimal_composition/share/ament_index/resource_index/package_run_dependencies/examples_rclcpp_minimal_composition
[0.237s] -- Up-to-date: /home/etern1ty/ros2_ws/install/examples_rclcpp_minimal_composition/share/ament_index/resource_index/parent_prefix_path/examples_rclcpp_minimal_composition
[0.237s] -- Up-to-date: /home/etern1ty/ros2_ws/install/examples_rclcpp_minimal_composition/share/examples_rclcpp_minimal_composition/environment/ament_prefix_path.sh
[0.237s] -- Up-to-date: /home/etern1ty/ros2_ws/install/examples_rclcpp_minimal_composition/share/examples_rclcpp_minimal_composition/environment/ament_prefix_path.dsv
[0.237s] -- Up-to-date: /home/etern1ty/ros2_ws/install/examples_rclcpp_minimal_composition/share/examples_rclcpp_minimal_composition/environment/path.sh
[0.237s] -- Up-to-date: /home/etern1ty/ros2_ws/install/examples_rclcpp_minimal_composition/share/examples_rclcpp_minimal_composition/environment/path.dsv
[0.237s] -- Up-to-date: /home/etern1ty/ros2_ws/install/examples_rclcpp_minimal_composition/share/examples_rclcpp_minimal_composition/local_setup.bash
[0.237s] -- Up-to-date: /home/etern1ty/ros2_ws/install/examples_rclcpp_minimal_composition/share/examples_rclcpp_minimal_composition/local_setup.sh
[0.237s] -- Up-to-date: /home/etern1ty/ros2_ws/install/examples_rclcpp_minimal_composition/share/examples_rclcpp_minimal_composition/local_setup.zsh
[0.237s] -- Up-to-date: /home/etern1ty/ros2_ws/install/examples_rclcpp_minimal_composition/share/examples_rclcpp_minimal_composition/local_setup.dsv
[0.237s] -- Installing: /home/etern1ty/ros2_ws/install/examples_rclcpp_minimal_composition/share/examples_rclcpp_minimal_composition/package.dsv
[0.238s] -- Up-to-date: /home/etern1ty/ros2_ws/install/examples_rclcpp_minimal_composition/share/ament_index/resource_index/packages/examples_rclcpp_minimal_composition
[0.238s] -- Up-to-date: /home/etern1ty/ros2_ws/install/examples_rclcpp_minimal_composition/share/examples_rclcpp_minimal_composition/cmake/examples_rclcpp_minimal_compositionConfig.cmake
[0.238s] -- Up-to-date: /home/etern1ty/ros2_ws/install/examples_rclcpp_minimal_composition/share/examples_rclcpp_minimal_composition/cmake/examples_rclcpp_minimal_compositionConfig-version.cmake
[0.238s] -- Up-to-date: /home/etern1ty/ros2_ws/install/examples_rclcpp_minimal_composition/share/examples_rclcpp_minimal_composition/package.xml
[0.241s] Invoked command in '/home/etern1ty/ros2_ws/build/examples_rclcpp_minimal_composition' returned '0': CMAKE_PREFIX_PATH=/opt/ros/humble /usr/bin/cmake --install /home/etern1ty/ros2_ws/build/examples_rclcpp_minimal_composition
