[0.049s] Invoking command in '/home/etern1ty/ros2_ws/build/examples_rclcpp_wait_set': CMAKE_PREFIX_PATH=/opt/ros/humble /usr/bin/cmake --build /home/etern1ty/ros2_ws/build/examples_rclcpp_wait_set -- -j12 -l12
[0.123s] [ 58%] Built target wait_set
[0.123s] [ 58%] Built target static_wait_set
[0.123s] [ 58%] Built target thread_safe_wait_set
[0.123s] [ 58%] Built target wait_set_talker
[0.123s] [ 58%] Built target listener
[0.123s] [ 58%] Built target wait_set_listener
[0.123s] [ 58%] Built target talker
[0.124s] [ 66%] Built target wait_set_random_order
[0.125s] [ 75%] Built target wait_set_topics_with_different_rates
[0.126s] [ 83%] Built target wait_set_topics_and_timer
[0.127s] [ 91%] Built target executor_random_order
[0.154s] [100%] Built target wait_set_composed
[0.168s] Invoked command in '/home/etern1ty/ros2_ws/build/examples_rclcpp_wait_set' returned '0': CMAKE_PREFIX_PATH=/opt/ros/humble /usr/bin/cmake --build /home/etern1ty/ros2_ws/build/examples_rclcpp_wait_set -- -j12 -l12
[0.239s] Invoking command in '/home/etern1ty/ros2_ws/build/examples_rclcpp_wait_set': CMAKE_PREFIX_PATH=/opt/ros/humble /usr/bin/cmake --install /home/etern1ty/ros2_ws/build/examples_rclcpp_wait_set
[0.247s] -- Install configuration: ""
[0.248s] -- Up-to-date: /home/etern1ty/ros2_ws/install/examples_rclcpp_wait_set/lib/examples_rclcpp_wait_set/wait_set_talker
[0.249s] -- Up-to-date: /home/etern1ty/ros2_ws/install/examples_rclcpp_wait_set/lib/examples_rclcpp_wait_set/wait_set_listener
[0.249s] -- Up-to-date: /home/etern1ty/ros2_ws/install/examples_rclcpp_wait_set/lib/libtalker.so
[0.250s] -- Up-to-date: /home/etern1ty/ros2_ws/install/examples_rclcpp_wait_set/lib/liblistener.so
[0.251s] -- Up-to-date: /home/etern1ty/ros2_ws/install/examples_rclcpp_wait_set/lib/examples_rclcpp_wait_set/wait_set
[0.252s] -- Up-to-date: /home/etern1ty/ros2_ws/install/examples_rclcpp_wait_set/lib/examples_rclcpp_wait_set/static_wait_set
[0.253s] -- Up-to-date: /home/etern1ty/ros2_ws/install/examples_rclcpp_wait_set/lib/examples_rclcpp_wait_set/thread_safe_wait_set
[0.254s] -- Up-to-date: /home/etern1ty/ros2_ws/install/examples_rclcpp_wait_set/lib/examples_rclcpp_wait_set/wait_set_topics_and_timer
[0.255s] -- Up-to-date: /home/etern1ty/ros2_ws/install/examples_rclcpp_wait_set/lib/examples_rclcpp_wait_set/wait_set_random_order
[0.256s] -- Up-to-date: /home/etern1ty/ros2_ws/install/examples_rclcpp_wait_set/lib/examples_rclcpp_wait_set/executor_random_order
[0.257s] -- Up-to-date: /home/etern1ty/ros2_ws/install/examples_rclcpp_wait_set/lib/examples_rclcpp_wait_set/wait_set_topics_with_different_rates
[0.258s] -- Up-to-date: /home/etern1ty/ros2_ws/install/examples_rclcpp_wait_set/lib/examples_rclcpp_wait_set/wait_set_composed
[0.259s] -- Up-to-date: /home/etern1ty/ros2_ws/install/examples_rclcpp_wait_set/share/ament_index/resource_index/package_run_dependencies/examples_rclcpp_wait_set
[0.259s] -- Up-to-date: /home/etern1ty/ros2_ws/install/examples_rclcpp_wait_set/share/ament_index/resource_index/parent_prefix_path/examples_rclcpp_wait_set
[0.259s] -- Up-to-date: /home/etern1ty/ros2_ws/install/examples_rclcpp_wait_set/share/examples_rclcpp_wait_set/environment/ament_prefix_path.sh
[0.259s] -- Up-to-date: /home/etern1ty/ros2_ws/install/examples_rclcpp_wait_set/share/examples_rclcpp_wait_set/environment/ament_prefix_path.dsv
[0.259s] -- Up-to-date: /home/etern1ty/ros2_ws/install/examples_rclcpp_wait_set/share/examples_rclcpp_wait_set/environment/path.sh
[0.260s] -- Up-to-date: /home/etern1ty/ros2_ws/install/examples_rclcpp_wait_set/share/examples_rclcpp_wait_set/environment/path.dsv
[0.260s] -- Up-to-date: /home/etern1ty/ros2_ws/install/examples_rclcpp_wait_set/share/examples_rclcpp_wait_set/local_setup.bash
[0.260s] -- Up-to-date: /home/etern1ty/ros2_ws/install/examples_rclcpp_wait_set/share/examples_rclcpp_wait_set/local_setup.sh
[0.260s] -- Up-to-date: /home/etern1ty/ros2_ws/install/examples_rclcpp_wait_set/share/examples_rclcpp_wait_set/local_setup.zsh
[0.260s] -- Up-to-date: /home/etern1ty/ros2_ws/install/examples_rclcpp_wait_set/share/examples_rclcpp_wait_set/local_setup.dsv
[0.260s] -- Installing: /home/etern1ty/ros2_ws/install/examples_rclcpp_wait_set/share/examples_rclcpp_wait_set/package.dsv
[0.260s] -- Up-to-date: /home/etern1ty/ros2_ws/install/examples_rclcpp_wait_set/share/ament_index/resource_index/packages/examples_rclcpp_wait_set
[0.260s] -- Up-to-date: /home/etern1ty/ros2_ws/install/examples_rclcpp_wait_set/share/ament_index/resource_index/rclcpp_components/examples_rclcpp_wait_set
[0.260s] -- Up-to-date: /home/etern1ty/ros2_ws/install/examples_rclcpp_wait_set/share/examples_rclcpp_wait_set/cmake/examples_rclcpp_wait_setConfig.cmake
[0.261s] -- Up-to-date: /home/etern1ty/ros2_ws/install/examples_rclcpp_wait_set/share/examples_rclcpp_wait_set/cmake/examples_rclcpp_wait_setConfig-version.cmake
[0.261s] -- Up-to-date: /home/etern1ty/ros2_ws/install/examples_rclcpp_wait_set/share/examples_rclcpp_wait_set/package.xml
[0.374s] Invoked command in '/home/etern1ty/ros2_ws/build/examples_rclcpp_wait_set' returned '0': CMAKE_PREFIX_PATH=/opt/ros/humble /usr/bin/cmake --install /home/etern1ty/ros2_ws/build/examples_rclcpp_wait_set
