[0.094s] Invoking command in '/home/etern1ty/ros2_ws/build/obj_msg': CMAKE_PREFIX_PATH=/opt/ros/humble /usr/bin/cmake --build /home/etern1ty/ros2_ws/build/obj_msg -- -j12 -l12
[0.194s] [  3%] Built target obj_msg__cpp
[0.198s] [ 12%] Built target obj_msg__rosidl_generator_c
[0.209s] [ 12%] Built target ament_cmake_python_copy_obj_msg
[0.240s] [ 22%] Built target obj_msg__rosidl_typesupport_introspection_c
[0.244s] [ 32%] Built target obj_msg__rosidl_typesupport_fastrtps_cpp
[0.245s] [ 41%] Built target obj_msg__rosidl_typesupport_c
[0.246s] [ 51%] Built target obj_msg__rosidl_typesupport_introspection_cpp
[0.247s] [ 61%] Built target obj_msg__rosidl_typesupport_cpp
[0.254s] [ 70%] Built target obj_msg__rosidl_typesupport_fastrtps_c
[0.285s] [ 70%] Built target obj_msg
[0.312s] [ 74%] Built target obj_msg__py
[0.346s] [ 80%] Built target obj_msg__rosidl_generator_py
[0.382s] [ 87%] Built target obj_msg__rosidl_typesupport_c__pyext
[0.384s] [ 93%] Built target obj_msg__rosidl_typesupport_fastrtps_c__pyext
[0.384s] [100%] Built target obj_msg__rosidl_typesupport_introspection_c__pyext
[0.538s] running egg_info
[0.539s] writing obj_msg.egg-info/PKG-INFO
[0.539s] writing dependency_links to obj_msg.egg-info/dependency_links.txt
[0.539s] writing top-level names to obj_msg.egg-info/top_level.txt
[0.542s] reading manifest file 'obj_msg.egg-info/SOURCES.txt'
[0.543s] writing manifest file 'obj_msg.egg-info/SOURCES.txt'
[0.585s] [100%] Built target ament_cmake_python_build_obj_msg_egg
[0.599s] Invoked command in '/home/etern1ty/ros2_ws/build/obj_msg' returned '0': CMAKE_PREFIX_PATH=/opt/ros/humble /usr/bin/cmake --build /home/etern1ty/ros2_ws/build/obj_msg -- -j12 -l12
[0.675s] Invoking command in '/home/etern1ty/ros2_ws/build/obj_msg': CMAKE_PREFIX_PATH=/opt/ros/humble /usr/bin/cmake --install /home/etern1ty/ros2_ws/build/obj_msg
[0.684s] -- Install configuration: ""
[0.684s] -- Up-to-date: /home/etern1ty/ros2_ws/install/obj_msg/share/ament_index/resource_index/rosidl_interfaces/obj_msg
[0.684s] -- Up-to-date: /home/etern1ty/ros2_ws/install/obj_msg/include/obj_msg/obj_msg
[0.684s] -- Up-to-date: /home/etern1ty/ros2_ws/install/obj_msg/include/obj_msg/obj_msg/msg
[0.685s] -- Up-to-date: /home/etern1ty/ros2_ws/install/obj_msg/include/obj_msg/obj_msg/msg/detected.h
[0.685s] -- Up-to-date: /home/etern1ty/ros2_ws/install/obj_msg/include/obj_msg/obj_msg/msg/detail
[0.685s] -- Up-to-date: /home/etern1ty/ros2_ws/install/obj_msg/include/obj_msg/obj_msg/msg/detail/detected__functions.c
[0.685s] -- Up-to-date: /home/etern1ty/ros2_ws/install/obj_msg/include/obj_msg/obj_msg/msg/detail/detected__functions.h
[0.685s] -- Up-to-date: /home/etern1ty/ros2_ws/install/obj_msg/include/obj_msg/obj_msg/msg/detail/detected__struct.h
[0.685s] -- Up-to-date: /home/etern1ty/ros2_ws/install/obj_msg/include/obj_msg/obj_msg/msg/detail/detected__type_support.h
[0.685s] -- Up-to-date: /home/etern1ty/ros2_ws/install/obj_msg/include/obj_msg/obj_msg/msg/rosidl_generator_c__visibility_control.h
[0.686s] -- Up-to-date: /home/etern1ty/ros2_ws/install/obj_msg/share/obj_msg/environment/library_path.sh
[0.686s] -- Up-to-date: /home/etern1ty/ros2_ws/install/obj_msg/share/obj_msg/environment/library_path.dsv
[0.686s] -- Up-to-date: /home/etern1ty/ros2_ws/install/obj_msg/lib/libobj_msg__rosidl_generator_c.so
[0.689s] -- Up-to-date: /home/etern1ty/ros2_ws/install/obj_msg/include/obj_msg/obj_msg
[0.689s] -- Up-to-date: /home/etern1ty/ros2_ws/install/obj_msg/include/obj_msg/obj_msg/msg
[0.689s] -- Up-to-date: /home/etern1ty/ros2_ws/install/obj_msg/include/obj_msg/obj_msg/msg/rosidl_typesupport_fastrtps_c__visibility_control.h
[0.689s] -- Up-to-date: /home/etern1ty/ros2_ws/install/obj_msg/include/obj_msg/obj_msg/msg/detail
[0.689s] -- Up-to-date: /home/etern1ty/ros2_ws/install/obj_msg/include/obj_msg/obj_msg/msg/detail/detected__rosidl_typesupport_fastrtps_c.h
[0.689s] -- Up-to-date: /home/etern1ty/ros2_ws/install/obj_msg/lib/libobj_msg__rosidl_typesupport_fastrtps_c.so
[0.691s] -- Up-to-date: /home/etern1ty/ros2_ws/install/obj_msg/include/obj_msg/obj_msg
[0.692s] -- Up-to-date: /home/etern1ty/ros2_ws/install/obj_msg/include/obj_msg/obj_msg/msg
[0.692s] -- Up-to-date: /home/etern1ty/ros2_ws/install/obj_msg/include/obj_msg/obj_msg/msg/detail
[0.692s] -- Up-to-date: /home/etern1ty/ros2_ws/install/obj_msg/include/obj_msg/obj_msg/msg/detail/detected__type_support.c
[0.692s] -- Up-to-date: /home/etern1ty/ros2_ws/install/obj_msg/include/obj_msg/obj_msg/msg/detail/detected__rosidl_typesupport_introspection_c.h
[0.692s] -- Up-to-date: /home/etern1ty/ros2_ws/install/obj_msg/include/obj_msg/obj_msg/msg/rosidl_typesupport_introspection_c__visibility_control.h
[0.692s] -- Up-to-date: /home/etern1ty/ros2_ws/install/obj_msg/lib/libobj_msg__rosidl_typesupport_introspection_c.so
[0.692s] -- Up-to-date: /home/etern1ty/ros2_ws/install/obj_msg/lib/libobj_msg__rosidl_typesupport_c.so
[0.692s] -- Up-to-date: /home/etern1ty/ros2_ws/install/obj_msg/include/obj_msg/obj_msg
[0.692s] -- Up-to-date: /home/etern1ty/ros2_ws/install/obj_msg/include/obj_msg/obj_msg/msg
[0.692s] -- Up-to-date: /home/etern1ty/ros2_ws/install/obj_msg/include/obj_msg/obj_msg/msg/detected.hpp
[0.692s] -- Up-to-date: /home/etern1ty/ros2_ws/install/obj_msg/include/obj_msg/obj_msg/msg/detail
[0.692s] -- Up-to-date: /home/etern1ty/ros2_ws/install/obj_msg/include/obj_msg/obj_msg/msg/detail/detected__struct.hpp
[0.692s] -- Up-to-date: /home/etern1ty/ros2_ws/install/obj_msg/include/obj_msg/obj_msg/msg/detail/detected__traits.hpp
[0.692s] -- Up-to-date: /home/etern1ty/ros2_ws/install/obj_msg/include/obj_msg/obj_msg/msg/detail/detected__builder.hpp
[0.692s] -- Up-to-date: /home/etern1ty/ros2_ws/install/obj_msg/include/obj_msg/obj_msg
[0.692s] -- Up-to-date: /home/etern1ty/ros2_ws/install/obj_msg/include/obj_msg/obj_msg/msg
[0.692s] -- Up-to-date: /home/etern1ty/ros2_ws/install/obj_msg/include/obj_msg/obj_msg/msg/detail
[0.693s] -- Up-to-date: /home/etern1ty/ros2_ws/install/obj_msg/include/obj_msg/obj_msg/msg/detail/dds_fastrtps
[0.693s] -- Up-to-date: /home/etern1ty/ros2_ws/install/obj_msg/include/obj_msg/obj_msg/msg/detail/detected__rosidl_typesupport_fastrtps_cpp.hpp
[0.693s] -- Up-to-date: /home/etern1ty/ros2_ws/install/obj_msg/include/obj_msg/obj_msg/msg/rosidl_typesupport_fastrtps_cpp__visibility_control.h
[0.693s] -- Up-to-date: /home/etern1ty/ros2_ws/install/obj_msg/lib/libobj_msg__rosidl_typesupport_fastrtps_cpp.so
[0.693s] -- Up-to-date: /home/etern1ty/ros2_ws/install/obj_msg/include/obj_msg/obj_msg
[0.693s] -- Up-to-date: /home/etern1ty/ros2_ws/install/obj_msg/include/obj_msg/obj_msg/msg
[0.693s] -- Up-to-date: /home/etern1ty/ros2_ws/install/obj_msg/include/obj_msg/obj_msg/msg/detail
[0.693s] -- Up-to-date: /home/etern1ty/ros2_ws/install/obj_msg/include/obj_msg/obj_msg/msg/detail/detected__type_support.cpp
[0.693s] -- Up-to-date: /home/etern1ty/ros2_ws/install/obj_msg/include/obj_msg/obj_msg/msg/detail/detected__rosidl_typesupport_introspection_cpp.hpp
[0.694s] -- Up-to-date: /home/etern1ty/ros2_ws/install/obj_msg/lib/libobj_msg__rosidl_typesupport_introspection_cpp.so
[0.694s] -- Up-to-date: /home/etern1ty/ros2_ws/install/obj_msg/lib/libobj_msg__rosidl_typesupport_cpp.so
[0.694s] -- Up-to-date: /home/etern1ty/ros2_ws/install/obj_msg/share/obj_msg/environment/pythonpath.sh
[0.694s] -- Up-to-date: /home/etern1ty/ros2_ws/install/obj_msg/share/obj_msg/environment/pythonpath.dsv
[0.695s] -- Up-to-date: /home/etern1ty/ros2_ws/install/obj_msg/local/lib/python3.10/dist-packages/obj_msg-0.0.0-py3.10.egg-info
[0.695s] -- Installing: /home/etern1ty/ros2_ws/install/obj_msg/local/lib/python3.10/dist-packages/obj_msg-0.0.0-py3.10.egg-info/PKG-INFO
[0.695s] -- Installing: /home/etern1ty/ros2_ws/install/obj_msg/local/lib/python3.10/dist-packages/obj_msg-0.0.0-py3.10.egg-info/top_level.txt
[0.695s] -- Installing: /home/etern1ty/ros2_ws/install/obj_msg/local/lib/python3.10/dist-packages/obj_msg-0.0.0-py3.10.egg-info/SOURCES.txt
[0.695s] -- Installing: /home/etern1ty/ros2_ws/install/obj_msg/local/lib/python3.10/dist-packages/obj_msg-0.0.0-py3.10.egg-info/dependency_links.txt
[0.695s] -- Up-to-date: /home/etern1ty/ros2_ws/install/obj_msg/local/lib/python3.10/dist-packages/obj_msg
[0.696s] -- Up-to-date: /home/etern1ty/ros2_ws/install/obj_msg/local/lib/python3.10/dist-packages/obj_msg/libobj_msg__rosidl_generator_py.so
[0.696s] -- Up-to-date: /home/etern1ty/ros2_ws/install/obj_msg/local/lib/python3.10/dist-packages/obj_msg/_obj_msg_s.ep.rosidl_typesupport_c.c
[0.696s] -- Up-to-date: /home/etern1ty/ros2_ws/install/obj_msg/local/lib/python3.10/dist-packages/obj_msg/__init__.py
[0.696s] -- Up-to-date: /home/etern1ty/ros2_ws/install/obj_msg/local/lib/python3.10/dist-packages/obj_msg/obj_msg_s__rosidl_typesupport_c.cpython-310-x86_64-linux-gnu.so
[0.696s] -- Up-to-date: /home/etern1ty/ros2_ws/install/obj_msg/local/lib/python3.10/dist-packages/obj_msg/_obj_msg_s.ep.rosidl_typesupport_fastrtps_c.c
[0.696s] -- Up-to-date: /home/etern1ty/ros2_ws/install/obj_msg/local/lib/python3.10/dist-packages/obj_msg/obj_msg_s__rosidl_typesupport_fastrtps_c.cpython-310-x86_64-linux-gnu.so
[0.696s] -- Up-to-date: /home/etern1ty/ros2_ws/install/obj_msg/local/lib/python3.10/dist-packages/obj_msg/msg
[0.696s] -- Up-to-date: /home/etern1ty/ros2_ws/install/obj_msg/local/lib/python3.10/dist-packages/obj_msg/msg/_detected_s.c
[0.696s] -- Up-to-date: /home/etern1ty/ros2_ws/install/obj_msg/local/lib/python3.10/dist-packages/obj_msg/msg/__init__.py
[0.696s] -- Up-to-date: /home/etern1ty/ros2_ws/install/obj_msg/local/lib/python3.10/dist-packages/obj_msg/msg/_detected.py
[0.696s] -- Up-to-date: /home/etern1ty/ros2_ws/install/obj_msg/local/lib/python3.10/dist-packages/obj_msg/obj_msg_s__rosidl_typesupport_introspection_c.cpython-310-x86_64-linux-gnu.so
[0.696s] -- Up-to-date: /home/etern1ty/ros2_ws/install/obj_msg/local/lib/python3.10/dist-packages/obj_msg/_obj_msg_s.ep.rosidl_typesupport_introspection_c.c
[0.721s] Listing '/home/etern1ty/ros2_ws/install/obj_msg/local/lib/python3.10/dist-packages/obj_msg'...
[0.721s] Listing '/home/etern1ty/ros2_ws/install/obj_msg/local/lib/python3.10/dist-packages/obj_msg/msg'...
[0.726s] -- Up-to-date: /home/etern1ty/ros2_ws/install/obj_msg/local/lib/python3.10/dist-packages/obj_msg/obj_msg_s__rosidl_typesupport_fastrtps_c.cpython-310-x86_64-linux-gnu.so
[0.726s] -- Up-to-date: /home/etern1ty/ros2_ws/install/obj_msg/local/lib/python3.10/dist-packages/obj_msg/obj_msg_s__rosidl_typesupport_introspection_c.cpython-310-x86_64-linux-gnu.so
[0.727s] -- Up-to-date: /home/etern1ty/ros2_ws/install/obj_msg/local/lib/python3.10/dist-packages/obj_msg/obj_msg_s__rosidl_typesupport_c.cpython-310-x86_64-linux-gnu.so
[0.728s] -- Up-to-date: /home/etern1ty/ros2_ws/install/obj_msg/lib/libobj_msg__rosidl_generator_py.so
[0.728s] -- Up-to-date: /home/etern1ty/ros2_ws/install/obj_msg/share/obj_msg/msg/Detected.idl
[0.728s] -- Up-to-date: /home/etern1ty/ros2_ws/install/obj_msg/share/obj_msg/msg/Detected.msg
[0.728s] -- Up-to-date: /home/etern1ty/ros2_ws/install/obj_msg/share/ament_index/resource_index/package_run_dependencies/obj_msg
[0.728s] -- Up-to-date: /home/etern1ty/ros2_ws/install/obj_msg/share/ament_index/resource_index/parent_prefix_path/obj_msg
[0.728s] -- Up-to-date: /home/etern1ty/ros2_ws/install/obj_msg/share/obj_msg/environment/ament_prefix_path.sh
[0.729s] -- Up-to-date: /home/etern1ty/ros2_ws/install/obj_msg/share/obj_msg/environment/ament_prefix_path.dsv
[0.729s] -- Up-to-date: /home/etern1ty/ros2_ws/install/obj_msg/share/obj_msg/environment/path.sh
[0.729s] -- Up-to-date: /home/etern1ty/ros2_ws/install/obj_msg/share/obj_msg/environment/path.dsv
[0.729s] -- Up-to-date: /home/etern1ty/ros2_ws/install/obj_msg/share/obj_msg/local_setup.bash
[0.729s] -- Up-to-date: /home/etern1ty/ros2_ws/install/obj_msg/share/obj_msg/local_setup.sh
[0.729s] -- Up-to-date: /home/etern1ty/ros2_ws/install/obj_msg/share/obj_msg/local_setup.zsh
[0.729s] -- Up-to-date: /home/etern1ty/ros2_ws/install/obj_msg/share/obj_msg/local_setup.dsv
[0.729s] -- Installing: /home/etern1ty/ros2_ws/install/obj_msg/share/obj_msg/package.dsv
[0.729s] -- Up-to-date: /home/etern1ty/ros2_ws/install/obj_msg/share/ament_index/resource_index/packages/obj_msg
[0.730s] -- Up-to-date: /home/etern1ty/ros2_ws/install/obj_msg/share/obj_msg/cmake/export_obj_msg__rosidl_generator_cExport.cmake
[0.730s] -- Up-to-date: /home/etern1ty/ros2_ws/install/obj_msg/share/obj_msg/cmake/export_obj_msg__rosidl_generator_cExport-noconfig.cmake
[0.731s] -- Up-to-date: /home/etern1ty/ros2_ws/install/obj_msg/share/obj_msg/cmake/export_obj_msg__rosidl_typesupport_fastrtps_cExport.cmake
[0.731s] -- Up-to-date: /home/etern1ty/ros2_ws/install/obj_msg/share/obj_msg/cmake/export_obj_msg__rosidl_typesupport_fastrtps_cExport-noconfig.cmake
[0.731s] -- Up-to-date: /home/etern1ty/ros2_ws/install/obj_msg/share/obj_msg/cmake/obj_msg__rosidl_typesupport_introspection_cExport.cmake
[0.731s] -- Up-to-date: /home/etern1ty/ros2_ws/install/obj_msg/share/obj_msg/cmake/obj_msg__rosidl_typesupport_introspection_cExport-noconfig.cmake
[0.732s] -- Up-to-date: /home/etern1ty/ros2_ws/install/obj_msg/share/obj_msg/cmake/obj_msg__rosidl_typesupport_cExport.cmake
[0.732s] -- Up-to-date: /home/etern1ty/ros2_ws/install/obj_msg/share/obj_msg/cmake/obj_msg__rosidl_typesupport_cExport-noconfig.cmake
[0.732s] -- Up-to-date: /home/etern1ty/ros2_ws/install/obj_msg/share/obj_msg/cmake/export_obj_msg__rosidl_generator_cppExport.cmake
[0.732s] -- Up-to-date: /home/etern1ty/ros2_ws/install/obj_msg/share/obj_msg/cmake/export_obj_msg__rosidl_typesupport_fastrtps_cppExport.cmake
[0.732s] -- Up-to-date: /home/etern1ty/ros2_ws/install/obj_msg/share/obj_msg/cmake/export_obj_msg__rosidl_typesupport_fastrtps_cppExport-noconfig.cmake
[0.733s] -- Up-to-date: /home/etern1ty/ros2_ws/install/obj_msg/share/obj_msg/cmake/obj_msg__rosidl_typesupport_introspection_cppExport.cmake
[0.733s] -- Up-to-date: /home/etern1ty/ros2_ws/install/obj_msg/share/obj_msg/cmake/obj_msg__rosidl_typesupport_introspection_cppExport-noconfig.cmake
[0.733s] -- Up-to-date: /home/etern1ty/ros2_ws/install/obj_msg/share/obj_msg/cmake/obj_msg__rosidl_typesupport_cppExport.cmake
[0.734s] -- Up-to-date: /home/etern1ty/ros2_ws/install/obj_msg/share/obj_msg/cmake/obj_msg__rosidl_typesupport_cppExport-noconfig.cmake
[0.734s] -- Up-to-date: /home/etern1ty/ros2_ws/install/obj_msg/share/obj_msg/cmake/export_obj_msg__rosidl_generator_pyExport.cmake
[0.734s] -- Up-to-date: /home/etern1ty/ros2_ws/install/obj_msg/share/obj_msg/cmake/export_obj_msg__rosidl_generator_pyExport-noconfig.cmake
[0.734s] -- Up-to-date: /home/etern1ty/ros2_ws/install/obj_msg/share/obj_msg/cmake/ament_cmake_export_dependencies-extras.cmake
[0.734s] -- Up-to-date: /home/etern1ty/ros2_ws/install/obj_msg/share/obj_msg/cmake/rosidl_cmake-extras.cmake
[0.734s] -- Up-to-date: /home/etern1ty/ros2_ws/install/obj_msg/share/obj_msg/cmake/ament_cmake_export_include_directories-extras.cmake
[0.735s] -- Up-to-date: /home/etern1ty/ros2_ws/install/obj_msg/share/obj_msg/cmake/ament_cmake_export_libraries-extras.cmake
[0.735s] -- Up-to-date: /home/etern1ty/ros2_ws/install/obj_msg/share/obj_msg/cmake/ament_cmake_export_targets-extras.cmake
[0.735s] -- Up-to-date: /home/etern1ty/ros2_ws/install/obj_msg/share/obj_msg/cmake/rosidl_cmake_export_typesupport_targets-extras.cmake
[0.735s] -- Up-to-date: /home/etern1ty/ros2_ws/install/obj_msg/share/obj_msg/cmake/rosidl_cmake_export_typesupport_libraries-extras.cmake
[0.735s] -- Up-to-date: /home/etern1ty/ros2_ws/install/obj_msg/share/obj_msg/cmake/obj_msgConfig.cmake
[0.735s] -- Up-to-date: /home/etern1ty/ros2_ws/install/obj_msg/share/obj_msg/cmake/obj_msgConfig-version.cmake
[0.735s] -- Up-to-date: /home/etern1ty/ros2_ws/install/obj_msg/share/obj_msg/package.xml
[0.738s] Invoked command in '/home/etern1ty/ros2_ws/build/obj_msg' returned '0': CMAKE_PREFIX_PATH=/opt/ros/humble /usr/bin/cmake --install /home/etern1ty/ros2_ws/build/obj_msg
