[0.056s] Invoking command in '/home/etern1ty/ros2_ws/build/flare_detect': CMAKE_PREFIX_PATH=/opt/ros/humble /usr/bin/cmake --build /home/etern1ty/ros2_ws/build/flare_detect -- -j12 -l12
[0.186s] [  3%] Built target flare_detect__cpp
[0.195s] [ 12%] Built target flare_detect__rosidl_generator_c
[0.204s] [ 12%] Built target ament_cmake_python_copy_flare_detect
[0.229s] [ 60%] Built target flare_detect__rosidl_typesupport_introspection_cpp
[0.229s] [ 60%] Built target flare_detect__rosidl_typesupport_introspection_c
[0.229s] [ 60%] Built target flare_detect__rosidl_typesupport_cpp
[0.229s] [ 60%] Built target flare_detect__rosidl_typesupport_fastrtps_c
[0.229s] [ 66%] Built target flare_detect__rosidl_typesupport_c
[0.229s] [ 66%] Built target flare_detect__rosidl_typesupport_fastrtps_cpp
[0.257s] [ 66%] Built target flare_detect
[0.280s] [ 72%] Built target detection
[0.287s] [ 75%] Built target flare_detect__py
[0.323s] [ 81%] Built target flare_detect__rosidl_generator_py
[0.352s] [ 93%] Built target flare_detect__rosidl_typesupport_c__pyext
[0.352s] [ 93%] Built target flare_detect__rosidl_typesupport_introspection_c__pyext
[0.355s] [100%] Built target flare_detect__rosidl_typesupport_fastrtps_c__pyext
[0.465s] running egg_info
[0.465s] writing flare_detect.egg-info/PKG-INFO
[0.466s] writing dependency_links to flare_detect.egg-info/dependency_links.txt
[0.466s] writing top-level names to flare_detect.egg-info/top_level.txt
[0.469s] reading manifest file 'flare_detect.egg-info/SOURCES.txt'
[0.469s] writing manifest file 'flare_detect.egg-info/SOURCES.txt'
[0.508s] [100%] Built target ament_cmake_python_build_flare_detect_egg
[0.527s] Invoked command in '/home/etern1ty/ros2_ws/build/flare_detect' returned '0': CMAKE_PREFIX_PATH=/opt/ros/humble /usr/bin/cmake --build /home/etern1ty/ros2_ws/build/flare_detect -- -j12 -l12
[0.611s] Invoking command in '/home/etern1ty/ros2_ws/build/flare_detect': CMAKE_PREFIX_PATH=/opt/ros/humble /usr/bin/cmake --install /home/etern1ty/ros2_ws/build/flare_detect
[0.627s] -- Install configuration: ""
[0.628s] -- Up-to-date: /home/etern1ty/ros2_ws/install/flare_detect/share/ament_index/resource_index/rosidl_interfaces/flare_detect
[0.628s] -- Up-to-date: /home/etern1ty/ros2_ws/install/flare_detect/include/flare_detect/flare_detect
[0.628s] -- Up-to-date: /home/etern1ty/ros2_ws/install/flare_detect/include/flare_detect/flare_detect/msg
[0.628s] -- Up-to-date: /home/etern1ty/ros2_ws/install/flare_detect/include/flare_detect/flare_detect/msg/detected.h
[0.629s] -- Up-to-date: /home/etern1ty/ros2_ws/install/flare_detect/include/flare_detect/flare_detect/msg/detail
[0.629s] -- Up-to-date: /home/etern1ty/ros2_ws/install/flare_detect/include/flare_detect/flare_detect/msg/detail/detected__functions.c
[0.629s] -- Up-to-date: /home/etern1ty/ros2_ws/install/flare_detect/include/flare_detect/flare_detect/msg/detail/detected__functions.h
[0.629s] -- Up-to-date: /home/etern1ty/ros2_ws/install/flare_detect/include/flare_detect/flare_detect/msg/detail/detected__struct.h
[0.629s] -- Up-to-date: /home/etern1ty/ros2_ws/install/flare_detect/include/flare_detect/flare_detect/msg/detail/detected__type_support.h
[0.629s] -- Up-to-date: /home/etern1ty/ros2_ws/install/flare_detect/include/flare_detect/flare_detect/msg/rosidl_generator_c__visibility_control.h
[0.629s] -- Up-to-date: /home/etern1ty/ros2_ws/install/flare_detect/share/flare_detect/environment/library_path.sh
[0.629s] -- Up-to-date: /home/etern1ty/ros2_ws/install/flare_detect/share/flare_detect/environment/library_path.dsv
[0.630s] -- Up-to-date: /home/etern1ty/ros2_ws/install/flare_detect/lib/libflare_detect__rosidl_generator_c.so
[0.630s] -- Up-to-date: /home/etern1ty/ros2_ws/install/flare_detect/include/flare_detect/flare_detect
[0.630s] -- Up-to-date: /home/etern1ty/ros2_ws/install/flare_detect/include/flare_detect/flare_detect/msg
[0.630s] -- Up-to-date: /home/etern1ty/ros2_ws/install/flare_detect/include/flare_detect/flare_detect/msg/rosidl_typesupport_fastrtps_c__visibility_control.h
[0.630s] -- Up-to-date: /home/etern1ty/ros2_ws/install/flare_detect/include/flare_detect/flare_detect/msg/detail
[0.630s] -- Up-to-date: /home/etern1ty/ros2_ws/install/flare_detect/include/flare_detect/flare_detect/msg/detail/detected__rosidl_typesupport_fastrtps_c.h
[0.630s] -- Up-to-date: /home/etern1ty/ros2_ws/install/flare_detect/lib/libflare_detect__rosidl_typesupport_fastrtps_c.so
[0.630s] -- Up-to-date: /home/etern1ty/ros2_ws/install/flare_detect/include/flare_detect/flare_detect
[0.631s] -- Up-to-date: /home/etern1ty/ros2_ws/install/flare_detect/include/flare_detect/flare_detect/msg
[0.631s] -- Up-to-date: /home/etern1ty/ros2_ws/install/flare_detect/include/flare_detect/flare_detect/msg/detected.hpp
[0.631s] -- Up-to-date: /home/etern1ty/ros2_ws/install/flare_detect/include/flare_detect/flare_detect/msg/detail
[0.631s] -- Up-to-date: /home/etern1ty/ros2_ws/install/flare_detect/include/flare_detect/flare_detect/msg/detail/detected__struct.hpp
[0.631s] -- Up-to-date: /home/etern1ty/ros2_ws/install/flare_detect/include/flare_detect/flare_detect/msg/detail/detected__traits.hpp
[0.631s] -- Up-to-date: /home/etern1ty/ros2_ws/install/flare_detect/include/flare_detect/flare_detect/msg/detail/detected__builder.hpp
[0.631s] -- Up-to-date: /home/etern1ty/ros2_ws/install/flare_detect/include/flare_detect/flare_detect
[0.631s] -- Up-to-date: /home/etern1ty/ros2_ws/install/flare_detect/include/flare_detect/flare_detect/msg
[0.631s] -- Up-to-date: /home/etern1ty/ros2_ws/install/flare_detect/include/flare_detect/flare_detect/msg/detail
[0.631s] -- Up-to-date: /home/etern1ty/ros2_ws/install/flare_detect/include/flare_detect/flare_detect/msg/detail/dds_fastrtps
[0.631s] -- Up-to-date: /home/etern1ty/ros2_ws/install/flare_detect/include/flare_detect/flare_detect/msg/detail/detected__rosidl_typesupport_fastrtps_cpp.hpp
[0.632s] -- Up-to-date: /home/etern1ty/ros2_ws/install/flare_detect/include/flare_detect/flare_detect/msg/rosidl_typesupport_fastrtps_cpp__visibility_control.h
[0.632s] -- Up-to-date: /home/etern1ty/ros2_ws/install/flare_detect/lib/libflare_detect__rosidl_typesupport_fastrtps_cpp.so
[0.632s] -- Up-to-date: /home/etern1ty/ros2_ws/install/flare_detect/include/flare_detect/flare_detect
[0.632s] -- Up-to-date: /home/etern1ty/ros2_ws/install/flare_detect/include/flare_detect/flare_detect/msg
[0.632s] -- Up-to-date: /home/etern1ty/ros2_ws/install/flare_detect/include/flare_detect/flare_detect/msg/detail
[0.632s] -- Up-to-date: /home/etern1ty/ros2_ws/install/flare_detect/include/flare_detect/flare_detect/msg/detail/detected__type_support.c
[0.632s] -- Up-to-date: /home/etern1ty/ros2_ws/install/flare_detect/include/flare_detect/flare_detect/msg/detail/detected__rosidl_typesupport_introspection_c.h
[0.632s] -- Up-to-date: /home/etern1ty/ros2_ws/install/flare_detect/include/flare_detect/flare_detect/msg/rosidl_typesupport_introspection_c__visibility_control.h
[0.632s] -- Up-to-date: /home/etern1ty/ros2_ws/install/flare_detect/lib/libflare_detect__rosidl_typesupport_introspection_c.so
[0.633s] -- Up-to-date: /home/etern1ty/ros2_ws/install/flare_detect/lib/libflare_detect__rosidl_typesupport_c.so
[0.633s] -- Up-to-date: /home/etern1ty/ros2_ws/install/flare_detect/include/flare_detect/flare_detect
[0.633s] -- Up-to-date: /home/etern1ty/ros2_ws/install/flare_detect/include/flare_detect/flare_detect/msg
[0.633s] -- Up-to-date: /home/etern1ty/ros2_ws/install/flare_detect/include/flare_detect/flare_detect/msg/detail
[0.633s] -- Up-to-date: /home/etern1ty/ros2_ws/install/flare_detect/include/flare_detect/flare_detect/msg/detail/detected__type_support.cpp
[0.633s] -- Up-to-date: /home/etern1ty/ros2_ws/install/flare_detect/include/flare_detect/flare_detect/msg/detail/detected__rosidl_typesupport_introspection_cpp.hpp
[0.633s] -- Up-to-date: /home/etern1ty/ros2_ws/install/flare_detect/lib/libflare_detect__rosidl_typesupport_introspection_cpp.so
[0.634s] -- Up-to-date: /home/etern1ty/ros2_ws/install/flare_detect/lib/libflare_detect__rosidl_typesupport_cpp.so
[0.634s] -- Up-to-date: /home/etern1ty/ros2_ws/install/flare_detect/share/flare_detect/environment/pythonpath.sh
[0.634s] -- Up-to-date: /home/etern1ty/ros2_ws/install/flare_detect/share/flare_detect/environment/pythonpath.dsv
[0.635s] -- Up-to-date: /home/etern1ty/ros2_ws/install/flare_detect/local/lib/python3.10/dist-packages/flare_detect-0.0.0-py3.10.egg-info
[0.635s] -- Installing: /home/etern1ty/ros2_ws/install/flare_detect/local/lib/python3.10/dist-packages/flare_detect-0.0.0-py3.10.egg-info/PKG-INFO
[0.635s] -- Installing: /home/etern1ty/ros2_ws/install/flare_detect/local/lib/python3.10/dist-packages/flare_detect-0.0.0-py3.10.egg-info/top_level.txt
[0.636s] -- Installing: /home/etern1ty/ros2_ws/install/flare_detect/local/lib/python3.10/dist-packages/flare_detect-0.0.0-py3.10.egg-info/SOURCES.txt
[0.636s] -- Installing: /home/etern1ty/ros2_ws/install/flare_detect/local/lib/python3.10/dist-packages/flare_detect-0.0.0-py3.10.egg-info/dependency_links.txt
[0.636s] -- Up-to-date: /home/etern1ty/ros2_ws/install/flare_detect/local/lib/python3.10/dist-packages/flare_detect
[0.636s] -- Up-to-date: /home/etern1ty/ros2_ws/install/flare_detect/local/lib/python3.10/dist-packages/flare_detect/flare_detect_s__rosidl_typesupport_fastrtps_c.cpython-310-x86_64-linux-gnu.so
[0.636s] -- Up-to-date: /home/etern1ty/ros2_ws/install/flare_detect/local/lib/python3.10/dist-packages/flare_detect/_flare_detect_s.ep.rosidl_typesupport_fastrtps_c.c
[0.637s] -- Up-to-date: /home/etern1ty/ros2_ws/install/flare_detect/local/lib/python3.10/dist-packages/flare_detect/flare_detect_s__rosidl_typesupport_introspection_c.cpython-310-x86_64-linux-gnu.so
[0.637s] -- Up-to-date: /home/etern1ty/ros2_ws/install/flare_detect/local/lib/python3.10/dist-packages/flare_detect/__init__.py
[0.637s] -- Up-to-date: /home/etern1ty/ros2_ws/install/flare_detect/local/lib/python3.10/dist-packages/flare_detect/_flare_detect_s.ep.rosidl_typesupport_introspection_c.c
[0.637s] -- Up-to-date: /home/etern1ty/ros2_ws/install/flare_detect/local/lib/python3.10/dist-packages/flare_detect/libflare_detect__rosidl_generator_py.so
[0.637s] -- Up-to-date: /home/etern1ty/ros2_ws/install/flare_detect/local/lib/python3.10/dist-packages/flare_detect/flare_detect_s__rosidl_typesupport_c.cpython-310-x86_64-linux-gnu.so
[0.637s] -- Up-to-date: /home/etern1ty/ros2_ws/install/flare_detect/local/lib/python3.10/dist-packages/flare_detect/msg
[0.637s] -- Up-to-date: /home/etern1ty/ros2_ws/install/flare_detect/local/lib/python3.10/dist-packages/flare_detect/msg/_detected_s.c
[0.637s] -- Up-to-date: /home/etern1ty/ros2_ws/install/flare_detect/local/lib/python3.10/dist-packages/flare_detect/msg/__init__.py
[0.637s] -- Up-to-date: /home/etern1ty/ros2_ws/install/flare_detect/local/lib/python3.10/dist-packages/flare_detect/msg/_detected.py
[0.637s] -- Up-to-date: /home/etern1ty/ros2_ws/install/flare_detect/local/lib/python3.10/dist-packages/flare_detect/_flare_detect_s.ep.rosidl_typesupport_c.c
[0.666s] Listing '/home/etern1ty/ros2_ws/install/flare_detect/local/lib/python3.10/dist-packages/flare_detect'...
[0.667s] Listing '/home/etern1ty/ros2_ws/install/flare_detect/local/lib/python3.10/dist-packages/flare_detect/msg'...
[0.671s] -- Up-to-date: /home/etern1ty/ros2_ws/install/flare_detect/local/lib/python3.10/dist-packages/flare_detect/flare_detect_s__rosidl_typesupport_fastrtps_c.cpython-310-x86_64-linux-gnu.so
[0.672s] -- Up-to-date: /home/etern1ty/ros2_ws/install/flare_detect/local/lib/python3.10/dist-packages/flare_detect/flare_detect_s__rosidl_typesupport_introspection_c.cpython-310-x86_64-linux-gnu.so
[0.673s] -- Up-to-date: /home/etern1ty/ros2_ws/install/flare_detect/local/lib/python3.10/dist-packages/flare_detect/flare_detect_s__rosidl_typesupport_c.cpython-310-x86_64-linux-gnu.so
[0.673s] -- Up-to-date: /home/etern1ty/ros2_ws/install/flare_detect/lib/libflare_detect__rosidl_generator_py.so
[0.674s] -- Up-to-date: /home/etern1ty/ros2_ws/install/flare_detect/share/flare_detect/msg/Detected.idl
[0.674s] -- Up-to-date: /home/etern1ty/ros2_ws/install/flare_detect/share/flare_detect/msg/Detected.msg
[0.675s] -- Up-to-date: /home/etern1ty/ros2_ws/install/flare_detect/lib/flare_detect/detection
[0.675s] -- Up-to-date: /home/etern1ty/ros2_ws/install/flare_detect/share/ament_index/resource_index/package_run_dependencies/flare_detect
[0.675s] -- Up-to-date: /home/etern1ty/ros2_ws/install/flare_detect/share/ament_index/resource_index/parent_prefix_path/flare_detect
[0.675s] -- Up-to-date: /home/etern1ty/ros2_ws/install/flare_detect/share/flare_detect/environment/ament_prefix_path.sh
[0.675s] -- Up-to-date: /home/etern1ty/ros2_ws/install/flare_detect/share/flare_detect/environment/ament_prefix_path.dsv
[0.676s] -- Up-to-date: /home/etern1ty/ros2_ws/install/flare_detect/share/flare_detect/environment/path.sh
[0.676s] -- Up-to-date: /home/etern1ty/ros2_ws/install/flare_detect/share/flare_detect/environment/path.dsv
[0.676s] -- Up-to-date: /home/etern1ty/ros2_ws/install/flare_detect/share/flare_detect/local_setup.bash
[0.676s] -- Up-to-date: /home/etern1ty/ros2_ws/install/flare_detect/share/flare_detect/local_setup.sh
[0.676s] -- Up-to-date: /home/etern1ty/ros2_ws/install/flare_detect/share/flare_detect/local_setup.zsh
[0.676s] -- Up-to-date: /home/etern1ty/ros2_ws/install/flare_detect/share/flare_detect/local_setup.dsv
[0.676s] -- Installing: /home/etern1ty/ros2_ws/install/flare_detect/share/flare_detect/package.dsv
[0.676s] -- Up-to-date: /home/etern1ty/ros2_ws/install/flare_detect/share/ament_index/resource_index/packages/flare_detect
[0.677s] -- Up-to-date: /home/etern1ty/ros2_ws/install/flare_detect/share/flare_detect/cmake/export_flare_detect__rosidl_generator_cExport.cmake
[0.677s] -- Up-to-date: /home/etern1ty/ros2_ws/install/flare_detect/share/flare_detect/cmake/export_flare_detect__rosidl_generator_cExport-noconfig.cmake
[0.677s] -- Up-to-date: /home/etern1ty/ros2_ws/install/flare_detect/share/flare_detect/cmake/export_flare_detect__rosidl_typesupport_fastrtps_cExport.cmake
[0.678s] -- Up-to-date: /home/etern1ty/ros2_ws/install/flare_detect/share/flare_detect/cmake/export_flare_detect__rosidl_typesupport_fastrtps_cExport-noconfig.cmake
[0.678s] -- Up-to-date: /home/etern1ty/ros2_ws/install/flare_detect/share/flare_detect/cmake/export_flare_detect__rosidl_generator_cppExport.cmake
[0.678s] -- Up-to-date: /home/etern1ty/ros2_ws/install/flare_detect/share/flare_detect/cmake/export_flare_detect__rosidl_typesupport_fastrtps_cppExport.cmake
[0.678s] -- Up-to-date: /home/etern1ty/ros2_ws/install/flare_detect/share/flare_detect/cmake/export_flare_detect__rosidl_typesupport_fastrtps_cppExport-noconfig.cmake
[0.679s] -- Up-to-date: /home/etern1ty/ros2_ws/install/flare_detect/share/flare_detect/cmake/flare_detect__rosidl_typesupport_introspection_cExport.cmake
[0.679s] -- Up-to-date: /home/etern1ty/ros2_ws/install/flare_detect/share/flare_detect/cmake/flare_detect__rosidl_typesupport_introspection_cExport-noconfig.cmake
[0.679s] -- Up-to-date: /home/etern1ty/ros2_ws/install/flare_detect/share/flare_detect/cmake/flare_detect__rosidl_typesupport_cExport.cmake
[0.679s] -- Up-to-date: /home/etern1ty/ros2_ws/install/flare_detect/share/flare_detect/cmake/flare_detect__rosidl_typesupport_cExport-noconfig.cmake
[0.679s] -- Up-to-date: /home/etern1ty/ros2_ws/install/flare_detect/share/flare_detect/cmake/flare_detect__rosidl_typesupport_introspection_cppExport.cmake
[0.679s] -- Up-to-date: /home/etern1ty/ros2_ws/install/flare_detect/share/flare_detect/cmake/flare_detect__rosidl_typesupport_introspection_cppExport-noconfig.cmake
[0.680s] -- Up-to-date: /home/etern1ty/ros2_ws/install/flare_detect/share/flare_detect/cmake/flare_detect__rosidl_typesupport_cppExport.cmake
[0.680s] -- Up-to-date: /home/etern1ty/ros2_ws/install/flare_detect/share/flare_detect/cmake/flare_detect__rosidl_typesupport_cppExport-noconfig.cmake
[0.680s] -- Up-to-date: /home/etern1ty/ros2_ws/install/flare_detect/share/flare_detect/cmake/export_flare_detect__rosidl_generator_pyExport.cmake
[0.680s] -- Up-to-date: /home/etern1ty/ros2_ws/install/flare_detect/share/flare_detect/cmake/export_flare_detect__rosidl_generator_pyExport-noconfig.cmake
[0.680s] -- Up-to-date: /home/etern1ty/ros2_ws/install/flare_detect/share/flare_detect/cmake/rosidl_cmake-extras.cmake
[0.681s] -- Up-to-date: /home/etern1ty/ros2_ws/install/flare_detect/share/flare_detect/cmake/ament_cmake_export_include_directories-extras.cmake
[0.681s] -- Up-to-date: /home/etern1ty/ros2_ws/install/flare_detect/share/flare_detect/cmake/ament_cmake_export_libraries-extras.cmake
[0.681s] -- Up-to-date: /home/etern1ty/ros2_ws/install/flare_detect/share/flare_detect/cmake/ament_cmake_export_targets-extras.cmake
[0.681s] -- Up-to-date: /home/etern1ty/ros2_ws/install/flare_detect/share/flare_detect/cmake/rosidl_cmake_export_typesupport_targets-extras.cmake
[0.681s] -- Up-to-date: /home/etern1ty/ros2_ws/install/flare_detect/share/flare_detect/cmake/ament_cmake_export_dependencies-extras.cmake
[0.681s] -- Up-to-date: /home/etern1ty/ros2_ws/install/flare_detect/share/flare_detect/cmake/rosidl_cmake_export_typesupport_libraries-extras.cmake
[0.681s] -- Up-to-date: /home/etern1ty/ros2_ws/install/flare_detect/share/flare_detect/cmake/flare_detectConfig.cmake
[0.681s] -- Up-to-date: /home/etern1ty/ros2_ws/install/flare_detect/share/flare_detect/cmake/flare_detectConfig-version.cmake
[0.681s] -- Up-to-date: /home/etern1ty/ros2_ws/install/flare_detect/share/flare_detect/package.xml
[0.685s] Invoked command in '/home/etern1ty/ros2_ws/build/flare_detect' returned '0': CMAKE_PREFIX_PATH=/opt/ros/humble /usr/bin/cmake --install /home/etern1ty/ros2_ws/build/flare_detect
