[0.753s] Invoking command in '/home/etern1ty/ros2_ws/src/src/examples/rclpy/topics/minimal_publisher': PYTHONPATH=/home/etern1ty/ros2_ws/build/examples_rclpy_minimal_publisher/prefix_override:/home/etern1ty/ros2_ws/install/examples_rclpy_minimal_publisher/lib/python3.10/site-packages:${PYTHONPATH} /usr/bin/python3 setup.py egg_info --egg-base ../../../../../../build/examples_rclpy_minimal_publisher build --build-base /home/etern1ty/ros2_ws/build/examples_rclpy_minimal_publisher/build install --record /home/etern1ty/ros2_ws/build/examples_rclpy_minimal_publisher/install.log --single-version-externally-managed
[0.970s] running egg_info
[0.971s] writing ../../../../../../build/examples_rclpy_minimal_publisher/examples_rclpy_minimal_publisher.egg-info/PKG-INFO
[0.971s] writing dependency_links to ../../../../../../build/examples_rclpy_minimal_publisher/examples_rclpy_minimal_publisher.egg-info/dependency_links.txt
[0.971s] writing entry points to ../../../../../../build/examples_rclpy_minimal_publisher/examples_rclpy_minimal_publisher.egg-info/entry_points.txt
[0.971s] writing requirements to ../../../../../../build/examples_rclpy_minimal_publisher/examples_rclpy_minimal_publisher.egg-info/requires.txt
[0.972s] writing top-level names to ../../../../../../build/examples_rclpy_minimal_publisher/examples_rclpy_minimal_publisher.egg-info/top_level.txt
[0.974s] reading manifest file '../../../../../../build/examples_rclpy_minimal_publisher/examples_rclpy_minimal_publisher.egg-info/SOURCES.txt'
[0.975s] writing manifest file '../../../../../../build/examples_rclpy_minimal_publisher/examples_rclpy_minimal_publisher.egg-info/SOURCES.txt'
[0.975s] running build
[0.975s] running build_py
[0.975s] running install
[0.976s] running install_lib
[0.977s] running install_data
[0.979s] running install_egg_info
[0.981s] removing '/home/etern1ty/ros2_ws/install/examples_rclpy_minimal_publisher/lib/python3.10/site-packages/examples_rclpy_minimal_publisher-0.15.1-py3.10.egg-info' (and everything under it)
[0.981s] Copying ../../../../../../build/examples_rclpy_minimal_publisher/examples_rclpy_minimal_publisher.egg-info to /home/etern1ty/ros2_ws/install/examples_rclpy_minimal_publisher/lib/python3.10/site-packages/examples_rclpy_minimal_publisher-0.15.1-py3.10.egg-info
[0.982s] running install_scripts
[0.999s] Installing publisher_local_function script to /home/etern1ty/ros2_ws/install/examples_rclpy_minimal_publisher/lib/examples_rclpy_minimal_publisher
[0.999s] Installing publisher_member_function script to /home/etern1ty/ros2_ws/install/examples_rclpy_minimal_publisher/lib/examples_rclpy_minimal_publisher
[1.000s] Installing publisher_old_school script to /home/etern1ty/ros2_ws/install/examples_rclpy_minimal_publisher/lib/examples_rclpy_minimal_publisher
[1.000s] writing list of installed files to '/home/etern1ty/ros2_ws/build/examples_rclpy_minimal_publisher/install.log'
[1.039s] Invoked command in '/home/etern1ty/ros2_ws/src/src/examples/rclpy/topics/minimal_publisher' returned '0': PYTHONPATH=/home/etern1ty/ros2_ws/build/examples_rclpy_minimal_publisher/prefix_override:/home/etern1ty/ros2_ws/install/examples_rclpy_minimal_publisher/lib/python3.10/site-packages:${PYTHONPATH} /usr/bin/python3 setup.py egg_info --egg-base ../../../../../../build/examples_rclpy_minimal_publisher build --build-base /home/etern1ty/ros2_ws/build/examples_rclpy_minimal_publisher/build install --record /home/etern1ty/ros2_ws/build/examples_rclpy_minimal_publisher/install.log --single-version-externally-managed
