[0.000000] (-) TimerEvent: {}
[0.000375] (-) JobUnselected: {'identifier': 'cpp_pubsub'}
[0.000424] (-) JobUnselected: {'identifier': 'examples_rclcpp_async_client'}
[0.000460] (-) JobUnselected: {'identifier': 'examples_rclcpp_cbg_executor'}
[0.000488] (-) JobUnselected: {'identifier': 'examples_rclcpp_minimal_action_client'}
[0.000511] (-) JobUnselected: {'identifier': 'examples_rclcpp_minimal_action_server'}
[0.000558] (-) JobUnselected: {'identifier': 'examples_rclcpp_minimal_client'}
[0.000580] (-) JobUnselected: {'identifier': 'examples_rclcpp_minimal_composition'}
[0.000601] (-) JobUnselected: {'identifier': 'examples_rclcpp_minimal_publisher'}
[0.000620] (-) JobUnselected: {'identifier': 'examples_rclcpp_minimal_service'}
[0.000641] (-) JobUnselected: {'identifier': 'examples_rclcpp_minimal_subscriber'}
[0.000661] (-) JobUnselected: {'identifier': 'examples_rclcpp_minimal_timer'}
[0.000681] (-) JobUnselected: {'identifier': 'examples_rclcpp_multithreaded_executor'}
[0.000701] (-) JobUnselected: {'identifier': 'examples_rclcpp_wait_set'}
[0.000721] (-) JobUnselected: {'identifier': 'examples_rclpy_executors'}
[0.000741] (-) JobUnselected: {'identifier': 'examples_rclpy_guard_conditions'}
[0.000760] (-) JobUnselected: {'identifier': 'examples_rclpy_minimal_action_client'}
[0.000780] (-) JobUnselected: {'identifier': 'examples_rclpy_minimal_action_server'}
[0.000800] (-) JobUnselected: {'identifier': 'examples_rclpy_minimal_client'}
[0.000820] (-) JobUnselected: {'identifier': 'examples_rclpy_minimal_publisher'}
[0.000841] (-) JobUnselected: {'identifier': 'examples_rclpy_minimal_service'}
[0.000861] (-) JobUnselected: {'identifier': 'examples_rclpy_minimal_subscriber'}
[0.000881] (-) JobUnselected: {'identifier': 'examples_rclpy_pointcloud_publisher'}
[0.000901] (-) JobUnselected: {'identifier': 'launch_testing_examples'}
[0.000920] (-) JobUnselected: {'identifier': 'my_package'}
[0.000939] (-) JobUnselected: {'identifier': 'pub_controller'}
[0.000959] (-) JobUnselected: {'identifier': 'ros2_color_detection'}
[0.000980] (-) JobUnselected: {'identifier': 'tutorial_interfaces'}
[0.001004] (flare_detect) JobQueued: {'identifier': 'flare_detect', 'dependencies': OrderedDict()}
[0.001031] (flare_detect) JobStarted: {'identifier': 'flare_detect'}
[0.028822] (flare_detect) JobProgress: {'identifier': 'flare_detect', 'progress': 'cmake'}
[0.030608] (flare_detect) JobProgress: {'identifier': 'flare_detect', 'progress': 'build'}
[0.031481] (flare_detect) Command: {'cmd': ['/usr/bin/cmake', '--build', '/home/etern1ty/ros2_ws/build/flare_detect', '--', '-j12', '-l12'], 'cwd': '/home/etern1ty/ros2_ws/build/flare_detect', 'env': OrderedDict([('USER', 'etern1ty'), ('LC_TIME', 'id_ID.UTF-8'), ('XDG_SESSION_TYPE', 'wayland'), ('SHLVL', '1'), ('HOME', '/home/etern1ty'), ('OLDPWD', '/home/etern1ty'), ('DESKTOP_SESSION', 'ubuntu'), ('GNOME_SHELL_SESSION_MODE', 'ubuntu'), ('GTK_MODULES', 'gail:atk-bridge'), ('LC_MONETARY', 'id_ID.UTF-8'), ('MANAGERPID', '904'), ('DBUS_STARTER_BUS_TYPE', 'session'), ('SYSTEMD_EXEC_PID', '1052'), ('DBUS_SESSION_BUS_ADDRESS', 'unix:path=/run/user/1000/bus,guid=52e19400142816ac302fd31a65c83d0a'), ('COLORTERM', 'truecolor'), ('IM_CONFIG_PHASE', '1'), ('WAYLAND_DISPLAY', 'wayland-0'), ('LOGNAME', 'etern1ty'), ('JOURNAL_STREAM', '8:30010'), ('_', '/usr/bin/colcon'), ('XDG_SESSION_CLASS', 'user'), ('USERNAME', 'etern1ty'), ('TERM', 'xterm-256color'), ('GNOME_DESKTOP_SESSION_ID', 'this-is-deprecated'), ('PATH', '/home/etern1ty/.local/bin:/usr/local/sbin:/usr/local/bin:/usr/sbin:/usr/bin:/sbin:/bin:/usr/games:/usr/local/games:/snap/bin:/snap/bin'), ('SESSION_MANAGER', 'local/Etern1ty-14ALC6:@/tmp/.ICE-unix/1052,unix/Etern1ty-14ALC6:/tmp/.ICE-unix/1052'), ('INVOCATION_ID', '947b737d7cf6489c9fe0dc22316e5330'), ('XDG_MENU_PREFIX', 'gnome-'), ('LC_ADDRESS', 'id_ID.UTF-8'), ('GNOME_SETUP_DISPLAY', ':1'), ('XDG_RUNTIME_DIR', '/run/user/1000'), ('DISPLAY', ':0'), ('LANG', 'en_US.UTF-8'), ('XDG_CURRENT_DESKTOP', 'ubuntu:GNOME'), ('LC_TELEPHONE', 'id_ID.UTF-8'), ('TILIX_ID', '0d899f62-eb76-4477-a576-f804f9918bd8'), ('XMODIFIERS', '@im=ibus'), ('XDG_SESSION_DESKTOP', 'ubuntu'), ('XAUTHORITY', '/run/user/1000/.mutter-Xwaylandauth.UTCOI2'), ('SSH_AGENT_LAUNCHER', 'gnome-keyring'), ('SSH_AUTH_SOCK', '/run/user/1000/keyring/ssh'), ('SHELL', '/bin/bash'), ('LC_NAME', 'id_ID.UTF-8'), ('QT_ACCESSIBILITY', '1'), ('GDMSESSION', 'ubuntu'), ('LC_MEASUREMENT', 'id_ID.UTF-8'), ('LC_IDENTIFICATION', 'id_ID.UTF-8'), ('QT_IM_MODULE', 'ibus'), ('PWD', '/home/etern1ty/ros2_ws/build/flare_detect'), ('LC_ALL', 'en_US.UTF-8'), ('XDG_CONFIG_DIRS', '/etc/xdg/xdg-ubuntu:/etc/xdg'), ('DBUS_STARTER_ADDRESS', 'unix:path=/run/user/1000/bus,guid=52e19400142816ac302fd31a65c83d0a'), ('XDG_DATA_DIRS', '/usr/share/ubuntu:/usr/local/share/:/usr/share/:/var/lib/snapd/desktop'), ('LC_NUMERIC', 'id_ID.UTF-8'), ('LC_PAPER', 'id_ID.UTF-8'), ('COLCON', '1'), ('VTE_VERSION', '6800')]), 'shell': False}
[0.098719] (-) TimerEvent: {}
[0.165997] (flare_detect) StdoutLine: {'line': b'[  3%] Built target flare_detect__cpp\n'}
[0.166545] (flare_detect) StdoutLine: {'line': b'[ 12%] Built target flare_detect__rosidl_generator_c\n'}
[0.192164] (flare_detect) StdoutLine: {'line': b'[ 12%] Built target ament_cmake_python_copy_flare_detect\n'}
[0.198960] (-) TimerEvent: {}
[0.207183] (flare_detect) StdoutLine: {'line': b'[ 30%] Built target flare_detect__rosidl_typesupport_introspection_cpp\n'}
[0.210133] (flare_detect) StdoutLine: {'line': b'[ 30%] Built target flare_detect__rosidl_typesupport_introspection_c\n'}
[0.211034] (flare_detect) StdoutLine: {'line': b'[ 48%] Built target flare_detect__rosidl_typesupport_cpp\n'}
[0.213017] (flare_detect) StdoutLine: {'line': b'[ 48%] Built target flare_detect__rosidl_typesupport_fastrtps_cpp\n'}
[0.214399] (flare_detect) StdoutLine: {'line': b'[ 57%] Built target flare_detect__rosidl_typesupport_fastrtps_c\n'}
[0.221099] (flare_detect) StdoutLine: {'line': b'[ 66%] Built target flare_detect__rosidl_typesupport_c\n'}
[0.235493] (flare_detect) StdoutLine: {'line': b'\x1b[35m\x1b[1mConsolidate compiler generated dependencies of target detection\x1b[0m\n'}
[0.249941] (flare_detect) StdoutLine: {'line': b'[ 66%] Built target flare_detect\n'}
[0.275722] (flare_detect) StdoutLine: {'line': b'[ 69%] \x1b[32mBuilding CXX object CMakeFiles/detection.dir/src/detection.cpp.o\x1b[0m\n'}
[0.276850] (flare_detect) StdoutLine: {'line': b'[ 72%] Built target flare_detect__py\n'}
[0.299122] (-) TimerEvent: {}
[0.308036] (flare_detect) StdoutLine: {'line': b'[ 78%] Built target flare_detect__rosidl_generator_py\n'}
[0.336392] (flare_detect) StdoutLine: {'line': b'[ 96%] Built target flare_detect__rosidl_typesupport_fastrtps_c__pyext\n'}
[0.336802] (flare_detect) StdoutLine: {'line': b'[ 96%] Built target flare_detect__rosidl_typesupport_c__pyext\n'}
[0.336986] (flare_detect) StdoutLine: {'line': b'[ 96%] Built target flare_detect__rosidl_typesupport_introspection_c__pyext\n'}
[0.399280] (-) TimerEvent: {}
[0.427589] (flare_detect) StdoutLine: {'line': b'running egg_info\n'}
[0.428212] (flare_detect) StdoutLine: {'line': b'writing flare_detect.egg-info/PKG-INFO\n'}
[0.428517] (flare_detect) StdoutLine: {'line': b'writing dependency_links to flare_detect.egg-info/dependency_links.txt\n'}
[0.428703] (flare_detect) StdoutLine: {'line': b'writing top-level names to flare_detect.egg-info/top_level.txt\n'}
[0.431741] (flare_detect) StdoutLine: {'line': b"reading manifest file 'flare_detect.egg-info/SOURCES.txt'\n"}
[0.432247] (flare_detect) StdoutLine: {'line': b"writing manifest file 'flare_detect.egg-info/SOURCES.txt'\n"}
[0.496925] (flare_detect) StdoutLine: {'line': b'[ 96%] Built target ament_cmake_python_build_flare_detect_egg\n'}
[0.499451] (-) TimerEvent: {}
[0.600245] (-) TimerEvent: {}
[0.701030] (-) TimerEvent: {}
[0.801941] (-) TimerEvent: {}
[0.902420] (-) TimerEvent: {}
[1.002780] (-) TimerEvent: {}
[1.103492] (-) TimerEvent: {}
[1.203898] (-) TimerEvent: {}
[1.304292] (-) TimerEvent: {}
[1.404658] (-) TimerEvent: {}
[1.504966] (-) TimerEvent: {}
[1.605543] (-) TimerEvent: {}
[1.705932] (-) TimerEvent: {}
[1.806346] (-) TimerEvent: {}
[1.906970] (-) TimerEvent: {}
[2.007416] (-) TimerEvent: {}
[2.107851] (-) TimerEvent: {}
[2.208251] (-) TimerEvent: {}
[2.308728] (-) TimerEvent: {}
[2.409120] (-) TimerEvent: {}
[2.509548] (-) TimerEvent: {}
[2.609938] (-) TimerEvent: {}
[2.710248] (-) TimerEvent: {}
[2.810586] (-) TimerEvent: {}
[2.910977] (-) TimerEvent: {}
[3.011388] (-) TimerEvent: {}
[3.111847] (-) TimerEvent: {}
[3.212314] (-) TimerEvent: {}
[3.312844] (-) TimerEvent: {}
[3.413220] (-) TimerEvent: {}
[3.513586] (-) TimerEvent: {}
[3.613948] (-) TimerEvent: {}
[3.714410] (-) TimerEvent: {}
[3.814777] (-) TimerEvent: {}
[3.915136] (-) TimerEvent: {}
[4.015605] (-) TimerEvent: {}
[4.116323] (-) TimerEvent: {}
[4.216726] (-) TimerEvent: {}
[4.317113] (-) TimerEvent: {}
[4.417458] (-) TimerEvent: {}
[4.517964] (-) TimerEvent: {}
[4.618446] (-) TimerEvent: {}
[4.718904] (-) TimerEvent: {}
[4.819324] (-) TimerEvent: {}
[4.919800] (-) TimerEvent: {}
[5.020249] (-) TimerEvent: {}
[5.120686] (-) TimerEvent: {}
[5.221180] (-) TimerEvent: {}
[5.321826] (-) TimerEvent: {}
[5.422354] (-) TimerEvent: {}
[5.522730] (-) TimerEvent: {}
[5.623126] (-) TimerEvent: {}
[5.723658] (-) TimerEvent: {}
[5.824200] (-) TimerEvent: {}
[5.878280] (flare_detect) StdoutLine: {'line': b'[100%] \x1b[32m\x1b[1mLinking CXX executable detection\x1b[0m\n'}
[5.924367] (-) TimerEvent: {}
[6.024833] (-) TimerEvent: {}
[6.125192] (-) TimerEvent: {}
[6.225784] (-) TimerEvent: {}
[6.326206] (-) TimerEvent: {}
[6.362974] (flare_detect) StdoutLine: {'line': b'[100%] Built target detection\n'}
[6.376030] (flare_detect) CommandEnded: {'returncode': 0}
[6.426324] (-) TimerEvent: {}
[6.442002] (flare_detect) JobProgress: {'identifier': 'flare_detect', 'progress': 'install'}
[6.452985] (flare_detect) Command: {'cmd': ['/usr/bin/cmake', '--install', '/home/etern1ty/ros2_ws/build/flare_detect'], 'cwd': '/home/etern1ty/ros2_ws/build/flare_detect', 'env': OrderedDict([('USER', 'etern1ty'), ('LC_TIME', 'id_ID.UTF-8'), ('XDG_SESSION_TYPE', 'wayland'), ('SHLVL', '1'), ('HOME', '/home/etern1ty'), ('OLDPWD', '/home/etern1ty'), ('DESKTOP_SESSION', 'ubuntu'), ('GNOME_SHELL_SESSION_MODE', 'ubuntu'), ('GTK_MODULES', 'gail:atk-bridge'), ('LC_MONETARY', 'id_ID.UTF-8'), ('MANAGERPID', '904'), ('DBUS_STARTER_BUS_TYPE', 'session'), ('SYSTEMD_EXEC_PID', '1052'), ('DBUS_SESSION_BUS_ADDRESS', 'unix:path=/run/user/1000/bus,guid=52e19400142816ac302fd31a65c83d0a'), ('COLORTERM', 'truecolor'), ('IM_CONFIG_PHASE', '1'), ('WAYLAND_DISPLAY', 'wayland-0'), ('LOGNAME', 'etern1ty'), ('JOURNAL_STREAM', '8:30010'), ('_', '/usr/bin/colcon'), ('XDG_SESSION_CLASS', 'user'), ('USERNAME', 'etern1ty'), ('TERM', 'xterm-256color'), ('GNOME_DESKTOP_SESSION_ID', 'this-is-deprecated'), ('PATH', '/home/etern1ty/.local/bin:/usr/local/sbin:/usr/local/bin:/usr/sbin:/usr/bin:/sbin:/bin:/usr/games:/usr/local/games:/snap/bin:/snap/bin'), ('SESSION_MANAGER', 'local/Etern1ty-14ALC6:@/tmp/.ICE-unix/1052,unix/Etern1ty-14ALC6:/tmp/.ICE-unix/1052'), ('INVOCATION_ID', '947b737d7cf6489c9fe0dc22316e5330'), ('XDG_MENU_PREFIX', 'gnome-'), ('LC_ADDRESS', 'id_ID.UTF-8'), ('GNOME_SETUP_DISPLAY', ':1'), ('XDG_RUNTIME_DIR', '/run/user/1000'), ('DISPLAY', ':0'), ('LANG', 'en_US.UTF-8'), ('XDG_CURRENT_DESKTOP', 'ubuntu:GNOME'), ('LC_TELEPHONE', 'id_ID.UTF-8'), ('TILIX_ID', '0d899f62-eb76-4477-a576-f804f9918bd8'), ('XMODIFIERS', '@im=ibus'), ('XDG_SESSION_DESKTOP', 'ubuntu'), ('XAUTHORITY', '/run/user/1000/.mutter-Xwaylandauth.UTCOI2'), ('SSH_AGENT_LAUNCHER', 'gnome-keyring'), ('SSH_AUTH_SOCK', '/run/user/1000/keyring/ssh'), ('SHELL', '/bin/bash'), ('LC_NAME', 'id_ID.UTF-8'), ('QT_ACCESSIBILITY', '1'), ('GDMSESSION', 'ubuntu'), ('LC_MEASUREMENT', 'id_ID.UTF-8'), ('LC_IDENTIFICATION', 'id_ID.UTF-8'), ('QT_IM_MODULE', 'ibus'), ('PWD', '/home/etern1ty/ros2_ws/build/flare_detect'), ('LC_ALL', 'en_US.UTF-8'), ('XDG_CONFIG_DIRS', '/etc/xdg/xdg-ubuntu:/etc/xdg'), ('DBUS_STARTER_ADDRESS', 'unix:path=/run/user/1000/bus,guid=52e19400142816ac302fd31a65c83d0a'), ('XDG_DATA_DIRS', '/usr/share/ubuntu:/usr/local/share/:/usr/share/:/var/lib/snapd/desktop'), ('LC_NUMERIC', 'id_ID.UTF-8'), ('LC_PAPER', 'id_ID.UTF-8'), ('COLCON', '1'), ('VTE_VERSION', '6800')]), 'shell': False}
[6.463225] (flare_detect) StdoutLine: {'line': b'-- Install configuration: ""\n'}
[6.464398] (flare_detect) StdoutLine: {'line': b'-- Up-to-date: /home/etern1ty/ros2_ws/install/flare_detect/share/ament_index/resource_index/rosidl_interfaces/flare_detect\n'}
[6.464655] (flare_detect) StdoutLine: {'line': b'-- Up-to-date: /home/etern1ty/ros2_ws/install/flare_detect/include/flare_detect/flare_detect\n'}
[6.464899] (flare_detect) StdoutLine: {'line': b'-- Up-to-date: /home/etern1ty/ros2_ws/install/flare_detect/include/flare_detect/flare_detect/msg\n'}
[6.465195] (flare_detect) StdoutLine: {'line': b'-- Up-to-date: /home/etern1ty/ros2_ws/install/flare_detect/include/flare_detect/flare_detect/msg/detected.h\n'}
[6.465391] (flare_detect) StdoutLine: {'line': b'-- Up-to-date: /home/etern1ty/ros2_ws/install/flare_detect/include/flare_detect/flare_detect/msg/detail\n'}
[6.465543] (flare_detect) StdoutLine: {'line': b'-- Up-to-date: /home/etern1ty/ros2_ws/install/flare_detect/include/flare_detect/flare_detect/msg/detail/detected__functions.c\n'}
[6.465663] (flare_detect) StdoutLine: {'line': b'-- Up-to-date: /home/etern1ty/ros2_ws/install/flare_detect/include/flare_detect/flare_detect/msg/detail/detected__functions.h\n'}
[6.465808] (flare_detect) StdoutLine: {'line': b'-- Up-to-date: /home/etern1ty/ros2_ws/install/flare_detect/include/flare_detect/flare_detect/msg/detail/detected__struct.h\n'}
[6.465926] (flare_detect) StdoutLine: {'line': b'-- Up-to-date: /home/etern1ty/ros2_ws/install/flare_detect/include/flare_detect/flare_detect/msg/detail/detected__type_support.h\n'}
[6.466045] (flare_detect) StdoutLine: {'line': b'-- Up-to-date: /home/etern1ty/ros2_ws/install/flare_detect/include/flare_detect/flare_detect/msg/rosidl_generator_c__visibility_control.h\n'}
[6.466175] (flare_detect) StdoutLine: {'line': b'-- Up-to-date: /home/etern1ty/ros2_ws/install/flare_detect/share/flare_detect/environment/library_path.sh\n'}
[6.466386] (flare_detect) StdoutLine: {'line': b'-- Up-to-date: /home/etern1ty/ros2_ws/install/flare_detect/share/flare_detect/environment/library_path.dsv\n'}
[6.466513] (flare_detect) StdoutLine: {'line': b'-- Up-to-date: /home/etern1ty/ros2_ws/install/flare_detect/lib/libflare_detect__rosidl_generator_c.so\n'}
[6.466572] (flare_detect) StdoutLine: {'line': b'-- Up-to-date: /home/etern1ty/ros2_ws/install/flare_detect/include/flare_detect/flare_detect\n'}
[6.466628] (flare_detect) StdoutLine: {'line': b'-- Up-to-date: /home/etern1ty/ros2_ws/install/flare_detect/include/flare_detect/flare_detect/msg\n'}
[6.466683] (flare_detect) StdoutLine: {'line': b'-- Up-to-date: /home/etern1ty/ros2_ws/install/flare_detect/include/flare_detect/flare_detect/msg/rosidl_typesupport_fastrtps_c__visibility_control.h\n'}
[6.466750] (flare_detect) StdoutLine: {'line': b'-- Up-to-date: /home/etern1ty/ros2_ws/install/flare_detect/include/flare_detect/flare_detect/msg/detail\n'}
[6.466809] (flare_detect) StdoutLine: {'line': b'-- Up-to-date: /home/etern1ty/ros2_ws/install/flare_detect/include/flare_detect/flare_detect/msg/detail/detected__rosidl_typesupport_fastrtps_c.h\n'}
[6.466966] (flare_detect) StdoutLine: {'line': b'-- Up-to-date: /home/etern1ty/ros2_ws/install/flare_detect/lib/libflare_detect__rosidl_typesupport_fastrtps_c.so\n'}
[6.467136] (flare_detect) StdoutLine: {'line': b'-- Up-to-date: /home/etern1ty/ros2_ws/install/flare_detect/include/flare_detect/flare_detect\n'}
[6.467245] (flare_detect) StdoutLine: {'line': b'-- Up-to-date: /home/etern1ty/ros2_ws/install/flare_detect/include/flare_detect/flare_detect/msg\n'}
[6.467323] (flare_detect) StdoutLine: {'line': b'-- Up-to-date: /home/etern1ty/ros2_ws/install/flare_detect/include/flare_detect/flare_detect/msg/detected.hpp\n'}
[6.467385] (flare_detect) StdoutLine: {'line': b'-- Up-to-date: /home/etern1ty/ros2_ws/install/flare_detect/include/flare_detect/flare_detect/msg/detail\n'}
[6.467444] (flare_detect) StdoutLine: {'line': b'-- Up-to-date: /home/etern1ty/ros2_ws/install/flare_detect/include/flare_detect/flare_detect/msg/detail/detected__struct.hpp\n'}
[6.467549] (flare_detect) StdoutLine: {'line': b'-- Up-to-date: /home/etern1ty/ros2_ws/install/flare_detect/include/flare_detect/flare_detect/msg/detail/detected__traits.hpp\n'}
[6.467610] (flare_detect) StdoutLine: {'line': b'-- Up-to-date: /home/etern1ty/ros2_ws/install/flare_detect/include/flare_detect/flare_detect/msg/detail/detected__builder.hpp\n'}
[6.467668] (flare_detect) StdoutLine: {'line': b'-- Up-to-date: /home/etern1ty/ros2_ws/install/flare_detect/include/flare_detect/flare_detect\n'}
[6.467766] (flare_detect) StdoutLine: {'line': b'-- Up-to-date: /home/etern1ty/ros2_ws/install/flare_detect/include/flare_detect/flare_detect/msg\n'}
[6.467826] (flare_detect) StdoutLine: {'line': b'-- Up-to-date: /home/etern1ty/ros2_ws/install/flare_detect/include/flare_detect/flare_detect/msg/detail\n'}
[6.467885] (flare_detect) StdoutLine: {'line': b'-- Up-to-date: /home/etern1ty/ros2_ws/install/flare_detect/include/flare_detect/flare_detect/msg/detail/dds_fastrtps\n'}
[6.467945] (flare_detect) StdoutLine: {'line': b'-- Up-to-date: /home/etern1ty/ros2_ws/install/flare_detect/include/flare_detect/flare_detect/msg/detail/detected__rosidl_typesupport_fastrtps_cpp.hpp\n'}
[6.468030] (flare_detect) StdoutLine: {'line': b'-- Up-to-date: /home/etern1ty/ros2_ws/install/flare_detect/include/flare_detect/flare_detect/msg/rosidl_typesupport_fastrtps_cpp__visibility_control.h\n'}
[6.468394] (flare_detect) StdoutLine: {'line': b'-- Up-to-date: /home/etern1ty/ros2_ws/install/flare_detect/lib/libflare_detect__rosidl_typesupport_fastrtps_cpp.so\n'}
[6.468776] (flare_detect) StdoutLine: {'line': b'-- Up-to-date: /home/etern1ty/ros2_ws/install/flare_detect/include/flare_detect/flare_detect\n'}
[6.469054] (flare_detect) StdoutLine: {'line': b'-- Up-to-date: /home/etern1ty/ros2_ws/install/flare_detect/include/flare_detect/flare_detect/msg\n'}
[6.469159] (flare_detect) StdoutLine: {'line': b'-- Up-to-date: /home/etern1ty/ros2_ws/install/flare_detect/include/flare_detect/flare_detect/msg/detail\n'}
[6.469220] (flare_detect) StdoutLine: {'line': b'-- Up-to-date: /home/etern1ty/ros2_ws/install/flare_detect/include/flare_detect/flare_detect/msg/detail/detected__type_support.c\n'}
[6.469305] (flare_detect) StdoutLine: {'line': b'-- Up-to-date: /home/etern1ty/ros2_ws/install/flare_detect/include/flare_detect/flare_detect/msg/detail/detected__rosidl_typesupport_introspection_c.h\n'}
[6.469389] (flare_detect) StdoutLine: {'line': b'-- Up-to-date: /home/etern1ty/ros2_ws/install/flare_detect/include/flare_detect/flare_detect/msg/rosidl_typesupport_introspection_c__visibility_control.h\n'}
[6.469680] (flare_detect) StdoutLine: {'line': b'-- Up-to-date: /home/etern1ty/ros2_ws/install/flare_detect/lib/libflare_detect__rosidl_typesupport_introspection_c.so\n'}
[6.470031] (flare_detect) StdoutLine: {'line': b'-- Up-to-date: /home/etern1ty/ros2_ws/install/flare_detect/lib/libflare_detect__rosidl_typesupport_c.so\n'}
[6.470293] (flare_detect) StdoutLine: {'line': b'-- Up-to-date: /home/etern1ty/ros2_ws/install/flare_detect/include/flare_detect/flare_detect\n'}
[6.470452] (flare_detect) StdoutLine: {'line': b'-- Up-to-date: /home/etern1ty/ros2_ws/install/flare_detect/include/flare_detect/flare_detect/msg\n'}
[6.470596] (flare_detect) StdoutLine: {'line': b'-- Up-to-date: /home/etern1ty/ros2_ws/install/flare_detect/include/flare_detect/flare_detect/msg/detail\n'}
[6.470665] (flare_detect) StdoutLine: {'line': b'-- Up-to-date: /home/etern1ty/ros2_ws/install/flare_detect/include/flare_detect/flare_detect/msg/detail/detected__type_support.cpp\n'}
[6.470723] (flare_detect) StdoutLine: {'line': b'-- Up-to-date: /home/etern1ty/ros2_ws/install/flare_detect/include/flare_detect/flare_detect/msg/detail/detected__rosidl_typesupport_introspection_cpp.hpp\n'}
[6.470995] (flare_detect) StdoutLine: {'line': b'-- Up-to-date: /home/etern1ty/ros2_ws/install/flare_detect/lib/libflare_detect__rosidl_typesupport_introspection_cpp.so\n'}
[6.471456] (flare_detect) StdoutLine: {'line': b'-- Up-to-date: /home/etern1ty/ros2_ws/install/flare_detect/lib/libflare_detect__rosidl_typesupport_cpp.so\n'}
[6.471683] (flare_detect) StdoutLine: {'line': b'-- Up-to-date: /home/etern1ty/ros2_ws/install/flare_detect/share/flare_detect/environment/pythonpath.sh\n'}
[6.471785] (flare_detect) StdoutLine: {'line': b'-- Up-to-date: /home/etern1ty/ros2_ws/install/flare_detect/share/flare_detect/environment/pythonpath.dsv\n'}
[6.472115] (flare_detect) StdoutLine: {'line': b'-- Up-to-date: /home/etern1ty/ros2_ws/install/flare_detect/local/lib/python3.10/dist-packages/flare_detect-0.0.0-py3.10.egg-info\n'}
[6.472280] (flare_detect) StdoutLine: {'line': b'-- Installing: /home/etern1ty/ros2_ws/install/flare_detect/local/lib/python3.10/dist-packages/flare_detect-0.0.0-py3.10.egg-info/PKG-INFO\n'}
[6.472684] (flare_detect) StdoutLine: {'line': b'-- Installing: /home/etern1ty/ros2_ws/install/flare_detect/local/lib/python3.10/dist-packages/flare_detect-0.0.0-py3.10.egg-info/top_level.txt\n'}
[6.472933] (flare_detect) StdoutLine: {'line': b'-- Installing: /home/etern1ty/ros2_ws/install/flare_detect/local/lib/python3.10/dist-packages/flare_detect-0.0.0-py3.10.egg-info/SOURCES.txt\n'}
[6.473149] (flare_detect) StdoutLine: {'line': b'-- Installing: /home/etern1ty/ros2_ws/install/flare_detect/local/lib/python3.10/dist-packages/flare_detect-0.0.0-py3.10.egg-info/dependency_links.txt\n'}
[6.473661] (flare_detect) StdoutLine: {'line': b'-- Up-to-date: /home/etern1ty/ros2_ws/install/flare_detect/local/lib/python3.10/dist-packages/flare_detect\n'}
[6.473809] (flare_detect) StdoutLine: {'line': b'-- Up-to-date: /home/etern1ty/ros2_ws/install/flare_detect/local/lib/python3.10/dist-packages/flare_detect/flare_detect_s__rosidl_typesupport_fastrtps_c.cpython-310-x86_64-linux-gnu.so\n'}
[6.473908] (flare_detect) StdoutLine: {'line': b'-- Up-to-date: /home/etern1ty/ros2_ws/install/flare_detect/local/lib/python3.10/dist-packages/flare_detect/_flare_detect_s.ep.rosidl_typesupport_fastrtps_c.c\n'}
[6.474020] (flare_detect) StdoutLine: {'line': b'-- Up-to-date: /home/etern1ty/ros2_ws/install/flare_detect/local/lib/python3.10/dist-packages/flare_detect/flare_detect_s__rosidl_typesupport_introspection_c.cpython-310-x86_64-linux-gnu.so\n'}
[6.474091] (flare_detect) StdoutLine: {'line': b'-- Up-to-date: /home/etern1ty/ros2_ws/install/flare_detect/local/lib/python3.10/dist-packages/flare_detect/__init__.py\n'}
[6.474169] (flare_detect) StdoutLine: {'line': b'-- Up-to-date: /home/etern1ty/ros2_ws/install/flare_detect/local/lib/python3.10/dist-packages/flare_detect/_flare_detect_s.ep.rosidl_typesupport_introspection_c.c\n'}
[6.474241] (flare_detect) StdoutLine: {'line': b'-- Up-to-date: /home/etern1ty/ros2_ws/install/flare_detect/local/lib/python3.10/dist-packages/flare_detect/libflare_detect__rosidl_generator_py.so\n'}
[6.474298] (flare_detect) StdoutLine: {'line': b'-- Up-to-date: /home/etern1ty/ros2_ws/install/flare_detect/local/lib/python3.10/dist-packages/flare_detect/flare_detect_s__rosidl_typesupport_c.cpython-310-x86_64-linux-gnu.so\n'}
[6.474353] (flare_detect) StdoutLine: {'line': b'-- Up-to-date: /home/etern1ty/ros2_ws/install/flare_detect/local/lib/python3.10/dist-packages/flare_detect/msg\n'}
[6.474407] (flare_detect) StdoutLine: {'line': b'-- Up-to-date: /home/etern1ty/ros2_ws/install/flare_detect/local/lib/python3.10/dist-packages/flare_detect/msg/_detected_s.c\n'}
[6.474462] (flare_detect) StdoutLine: {'line': b'-- Up-to-date: /home/etern1ty/ros2_ws/install/flare_detect/local/lib/python3.10/dist-packages/flare_detect/msg/__init__.py\n'}
[6.474517] (flare_detect) StdoutLine: {'line': b'-- Up-to-date: /home/etern1ty/ros2_ws/install/flare_detect/local/lib/python3.10/dist-packages/flare_detect/msg/_detected.py\n'}
[6.474571] (flare_detect) StdoutLine: {'line': b'-- Up-to-date: /home/etern1ty/ros2_ws/install/flare_detect/local/lib/python3.10/dist-packages/flare_detect/_flare_detect_s.ep.rosidl_typesupport_c.c\n'}
[6.507139] (flare_detect) StdoutLine: {'line': b"Listing '/home/etern1ty/ros2_ws/install/flare_detect/local/lib/python3.10/dist-packages/flare_detect'...\n"}
[6.507421] (flare_detect) StdoutLine: {'line': b"Listing '/home/etern1ty/ros2_ws/install/flare_detect/local/lib/python3.10/dist-packages/flare_detect/msg'...\n"}
[6.512631] (flare_detect) StdoutLine: {'line': b'-- Up-to-date: /home/etern1ty/ros2_ws/install/flare_detect/local/lib/python3.10/dist-packages/flare_detect/flare_detect_s__rosidl_typesupport_fastrtps_c.cpython-310-x86_64-linux-gnu.so\n'}
[6.513266] (flare_detect) StdoutLine: {'line': b'-- Up-to-date: /home/etern1ty/ros2_ws/install/flare_detect/local/lib/python3.10/dist-packages/flare_detect/flare_detect_s__rosidl_typesupport_introspection_c.cpython-310-x86_64-linux-gnu.so\n'}
[6.513770] (flare_detect) StdoutLine: {'line': b'-- Up-to-date: /home/etern1ty/ros2_ws/install/flare_detect/local/lib/python3.10/dist-packages/flare_detect/flare_detect_s__rosidl_typesupport_c.cpython-310-x86_64-linux-gnu.so\n'}
[6.514271] (flare_detect) StdoutLine: {'line': b'-- Up-to-date: /home/etern1ty/ros2_ws/install/flare_detect/lib/libflare_detect__rosidl_generator_py.so\n'}
[6.515069] (flare_detect) StdoutLine: {'line': b'-- Up-to-date: /home/etern1ty/ros2_ws/install/flare_detect/share/flare_detect/msg/Detected.idl\n'}
[6.515204] (flare_detect) StdoutLine: {'line': b'-- Up-to-date: /home/etern1ty/ros2_ws/install/flare_detect/share/flare_detect/msg/Detected.msg\n'}
[6.515797] (flare_detect) StdoutLine: {'line': b'-- Installing: /home/etern1ty/ros2_ws/install/flare_detect/lib/flare_detect/detection\n'}
[6.518235] (flare_detect) StdoutLine: {'line': b'-- Set runtime path of "/home/etern1ty/ros2_ws/install/flare_detect/lib/flare_detect/detection" to ""\n'}
[6.518480] (flare_detect) StdoutLine: {'line': b'-- Up-to-date: /home/etern1ty/ros2_ws/install/flare_detect/share/ament_index/resource_index/package_run_dependencies/flare_detect\n'}
[6.518746] (flare_detect) StdoutLine: {'line': b'-- Up-to-date: /home/etern1ty/ros2_ws/install/flare_detect/share/ament_index/resource_index/parent_prefix_path/flare_detect\n'}
[6.518959] (flare_detect) StdoutLine: {'line': b'-- Up-to-date: /home/etern1ty/ros2_ws/install/flare_detect/share/flare_detect/environment/ament_prefix_path.sh\n'}
[6.519156] (flare_detect) StdoutLine: {'line': b'-- Up-to-date: /home/etern1ty/ros2_ws/install/flare_detect/share/flare_detect/environment/ament_prefix_path.dsv\n'}
[6.519377] (flare_detect) StdoutLine: {'line': b'-- Up-to-date: /home/etern1ty/ros2_ws/install/flare_detect/share/flare_detect/environment/path.sh\n'}
[6.519502] (flare_detect) StdoutLine: {'line': b'-- Up-to-date: /home/etern1ty/ros2_ws/install/flare_detect/share/flare_detect/environment/path.dsv\n'}
[6.519625] (flare_detect) StdoutLine: {'line': b'-- Up-to-date: /home/etern1ty/ros2_ws/install/flare_detect/share/flare_detect/local_setup.bash\n'}
[6.519750] (flare_detect) StdoutLine: {'line': b'-- Up-to-date: /home/etern1ty/ros2_ws/install/flare_detect/share/flare_detect/local_setup.sh\n'}
[6.519873] (flare_detect) StdoutLine: {'line': b'-- Up-to-date: /home/etern1ty/ros2_ws/install/flare_detect/share/flare_detect/local_setup.zsh\n'}
[6.519994] (flare_detect) StdoutLine: {'line': b'-- Up-to-date: /home/etern1ty/ros2_ws/install/flare_detect/share/flare_detect/local_setup.dsv\n'}
[6.520163] (flare_detect) StdoutLine: {'line': b'-- Installing: /home/etern1ty/ros2_ws/install/flare_detect/share/flare_detect/package.dsv\n'}
[6.520362] (flare_detect) StdoutLine: {'line': b'-- Up-to-date: /home/etern1ty/ros2_ws/install/flare_detect/share/ament_index/resource_index/packages/flare_detect\n'}
[6.521113] (flare_detect) StdoutLine: {'line': b'-- Up-to-date: /home/etern1ty/ros2_ws/install/flare_detect/share/flare_detect/cmake/export_flare_detect__rosidl_generator_cExport.cmake\n'}
[6.521260] (flare_detect) StdoutLine: {'line': b'-- Up-to-date: /home/etern1ty/ros2_ws/install/flare_detect/share/flare_detect/cmake/export_flare_detect__rosidl_generator_cExport-noconfig.cmake\n'}
[6.521588] (flare_detect) StdoutLine: {'line': b'-- Up-to-date: /home/etern1ty/ros2_ws/install/flare_detect/share/flare_detect/cmake/export_flare_detect__rosidl_typesupport_fastrtps_cExport.cmake\n'}
[6.521676] (flare_detect) StdoutLine: {'line': b'-- Up-to-date: /home/etern1ty/ros2_ws/install/flare_detect/share/flare_detect/cmake/export_flare_detect__rosidl_typesupport_fastrtps_cExport-noconfig.cmake\n'}
[6.522000] (flare_detect) StdoutLine: {'line': b'-- Up-to-date: /home/etern1ty/ros2_ws/install/flare_detect/share/flare_detect/cmake/export_flare_detect__rosidl_generator_cppExport.cmake\n'}
[6.522356] (flare_detect) StdoutLine: {'line': b'-- Up-to-date: /home/etern1ty/ros2_ws/install/flare_detect/share/flare_detect/cmake/export_flare_detect__rosidl_typesupport_fastrtps_cppExport.cmake\n'}
[6.522479] (flare_detect) StdoutLine: {'line': b'-- Up-to-date: /home/etern1ty/ros2_ws/install/flare_detect/share/flare_detect/cmake/export_flare_detect__rosidl_typesupport_fastrtps_cppExport-noconfig.cmake\n'}
[6.522764] (flare_detect) StdoutLine: {'line': b'-- Up-to-date: /home/etern1ty/ros2_ws/install/flare_detect/share/flare_detect/cmake/flare_detect__rosidl_typesupport_introspection_cExport.cmake\n'}
[6.522867] (flare_detect) StdoutLine: {'line': b'-- Up-to-date: /home/etern1ty/ros2_ws/install/flare_detect/share/flare_detect/cmake/flare_detect__rosidl_typesupport_introspection_cExport-noconfig.cmake\n'}
[6.523252] (flare_detect) StdoutLine: {'line': b'-- Up-to-date: /home/etern1ty/ros2_ws/install/flare_detect/share/flare_detect/cmake/flare_detect__rosidl_typesupport_cExport.cmake\n'}
[6.523387] (flare_detect) StdoutLine: {'line': b'-- Up-to-date: /home/etern1ty/ros2_ws/install/flare_detect/share/flare_detect/cmake/flare_detect__rosidl_typesupport_cExport-noconfig.cmake\n'}
[6.523552] (flare_detect) StdoutLine: {'line': b'-- Up-to-date: /home/etern1ty/ros2_ws/install/flare_detect/share/flare_detect/cmake/flare_detect__rosidl_typesupport_introspection_cppExport.cmake\n'}
[6.523705] (flare_detect) StdoutLine: {'line': b'-- Up-to-date: /home/etern1ty/ros2_ws/install/flare_detect/share/flare_detect/cmake/flare_detect__rosidl_typesupport_introspection_cppExport-noconfig.cmake\n'}
[6.524047] (flare_detect) StdoutLine: {'line': b'-- Up-to-date: /home/etern1ty/ros2_ws/install/flare_detect/share/flare_detect/cmake/flare_detect__rosidl_typesupport_cppExport.cmake\n'}
[6.524248] (flare_detect) StdoutLine: {'line': b'-- Up-to-date: /home/etern1ty/ros2_ws/install/flare_detect/share/flare_detect/cmake/flare_detect__rosidl_typesupport_cppExport-noconfig.cmake\n'}
[6.524583] (flare_detect) StdoutLine: {'line': b'-- Up-to-date: /home/etern1ty/ros2_ws/install/flare_detect/share/flare_detect/cmake/export_flare_detect__rosidl_generator_pyExport.cmake\n'}
[6.524691] (flare_detect) StdoutLine: {'line': b'-- Up-to-date: /home/etern1ty/ros2_ws/install/flare_detect/share/flare_detect/cmake/export_flare_detect__rosidl_generator_pyExport-noconfig.cmake\n'}
[6.524787] (flare_detect) StdoutLine: {'line': b'-- Up-to-date: /home/etern1ty/ros2_ws/install/flare_detect/share/flare_detect/cmake/rosidl_cmake-extras.cmake\n'}
[6.524871] (flare_detect) StdoutLine: {'line': b'-- Up-to-date: /home/etern1ty/ros2_ws/install/flare_detect/share/flare_detect/cmake/ament_cmake_export_include_directories-extras.cmake\n'}
[6.525084] (flare_detect) StdoutLine: {'line': b'-- Up-to-date: /home/etern1ty/ros2_ws/install/flare_detect/share/flare_detect/cmake/ament_cmake_export_libraries-extras.cmake\n'}
[6.525193] (flare_detect) StdoutLine: {'line': b'-- Up-to-date: /home/etern1ty/ros2_ws/install/flare_detect/share/flare_detect/cmake/ament_cmake_export_targets-extras.cmake\n'}
[6.525336] (flare_detect) StdoutLine: {'line': b'-- Up-to-date: /home/etern1ty/ros2_ws/install/flare_detect/share/flare_detect/cmake/rosidl_cmake_export_typesupport_targets-extras.cmake\n'}
[6.525427] (flare_detect) StdoutLine: {'line': b'-- Up-to-date: /home/etern1ty/ros2_ws/install/flare_detect/share/flare_detect/cmake/ament_cmake_export_dependencies-extras.cmake\n'}
[6.525513] (flare_detect) StdoutLine: {'line': b'-- Up-to-date: /home/etern1ty/ros2_ws/install/flare_detect/share/flare_detect/cmake/rosidl_cmake_export_typesupport_libraries-extras.cmake\n'}
[6.525612] (flare_detect) StdoutLine: {'line': b'-- Up-to-date: /home/etern1ty/ros2_ws/install/flare_detect/share/flare_detect/cmake/flare_detectConfig.cmake\n'}
[6.525696] (flare_detect) StdoutLine: {'line': b'-- Up-to-date: /home/etern1ty/ros2_ws/install/flare_detect/share/flare_detect/cmake/flare_detectConfig-version.cmake\n'}
[6.525753] (flare_detect) StdoutLine: {'line': b'-- Up-to-date: /home/etern1ty/ros2_ws/install/flare_detect/share/flare_detect/package.xml\n'}
[6.526412] (-) TimerEvent: {}
[6.528941] (flare_detect) CommandEnded: {'returncode': 0}
[6.626568] (-) TimerEvent: {}
[6.701180] (flare_detect) JobEnded: {'identifier': 'flare_detect', 'rc': 0}
[6.702021] (-) EventReactorShutdown: {}
