[0.802s] DEBUG:colcon:Command line arguments: ['/usr/bin/colcon', 'build', '--packages-select', 'flare_detect', '--parallel-workers', '2']
[0.802s] DEBUG:colcon:Parsed command line arguments: Namespace(log_base=None, log_level=None, verb_name='build', build_base='build', install_base='install', merge_install=False, symlink_install=False, test_result_base=None, continue_on_error=False, executor='parallel', parallel_workers=2, event_handlers=None, ignore_user_meta=False, metas=['./colcon.meta'], base_paths=['.'], packages_ignore=None, packages_ignore_regex=None, paths=None, packages_up_to=None, packages_up_to_regex=None, packages_above=None, packages_above_and_dependencies=None, packages_above_depth=None, packages_select_by_dep=None, packages_skip_by_dep=None, packages_skip_up_to=None, packages_select_build_failed=False, packages_skip_build_finished=False, packages_select_test_failures=False, packages_skip_test_passed=False, packages_select=['flare_detect'], packages_skip=None, packages_select_regex=None, packages_skip_regex=None, packages_start=None, packages_end=None, allow_overriding=[], cmake_args=None, cmake_target=None, cmake_target_skip_unavailable=False, cmake_clean_cache=False, cmake_clean_first=False, cmake_force_configure=False, ament_cmake_args=None, catkin_cmake_args=None, catkin_skip_building_tests=False, verb_parser=<colcon_defaults.argument_parser.defaults.DefaultArgumentsDecorator object at 0x7fb22d2b7160>, verb_extension=<colcon_core.verb.build.BuildVerb object at 0x7fb22d2b6740>, main=<bound method BuildVerb.main of <colcon_core.verb.build.BuildVerb object at 0x7fb22d2b6740>>)
[0.851s] Level 1:colcon.colcon_core.package_discovery:discover_packages(colcon_meta) check parameters
[0.851s] Level 1:colcon.colcon_core.package_discovery:discover_packages(recursive) check parameters
[0.851s] Level 1:colcon.colcon_core.package_discovery:discover_packages(ignore) check parameters
[0.851s] Level 1:colcon.colcon_core.package_discovery:discover_packages(path) check parameters
[0.852s] Level 1:colcon.colcon_core.package_discovery:discover_packages(colcon_meta) discover
[0.852s] Level 1:colcon.colcon_core.package_discovery:discover_packages(recursive) discover
[0.852s] INFO:colcon.colcon_core.package_discovery:Crawling recursively for packages in '/home/etern1ty/ros2_ws'
[0.852s] Level 1:colcon.colcon_core.package_identification:_identify(.) by extensions ['ignore', 'ignore_ament_install']
[0.852s] Level 1:colcon.colcon_core.package_identification:_identify(.) by extension 'ignore'
[0.852s] Level 1:colcon.colcon_core.package_identification:_identify(.) by extension 'ignore_ament_install'
[0.852s] Level 1:colcon.colcon_core.package_identification:_identify(.) by extensions ['colcon_pkg']
[0.852s] Level 1:colcon.colcon_core.package_identification:_identify(.) by extension 'colcon_pkg'
[0.852s] Level 1:colcon.colcon_core.package_identification:_identify(.) by extensions ['colcon_meta']
[0.852s] Level 1:colcon.colcon_core.package_identification:_identify(.) by extension 'colcon_meta'
[0.852s] Level 1:colcon.colcon_core.package_identification:_identify(.) by extensions ['ros']
[0.852s] Level 1:colcon.colcon_core.package_identification:_identify(.) by extension 'ros'
[0.864s] Level 1:colcon.colcon_core.package_identification:_identify(.) by extensions ['cmake', 'python']
[0.864s] Level 1:colcon.colcon_core.package_identification:_identify(.) by extension 'cmake'
[0.864s] Level 1:colcon.colcon_core.package_identification:_identify(.) by extension 'python'
[0.864s] Level 1:colcon.colcon_core.package_identification:_identify(.) by extensions ['python_setup_py']
[0.864s] Level 1:colcon.colcon_core.package_identification:_identify(.) by extension 'python_setup_py'
[0.864s] Level 1:colcon.colcon_core.package_identification:_identify(build) by extensions ['ignore', 'ignore_ament_install']
[0.864s] Level 1:colcon.colcon_core.package_identification:_identify(build) by extension 'ignore'
[0.864s] Level 1:colcon.colcon_core.package_identification:_identify(build) ignored
[0.864s] Level 1:colcon.colcon_core.package_identification:_identify(install) by extensions ['ignore', 'ignore_ament_install']
[0.865s] Level 1:colcon.colcon_core.package_identification:_identify(install) by extension 'ignore'
[0.865s] Level 1:colcon.colcon_core.package_identification:_identify(install) ignored
[0.865s] Level 1:colcon.colcon_core.package_identification:_identify(log) by extensions ['ignore', 'ignore_ament_install']
[0.865s] Level 1:colcon.colcon_core.package_identification:_identify(log) by extension 'ignore'
[0.865s] Level 1:colcon.colcon_core.package_identification:_identify(log) ignored
[0.865s] Level 1:colcon.colcon_core.package_identification:_identify(src) by extensions ['ignore', 'ignore_ament_install']
[0.865s] Level 1:colcon.colcon_core.package_identification:_identify(src) by extension 'ignore'
[0.865s] Level 1:colcon.colcon_core.package_identification:_identify(src) by extension 'ignore_ament_install'
[0.865s] Level 1:colcon.colcon_core.package_identification:_identify(src) by extensions ['colcon_pkg']
[0.865s] Level 1:colcon.colcon_core.package_identification:_identify(src) by extension 'colcon_pkg'
[0.866s] Level 1:colcon.colcon_core.package_identification:_identify(src) by extensions ['colcon_meta']
[0.866s] Level 1:colcon.colcon_core.package_identification:_identify(src) by extension 'colcon_meta'
[0.866s] Level 1:colcon.colcon_core.package_identification:_identify(src) by extensions ['ros']
[0.866s] Level 1:colcon.colcon_core.package_identification:_identify(src) by extension 'ros'
[0.866s] Level 1:colcon.colcon_core.package_identification:_identify(src) by extensions ['cmake', 'python']
[0.866s] Level 1:colcon.colcon_core.package_identification:_identify(src) by extension 'cmake'
[0.866s] Level 1:colcon.colcon_core.package_identification:_identify(src) by extension 'python'
[0.866s] Level 1:colcon.colcon_core.package_identification:_identify(src) by extensions ['python_setup_py']
[0.866s] Level 1:colcon.colcon_core.package_identification:_identify(src) by extension 'python_setup_py'
[0.866s] Level 1:colcon.colcon_core.package_identification:_identify(src/build) by extensions ['ignore', 'ignore_ament_install']
[0.866s] Level 1:colcon.colcon_core.package_identification:_identify(src/build) by extension 'ignore'
[0.866s] Level 1:colcon.colcon_core.package_identification:_identify(src/build) ignored
[0.866s] Level 1:colcon.colcon_core.package_identification:_identify(src/cpp_pubsub) by extensions ['ignore', 'ignore_ament_install']
[0.866s] Level 1:colcon.colcon_core.package_identification:_identify(src/cpp_pubsub) by extension 'ignore'
[0.866s] Level 1:colcon.colcon_core.package_identification:_identify(src/cpp_pubsub) by extension 'ignore_ament_install'
[0.866s] Level 1:colcon.colcon_core.package_identification:_identify(src/cpp_pubsub) by extensions ['colcon_pkg']
[0.866s] Level 1:colcon.colcon_core.package_identification:_identify(src/cpp_pubsub) by extension 'colcon_pkg'
[0.867s] Level 1:colcon.colcon_core.package_identification:_identify(src/cpp_pubsub) by extensions ['colcon_meta']
[0.867s] Level 1:colcon.colcon_core.package_identification:_identify(src/cpp_pubsub) by extension 'colcon_meta'
[0.867s] Level 1:colcon.colcon_core.package_identification:_identify(src/cpp_pubsub) by extensions ['ros']
[0.867s] Level 1:colcon.colcon_core.package_identification:_identify(src/cpp_pubsub) by extension 'ros'
[0.871s] DEBUG:colcon.colcon_core.package_identification:Package 'src/cpp_pubsub' with type 'ros.ament_cmake' and name 'cpp_pubsub'
[0.871s] Level 1:colcon.colcon_core.package_identification:_identify(src/flare_detect) by extensions ['ignore', 'ignore_ament_install']
[0.871s] Level 1:colcon.colcon_core.package_identification:_identify(src/flare_detect) by extension 'ignore'
[0.871s] Level 1:colcon.colcon_core.package_identification:_identify(src/flare_detect) by extension 'ignore_ament_install'
[0.871s] Level 1:colcon.colcon_core.package_identification:_identify(src/flare_detect) by extensions ['colcon_pkg']
[0.871s] Level 1:colcon.colcon_core.package_identification:_identify(src/flare_detect) by extension 'colcon_pkg'
[0.871s] Level 1:colcon.colcon_core.package_identification:_identify(src/flare_detect) by extensions ['colcon_meta']
[0.872s] Level 1:colcon.colcon_core.package_identification:_identify(src/flare_detect) by extension 'colcon_meta'
[0.872s] Level 1:colcon.colcon_core.package_identification:_identify(src/flare_detect) by extensions ['ros']
[0.872s] Level 1:colcon.colcon_core.package_identification:_identify(src/flare_detect) by extension 'ros'
[0.873s] DEBUG:colcon.colcon_core.package_identification:Package 'src/flare_detect' with type 'ros.ament_cmake' and name 'flare_detect'
[0.873s] Level 1:colcon.colcon_core.package_identification:_identify(src/install) by extensions ['ignore', 'ignore_ament_install']
[0.873s] Level 1:colcon.colcon_core.package_identification:_identify(src/install) by extension 'ignore'
[0.873s] Level 1:colcon.colcon_core.package_identification:_identify(src/install) ignored
[0.874s] Level 1:colcon.colcon_core.package_identification:_identify(src/log) by extensions ['ignore', 'ignore_ament_install']
[0.874s] Level 1:colcon.colcon_core.package_identification:_identify(src/log) by extension 'ignore'
[0.874s] Level 1:colcon.colcon_core.package_identification:_identify(src/log) ignored
[0.874s] Level 1:colcon.colcon_core.package_identification:_identify(src/msg) by extensions ['ignore', 'ignore_ament_install']
[0.874s] Level 1:colcon.colcon_core.package_identification:_identify(src/msg) by extension 'ignore'
[0.874s] Level 1:colcon.colcon_core.package_identification:_identify(src/msg) by extension 'ignore_ament_install'
[0.874s] Level 1:colcon.colcon_core.package_identification:_identify(src/msg) by extensions ['colcon_pkg']
[0.874s] Level 1:colcon.colcon_core.package_identification:_identify(src/msg) by extension 'colcon_pkg'
[0.874s] Level 1:colcon.colcon_core.package_identification:_identify(src/msg) by extensions ['colcon_meta']
[0.874s] Level 1:colcon.colcon_core.package_identification:_identify(src/msg) by extension 'colcon_meta'
[0.874s] Level 1:colcon.colcon_core.package_identification:_identify(src/msg) by extensions ['ros']
[0.874s] Level 1:colcon.colcon_core.package_identification:_identify(src/msg) by extension 'ros'
[0.874s] Level 1:colcon.colcon_core.package_identification:_identify(src/msg) by extensions ['cmake', 'python']
[0.874s] Level 1:colcon.colcon_core.package_identification:_identify(src/msg) by extension 'cmake'
[0.874s] Level 1:colcon.colcon_core.package_identification:_identify(src/msg) by extension 'python'
[0.874s] Level 1:colcon.colcon_core.package_identification:_identify(src/msg) by extensions ['python_setup_py']
[0.874s] Level 1:colcon.colcon_core.package_identification:_identify(src/msg) by extension 'python_setup_py'
[0.875s] Level 1:colcon.colcon_core.package_identification:_identify(src/my_package) by extensions ['ignore', 'ignore_ament_install']
[0.875s] Level 1:colcon.colcon_core.package_identification:_identify(src/my_package) by extension 'ignore'
[0.875s] Level 1:colcon.colcon_core.package_identification:_identify(src/my_package) by extension 'ignore_ament_install'
[0.875s] Level 1:colcon.colcon_core.package_identification:_identify(src/my_package) by extensions ['colcon_pkg']
[0.875s] Level 1:colcon.colcon_core.package_identification:_identify(src/my_package) by extension 'colcon_pkg'
[0.875s] Level 1:colcon.colcon_core.package_identification:_identify(src/my_package) by extensions ['colcon_meta']
[0.875s] Level 1:colcon.colcon_core.package_identification:_identify(src/my_package) by extension 'colcon_meta'
[0.875s] Level 1:colcon.colcon_core.package_identification:_identify(src/my_package) by extensions ['ros']
[0.875s] Level 1:colcon.colcon_core.package_identification:_identify(src/my_package) by extension 'ros'
[0.875s] DEBUG:colcon.colcon_core.package_identification:Package 'src/my_package' with type 'ros.ament_cmake' and name 'my_package'
[0.875s] Level 1:colcon.colcon_core.package_identification:_identify(src/pub_controller) by extensions ['ignore', 'ignore_ament_install']
[0.876s] Level 1:colcon.colcon_core.package_identification:_identify(src/pub_controller) by extension 'ignore'
[0.876s] Level 1:colcon.colcon_core.package_identification:_identify(src/pub_controller) by extension 'ignore_ament_install'
[0.876s] Level 1:colcon.colcon_core.package_identification:_identify(src/pub_controller) by extensions ['colcon_pkg']
[0.876s] Level 1:colcon.colcon_core.package_identification:_identify(src/pub_controller) by extension 'colcon_pkg'
[0.876s] Level 1:colcon.colcon_core.package_identification:_identify(src/pub_controller) by extensions ['colcon_meta']
[0.876s] Level 1:colcon.colcon_core.package_identification:_identify(src/pub_controller) by extension 'colcon_meta'
[0.876s] Level 1:colcon.colcon_core.package_identification:_identify(src/pub_controller) by extensions ['ros']
[0.876s] Level 1:colcon.colcon_core.package_identification:_identify(src/pub_controller) by extension 'ros'
[0.876s] DEBUG:colcon.colcon_core.package_identification:Package 'src/pub_controller' with type 'ros.ament_cmake' and name 'pub_controller'
[0.877s] Level 1:colcon.colcon_core.package_identification:_identify(src/ros2_color_detection) by extensions ['ignore', 'ignore_ament_install']
[0.877s] Level 1:colcon.colcon_core.package_identification:_identify(src/ros2_color_detection) by extension 'ignore'
[0.877s] Level 1:colcon.colcon_core.package_identification:_identify(src/ros2_color_detection) by extension 'ignore_ament_install'
[0.877s] Level 1:colcon.colcon_core.package_identification:_identify(src/ros2_color_detection) by extensions ['colcon_pkg']
[0.877s] Level 1:colcon.colcon_core.package_identification:_identify(src/ros2_color_detection) by extension 'colcon_pkg'
[0.877s] Level 1:colcon.colcon_core.package_identification:_identify(src/ros2_color_detection) by extensions ['colcon_meta']
[0.877s] Level 1:colcon.colcon_core.package_identification:_identify(src/ros2_color_detection) by extension 'colcon_meta'
[0.877s] Level 1:colcon.colcon_core.package_identification:_identify(src/ros2_color_detection) by extensions ['ros']
[0.877s] Level 1:colcon.colcon_core.package_identification:_identify(src/ros2_color_detection) by extension 'ros'
[0.877s] Level 1:colcon.colcon_core.package_identification:_identify(src/ros2_color_detection) by extensions ['cmake', 'python']
[0.877s] Level 1:colcon.colcon_core.package_identification:_identify(src/ros2_color_detection) by extension 'cmake'
[0.877s] Level 1:colcon.colcon_core.package_identification:_identify(src/ros2_color_detection) by extension 'python'
[0.877s] Level 1:colcon.colcon_core.package_identification:_identify(src/ros2_color_detection) by extensions ['python_setup_py']
[0.877s] Level 1:colcon.colcon_core.package_identification:_identify(src/ros2_color_detection) by extension 'python_setup_py'
[0.877s] Level 1:colcon.colcon_core.package_identification:_identify(src/ros2_color_detection/ros2_color_detection) by extensions ['ignore', 'ignore_ament_install']
[0.877s] Level 1:colcon.colcon_core.package_identification:_identify(src/ros2_color_detection/ros2_color_detection) by extension 'ignore'
[0.878s] Level 1:colcon.colcon_core.package_identification:_identify(src/ros2_color_detection/ros2_color_detection) by extension 'ignore_ament_install'
[0.878s] Level 1:colcon.colcon_core.package_identification:_identify(src/ros2_color_detection/ros2_color_detection) by extensions ['colcon_pkg']
[0.878s] Level 1:colcon.colcon_core.package_identification:_identify(src/ros2_color_detection/ros2_color_detection) by extension 'colcon_pkg'
[0.878s] Level 1:colcon.colcon_core.package_identification:_identify(src/ros2_color_detection/ros2_color_detection) by extensions ['colcon_meta']
[0.878s] Level 1:colcon.colcon_core.package_identification:_identify(src/ros2_color_detection/ros2_color_detection) by extension 'colcon_meta'
[0.878s] Level 1:colcon.colcon_core.package_identification:_identify(src/ros2_color_detection/ros2_color_detection) by extensions ['ros']
[0.878s] Level 1:colcon.colcon_core.package_identification:_identify(src/ros2_color_detection/ros2_color_detection) by extension 'ros'
[0.878s] DEBUG:colcon.colcon_core.package_identification:Package 'src/ros2_color_detection/ros2_color_detection' with type 'ros.ament_cmake' and name 'ros2_color_detection'
[0.879s] Level 1:colcon.colcon_core.package_identification:_identify(src/src) by extensions ['ignore', 'ignore_ament_install']
[0.879s] Level 1:colcon.colcon_core.package_identification:_identify(src/src) by extension 'ignore'
[0.879s] Level 1:colcon.colcon_core.package_identification:_identify(src/src) by extension 'ignore_ament_install'
[0.879s] Level 1:colcon.colcon_core.package_identification:_identify(src/src) by extensions ['colcon_pkg']
[0.879s] Level 1:colcon.colcon_core.package_identification:_identify(src/src) by extension 'colcon_pkg'
[0.879s] Level 1:colcon.colcon_core.package_identification:_identify(src/src) by extensions ['colcon_meta']
[0.879s] Level 1:colcon.colcon_core.package_identification:_identify(src/src) by extension 'colcon_meta'
[0.879s] Level 1:colcon.colcon_core.package_identification:_identify(src/src) by extensions ['ros']
[0.879s] Level 1:colcon.colcon_core.package_identification:_identify(src/src) by extension 'ros'
[0.879s] Level 1:colcon.colcon_core.package_identification:_identify(src/src) by extensions ['cmake', 'python']
[0.879s] Level 1:colcon.colcon_core.package_identification:_identify(src/src) by extension 'cmake'
[0.879s] Level 1:colcon.colcon_core.package_identification:_identify(src/src) by extension 'python'
[0.879s] Level 1:colcon.colcon_core.package_identification:_identify(src/src) by extensions ['python_setup_py']
[0.879s] Level 1:colcon.colcon_core.package_identification:_identify(src/src) by extension 'python_setup_py'
[0.879s] Level 1:colcon.colcon_core.package_identification:_identify(src/src/examples) by extensions ['ignore', 'ignore_ament_install']
[0.880s] Level 1:colcon.colcon_core.package_identification:_identify(src/src/examples) by extension 'ignore'
[0.880s] Level 1:colcon.colcon_core.package_identification:_identify(src/src/examples) by extension 'ignore_ament_install'
[0.880s] Level 1:colcon.colcon_core.package_identification:_identify(src/src/examples) by extensions ['colcon_pkg']
[0.880s] Level 1:colcon.colcon_core.package_identification:_identify(src/src/examples) by extension 'colcon_pkg'
[0.880s] Level 1:colcon.colcon_core.package_identification:_identify(src/src/examples) by extensions ['colcon_meta']
[0.880s] Level 1:colcon.colcon_core.package_identification:_identify(src/src/examples) by extension 'colcon_meta'
[0.880s] Level 1:colcon.colcon_core.package_identification:_identify(src/src/examples) by extensions ['ros']
[0.880s] Level 1:colcon.colcon_core.package_identification:_identify(src/src/examples) by extension 'ros'
[0.880s] Level 1:colcon.colcon_core.package_identification:_identify(src/src/examples) by extensions ['cmake', 'python']
[0.880s] Level 1:colcon.colcon_core.package_identification:_identify(src/src/examples) by extension 'cmake'
[0.880s] Level 1:colcon.colcon_core.package_identification:_identify(src/src/examples) by extension 'python'
[0.880s] Level 1:colcon.colcon_core.package_identification:_identify(src/src/examples) by extensions ['python_setup_py']
[0.880s] Level 1:colcon.colcon_core.package_identification:_identify(src/src/examples) by extension 'python_setup_py'
[0.880s] Level 1:colcon.colcon_core.package_identification:_identify(src/src/examples/launch_testing) by extensions ['ignore', 'ignore_ament_install']
[0.880s] Level 1:colcon.colcon_core.package_identification:_identify(src/src/examples/launch_testing) by extension 'ignore'
[0.880s] Level 1:colcon.colcon_core.package_identification:_identify(src/src/examples/launch_testing) by extension 'ignore_ament_install'
[0.880s] Level 1:colcon.colcon_core.package_identification:_identify(src/src/examples/launch_testing) by extensions ['colcon_pkg']
[0.880s] Level 1:colcon.colcon_core.package_identification:_identify(src/src/examples/launch_testing) by extension 'colcon_pkg'
[0.881s] Level 1:colcon.colcon_core.package_identification:_identify(src/src/examples/launch_testing) by extensions ['colcon_meta']
[0.881s] Level 1:colcon.colcon_core.package_identification:_identify(src/src/examples/launch_testing) by extension 'colcon_meta'
[0.881s] Level 1:colcon.colcon_core.package_identification:_identify(src/src/examples/launch_testing) by extensions ['ros']
[0.881s] Level 1:colcon.colcon_core.package_identification:_identify(src/src/examples/launch_testing) by extension 'ros'
[0.881s] Level 1:colcon.colcon_core.package_identification:_identify(src/src/examples/launch_testing) by extensions ['cmake', 'python']
[0.881s] Level 1:colcon.colcon_core.package_identification:_identify(src/src/examples/launch_testing) by extension 'cmake'
[0.881s] Level 1:colcon.colcon_core.package_identification:_identify(src/src/examples/launch_testing) by extension 'python'
[0.881s] Level 1:colcon.colcon_core.package_identification:_identify(src/src/examples/launch_testing) by extensions ['python_setup_py']
[0.881s] Level 1:colcon.colcon_core.package_identification:_identify(src/src/examples/launch_testing) by extension 'python_setup_py'
[0.881s] Level 1:colcon.colcon_core.package_identification:_identify(src/src/examples/launch_testing/launch_testing_examples) by extensions ['ignore', 'ignore_ament_install']
[0.881s] Level 1:colcon.colcon_core.package_identification:_identify(src/src/examples/launch_testing/launch_testing_examples) by extension 'ignore'
[0.881s] Level 1:colcon.colcon_core.package_identification:_identify(src/src/examples/launch_testing/launch_testing_examples) by extension 'ignore_ament_install'
[0.881s] Level 1:colcon.colcon_core.package_identification:_identify(src/src/examples/launch_testing/launch_testing_examples) by extensions ['colcon_pkg']
[0.881s] Level 1:colcon.colcon_core.package_identification:_identify(src/src/examples/launch_testing/launch_testing_examples) by extension 'colcon_pkg'
[0.881s] Level 1:colcon.colcon_core.package_identification:_identify(src/src/examples/launch_testing/launch_testing_examples) by extensions ['colcon_meta']
[0.881s] Level 1:colcon.colcon_core.package_identification:_identify(src/src/examples/launch_testing/launch_testing_examples) by extension 'colcon_meta'
[0.881s] Level 1:colcon.colcon_core.package_identification:_identify(src/src/examples/launch_testing/launch_testing_examples) by extensions ['ros']
[0.882s] Level 1:colcon.colcon_core.package_identification:_identify(src/src/examples/launch_testing/launch_testing_examples) by extension 'ros'
[0.882s] DEBUG:colcon.colcon_core.package_identification:Package 'src/src/examples/launch_testing/launch_testing_examples' with type 'ros.ament_python' and name 'launch_testing_examples'
[0.883s] Level 1:colcon.colcon_core.package_identification:_identify(src/src/examples/rclcpp) by extensions ['ignore', 'ignore_ament_install']
[0.883s] Level 1:colcon.colcon_core.package_identification:_identify(src/src/examples/rclcpp) by extension 'ignore'
[0.883s] Level 1:colcon.colcon_core.package_identification:_identify(src/src/examples/rclcpp) by extension 'ignore_ament_install'
[0.883s] Level 1:colcon.colcon_core.package_identification:_identify(src/src/examples/rclcpp) by extensions ['colcon_pkg']
[0.883s] Level 1:colcon.colcon_core.package_identification:_identify(src/src/examples/rclcpp) by extension 'colcon_pkg'
[0.883s] Level 1:colcon.colcon_core.package_identification:_identify(src/src/examples/rclcpp) by extensions ['colcon_meta']
[0.883s] Level 1:colcon.colcon_core.package_identification:_identify(src/src/examples/rclcpp) by extension 'colcon_meta'
[0.883s] Level 1:colcon.colcon_core.package_identification:_identify(src/src/examples/rclcpp) by extensions ['ros']
[0.883s] Level 1:colcon.colcon_core.package_identification:_identify(src/src/examples/rclcpp) by extension 'ros'
[0.883s] Level 1:colcon.colcon_core.package_identification:_identify(src/src/examples/rclcpp) by extensions ['cmake', 'python']
[0.883s] Level 1:colcon.colcon_core.package_identification:_identify(src/src/examples/rclcpp) by extension 'cmake'
[0.883s] Level 1:colcon.colcon_core.package_identification:_identify(src/src/examples/rclcpp) by extension 'python'
[0.883s] Level 1:colcon.colcon_core.package_identification:_identify(src/src/examples/rclcpp) by extensions ['python_setup_py']
[0.883s] Level 1:colcon.colcon_core.package_identification:_identify(src/src/examples/rclcpp) by extension 'python_setup_py'
[0.883s] Level 1:colcon.colcon_core.package_identification:_identify(src/src/examples/rclcpp/actions) by extensions ['ignore', 'ignore_ament_install']
[0.883s] Level 1:colcon.colcon_core.package_identification:_identify(src/src/examples/rclcpp/actions) by extension 'ignore'
[0.883s] Level 1:colcon.colcon_core.package_identification:_identify(src/src/examples/rclcpp/actions) by extension 'ignore_ament_install'
[0.883s] Level 1:colcon.colcon_core.package_identification:_identify(src/src/examples/rclcpp/actions) by extensions ['colcon_pkg']
[0.883s] Level 1:colcon.colcon_core.package_identification:_identify(src/src/examples/rclcpp/actions) by extension 'colcon_pkg'
[0.884s] Level 1:colcon.colcon_core.package_identification:_identify(src/src/examples/rclcpp/actions) by extensions ['colcon_meta']
[0.884s] Level 1:colcon.colcon_core.package_identification:_identify(src/src/examples/rclcpp/actions) by extension 'colcon_meta'
[0.884s] Level 1:colcon.colcon_core.package_identification:_identify(src/src/examples/rclcpp/actions) by extensions ['ros']
[0.884s] Level 1:colcon.colcon_core.package_identification:_identify(src/src/examples/rclcpp/actions) by extension 'ros'
[0.884s] Level 1:colcon.colcon_core.package_identification:_identify(src/src/examples/rclcpp/actions) by extensions ['cmake', 'python']
[0.884s] Level 1:colcon.colcon_core.package_identification:_identify(src/src/examples/rclcpp/actions) by extension 'cmake'
[0.884s] Level 1:colcon.colcon_core.package_identification:_identify(src/src/examples/rclcpp/actions) by extension 'python'
[0.884s] Level 1:colcon.colcon_core.package_identification:_identify(src/src/examples/rclcpp/actions) by extensions ['python_setup_py']
[0.884s] Level 1:colcon.colcon_core.package_identification:_identify(src/src/examples/rclcpp/actions) by extension 'python_setup_py'
[0.884s] Level 1:colcon.colcon_core.package_identification:_identify(src/src/examples/rclcpp/actions/minimal_action_client) by extensions ['ignore', 'ignore_ament_install']
[0.884s] Level 1:colcon.colcon_core.package_identification:_identify(src/src/examples/rclcpp/actions/minimal_action_client) by extension 'ignore'
[0.884s] Level 1:colcon.colcon_core.package_identification:_identify(src/src/examples/rclcpp/actions/minimal_action_client) by extension 'ignore_ament_install'
[0.884s] Level 1:colcon.colcon_core.package_identification:_identify(src/src/examples/rclcpp/actions/minimal_action_client) by extensions ['colcon_pkg']
[0.884s] Level 1:colcon.colcon_core.package_identification:_identify(src/src/examples/rclcpp/actions/minimal_action_client) by extension 'colcon_pkg'
[0.884s] Level 1:colcon.colcon_core.package_identification:_identify(src/src/examples/rclcpp/actions/minimal_action_client) by extensions ['colcon_meta']
[0.884s] Level 1:colcon.colcon_core.package_identification:_identify(src/src/examples/rclcpp/actions/minimal_action_client) by extension 'colcon_meta'
[0.885s] Level 1:colcon.colcon_core.package_identification:_identify(src/src/examples/rclcpp/actions/minimal_action_client) by extensions ['ros']
[0.885s] Level 1:colcon.colcon_core.package_identification:_identify(src/src/examples/rclcpp/actions/minimal_action_client) by extension 'ros'
[0.885s] DEBUG:colcon.colcon_core.package_identification:Package 'src/src/examples/rclcpp/actions/minimal_action_client' with type 'ros.ament_cmake' and name 'examples_rclcpp_minimal_action_client'
[0.886s] Level 1:colcon.colcon_core.package_identification:_identify(src/src/examples/rclcpp/actions/minimal_action_server) by extensions ['ignore', 'ignore_ament_install']
[0.886s] Level 1:colcon.colcon_core.package_identification:_identify(src/src/examples/rclcpp/actions/minimal_action_server) by extension 'ignore'
[0.886s] Level 1:colcon.colcon_core.package_identification:_identify(src/src/examples/rclcpp/actions/minimal_action_server) by extension 'ignore_ament_install'
[0.886s] Level 1:colcon.colcon_core.package_identification:_identify(src/src/examples/rclcpp/actions/minimal_action_server) by extensions ['colcon_pkg']
[0.886s] Level 1:colcon.colcon_core.package_identification:_identify(src/src/examples/rclcpp/actions/minimal_action_server) by extension 'colcon_pkg'
[0.886s] Level 1:colcon.colcon_core.package_identification:_identify(src/src/examples/rclcpp/actions/minimal_action_server) by extensions ['colcon_meta']
[0.886s] Level 1:colcon.colcon_core.package_identification:_identify(src/src/examples/rclcpp/actions/minimal_action_server) by extension 'colcon_meta'
[0.886s] Level 1:colcon.colcon_core.package_identification:_identify(src/src/examples/rclcpp/actions/minimal_action_server) by extensions ['ros']
[0.886s] Level 1:colcon.colcon_core.package_identification:_identify(src/src/examples/rclcpp/actions/minimal_action_server) by extension 'ros'
[0.887s] DEBUG:colcon.colcon_core.package_identification:Package 'src/src/examples/rclcpp/actions/minimal_action_server' with type 'ros.ament_cmake' and name 'examples_rclcpp_minimal_action_server'
[0.887s] Level 1:colcon.colcon_core.package_identification:_identify(src/src/examples/rclcpp/composition) by extensions ['ignore', 'ignore_ament_install']
[0.887s] Level 1:colcon.colcon_core.package_identification:_identify(src/src/examples/rclcpp/composition) by extension 'ignore'
[0.887s] Level 1:colcon.colcon_core.package_identification:_identify(src/src/examples/rclcpp/composition) by extension 'ignore_ament_install'
[0.887s] Level 1:colcon.colcon_core.package_identification:_identify(src/src/examples/rclcpp/composition) by extensions ['colcon_pkg']
[0.887s] Level 1:colcon.colcon_core.package_identification:_identify(src/src/examples/rclcpp/composition) by extension 'colcon_pkg'
[0.887s] Level 1:colcon.colcon_core.package_identification:_identify(src/src/examples/rclcpp/composition) by extensions ['colcon_meta']
[0.887s] Level 1:colcon.colcon_core.package_identification:_identify(src/src/examples/rclcpp/composition) by extension 'colcon_meta'
[0.887s] Level 1:colcon.colcon_core.package_identification:_identify(src/src/examples/rclcpp/composition) by extensions ['ros']
[0.887s] Level 1:colcon.colcon_core.package_identification:_identify(src/src/examples/rclcpp/composition) by extension 'ros'
[0.888s] Level 1:colcon.colcon_core.package_identification:_identify(src/src/examples/rclcpp/composition) by extensions ['cmake', 'python']
[0.888s] Level 1:colcon.colcon_core.package_identification:_identify(src/src/examples/rclcpp/composition) by extension 'cmake'
[0.888s] Level 1:colcon.colcon_core.package_identification:_identify(src/src/examples/rclcpp/composition) by extension 'python'
[0.888s] Level 1:colcon.colcon_core.package_identification:_identify(src/src/examples/rclcpp/composition) by extensions ['python_setup_py']
[0.888s] Level 1:colcon.colcon_core.package_identification:_identify(src/src/examples/rclcpp/composition) by extension 'python_setup_py'
[0.888s] Level 1:colcon.colcon_core.package_identification:_identify(src/src/examples/rclcpp/composition/minimal_composition) by extensions ['ignore', 'ignore_ament_install']
[0.888s] Level 1:colcon.colcon_core.package_identification:_identify(src/src/examples/rclcpp/composition/minimal_composition) by extension 'ignore'
[0.888s] Level 1:colcon.colcon_core.package_identification:_identify(src/src/examples/rclcpp/composition/minimal_composition) by extension 'ignore_ament_install'
[0.888s] Level 1:colcon.colcon_core.package_identification:_identify(src/src/examples/rclcpp/composition/minimal_composition) by extensions ['colcon_pkg']
[0.888s] Level 1:colcon.colcon_core.package_identification:_identify(src/src/examples/rclcpp/composition/minimal_composition) by extension 'colcon_pkg'
[0.888s] Level 1:colcon.colcon_core.package_identification:_identify(src/src/examples/rclcpp/composition/minimal_composition) by extensions ['colcon_meta']
[0.888s] Level 1:colcon.colcon_core.package_identification:_identify(src/src/examples/rclcpp/composition/minimal_composition) by extension 'colcon_meta'
[0.888s] Level 1:colcon.colcon_core.package_identification:_identify(src/src/examples/rclcpp/composition/minimal_composition) by extensions ['ros']
[0.888s] Level 1:colcon.colcon_core.package_identification:_identify(src/src/examples/rclcpp/composition/minimal_composition) by extension 'ros'
[0.889s] DEBUG:colcon.colcon_core.package_identification:Package 'src/src/examples/rclcpp/composition/minimal_composition' with type 'ros.ament_cmake' and name 'examples_rclcpp_minimal_composition'
[0.889s] Level 1:colcon.colcon_core.package_identification:_identify(src/src/examples/rclcpp/executors) by extensions ['ignore', 'ignore_ament_install']
[0.889s] Level 1:colcon.colcon_core.package_identification:_identify(src/src/examples/rclcpp/executors) by extension 'ignore'
[0.890s] Level 1:colcon.colcon_core.package_identification:_identify(src/src/examples/rclcpp/executors) by extension 'ignore_ament_install'
[0.890s] Level 1:colcon.colcon_core.package_identification:_identify(src/src/examples/rclcpp/executors) by extensions ['colcon_pkg']
[0.890s] Level 1:colcon.colcon_core.package_identification:_identify(src/src/examples/rclcpp/executors) by extension 'colcon_pkg'
[0.890s] Level 1:colcon.colcon_core.package_identification:_identify(src/src/examples/rclcpp/executors) by extensions ['colcon_meta']
[0.890s] Level 1:colcon.colcon_core.package_identification:_identify(src/src/examples/rclcpp/executors) by extension 'colcon_meta'
[0.890s] Level 1:colcon.colcon_core.package_identification:_identify(src/src/examples/rclcpp/executors) by extensions ['ros']
[0.890s] Level 1:colcon.colcon_core.package_identification:_identify(src/src/examples/rclcpp/executors) by extension 'ros'
[0.890s] Level 1:colcon.colcon_core.package_identification:_identify(src/src/examples/rclcpp/executors) by extensions ['cmake', 'python']
[0.890s] Level 1:colcon.colcon_core.package_identification:_identify(src/src/examples/rclcpp/executors) by extension 'cmake'
[0.890s] Level 1:colcon.colcon_core.package_identification:_identify(src/src/examples/rclcpp/executors) by extension 'python'
[0.890s] Level 1:colcon.colcon_core.package_identification:_identify(src/src/examples/rclcpp/executors) by extensions ['python_setup_py']
[0.890s] Level 1:colcon.colcon_core.package_identification:_identify(src/src/examples/rclcpp/executors) by extension 'python_setup_py'
[0.890s] Level 1:colcon.colcon_core.package_identification:_identify(src/src/examples/rclcpp/executors/cbg_executor) by extensions ['ignore', 'ignore_ament_install']
[0.890s] Level 1:colcon.colcon_core.package_identification:_identify(src/src/examples/rclcpp/executors/cbg_executor) by extension 'ignore'
[0.890s] Level 1:colcon.colcon_core.package_identification:_identify(src/src/examples/rclcpp/executors/cbg_executor) by extension 'ignore_ament_install'
[0.891s] Level 1:colcon.colcon_core.package_identification:_identify(src/src/examples/rclcpp/executors/cbg_executor) by extensions ['colcon_pkg']
[0.891s] Level 1:colcon.colcon_core.package_identification:_identify(src/src/examples/rclcpp/executors/cbg_executor) by extension 'colcon_pkg'
[0.891s] Level 1:colcon.colcon_core.package_identification:_identify(src/src/examples/rclcpp/executors/cbg_executor) by extensions ['colcon_meta']
[0.891s] Level 1:colcon.colcon_core.package_identification:_identify(src/src/examples/rclcpp/executors/cbg_executor) by extension 'colcon_meta'
[0.891s] Level 1:colcon.colcon_core.package_identification:_identify(src/src/examples/rclcpp/executors/cbg_executor) by extensions ['ros']
[0.891s] Level 1:colcon.colcon_core.package_identification:_identify(src/src/examples/rclcpp/executors/cbg_executor) by extension 'ros'
[0.891s] DEBUG:colcon.colcon_core.package_identification:Package 'src/src/examples/rclcpp/executors/cbg_executor' with type 'ros.ament_cmake' and name 'examples_rclcpp_cbg_executor'
[0.892s] Level 1:colcon.colcon_core.package_identification:_identify(src/src/examples/rclcpp/executors/multithreaded_executor) by extensions ['ignore', 'ignore_ament_install']
[0.892s] Level 1:colcon.colcon_core.package_identification:_identify(src/src/examples/rclcpp/executors/multithreaded_executor) by extension 'ignore'
[0.892s] Level 1:colcon.colcon_core.package_identification:_identify(src/src/examples/rclcpp/executors/multithreaded_executor) by extension 'ignore_ament_install'
[0.892s] Level 1:colcon.colcon_core.package_identification:_identify(src/src/examples/rclcpp/executors/multithreaded_executor) by extensions ['colcon_pkg']
[0.892s] Level 1:colcon.colcon_core.package_identification:_identify(src/src/examples/rclcpp/executors/multithreaded_executor) by extension 'colcon_pkg'
[0.892s] Level 1:colcon.colcon_core.package_identification:_identify(src/src/examples/rclcpp/executors/multithreaded_executor) by extensions ['colcon_meta']
[0.892s] Level 1:colcon.colcon_core.package_identification:_identify(src/src/examples/rclcpp/executors/multithreaded_executor) by extension 'colcon_meta'
[0.892s] Level 1:colcon.colcon_core.package_identification:_identify(src/src/examples/rclcpp/executors/multithreaded_executor) by extensions ['ros']
[0.892s] Level 1:colcon.colcon_core.package_identification:_identify(src/src/examples/rclcpp/executors/multithreaded_executor) by extension 'ros'
[0.893s] DEBUG:colcon.colcon_core.package_identification:Package 'src/src/examples/rclcpp/executors/multithreaded_executor' with type 'ros.ament_cmake' and name 'examples_rclcpp_multithreaded_executor'
[0.893s] Level 1:colcon.colcon_core.package_identification:_identify(src/src/examples/rclcpp/services) by extensions ['ignore', 'ignore_ament_install']
[0.893s] Level 1:colcon.colcon_core.package_identification:_identify(src/src/examples/rclcpp/services) by extension 'ignore'
[0.893s] Level 1:colcon.colcon_core.package_identification:_identify(src/src/examples/rclcpp/services) by extension 'ignore_ament_install'
[0.893s] Level 1:colcon.colcon_core.package_identification:_identify(src/src/examples/rclcpp/services) by extensions ['colcon_pkg']
[0.893s] Level 1:colcon.colcon_core.package_identification:_identify(src/src/examples/rclcpp/services) by extension 'colcon_pkg'
[0.893s] Level 1:colcon.colcon_core.package_identification:_identify(src/src/examples/rclcpp/services) by extensions ['colcon_meta']
[0.893s] Level 1:colcon.colcon_core.package_identification:_identify(src/src/examples/rclcpp/services) by extension 'colcon_meta'
[0.893s] Level 1:colcon.colcon_core.package_identification:_identify(src/src/examples/rclcpp/services) by extensions ['ros']
[0.893s] Level 1:colcon.colcon_core.package_identification:_identify(src/src/examples/rclcpp/services) by extension 'ros'
[0.893s] Level 1:colcon.colcon_core.package_identification:_identify(src/src/examples/rclcpp/services) by extensions ['cmake', 'python']
[0.893s] Level 1:colcon.colcon_core.package_identification:_identify(src/src/examples/rclcpp/services) by extension 'cmake'
[0.893s] Level 1:colcon.colcon_core.package_identification:_identify(src/src/examples/rclcpp/services) by extension 'python'
[0.893s] Level 1:colcon.colcon_core.package_identification:_identify(src/src/examples/rclcpp/services) by extensions ['python_setup_py']
[0.893s] Level 1:colcon.colcon_core.package_identification:_identify(src/src/examples/rclcpp/services) by extension 'python_setup_py'
[0.894s] Level 1:colcon.colcon_core.package_identification:_identify(src/src/examples/rclcpp/services/async_client) by extensions ['ignore', 'ignore_ament_install']
[0.894s] Level 1:colcon.colcon_core.package_identification:_identify(src/src/examples/rclcpp/services/async_client) by extension 'ignore'
[0.894s] Level 1:colcon.colcon_core.package_identification:_identify(src/src/examples/rclcpp/services/async_client) by extension 'ignore_ament_install'
[0.894s] Level 1:colcon.colcon_core.package_identification:_identify(src/src/examples/rclcpp/services/async_client) by extensions ['colcon_pkg']
[0.894s] Level 1:colcon.colcon_core.package_identification:_identify(src/src/examples/rclcpp/services/async_client) by extension 'colcon_pkg'
[0.894s] Level 1:colcon.colcon_core.package_identification:_identify(src/src/examples/rclcpp/services/async_client) by extensions ['colcon_meta']
[0.894s] Level 1:colcon.colcon_core.package_identification:_identify(src/src/examples/rclcpp/services/async_client) by extension 'colcon_meta'
[0.894s] Level 1:colcon.colcon_core.package_identification:_identify(src/src/examples/rclcpp/services/async_client) by extensions ['ros']
[0.894s] Level 1:colcon.colcon_core.package_identification:_identify(src/src/examples/rclcpp/services/async_client) by extension 'ros'
[0.895s] DEBUG:colcon.colcon_core.package_identification:Package 'src/src/examples/rclcpp/services/async_client' with type 'ros.ament_cmake' and name 'examples_rclcpp_async_client'
[0.895s] Level 1:colcon.colcon_core.package_identification:_identify(src/src/examples/rclcpp/services/minimal_client) by extensions ['ignore', 'ignore_ament_install']
[0.895s] Level 1:colcon.colcon_core.package_identification:_identify(src/src/examples/rclcpp/services/minimal_client) by extension 'ignore'
[0.895s] Level 1:colcon.colcon_core.package_identification:_identify(src/src/examples/rclcpp/services/minimal_client) by extension 'ignore_ament_install'
[0.895s] Level 1:colcon.colcon_core.package_identification:_identify(src/src/examples/rclcpp/services/minimal_client) by extensions ['colcon_pkg']
[0.895s] Level 1:colcon.colcon_core.package_identification:_identify(src/src/examples/rclcpp/services/minimal_client) by extension 'colcon_pkg'
[0.895s] Level 1:colcon.colcon_core.package_identification:_identify(src/src/examples/rclcpp/services/minimal_client) by extensions ['colcon_meta']
[0.895s] Level 1:colcon.colcon_core.package_identification:_identify(src/src/examples/rclcpp/services/minimal_client) by extension 'colcon_meta'
[0.895s] Level 1:colcon.colcon_core.package_identification:_identify(src/src/examples/rclcpp/services/minimal_client) by extensions ['ros']
[0.895s] Level 1:colcon.colcon_core.package_identification:_identify(src/src/examples/rclcpp/services/minimal_client) by extension 'ros'
[0.896s] DEBUG:colcon.colcon_core.package_identification:Package 'src/src/examples/rclcpp/services/minimal_client' with type 'ros.ament_cmake' and name 'examples_rclcpp_minimal_client'
[0.896s] Level 1:colcon.colcon_core.package_identification:_identify(src/src/examples/rclcpp/services/minimal_service) by extensions ['ignore', 'ignore_ament_install']
[0.896s] Level 1:colcon.colcon_core.package_identification:_identify(src/src/examples/rclcpp/services/minimal_service) by extension 'ignore'
[0.896s] Level 1:colcon.colcon_core.package_identification:_identify(src/src/examples/rclcpp/services/minimal_service) by extension 'ignore_ament_install'
[0.896s] Level 1:colcon.colcon_core.package_identification:_identify(src/src/examples/rclcpp/services/minimal_service) by extensions ['colcon_pkg']
[0.896s] Level 1:colcon.colcon_core.package_identification:_identify(src/src/examples/rclcpp/services/minimal_service) by extension 'colcon_pkg'
[0.896s] Level 1:colcon.colcon_core.package_identification:_identify(src/src/examples/rclcpp/services/minimal_service) by extensions ['colcon_meta']
[0.896s] Level 1:colcon.colcon_core.package_identification:_identify(src/src/examples/rclcpp/services/minimal_service) by extension 'colcon_meta'
[0.896s] Level 1:colcon.colcon_core.package_identification:_identify(src/src/examples/rclcpp/services/minimal_service) by extensions ['ros']
[0.896s] Level 1:colcon.colcon_core.package_identification:_identify(src/src/examples/rclcpp/services/minimal_service) by extension 'ros'
[0.897s] DEBUG:colcon.colcon_core.package_identification:Package 'src/src/examples/rclcpp/services/minimal_service' with type 'ros.ament_cmake' and name 'examples_rclcpp_minimal_service'
[0.897s] Level 1:colcon.colcon_core.package_identification:_identify(src/src/examples/rclcpp/timers) by extensions ['ignore', 'ignore_ament_install']
[0.897s] Level 1:colcon.colcon_core.package_identification:_identify(src/src/examples/rclcpp/timers) by extension 'ignore'
[0.897s] Level 1:colcon.colcon_core.package_identification:_identify(src/src/examples/rclcpp/timers) by extension 'ignore_ament_install'
[0.897s] Level 1:colcon.colcon_core.package_identification:_identify(src/src/examples/rclcpp/timers) by extensions ['colcon_pkg']
[0.897s] Level 1:colcon.colcon_core.package_identification:_identify(src/src/examples/rclcpp/timers) by extension 'colcon_pkg'
[0.897s] Level 1:colcon.colcon_core.package_identification:_identify(src/src/examples/rclcpp/timers) by extensions ['colcon_meta']
[0.897s] Level 1:colcon.colcon_core.package_identification:_identify(src/src/examples/rclcpp/timers) by extension 'colcon_meta'
[0.897s] Level 1:colcon.colcon_core.package_identification:_identify(src/src/examples/rclcpp/timers) by extensions ['ros']
[0.897s] Level 1:colcon.colcon_core.package_identification:_identify(src/src/examples/rclcpp/timers) by extension 'ros'
[0.897s] Level 1:colcon.colcon_core.package_identification:_identify(src/src/examples/rclcpp/timers) by extensions ['cmake', 'python']
[0.898s] Level 1:colcon.colcon_core.package_identification:_identify(src/src/examples/rclcpp/timers) by extension 'cmake'
[0.898s] Level 1:colcon.colcon_core.package_identification:_identify(src/src/examples/rclcpp/timers) by extension 'python'
[0.898s] Level 1:colcon.colcon_core.package_identification:_identify(src/src/examples/rclcpp/timers) by extensions ['python_setup_py']
[0.898s] Level 1:colcon.colcon_core.package_identification:_identify(src/src/examples/rclcpp/timers) by extension 'python_setup_py'
[0.898s] Level 1:colcon.colcon_core.package_identification:_identify(src/src/examples/rclcpp/timers/minimal_timer) by extensions ['ignore', 'ignore_ament_install']
[0.898s] Level 1:colcon.colcon_core.package_identification:_identify(src/src/examples/rclcpp/timers/minimal_timer) by extension 'ignore'
[0.898s] Level 1:colcon.colcon_core.package_identification:_identify(src/src/examples/rclcpp/timers/minimal_timer) by extension 'ignore_ament_install'
[0.898s] Level 1:colcon.colcon_core.package_identification:_identify(src/src/examples/rclcpp/timers/minimal_timer) by extensions ['colcon_pkg']
[0.898s] Level 1:colcon.colcon_core.package_identification:_identify(src/src/examples/rclcpp/timers/minimal_timer) by extension 'colcon_pkg'
[0.898s] Level 1:colcon.colcon_core.package_identification:_identify(src/src/examples/rclcpp/timers/minimal_timer) by extensions ['colcon_meta']
[0.898s] Level 1:colcon.colcon_core.package_identification:_identify(src/src/examples/rclcpp/timers/minimal_timer) by extension 'colcon_meta'
[0.898s] Level 1:colcon.colcon_core.package_identification:_identify(src/src/examples/rclcpp/timers/minimal_timer) by extensions ['ros']
[0.898s] Level 1:colcon.colcon_core.package_identification:_identify(src/src/examples/rclcpp/timers/minimal_timer) by extension 'ros'
[0.899s] DEBUG:colcon.colcon_core.package_identification:Package 'src/src/examples/rclcpp/timers/minimal_timer' with type 'ros.ament_cmake' and name 'examples_rclcpp_minimal_timer'
[0.899s] Level 1:colcon.colcon_core.package_identification:_identify(src/src/examples/rclcpp/topics) by extensions ['ignore', 'ignore_ament_install']
[0.899s] Level 1:colcon.colcon_core.package_identification:_identify(src/src/examples/rclcpp/topics) by extension 'ignore'
[0.899s] Level 1:colcon.colcon_core.package_identification:_identify(src/src/examples/rclcpp/topics) by extension 'ignore_ament_install'
[0.899s] Level 1:colcon.colcon_core.package_identification:_identify(src/src/examples/rclcpp/topics) by extensions ['colcon_pkg']
[0.899s] Level 1:colcon.colcon_core.package_identification:_identify(src/src/examples/rclcpp/topics) by extension 'colcon_pkg'
[0.899s] Level 1:colcon.colcon_core.package_identification:_identify(src/src/examples/rclcpp/topics) by extensions ['colcon_meta']
[0.899s] Level 1:colcon.colcon_core.package_identification:_identify(src/src/examples/rclcpp/topics) by extension 'colcon_meta'
[0.899s] Level 1:colcon.colcon_core.package_identification:_identify(src/src/examples/rclcpp/topics) by extensions ['ros']
[0.899s] Level 1:colcon.colcon_core.package_identification:_identify(src/src/examples/rclcpp/topics) by extension 'ros'
[0.900s] Level 1:colcon.colcon_core.package_identification:_identify(src/src/examples/rclcpp/topics) by extensions ['cmake', 'python']
[0.900s] Level 1:colcon.colcon_core.package_identification:_identify(src/src/examples/rclcpp/topics) by extension 'cmake'
[0.900s] Level 1:colcon.colcon_core.package_identification:_identify(src/src/examples/rclcpp/topics) by extension 'python'
[0.900s] Level 1:colcon.colcon_core.package_identification:_identify(src/src/examples/rclcpp/topics) by extensions ['python_setup_py']
[0.900s] Level 1:colcon.colcon_core.package_identification:_identify(src/src/examples/rclcpp/topics) by extension 'python_setup_py'
[0.900s] Level 1:colcon.colcon_core.package_identification:_identify(src/src/examples/rclcpp/topics/minimal_publisher) by extensions ['ignore', 'ignore_ament_install']
[0.900s] Level 1:colcon.colcon_core.package_identification:_identify(src/src/examples/rclcpp/topics/minimal_publisher) by extension 'ignore'
[0.900s] Level 1:colcon.colcon_core.package_identification:_identify(src/src/examples/rclcpp/topics/minimal_publisher) by extension 'ignore_ament_install'
[0.900s] Level 1:colcon.colcon_core.package_identification:_identify(src/src/examples/rclcpp/topics/minimal_publisher) by extensions ['colcon_pkg']
[0.900s] Level 1:colcon.colcon_core.package_identification:_identify(src/src/examples/rclcpp/topics/minimal_publisher) by extension 'colcon_pkg'
[0.900s] Level 1:colcon.colcon_core.package_identification:_identify(src/src/examples/rclcpp/topics/minimal_publisher) by extensions ['colcon_meta']
[0.900s] Level 1:colcon.colcon_core.package_identification:_identify(src/src/examples/rclcpp/topics/minimal_publisher) by extension 'colcon_meta'
[0.900s] Level 1:colcon.colcon_core.package_identification:_identify(src/src/examples/rclcpp/topics/minimal_publisher) by extensions ['ros']
[0.900s] Level 1:colcon.colcon_core.package_identification:_identify(src/src/examples/rclcpp/topics/minimal_publisher) by extension 'ros'
[0.901s] DEBUG:colcon.colcon_core.package_identification:Package 'src/src/examples/rclcpp/topics/minimal_publisher' with type 'ros.ament_cmake' and name 'examples_rclcpp_minimal_publisher'
[0.901s] Level 1:colcon.colcon_core.package_identification:_identify(src/src/examples/rclcpp/topics/minimal_subscriber) by extensions ['ignore', 'ignore_ament_install']
[0.902s] Level 1:colcon.colcon_core.package_identification:_identify(src/src/examples/rclcpp/topics/minimal_subscriber) by extension 'ignore'
[0.902s] Level 1:colcon.colcon_core.package_identification:_identify(src/src/examples/rclcpp/topics/minimal_subscriber) by extension 'ignore_ament_install'
[0.902s] Level 1:colcon.colcon_core.package_identification:_identify(src/src/examples/rclcpp/topics/minimal_subscriber) by extensions ['colcon_pkg']
[0.902s] Level 1:colcon.colcon_core.package_identification:_identify(src/src/examples/rclcpp/topics/minimal_subscriber) by extension 'colcon_pkg'
[0.902s] Level 1:colcon.colcon_core.package_identification:_identify(src/src/examples/rclcpp/topics/minimal_subscriber) by extensions ['colcon_meta']
[0.902s] Level 1:colcon.colcon_core.package_identification:_identify(src/src/examples/rclcpp/topics/minimal_subscriber) by extension 'colcon_meta'
[0.902s] Level 1:colcon.colcon_core.package_identification:_identify(src/src/examples/rclcpp/topics/minimal_subscriber) by extensions ['ros']
[0.902s] Level 1:colcon.colcon_core.package_identification:_identify(src/src/examples/rclcpp/topics/minimal_subscriber) by extension 'ros'
[0.903s] DEBUG:colcon.colcon_core.package_identification:Package 'src/src/examples/rclcpp/topics/minimal_subscriber' with type 'ros.ament_cmake' and name 'examples_rclcpp_minimal_subscriber'
[0.903s] Level 1:colcon.colcon_core.package_identification:_identify(src/src/examples/rclcpp/wait_set) by extensions ['ignore', 'ignore_ament_install']
[0.903s] Level 1:colcon.colcon_core.package_identification:_identify(src/src/examples/rclcpp/wait_set) by extension 'ignore'
[0.903s] Level 1:colcon.colcon_core.package_identification:_identify(src/src/examples/rclcpp/wait_set) by extension 'ignore_ament_install'
[0.903s] Level 1:colcon.colcon_core.package_identification:_identify(src/src/examples/rclcpp/wait_set) by extensions ['colcon_pkg']
[0.903s] Level 1:colcon.colcon_core.package_identification:_identify(src/src/examples/rclcpp/wait_set) by extension 'colcon_pkg'
[0.903s] Level 1:colcon.colcon_core.package_identification:_identify(src/src/examples/rclcpp/wait_set) by extensions ['colcon_meta']
[0.903s] Level 1:colcon.colcon_core.package_identification:_identify(src/src/examples/rclcpp/wait_set) by extension 'colcon_meta'
[0.903s] Level 1:colcon.colcon_core.package_identification:_identify(src/src/examples/rclcpp/wait_set) by extensions ['ros']
[0.903s] Level 1:colcon.colcon_core.package_identification:_identify(src/src/examples/rclcpp/wait_set) by extension 'ros'
[0.904s] DEBUG:colcon.colcon_core.package_identification:Package 'src/src/examples/rclcpp/wait_set' with type 'ros.ament_cmake' and name 'examples_rclcpp_wait_set'
[0.904s] Level 1:colcon.colcon_core.package_identification:_identify(src/src/examples/rclpy) by extensions ['ignore', 'ignore_ament_install']
[0.905s] Level 1:colcon.colcon_core.package_identification:_identify(src/src/examples/rclpy) by extension 'ignore'
[0.905s] Level 1:colcon.colcon_core.package_identification:_identify(src/src/examples/rclpy) by extension 'ignore_ament_install'
[0.905s] Level 1:colcon.colcon_core.package_identification:_identify(src/src/examples/rclpy) by extensions ['colcon_pkg']
[0.905s] Level 1:colcon.colcon_core.package_identification:_identify(src/src/examples/rclpy) by extension 'colcon_pkg'
[0.905s] Level 1:colcon.colcon_core.package_identification:_identify(src/src/examples/rclpy) by extensions ['colcon_meta']
[0.905s] Level 1:colcon.colcon_core.package_identification:_identify(src/src/examples/rclpy) by extension 'colcon_meta'
[0.905s] Level 1:colcon.colcon_core.package_identification:_identify(src/src/examples/rclpy) by extensions ['ros']
[0.905s] Level 1:colcon.colcon_core.package_identification:_identify(src/src/examples/rclpy) by extension 'ros'
[0.905s] Level 1:colcon.colcon_core.package_identification:_identify(src/src/examples/rclpy) by extensions ['cmake', 'python']
[0.905s] Level 1:colcon.colcon_core.package_identification:_identify(src/src/examples/rclpy) by extension 'cmake'
[0.905s] Level 1:colcon.colcon_core.package_identification:_identify(src/src/examples/rclpy) by extension 'python'
[0.905s] Level 1:colcon.colcon_core.package_identification:_identify(src/src/examples/rclpy) by extensions ['python_setup_py']
[0.905s] Level 1:colcon.colcon_core.package_identification:_identify(src/src/examples/rclpy) by extension 'python_setup_py'
[0.905s] Level 1:colcon.colcon_core.package_identification:_identify(src/src/examples/rclpy/actions) by extensions ['ignore', 'ignore_ament_install']
[0.906s] Level 1:colcon.colcon_core.package_identification:_identify(src/src/examples/rclpy/actions) by extension 'ignore'
[0.906s] Level 1:colcon.colcon_core.package_identification:_identify(src/src/examples/rclpy/actions) by extension 'ignore_ament_install'
[0.906s] Level 1:colcon.colcon_core.package_identification:_identify(src/src/examples/rclpy/actions) by extensions ['colcon_pkg']
[0.906s] Level 1:colcon.colcon_core.package_identification:_identify(src/src/examples/rclpy/actions) by extension 'colcon_pkg'
[0.906s] Level 1:colcon.colcon_core.package_identification:_identify(src/src/examples/rclpy/actions) by extensions ['colcon_meta']
[0.906s] Level 1:colcon.colcon_core.package_identification:_identify(src/src/examples/rclpy/actions) by extension 'colcon_meta'
[0.906s] Level 1:colcon.colcon_core.package_identification:_identify(src/src/examples/rclpy/actions) by extensions ['ros']
[0.906s] Level 1:colcon.colcon_core.package_identification:_identify(src/src/examples/rclpy/actions) by extension 'ros'
[0.906s] Level 1:colcon.colcon_core.package_identification:_identify(src/src/examples/rclpy/actions) by extensions ['cmake', 'python']
[0.906s] Level 1:colcon.colcon_core.package_identification:_identify(src/src/examples/rclpy/actions) by extension 'cmake'
[0.906s] Level 1:colcon.colcon_core.package_identification:_identify(src/src/examples/rclpy/actions) by extension 'python'
[0.906s] Level 1:colcon.colcon_core.package_identification:_identify(src/src/examples/rclpy/actions) by extensions ['python_setup_py']
[0.906s] Level 1:colcon.colcon_core.package_identification:_identify(src/src/examples/rclpy/actions) by extension 'python_setup_py'
[0.906s] Level 1:colcon.colcon_core.package_identification:_identify(src/src/examples/rclpy/actions/minimal_action_client) by extensions ['ignore', 'ignore_ament_install']
[0.906s] Level 1:colcon.colcon_core.package_identification:_identify(src/src/examples/rclpy/actions/minimal_action_client) by extension 'ignore'
[0.906s] Level 1:colcon.colcon_core.package_identification:_identify(src/src/examples/rclpy/actions/minimal_action_client) by extension 'ignore_ament_install'
[0.906s] Level 1:colcon.colcon_core.package_identification:_identify(src/src/examples/rclpy/actions/minimal_action_client) by extensions ['colcon_pkg']
[0.906s] Level 1:colcon.colcon_core.package_identification:_identify(src/src/examples/rclpy/actions/minimal_action_client) by extension 'colcon_pkg'
[0.906s] Level 1:colcon.colcon_core.package_identification:_identify(src/src/examples/rclpy/actions/minimal_action_client) by extensions ['colcon_meta']
[0.907s] Level 1:colcon.colcon_core.package_identification:_identify(src/src/examples/rclpy/actions/minimal_action_client) by extension 'colcon_meta'
[0.907s] Level 1:colcon.colcon_core.package_identification:_identify(src/src/examples/rclpy/actions/minimal_action_client) by extensions ['ros']
[0.907s] Level 1:colcon.colcon_core.package_identification:_identify(src/src/examples/rclpy/actions/minimal_action_client) by extension 'ros'
[0.908s] DEBUG:colcon.colcon_core.package_identification:Package 'src/src/examples/rclpy/actions/minimal_action_client' with type 'ros.ament_python' and name 'examples_rclpy_minimal_action_client'
[0.908s] Level 1:colcon.colcon_core.package_identification:_identify(src/src/examples/rclpy/actions/minimal_action_server) by extensions ['ignore', 'ignore_ament_install']
[0.908s] Level 1:colcon.colcon_core.package_identification:_identify(src/src/examples/rclpy/actions/minimal_action_server) by extension 'ignore'
[0.908s] Level 1:colcon.colcon_core.package_identification:_identify(src/src/examples/rclpy/actions/minimal_action_server) by extension 'ignore_ament_install'
[0.908s] Level 1:colcon.colcon_core.package_identification:_identify(src/src/examples/rclpy/actions/minimal_action_server) by extensions ['colcon_pkg']
[0.908s] Level 1:colcon.colcon_core.package_identification:_identify(src/src/examples/rclpy/actions/minimal_action_server) by extension 'colcon_pkg'
[0.908s] Level 1:colcon.colcon_core.package_identification:_identify(src/src/examples/rclpy/actions/minimal_action_server) by extensions ['colcon_meta']
[0.908s] Level 1:colcon.colcon_core.package_identification:_identify(src/src/examples/rclpy/actions/minimal_action_server) by extension 'colcon_meta'
[0.908s] Level 1:colcon.colcon_core.package_identification:_identify(src/src/examples/rclpy/actions/minimal_action_server) by extensions ['ros']
[0.908s] Level 1:colcon.colcon_core.package_identification:_identify(src/src/examples/rclpy/actions/minimal_action_server) by extension 'ros'
[0.909s] DEBUG:colcon.colcon_core.package_identification:Package 'src/src/examples/rclpy/actions/minimal_action_server' with type 'ros.ament_python' and name 'examples_rclpy_minimal_action_server'
[0.910s] Level 1:colcon.colcon_core.package_identification:_identify(src/src/examples/rclpy/executors) by extensions ['ignore', 'ignore_ament_install']
[0.910s] Level 1:colcon.colcon_core.package_identification:_identify(src/src/examples/rclpy/executors) by extension 'ignore'
[0.910s] Level 1:colcon.colcon_core.package_identification:_identify(src/src/examples/rclpy/executors) by extension 'ignore_ament_install'
[0.910s] Level 1:colcon.colcon_core.package_identification:_identify(src/src/examples/rclpy/executors) by extensions ['colcon_pkg']
[0.910s] Level 1:colcon.colcon_core.package_identification:_identify(src/src/examples/rclpy/executors) by extension 'colcon_pkg'
[0.910s] Level 1:colcon.colcon_core.package_identification:_identify(src/src/examples/rclpy/executors) by extensions ['colcon_meta']
[0.910s] Level 1:colcon.colcon_core.package_identification:_identify(src/src/examples/rclpy/executors) by extension 'colcon_meta'
[0.910s] Level 1:colcon.colcon_core.package_identification:_identify(src/src/examples/rclpy/executors) by extensions ['ros']
[0.910s] Level 1:colcon.colcon_core.package_identification:_identify(src/src/examples/rclpy/executors) by extension 'ros'
[0.911s] DEBUG:colcon.colcon_core.package_identification:Package 'src/src/examples/rclpy/executors' with type 'ros.ament_python' and name 'examples_rclpy_executors'
[0.911s] Level 1:colcon.colcon_core.package_identification:_identify(src/src/examples/rclpy/guard_conditions) by extensions ['ignore', 'ignore_ament_install']
[0.911s] Level 1:colcon.colcon_core.package_identification:_identify(src/src/examples/rclpy/guard_conditions) by extension 'ignore'
[0.911s] Level 1:colcon.colcon_core.package_identification:_identify(src/src/examples/rclpy/guard_conditions) by extension 'ignore_ament_install'
[0.911s] Level 1:colcon.colcon_core.package_identification:_identify(src/src/examples/rclpy/guard_conditions) by extensions ['colcon_pkg']
[0.911s] Level 1:colcon.colcon_core.package_identification:_identify(src/src/examples/rclpy/guard_conditions) by extension 'colcon_pkg'
[0.911s] Level 1:colcon.colcon_core.package_identification:_identify(src/src/examples/rclpy/guard_conditions) by extensions ['colcon_meta']
[0.911s] Level 1:colcon.colcon_core.package_identification:_identify(src/src/examples/rclpy/guard_conditions) by extension 'colcon_meta'
[0.911s] Level 1:colcon.colcon_core.package_identification:_identify(src/src/examples/rclpy/guard_conditions) by extensions ['ros']
[0.912s] Level 1:colcon.colcon_core.package_identification:_identify(src/src/examples/rclpy/guard_conditions) by extension 'ros'
[0.912s] DEBUG:colcon.colcon_core.package_identification:Package 'src/src/examples/rclpy/guard_conditions' with type 'ros.ament_python' and name 'examples_rclpy_guard_conditions'
[0.913s] Level 1:colcon.colcon_core.package_identification:_identify(src/src/examples/rclpy/services) by extensions ['ignore', 'ignore_ament_install']
[0.913s] Level 1:colcon.colcon_core.package_identification:_identify(src/src/examples/rclpy/services) by extension 'ignore'
[0.913s] Level 1:colcon.colcon_core.package_identification:_identify(src/src/examples/rclpy/services) by extension 'ignore_ament_install'
[0.913s] Level 1:colcon.colcon_core.package_identification:_identify(src/src/examples/rclpy/services) by extensions ['colcon_pkg']
[0.913s] Level 1:colcon.colcon_core.package_identification:_identify(src/src/examples/rclpy/services) by extension 'colcon_pkg'
[0.913s] Level 1:colcon.colcon_core.package_identification:_identify(src/src/examples/rclpy/services) by extensions ['colcon_meta']
[0.913s] Level 1:colcon.colcon_core.package_identification:_identify(src/src/examples/rclpy/services) by extension 'colcon_meta'
[0.913s] Level 1:colcon.colcon_core.package_identification:_identify(src/src/examples/rclpy/services) by extensions ['ros']
[0.913s] Level 1:colcon.colcon_core.package_identification:_identify(src/src/examples/rclpy/services) by extension 'ros'
[0.913s] Level 1:colcon.colcon_core.package_identification:_identify(src/src/examples/rclpy/services) by extensions ['cmake', 'python']
[0.913s] Level 1:colcon.colcon_core.package_identification:_identify(src/src/examples/rclpy/services) by extension 'cmake'
[0.913s] Level 1:colcon.colcon_core.package_identification:_identify(src/src/examples/rclpy/services) by extension 'python'
[0.913s] Level 1:colcon.colcon_core.package_identification:_identify(src/src/examples/rclpy/services) by extensions ['python_setup_py']
[0.913s] Level 1:colcon.colcon_core.package_identification:_identify(src/src/examples/rclpy/services) by extension 'python_setup_py'
[0.913s] Level 1:colcon.colcon_core.package_identification:_identify(src/src/examples/rclpy/services/minimal_client) by extensions ['ignore', 'ignore_ament_install']
[0.913s] Level 1:colcon.colcon_core.package_identification:_identify(src/src/examples/rclpy/services/minimal_client) by extension 'ignore'
[0.914s] Level 1:colcon.colcon_core.package_identification:_identify(src/src/examples/rclpy/services/minimal_client) by extension 'ignore_ament_install'
[0.914s] Level 1:colcon.colcon_core.package_identification:_identify(src/src/examples/rclpy/services/minimal_client) by extensions ['colcon_pkg']
[0.914s] Level 1:colcon.colcon_core.package_identification:_identify(src/src/examples/rclpy/services/minimal_client) by extension 'colcon_pkg'
[0.914s] Level 1:colcon.colcon_core.package_identification:_identify(src/src/examples/rclpy/services/minimal_client) by extensions ['colcon_meta']
[0.914s] Level 1:colcon.colcon_core.package_identification:_identify(src/src/examples/rclpy/services/minimal_client) by extension 'colcon_meta'
[0.914s] Level 1:colcon.colcon_core.package_identification:_identify(src/src/examples/rclpy/services/minimal_client) by extensions ['ros']
[0.914s] Level 1:colcon.colcon_core.package_identification:_identify(src/src/examples/rclpy/services/minimal_client) by extension 'ros'
[0.914s] DEBUG:colcon.colcon_core.package_identification:Package 'src/src/examples/rclpy/services/minimal_client' with type 'ros.ament_python' and name 'examples_rclpy_minimal_client'
[0.915s] Level 1:colcon.colcon_core.package_identification:_identify(src/src/examples/rclpy/services/minimal_service) by extensions ['ignore', 'ignore_ament_install']
[0.915s] Level 1:colcon.colcon_core.package_identification:_identify(src/src/examples/rclpy/services/minimal_service) by extension 'ignore'
[0.915s] Level 1:colcon.colcon_core.package_identification:_identify(src/src/examples/rclpy/services/minimal_service) by extension 'ignore_ament_install'
[0.915s] Level 1:colcon.colcon_core.package_identification:_identify(src/src/examples/rclpy/services/minimal_service) by extensions ['colcon_pkg']
[0.915s] Level 1:colcon.colcon_core.package_identification:_identify(src/src/examples/rclpy/services/minimal_service) by extension 'colcon_pkg'
[0.915s] Level 1:colcon.colcon_core.package_identification:_identify(src/src/examples/rclpy/services/minimal_service) by extensions ['colcon_meta']
[0.915s] Level 1:colcon.colcon_core.package_identification:_identify(src/src/examples/rclpy/services/minimal_service) by extension 'colcon_meta'
[0.915s] Level 1:colcon.colcon_core.package_identification:_identify(src/src/examples/rclpy/services/minimal_service) by extensions ['ros']
[0.915s] Level 1:colcon.colcon_core.package_identification:_identify(src/src/examples/rclpy/services/minimal_service) by extension 'ros'
[0.916s] DEBUG:colcon.colcon_core.package_identification:Package 'src/src/examples/rclpy/services/minimal_service' with type 'ros.ament_python' and name 'examples_rclpy_minimal_service'
[0.916s] Level 1:colcon.colcon_core.package_identification:_identify(src/src/examples/rclpy/topics) by extensions ['ignore', 'ignore_ament_install']
[0.916s] Level 1:colcon.colcon_core.package_identification:_identify(src/src/examples/rclpy/topics) by extension 'ignore'
[0.916s] Level 1:colcon.colcon_core.package_identification:_identify(src/src/examples/rclpy/topics) by extension 'ignore_ament_install'
[0.916s] Level 1:colcon.colcon_core.package_identification:_identify(src/src/examples/rclpy/topics) by extensions ['colcon_pkg']
[0.916s] Level 1:colcon.colcon_core.package_identification:_identify(src/src/examples/rclpy/topics) by extension 'colcon_pkg'
[0.916s] Level 1:colcon.colcon_core.package_identification:_identify(src/src/examples/rclpy/topics) by extensions ['colcon_meta']
[0.916s] Level 1:colcon.colcon_core.package_identification:_identify(src/src/examples/rclpy/topics) by extension 'colcon_meta'
[0.916s] Level 1:colcon.colcon_core.package_identification:_identify(src/src/examples/rclpy/topics) by extensions ['ros']
[0.916s] Level 1:colcon.colcon_core.package_identification:_identify(src/src/examples/rclpy/topics) by extension 'ros'
[0.916s] Level 1:colcon.colcon_core.package_identification:_identify(src/src/examples/rclpy/topics) by extensions ['cmake', 'python']
[0.916s] Level 1:colcon.colcon_core.package_identification:_identify(src/src/examples/rclpy/topics) by extension 'cmake'
[0.916s] Level 1:colcon.colcon_core.package_identification:_identify(src/src/examples/rclpy/topics) by extension 'python'
[0.917s] Level 1:colcon.colcon_core.package_identification:_identify(src/src/examples/rclpy/topics) by extensions ['python_setup_py']
[0.917s] Level 1:colcon.colcon_core.package_identification:_identify(src/src/examples/rclpy/topics) by extension 'python_setup_py'
[0.917s] Level 1:colcon.colcon_core.package_identification:_identify(src/src/examples/rclpy/topics/minimal_publisher) by extensions ['ignore', 'ignore_ament_install']
[0.917s] Level 1:colcon.colcon_core.package_identification:_identify(src/src/examples/rclpy/topics/minimal_publisher) by extension 'ignore'
[0.917s] Level 1:colcon.colcon_core.package_identification:_identify(src/src/examples/rclpy/topics/minimal_publisher) by extension 'ignore_ament_install'
[0.917s] Level 1:colcon.colcon_core.package_identification:_identify(src/src/examples/rclpy/topics/minimal_publisher) by extensions ['colcon_pkg']
[0.917s] Level 1:colcon.colcon_core.package_identification:_identify(src/src/examples/rclpy/topics/minimal_publisher) by extension 'colcon_pkg'
[0.917s] Level 1:colcon.colcon_core.package_identification:_identify(src/src/examples/rclpy/topics/minimal_publisher) by extensions ['colcon_meta']
[0.917s] Level 1:colcon.colcon_core.package_identification:_identify(src/src/examples/rclpy/topics/minimal_publisher) by extension 'colcon_meta'
[0.917s] Level 1:colcon.colcon_core.package_identification:_identify(src/src/examples/rclpy/topics/minimal_publisher) by extensions ['ros']
[0.917s] Level 1:colcon.colcon_core.package_identification:_identify(src/src/examples/rclpy/topics/minimal_publisher) by extension 'ros'
[0.918s] DEBUG:colcon.colcon_core.package_identification:Package 'src/src/examples/rclpy/topics/minimal_publisher' with type 'ros.ament_python' and name 'examples_rclpy_minimal_publisher'
[0.919s] Level 1:colcon.colcon_core.package_identification:_identify(src/src/examples/rclpy/topics/minimal_subscriber) by extensions ['ignore', 'ignore_ament_install']
[0.919s] Level 1:colcon.colcon_core.package_identification:_identify(src/src/examples/rclpy/topics/minimal_subscriber) by extension 'ignore'
[0.919s] Level 1:colcon.colcon_core.package_identification:_identify(src/src/examples/rclpy/topics/minimal_subscriber) by extension 'ignore_ament_install'
[0.919s] Level 1:colcon.colcon_core.package_identification:_identify(src/src/examples/rclpy/topics/minimal_subscriber) by extensions ['colcon_pkg']
[0.919s] Level 1:colcon.colcon_core.package_identification:_identify(src/src/examples/rclpy/topics/minimal_subscriber) by extension 'colcon_pkg'
[0.919s] Level 1:colcon.colcon_core.package_identification:_identify(src/src/examples/rclpy/topics/minimal_subscriber) by extensions ['colcon_meta']
[0.919s] Level 1:colcon.colcon_core.package_identification:_identify(src/src/examples/rclpy/topics/minimal_subscriber) by extension 'colcon_meta'
[0.919s] Level 1:colcon.colcon_core.package_identification:_identify(src/src/examples/rclpy/topics/minimal_subscriber) by extensions ['ros']
[0.919s] Level 1:colcon.colcon_core.package_identification:_identify(src/src/examples/rclpy/topics/minimal_subscriber) by extension 'ros'
[0.920s] DEBUG:colcon.colcon_core.package_identification:Package 'src/src/examples/rclpy/topics/minimal_subscriber' with type 'ros.ament_python' and name 'examples_rclpy_minimal_subscriber'
[0.920s] Level 1:colcon.colcon_core.package_identification:_identify(src/src/examples/rclpy/topics/pointcloud_publisher) by extensions ['ignore', 'ignore_ament_install']
[0.920s] Level 1:colcon.colcon_core.package_identification:_identify(src/src/examples/rclpy/topics/pointcloud_publisher) by extension 'ignore'
[0.920s] Level 1:colcon.colcon_core.package_identification:_identify(src/src/examples/rclpy/topics/pointcloud_publisher) by extension 'ignore_ament_install'
[0.920s] Level 1:colcon.colcon_core.package_identification:_identify(src/src/examples/rclpy/topics/pointcloud_publisher) by extensions ['colcon_pkg']
[0.920s] Level 1:colcon.colcon_core.package_identification:_identify(src/src/examples/rclpy/topics/pointcloud_publisher) by extension 'colcon_pkg'
[0.920s] Level 1:colcon.colcon_core.package_identification:_identify(src/src/examples/rclpy/topics/pointcloud_publisher) by extensions ['colcon_meta']
[0.920s] Level 1:colcon.colcon_core.package_identification:_identify(src/src/examples/rclpy/topics/pointcloud_publisher) by extension 'colcon_meta'
[0.920s] Level 1:colcon.colcon_core.package_identification:_identify(src/src/examples/rclpy/topics/pointcloud_publisher) by extensions ['ros']
[0.920s] Level 1:colcon.colcon_core.package_identification:_identify(src/src/examples/rclpy/topics/pointcloud_publisher) by extension 'ros'
[0.921s] DEBUG:colcon.colcon_core.package_identification:Package 'src/src/examples/rclpy/topics/pointcloud_publisher' with type 'ros.ament_python' and name 'examples_rclpy_pointcloud_publisher'
[0.921s] Level 1:colcon.colcon_core.package_identification:_identify(src/tutorial_interfaces) by extensions ['ignore', 'ignore_ament_install']
[0.921s] Level 1:colcon.colcon_core.package_identification:_identify(src/tutorial_interfaces) by extension 'ignore'
[0.921s] Level 1:colcon.colcon_core.package_identification:_identify(src/tutorial_interfaces) by extension 'ignore_ament_install'
[0.921s] Level 1:colcon.colcon_core.package_identification:_identify(src/tutorial_interfaces) by extensions ['colcon_pkg']
[0.921s] Level 1:colcon.colcon_core.package_identification:_identify(src/tutorial_interfaces) by extension 'colcon_pkg'
[0.921s] Level 1:colcon.colcon_core.package_identification:_identify(src/tutorial_interfaces) by extensions ['colcon_meta']
[0.921s] Level 1:colcon.colcon_core.package_identification:_identify(src/tutorial_interfaces) by extension 'colcon_meta'
[0.922s] Level 1:colcon.colcon_core.package_identification:_identify(src/tutorial_interfaces) by extensions ['ros']
[0.922s] Level 1:colcon.colcon_core.package_identification:_identify(src/tutorial_interfaces) by extension 'ros'
[0.922s] DEBUG:colcon.colcon_core.package_identification:Package 'src/tutorial_interfaces' with type 'ros.ament_cmake' and name 'tutorial_interfaces'
[0.922s] Level 1:colcon.colcon_core.package_discovery:discover_packages(recursive) using defaults
[0.922s] Level 1:colcon.colcon_core.package_discovery:discover_packages(ignore) discover
[0.922s] Level 1:colcon.colcon_core.package_discovery:discover_packages(ignore) using defaults
[0.922s] Level 1:colcon.colcon_core.package_discovery:discover_packages(path) discover
[0.922s] Level 1:colcon.colcon_core.package_discovery:discover_packages(path) using defaults
[0.979s] INFO:colcon.colcon_core.package_selection:Skipping not selected package 'examples_rclcpp_async_client' in 'src/src/examples/rclcpp/services/async_client'
[0.979s] INFO:colcon.colcon_core.package_selection:Skipping not selected package 'examples_rclcpp_cbg_executor' in 'src/src/examples/rclcpp/executors/cbg_executor'
[0.979s] INFO:colcon.colcon_core.package_selection:Skipping not selected package 'examples_rclcpp_minimal_action_client' in 'src/src/examples/rclcpp/actions/minimal_action_client'
[0.979s] INFO:colcon.colcon_core.package_selection:Skipping not selected package 'examples_rclcpp_minimal_action_server' in 'src/src/examples/rclcpp/actions/minimal_action_server'
[0.979s] INFO:colcon.colcon_core.package_selection:Skipping not selected package 'examples_rclcpp_minimal_client' in 'src/src/examples/rclcpp/services/minimal_client'
[0.979s] INFO:colcon.colcon_core.package_selection:Skipping not selected package 'examples_rclcpp_minimal_composition' in 'src/src/examples/rclcpp/composition/minimal_composition'
[0.979s] INFO:colcon.colcon_core.package_selection:Skipping not selected package 'examples_rclcpp_minimal_publisher' in 'src/src/examples/rclcpp/topics/minimal_publisher'
[0.979s] INFO:colcon.colcon_core.package_selection:Skipping not selected package 'examples_rclcpp_minimal_service' in 'src/src/examples/rclcpp/services/minimal_service'
[0.979s] INFO:colcon.colcon_core.package_selection:Skipping not selected package 'examples_rclcpp_minimal_subscriber' in 'src/src/examples/rclcpp/topics/minimal_subscriber'
[0.979s] INFO:colcon.colcon_core.package_selection:Skipping not selected package 'examples_rclcpp_minimal_timer' in 'src/src/examples/rclcpp/timers/minimal_timer'
[0.979s] INFO:colcon.colcon_core.package_selection:Skipping not selected package 'examples_rclcpp_multithreaded_executor' in 'src/src/examples/rclcpp/executors/multithreaded_executor'
[0.979s] INFO:colcon.colcon_core.package_selection:Skipping not selected package 'examples_rclcpp_wait_set' in 'src/src/examples/rclcpp/wait_set'
[0.979s] INFO:colcon.colcon_core.package_selection:Skipping not selected package 'examples_rclpy_executors' in 'src/src/examples/rclpy/executors'
[0.979s] INFO:colcon.colcon_core.package_selection:Skipping not selected package 'examples_rclpy_guard_conditions' in 'src/src/examples/rclpy/guard_conditions'
[0.979s] INFO:colcon.colcon_core.package_selection:Skipping not selected package 'examples_rclpy_minimal_action_client' in 'src/src/examples/rclpy/actions/minimal_action_client'
[0.979s] INFO:colcon.colcon_core.package_selection:Skipping not selected package 'examples_rclpy_minimal_action_server' in 'src/src/examples/rclpy/actions/minimal_action_server'
[0.979s] INFO:colcon.colcon_core.package_selection:Skipping not selected package 'examples_rclpy_minimal_client' in 'src/src/examples/rclpy/services/minimal_client'
[0.979s] INFO:colcon.colcon_core.package_selection:Skipping not selected package 'examples_rclpy_minimal_publisher' in 'src/src/examples/rclpy/topics/minimal_publisher'
[0.979s] INFO:colcon.colcon_core.package_selection:Skipping not selected package 'examples_rclpy_minimal_service' in 'src/src/examples/rclpy/services/minimal_service'
[0.979s] INFO:colcon.colcon_core.package_selection:Skipping not selected package 'examples_rclpy_minimal_subscriber' in 'src/src/examples/rclpy/topics/minimal_subscriber'
[0.980s] INFO:colcon.colcon_core.package_selection:Skipping not selected package 'examples_rclpy_pointcloud_publisher' in 'src/src/examples/rclpy/topics/pointcloud_publisher'
[0.980s] INFO:colcon.colcon_core.package_selection:Skipping not selected package 'launch_testing_examples' in 'src/src/examples/launch_testing/launch_testing_examples'
[0.980s] INFO:colcon.colcon_core.package_selection:Skipping not selected package 'my_package' in 'src/my_package'
[0.980s] INFO:colcon.colcon_core.package_selection:Skipping not selected package 'pub_controller' in 'src/pub_controller'
[0.980s] INFO:colcon.colcon_core.package_selection:Skipping not selected package 'ros2_color_detection' in 'src/ros2_color_detection/ros2_color_detection'
[0.980s] INFO:colcon.colcon_core.package_selection:Skipping not selected package 'tutorial_interfaces' in 'src/tutorial_interfaces'
[0.980s] INFO:colcon.colcon_core.package_selection:Skipping not selected package 'cpp_pubsub' in 'src/cpp_pubsub'
[0.996s] Level 1:colcon.colcon_core.package_discovery:discover_packages(prefix_path) check parameters
[0.996s] Level 1:colcon.colcon_core.package_discovery:discover_packages(prefix_path) discover
[1.006s] Level 1:colcon.colcon_core.package_discovery:discover_packages(prefix_path) using defaults
[1.023s] Level 5:colcon.colcon_core.verb:set package 'flare_detect' build argument 'cmake_args' from command line to 'None'
[1.023s] Level 5:colcon.colcon_core.verb:set package 'flare_detect' build argument 'cmake_target' from command line to 'None'
[1.023s] Level 5:colcon.colcon_core.verb:set package 'flare_detect' build argument 'cmake_target_skip_unavailable' from command line to 'False'
[1.023s] Level 5:colcon.colcon_core.verb:set package 'flare_detect' build argument 'cmake_clean_cache' from command line to 'False'
[1.023s] Level 5:colcon.colcon_core.verb:set package 'flare_detect' build argument 'cmake_clean_first' from command line to 'False'
[1.023s] Level 5:colcon.colcon_core.verb:set package 'flare_detect' build argument 'cmake_force_configure' from command line to 'False'
[1.023s] Level 5:colcon.colcon_core.verb:set package 'flare_detect' build argument 'ament_cmake_args' from command line to 'None'
[1.023s] Level 5:colcon.colcon_core.verb:set package 'flare_detect' build argument 'catkin_cmake_args' from command line to 'None'
[1.023s] Level 5:colcon.colcon_core.verb:set package 'flare_detect' build argument 'catkin_skip_building_tests' from command line to 'False'
[1.023s] DEBUG:colcon.colcon_core.verb:Building package 'flare_detect' with the following arguments: {'ament_cmake_args': None, 'build_base': '/home/etern1ty/ros2_ws/build/flare_detect', 'catkin_cmake_args': None, 'catkin_skip_building_tests': False, 'cmake_args': None, 'cmake_clean_cache': False, 'cmake_clean_first': False, 'cmake_force_configure': False, 'cmake_target': None, 'cmake_target_skip_unavailable': False, 'install_base': '/home/etern1ty/ros2_ws/install/flare_detect', 'merge_install': False, 'path': '/home/etern1ty/ros2_ws/src/flare_detect', 'symlink_install': False, 'test_result_base': None}
[1.031s] INFO:colcon.colcon_core.executor:Executing jobs using 'parallel' executor
[1.040s] DEBUG:colcon.colcon_parallel_executor.executor.parallel:run_until_complete
[1.040s] INFO:colcon.colcon_ros.task.ament_cmake.build:Building ROS package in '/home/etern1ty/ros2_ws/src/flare_detect' with build type 'ament_cmake'
[1.041s] INFO:colcon.colcon_cmake.task.cmake.build:Building CMake package in '/home/etern1ty/ros2_ws/src/flare_detect'
[1.054s] INFO:colcon.colcon_core.plugin_system:Skipping extension 'colcon_core.shell.bat': Not used on non-Windows systems
[1.055s] INFO:colcon.colcon_core.shell:Skip shell extension 'powershell' for command environment: Not usable outside of PowerShell
[1.055s] DEBUG:colcon.colcon_core.shell:Skip shell extension 'dsv' for command environment
[1.075s] DEBUG:colcon.colcon_core.event_handler.log_command:Invoking command in '/home/etern1ty/ros2_ws/build/flare_detect': /usr/bin/cmake --build /home/etern1ty/ros2_ws/build/flare_detect -- -j12 -l12
[7.417s] DEBUG:colcon.colcon_core.event_handler.log_command:Invoked command in '/home/etern1ty/ros2_ws/build/flare_detect' returned '0': /usr/bin/cmake --build /home/etern1ty/ros2_ws/build/flare_detect -- -j12 -l12
[7.495s] DEBUG:colcon.colcon_core.event_handler.log_command:Invoking command in '/home/etern1ty/ros2_ws/build/flare_detect': /usr/bin/cmake --install /home/etern1ty/ros2_ws/build/flare_detect
[7.570s] Level 1:colcon.colcon_core.environment:create_environment_scripts_only(flare_detect)
[7.570s] DEBUG:colcon.colcon_core.event_handler.log_command:Invoked command in '/home/etern1ty/ros2_ws/build/flare_detect' returned '0': /usr/bin/cmake --install /home/etern1ty/ros2_ws/build/flare_detect
[7.598s] Level 1:colcon.colcon_core.environment:checking '/home/etern1ty/ros2_ws/install/flare_detect' for CMake module files
[7.599s] Level 1:colcon.colcon_core.environment:checking '/home/etern1ty/ros2_ws/install/flare_detect' for CMake config files
[7.599s] Level 1:colcon.colcon_core.shell:create_environment_hook('flare_detect', 'cmake_prefix_path')
[7.607s] INFO:colcon.colcon_core.shell:Creating environment hook '/home/etern1ty/ros2_ws/install/flare_detect/share/flare_detect/hook/cmake_prefix_path.ps1'
[7.608s] INFO:colcon.colcon_core.shell:Creating environment descriptor '/home/etern1ty/ros2_ws/install/flare_detect/share/flare_detect/hook/cmake_prefix_path.dsv'
[7.609s] INFO:colcon.colcon_core.shell:Creating environment hook '/home/etern1ty/ros2_ws/install/flare_detect/share/flare_detect/hook/cmake_prefix_path.sh'
[7.609s] Level 1:colcon.colcon_core.environment:checking '/home/etern1ty/ros2_ws/install/flare_detect/lib'
[7.610s] Level 1:colcon.colcon_core.shell:create_environment_hook('flare_detect', 'ld_library_path_lib')
[7.617s] INFO:colcon.colcon_core.shell:Creating environment hook '/home/etern1ty/ros2_ws/install/flare_detect/share/flare_detect/hook/ld_library_path_lib.ps1'
[7.618s] INFO:colcon.colcon_core.shell:Creating environment descriptor '/home/etern1ty/ros2_ws/install/flare_detect/share/flare_detect/hook/ld_library_path_lib.dsv'
[7.618s] INFO:colcon.colcon_core.shell:Creating environment hook '/home/etern1ty/ros2_ws/install/flare_detect/share/flare_detect/hook/ld_library_path_lib.sh'
[7.618s] Level 1:colcon.colcon_core.environment:checking '/home/etern1ty/ros2_ws/install/flare_detect/bin'
[7.619s] Level 1:colcon.colcon_core.environment:checking '/home/etern1ty/ros2_ws/install/flare_detect/lib/pkgconfig/flare_detect.pc'
[7.620s] Level 1:colcon.colcon_core.environment:checking '/home/etern1ty/ros2_ws/install/flare_detect/lib/python3.10/site-packages'
[7.620s] Level 1:colcon.colcon_core.environment:checking '/home/etern1ty/ros2_ws/install/flare_detect/bin'
[7.628s] INFO:colcon.colcon_core.shell:Creating package script '/home/etern1ty/ros2_ws/install/flare_detect/share/flare_detect/package.ps1'
[7.629s] INFO:colcon.colcon_core.shell:Creating package descriptor '/home/etern1ty/ros2_ws/install/flare_detect/share/flare_detect/package.dsv'
[7.630s] INFO:colcon.colcon_core.shell:Creating package script '/home/etern1ty/ros2_ws/install/flare_detect/share/flare_detect/package.sh'
[7.631s] INFO:colcon.colcon_core.shell:Creating package script '/home/etern1ty/ros2_ws/install/flare_detect/share/flare_detect/package.bash'
[7.631s] INFO:colcon.colcon_core.shell:Creating package script '/home/etern1ty/ros2_ws/install/flare_detect/share/flare_detect/package.zsh'
[7.632s] Level 1:colcon.colcon_core.environment:create_file_with_runtime_dependencies(/home/etern1ty/ros2_ws/install/flare_detect/share/colcon-core/packages/flare_detect)
[7.705s] Level 1:colcon.colcon_core.environment:create_environment_scripts_only(flare_detect)
[7.713s] Level 1:colcon.colcon_core.environment:checking '/home/etern1ty/ros2_ws/install/flare_detect' for CMake module files
[7.714s] Level 1:colcon.colcon_core.environment:checking '/home/etern1ty/ros2_ws/install/flare_detect' for CMake config files
[7.714s] Level 1:colcon.colcon_core.shell:create_environment_hook('flare_detect', 'cmake_prefix_path')
[7.722s] INFO:colcon.colcon_core.shell:Creating environment hook '/home/etern1ty/ros2_ws/install/flare_detect/share/flare_detect/hook/cmake_prefix_path.ps1'
[7.722s] INFO:colcon.colcon_core.shell:Creating environment descriptor '/home/etern1ty/ros2_ws/install/flare_detect/share/flare_detect/hook/cmake_prefix_path.dsv'
[7.723s] INFO:colcon.colcon_core.shell:Creating environment hook '/home/etern1ty/ros2_ws/install/flare_detect/share/flare_detect/hook/cmake_prefix_path.sh'
[7.723s] Level 1:colcon.colcon_core.environment:checking '/home/etern1ty/ros2_ws/install/flare_detect/lib'
[7.723s] Level 1:colcon.colcon_core.shell:create_environment_hook('flare_detect', 'ld_library_path_lib')
[7.731s] INFO:colcon.colcon_core.shell:Creating environment hook '/home/etern1ty/ros2_ws/install/flare_detect/share/flare_detect/hook/ld_library_path_lib.ps1'
[7.731s] INFO:colcon.colcon_core.shell:Creating environment descriptor '/home/etern1ty/ros2_ws/install/flare_detect/share/flare_detect/hook/ld_library_path_lib.dsv'
[7.732s] INFO:colcon.colcon_core.shell:Creating environment hook '/home/etern1ty/ros2_ws/install/flare_detect/share/flare_detect/hook/ld_library_path_lib.sh'
[7.732s] Level 1:colcon.colcon_core.environment:checking '/home/etern1ty/ros2_ws/install/flare_detect/bin'
[7.732s] Level 1:colcon.colcon_core.environment:checking '/home/etern1ty/ros2_ws/install/flare_detect/lib/pkgconfig/flare_detect.pc'
[7.732s] Level 1:colcon.colcon_core.environment:checking '/home/etern1ty/ros2_ws/install/flare_detect/lib/python3.10/site-packages'
[7.732s] Level 1:colcon.colcon_core.environment:checking '/home/etern1ty/ros2_ws/install/flare_detect/bin'
[7.740s] INFO:colcon.colcon_core.shell:Creating package script '/home/etern1ty/ros2_ws/install/flare_detect/share/flare_detect/package.ps1'
[7.741s] INFO:colcon.colcon_core.shell:Creating package descriptor '/home/etern1ty/ros2_ws/install/flare_detect/share/flare_detect/package.dsv'
[7.741s] INFO:colcon.colcon_core.shell:Creating package script '/home/etern1ty/ros2_ws/install/flare_detect/share/flare_detect/package.sh'
[7.741s] INFO:colcon.colcon_core.shell:Creating package script '/home/etern1ty/ros2_ws/install/flare_detect/share/flare_detect/package.bash'
[7.742s] INFO:colcon.colcon_core.shell:Creating package script '/home/etern1ty/ros2_ws/install/flare_detect/share/flare_detect/package.zsh'
[7.742s] Level 1:colcon.colcon_core.environment:create_file_with_runtime_dependencies(/home/etern1ty/ros2_ws/install/flare_detect/share/colcon-core/packages/flare_detect)
[7.742s] DEBUG:colcon.colcon_parallel_executor.executor.parallel:closing loop
[7.743s] DEBUG:colcon.colcon_parallel_executor.executor.parallel:loop closed
[7.743s] DEBUG:colcon.colcon_parallel_executor.executor.parallel:run_until_complete finished with '0'
[7.743s] DEBUG:colcon.colcon_core.event_reactor:joining thread
[7.762s] INFO:colcon.colcon_core.plugin_system:Skipping extension 'colcon_notification.desktop_notification.terminal_notifier': Not used on non-Darwin systems
[7.762s] INFO:colcon.colcon_core.plugin_system:Skipping extension 'colcon_notification.desktop_notification.win32': Not used on non-Windows systems
[7.762s] INFO:colcon.colcon_notification.desktop_notification:Sending desktop notification using 'notify2'
[7.792s] DEBUG:colcon.colcon_core.event_reactor:joined thread
[7.801s] INFO:colcon.colcon_core.shell:Creating prefix script '/home/etern1ty/ros2_ws/install/local_setup.ps1'
[7.802s] INFO:colcon.colcon_core.shell:Creating prefix util module '/home/etern1ty/ros2_ws/install/_local_setup_util_ps1.py'
[7.803s] INFO:colcon.colcon_core.shell:Creating prefix chain script '/home/etern1ty/ros2_ws/install/setup.ps1'
[7.812s] INFO:colcon.colcon_core.shell:Creating prefix script '/home/etern1ty/ros2_ws/install/local_setup.sh'
[7.812s] INFO:colcon.colcon_core.shell:Creating prefix util module '/home/etern1ty/ros2_ws/install/_local_setup_util_sh.py'
[7.813s] INFO:colcon.colcon_core.shell:Creating prefix chain script '/home/etern1ty/ros2_ws/install/setup.sh'
[7.822s] INFO:colcon.colcon_core.shell:Creating prefix script '/home/etern1ty/ros2_ws/install/local_setup.bash'
[7.822s] INFO:colcon.colcon_core.shell:Creating prefix chain script '/home/etern1ty/ros2_ws/install/setup.bash'
[7.830s] INFO:colcon.colcon_core.shell:Creating prefix script '/home/etern1ty/ros2_ws/install/local_setup.zsh'
[7.831s] INFO:colcon.colcon_core.shell:Creating prefix chain script '/home/etern1ty/ros2_ws/install/setup.zsh'
