[0.043s] Invoking command in '/home/etern1ty/ros2_ws/matlab/custom/matlab_msg_gen/glnxa64/build/obj_msg': PS1=(venv) VIRTUAL_ENV_PROMPT=(venv) /usr/local/MATLAB/R2023b/bin/glnxa64/cmake/bin/cmake --build /home/etern1ty/ros2_ws/matlab/custom/matlab_msg_gen/glnxa64/build/obj_msg -- -j12 -l12
[0.080s] [0/1] Re-running CMake...
[0.097s] -- Found ament_cmake: 1.3.3 (/usr/local/MATLAB/R2023b/sys/ros2/glnxa64/ros2/share/ament_cmake/cmake)
[0.211s] -- Found ament_cmake_ros: 0.10.0 (/usr/local/MATLAB/R2023b/sys/ros2/glnxa64/ros2/share/ament_cmake_ros/cmake)
[0.218s] -- Found rosidl_typesupport_c: 2.0.0 (/usr/local/MATLAB/R2023b/sys/ros2/glnxa64/ros2/share/rosidl_typesupport_c/cmake)
[0.218s] -- Using all available rosidl_typesupport_c: rosidl_typesupport_fastrtps_c;rosidl_typesupport_introspection_c
[0.219s] -- Found rosidl_adapter: 3.1.4 (/usr/local/MATLAB/R2023b/sys/ros2/glnxa64/ros2/share/rosidl_adapter/cmake)
[0.267s] -- Found rosidl_typesupport_cpp: 2.0.0 (/usr/local/MATLAB/R2023b/sys/ros2/glnxa64/ros2/share/rosidl_typesupport_cpp/cmake)
[0.268s] -- Using all available rosidl_typesupport_cpp: rosidl_typesupport_fastrtps_cpp;rosidl_typesupport_introspection_cpp
[0.301s] -- Found rosidl_default_generators: 1.2.0 (/usr/local/MATLAB/R2023b/sys/ros2/glnxa64/ros2/share/rosidl_default_generators/cmake)
[0.304s] -- Found class_loader: 2.2.0 (/usr/local/MATLAB/R2023b/sys/ros2/glnxa64/ros2/share/class_loader/cmake)
[0.308s] -- Found rclcpp: 16.0.3 (/usr/local/MATLAB/R2023b/sys/ros2/glnxa64/ros2/share/rclcpp/cmake)
[0.398s] -- Found rmw_implementation_cmake: 6.1.1 (/usr/local/MATLAB/R2023b/sys/ros2/glnxa64/ros2/share/rmw_implementation_cmake/cmake)
[0.400s] -- Found rmw_fastrtps_cpp: 6.2.2 (/usr/local/MATLAB/R2023b/sys/ros2/glnxa64/ros2/share/rmw_fastrtps_cpp/cmake)
[0.525s] -- Using RMW implementation 'rmw_fastrtps_cpp' as default
[0.893s] -- Using all available rosidl_typesupport_c: rosidl_typesupport_fastrtps_c;rosidl_typesupport_introspection_c
[0.986s] -- Using all available rosidl_typesupport_cpp: rosidl_typesupport_fastrtps_cpp;rosidl_typesupport_introspection_cpp
[0.999s] -- Configuring done
[1.021s] -- Generating done
[1.028s] -- Build files have been written to: /home/etern1ty/ros2_ws/matlab/custom/matlab_msg_gen/glnxa64/build/obj_msg
[1.274s] [1/32] Generating C++ code for ROS interfaces
[1.286s] [2/32] Generating C code for ROS interfaces
[1.375s] [3/32] Building C object CMakeFiles/obj_msg__rosidl_generator_c.dir/rosidl_generator_c/obj_msg/msg/detail/motion__functions.c.o
[1.375s] [4/32] Building C object CMakeFiles/obj_msg__rosidl_generator_c.dir/rosidl_generator_c/obj_msg/msg/detail/detected__functions.c.o
[1.404s] [5/32] Linking C shared library libobj_msg__rosidl_generator_c.so
[1.477s] [6/32] Generating C++ type support dispatch for ROS interfaces
[1.502s] [7/32] Generating C++ introspection for ROS interfaces
[1.512s] [8/32] Generating C++ type support for eProsima Fast-RTPS
[1.665s] [9/32] Generating C type support for eProsima Fast-RTPS
[1.712s] [10/32] Generating C type support dispatch for ROS interfaces
[1.738s] [11/32] Generating C introspection for ROS interfaces
[1.777s] [12/32] Building CXX object CMakeFiles/obj_msg__rosidl_typesupport_c.dir/rosidl_typesupport_c/obj_msg/msg/detected__type_support.cpp.o
[1.795s] [13/32] Building C object CMakeFiles/obj_msg__rosidl_typesupport_introspection_c.dir/rosidl_typesupport_introspection_c/obj_msg/msg/detail/detected__type_support.c.o
[1.834s] [14/32] Building CXX object CMakeFiles/obj_msg__rosidl_typesupport_c.dir/rosidl_typesupport_c/obj_msg/msg/motion__type_support.cpp.o
[1.836s] [15/32] Building C object CMakeFiles/obj_msg__rosidl_typesupport_introspection_c.dir/rosidl_typesupport_introspection_c/obj_msg/msg/detail/motion__type_support.c.o
[1.861s] [16/32] Building CXX object CMakeFiles/obj_msg__rosidl_typesupport_cpp.dir/rosidl_typesupport_cpp/obj_msg/msg/motion__type_support.cpp.o
[1.867s] [17/32] Building CXX object CMakeFiles/obj_msg__rosidl_typesupport_cpp.dir/rosidl_typesupport_cpp/obj_msg/msg/detected__type_support.cpp.o
[1.888s] [18/32] Linking C shared library libobj_msg__rosidl_typesupport_introspection_c.so
[1.987s] [19/32] Linking CXX shared library libobj_msg__rosidl_typesupport_c.so
[2.022s] [20/32] Linking CXX shared library libobj_msg__rosidl_typesupport_cpp.so
[2.041s] [21/32] Building CXX object CMakeFiles/obj_msg__rosidl_typesupport_fastrtps_cpp.dir/rosidl_typesupport_fastrtps_cpp/obj_msg/msg/detail/dds_fastrtps/motion__type_support.cpp.o
[2.059s] [22/32] Building CXX object CMakeFiles/obj_msg__rosidl_typesupport_fastrtps_cpp.dir/rosidl_typesupport_fastrtps_cpp/obj_msg/msg/detail/dds_fastrtps/detected__type_support.cpp.o
[2.074s] [23/32] Building CXX object CMakeFiles/obj_msg__rosidl_typesupport_introspection_cpp.dir/rosidl_typesupport_introspection_cpp/obj_msg/msg/detail/motion__type_support.cpp.o
[2.075s] [24/32] Building CXX object CMakeFiles/obj_msg__rosidl_typesupport_introspection_cpp.dir/rosidl_typesupport_introspection_cpp/obj_msg/msg/detail/detected__type_support.cpp.o
[2.076s] [25/32] Building CXX object CMakeFiles/obj_msg__rosidl_typesupport_fastrtps_c.dir/rosidl_typesupport_fastrtps_c/obj_msg/msg/detail/detected__type_support_c.cpp.o
[2.121s] [26/32] Building CXX object CMakeFiles/obj_msg__rosidl_typesupport_fastrtps_c.dir/rosidl_typesupport_fastrtps_c/obj_msg/msg/detail/motion__type_support_c.cpp.o
[2.157s] [27/32] Linking CXX shared library libobj_msg__rosidl_typesupport_fastrtps_cpp.so
[2.173s] [28/32] Linking CXX shared library libobj_msg__rosidl_typesupport_introspection_cpp.so
[2.206s] [29/32] Linking CXX shared library libobj_msg__rosidl_typesupport_fastrtps_c.so
[9.523s] [30/32] Building CXX object CMakeFiles/obj_msg_matlab.dir/src/obj_msg_Motion_message.cpp.o
[9.524s] [31/32] Building CXX object CMakeFiles/obj_msg_matlab.dir/src/obj_msg_Detected_message.cpp.o
[10.229s] [32/32] Linking CXX shared library libobj_msg_matlab.so
[10.238s] Invoked command in '/home/etern1ty/ros2_ws/matlab/custom/matlab_msg_gen/glnxa64/build/obj_msg' returned '0': PS1=(venv) VIRTUAL_ENV_PROMPT=(venv) /usr/local/MATLAB/R2023b/bin/glnxa64/cmake/bin/cmake --build /home/etern1ty/ros2_ws/matlab/custom/matlab_msg_gen/glnxa64/build/obj_msg -- -j12 -l12
[10.273s] Invoking command in '/home/etern1ty/ros2_ws/matlab/custom/matlab_msg_gen/glnxa64/build/obj_msg': PS1=(venv) VIRTUAL_ENV_PROMPT=(venv) /usr/local/MATLAB/R2023b/bin/glnxa64/cmake/bin/cmake --install /home/etern1ty/ros2_ws/matlab/custom/matlab_msg_gen/glnxa64/build/obj_msg
[10.276s] -- Install configuration: "Release"
[10.276s] -- Up-to-date: /home/etern1ty/ros2_ws/matlab/custom/matlab_msg_gen/glnxa64/install/share/ament_index/resource_index/rosidl_interfaces/obj_msg
[10.276s] -- Up-to-date: /home/etern1ty/ros2_ws/matlab/custom/matlab_msg_gen/glnxa64/install/include/obj_msg/obj_msg
[10.276s] -- Up-to-date: /home/etern1ty/ros2_ws/matlab/custom/matlab_msg_gen/glnxa64/install/include/obj_msg/obj_msg/msg
[10.277s] -- Installing: /home/etern1ty/ros2_ws/matlab/custom/matlab_msg_gen/glnxa64/install/include/obj_msg/obj_msg/msg/detected.h
[10.277s] -- Up-to-date: /home/etern1ty/ros2_ws/matlab/custom/matlab_msg_gen/glnxa64/install/include/obj_msg/obj_msg/msg/detail
[10.277s] -- Installing: /home/etern1ty/ros2_ws/matlab/custom/matlab_msg_gen/glnxa64/install/include/obj_msg/obj_msg/msg/detail/detected__functions.c
[10.277s] -- Installing: /home/etern1ty/ros2_ws/matlab/custom/matlab_msg_gen/glnxa64/install/include/obj_msg/obj_msg/msg/detail/motion__type_support.h
[10.278s] -- Installing: /home/etern1ty/ros2_ws/matlab/custom/matlab_msg_gen/glnxa64/install/include/obj_msg/obj_msg/msg/detail/motion__struct.h
[10.278s] -- Installing: /home/etern1ty/ros2_ws/matlab/custom/matlab_msg_gen/glnxa64/install/include/obj_msg/obj_msg/msg/detail/detected__functions.h
[10.278s] -- Installing: /home/etern1ty/ros2_ws/matlab/custom/matlab_msg_gen/glnxa64/install/include/obj_msg/obj_msg/msg/detail/detected__struct.h
[10.278s] -- Installing: /home/etern1ty/ros2_ws/matlab/custom/matlab_msg_gen/glnxa64/install/include/obj_msg/obj_msg/msg/detail/motion__functions.h
[10.278s] -- Installing: /home/etern1ty/ros2_ws/matlab/custom/matlab_msg_gen/glnxa64/install/include/obj_msg/obj_msg/msg/detail/detected__type_support.h
[10.278s] -- Installing: /home/etern1ty/ros2_ws/matlab/custom/matlab_msg_gen/glnxa64/install/include/obj_msg/obj_msg/msg/detail/motion__functions.c
[10.279s] -- Installing: /home/etern1ty/ros2_ws/matlab/custom/matlab_msg_gen/glnxa64/install/include/obj_msg/obj_msg/msg/motion.h
[10.279s] -- Up-to-date: /home/etern1ty/ros2_ws/matlab/custom/matlab_msg_gen/glnxa64/install/include/obj_msg/obj_msg/msg/rosidl_generator_c__visibility_control.h
[10.279s] -- Up-to-date: /home/etern1ty/ros2_ws/matlab/custom/matlab_msg_gen/glnxa64/install/share/obj_msg/environment/library_path.sh
[10.279s] -- Installing: /home/etern1ty/ros2_ws/matlab/custom/matlab_msg_gen/glnxa64/install/share/obj_msg/environment/library_path.dsv
[10.279s] -- Installing: /home/etern1ty/ros2_ws/matlab/custom/matlab_msg_gen/glnxa64/install/lib/libobj_msg__rosidl_generator_c.so
[10.279s] -- Up-to-date: /home/etern1ty/ros2_ws/matlab/custom/matlab_msg_gen/glnxa64/install/include/obj_msg/obj_msg
[10.279s] -- Up-to-date: /home/etern1ty/ros2_ws/matlab/custom/matlab_msg_gen/glnxa64/install/include/obj_msg/obj_msg/msg
[10.280s] -- Up-to-date: /home/etern1ty/ros2_ws/matlab/custom/matlab_msg_gen/glnxa64/install/include/obj_msg/obj_msg/msg/rosidl_typesupport_fastrtps_c__visibility_control.h
[10.280s] -- Up-to-date: /home/etern1ty/ros2_ws/matlab/custom/matlab_msg_gen/glnxa64/install/include/obj_msg/obj_msg/msg/detail
[10.280s] -- Installing: /home/etern1ty/ros2_ws/matlab/custom/matlab_msg_gen/glnxa64/install/include/obj_msg/obj_msg/msg/detail/motion__rosidl_typesupport_fastrtps_c.h
[10.280s] -- Installing: /home/etern1ty/ros2_ws/matlab/custom/matlab_msg_gen/glnxa64/install/include/obj_msg/obj_msg/msg/detail/detected__rosidl_typesupport_fastrtps_c.h
[10.280s] -- Installing: /home/etern1ty/ros2_ws/matlab/custom/matlab_msg_gen/glnxa64/install/lib/libobj_msg__rosidl_typesupport_fastrtps_c.so
[10.280s] -- Up-to-date: /home/etern1ty/ros2_ws/matlab/custom/matlab_msg_gen/glnxa64/install/include/obj_msg/obj_msg
[10.280s] -- Up-to-date: /home/etern1ty/ros2_ws/matlab/custom/matlab_msg_gen/glnxa64/install/include/obj_msg/obj_msg/msg
[10.280s] -- Up-to-date: /home/etern1ty/ros2_ws/matlab/custom/matlab_msg_gen/glnxa64/install/include/obj_msg/obj_msg/msg/detail
[10.280s] -- Installing: /home/etern1ty/ros2_ws/matlab/custom/matlab_msg_gen/glnxa64/install/include/obj_msg/obj_msg/msg/detail/detected__type_support.c
[10.281s] -- Installing: /home/etern1ty/ros2_ws/matlab/custom/matlab_msg_gen/glnxa64/install/include/obj_msg/obj_msg/msg/detail/motion__rosidl_typesupport_introspection_c.h
[10.281s] -- Installing: /home/etern1ty/ros2_ws/matlab/custom/matlab_msg_gen/glnxa64/install/include/obj_msg/obj_msg/msg/detail/detected__rosidl_typesupport_introspection_c.h
[10.281s] -- Installing: /home/etern1ty/ros2_ws/matlab/custom/matlab_msg_gen/glnxa64/install/include/obj_msg/obj_msg/msg/detail/motion__type_support.c
[10.281s] -- Up-to-date: /home/etern1ty/ros2_ws/matlab/custom/matlab_msg_gen/glnxa64/install/include/obj_msg/obj_msg/msg/rosidl_typesupport_introspection_c__visibility_control.h
[10.281s] -- Installing: /home/etern1ty/ros2_ws/matlab/custom/matlab_msg_gen/glnxa64/install/lib/libobj_msg__rosidl_typesupport_introspection_c.so
[10.281s] -- Installing: /home/etern1ty/ros2_ws/matlab/custom/matlab_msg_gen/glnxa64/install/lib/libobj_msg__rosidl_typesupport_c.so
[10.282s] -- Up-to-date: /home/etern1ty/ros2_ws/matlab/custom/matlab_msg_gen/glnxa64/install/include/obj_msg/obj_msg
[10.282s] -- Up-to-date: /home/etern1ty/ros2_ws/matlab/custom/matlab_msg_gen/glnxa64/install/include/obj_msg/obj_msg/msg
[10.282s] -- Installing: /home/etern1ty/ros2_ws/matlab/custom/matlab_msg_gen/glnxa64/install/include/obj_msg/obj_msg/msg/detected.hpp
[10.282s] -- Up-to-date: /home/etern1ty/ros2_ws/matlab/custom/matlab_msg_gen/glnxa64/install/include/obj_msg/obj_msg/msg/detail
[10.282s] -- Installing: /home/etern1ty/ros2_ws/matlab/custom/matlab_msg_gen/glnxa64/install/include/obj_msg/obj_msg/msg/detail/motion__builder.hpp
[10.282s] -- Installing: /home/etern1ty/ros2_ws/matlab/custom/matlab_msg_gen/glnxa64/install/include/obj_msg/obj_msg/msg/detail/detected__struct.hpp
[10.282s] -- Installing: /home/etern1ty/ros2_ws/matlab/custom/matlab_msg_gen/glnxa64/install/include/obj_msg/obj_msg/msg/detail/detected__traits.hpp
[10.283s] -- Installing: /home/etern1ty/ros2_ws/matlab/custom/matlab_msg_gen/glnxa64/install/include/obj_msg/obj_msg/msg/detail/motion__struct.hpp
[10.283s] -- Installing: /home/etern1ty/ros2_ws/matlab/custom/matlab_msg_gen/glnxa64/install/include/obj_msg/obj_msg/msg/detail/motion__traits.hpp
[10.283s] -- Installing: /home/etern1ty/ros2_ws/matlab/custom/matlab_msg_gen/glnxa64/install/include/obj_msg/obj_msg/msg/detail/detected__builder.hpp
[10.283s] -- Installing: /home/etern1ty/ros2_ws/matlab/custom/matlab_msg_gen/glnxa64/install/include/obj_msg/obj_msg/msg/motion.hpp
[10.283s] -- Up-to-date: /home/etern1ty/ros2_ws/matlab/custom/matlab_msg_gen/glnxa64/install/include/obj_msg/obj_msg
[10.284s] -- Up-to-date: /home/etern1ty/ros2_ws/matlab/custom/matlab_msg_gen/glnxa64/install/include/obj_msg/obj_msg/msg
[10.284s] -- Up-to-date: /home/etern1ty/ros2_ws/matlab/custom/matlab_msg_gen/glnxa64/install/include/obj_msg/obj_msg/msg/detail
[10.284s] -- Up-to-date: /home/etern1ty/ros2_ws/matlab/custom/matlab_msg_gen/glnxa64/install/include/obj_msg/obj_msg/msg/detail/dds_fastrtps
[10.284s] -- Installing: /home/etern1ty/ros2_ws/matlab/custom/matlab_msg_gen/glnxa64/install/include/obj_msg/obj_msg/msg/detail/detected__rosidl_typesupport_fastrtps_cpp.hpp
[10.284s] -- Installing: /home/etern1ty/ros2_ws/matlab/custom/matlab_msg_gen/glnxa64/install/include/obj_msg/obj_msg/msg/detail/motion__rosidl_typesupport_fastrtps_cpp.hpp
[10.284s] -- Up-to-date: /home/etern1ty/ros2_ws/matlab/custom/matlab_msg_gen/glnxa64/install/include/obj_msg/obj_msg/msg/rosidl_typesupport_fastrtps_cpp__visibility_control.h
[10.284s] -- Installing: /home/etern1ty/ros2_ws/matlab/custom/matlab_msg_gen/glnxa64/install/lib/libobj_msg__rosidl_typesupport_fastrtps_cpp.so
[10.284s] -- Up-to-date: /home/etern1ty/ros2_ws/matlab/custom/matlab_msg_gen/glnxa64/install/include/obj_msg/obj_msg
[10.284s] -- Up-to-date: /home/etern1ty/ros2_ws/matlab/custom/matlab_msg_gen/glnxa64/install/include/obj_msg/obj_msg/msg
[10.285s] -- Up-to-date: /home/etern1ty/ros2_ws/matlab/custom/matlab_msg_gen/glnxa64/install/include/obj_msg/obj_msg/msg/detail
[10.285s] -- Installing: /home/etern1ty/ros2_ws/matlab/custom/matlab_msg_gen/glnxa64/install/include/obj_msg/obj_msg/msg/detail/detected__type_support.cpp
[10.285s] -- Installing: /home/etern1ty/ros2_ws/matlab/custom/matlab_msg_gen/glnxa64/install/include/obj_msg/obj_msg/msg/detail/motion__type_support.cpp
[10.285s] -- Installing: /home/etern1ty/ros2_ws/matlab/custom/matlab_msg_gen/glnxa64/install/include/obj_msg/obj_msg/msg/detail/motion__rosidl_typesupport_introspection_cpp.hpp
[10.285s] -- Installing: /home/etern1ty/ros2_ws/matlab/custom/matlab_msg_gen/glnxa64/install/include/obj_msg/obj_msg/msg/detail/detected__rosidl_typesupport_introspection_cpp.hpp
[10.286s] -- Installing: /home/etern1ty/ros2_ws/matlab/custom/matlab_msg_gen/glnxa64/install/lib/libobj_msg__rosidl_typesupport_introspection_cpp.so
[10.286s] -- Installing: /home/etern1ty/ros2_ws/matlab/custom/matlab_msg_gen/glnxa64/install/lib/libobj_msg__rosidl_typesupport_cpp.so
[10.286s] -- Installing: /home/etern1ty/ros2_ws/matlab/custom/matlab_msg_gen/glnxa64/install/share/obj_msg/msg/Detected.idl
[10.286s] -- Up-to-date: /home/etern1ty/ros2_ws/matlab/custom/matlab_msg_gen/glnxa64/install/share/obj_msg/msg/Motion.idl
[10.286s] -- Installing: /home/etern1ty/ros2_ws/matlab/custom/matlab_msg_gen/glnxa64/install/share/obj_msg/msg/Detected.msg
[10.286s] -- Up-to-date: /home/etern1ty/ros2_ws/matlab/custom/matlab_msg_gen/glnxa64/install/share/obj_msg/msg/Motion.msg
[10.287s] -- Up-to-date: /home/etern1ty/ros2_ws/matlab/custom/matlab_msg_gen/glnxa64/install/include
[10.287s] -- Up-to-date: /home/etern1ty/ros2_ws/matlab/custom/matlab_msg_gen/glnxa64/install/include/obj_msg
[10.287s] -- Up-to-date: /home/etern1ty/ros2_ws/matlab/custom/matlab_msg_gen/glnxa64/install/include/obj_msg/visibility_control.h
[10.287s] -- Installing: /home/etern1ty/ros2_ws/matlab/custom/matlab_msg_gen/glnxa64/install/lib/libobj_msg_matlab.so
[10.300s] -- Up-to-date: /home/etern1ty/ros2_ws/matlab/custom/matlab_msg_gen/glnxa64/install/m/
[10.301s] -- Up-to-date: /home/etern1ty/ros2_ws/matlab/custom/matlab_msg_gen/glnxa64/install/m//+ros
[10.301s] -- Up-to-date: /home/etern1ty/ros2_ws/matlab/custom/matlab_msg_gen/glnxa64/install/m//+ros/+internal
[10.301s] -- Up-to-date: /home/etern1ty/ros2_ws/matlab/custom/matlab_msg_gen/glnxa64/install/m//+ros/+internal/+ros2
[10.301s] -- Up-to-date: /home/etern1ty/ros2_ws/matlab/custom/matlab_msg_gen/glnxa64/install/m//+ros/+internal/+ros2/+custommessages
[10.301s] -- Up-to-date: /home/etern1ty/ros2_ws/matlab/custom/matlab_msg_gen/glnxa64/install/m//+ros/+internal/+ros2/+custommessages/+obj_msg
[10.302s] -- Installing: /home/etern1ty/ros2_ws/matlab/custom/matlab_msg_gen/glnxa64/install/m//+ros/+internal/+ros2/+custommessages/+obj_msg/detected.m
[10.302s] -- Up-to-date: /home/etern1ty/ros2_ws/matlab/custom/matlab_msg_gen/glnxa64/install/m//+ros/+internal/+ros2/+custommessages/+obj_msg/obj_msg_msg_Motion_2To1_Converter.m
[10.302s] -- Up-to-date: /home/etern1ty/ros2_ws/matlab/custom/matlab_msg_gen/glnxa64/install/m//+ros/+internal/+ros2/+custommessages/+obj_msg/motion.m
[10.302s] -- Installing: /home/etern1ty/ros2_ws/matlab/custom/matlab_msg_gen/glnxa64/install/m//+ros/+internal/+ros2/+custommessages/+obj_msg/obj_msg_msg_Detected_2To1_Converter.m
[10.302s] -- Up-to-date: /home/etern1ty/ros2_ws/matlab/custom/matlab_msg_gen/glnxa64/install/m//+ros/+internal/+ros2/+custommessages/+obj_msg/obj_msg_msg_Motion_1To2_Converter.m
[10.302s] -- Installing: /home/etern1ty/ros2_ws/matlab/custom/matlab_msg_gen/glnxa64/install/m//+ros/+internal/+ros2/+custommessages/+obj_msg/obj_msg_msg_Detected_1To2_Converter.m
[10.302s] -- Up-to-date: /home/etern1ty/ros2_ws/matlab/custom/matlab_msg_gen/glnxa64/install/share/ament_index/resource_index/package_run_dependencies/obj_msg
[10.302s] -- Up-to-date: /home/etern1ty/ros2_ws/matlab/custom/matlab_msg_gen/glnxa64/install/share/ament_index/resource_index/parent_prefix_path/obj_msg
[10.302s] -- Up-to-date: /home/etern1ty/ros2_ws/matlab/custom/matlab_msg_gen/glnxa64/install/share/obj_msg/environment/ament_prefix_path.sh
[10.302s] -- Installing: /home/etern1ty/ros2_ws/matlab/custom/matlab_msg_gen/glnxa64/install/share/obj_msg/environment/ament_prefix_path.dsv
[10.302s] -- Up-to-date: /home/etern1ty/ros2_ws/matlab/custom/matlab_msg_gen/glnxa64/install/share/obj_msg/environment/path.sh
[10.302s] -- Installing: /home/etern1ty/ros2_ws/matlab/custom/matlab_msg_gen/glnxa64/install/share/obj_msg/environment/path.dsv
[10.303s] -- Up-to-date: /home/etern1ty/ros2_ws/matlab/custom/matlab_msg_gen/glnxa64/install/share/obj_msg/local_setup.bash
[10.303s] -- Up-to-date: /home/etern1ty/ros2_ws/matlab/custom/matlab_msg_gen/glnxa64/install/share/obj_msg/local_setup.sh
[10.303s] -- Up-to-date: /home/etern1ty/ros2_ws/matlab/custom/matlab_msg_gen/glnxa64/install/share/obj_msg/local_setup.zsh
[10.303s] -- Installing: /home/etern1ty/ros2_ws/matlab/custom/matlab_msg_gen/glnxa64/install/share/obj_msg/local_setup.dsv
[10.303s] -- Installing: /home/etern1ty/ros2_ws/matlab/custom/matlab_msg_gen/glnxa64/install/share/obj_msg/package.dsv
[10.303s] -- Up-to-date: /home/etern1ty/ros2_ws/matlab/custom/matlab_msg_gen/glnxa64/install/share/ament_index/resource_index/packages/obj_msg
[10.303s] -- Up-to-date: /home/etern1ty/ros2_ws/matlab/custom/matlab_msg_gen/glnxa64/install/share/obj_msg/cmake/export_obj_msg__rosidl_generator_cExport.cmake
[10.303s] -- Up-to-date: /home/etern1ty/ros2_ws/matlab/custom/matlab_msg_gen/glnxa64/install/share/obj_msg/cmake/export_obj_msg__rosidl_generator_cExport-release.cmake
[10.304s] -- Up-to-date: /home/etern1ty/ros2_ws/matlab/custom/matlab_msg_gen/glnxa64/install/share/obj_msg/cmake/export_obj_msg__rosidl_typesupport_fastrtps_cExport.cmake
[10.304s] -- Up-to-date: /home/etern1ty/ros2_ws/matlab/custom/matlab_msg_gen/glnxa64/install/share/obj_msg/cmake/export_obj_msg__rosidl_typesupport_fastrtps_cExport-release.cmake
[10.304s] -- Up-to-date: /home/etern1ty/ros2_ws/matlab/custom/matlab_msg_gen/glnxa64/install/share/obj_msg/cmake/obj_msg__rosidl_typesupport_introspection_cExport.cmake
[10.304s] -- Up-to-date: /home/etern1ty/ros2_ws/matlab/custom/matlab_msg_gen/glnxa64/install/share/obj_msg/cmake/obj_msg__rosidl_typesupport_introspection_cExport-release.cmake
[10.304s] -- Up-to-date: /home/etern1ty/ros2_ws/matlab/custom/matlab_msg_gen/glnxa64/install/share/obj_msg/cmake/obj_msg__rosidl_typesupport_cExport.cmake
[10.304s] -- Up-to-date: /home/etern1ty/ros2_ws/matlab/custom/matlab_msg_gen/glnxa64/install/share/obj_msg/cmake/obj_msg__rosidl_typesupport_cExport-release.cmake
[10.305s] -- Up-to-date: /home/etern1ty/ros2_ws/matlab/custom/matlab_msg_gen/glnxa64/install/share/obj_msg/cmake/export_obj_msg__rosidl_generator_cppExport.cmake
[10.305s] -- Up-to-date: /home/etern1ty/ros2_ws/matlab/custom/matlab_msg_gen/glnxa64/install/share/obj_msg/cmake/export_obj_msg__rosidl_typesupport_fastrtps_cppExport.cmake
[10.305s] -- Up-to-date: /home/etern1ty/ros2_ws/matlab/custom/matlab_msg_gen/glnxa64/install/share/obj_msg/cmake/export_obj_msg__rosidl_typesupport_fastrtps_cppExport-release.cmake
[10.305s] -- Up-to-date: /home/etern1ty/ros2_ws/matlab/custom/matlab_msg_gen/glnxa64/install/share/obj_msg/cmake/obj_msg__rosidl_typesupport_introspection_cppExport.cmake
[10.305s] -- Up-to-date: /home/etern1ty/ros2_ws/matlab/custom/matlab_msg_gen/glnxa64/install/share/obj_msg/cmake/obj_msg__rosidl_typesupport_introspection_cppExport-release.cmake
[10.305s] -- Up-to-date: /home/etern1ty/ros2_ws/matlab/custom/matlab_msg_gen/glnxa64/install/share/obj_msg/cmake/obj_msg__rosidl_typesupport_cppExport.cmake
[10.305s] -- Up-to-date: /home/etern1ty/ros2_ws/matlab/custom/matlab_msg_gen/glnxa64/install/share/obj_msg/cmake/obj_msg__rosidl_typesupport_cppExport-release.cmake
[10.306s] -- Up-to-date: /home/etern1ty/ros2_ws/matlab/custom/matlab_msg_gen/glnxa64/install/share/obj_msg/cmake/rosidl_cmake-extras.cmake
[10.306s] -- Up-to-date: /home/etern1ty/ros2_ws/matlab/custom/matlab_msg_gen/glnxa64/install/share/obj_msg/cmake/ament_cmake_export_include_directories-extras.cmake
[10.306s] -- Up-to-date: /home/etern1ty/ros2_ws/matlab/custom/matlab_msg_gen/glnxa64/install/share/obj_msg/cmake/ament_cmake_export_libraries-extras.cmake
[10.306s] -- Up-to-date: /home/etern1ty/ros2_ws/matlab/custom/matlab_msg_gen/glnxa64/install/share/obj_msg/cmake/ament_cmake_export_targets-extras.cmake
[10.306s] -- Up-to-date: /home/etern1ty/ros2_ws/matlab/custom/matlab_msg_gen/glnxa64/install/share/obj_msg/cmake/rosidl_cmake_export_typesupport_targets-extras.cmake
[10.306s] -- Up-to-date: /home/etern1ty/ros2_ws/matlab/custom/matlab_msg_gen/glnxa64/install/share/obj_msg/cmake/ament_cmake_export_dependencies-extras.cmake
[10.306s] -- Up-to-date: /home/etern1ty/ros2_ws/matlab/custom/matlab_msg_gen/glnxa64/install/share/obj_msg/cmake/rosidl_cmake_export_typesupport_libraries-extras.cmake
[10.306s] -- Up-to-date: /home/etern1ty/ros2_ws/matlab/custom/matlab_msg_gen/glnxa64/install/share/obj_msg/cmake/obj_msgConfig.cmake
[10.306s] -- Up-to-date: /home/etern1ty/ros2_ws/matlab/custom/matlab_msg_gen/glnxa64/install/share/obj_msg/cmake/obj_msgConfig-version.cmake
[10.306s] -- Installing: /home/etern1ty/ros2_ws/matlab/custom/matlab_msg_gen/glnxa64/install/share/obj_msg/package.xml
[10.315s] Invoked command in '/home/etern1ty/ros2_ws/matlab/custom/matlab_msg_gen/glnxa64/build/obj_msg' returned '0': PS1=(venv) VIRTUAL_ENV_PROMPT=(venv) /usr/local/MATLAB/R2023b/bin/glnxa64/cmake/bin/cmake --install /home/etern1ty/ros2_ws/matlab/custom/matlab_msg_gen/glnxa64/build/obj_msg
