[1.481s] DEBUG:colcon:Command line arguments: ['/usr/bin/colcon', 'build', '--packages-select', 'cpp_pubsub', '--parallel-workers', '2']
[1.481s] DEBUG:colcon:Parsed command line arguments: Namespace(log_base=None, log_level=None, verb_name='build', build_base='build', install_base='install', merge_install=False, symlink_install=False, test_result_base=None, continue_on_error=False, executor='parallel', parallel_workers=2, event_handlers=None, ignore_user_meta=False, metas=['./colcon.meta'], base_paths=['.'], packages_ignore=None, packages_ignore_regex=None, paths=None, packages_up_to=None, packages_up_to_regex=None, packages_above=None, packages_above_and_dependencies=None, packages_above_depth=None, packages_select_by_dep=None, packages_skip_by_dep=None, packages_skip_up_to=None, packages_select_build_failed=False, packages_skip_build_finished=False, packages_select_test_failures=False, packages_skip_test_passed=False, packages_select=['cpp_pubsub'], packages_skip=None, packages_select_regex=None, packages_skip_regex=None, packages_start=None, packages_end=None, allow_overriding=[], cmake_args=None, cmake_target=None, cmake_target_skip_unavailable=False, cmake_clean_cache=False, cmake_clean_first=False, cmake_force_configure=False, ament_cmake_args=None, catkin_cmake_args=None, catkin_skip_building_tests=False, verb_parser=<colcon_defaults.argument_parser.defaults.DefaultArgumentsDecorator object at 0x7f546fbd6a70>, verb_extension=<colcon_core.verb.build.BuildVerb object at 0x7f546fbd53c0>, main=<bound method BuildVerb.main of <colcon_core.verb.build.BuildVerb object at 0x7f546fbd53c0>>)
[1.558s] Level 1:colcon.colcon_core.package_discovery:discover_packages(colcon_meta) check parameters
[1.558s] Level 1:colcon.colcon_core.package_discovery:discover_packages(recursive) check parameters
[1.558s] Level 1:colcon.colcon_core.package_discovery:discover_packages(ignore) check parameters
[1.558s] Level 1:colcon.colcon_core.package_discovery:discover_packages(path) check parameters
[1.558s] Level 1:colcon.colcon_core.package_discovery:discover_packages(colcon_meta) discover
[1.558s] Level 1:colcon.colcon_core.package_discovery:discover_packages(recursive) discover
[1.558s] INFO:colcon.colcon_core.package_discovery:Crawling recursively for packages in '/home/etern1ty/ros2_ws'
[1.559s] Level 1:colcon.colcon_core.package_identification:_identify(.) by extensions ['ignore', 'ignore_ament_install']
[1.559s] Level 1:colcon.colcon_core.package_identification:_identify(.) by extension 'ignore'
[1.559s] Level 1:colcon.colcon_core.package_identification:_identify(.) by extension 'ignore_ament_install'
[1.559s] Level 1:colcon.colcon_core.package_identification:_identify(.) by extensions ['colcon_pkg']
[1.559s] Level 1:colcon.colcon_core.package_identification:_identify(.) by extension 'colcon_pkg'
[1.559s] Level 1:colcon.colcon_core.package_identification:_identify(.) by extensions ['colcon_meta']
[1.559s] Level 1:colcon.colcon_core.package_identification:_identify(.) by extension 'colcon_meta'
[1.559s] Level 1:colcon.colcon_core.package_identification:_identify(.) by extensions ['ros']
[1.559s] Level 1:colcon.colcon_core.package_identification:_identify(.) by extension 'ros'
[1.574s] Level 1:colcon.colcon_core.package_identification:_identify(.) by extensions ['cmake', 'python']
[1.574s] Level 1:colcon.colcon_core.package_identification:_identify(.) by extension 'cmake'
[1.574s] Level 1:colcon.colcon_core.package_identification:_identify(.) by extension 'python'
[1.574s] Level 1:colcon.colcon_core.package_identification:_identify(.) by extensions ['python_setup_py']
[1.574s] Level 1:colcon.colcon_core.package_identification:_identify(.) by extension 'python_setup_py'
[1.574s] Level 1:colcon.colcon_core.package_identification:_identify(build) by extensions ['ignore', 'ignore_ament_install']
[1.574s] Level 1:colcon.colcon_core.package_identification:_identify(build) by extension 'ignore'
[1.574s] Level 1:colcon.colcon_core.package_identification:_identify(build) ignored
[1.575s] Level 1:colcon.colcon_core.package_identification:_identify(install) by extensions ['ignore', 'ignore_ament_install']
[1.575s] Level 1:colcon.colcon_core.package_identification:_identify(install) by extension 'ignore'
[1.575s] Level 1:colcon.colcon_core.package_identification:_identify(install) ignored
[1.575s] Level 1:colcon.colcon_core.package_identification:_identify(log) by extensions ['ignore', 'ignore_ament_install']
[1.575s] Level 1:colcon.colcon_core.package_identification:_identify(log) by extension 'ignore'
[1.575s] Level 1:colcon.colcon_core.package_identification:_identify(log) ignored
[1.575s] Level 1:colcon.colcon_core.package_identification:_identify(src) by extensions ['ignore', 'ignore_ament_install']
[1.575s] Level 1:colcon.colcon_core.package_identification:_identify(src) by extension 'ignore'
[1.575s] Level 1:colcon.colcon_core.package_identification:_identify(src) by extension 'ignore_ament_install'
[1.575s] Level 1:colcon.colcon_core.package_identification:_identify(src) by extensions ['colcon_pkg']
[1.575s] Level 1:colcon.colcon_core.package_identification:_identify(src) by extension 'colcon_pkg'
[1.575s] Level 1:colcon.colcon_core.package_identification:_identify(src) by extensions ['colcon_meta']
[1.575s] Level 1:colcon.colcon_core.package_identification:_identify(src) by extension 'colcon_meta'
[1.576s] Level 1:colcon.colcon_core.package_identification:_identify(src) by extensions ['ros']
[1.576s] Level 1:colcon.colcon_core.package_identification:_identify(src) by extension 'ros'
[1.576s] Level 1:colcon.colcon_core.package_identification:_identify(src) by extensions ['cmake', 'python']
[1.576s] Level 1:colcon.colcon_core.package_identification:_identify(src) by extension 'cmake'
[1.576s] Level 1:colcon.colcon_core.package_identification:_identify(src) by extension 'python'
[1.576s] Level 1:colcon.colcon_core.package_identification:_identify(src) by extensions ['python_setup_py']
[1.576s] Level 1:colcon.colcon_core.package_identification:_identify(src) by extension 'python_setup_py'
[1.576s] Level 1:colcon.colcon_core.package_identification:_identify(src/cpp_pubsub) by extensions ['ignore', 'ignore_ament_install']
[1.576s] Level 1:colcon.colcon_core.package_identification:_identify(src/cpp_pubsub) by extension 'ignore'
[1.576s] Level 1:colcon.colcon_core.package_identification:_identify(src/cpp_pubsub) by extension 'ignore_ament_install'
[1.576s] Level 1:colcon.colcon_core.package_identification:_identify(src/cpp_pubsub) by extensions ['colcon_pkg']
[1.576s] Level 1:colcon.colcon_core.package_identification:_identify(src/cpp_pubsub) by extension 'colcon_pkg'
[1.576s] Level 1:colcon.colcon_core.package_identification:_identify(src/cpp_pubsub) by extensions ['colcon_meta']
[1.577s] Level 1:colcon.colcon_core.package_identification:_identify(src/cpp_pubsub) by extension 'colcon_meta'
[1.577s] Level 1:colcon.colcon_core.package_identification:_identify(src/cpp_pubsub) by extensions ['ros']
[1.577s] Level 1:colcon.colcon_core.package_identification:_identify(src/cpp_pubsub) by extension 'ros'
[1.581s] DEBUG:colcon.colcon_core.package_identification:Package 'src/cpp_pubsub' with type 'ros.ament_cmake' and name 'cpp_pubsub'
[1.581s] Level 1:colcon.colcon_core.package_identification:_identify(src/my_package) by extensions ['ignore', 'ignore_ament_install']
[1.581s] Level 1:colcon.colcon_core.package_identification:_identify(src/my_package) by extension 'ignore'
[1.581s] Level 1:colcon.colcon_core.package_identification:_identify(src/my_package) by extension 'ignore_ament_install'
[1.581s] Level 1:colcon.colcon_core.package_identification:_identify(src/my_package) by extensions ['colcon_pkg']
[1.581s] Level 1:colcon.colcon_core.package_identification:_identify(src/my_package) by extension 'colcon_pkg'
[1.581s] Level 1:colcon.colcon_core.package_identification:_identify(src/my_package) by extensions ['colcon_meta']
[1.581s] Level 1:colcon.colcon_core.package_identification:_identify(src/my_package) by extension 'colcon_meta'
[1.582s] Level 1:colcon.colcon_core.package_identification:_identify(src/my_package) by extensions ['ros']
[1.582s] Level 1:colcon.colcon_core.package_identification:_identify(src/my_package) by extension 'ros'
[1.582s] DEBUG:colcon.colcon_core.package_identification:Package 'src/my_package' with type 'ros.ament_cmake' and name 'my_package'
[1.583s] Level 1:colcon.colcon_core.package_identification:_identify(src/src) by extensions ['ignore', 'ignore_ament_install']
[1.583s] Level 1:colcon.colcon_core.package_identification:_identify(src/src) by extension 'ignore'
[1.583s] Level 1:colcon.colcon_core.package_identification:_identify(src/src) by extension 'ignore_ament_install'
[1.583s] Level 1:colcon.colcon_core.package_identification:_identify(src/src) by extensions ['colcon_pkg']
[1.583s] Level 1:colcon.colcon_core.package_identification:_identify(src/src) by extension 'colcon_pkg'
[1.583s] Level 1:colcon.colcon_core.package_identification:_identify(src/src) by extensions ['colcon_meta']
[1.583s] Level 1:colcon.colcon_core.package_identification:_identify(src/src) by extension 'colcon_meta'
[1.583s] Level 1:colcon.colcon_core.package_identification:_identify(src/src) by extensions ['ros']
[1.583s] Level 1:colcon.colcon_core.package_identification:_identify(src/src) by extension 'ros'
[1.583s] Level 1:colcon.colcon_core.package_identification:_identify(src/src) by extensions ['cmake', 'python']
[1.583s] Level 1:colcon.colcon_core.package_identification:_identify(src/src) by extension 'cmake'
[1.583s] Level 1:colcon.colcon_core.package_identification:_identify(src/src) by extension 'python'
[1.583s] Level 1:colcon.colcon_core.package_identification:_identify(src/src) by extensions ['python_setup_py']
[1.584s] Level 1:colcon.colcon_core.package_identification:_identify(src/src) by extension 'python_setup_py'
[1.584s] Level 1:colcon.colcon_core.package_identification:_identify(src/src/examples) by extensions ['ignore', 'ignore_ament_install']
[1.584s] Level 1:colcon.colcon_core.package_identification:_identify(src/src/examples) by extension 'ignore'
[1.584s] Level 1:colcon.colcon_core.package_identification:_identify(src/src/examples) by extension 'ignore_ament_install'
[1.584s] Level 1:colcon.colcon_core.package_identification:_identify(src/src/examples) by extensions ['colcon_pkg']
[1.584s] Level 1:colcon.colcon_core.package_identification:_identify(src/src/examples) by extension 'colcon_pkg'
[1.584s] Level 1:colcon.colcon_core.package_identification:_identify(src/src/examples) by extensions ['colcon_meta']
[1.584s] Level 1:colcon.colcon_core.package_identification:_identify(src/src/examples) by extension 'colcon_meta'
[1.584s] Level 1:colcon.colcon_core.package_identification:_identify(src/src/examples) by extensions ['ros']
[1.584s] Level 1:colcon.colcon_core.package_identification:_identify(src/src/examples) by extension 'ros'
[1.584s] Level 1:colcon.colcon_core.package_identification:_identify(src/src/examples) by extensions ['cmake', 'python']
[1.584s] Level 1:colcon.colcon_core.package_identification:_identify(src/src/examples) by extension 'cmake'
[1.584s] Level 1:colcon.colcon_core.package_identification:_identify(src/src/examples) by extension 'python'
[1.584s] Level 1:colcon.colcon_core.package_identification:_identify(src/src/examples) by extensions ['python_setup_py']
[1.584s] Level 1:colcon.colcon_core.package_identification:_identify(src/src/examples) by extension 'python_setup_py'
[1.585s] Level 1:colcon.colcon_core.package_identification:_identify(src/src/examples/launch_testing) by extensions ['ignore', 'ignore_ament_install']
[1.585s] Level 1:colcon.colcon_core.package_identification:_identify(src/src/examples/launch_testing) by extension 'ignore'
[1.585s] Level 1:colcon.colcon_core.package_identification:_identify(src/src/examples/launch_testing) by extension 'ignore_ament_install'
[1.585s] Level 1:colcon.colcon_core.package_identification:_identify(src/src/examples/launch_testing) by extensions ['colcon_pkg']
[1.585s] Level 1:colcon.colcon_core.package_identification:_identify(src/src/examples/launch_testing) by extension 'colcon_pkg'
[1.585s] Level 1:colcon.colcon_core.package_identification:_identify(src/src/examples/launch_testing) by extensions ['colcon_meta']
[1.585s] Level 1:colcon.colcon_core.package_identification:_identify(src/src/examples/launch_testing) by extension 'colcon_meta'
[1.585s] Level 1:colcon.colcon_core.package_identification:_identify(src/src/examples/launch_testing) by extensions ['ros']
[1.585s] Level 1:colcon.colcon_core.package_identification:_identify(src/src/examples/launch_testing) by extension 'ros'
[1.585s] Level 1:colcon.colcon_core.package_identification:_identify(src/src/examples/launch_testing) by extensions ['cmake', 'python']
[1.585s] Level 1:colcon.colcon_core.package_identification:_identify(src/src/examples/launch_testing) by extension 'cmake'
[1.585s] Level 1:colcon.colcon_core.package_identification:_identify(src/src/examples/launch_testing) by extension 'python'
[1.585s] Level 1:colcon.colcon_core.package_identification:_identify(src/src/examples/launch_testing) by extensions ['python_setup_py']
[1.585s] Level 1:colcon.colcon_core.package_identification:_identify(src/src/examples/launch_testing) by extension 'python_setup_py'
[1.586s] Level 1:colcon.colcon_core.package_identification:_identify(src/src/examples/launch_testing/launch_testing_examples) by extensions ['ignore', 'ignore_ament_install']
[1.586s] Level 1:colcon.colcon_core.package_identification:_identify(src/src/examples/launch_testing/launch_testing_examples) by extension 'ignore'
[1.586s] Level 1:colcon.colcon_core.package_identification:_identify(src/src/examples/launch_testing/launch_testing_examples) by extension 'ignore_ament_install'
[1.586s] Level 1:colcon.colcon_core.package_identification:_identify(src/src/examples/launch_testing/launch_testing_examples) by extensions ['colcon_pkg']
[1.586s] Level 1:colcon.colcon_core.package_identification:_identify(src/src/examples/launch_testing/launch_testing_examples) by extension 'colcon_pkg'
[1.586s] Level 1:colcon.colcon_core.package_identification:_identify(src/src/examples/launch_testing/launch_testing_examples) by extensions ['colcon_meta']
[1.586s] Level 1:colcon.colcon_core.package_identification:_identify(src/src/examples/launch_testing/launch_testing_examples) by extension 'colcon_meta'
[1.586s] Level 1:colcon.colcon_core.package_identification:_identify(src/src/examples/launch_testing/launch_testing_examples) by extensions ['ros']
[1.586s] Level 1:colcon.colcon_core.package_identification:_identify(src/src/examples/launch_testing/launch_testing_examples) by extension 'ros'
[1.587s] DEBUG:colcon.colcon_core.package_identification:Package 'src/src/examples/launch_testing/launch_testing_examples' with type 'ros.ament_python' and name 'launch_testing_examples'
[1.588s] Level 1:colcon.colcon_core.package_identification:_identify(src/src/examples/rclcpp) by extensions ['ignore', 'ignore_ament_install']
[1.588s] Level 1:colcon.colcon_core.package_identification:_identify(src/src/examples/rclcpp) by extension 'ignore'
[1.588s] Level 1:colcon.colcon_core.package_identification:_identify(src/src/examples/rclcpp) by extension 'ignore_ament_install'
[1.588s] Level 1:colcon.colcon_core.package_identification:_identify(src/src/examples/rclcpp) by extensions ['colcon_pkg']
[1.588s] Level 1:colcon.colcon_core.package_identification:_identify(src/src/examples/rclcpp) by extension 'colcon_pkg'
[1.588s] Level 1:colcon.colcon_core.package_identification:_identify(src/src/examples/rclcpp) by extensions ['colcon_meta']
[1.588s] Level 1:colcon.colcon_core.package_identification:_identify(src/src/examples/rclcpp) by extension 'colcon_meta'
[1.588s] Level 1:colcon.colcon_core.package_identification:_identify(src/src/examples/rclcpp) by extensions ['ros']
[1.588s] Level 1:colcon.colcon_core.package_identification:_identify(src/src/examples/rclcpp) by extension 'ros'
[1.588s] Level 1:colcon.colcon_core.package_identification:_identify(src/src/examples/rclcpp) by extensions ['cmake', 'python']
[1.588s] Level 1:colcon.colcon_core.package_identification:_identify(src/src/examples/rclcpp) by extension 'cmake'
[1.589s] Level 1:colcon.colcon_core.package_identification:_identify(src/src/examples/rclcpp) by extension 'python'
[1.589s] Level 1:colcon.colcon_core.package_identification:_identify(src/src/examples/rclcpp) by extensions ['python_setup_py']
[1.589s] Level 1:colcon.colcon_core.package_identification:_identify(src/src/examples/rclcpp) by extension 'python_setup_py'
[1.589s] Level 1:colcon.colcon_core.package_identification:_identify(src/src/examples/rclcpp/actions) by extensions ['ignore', 'ignore_ament_install']
[1.589s] Level 1:colcon.colcon_core.package_identification:_identify(src/src/examples/rclcpp/actions) by extension 'ignore'
[1.589s] Level 1:colcon.colcon_core.package_identification:_identify(src/src/examples/rclcpp/actions) by extension 'ignore_ament_install'
[1.589s] Level 1:colcon.colcon_core.package_identification:_identify(src/src/examples/rclcpp/actions) by extensions ['colcon_pkg']
[1.589s] Level 1:colcon.colcon_core.package_identification:_identify(src/src/examples/rclcpp/actions) by extension 'colcon_pkg'
[1.589s] Level 1:colcon.colcon_core.package_identification:_identify(src/src/examples/rclcpp/actions) by extensions ['colcon_meta']
[1.589s] Level 1:colcon.colcon_core.package_identification:_identify(src/src/examples/rclcpp/actions) by extension 'colcon_meta'
[1.589s] Level 1:colcon.colcon_core.package_identification:_identify(src/src/examples/rclcpp/actions) by extensions ['ros']
[1.589s] Level 1:colcon.colcon_core.package_identification:_identify(src/src/examples/rclcpp/actions) by extension 'ros'
[1.589s] Level 1:colcon.colcon_core.package_identification:_identify(src/src/examples/rclcpp/actions) by extensions ['cmake', 'python']
[1.589s] Level 1:colcon.colcon_core.package_identification:_identify(src/src/examples/rclcpp/actions) by extension 'cmake'
[1.589s] Level 1:colcon.colcon_core.package_identification:_identify(src/src/examples/rclcpp/actions) by extension 'python'
[1.589s] Level 1:colcon.colcon_core.package_identification:_identify(src/src/examples/rclcpp/actions) by extensions ['python_setup_py']
[1.589s] Level 1:colcon.colcon_core.package_identification:_identify(src/src/examples/rclcpp/actions) by extension 'python_setup_py'
[1.590s] Level 1:colcon.colcon_core.package_identification:_identify(src/src/examples/rclcpp/actions/minimal_action_client) by extensions ['ignore', 'ignore_ament_install']
[1.590s] Level 1:colcon.colcon_core.package_identification:_identify(src/src/examples/rclcpp/actions/minimal_action_client) by extension 'ignore'
[1.590s] Level 1:colcon.colcon_core.package_identification:_identify(src/src/examples/rclcpp/actions/minimal_action_client) by extension 'ignore_ament_install'
[1.590s] Level 1:colcon.colcon_core.package_identification:_identify(src/src/examples/rclcpp/actions/minimal_action_client) by extensions ['colcon_pkg']
[1.590s] Level 1:colcon.colcon_core.package_identification:_identify(src/src/examples/rclcpp/actions/minimal_action_client) by extension 'colcon_pkg'
[1.590s] Level 1:colcon.colcon_core.package_identification:_identify(src/src/examples/rclcpp/actions/minimal_action_client) by extensions ['colcon_meta']
[1.590s] Level 1:colcon.colcon_core.package_identification:_identify(src/src/examples/rclcpp/actions/minimal_action_client) by extension 'colcon_meta'
[1.590s] Level 1:colcon.colcon_core.package_identification:_identify(src/src/examples/rclcpp/actions/minimal_action_client) by extensions ['ros']
[1.590s] Level 1:colcon.colcon_core.package_identification:_identify(src/src/examples/rclcpp/actions/minimal_action_client) by extension 'ros'
[1.591s] DEBUG:colcon.colcon_core.package_identification:Package 'src/src/examples/rclcpp/actions/minimal_action_client' with type 'ros.ament_cmake' and name 'examples_rclcpp_minimal_action_client'
[1.591s] Level 1:colcon.colcon_core.package_identification:_identify(src/src/examples/rclcpp/actions/minimal_action_server) by extensions ['ignore', 'ignore_ament_install']
[1.592s] Level 1:colcon.colcon_core.package_identification:_identify(src/src/examples/rclcpp/actions/minimal_action_server) by extension 'ignore'
[1.592s] Level 1:colcon.colcon_core.package_identification:_identify(src/src/examples/rclcpp/actions/minimal_action_server) by extension 'ignore_ament_install'
[1.592s] Level 1:colcon.colcon_core.package_identification:_identify(src/src/examples/rclcpp/actions/minimal_action_server) by extensions ['colcon_pkg']
[1.592s] Level 1:colcon.colcon_core.package_identification:_identify(src/src/examples/rclcpp/actions/minimal_action_server) by extension 'colcon_pkg'
[1.592s] Level 1:colcon.colcon_core.package_identification:_identify(src/src/examples/rclcpp/actions/minimal_action_server) by extensions ['colcon_meta']
[1.592s] Level 1:colcon.colcon_core.package_identification:_identify(src/src/examples/rclcpp/actions/minimal_action_server) by extension 'colcon_meta'
[1.592s] Level 1:colcon.colcon_core.package_identification:_identify(src/src/examples/rclcpp/actions/minimal_action_server) by extensions ['ros']
[1.592s] Level 1:colcon.colcon_core.package_identification:_identify(src/src/examples/rclcpp/actions/minimal_action_server) by extension 'ros'
[1.593s] DEBUG:colcon.colcon_core.package_identification:Package 'src/src/examples/rclcpp/actions/minimal_action_server' with type 'ros.ament_cmake' and name 'examples_rclcpp_minimal_action_server'
[1.594s] Level 1:colcon.colcon_core.package_identification:_identify(src/src/examples/rclcpp/composition) by extensions ['ignore', 'ignore_ament_install']
[1.594s] Level 1:colcon.colcon_core.package_identification:_identify(src/src/examples/rclcpp/composition) by extension 'ignore'
[1.594s] Level 1:colcon.colcon_core.package_identification:_identify(src/src/examples/rclcpp/composition) by extension 'ignore_ament_install'
[1.594s] Level 1:colcon.colcon_core.package_identification:_identify(src/src/examples/rclcpp/composition) by extensions ['colcon_pkg']
[1.594s] Level 1:colcon.colcon_core.package_identification:_identify(src/src/examples/rclcpp/composition) by extension 'colcon_pkg'
[1.594s] Level 1:colcon.colcon_core.package_identification:_identify(src/src/examples/rclcpp/composition) by extensions ['colcon_meta']
[1.594s] Level 1:colcon.colcon_core.package_identification:_identify(src/src/examples/rclcpp/composition) by extension 'colcon_meta'
[1.594s] Level 1:colcon.colcon_core.package_identification:_identify(src/src/examples/rclcpp/composition) by extensions ['ros']
[1.594s] Level 1:colcon.colcon_core.package_identification:_identify(src/src/examples/rclcpp/composition) by extension 'ros'
[1.594s] Level 1:colcon.colcon_core.package_identification:_identify(src/src/examples/rclcpp/composition) by extensions ['cmake', 'python']
[1.594s] Level 1:colcon.colcon_core.package_identification:_identify(src/src/examples/rclcpp/composition) by extension 'cmake'
[1.594s] Level 1:colcon.colcon_core.package_identification:_identify(src/src/examples/rclcpp/composition) by extension 'python'
[1.594s] Level 1:colcon.colcon_core.package_identification:_identify(src/src/examples/rclcpp/composition) by extensions ['python_setup_py']
[1.594s] Level 1:colcon.colcon_core.package_identification:_identify(src/src/examples/rclcpp/composition) by extension 'python_setup_py'
[1.595s] Level 1:colcon.colcon_core.package_identification:_identify(src/src/examples/rclcpp/composition/minimal_composition) by extensions ['ignore', 'ignore_ament_install']
[1.595s] Level 1:colcon.colcon_core.package_identification:_identify(src/src/examples/rclcpp/composition/minimal_composition) by extension 'ignore'
[1.595s] Level 1:colcon.colcon_core.package_identification:_identify(src/src/examples/rclcpp/composition/minimal_composition) by extension 'ignore_ament_install'
[1.595s] Level 1:colcon.colcon_core.package_identification:_identify(src/src/examples/rclcpp/composition/minimal_composition) by extensions ['colcon_pkg']
[1.595s] Level 1:colcon.colcon_core.package_identification:_identify(src/src/examples/rclcpp/composition/minimal_composition) by extension 'colcon_pkg'
[1.595s] Level 1:colcon.colcon_core.package_identification:_identify(src/src/examples/rclcpp/composition/minimal_composition) by extensions ['colcon_meta']
[1.595s] Level 1:colcon.colcon_core.package_identification:_identify(src/src/examples/rclcpp/composition/minimal_composition) by extension 'colcon_meta'
[1.595s] Level 1:colcon.colcon_core.package_identification:_identify(src/src/examples/rclcpp/composition/minimal_composition) by extensions ['ros']
[1.595s] Level 1:colcon.colcon_core.package_identification:_identify(src/src/examples/rclcpp/composition/minimal_composition) by extension 'ros'
[1.596s] DEBUG:colcon.colcon_core.package_identification:Package 'src/src/examples/rclcpp/composition/minimal_composition' with type 'ros.ament_cmake' and name 'examples_rclcpp_minimal_composition'
[1.596s] Level 1:colcon.colcon_core.package_identification:_identify(src/src/examples/rclcpp/executors) by extensions ['ignore', 'ignore_ament_install']
[1.596s] Level 1:colcon.colcon_core.package_identification:_identify(src/src/examples/rclcpp/executors) by extension 'ignore'
[1.596s] Level 1:colcon.colcon_core.package_identification:_identify(src/src/examples/rclcpp/executors) by extension 'ignore_ament_install'
[1.596s] Level 1:colcon.colcon_core.package_identification:_identify(src/src/examples/rclcpp/executors) by extensions ['colcon_pkg']
[1.596s] Level 1:colcon.colcon_core.package_identification:_identify(src/src/examples/rclcpp/executors) by extension 'colcon_pkg'
[1.596s] Level 1:colcon.colcon_core.package_identification:_identify(src/src/examples/rclcpp/executors) by extensions ['colcon_meta']
[1.596s] Level 1:colcon.colcon_core.package_identification:_identify(src/src/examples/rclcpp/executors) by extension 'colcon_meta'
[1.596s] Level 1:colcon.colcon_core.package_identification:_identify(src/src/examples/rclcpp/executors) by extensions ['ros']
[1.596s] Level 1:colcon.colcon_core.package_identification:_identify(src/src/examples/rclcpp/executors) by extension 'ros'
[1.596s] Level 1:colcon.colcon_core.package_identification:_identify(src/src/examples/rclcpp/executors) by extensions ['cmake', 'python']
[1.596s] Level 1:colcon.colcon_core.package_identification:_identify(src/src/examples/rclcpp/executors) by extension 'cmake'
[1.596s] Level 1:colcon.colcon_core.package_identification:_identify(src/src/examples/rclcpp/executors) by extension 'python'
[1.596s] Level 1:colcon.colcon_core.package_identification:_identify(src/src/examples/rclcpp/executors) by extensions ['python_setup_py']
[1.596s] Level 1:colcon.colcon_core.package_identification:_identify(src/src/examples/rclcpp/executors) by extension 'python_setup_py'
[1.597s] Level 1:colcon.colcon_core.package_identification:_identify(src/src/examples/rclcpp/executors/cbg_executor) by extensions ['ignore', 'ignore_ament_install']
[1.597s] Level 1:colcon.colcon_core.package_identification:_identify(src/src/examples/rclcpp/executors/cbg_executor) by extension 'ignore'
[1.597s] Level 1:colcon.colcon_core.package_identification:_identify(src/src/examples/rclcpp/executors/cbg_executor) by extension 'ignore_ament_install'
[1.597s] Level 1:colcon.colcon_core.package_identification:_identify(src/src/examples/rclcpp/executors/cbg_executor) by extensions ['colcon_pkg']
[1.597s] Level 1:colcon.colcon_core.package_identification:_identify(src/src/examples/rclcpp/executors/cbg_executor) by extension 'colcon_pkg'
[1.597s] Level 1:colcon.colcon_core.package_identification:_identify(src/src/examples/rclcpp/executors/cbg_executor) by extensions ['colcon_meta']
[1.597s] Level 1:colcon.colcon_core.package_identification:_identify(src/src/examples/rclcpp/executors/cbg_executor) by extension 'colcon_meta'
[1.597s] Level 1:colcon.colcon_core.package_identification:_identify(src/src/examples/rclcpp/executors/cbg_executor) by extensions ['ros']
[1.597s] Level 1:colcon.colcon_core.package_identification:_identify(src/src/examples/rclcpp/executors/cbg_executor) by extension 'ros'
[1.598s] DEBUG:colcon.colcon_core.package_identification:Package 'src/src/examples/rclcpp/executors/cbg_executor' with type 'ros.ament_cmake' and name 'examples_rclcpp_cbg_executor'
[1.598s] Level 1:colcon.colcon_core.package_identification:_identify(src/src/examples/rclcpp/executors/multithreaded_executor) by extensions ['ignore', 'ignore_ament_install']
[1.598s] Level 1:colcon.colcon_core.package_identification:_identify(src/src/examples/rclcpp/executors/multithreaded_executor) by extension 'ignore'
[1.598s] Level 1:colcon.colcon_core.package_identification:_identify(src/src/examples/rclcpp/executors/multithreaded_executor) by extension 'ignore_ament_install'
[1.598s] Level 1:colcon.colcon_core.package_identification:_identify(src/src/examples/rclcpp/executors/multithreaded_executor) by extensions ['colcon_pkg']
[1.598s] Level 1:colcon.colcon_core.package_identification:_identify(src/src/examples/rclcpp/executors/multithreaded_executor) by extension 'colcon_pkg'
[1.598s] Level 1:colcon.colcon_core.package_identification:_identify(src/src/examples/rclcpp/executors/multithreaded_executor) by extensions ['colcon_meta']
[1.598s] Level 1:colcon.colcon_core.package_identification:_identify(src/src/examples/rclcpp/executors/multithreaded_executor) by extension 'colcon_meta'
[1.598s] Level 1:colcon.colcon_core.package_identification:_identify(src/src/examples/rclcpp/executors/multithreaded_executor) by extensions ['ros']
[1.598s] Level 1:colcon.colcon_core.package_identification:_identify(src/src/examples/rclcpp/executors/multithreaded_executor) by extension 'ros'
[1.599s] DEBUG:colcon.colcon_core.package_identification:Package 'src/src/examples/rclcpp/executors/multithreaded_executor' with type 'ros.ament_cmake' and name 'examples_rclcpp_multithreaded_executor'
[1.599s] Level 1:colcon.colcon_core.package_identification:_identify(src/src/examples/rclcpp/services) by extensions ['ignore', 'ignore_ament_install']
[1.599s] Level 1:colcon.colcon_core.package_identification:_identify(src/src/examples/rclcpp/services) by extension 'ignore'
[1.599s] Level 1:colcon.colcon_core.package_identification:_identify(src/src/examples/rclcpp/services) by extension 'ignore_ament_install'
[1.599s] Level 1:colcon.colcon_core.package_identification:_identify(src/src/examples/rclcpp/services) by extensions ['colcon_pkg']
[1.599s] Level 1:colcon.colcon_core.package_identification:_identify(src/src/examples/rclcpp/services) by extension 'colcon_pkg'
[1.599s] Level 1:colcon.colcon_core.package_identification:_identify(src/src/examples/rclcpp/services) by extensions ['colcon_meta']
[1.599s] Level 1:colcon.colcon_core.package_identification:_identify(src/src/examples/rclcpp/services) by extension 'colcon_meta'
[1.599s] Level 1:colcon.colcon_core.package_identification:_identify(src/src/examples/rclcpp/services) by extensions ['ros']
[1.599s] Level 1:colcon.colcon_core.package_identification:_identify(src/src/examples/rclcpp/services) by extension 'ros'
[1.600s] Level 1:colcon.colcon_core.package_identification:_identify(src/src/examples/rclcpp/services) by extensions ['cmake', 'python']
[1.600s] Level 1:colcon.colcon_core.package_identification:_identify(src/src/examples/rclcpp/services) by extension 'cmake'
[1.600s] Level 1:colcon.colcon_core.package_identification:_identify(src/src/examples/rclcpp/services) by extension 'python'
[1.600s] Level 1:colcon.colcon_core.package_identification:_identify(src/src/examples/rclcpp/services) by extensions ['python_setup_py']
[1.600s] Level 1:colcon.colcon_core.package_identification:_identify(src/src/examples/rclcpp/services) by extension 'python_setup_py'
[1.600s] Level 1:colcon.colcon_core.package_identification:_identify(src/src/examples/rclcpp/services/async_client) by extensions ['ignore', 'ignore_ament_install']
[1.600s] Level 1:colcon.colcon_core.package_identification:_identify(src/src/examples/rclcpp/services/async_client) by extension 'ignore'
[1.600s] Level 1:colcon.colcon_core.package_identification:_identify(src/src/examples/rclcpp/services/async_client) by extension 'ignore_ament_install'
[1.600s] Level 1:colcon.colcon_core.package_identification:_identify(src/src/examples/rclcpp/services/async_client) by extensions ['colcon_pkg']
[1.600s] Level 1:colcon.colcon_core.package_identification:_identify(src/src/examples/rclcpp/services/async_client) by extension 'colcon_pkg'
[1.600s] Level 1:colcon.colcon_core.package_identification:_identify(src/src/examples/rclcpp/services/async_client) by extensions ['colcon_meta']
[1.600s] Level 1:colcon.colcon_core.package_identification:_identify(src/src/examples/rclcpp/services/async_client) by extension 'colcon_meta'
[1.600s] Level 1:colcon.colcon_core.package_identification:_identify(src/src/examples/rclcpp/services/async_client) by extensions ['ros']
[1.600s] Level 1:colcon.colcon_core.package_identification:_identify(src/src/examples/rclcpp/services/async_client) by extension 'ros'
[1.601s] DEBUG:colcon.colcon_core.package_identification:Package 'src/src/examples/rclcpp/services/async_client' with type 'ros.ament_cmake' and name 'examples_rclcpp_async_client'
[1.601s] Level 1:colcon.colcon_core.package_identification:_identify(src/src/examples/rclcpp/services/minimal_client) by extensions ['ignore', 'ignore_ament_install']
[1.601s] Level 1:colcon.colcon_core.package_identification:_identify(src/src/examples/rclcpp/services/minimal_client) by extension 'ignore'
[1.601s] Level 1:colcon.colcon_core.package_identification:_identify(src/src/examples/rclcpp/services/minimal_client) by extension 'ignore_ament_install'
[1.601s] Level 1:colcon.colcon_core.package_identification:_identify(src/src/examples/rclcpp/services/minimal_client) by extensions ['colcon_pkg']
[1.601s] Level 1:colcon.colcon_core.package_identification:_identify(src/src/examples/rclcpp/services/minimal_client) by extension 'colcon_pkg'
[1.601s] Level 1:colcon.colcon_core.package_identification:_identify(src/src/examples/rclcpp/services/minimal_client) by extensions ['colcon_meta']
[1.601s] Level 1:colcon.colcon_core.package_identification:_identify(src/src/examples/rclcpp/services/minimal_client) by extension 'colcon_meta'
[1.601s] Level 1:colcon.colcon_core.package_identification:_identify(src/src/examples/rclcpp/services/minimal_client) by extensions ['ros']
[1.601s] Level 1:colcon.colcon_core.package_identification:_identify(src/src/examples/rclcpp/services/minimal_client) by extension 'ros'
[1.602s] DEBUG:colcon.colcon_core.package_identification:Package 'src/src/examples/rclcpp/services/minimal_client' with type 'ros.ament_cmake' and name 'examples_rclcpp_minimal_client'
[1.602s] Level 1:colcon.colcon_core.package_identification:_identify(src/src/examples/rclcpp/services/minimal_service) by extensions ['ignore', 'ignore_ament_install']
[1.602s] Level 1:colcon.colcon_core.package_identification:_identify(src/src/examples/rclcpp/services/minimal_service) by extension 'ignore'
[1.602s] Level 1:colcon.colcon_core.package_identification:_identify(src/src/examples/rclcpp/services/minimal_service) by extension 'ignore_ament_install'
[1.603s] Level 1:colcon.colcon_core.package_identification:_identify(src/src/examples/rclcpp/services/minimal_service) by extensions ['colcon_pkg']
[1.603s] Level 1:colcon.colcon_core.package_identification:_identify(src/src/examples/rclcpp/services/minimal_service) by extension 'colcon_pkg'
[1.603s] Level 1:colcon.colcon_core.package_identification:_identify(src/src/examples/rclcpp/services/minimal_service) by extensions ['colcon_meta']
[1.603s] Level 1:colcon.colcon_core.package_identification:_identify(src/src/examples/rclcpp/services/minimal_service) by extension 'colcon_meta'
[1.603s] Level 1:colcon.colcon_core.package_identification:_identify(src/src/examples/rclcpp/services/minimal_service) by extensions ['ros']
[1.603s] Level 1:colcon.colcon_core.package_identification:_identify(src/src/examples/rclcpp/services/minimal_service) by extension 'ros'
[1.603s] DEBUG:colcon.colcon_core.package_identification:Package 'src/src/examples/rclcpp/services/minimal_service' with type 'ros.ament_cmake' and name 'examples_rclcpp_minimal_service'
[1.603s] Level 1:colcon.colcon_core.package_identification:_identify(src/src/examples/rclcpp/timers) by extensions ['ignore', 'ignore_ament_install']
[1.603s] Level 1:colcon.colcon_core.package_identification:_identify(src/src/examples/rclcpp/timers) by extension 'ignore'
[1.604s] Level 1:colcon.colcon_core.package_identification:_identify(src/src/examples/rclcpp/timers) by extension 'ignore_ament_install'
[1.604s] Level 1:colcon.colcon_core.package_identification:_identify(src/src/examples/rclcpp/timers) by extensions ['colcon_pkg']
[1.604s] Level 1:colcon.colcon_core.package_identification:_identify(src/src/examples/rclcpp/timers) by extension 'colcon_pkg'
[1.604s] Level 1:colcon.colcon_core.package_identification:_identify(src/src/examples/rclcpp/timers) by extensions ['colcon_meta']
[1.604s] Level 1:colcon.colcon_core.package_identification:_identify(src/src/examples/rclcpp/timers) by extension 'colcon_meta'
[1.604s] Level 1:colcon.colcon_core.package_identification:_identify(src/src/examples/rclcpp/timers) by extensions ['ros']
[1.604s] Level 1:colcon.colcon_core.package_identification:_identify(src/src/examples/rclcpp/timers) by extension 'ros'
[1.604s] Level 1:colcon.colcon_core.package_identification:_identify(src/src/examples/rclcpp/timers) by extensions ['cmake', 'python']
[1.604s] Level 1:colcon.colcon_core.package_identification:_identify(src/src/examples/rclcpp/timers) by extension 'cmake'
[1.604s] Level 1:colcon.colcon_core.package_identification:_identify(src/src/examples/rclcpp/timers) by extension 'python'
[1.604s] Level 1:colcon.colcon_core.package_identification:_identify(src/src/examples/rclcpp/timers) by extensions ['python_setup_py']
[1.604s] Level 1:colcon.colcon_core.package_identification:_identify(src/src/examples/rclcpp/timers) by extension 'python_setup_py'
[1.604s] Level 1:colcon.colcon_core.package_identification:_identify(src/src/examples/rclcpp/timers/minimal_timer) by extensions ['ignore', 'ignore_ament_install']
[1.604s] Level 1:colcon.colcon_core.package_identification:_identify(src/src/examples/rclcpp/timers/minimal_timer) by extension 'ignore'
[1.604s] Level 1:colcon.colcon_core.package_identification:_identify(src/src/examples/rclcpp/timers/minimal_timer) by extension 'ignore_ament_install'
[1.604s] Level 1:colcon.colcon_core.package_identification:_identify(src/src/examples/rclcpp/timers/minimal_timer) by extensions ['colcon_pkg']
[1.604s] Level 1:colcon.colcon_core.package_identification:_identify(src/src/examples/rclcpp/timers/minimal_timer) by extension 'colcon_pkg'
[1.604s] Level 1:colcon.colcon_core.package_identification:_identify(src/src/examples/rclcpp/timers/minimal_timer) by extensions ['colcon_meta']
[1.604s] Level 1:colcon.colcon_core.package_identification:_identify(src/src/examples/rclcpp/timers/minimal_timer) by extension 'colcon_meta'
[1.605s] Level 1:colcon.colcon_core.package_identification:_identify(src/src/examples/rclcpp/timers/minimal_timer) by extensions ['ros']
[1.605s] Level 1:colcon.colcon_core.package_identification:_identify(src/src/examples/rclcpp/timers/minimal_timer) by extension 'ros'
[1.605s] DEBUG:colcon.colcon_core.package_identification:Package 'src/src/examples/rclcpp/timers/minimal_timer' with type 'ros.ament_cmake' and name 'examples_rclcpp_minimal_timer'
[1.606s] Level 1:colcon.colcon_core.package_identification:_identify(src/src/examples/rclcpp/topics) by extensions ['ignore', 'ignore_ament_install']
[1.606s] Level 1:colcon.colcon_core.package_identification:_identify(src/src/examples/rclcpp/topics) by extension 'ignore'
[1.606s] Level 1:colcon.colcon_core.package_identification:_identify(src/src/examples/rclcpp/topics) by extension 'ignore_ament_install'
[1.606s] Level 1:colcon.colcon_core.package_identification:_identify(src/src/examples/rclcpp/topics) by extensions ['colcon_pkg']
[1.606s] Level 1:colcon.colcon_core.package_identification:_identify(src/src/examples/rclcpp/topics) by extension 'colcon_pkg'
[1.606s] Level 1:colcon.colcon_core.package_identification:_identify(src/src/examples/rclcpp/topics) by extensions ['colcon_meta']
[1.606s] Level 1:colcon.colcon_core.package_identification:_identify(src/src/examples/rclcpp/topics) by extension 'colcon_meta'
[1.606s] Level 1:colcon.colcon_core.package_identification:_identify(src/src/examples/rclcpp/topics) by extensions ['ros']
[1.606s] Level 1:colcon.colcon_core.package_identification:_identify(src/src/examples/rclcpp/topics) by extension 'ros'
[1.606s] Level 1:colcon.colcon_core.package_identification:_identify(src/src/examples/rclcpp/topics) by extensions ['cmake', 'python']
[1.606s] Level 1:colcon.colcon_core.package_identification:_identify(src/src/examples/rclcpp/topics) by extension 'cmake'
[1.606s] Level 1:colcon.colcon_core.package_identification:_identify(src/src/examples/rclcpp/topics) by extension 'python'
[1.606s] Level 1:colcon.colcon_core.package_identification:_identify(src/src/examples/rclcpp/topics) by extensions ['python_setup_py']
[1.606s] Level 1:colcon.colcon_core.package_identification:_identify(src/src/examples/rclcpp/topics) by extension 'python_setup_py'
[1.607s] Level 1:colcon.colcon_core.package_identification:_identify(src/src/examples/rclcpp/topics/minimal_publisher) by extensions ['ignore', 'ignore_ament_install']
[1.607s] Level 1:colcon.colcon_core.package_identification:_identify(src/src/examples/rclcpp/topics/minimal_publisher) by extension 'ignore'
[1.607s] Level 1:colcon.colcon_core.package_identification:_identify(src/src/examples/rclcpp/topics/minimal_publisher) by extension 'ignore_ament_install'
[1.607s] Level 1:colcon.colcon_core.package_identification:_identify(src/src/examples/rclcpp/topics/minimal_publisher) by extensions ['colcon_pkg']
[1.607s] Level 1:colcon.colcon_core.package_identification:_identify(src/src/examples/rclcpp/topics/minimal_publisher) by extension 'colcon_pkg'
[1.607s] Level 1:colcon.colcon_core.package_identification:_identify(src/src/examples/rclcpp/topics/minimal_publisher) by extensions ['colcon_meta']
[1.607s] Level 1:colcon.colcon_core.package_identification:_identify(src/src/examples/rclcpp/topics/minimal_publisher) by extension 'colcon_meta'
[1.607s] Level 1:colcon.colcon_core.package_identification:_identify(src/src/examples/rclcpp/topics/minimal_publisher) by extensions ['ros']
[1.607s] Level 1:colcon.colcon_core.package_identification:_identify(src/src/examples/rclcpp/topics/minimal_publisher) by extension 'ros'
[1.608s] DEBUG:colcon.colcon_core.package_identification:Package 'src/src/examples/rclcpp/topics/minimal_publisher' with type 'ros.ament_cmake' and name 'examples_rclcpp_minimal_publisher'
[1.608s] Level 1:colcon.colcon_core.package_identification:_identify(src/src/examples/rclcpp/topics/minimal_subscriber) by extensions ['ignore', 'ignore_ament_install']
[1.608s] Level 1:colcon.colcon_core.package_identification:_identify(src/src/examples/rclcpp/topics/minimal_subscriber) by extension 'ignore'
[1.608s] Level 1:colcon.colcon_core.package_identification:_identify(src/src/examples/rclcpp/topics/minimal_subscriber) by extension 'ignore_ament_install'
[1.608s] Level 1:colcon.colcon_core.package_identification:_identify(src/src/examples/rclcpp/topics/minimal_subscriber) by extensions ['colcon_pkg']
[1.608s] Level 1:colcon.colcon_core.package_identification:_identify(src/src/examples/rclcpp/topics/minimal_subscriber) by extension 'colcon_pkg'
[1.609s] Level 1:colcon.colcon_core.package_identification:_identify(src/src/examples/rclcpp/topics/minimal_subscriber) by extensions ['colcon_meta']
[1.609s] Level 1:colcon.colcon_core.package_identification:_identify(src/src/examples/rclcpp/topics/minimal_subscriber) by extension 'colcon_meta'
[1.609s] Level 1:colcon.colcon_core.package_identification:_identify(src/src/examples/rclcpp/topics/minimal_subscriber) by extensions ['ros']
[1.609s] Level 1:colcon.colcon_core.package_identification:_identify(src/src/examples/rclcpp/topics/minimal_subscriber) by extension 'ros'
[1.609s] DEBUG:colcon.colcon_core.package_identification:Package 'src/src/examples/rclcpp/topics/minimal_subscriber' with type 'ros.ament_cmake' and name 'examples_rclcpp_minimal_subscriber'
[1.610s] Level 1:colcon.colcon_core.package_identification:_identify(src/src/examples/rclcpp/wait_set) by extensions ['ignore', 'ignore_ament_install']
[1.610s] Level 1:colcon.colcon_core.package_identification:_identify(src/src/examples/rclcpp/wait_set) by extension 'ignore'
[1.610s] Level 1:colcon.colcon_core.package_identification:_identify(src/src/examples/rclcpp/wait_set) by extension 'ignore_ament_install'
[1.610s] Level 1:colcon.colcon_core.package_identification:_identify(src/src/examples/rclcpp/wait_set) by extensions ['colcon_pkg']
[1.610s] Level 1:colcon.colcon_core.package_identification:_identify(src/src/examples/rclcpp/wait_set) by extension 'colcon_pkg'
[1.610s] Level 1:colcon.colcon_core.package_identification:_identify(src/src/examples/rclcpp/wait_set) by extensions ['colcon_meta']
[1.610s] Level 1:colcon.colcon_core.package_identification:_identify(src/src/examples/rclcpp/wait_set) by extension 'colcon_meta'
[1.610s] Level 1:colcon.colcon_core.package_identification:_identify(src/src/examples/rclcpp/wait_set) by extensions ['ros']
[1.610s] Level 1:colcon.colcon_core.package_identification:_identify(src/src/examples/rclcpp/wait_set) by extension 'ros'
[1.611s] DEBUG:colcon.colcon_core.package_identification:Package 'src/src/examples/rclcpp/wait_set' with type 'ros.ament_cmake' and name 'examples_rclcpp_wait_set'
[1.612s] Level 1:colcon.colcon_core.package_identification:_identify(src/src/examples/rclpy) by extensions ['ignore', 'ignore_ament_install']
[1.612s] Level 1:colcon.colcon_core.package_identification:_identify(src/src/examples/rclpy) by extension 'ignore'
[1.612s] Level 1:colcon.colcon_core.package_identification:_identify(src/src/examples/rclpy) by extension 'ignore_ament_install'
[1.612s] Level 1:colcon.colcon_core.package_identification:_identify(src/src/examples/rclpy) by extensions ['colcon_pkg']
[1.612s] Level 1:colcon.colcon_core.package_identification:_identify(src/src/examples/rclpy) by extension 'colcon_pkg'
[1.612s] Level 1:colcon.colcon_core.package_identification:_identify(src/src/examples/rclpy) by extensions ['colcon_meta']
[1.612s] Level 1:colcon.colcon_core.package_identification:_identify(src/src/examples/rclpy) by extension 'colcon_meta'
[1.612s] Level 1:colcon.colcon_core.package_identification:_identify(src/src/examples/rclpy) by extensions ['ros']
[1.612s] Level 1:colcon.colcon_core.package_identification:_identify(src/src/examples/rclpy) by extension 'ros'
[1.612s] Level 1:colcon.colcon_core.package_identification:_identify(src/src/examples/rclpy) by extensions ['cmake', 'python']
[1.612s] Level 1:colcon.colcon_core.package_identification:_identify(src/src/examples/rclpy) by extension 'cmake'
[1.612s] Level 1:colcon.colcon_core.package_identification:_identify(src/src/examples/rclpy) by extension 'python'
[1.612s] Level 1:colcon.colcon_core.package_identification:_identify(src/src/examples/rclpy) by extensions ['python_setup_py']
[1.612s] Level 1:colcon.colcon_core.package_identification:_identify(src/src/examples/rclpy) by extension 'python_setup_py'
[1.613s] Level 1:colcon.colcon_core.package_identification:_identify(src/src/examples/rclpy/actions) by extensions ['ignore', 'ignore_ament_install']
[1.613s] Level 1:colcon.colcon_core.package_identification:_identify(src/src/examples/rclpy/actions) by extension 'ignore'
[1.613s] Level 1:colcon.colcon_core.package_identification:_identify(src/src/examples/rclpy/actions) by extension 'ignore_ament_install'
[1.613s] Level 1:colcon.colcon_core.package_identification:_identify(src/src/examples/rclpy/actions) by extensions ['colcon_pkg']
[1.613s] Level 1:colcon.colcon_core.package_identification:_identify(src/src/examples/rclpy/actions) by extension 'colcon_pkg'
[1.613s] Level 1:colcon.colcon_core.package_identification:_identify(src/src/examples/rclpy/actions) by extensions ['colcon_meta']
[1.613s] Level 1:colcon.colcon_core.package_identification:_identify(src/src/examples/rclpy/actions) by extension 'colcon_meta'
[1.613s] Level 1:colcon.colcon_core.package_identification:_identify(src/src/examples/rclpy/actions) by extensions ['ros']
[1.613s] Level 1:colcon.colcon_core.package_identification:_identify(src/src/examples/rclpy/actions) by extension 'ros'
[1.613s] Level 1:colcon.colcon_core.package_identification:_identify(src/src/examples/rclpy/actions) by extensions ['cmake', 'python']
[1.613s] Level 1:colcon.colcon_core.package_identification:_identify(src/src/examples/rclpy/actions) by extension 'cmake'
[1.613s] Level 1:colcon.colcon_core.package_identification:_identify(src/src/examples/rclpy/actions) by extension 'python'
[1.613s] Level 1:colcon.colcon_core.package_identification:_identify(src/src/examples/rclpy/actions) by extensions ['python_setup_py']
[1.613s] Level 1:colcon.colcon_core.package_identification:_identify(src/src/examples/rclpy/actions) by extension 'python_setup_py'
[1.613s] Level 1:colcon.colcon_core.package_identification:_identify(src/src/examples/rclpy/actions/minimal_action_client) by extensions ['ignore', 'ignore_ament_install']
[1.613s] Level 1:colcon.colcon_core.package_identification:_identify(src/src/examples/rclpy/actions/minimal_action_client) by extension 'ignore'
[1.613s] Level 1:colcon.colcon_core.package_identification:_identify(src/src/examples/rclpy/actions/minimal_action_client) by extension 'ignore_ament_install'
[1.614s] Level 1:colcon.colcon_core.package_identification:_identify(src/src/examples/rclpy/actions/minimal_action_client) by extensions ['colcon_pkg']
[1.614s] Level 1:colcon.colcon_core.package_identification:_identify(src/src/examples/rclpy/actions/minimal_action_client) by extension 'colcon_pkg'
[1.614s] Level 1:colcon.colcon_core.package_identification:_identify(src/src/examples/rclpy/actions/minimal_action_client) by extensions ['colcon_meta']
[1.614s] Level 1:colcon.colcon_core.package_identification:_identify(src/src/examples/rclpy/actions/minimal_action_client) by extension 'colcon_meta'
[1.614s] Level 1:colcon.colcon_core.package_identification:_identify(src/src/examples/rclpy/actions/minimal_action_client) by extensions ['ros']
[1.614s] Level 1:colcon.colcon_core.package_identification:_identify(src/src/examples/rclpy/actions/minimal_action_client) by extension 'ros'
[1.615s] DEBUG:colcon.colcon_core.package_identification:Package 'src/src/examples/rclpy/actions/minimal_action_client' with type 'ros.ament_python' and name 'examples_rclpy_minimal_action_client'
[1.615s] Level 1:colcon.colcon_core.package_identification:_identify(src/src/examples/rclpy/actions/minimal_action_server) by extensions ['ignore', 'ignore_ament_install']
[1.615s] Level 1:colcon.colcon_core.package_identification:_identify(src/src/examples/rclpy/actions/minimal_action_server) by extension 'ignore'
[1.615s] Level 1:colcon.colcon_core.package_identification:_identify(src/src/examples/rclpy/actions/minimal_action_server) by extension 'ignore_ament_install'
[1.615s] Level 1:colcon.colcon_core.package_identification:_identify(src/src/examples/rclpy/actions/minimal_action_server) by extensions ['colcon_pkg']
[1.615s] Level 1:colcon.colcon_core.package_identification:_identify(src/src/examples/rclpy/actions/minimal_action_server) by extension 'colcon_pkg'
[1.615s] Level 1:colcon.colcon_core.package_identification:_identify(src/src/examples/rclpy/actions/minimal_action_server) by extensions ['colcon_meta']
[1.615s] Level 1:colcon.colcon_core.package_identification:_identify(src/src/examples/rclpy/actions/minimal_action_server) by extension 'colcon_meta'
[1.615s] Level 1:colcon.colcon_core.package_identification:_identify(src/src/examples/rclpy/actions/minimal_action_server) by extensions ['ros']
[1.615s] Level 1:colcon.colcon_core.package_identification:_identify(src/src/examples/rclpy/actions/minimal_action_server) by extension 'ros'
[1.616s] DEBUG:colcon.colcon_core.package_identification:Package 'src/src/examples/rclpy/actions/minimal_action_server' with type 'ros.ament_python' and name 'examples_rclpy_minimal_action_server'
[1.616s] Level 1:colcon.colcon_core.package_identification:_identify(src/src/examples/rclpy/executors) by extensions ['ignore', 'ignore_ament_install']
[1.617s] Level 1:colcon.colcon_core.package_identification:_identify(src/src/examples/rclpy/executors) by extension 'ignore'
[1.617s] Level 1:colcon.colcon_core.package_identification:_identify(src/src/examples/rclpy/executors) by extension 'ignore_ament_install'
[1.617s] Level 1:colcon.colcon_core.package_identification:_identify(src/src/examples/rclpy/executors) by extensions ['colcon_pkg']
[1.617s] Level 1:colcon.colcon_core.package_identification:_identify(src/src/examples/rclpy/executors) by extension 'colcon_pkg'
[1.617s] Level 1:colcon.colcon_core.package_identification:_identify(src/src/examples/rclpy/executors) by extensions ['colcon_meta']
[1.617s] Level 1:colcon.colcon_core.package_identification:_identify(src/src/examples/rclpy/executors) by extension 'colcon_meta'
[1.617s] Level 1:colcon.colcon_core.package_identification:_identify(src/src/examples/rclpy/executors) by extensions ['ros']
[1.617s] Level 1:colcon.colcon_core.package_identification:_identify(src/src/examples/rclpy/executors) by extension 'ros'
[1.618s] DEBUG:colcon.colcon_core.package_identification:Package 'src/src/examples/rclpy/executors' with type 'ros.ament_python' and name 'examples_rclpy_executors'
[1.618s] Level 1:colcon.colcon_core.package_identification:_identify(src/src/examples/rclpy/guard_conditions) by extensions ['ignore', 'ignore_ament_install']
[1.618s] Level 1:colcon.colcon_core.package_identification:_identify(src/src/examples/rclpy/guard_conditions) by extension 'ignore'
[1.618s] Level 1:colcon.colcon_core.package_identification:_identify(src/src/examples/rclpy/guard_conditions) by extension 'ignore_ament_install'
[1.618s] Level 1:colcon.colcon_core.package_identification:_identify(src/src/examples/rclpy/guard_conditions) by extensions ['colcon_pkg']
[1.618s] Level 1:colcon.colcon_core.package_identification:_identify(src/src/examples/rclpy/guard_conditions) by extension 'colcon_pkg'
[1.618s] Level 1:colcon.colcon_core.package_identification:_identify(src/src/examples/rclpy/guard_conditions) by extensions ['colcon_meta']
[1.618s] Level 1:colcon.colcon_core.package_identification:_identify(src/src/examples/rclpy/guard_conditions) by extension 'colcon_meta'
[1.618s] Level 1:colcon.colcon_core.package_identification:_identify(src/src/examples/rclpy/guard_conditions) by extensions ['ros']
[1.618s] Level 1:colcon.colcon_core.package_identification:_identify(src/src/examples/rclpy/guard_conditions) by extension 'ros'
[1.619s] DEBUG:colcon.colcon_core.package_identification:Package 'src/src/examples/rclpy/guard_conditions' with type 'ros.ament_python' and name 'examples_rclpy_guard_conditions'
[1.619s] Level 1:colcon.colcon_core.package_identification:_identify(src/src/examples/rclpy/services) by extensions ['ignore', 'ignore_ament_install']
[1.619s] Level 1:colcon.colcon_core.package_identification:_identify(src/src/examples/rclpy/services) by extension 'ignore'
[1.619s] Level 1:colcon.colcon_core.package_identification:_identify(src/src/examples/rclpy/services) by extension 'ignore_ament_install'
[1.619s] Level 1:colcon.colcon_core.package_identification:_identify(src/src/examples/rclpy/services) by extensions ['colcon_pkg']
[1.619s] Level 1:colcon.colcon_core.package_identification:_identify(src/src/examples/rclpy/services) by extension 'colcon_pkg'
[1.619s] Level 1:colcon.colcon_core.package_identification:_identify(src/src/examples/rclpy/services) by extensions ['colcon_meta']
[1.619s] Level 1:colcon.colcon_core.package_identification:_identify(src/src/examples/rclpy/services) by extension 'colcon_meta'
[1.619s] Level 1:colcon.colcon_core.package_identification:_identify(src/src/examples/rclpy/services) by extensions ['ros']
[1.619s] Level 1:colcon.colcon_core.package_identification:_identify(src/src/examples/rclpy/services) by extension 'ros'
[1.619s] Level 1:colcon.colcon_core.package_identification:_identify(src/src/examples/rclpy/services) by extensions ['cmake', 'python']
[1.619s] Level 1:colcon.colcon_core.package_identification:_identify(src/src/examples/rclpy/services) by extension 'cmake'
[1.620s] Level 1:colcon.colcon_core.package_identification:_identify(src/src/examples/rclpy/services) by extension 'python'
[1.620s] Level 1:colcon.colcon_core.package_identification:_identify(src/src/examples/rclpy/services) by extensions ['python_setup_py']
[1.620s] Level 1:colcon.colcon_core.package_identification:_identify(src/src/examples/rclpy/services) by extension 'python_setup_py'
[1.620s] Level 1:colcon.colcon_core.package_identification:_identify(src/src/examples/rclpy/services/minimal_client) by extensions ['ignore', 'ignore_ament_install']
[1.620s] Level 1:colcon.colcon_core.package_identification:_identify(src/src/examples/rclpy/services/minimal_client) by extension 'ignore'
[1.620s] Level 1:colcon.colcon_core.package_identification:_identify(src/src/examples/rclpy/services/minimal_client) by extension 'ignore_ament_install'
[1.620s] Level 1:colcon.colcon_core.package_identification:_identify(src/src/examples/rclpy/services/minimal_client) by extensions ['colcon_pkg']
[1.620s] Level 1:colcon.colcon_core.package_identification:_identify(src/src/examples/rclpy/services/minimal_client) by extension 'colcon_pkg'
[1.620s] Level 1:colcon.colcon_core.package_identification:_identify(src/src/examples/rclpy/services/minimal_client) by extensions ['colcon_meta']
[1.620s] Level 1:colcon.colcon_core.package_identification:_identify(src/src/examples/rclpy/services/minimal_client) by extension 'colcon_meta'
[1.620s] Level 1:colcon.colcon_core.package_identification:_identify(src/src/examples/rclpy/services/minimal_client) by extensions ['ros']
[1.620s] Level 1:colcon.colcon_core.package_identification:_identify(src/src/examples/rclpy/services/minimal_client) by extension 'ros'
[1.621s] DEBUG:colcon.colcon_core.package_identification:Package 'src/src/examples/rclpy/services/minimal_client' with type 'ros.ament_python' and name 'examples_rclpy_minimal_client'
[1.621s] Level 1:colcon.colcon_core.package_identification:_identify(src/src/examples/rclpy/services/minimal_service) by extensions ['ignore', 'ignore_ament_install']
[1.621s] Level 1:colcon.colcon_core.package_identification:_identify(src/src/examples/rclpy/services/minimal_service) by extension 'ignore'
[1.621s] Level 1:colcon.colcon_core.package_identification:_identify(src/src/examples/rclpy/services/minimal_service) by extension 'ignore_ament_install'
[1.621s] Level 1:colcon.colcon_core.package_identification:_identify(src/src/examples/rclpy/services/minimal_service) by extensions ['colcon_pkg']
[1.622s] Level 1:colcon.colcon_core.package_identification:_identify(src/src/examples/rclpy/services/minimal_service) by extension 'colcon_pkg'
[1.622s] Level 1:colcon.colcon_core.package_identification:_identify(src/src/examples/rclpy/services/minimal_service) by extensions ['colcon_meta']
[1.622s] Level 1:colcon.colcon_core.package_identification:_identify(src/src/examples/rclpy/services/minimal_service) by extension 'colcon_meta'
[1.622s] Level 1:colcon.colcon_core.package_identification:_identify(src/src/examples/rclpy/services/minimal_service) by extensions ['ros']
[1.622s] Level 1:colcon.colcon_core.package_identification:_identify(src/src/examples/rclpy/services/minimal_service) by extension 'ros'
[1.623s] DEBUG:colcon.colcon_core.package_identification:Package 'src/src/examples/rclpy/services/minimal_service' with type 'ros.ament_python' and name 'examples_rclpy_minimal_service'
[1.623s] Level 1:colcon.colcon_core.package_identification:_identify(src/src/examples/rclpy/topics) by extensions ['ignore', 'ignore_ament_install']
[1.623s] Level 1:colcon.colcon_core.package_identification:_identify(src/src/examples/rclpy/topics) by extension 'ignore'
[1.623s] Level 1:colcon.colcon_core.package_identification:_identify(src/src/examples/rclpy/topics) by extension 'ignore_ament_install'
[1.623s] Level 1:colcon.colcon_core.package_identification:_identify(src/src/examples/rclpy/topics) by extensions ['colcon_pkg']
[1.623s] Level 1:colcon.colcon_core.package_identification:_identify(src/src/examples/rclpy/topics) by extension 'colcon_pkg'
[1.623s] Level 1:colcon.colcon_core.package_identification:_identify(src/src/examples/rclpy/topics) by extensions ['colcon_meta']
[1.623s] Level 1:colcon.colcon_core.package_identification:_identify(src/src/examples/rclpy/topics) by extension 'colcon_meta'
[1.623s] Level 1:colcon.colcon_core.package_identification:_identify(src/src/examples/rclpy/topics) by extensions ['ros']
[1.623s] Level 1:colcon.colcon_core.package_identification:_identify(src/src/examples/rclpy/topics) by extension 'ros'
[1.624s] Level 1:colcon.colcon_core.package_identification:_identify(src/src/examples/rclpy/topics) by extensions ['cmake', 'python']
[1.624s] Level 1:colcon.colcon_core.package_identification:_identify(src/src/examples/rclpy/topics) by extension 'cmake'
[1.624s] Level 1:colcon.colcon_core.package_identification:_identify(src/src/examples/rclpy/topics) by extension 'python'
[1.624s] Level 1:colcon.colcon_core.package_identification:_identify(src/src/examples/rclpy/topics) by extensions ['python_setup_py']
[1.624s] Level 1:colcon.colcon_core.package_identification:_identify(src/src/examples/rclpy/topics) by extension 'python_setup_py'
[1.624s] Level 1:colcon.colcon_core.package_identification:_identify(src/src/examples/rclpy/topics/minimal_publisher) by extensions ['ignore', 'ignore_ament_install']
[1.624s] Level 1:colcon.colcon_core.package_identification:_identify(src/src/examples/rclpy/topics/minimal_publisher) by extension 'ignore'
[1.624s] Level 1:colcon.colcon_core.package_identification:_identify(src/src/examples/rclpy/topics/minimal_publisher) by extension 'ignore_ament_install'
[1.624s] Level 1:colcon.colcon_core.package_identification:_identify(src/src/examples/rclpy/topics/minimal_publisher) by extensions ['colcon_pkg']
[1.624s] Level 1:colcon.colcon_core.package_identification:_identify(src/src/examples/rclpy/topics/minimal_publisher) by extension 'colcon_pkg'
[1.624s] Level 1:colcon.colcon_core.package_identification:_identify(src/src/examples/rclpy/topics/minimal_publisher) by extensions ['colcon_meta']
[1.624s] Level 1:colcon.colcon_core.package_identification:_identify(src/src/examples/rclpy/topics/minimal_publisher) by extension 'colcon_meta'
[1.624s] Level 1:colcon.colcon_core.package_identification:_identify(src/src/examples/rclpy/topics/minimal_publisher) by extensions ['ros']
[1.624s] Level 1:colcon.colcon_core.package_identification:_identify(src/src/examples/rclpy/topics/minimal_publisher) by extension 'ros'
[1.625s] DEBUG:colcon.colcon_core.package_identification:Package 'src/src/examples/rclpy/topics/minimal_publisher' with type 'ros.ament_python' and name 'examples_rclpy_minimal_publisher'
[1.625s] Level 1:colcon.colcon_core.package_identification:_identify(src/src/examples/rclpy/topics/minimal_subscriber) by extensions ['ignore', 'ignore_ament_install']
[1.626s] Level 1:colcon.colcon_core.package_identification:_identify(src/src/examples/rclpy/topics/minimal_subscriber) by extension 'ignore'
[1.626s] Level 1:colcon.colcon_core.package_identification:_identify(src/src/examples/rclpy/topics/minimal_subscriber) by extension 'ignore_ament_install'
[1.626s] Level 1:colcon.colcon_core.package_identification:_identify(src/src/examples/rclpy/topics/minimal_subscriber) by extensions ['colcon_pkg']
[1.626s] Level 1:colcon.colcon_core.package_identification:_identify(src/src/examples/rclpy/topics/minimal_subscriber) by extension 'colcon_pkg'
[1.626s] Level 1:colcon.colcon_core.package_identification:_identify(src/src/examples/rclpy/topics/minimal_subscriber) by extensions ['colcon_meta']
[1.626s] Level 1:colcon.colcon_core.package_identification:_identify(src/src/examples/rclpy/topics/minimal_subscriber) by extension 'colcon_meta'
[1.626s] Level 1:colcon.colcon_core.package_identification:_identify(src/src/examples/rclpy/topics/minimal_subscriber) by extensions ['ros']
[1.626s] Level 1:colcon.colcon_core.package_identification:_identify(src/src/examples/rclpy/topics/minimal_subscriber) by extension 'ros'
[1.627s] DEBUG:colcon.colcon_core.package_identification:Package 'src/src/examples/rclpy/topics/minimal_subscriber' with type 'ros.ament_python' and name 'examples_rclpy_minimal_subscriber'
[1.628s] Level 1:colcon.colcon_core.package_identification:_identify(src/src/examples/rclpy/topics/pointcloud_publisher) by extensions ['ignore', 'ignore_ament_install']
[1.628s] Level 1:colcon.colcon_core.package_identification:_identify(src/src/examples/rclpy/topics/pointcloud_publisher) by extension 'ignore'
[1.628s] Level 1:colcon.colcon_core.package_identification:_identify(src/src/examples/rclpy/topics/pointcloud_publisher) by extension 'ignore_ament_install'
[1.628s] Level 1:colcon.colcon_core.package_identification:_identify(src/src/examples/rclpy/topics/pointcloud_publisher) by extensions ['colcon_pkg']
[1.628s] Level 1:colcon.colcon_core.package_identification:_identify(src/src/examples/rclpy/topics/pointcloud_publisher) by extension 'colcon_pkg'
[1.628s] Level 1:colcon.colcon_core.package_identification:_identify(src/src/examples/rclpy/topics/pointcloud_publisher) by extensions ['colcon_meta']
[1.628s] Level 1:colcon.colcon_core.package_identification:_identify(src/src/examples/rclpy/topics/pointcloud_publisher) by extension 'colcon_meta'
[1.629s] Level 1:colcon.colcon_core.package_identification:_identify(src/src/examples/rclpy/topics/pointcloud_publisher) by extensions ['ros']
[1.629s] Level 1:colcon.colcon_core.package_identification:_identify(src/src/examples/rclpy/topics/pointcloud_publisher) by extension 'ros'
[1.630s] DEBUG:colcon.colcon_core.package_identification:Package 'src/src/examples/rclpy/topics/pointcloud_publisher' with type 'ros.ament_python' and name 'examples_rclpy_pointcloud_publisher'
[1.630s] Level 1:colcon.colcon_core.package_identification:_identify(src/tutorial_interfaces) by extensions ['ignore', 'ignore_ament_install']
[1.631s] Level 1:colcon.colcon_core.package_identification:_identify(src/tutorial_interfaces) by extension 'ignore'
[1.631s] Level 1:colcon.colcon_core.package_identification:_identify(src/tutorial_interfaces) by extension 'ignore_ament_install'
[1.631s] Level 1:colcon.colcon_core.package_identification:_identify(src/tutorial_interfaces) by extensions ['colcon_pkg']
[1.631s] Level 1:colcon.colcon_core.package_identification:_identify(src/tutorial_interfaces) by extension 'colcon_pkg'
[1.631s] Level 1:colcon.colcon_core.package_identification:_identify(src/tutorial_interfaces) by extensions ['colcon_meta']
[1.631s] Level 1:colcon.colcon_core.package_identification:_identify(src/tutorial_interfaces) by extension 'colcon_meta'
[1.631s] Level 1:colcon.colcon_core.package_identification:_identify(src/tutorial_interfaces) by extensions ['ros']
[1.631s] Level 1:colcon.colcon_core.package_identification:_identify(src/tutorial_interfaces) by extension 'ros'
[1.633s] DEBUG:colcon.colcon_core.package_identification:Package 'src/tutorial_interfaces' with type 'ros.ament_cmake' and name 'tutorial_interfaces'
[1.633s] Level 1:colcon.colcon_core.package_discovery:discover_packages(recursive) using defaults
[1.633s] Level 1:colcon.colcon_core.package_discovery:discover_packages(ignore) discover
[1.633s] Level 1:colcon.colcon_core.package_discovery:discover_packages(ignore) using defaults
[1.633s] Level 1:colcon.colcon_core.package_discovery:discover_packages(path) discover
[1.633s] Level 1:colcon.colcon_core.package_discovery:discover_packages(path) using defaults
[1.726s] INFO:colcon.colcon_core.package_selection:Skipping not selected package 'examples_rclcpp_async_client' in 'src/src/examples/rclcpp/services/async_client'
[1.726s] INFO:colcon.colcon_core.package_selection:Skipping not selected package 'examples_rclcpp_cbg_executor' in 'src/src/examples/rclcpp/executors/cbg_executor'
[1.726s] INFO:colcon.colcon_core.package_selection:Skipping not selected package 'examples_rclcpp_minimal_action_client' in 'src/src/examples/rclcpp/actions/minimal_action_client'
[1.726s] INFO:colcon.colcon_core.package_selection:Skipping not selected package 'examples_rclcpp_minimal_action_server' in 'src/src/examples/rclcpp/actions/minimal_action_server'
[1.726s] INFO:colcon.colcon_core.package_selection:Skipping not selected package 'examples_rclcpp_minimal_client' in 'src/src/examples/rclcpp/services/minimal_client'
[1.726s] INFO:colcon.colcon_core.package_selection:Skipping not selected package 'examples_rclcpp_minimal_composition' in 'src/src/examples/rclcpp/composition/minimal_composition'
[1.726s] INFO:colcon.colcon_core.package_selection:Skipping not selected package 'examples_rclcpp_minimal_publisher' in 'src/src/examples/rclcpp/topics/minimal_publisher'
[1.726s] INFO:colcon.colcon_core.package_selection:Skipping not selected package 'examples_rclcpp_minimal_service' in 'src/src/examples/rclcpp/services/minimal_service'
[1.726s] INFO:colcon.colcon_core.package_selection:Skipping not selected package 'examples_rclcpp_minimal_subscriber' in 'src/src/examples/rclcpp/topics/minimal_subscriber'
[1.726s] INFO:colcon.colcon_core.package_selection:Skipping not selected package 'examples_rclcpp_minimal_timer' in 'src/src/examples/rclcpp/timers/minimal_timer'
[1.726s] INFO:colcon.colcon_core.package_selection:Skipping not selected package 'examples_rclcpp_multithreaded_executor' in 'src/src/examples/rclcpp/executors/multithreaded_executor'
[1.726s] INFO:colcon.colcon_core.package_selection:Skipping not selected package 'examples_rclcpp_wait_set' in 'src/src/examples/rclcpp/wait_set'
[1.726s] INFO:colcon.colcon_core.package_selection:Skipping not selected package 'examples_rclpy_executors' in 'src/src/examples/rclpy/executors'
[1.726s] INFO:colcon.colcon_core.package_selection:Skipping not selected package 'examples_rclpy_guard_conditions' in 'src/src/examples/rclpy/guard_conditions'
[1.726s] INFO:colcon.colcon_core.package_selection:Skipping not selected package 'examples_rclpy_minimal_action_client' in 'src/src/examples/rclpy/actions/minimal_action_client'
[1.726s] INFO:colcon.colcon_core.package_selection:Skipping not selected package 'examples_rclpy_minimal_action_server' in 'src/src/examples/rclpy/actions/minimal_action_server'
[1.726s] INFO:colcon.colcon_core.package_selection:Skipping not selected package 'examples_rclpy_minimal_client' in 'src/src/examples/rclpy/services/minimal_client'
[1.727s] INFO:colcon.colcon_core.package_selection:Skipping not selected package 'examples_rclpy_minimal_publisher' in 'src/src/examples/rclpy/topics/minimal_publisher'
[1.727s] INFO:colcon.colcon_core.package_selection:Skipping not selected package 'examples_rclpy_minimal_service' in 'src/src/examples/rclpy/services/minimal_service'
[1.727s] INFO:colcon.colcon_core.package_selection:Skipping not selected package 'examples_rclpy_minimal_subscriber' in 'src/src/examples/rclpy/topics/minimal_subscriber'
[1.727s] INFO:colcon.colcon_core.package_selection:Skipping not selected package 'examples_rclpy_pointcloud_publisher' in 'src/src/examples/rclpy/topics/pointcloud_publisher'
[1.727s] INFO:colcon.colcon_core.package_selection:Skipping not selected package 'launch_testing_examples' in 'src/src/examples/launch_testing/launch_testing_examples'
[1.727s] INFO:colcon.colcon_core.package_selection:Skipping not selected package 'my_package' in 'src/my_package'
[1.727s] INFO:colcon.colcon_core.package_selection:Skipping not selected package 'tutorial_interfaces' in 'src/tutorial_interfaces'
[1.761s] Level 1:colcon.colcon_core.package_discovery:discover_packages(prefix_path) check parameters
[1.761s] Level 1:colcon.colcon_core.package_discovery:discover_packages(prefix_path) discover
[1.839s] DEBUG:colcon.colcon_installed_package_information.package_discovery:Found 25 installed packages in /home/etern1ty/ros2_ws/install
[1.857s] DEBUG:colcon.colcon_installed_package_information.package_discovery:Found 288 installed packages in /opt/ros/humble
[1.860s] Level 1:colcon.colcon_core.package_discovery:discover_packages(prefix_path) using defaults
[2.025s] Level 5:colcon.colcon_core.verb:set package 'cpp_pubsub' build argument 'cmake_args' from command line to 'None'
[2.025s] Level 5:colcon.colcon_core.verb:set package 'cpp_pubsub' build argument 'cmake_target' from command line to 'None'
[2.025s] Level 5:colcon.colcon_core.verb:set package 'cpp_pubsub' build argument 'cmake_target_skip_unavailable' from command line to 'False'
[2.025s] Level 5:colcon.colcon_core.verb:set package 'cpp_pubsub' build argument 'cmake_clean_cache' from command line to 'False'
[2.025s] Level 5:colcon.colcon_core.verb:set package 'cpp_pubsub' build argument 'cmake_clean_first' from command line to 'False'
[2.026s] Level 5:colcon.colcon_core.verb:set package 'cpp_pubsub' build argument 'cmake_force_configure' from command line to 'False'
[2.026s] Level 5:colcon.colcon_core.verb:set package 'cpp_pubsub' build argument 'ament_cmake_args' from command line to 'None'
[2.026s] Level 5:colcon.colcon_core.verb:set package 'cpp_pubsub' build argument 'catkin_cmake_args' from command line to 'None'
[2.026s] Level 5:colcon.colcon_core.verb:set package 'cpp_pubsub' build argument 'catkin_skip_building_tests' from command line to 'False'
[2.026s] DEBUG:colcon.colcon_core.verb:Building package 'cpp_pubsub' with the following arguments: {'ament_cmake_args': None, 'build_base': '/home/etern1ty/ros2_ws/build/cpp_pubsub', 'catkin_cmake_args': None, 'catkin_skip_building_tests': False, 'cmake_args': None, 'cmake_clean_cache': False, 'cmake_clean_first': False, 'cmake_force_configure': False, 'cmake_target': None, 'cmake_target_skip_unavailable': False, 'install_base': '/home/etern1ty/ros2_ws/install/cpp_pubsub', 'merge_install': False, 'path': '/home/etern1ty/ros2_ws/src/cpp_pubsub', 'symlink_install': False, 'test_result_base': None}
[2.042s] INFO:colcon.colcon_core.executor:Executing jobs using 'parallel' executor
[2.059s] DEBUG:colcon.colcon_parallel_executor.executor.parallel:run_until_complete
[2.060s] INFO:colcon.colcon_ros.task.ament_cmake.build:Building ROS package in '/home/etern1ty/ros2_ws/src/cpp_pubsub' with build type 'ament_cmake'
[2.060s] INFO:colcon.colcon_cmake.task.cmake.build:Building CMake package in '/home/etern1ty/ros2_ws/src/cpp_pubsub'
[2.084s] INFO:colcon.colcon_core.plugin_system:Skipping extension 'colcon_core.shell.bat': Not used on non-Windows systems
[2.084s] INFO:colcon.colcon_core.shell:Skip shell extension 'powershell' for command environment: Not usable outside of PowerShell
[2.085s] DEBUG:colcon.colcon_core.shell:Skip shell extension 'dsv' for command environment
[2.158s] DEBUG:colcon.colcon_core.event_handler.log_command:Invoking command in '/home/etern1ty/ros2_ws/build/cpp_pubsub': CMAKE_PREFIX_PATH=/home/etern1ty/ros2_ws/install/tutorial_interfaces:/home/etern1ty/ros2_ws/install/cpp_pubsub:/home/etern1ty/ros2_ws/install/my_package:/home/etern1ty/ros2_ws/install/examples_rclcpp_wait_set:/home/etern1ty/ros2_ws/install/examples_rclcpp_multithreaded_executor:/home/etern1ty/ros2_ws/install/examples_rclcpp_minimal_timer:/home/etern1ty/ros2_ws/install/examples_rclcpp_minimal_subscriber:/home/etern1ty/ros2_ws/install/examples_rclcpp_minimal_service:/home/etern1ty/ros2_ws/install/examples_rclcpp_minimal_publisher:/home/etern1ty/ros2_ws/install/examples_rclcpp_minimal_composition:/home/etern1ty/ros2_ws/install/examples_rclcpp_minimal_client:/home/etern1ty/ros2_ws/install/examples_rclcpp_minimal_action_server:/home/etern1ty/ros2_ws/install/examples_rclcpp_minimal_action_client:/home/etern1ty/ros2_ws/install/examples_rclcpp_cbg_executor:/home/etern1ty/ros2_ws/install/examples_rclcpp_async_client:/home/etern1ty/ros2_ws/install/launch_testing_examples:/home/etern1ty/ros2_ws/install/examples_rclpy_pointcloud_publisher:/home/etern1ty/ros2_ws/install/examples_rclpy_minimal_subscriber:/home/etern1ty/ros2_ws/install/examples_rclpy_minimal_service:/home/etern1ty/ros2_ws/install/examples_rclpy_minimal_publisher:/home/etern1ty/ros2_ws/install/examples_rclpy_minimal_client:/home/etern1ty/ros2_ws/install/examples_rclpy_minimal_action_server:/home/etern1ty/ros2_ws/install/examples_rclpy_minimal_action_client:/home/etern1ty/ros2_ws/install/examples_rclpy_guard_conditions:/home/etern1ty/ros2_ws/install/examples_rclpy_executors:/opt/ros/humble /usr/bin/cmake --build /home/etern1ty/ros2_ws/build/cpp_pubsub -- -j12 -l12
[5.729s] DEBUG:colcon.colcon_core.event_handler.log_command:Invoked command in '/home/etern1ty/ros2_ws/build/cpp_pubsub' returned '2': CMAKE_PREFIX_PATH=/home/etern1ty/ros2_ws/install/tutorial_interfaces:/home/etern1ty/ros2_ws/install/cpp_pubsub:/home/etern1ty/ros2_ws/install/my_package:/home/etern1ty/ros2_ws/install/examples_rclcpp_wait_set:/home/etern1ty/ros2_ws/install/examples_rclcpp_multithreaded_executor:/home/etern1ty/ros2_ws/install/examples_rclcpp_minimal_timer:/home/etern1ty/ros2_ws/install/examples_rclcpp_minimal_subscriber:/home/etern1ty/ros2_ws/install/examples_rclcpp_minimal_service:/home/etern1ty/ros2_ws/install/examples_rclcpp_minimal_publisher:/home/etern1ty/ros2_ws/install/examples_rclcpp_minimal_composition:/home/etern1ty/ros2_ws/install/examples_rclcpp_minimal_client:/home/etern1ty/ros2_ws/install/examples_rclcpp_minimal_action_server:/home/etern1ty/ros2_ws/install/examples_rclcpp_minimal_action_client:/home/etern1ty/ros2_ws/install/examples_rclcpp_cbg_executor:/home/etern1ty/ros2_ws/install/examples_rclcpp_async_client:/home/etern1ty/ros2_ws/install/launch_testing_examples:/home/etern1ty/ros2_ws/install/examples_rclpy_pointcloud_publisher:/home/etern1ty/ros2_ws/install/examples_rclpy_minimal_subscriber:/home/etern1ty/ros2_ws/install/examples_rclpy_minimal_service:/home/etern1ty/ros2_ws/install/examples_rclpy_minimal_publisher:/home/etern1ty/ros2_ws/install/examples_rclpy_minimal_client:/home/etern1ty/ros2_ws/install/examples_rclpy_minimal_action_server:/home/etern1ty/ros2_ws/install/examples_rclpy_minimal_action_client:/home/etern1ty/ros2_ws/install/examples_rclpy_guard_conditions:/home/etern1ty/ros2_ws/install/examples_rclpy_executors:/opt/ros/humble /usr/bin/cmake --build /home/etern1ty/ros2_ws/build/cpp_pubsub -- -j12 -l12
[5.988s] Level 1:colcon.colcon_core.environment:create_environment_scripts_only(cpp_pubsub)
[6.014s] Level 1:colcon.colcon_core.environment:checking '/home/etern1ty/ros2_ws/install/cpp_pubsub' for CMake module files
[6.015s] Level 1:colcon.colcon_core.environment:checking '/home/etern1ty/ros2_ws/install/cpp_pubsub' for CMake config files
[6.016s] Level 1:colcon.colcon_core.shell:create_environment_hook('cpp_pubsub', 'cmake_prefix_path')
[6.032s] INFO:colcon.colcon_core.shell:Creating environment hook '/home/etern1ty/ros2_ws/install/cpp_pubsub/share/cpp_pubsub/hook/cmake_prefix_path.ps1'
[6.034s] INFO:colcon.colcon_core.shell:Creating environment descriptor '/home/etern1ty/ros2_ws/install/cpp_pubsub/share/cpp_pubsub/hook/cmake_prefix_path.dsv'
[6.035s] INFO:colcon.colcon_core.shell:Creating environment hook '/home/etern1ty/ros2_ws/install/cpp_pubsub/share/cpp_pubsub/hook/cmake_prefix_path.sh'
[6.036s] Level 1:colcon.colcon_core.environment:checking '/home/etern1ty/ros2_ws/install/cpp_pubsub/lib'
[6.036s] Level 1:colcon.colcon_core.environment:checking '/home/etern1ty/ros2_ws/install/cpp_pubsub/bin'
[6.037s] Level 1:colcon.colcon_core.environment:checking '/home/etern1ty/ros2_ws/install/cpp_pubsub/lib/pkgconfig/cpp_pubsub.pc'
[6.037s] Level 1:colcon.colcon_core.environment:checking '/home/etern1ty/ros2_ws/install/cpp_pubsub/lib/python3.10/site-packages'
[6.037s] Level 1:colcon.colcon_core.environment:checking '/home/etern1ty/ros2_ws/install/cpp_pubsub/bin'
[6.053s] INFO:colcon.colcon_core.shell:Creating package script '/home/etern1ty/ros2_ws/install/cpp_pubsub/share/cpp_pubsub/package.ps1'
[6.054s] INFO:colcon.colcon_core.shell:Creating package descriptor '/home/etern1ty/ros2_ws/install/cpp_pubsub/share/cpp_pubsub/package.dsv'
[6.054s] INFO:colcon.colcon_core.shell:Creating package script '/home/etern1ty/ros2_ws/install/cpp_pubsub/share/cpp_pubsub/package.sh'
[6.055s] INFO:colcon.colcon_core.shell:Creating package script '/home/etern1ty/ros2_ws/install/cpp_pubsub/share/cpp_pubsub/package.bash'
[6.057s] INFO:colcon.colcon_core.shell:Creating package script '/home/etern1ty/ros2_ws/install/cpp_pubsub/share/cpp_pubsub/package.zsh'
[6.058s] Level 1:colcon.colcon_core.environment:create_file_with_runtime_dependencies(/home/etern1ty/ros2_ws/install/cpp_pubsub/share/colcon-core/packages/cpp_pubsub)
[6.069s] DEBUG:colcon.colcon_parallel_executor.executor.parallel:closing loop
[6.069s] DEBUG:colcon.colcon_parallel_executor.executor.parallel:loop closed
[6.069s] DEBUG:colcon.colcon_parallel_executor.executor.parallel:run_until_complete finished with '2'
[6.069s] DEBUG:colcon.colcon_core.event_reactor:joining thread
[6.109s] INFO:colcon.colcon_core.plugin_system:Skipping extension 'colcon_notification.desktop_notification.terminal_notifier': Not used on non-Darwin systems
[6.109s] INFO:colcon.colcon_core.plugin_system:Skipping extension 'colcon_notification.desktop_notification.win32': Not used on non-Windows systems
[6.109s] INFO:colcon.colcon_notification.desktop_notification:Sending desktop notification using 'notify2'
[6.141s] DEBUG:colcon.colcon_core.event_reactor:joined thread
[6.158s] INFO:colcon.colcon_core.shell:Creating prefix script '/home/etern1ty/ros2_ws/install/local_setup.ps1'
[6.161s] INFO:colcon.colcon_core.shell:Creating prefix util module '/home/etern1ty/ros2_ws/install/_local_setup_util_ps1.py'
[6.164s] INFO:colcon.colcon_core.shell:Creating prefix chain script '/home/etern1ty/ros2_ws/install/setup.ps1'
[6.183s] INFO:colcon.colcon_core.shell:Creating prefix script '/home/etern1ty/ros2_ws/install/local_setup.sh'
[6.184s] INFO:colcon.colcon_core.shell:Creating prefix util module '/home/etern1ty/ros2_ws/install/_local_setup_util_sh.py'
[6.184s] INFO:colcon.colcon_core.shell:Creating prefix chain script '/home/etern1ty/ros2_ws/install/setup.sh'
[6.202s] INFO:colcon.colcon_core.shell:Creating prefix script '/home/etern1ty/ros2_ws/install/local_setup.bash'
[6.203s] INFO:colcon.colcon_core.shell:Creating prefix chain script '/home/etern1ty/ros2_ws/install/setup.bash'
[6.222s] INFO:colcon.colcon_core.shell:Creating prefix script '/home/etern1ty/ros2_ws/install/local_setup.zsh'
[6.224s] INFO:colcon.colcon_core.shell:Creating prefix chain script '/home/etern1ty/ros2_ws/install/setup.zsh'
