[0.819s] Invoking command in '/home/etern1ty/ros2_ws/src/src/examples/rclpy/guard_conditions': PYTHONPATH=/home/etern1ty/ros2_ws/build/examples_rclpy_guard_conditions/prefix_override:/home/etern1ty/ros2_ws/install/examples_rclpy_guard_conditions/lib/python3.10/site-packages:${PYTHONPATH} /usr/bin/python3 setup.py egg_info --egg-base ../../../../../build/examples_rclpy_guard_conditions build --build-base /home/etern1ty/ros2_ws/build/examples_rclpy_guard_conditions/build install --record /home/etern1ty/ros2_ws/build/examples_rclpy_guard_conditions/install.log --single-version-externally-managed
[1.054s] running egg_info
[1.055s] writing ../../../../../build/examples_rclpy_guard_conditions/examples_rclpy_guard_conditions.egg-info/PKG-INFO
[1.055s] writing dependency_links to ../../../../../build/examples_rclpy_guard_conditions/examples_rclpy_guard_conditions.egg-info/dependency_links.txt
[1.055s] writing entry points to ../../../../../build/examples_rclpy_guard_conditions/examples_rclpy_guard_conditions.egg-info/entry_points.txt
[1.055s] writing requirements to ../../../../../build/examples_rclpy_guard_conditions/examples_rclpy_guard_conditions.egg-info/requires.txt
[1.055s] writing top-level names to ../../../../../build/examples_rclpy_guard_conditions/examples_rclpy_guard_conditions.egg-info/top_level.txt
[1.057s] reading manifest file '../../../../../build/examples_rclpy_guard_conditions/examples_rclpy_guard_conditions.egg-info/SOURCES.txt'
[1.058s] writing manifest file '../../../../../build/examples_rclpy_guard_conditions/examples_rclpy_guard_conditions.egg-info/SOURCES.txt'
[1.058s] running build
[1.058s] running build_py
[1.058s] running install
[1.059s] running install_lib
[1.060s] running install_data
[1.060s] running install_egg_info
[1.062s] removing '/home/etern1ty/ros2_ws/install/examples_rclpy_guard_conditions/lib/python3.10/site-packages/examples_rclpy_guard_conditions-0.15.1-py3.10.egg-info' (and everything under it)
[1.062s] Copying ../../../../../build/examples_rclpy_guard_conditions/examples_rclpy_guard_conditions.egg-info to /home/etern1ty/ros2_ws/install/examples_rclpy_guard_conditions/lib/python3.10/site-packages/examples_rclpy_guard_conditions-0.15.1-py3.10.egg-info
[1.063s] running install_scripts
[1.083s] Installing trigger_guard_condition script to /home/etern1ty/ros2_ws/install/examples_rclpy_guard_conditions/lib/examples_rclpy_guard_conditions
[1.083s] writing list of installed files to '/home/etern1ty/ros2_ws/build/examples_rclpy_guard_conditions/install.log'
[1.135s] Invoked command in '/home/etern1ty/ros2_ws/src/src/examples/rclpy/guard_conditions' returned '0': PYTHONPATH=/home/etern1ty/ros2_ws/build/examples_rclpy_guard_conditions/prefix_override:/home/etern1ty/ros2_ws/install/examples_rclpy_guard_conditions/lib/python3.10/site-packages:${PYTHONPATH} /usr/bin/python3 setup.py egg_info --egg-base ../../../../../build/examples_rclpy_guard_conditions build --build-base /home/etern1ty/ros2_ws/build/examples_rclpy_guard_conditions/build install --record /home/etern1ty/ros2_ws/build/examples_rclpy_guard_conditions/install.log --single-version-externally-managed
