[0.048s] Invoking command in '/home/etern1ty/ros2_ws/build/communicator': CMAKE_PREFIX_PATH=/opt/ros/humble /usr/bin/cmake /home/etern1ty/ros2_ws/src/communicator -DCMAKE_INSTALL_PREFIX=/home/etern1ty/ros2_ws/install/communicator
[0.139s] -- The C compiler identification is GNU 11.4.0
[0.229s] -- The CXX compiler identification is GNU 11.4.0
[0.238s] -- Detecting C compiler ABI info
[0.315s] -- Detecting C compiler ABI info - done
[0.321s] -- Check for working C compiler: /usr/bin/cc - skipped
[0.322s] -- Detecting C compile features
[0.322s] -- Detecting C compile features - done
[0.326s] -- Detecting CXX compiler ABI info
[0.414s] -- Detecting CXX compiler ABI info - done
[0.425s] -- Check for working CXX compiler: /usr/bin/c++ - skipped
[0.426s] -- Detecting CXX compile features
[0.426s] -- Detecting CXX compile features - done
[0.430s] -- Found ament_cmake: 1.3.7 (/opt/ros/humble/share/ament_cmake/cmake)
[0.863s] -- Found Python3: /usr/bin/python3.10 (found version "3.10.12") found components: Interpreter 
[0.993s] -- Found rclcpp: 16.0.8 (/opt/ros/humble/share/rclcpp/cmake)
[1.069s] -- Found rosidl_generator_c: 3.1.5 (/opt/ros/humble/share/rosidl_generator_c/cmake)
[1.075s] -- Found rosidl_adapter: 3.1.5 (/opt/ros/humble/share/rosidl_adapter/cmake)
[1.083s] -- Found rosidl_generator_cpp: 3.1.5 (/opt/ros/humble/share/rosidl_generator_cpp/cmake)
[1.099s] -- Using all available rosidl_typesupport_c: rosidl_typesupport_fastrtps_c;rosidl_typesupport_introspection_c
[1.122s] -- Using all available rosidl_typesupport_cpp: rosidl_typesupport_fastrtps_cpp;rosidl_typesupport_introspection_cpp
[1.273s] -- Found rmw_implementation_cmake: 6.1.1 (/opt/ros/humble/share/rmw_implementation_cmake/cmake)
[1.279s] -- Found rmw_fastrtps_cpp: 6.2.6 (/opt/ros/humble/share/rmw_fastrtps_cpp/cmake)
[1.459s] -- Found OpenSSL: /usr/lib/x86_64-linux-gnu/libcrypto.so (found version "3.0.2")  
[1.495s] -- Found FastRTPS: /opt/ros/humble/include  
[1.553s] -- Using RMW implementation 'rmw_fastrtps_cpp' as default
[1.566s] -- Looking for pthread.h
[1.645s] -- Looking for pthread.h - found
[1.645s] -- Performing Test CMAKE_HAVE_LIBC_PTHREAD
[1.725s] -- Performing Test CMAKE_HAVE_LIBC_PTHREAD - Success
[1.726s] -- Found Threads: TRUE  
[1.890s] -- Found ament_lint_auto: 0.12.10 (/opt/ros/humble/share/ament_lint_auto/cmake)
[1.959s] -- Added test 'cppcheck' to perform static code analysis on C / C++ code
[1.959s] -- Configured cppcheck include dirs: 
[1.959s] -- Configured cppcheck exclude dirs and/or files: 
[1.959s] -- Added test 'lint_cmake' to check CMake code style
[1.960s] -- Added test 'uncrustify' to check C / C++ code style
[1.961s] -- Configured uncrustify additional arguments: 
[1.961s] -- Added test 'xmllint' to check XML markup files
[1.962s] -- Configuring done
[1.967s] -- Generating done
[1.968s] -- Build files have been written to: /home/etern1ty/ros2_ws/build/communicator
[1.977s] Invoked command in '/home/etern1ty/ros2_ws/build/communicator' returned '0': CMAKE_PREFIX_PATH=/opt/ros/humble /usr/bin/cmake /home/etern1ty/ros2_ws/src/communicator -DCMAKE_INSTALL_PREFIX=/home/etern1ty/ros2_ws/install/communicator
[1.979s] Invoking command in '/home/etern1ty/ros2_ws/build/communicator': CMAKE_PREFIX_PATH=/opt/ros/humble /usr/bin/cmake --build /home/etern1ty/ros2_ws/build/communicator -- -j12 -l12
[2.023s] Invoked command in '/home/etern1ty/ros2_ws/build/communicator' returned '0': CMAKE_PREFIX_PATH=/opt/ros/humble /usr/bin/cmake --build /home/etern1ty/ros2_ws/build/communicator -- -j12 -l12
[2.051s] Invoking command in '/home/etern1ty/ros2_ws/build/communicator': CMAKE_PREFIX_PATH=/opt/ros/humble /usr/bin/cmake --install /home/etern1ty/ros2_ws/build/communicator
[2.058s] -- Install configuration: ""
[2.058s] -- Installing: /home/etern1ty/ros2_ws/install/communicator/share/ament_index/resource_index/package_run_dependencies/communicator
[2.058s] -- Installing: /home/etern1ty/ros2_ws/install/communicator/share/ament_index/resource_index/parent_prefix_path/communicator
[2.058s] -- Installing: /home/etern1ty/ros2_ws/install/communicator/share/communicator/environment/ament_prefix_path.sh
[2.059s] -- Installing: /home/etern1ty/ros2_ws/install/communicator/share/communicator/environment/ament_prefix_path.dsv
[2.059s] -- Installing: /home/etern1ty/ros2_ws/install/communicator/share/communicator/environment/path.sh
[2.059s] -- Installing: /home/etern1ty/ros2_ws/install/communicator/share/communicator/environment/path.dsv
[2.059s] -- Installing: /home/etern1ty/ros2_ws/install/communicator/share/communicator/local_setup.bash
[2.059s] -- Installing: /home/etern1ty/ros2_ws/install/communicator/share/communicator/local_setup.sh
[2.059s] -- Installing: /home/etern1ty/ros2_ws/install/communicator/share/communicator/local_setup.zsh
[2.059s] -- Installing: /home/etern1ty/ros2_ws/install/communicator/share/communicator/local_setup.dsv
[2.060s] -- Installing: /home/etern1ty/ros2_ws/install/communicator/share/communicator/package.dsv
[2.060s] -- Installing: /home/etern1ty/ros2_ws/install/communicator/share/ament_index/resource_index/packages/communicator
[2.060s] -- Installing: /home/etern1ty/ros2_ws/install/communicator/share/communicator/cmake/communicatorConfig.cmake
[2.060s] -- Installing: /home/etern1ty/ros2_ws/install/communicator/share/communicator/cmake/communicatorConfig-version.cmake
[2.060s] -- Installing: /home/etern1ty/ros2_ws/install/communicator/share/communicator/package.xml
[2.062s] Invoked command in '/home/etern1ty/ros2_ws/build/communicator' returned '0': CMAKE_PREFIX_PATH=/opt/ros/humble /usr/bin/cmake --install /home/etern1ty/ros2_ws/build/communicator
