[0.056s] Invoking command in '/home/etern1ty/ros2_ws/build/flare_detect': CMAKE_PREFIX_PATH=/opt/ros/humble /usr/bin/cmake --build /home/etern1ty/ros2_ws/build/flare_detect -- -j12 -l12
[0.119s] [  3%] Built target flare_detect__cpp
[0.122s] [ 12%] Built target flare_detect__rosidl_generator_c
[0.134s] [ 12%] Built target ament_cmake_python_copy_flare_detect
[0.151s] [ 39%] Built target flare_detect__rosidl_typesupport_introspection_cpp
[0.151s] [ 39%] Built target flare_detect__rosidl_typesupport_introspection_c
[0.151s] [ 39%] Built target flare_detect__rosidl_typesupport_cpp
[0.151s] [ 48%] Built target flare_detect__rosidl_typesupport_fastrtps_cpp
[0.155s] [ 63%] Built target flare_detect__rosidl_typesupport_c
[0.155s] [ 66%] Built target flare_detect__rosidl_typesupport_fastrtps_c
[0.167s] [35m[1mConsolidate compiler generated dependencies of target detection[0m
[0.184s] [ 66%] Built target flare_detect
[0.193s] [ 69%] [32mBuilding CXX object CMakeFiles/detection.dir/src/detection.cpp.o[0m
[0.212s] [ 72%] Built target flare_detect__py
[0.242s] [ 78%] Built target flare_detect__rosidl_generator_py
[0.270s] [ 90%] Built target flare_detect__rosidl_typesupport_c__pyext
[0.270s] [ 90%] Built target flare_detect__rosidl_typesupport_fastrtps_c__pyext
[0.271s] [ 96%] Built target flare_detect__rosidl_typesupport_introspection_c__pyext
[0.386s] running egg_info
[0.387s] writing flare_detect.egg-info/PKG-INFO
[0.387s] writing dependency_links to flare_detect.egg-info/dependency_links.txt
[0.387s] writing top-level names to flare_detect.egg-info/top_level.txt
[0.389s] reading manifest file 'flare_detect.egg-info/SOURCES.txt'
[0.390s] writing manifest file 'flare_detect.egg-info/SOURCES.txt'
[0.439s] [ 96%] Built target ament_cmake_python_build_flare_detect_egg
[5.160s] [100%] [32m[1mLinking CXX executable detection[0m
[5.537s] [100%] Built target detection
[5.551s] Invoked command in '/home/etern1ty/ros2_ws/build/flare_detect' returned '0': CMAKE_PREFIX_PATH=/opt/ros/humble /usr/bin/cmake --build /home/etern1ty/ros2_ws/build/flare_detect -- -j12 -l12
[5.630s] Invoking command in '/home/etern1ty/ros2_ws/build/flare_detect': CMAKE_PREFIX_PATH=/opt/ros/humble /usr/bin/cmake --install /home/etern1ty/ros2_ws/build/flare_detect
[5.639s] -- Install configuration: ""
[5.639s] -- Up-to-date: /home/etern1ty/ros2_ws/install/flare_detect/share/ament_index/resource_index/rosidl_interfaces/flare_detect
[5.640s] -- Up-to-date: /home/etern1ty/ros2_ws/install/flare_detect/include/flare_detect/flare_detect
[5.640s] -- Up-to-date: /home/etern1ty/ros2_ws/install/flare_detect/include/flare_detect/flare_detect/msg
[5.640s] -- Up-to-date: /home/etern1ty/ros2_ws/install/flare_detect/include/flare_detect/flare_detect/msg/detected.h
[5.640s] -- Up-to-date: /home/etern1ty/ros2_ws/install/flare_detect/include/flare_detect/flare_detect/msg/detail
[5.640s] -- Up-to-date: /home/etern1ty/ros2_ws/install/flare_detect/include/flare_detect/flare_detect/msg/detail/detected__functions.c
[5.640s] -- Up-to-date: /home/etern1ty/ros2_ws/install/flare_detect/include/flare_detect/flare_detect/msg/detail/detected__functions.h
[5.641s] -- Up-to-date: /home/etern1ty/ros2_ws/install/flare_detect/include/flare_detect/flare_detect/msg/detail/detected__struct.h
[5.641s] -- Up-to-date: /home/etern1ty/ros2_ws/install/flare_detect/include/flare_detect/flare_detect/msg/detail/detected__type_support.h
[5.641s] -- Up-to-date: /home/etern1ty/ros2_ws/install/flare_detect/include/flare_detect/flare_detect/msg/rosidl_generator_c__visibility_control.h
[5.641s] -- Up-to-date: /home/etern1ty/ros2_ws/install/flare_detect/share/flare_detect/environment/library_path.sh
[5.641s] -- Up-to-date: /home/etern1ty/ros2_ws/install/flare_detect/share/flare_detect/environment/library_path.dsv
[5.641s] -- Up-to-date: /home/etern1ty/ros2_ws/install/flare_detect/lib/libflare_detect__rosidl_generator_c.so
[5.641s] -- Up-to-date: /home/etern1ty/ros2_ws/install/flare_detect/include/flare_detect/flare_detect
[5.641s] -- Up-to-date: /home/etern1ty/ros2_ws/install/flare_detect/include/flare_detect/flare_detect/msg
[5.641s] -- Up-to-date: /home/etern1ty/ros2_ws/install/flare_detect/include/flare_detect/flare_detect/msg/rosidl_typesupport_fastrtps_c__visibility_control.h
[5.642s] -- Up-to-date: /home/etern1ty/ros2_ws/install/flare_detect/include/flare_detect/flare_detect/msg/detail
[5.642s] -- Up-to-date: /home/etern1ty/ros2_ws/install/flare_detect/include/flare_detect/flare_detect/msg/detail/detected__rosidl_typesupport_fastrtps_c.h
[5.642s] -- Up-to-date: /home/etern1ty/ros2_ws/install/flare_detect/lib/libflare_detect__rosidl_typesupport_fastrtps_c.so
[5.642s] -- Up-to-date: /home/etern1ty/ros2_ws/install/flare_detect/include/flare_detect/flare_detect
[5.642s] -- Up-to-date: /home/etern1ty/ros2_ws/install/flare_detect/include/flare_detect/flare_detect/msg
[5.642s] -- Up-to-date: /home/etern1ty/ros2_ws/install/flare_detect/include/flare_detect/flare_detect/msg/detected.hpp
[5.642s] -- Up-to-date: /home/etern1ty/ros2_ws/install/flare_detect/include/flare_detect/flare_detect/msg/detail
[5.642s] -- Up-to-date: /home/etern1ty/ros2_ws/install/flare_detect/include/flare_detect/flare_detect/msg/detail/detected__struct.hpp
[5.642s] -- Up-to-date: /home/etern1ty/ros2_ws/install/flare_detect/include/flare_detect/flare_detect/msg/detail/detected__traits.hpp
[5.642s] -- Up-to-date: /home/etern1ty/ros2_ws/install/flare_detect/include/flare_detect/flare_detect/msg/detail/detected__builder.hpp
[5.642s] -- Up-to-date: /home/etern1ty/ros2_ws/install/flare_detect/include/flare_detect/flare_detect
[5.642s] -- Up-to-date: /home/etern1ty/ros2_ws/install/flare_detect/include/flare_detect/flare_detect/msg
[5.642s] -- Up-to-date: /home/etern1ty/ros2_ws/install/flare_detect/include/flare_detect/flare_detect/msg/detail
[5.643s] -- Up-to-date: /home/etern1ty/ros2_ws/install/flare_detect/include/flare_detect/flare_detect/msg/detail/dds_fastrtps
[5.643s] -- Up-to-date: /home/etern1ty/ros2_ws/install/flare_detect/include/flare_detect/flare_detect/msg/detail/detected__rosidl_typesupport_fastrtps_cpp.hpp
[5.643s] -- Up-to-date: /home/etern1ty/ros2_ws/install/flare_detect/include/flare_detect/flare_detect/msg/rosidl_typesupport_fastrtps_cpp__visibility_control.h
[5.643s] -- Up-to-date: /home/etern1ty/ros2_ws/install/flare_detect/lib/libflare_detect__rosidl_typesupport_fastrtps_cpp.so
[5.643s] -- Up-to-date: /home/etern1ty/ros2_ws/install/flare_detect/include/flare_detect/flare_detect
[5.643s] -- Up-to-date: /home/etern1ty/ros2_ws/install/flare_detect/include/flare_detect/flare_detect/msg
[5.643s] -- Up-to-date: /home/etern1ty/ros2_ws/install/flare_detect/include/flare_detect/flare_detect/msg/detail
[5.643s] -- Up-to-date: /home/etern1ty/ros2_ws/install/flare_detect/include/flare_detect/flare_detect/msg/detail/detected__type_support.c
[5.643s] -- Up-to-date: /home/etern1ty/ros2_ws/install/flare_detect/include/flare_detect/flare_detect/msg/detail/detected__rosidl_typesupport_introspection_c.h
[5.643s] -- Up-to-date: /home/etern1ty/ros2_ws/install/flare_detect/include/flare_detect/flare_detect/msg/rosidl_typesupport_introspection_c__visibility_control.h
[5.643s] -- Up-to-date: /home/etern1ty/ros2_ws/install/flare_detect/lib/libflare_detect__rosidl_typesupport_introspection_c.so
[5.643s] -- Up-to-date: /home/etern1ty/ros2_ws/install/flare_detect/lib/libflare_detect__rosidl_typesupport_c.so
[5.643s] -- Up-to-date: /home/etern1ty/ros2_ws/install/flare_detect/include/flare_detect/flare_detect
[5.643s] -- Up-to-date: /home/etern1ty/ros2_ws/install/flare_detect/include/flare_detect/flare_detect/msg
[5.644s] -- Up-to-date: /home/etern1ty/ros2_ws/install/flare_detect/include/flare_detect/flare_detect/msg/detail
[5.644s] -- Up-to-date: /home/etern1ty/ros2_ws/install/flare_detect/include/flare_detect/flare_detect/msg/detail/detected__type_support.cpp
[5.644s] -- Up-to-date: /home/etern1ty/ros2_ws/install/flare_detect/include/flare_detect/flare_detect/msg/detail/detected__rosidl_typesupport_introspection_cpp.hpp
[5.644s] -- Up-to-date: /home/etern1ty/ros2_ws/install/flare_detect/lib/libflare_detect__rosidl_typesupport_introspection_cpp.so
[5.644s] -- Up-to-date: /home/etern1ty/ros2_ws/install/flare_detect/lib/libflare_detect__rosidl_typesupport_cpp.so
[5.644s] -- Up-to-date: /home/etern1ty/ros2_ws/install/flare_detect/share/flare_detect/environment/pythonpath.sh
[5.644s] -- Up-to-date: /home/etern1ty/ros2_ws/install/flare_detect/share/flare_detect/environment/pythonpath.dsv
[5.644s] -- Up-to-date: /home/etern1ty/ros2_ws/install/flare_detect/local/lib/python3.10/dist-packages/flare_detect-0.0.0-py3.10.egg-info
[5.644s] -- Installing: /home/etern1ty/ros2_ws/install/flare_detect/local/lib/python3.10/dist-packages/flare_detect-0.0.0-py3.10.egg-info/PKG-INFO
[5.644s] -- Installing: /home/etern1ty/ros2_ws/install/flare_detect/local/lib/python3.10/dist-packages/flare_detect-0.0.0-py3.10.egg-info/top_level.txt
[5.644s] -- Installing: /home/etern1ty/ros2_ws/install/flare_detect/local/lib/python3.10/dist-packages/flare_detect-0.0.0-py3.10.egg-info/SOURCES.txt
[5.644s] -- Installing: /home/etern1ty/ros2_ws/install/flare_detect/local/lib/python3.10/dist-packages/flare_detect-0.0.0-py3.10.egg-info/dependency_links.txt
[5.644s] -- Up-to-date: /home/etern1ty/ros2_ws/install/flare_detect/local/lib/python3.10/dist-packages/flare_detect
[5.644s] -- Up-to-date: /home/etern1ty/ros2_ws/install/flare_detect/local/lib/python3.10/dist-packages/flare_detect/flare_detect_s__rosidl_typesupport_fastrtps_c.cpython-310-x86_64-linux-gnu.so
[5.644s] -- Up-to-date: /home/etern1ty/ros2_ws/install/flare_detect/local/lib/python3.10/dist-packages/flare_detect/_flare_detect_s.ep.rosidl_typesupport_fastrtps_c.c
[5.644s] -- Up-to-date: /home/etern1ty/ros2_ws/install/flare_detect/local/lib/python3.10/dist-packages/flare_detect/flare_detect_s__rosidl_typesupport_introspection_c.cpython-310-x86_64-linux-gnu.so
[5.644s] -- Up-to-date: /home/etern1ty/ros2_ws/install/flare_detect/local/lib/python3.10/dist-packages/flare_detect/__init__.py
[5.644s] -- Up-to-date: /home/etern1ty/ros2_ws/install/flare_detect/local/lib/python3.10/dist-packages/flare_detect/_flare_detect_s.ep.rosidl_typesupport_introspection_c.c
[5.645s] -- Up-to-date: /home/etern1ty/ros2_ws/install/flare_detect/local/lib/python3.10/dist-packages/flare_detect/libflare_detect__rosidl_generator_py.so
[5.645s] -- Up-to-date: /home/etern1ty/ros2_ws/install/flare_detect/local/lib/python3.10/dist-packages/flare_detect/flare_detect_s__rosidl_typesupport_c.cpython-310-x86_64-linux-gnu.so
[5.645s] -- Up-to-date: /home/etern1ty/ros2_ws/install/flare_detect/local/lib/python3.10/dist-packages/flare_detect/msg
[5.645s] -- Up-to-date: /home/etern1ty/ros2_ws/install/flare_detect/local/lib/python3.10/dist-packages/flare_detect/msg/_detected_s.c
[5.645s] -- Up-to-date: /home/etern1ty/ros2_ws/install/flare_detect/local/lib/python3.10/dist-packages/flare_detect/msg/__init__.py
[5.645s] -- Up-to-date: /home/etern1ty/ros2_ws/install/flare_detect/local/lib/python3.10/dist-packages/flare_detect/msg/_detected.py
[5.645s] -- Up-to-date: /home/etern1ty/ros2_ws/install/flare_detect/local/lib/python3.10/dist-packages/flare_detect/_flare_detect_s.ep.rosidl_typesupport_c.c
[5.670s] Listing '/home/etern1ty/ros2_ws/install/flare_detect/local/lib/python3.10/dist-packages/flare_detect'...
[5.670s] Listing '/home/etern1ty/ros2_ws/install/flare_detect/local/lib/python3.10/dist-packages/flare_detect/msg'...
[5.674s] -- Up-to-date: /home/etern1ty/ros2_ws/install/flare_detect/local/lib/python3.10/dist-packages/flare_detect/flare_detect_s__rosidl_typesupport_fastrtps_c.cpython-310-x86_64-linux-gnu.so
[5.675s] -- Up-to-date: /home/etern1ty/ros2_ws/install/flare_detect/local/lib/python3.10/dist-packages/flare_detect/flare_detect_s__rosidl_typesupport_introspection_c.cpython-310-x86_64-linux-gnu.so
[5.675s] -- Up-to-date: /home/etern1ty/ros2_ws/install/flare_detect/local/lib/python3.10/dist-packages/flare_detect/flare_detect_s__rosidl_typesupport_c.cpython-310-x86_64-linux-gnu.so
[5.676s] -- Up-to-date: /home/etern1ty/ros2_ws/install/flare_detect/lib/libflare_detect__rosidl_generator_py.so
[5.676s] -- Up-to-date: /home/etern1ty/ros2_ws/install/flare_detect/share/flare_detect/msg/Detected.idl
[5.676s] -- Up-to-date: /home/etern1ty/ros2_ws/install/flare_detect/share/flare_detect/msg/Detected.msg
[5.676s] -- Installing: /home/etern1ty/ros2_ws/install/flare_detect/lib/flare_detect/detection
[5.678s] -- Set runtime path of "/home/etern1ty/ros2_ws/install/flare_detect/lib/flare_detect/detection" to ""
[5.679s] -- Up-to-date: /home/etern1ty/ros2_ws/install/flare_detect/share/ament_index/resource_index/package_run_dependencies/flare_detect
[5.679s] -- Up-to-date: /home/etern1ty/ros2_ws/install/flare_detect/share/ament_index/resource_index/parent_prefix_path/flare_detect
[5.679s] -- Up-to-date: /home/etern1ty/ros2_ws/install/flare_detect/share/flare_detect/environment/ament_prefix_path.sh
[5.679s] -- Up-to-date: /home/etern1ty/ros2_ws/install/flare_detect/share/flare_detect/environment/ament_prefix_path.dsv
[5.679s] -- Up-to-date: /home/etern1ty/ros2_ws/install/flare_detect/share/flare_detect/environment/path.sh
[5.679s] -- Up-to-date: /home/etern1ty/ros2_ws/install/flare_detect/share/flare_detect/environment/path.dsv
[5.679s] -- Up-to-date: /home/etern1ty/ros2_ws/install/flare_detect/share/flare_detect/local_setup.bash
[5.679s] -- Up-to-date: /home/etern1ty/ros2_ws/install/flare_detect/share/flare_detect/local_setup.sh
[5.679s] -- Up-to-date: /home/etern1ty/ros2_ws/install/flare_detect/share/flare_detect/local_setup.zsh
[5.679s] -- Up-to-date: /home/etern1ty/ros2_ws/install/flare_detect/share/flare_detect/local_setup.dsv
[5.679s] -- Installing: /home/etern1ty/ros2_ws/install/flare_detect/share/flare_detect/package.dsv
[5.680s] -- Up-to-date: /home/etern1ty/ros2_ws/install/flare_detect/share/ament_index/resource_index/packages/flare_detect
[5.680s] -- Up-to-date: /home/etern1ty/ros2_ws/install/flare_detect/share/flare_detect/cmake/export_flare_detect__rosidl_generator_cExport.cmake
[5.680s] -- Up-to-date: /home/etern1ty/ros2_ws/install/flare_detect/share/flare_detect/cmake/export_flare_detect__rosidl_generator_cExport-noconfig.cmake
[5.680s] -- Up-to-date: /home/etern1ty/ros2_ws/install/flare_detect/share/flare_detect/cmake/export_flare_detect__rosidl_typesupport_fastrtps_cExport.cmake
[5.680s] -- Up-to-date: /home/etern1ty/ros2_ws/install/flare_detect/share/flare_detect/cmake/export_flare_detect__rosidl_typesupport_fastrtps_cExport-noconfig.cmake
[5.680s] -- Up-to-date: /home/etern1ty/ros2_ws/install/flare_detect/share/flare_detect/cmake/export_flare_detect__rosidl_generator_cppExport.cmake
[5.680s] -- Up-to-date: /home/etern1ty/ros2_ws/install/flare_detect/share/flare_detect/cmake/export_flare_detect__rosidl_typesupport_fastrtps_cppExport.cmake
[5.680s] -- Up-to-date: /home/etern1ty/ros2_ws/install/flare_detect/share/flare_detect/cmake/export_flare_detect__rosidl_typesupport_fastrtps_cppExport-noconfig.cmake
[5.680s] -- Up-to-date: /home/etern1ty/ros2_ws/install/flare_detect/share/flare_detect/cmake/flare_detect__rosidl_typesupport_introspection_cExport.cmake
[5.680s] -- Up-to-date: /home/etern1ty/ros2_ws/install/flare_detect/share/flare_detect/cmake/flare_detect__rosidl_typesupport_introspection_cExport-noconfig.cmake
[5.680s] -- Up-to-date: /home/etern1ty/ros2_ws/install/flare_detect/share/flare_detect/cmake/flare_detect__rosidl_typesupport_cExport.cmake
[5.680s] -- Up-to-date: /home/etern1ty/ros2_ws/install/flare_detect/share/flare_detect/cmake/flare_detect__rosidl_typesupport_cExport-noconfig.cmake
[5.680s] -- Up-to-date: /home/etern1ty/ros2_ws/install/flare_detect/share/flare_detect/cmake/flare_detect__rosidl_typesupport_introspection_cppExport.cmake
[5.680s] -- Up-to-date: /home/etern1ty/ros2_ws/install/flare_detect/share/flare_detect/cmake/flare_detect__rosidl_typesupport_introspection_cppExport-noconfig.cmake
[5.680s] -- Up-to-date: /home/etern1ty/ros2_ws/install/flare_detect/share/flare_detect/cmake/flare_detect__rosidl_typesupport_cppExport.cmake
[5.681s] -- Up-to-date: /home/etern1ty/ros2_ws/install/flare_detect/share/flare_detect/cmake/flare_detect__rosidl_typesupport_cppExport-noconfig.cmake
[5.681s] -- Up-to-date: /home/etern1ty/ros2_ws/install/flare_detect/share/flare_detect/cmake/export_flare_detect__rosidl_generator_pyExport.cmake
[5.681s] -- Up-to-date: /home/etern1ty/ros2_ws/install/flare_detect/share/flare_detect/cmake/export_flare_detect__rosidl_generator_pyExport-noconfig.cmake
[5.681s] -- Up-to-date: /home/etern1ty/ros2_ws/install/flare_detect/share/flare_detect/cmake/rosidl_cmake-extras.cmake
[5.681s] -- Up-to-date: /home/etern1ty/ros2_ws/install/flare_detect/share/flare_detect/cmake/ament_cmake_export_include_directories-extras.cmake
[5.681s] -- Up-to-date: /home/etern1ty/ros2_ws/install/flare_detect/share/flare_detect/cmake/ament_cmake_export_libraries-extras.cmake
[5.681s] -- Up-to-date: /home/etern1ty/ros2_ws/install/flare_detect/share/flare_detect/cmake/ament_cmake_export_targets-extras.cmake
[5.681s] -- Up-to-date: /home/etern1ty/ros2_ws/install/flare_detect/share/flare_detect/cmake/rosidl_cmake_export_typesupport_targets-extras.cmake
[5.681s] -- Up-to-date: /home/etern1ty/ros2_ws/install/flare_detect/share/flare_detect/cmake/ament_cmake_export_dependencies-extras.cmake
[5.681s] -- Up-to-date: /home/etern1ty/ros2_ws/install/flare_detect/share/flare_detect/cmake/rosidl_cmake_export_typesupport_libraries-extras.cmake
[5.681s] -- Up-to-date: /home/etern1ty/ros2_ws/install/flare_detect/share/flare_detect/cmake/flare_detectConfig.cmake
[5.681s] -- Up-to-date: /home/etern1ty/ros2_ws/install/flare_detect/share/flare_detect/cmake/flare_detectConfig-version.cmake
[5.681s] -- Up-to-date: /home/etern1ty/ros2_ws/install/flare_detect/share/flare_detect/package.xml
[5.683s] Invoked command in '/home/etern1ty/ros2_ws/build/flare_detect' returned '0': CMAKE_PREFIX_PATH=/opt/ros/humble /usr/bin/cmake --install /home/etern1ty/ros2_ws/build/flare_detect
