[0.048s] Invoking command in '/home/etern1ty/ros2_ws/build/my_package': CMAKE_PREFIX_PATH=/opt/ros/humble /usr/bin/cmake /home/etern1ty/ros2_ws/src/my_package -DCMAKE_INSTALL_PREFIX=/home/etern1ty/ros2_ws/install/my_package
[0.106s] -- The C compiler identification is GNU 11.4.0
[0.164s] -- The CXX compiler identification is GNU 11.4.0
[0.172s] -- Detecting C compiler ABI info
[0.252s] -- Detecting C compiler ABI info - done
[0.259s] -- Check for working C compiler: /usr/bin/cc - skipped
[0.259s] -- Detecting C compile features
[0.260s] -- Detecting C compile features - done
[0.263s] -- Detecting CXX compiler ABI info
[0.362s] -- Detecting CXX compiler ABI info - done
[0.363s] -- Check for working CXX compiler: /usr/bin/c++ - skipped
[0.363s] -- Detecting CXX compile features
[0.363s] -- Detecting CXX compile features - done
[0.363s] -- Found ament_cmake: 1.3.7 (/opt/ros/humble/share/ament_cmake/cmake)
[0.518s] -- Found Python3: /usr/bin/python3.10 (found version "3.10.12") found components: Interpreter 
[0.595s] -- Found ament_lint_auto: 0.12.10 (/opt/ros/humble/share/ament_lint_auto/cmake)
[0.663s] -- Added test 'cppcheck' to perform static code analysis on C / C++ code
[0.663s] -- Configured cppcheck include dirs: $<BUILD_INTERFACE:/home/etern1ty/ros2_ws/src/my_package/include>
[0.664s] -- Configured cppcheck exclude dirs and/or files: 
[0.664s] -- Added test 'lint_cmake' to check CMake code style
[0.665s] -- Added test 'uncrustify' to check C / C++ code style
[0.665s] -- Configured uncrustify additional arguments: 
[0.666s] -- Added test 'xmllint' to check XML markup files
[0.667s] -- Configuring done
[0.671s] -- Generating done
[0.672s] -- Build files have been written to: /home/etern1ty/ros2_ws/build/my_package
[0.677s] Invoked command in '/home/etern1ty/ros2_ws/build/my_package' returned '0': CMAKE_PREFIX_PATH=/opt/ros/humble /usr/bin/cmake /home/etern1ty/ros2_ws/src/my_package -DCMAKE_INSTALL_PREFIX=/home/etern1ty/ros2_ws/install/my_package
[0.679s] Invoking command in '/home/etern1ty/ros2_ws/build/my_package': CMAKE_PREFIX_PATH=/opt/ros/humble /usr/bin/cmake --build /home/etern1ty/ros2_ws/build/my_package -- -j12 -l12
[0.731s] [ 50%] [32mBuilding CXX object CMakeFiles/my_node.dir/src/my_node.cpp.o[0m
[0.761s] [100%] [32m[1mLinking CXX executable my_node[0m
[0.813s] [100%] Built target my_node
[0.828s] Invoked command in '/home/etern1ty/ros2_ws/build/my_package' returned '0': CMAKE_PREFIX_PATH=/opt/ros/humble /usr/bin/cmake --build /home/etern1ty/ros2_ws/build/my_package -- -j12 -l12
[0.861s] Invoking command in '/home/etern1ty/ros2_ws/build/my_package': CMAKE_PREFIX_PATH=/opt/ros/humble /usr/bin/cmake --install /home/etern1ty/ros2_ws/build/my_package
[0.868s] -- Install configuration: ""
[0.869s] -- Installing: /home/etern1ty/ros2_ws/install/my_package/lib/my_package/my_node
[0.869s] -- Installing: /home/etern1ty/ros2_ws/install/my_package/share/ament_index/resource_index/package_run_dependencies/my_package
[0.869s] -- Installing: /home/etern1ty/ros2_ws/install/my_package/share/ament_index/resource_index/parent_prefix_path/my_package
[0.869s] -- Installing: /home/etern1ty/ros2_ws/install/my_package/share/my_package/environment/ament_prefix_path.sh
[0.869s] -- Installing: /home/etern1ty/ros2_ws/install/my_package/share/my_package/environment/ament_prefix_path.dsv
[0.870s] -- Installing: /home/etern1ty/ros2_ws/install/my_package/share/my_package/environment/path.sh
[0.870s] -- Installing: /home/etern1ty/ros2_ws/install/my_package/share/my_package/environment/path.dsv
[0.870s] -- Installing: /home/etern1ty/ros2_ws/install/my_package/share/my_package/local_setup.bash
[0.870s] -- Installing: /home/etern1ty/ros2_ws/install/my_package/share/my_package/local_setup.sh
[0.870s] -- Installing: /home/etern1ty/ros2_ws/install/my_package/share/my_package/local_setup.zsh
[0.871s] -- Installing: /home/etern1ty/ros2_ws/install/my_package/share/my_package/local_setup.dsv
[0.871s] -- Installing: /home/etern1ty/ros2_ws/install/my_package/share/my_package/package.dsv
[0.871s] -- Installing: /home/etern1ty/ros2_ws/install/my_package/share/ament_index/resource_index/packages/my_package
[0.871s] -- Installing: /home/etern1ty/ros2_ws/install/my_package/share/my_package/cmake/my_packageConfig.cmake
[0.871s] -- Installing: /home/etern1ty/ros2_ws/install/my_package/share/my_package/cmake/my_packageConfig-version.cmake
[0.871s] -- Installing: /home/etern1ty/ros2_ws/install/my_package/share/my_package/package.xml
[0.874s] Invoked command in '/home/etern1ty/ros2_ws/build/my_package' returned '0': CMAKE_PREFIX_PATH=/opt/ros/humble /usr/bin/cmake --install /home/etern1ty/ros2_ws/build/my_package
