[0.050s] Invoking command in '/home/etern1ty/ros2_ws/build/examples_rclcpp_async_client': CMAKE_PREFIX_PATH=/opt/ros/humble /usr/bin/cmake /home/etern1ty/ros2_ws/src/src/examples/rclcpp/services/async_client -DCMAKE_INSTALL_PREFIX=/home/etern1ty/ros2_ws/install/examples_rclcpp_async_client
[0.118s] -- The C compiler identification is GNU 11.4.0
[0.180s] -- The CXX compiler identification is GNU 11.4.0
[0.191s] -- Detecting C compiler ABI info
[0.268s] -- Detecting C compiler ABI info - done
[0.275s] -- Check for working C compiler: /usr/bin/cc - skipped
[0.275s] -- Detecting C compile features
[0.276s] -- Detecting C compile features - done
[0.279s] -- Detecting CXX compiler ABI info
[0.368s] -- Detecting CXX compiler ABI info - done
[0.375s] -- Check for working CXX compiler: /usr/bin/c++ - skipped
[0.375s] -- Detecting CXX compile features
[0.375s] -- Detecting CXX compile features - done
[0.379s] -- Found ament_cmake: 1.3.7 (/opt/ros/humble/share/ament_cmake/cmake)
[0.539s] -- Found Python3: /usr/bin/python3.10 (found version "3.10.12") found components: Interpreter 
[0.637s] -- Found example_interfaces: 0.9.3 (/opt/ros/humble/share/example_interfaces/cmake)
[0.684s] -- Found rosidl_generator_c: 3.1.5 (/opt/ros/humble/share/rosidl_generator_c/cmake)
[0.690s] -- Found rosidl_adapter: 3.1.5 (/opt/ros/humble/share/rosidl_adapter/cmake)
[0.699s] -- Found rosidl_generator_cpp: 3.1.5 (/opt/ros/humble/share/rosidl_generator_cpp/cmake)
[0.715s] -- Using all available rosidl_typesupport_c: rosidl_typesupport_fastrtps_c;rosidl_typesupport_introspection_c
[0.736s] -- Using all available rosidl_typesupport_cpp: rosidl_typesupport_fastrtps_cpp;rosidl_typesupport_introspection_cpp
[0.888s] -- Found rclcpp: 16.0.8 (/opt/ros/humble/share/rclcpp/cmake)
[0.953s] -- Found rmw_implementation_cmake: 6.1.1 (/opt/ros/humble/share/rmw_implementation_cmake/cmake)
[0.956s] -- Found rmw_fastrtps_cpp: 6.2.6 (/opt/ros/humble/share/rmw_fastrtps_cpp/cmake)
[1.088s] -- Found OpenSSL: /usr/lib/x86_64-linux-gnu/libcrypto.so (found version "3.0.2")  
[1.121s] -- Found FastRTPS: /opt/ros/humble/include  
[1.174s] -- Using RMW implementation 'rmw_fastrtps_cpp' as default
[1.186s] -- Looking for pthread.h
[1.273s] -- Looking for pthread.h - found
[1.273s] -- Performing Test CMAKE_HAVE_LIBC_PTHREAD
[1.354s] -- Performing Test CMAKE_HAVE_LIBC_PTHREAD - Success
[1.355s] -- Found Threads: TRUE  
[1.509s] -- Found ament_lint_auto: 0.12.10 (/opt/ros/humble/share/ament_lint_auto/cmake)
[1.587s] -- Added test 'copyright' to check source files copyright and LICENSE
[1.588s] -- Added test 'cppcheck' to perform static code analysis on C / C++ code
[1.588s] -- Configured cppcheck include dirs: 
[1.589s] -- Configured cppcheck exclude dirs and/or files: 
[1.589s] -- Added test 'cpplint' to check C / C++ code against the Google style
[1.589s] -- Configured cpplint exclude dirs and/or files: 
[1.590s] -- Added test 'lint_cmake' to check CMake code style
[1.591s] -- Added test 'uncrustify' to check C / C++ code style
[1.591s] -- Configured uncrustify additional arguments: 
[1.592s] -- Added test 'xmllint' to check XML markup files
[1.594s] -- Configuring done
[1.604s] -- Generating done
[1.606s] -- Build files have been written to: /home/etern1ty/ros2_ws/build/examples_rclcpp_async_client
[1.615s] Invoked command in '/home/etern1ty/ros2_ws/build/examples_rclcpp_async_client' returned '0': CMAKE_PREFIX_PATH=/opt/ros/humble /usr/bin/cmake /home/etern1ty/ros2_ws/src/src/examples/rclcpp/services/async_client -DCMAKE_INSTALL_PREFIX=/home/etern1ty/ros2_ws/install/examples_rclcpp_async_client
[1.617s] Invoking command in '/home/etern1ty/ros2_ws/build/examples_rclcpp_async_client': CMAKE_PREFIX_PATH=/opt/ros/humble /usr/bin/cmake --build /home/etern1ty/ros2_ws/build/examples_rclcpp_async_client -- -j12 -l12
[1.674s] [ 50%] [32mBuilding CXX object CMakeFiles/client_main.dir/main.cpp.o[0m
[5.505s] [100%] [32m[1mLinking CXX executable client_main[0m
[5.710s] [100%] Built target client_main
[5.724s] Invoked command in '/home/etern1ty/ros2_ws/build/examples_rclcpp_async_client' returned '0': CMAKE_PREFIX_PATH=/opt/ros/humble /usr/bin/cmake --build /home/etern1ty/ros2_ws/build/examples_rclcpp_async_client -- -j12 -l12
[5.755s] Invoking command in '/home/etern1ty/ros2_ws/build/examples_rclcpp_async_client': CMAKE_PREFIX_PATH=/opt/ros/humble /usr/bin/cmake --install /home/etern1ty/ros2_ws/build/examples_rclcpp_async_client
[5.762s] -- Install configuration: ""
[5.763s] -- Installing: /home/etern1ty/ros2_ws/install/examples_rclcpp_async_client/lib/examples_rclcpp_async_client/client_main
[5.764s] -- Set runtime path of "/home/etern1ty/ros2_ws/install/examples_rclcpp_async_client/lib/examples_rclcpp_async_client/client_main" to ""
[5.764s] -- Installing: /home/etern1ty/ros2_ws/install/examples_rclcpp_async_client/share/ament_index/resource_index/package_run_dependencies/examples_rclcpp_async_client
[5.764s] -- Installing: /home/etern1ty/ros2_ws/install/examples_rclcpp_async_client/share/ament_index/resource_index/parent_prefix_path/examples_rclcpp_async_client
[5.764s] -- Up-to-date: /home/etern1ty/ros2_ws/install/examples_rclcpp_async_client/share/examples_rclcpp_async_client/environment/ament_prefix_path.sh
[5.764s] -- Installing: /home/etern1ty/ros2_ws/install/examples_rclcpp_async_client/share/examples_rclcpp_async_client/environment/ament_prefix_path.dsv
[5.764s] -- Up-to-date: /home/etern1ty/ros2_ws/install/examples_rclcpp_async_client/share/examples_rclcpp_async_client/environment/path.sh
[5.765s] -- Installing: /home/etern1ty/ros2_ws/install/examples_rclcpp_async_client/share/examples_rclcpp_async_client/environment/path.dsv
[5.765s] -- Installing: /home/etern1ty/ros2_ws/install/examples_rclcpp_async_client/share/examples_rclcpp_async_client/local_setup.bash
[5.765s] -- Installing: /home/etern1ty/ros2_ws/install/examples_rclcpp_async_client/share/examples_rclcpp_async_client/local_setup.sh
[5.765s] -- Installing: /home/etern1ty/ros2_ws/install/examples_rclcpp_async_client/share/examples_rclcpp_async_client/local_setup.zsh
[5.765s] -- Installing: /home/etern1ty/ros2_ws/install/examples_rclcpp_async_client/share/examples_rclcpp_async_client/local_setup.dsv
[5.765s] -- Installing: /home/etern1ty/ros2_ws/install/examples_rclcpp_async_client/share/examples_rclcpp_async_client/package.dsv
[5.766s] -- Installing: /home/etern1ty/ros2_ws/install/examples_rclcpp_async_client/share/ament_index/resource_index/packages/examples_rclcpp_async_client
[5.766s] -- Installing: /home/etern1ty/ros2_ws/install/examples_rclcpp_async_client/share/examples_rclcpp_async_client/cmake/examples_rclcpp_async_clientConfig.cmake
[5.766s] -- Installing: /home/etern1ty/ros2_ws/install/examples_rclcpp_async_client/share/examples_rclcpp_async_client/cmake/examples_rclcpp_async_clientConfig-version.cmake
[5.766s] -- Up-to-date: /home/etern1ty/ros2_ws/install/examples_rclcpp_async_client/share/examples_rclcpp_async_client/package.xml
[5.769s] Invoked command in '/home/etern1ty/ros2_ws/build/examples_rclcpp_async_client' returned '0': CMAKE_PREFIX_PATH=/opt/ros/humble /usr/bin/cmake --install /home/etern1ty/ros2_ws/build/examples_rclcpp_async_client
