[0.940s] DEBUG:colcon:Command line arguments: ['/usr/bin/colcon', 'build', '--packages-select', 'pub_controller', '--parallel-workers', '2']
[0.940s] DEBUG:colcon:Parsed command line arguments: Namespace(log_base=None, log_level=None, verb_name='build', build_base='build', install_base='install', merge_install=False, symlink_install=False, test_result_base=None, continue_on_error=False, executor='parallel', parallel_workers=2, event_handlers=None, ignore_user_meta=False, metas=['./colcon.meta'], base_paths=['.'], packages_ignore=None, packages_ignore_regex=None, paths=None, packages_up_to=None, packages_up_to_regex=None, packages_above=None, packages_above_and_dependencies=None, packages_above_depth=None, packages_select_by_dep=None, packages_skip_by_dep=None, packages_skip_up_to=None, packages_select_build_failed=False, packages_skip_build_finished=False, packages_select_test_failures=False, packages_skip_test_passed=False, packages_select=['pub_controller'], packages_skip=None, packages_select_regex=None, packages_skip_regex=None, packages_start=None, packages_end=None, allow_overriding=[], cmake_args=None, cmake_target=None, cmake_target_skip_unavailable=False, cmake_clean_cache=False, cmake_clean_first=False, cmake_force_configure=False, ament_cmake_args=None, catkin_cmake_args=None, catkin_skip_building_tests=False, verb_parser=<colcon_defaults.argument_parser.defaults.DefaultArgumentsDecorator object at 0x7f718818c610>, verb_extension=<colcon_core.verb.build.BuildVerb object at 0x7f7188149270>, main=<bound method BuildVerb.main of <colcon_core.verb.build.BuildVerb object at 0x7f7188149270>>)
[0.985s] Level 1:colcon.colcon_core.package_discovery:discover_packages(colcon_meta) check parameters
[0.985s] Level 1:colcon.colcon_core.package_discovery:discover_packages(recursive) check parameters
[0.985s] Level 1:colcon.colcon_core.package_discovery:discover_packages(ignore) check parameters
[0.985s] Level 1:colcon.colcon_core.package_discovery:discover_packages(path) check parameters
[0.985s] Level 1:colcon.colcon_core.package_discovery:discover_packages(colcon_meta) discover
[0.985s] Level 1:colcon.colcon_core.package_discovery:discover_packages(recursive) discover
[0.985s] INFO:colcon.colcon_core.package_discovery:Crawling recursively for packages in '/home/etern1ty/ros2_ws'
[0.985s] Level 1:colcon.colcon_core.package_identification:_identify(.) by extensions ['ignore', 'ignore_ament_install']
[0.985s] Level 1:colcon.colcon_core.package_identification:_identify(.) by extension 'ignore'
[0.985s] Level 1:colcon.colcon_core.package_identification:_identify(.) by extension 'ignore_ament_install'
[0.986s] Level 1:colcon.colcon_core.package_identification:_identify(.) by extensions ['colcon_pkg']
[0.986s] Level 1:colcon.colcon_core.package_identification:_identify(.) by extension 'colcon_pkg'
[0.986s] Level 1:colcon.colcon_core.package_identification:_identify(.) by extensions ['colcon_meta']
[0.986s] Level 1:colcon.colcon_core.package_identification:_identify(.) by extension 'colcon_meta'
[0.986s] Level 1:colcon.colcon_core.package_identification:_identify(.) by extensions ['ros']
[0.986s] Level 1:colcon.colcon_core.package_identification:_identify(.) by extension 'ros'
[0.998s] Level 1:colcon.colcon_core.package_identification:_identify(.) by extensions ['cmake', 'python']
[0.998s] Level 1:colcon.colcon_core.package_identification:_identify(.) by extension 'cmake'
[0.998s] Level 1:colcon.colcon_core.package_identification:_identify(.) by extension 'python'
[0.998s] Level 1:colcon.colcon_core.package_identification:_identify(.) by extensions ['python_setup_py']
[0.998s] Level 1:colcon.colcon_core.package_identification:_identify(.) by extension 'python_setup_py'
[0.999s] Level 1:colcon.colcon_core.package_identification:_identify(build) by extensions ['ignore', 'ignore_ament_install']
[0.999s] Level 1:colcon.colcon_core.package_identification:_identify(build) by extension 'ignore'
[0.999s] Level 1:colcon.colcon_core.package_identification:_identify(build) ignored
[0.999s] Level 1:colcon.colcon_core.package_identification:_identify(install) by extensions ['ignore', 'ignore_ament_install']
[0.999s] Level 1:colcon.colcon_core.package_identification:_identify(install) by extension 'ignore'
[0.999s] Level 1:colcon.colcon_core.package_identification:_identify(install) ignored
[0.999s] Level 1:colcon.colcon_core.package_identification:_identify(log) by extensions ['ignore', 'ignore_ament_install']
[0.999s] Level 1:colcon.colcon_core.package_identification:_identify(log) by extension 'ignore'
[0.999s] Level 1:colcon.colcon_core.package_identification:_identify(log) ignored
[0.999s] Level 1:colcon.colcon_core.package_identification:_identify(src) by extensions ['ignore', 'ignore_ament_install']
[0.999s] Level 1:colcon.colcon_core.package_identification:_identify(src) by extension 'ignore'
[0.999s] Level 1:colcon.colcon_core.package_identification:_identify(src) by extension 'ignore_ament_install'
[0.999s] Level 1:colcon.colcon_core.package_identification:_identify(src) by extensions ['colcon_pkg']
[1.000s] Level 1:colcon.colcon_core.package_identification:_identify(src) by extension 'colcon_pkg'
[1.000s] Level 1:colcon.colcon_core.package_identification:_identify(src) by extensions ['colcon_meta']
[1.000s] Level 1:colcon.colcon_core.package_identification:_identify(src) by extension 'colcon_meta'
[1.000s] Level 1:colcon.colcon_core.package_identification:_identify(src) by extensions ['ros']
[1.000s] Level 1:colcon.colcon_core.package_identification:_identify(src) by extension 'ros'
[1.000s] Level 1:colcon.colcon_core.package_identification:_identify(src) by extensions ['cmake', 'python']
[1.000s] Level 1:colcon.colcon_core.package_identification:_identify(src) by extension 'cmake'
[1.000s] Level 1:colcon.colcon_core.package_identification:_identify(src) by extension 'python'
[1.000s] Level 1:colcon.colcon_core.package_identification:_identify(src) by extensions ['python_setup_py']
[1.000s] Level 1:colcon.colcon_core.package_identification:_identify(src) by extension 'python_setup_py'
[1.000s] Level 1:colcon.colcon_core.package_identification:_identify(src/cpp_pubsub) by extensions ['ignore', 'ignore_ament_install']
[1.000s] Level 1:colcon.colcon_core.package_identification:_identify(src/cpp_pubsub) by extension 'ignore'
[1.000s] Level 1:colcon.colcon_core.package_identification:_identify(src/cpp_pubsub) by extension 'ignore_ament_install'
[1.000s] Level 1:colcon.colcon_core.package_identification:_identify(src/cpp_pubsub) by extensions ['colcon_pkg']
[1.000s] Level 1:colcon.colcon_core.package_identification:_identify(src/cpp_pubsub) by extension 'colcon_pkg'
[1.000s] Level 1:colcon.colcon_core.package_identification:_identify(src/cpp_pubsub) by extensions ['colcon_meta']
[1.000s] Level 1:colcon.colcon_core.package_identification:_identify(src/cpp_pubsub) by extension 'colcon_meta'
[1.000s] Level 1:colcon.colcon_core.package_identification:_identify(src/cpp_pubsub) by extensions ['ros']
[1.000s] Level 1:colcon.colcon_core.package_identification:_identify(src/cpp_pubsub) by extension 'ros'
[1.003s] DEBUG:colcon.colcon_core.package_identification:Package 'src/cpp_pubsub' with type 'ros.ament_cmake' and name 'cpp_pubsub'
[1.003s] Level 1:colcon.colcon_core.package_identification:_identify(src/msg) by extensions ['ignore', 'ignore_ament_install']
[1.003s] Level 1:colcon.colcon_core.package_identification:_identify(src/msg) by extension 'ignore'
[1.003s] Level 1:colcon.colcon_core.package_identification:_identify(src/msg) by extension 'ignore_ament_install'
[1.003s] Level 1:colcon.colcon_core.package_identification:_identify(src/msg) by extensions ['colcon_pkg']
[1.003s] Level 1:colcon.colcon_core.package_identification:_identify(src/msg) by extension 'colcon_pkg'
[1.003s] Level 1:colcon.colcon_core.package_identification:_identify(src/msg) by extensions ['colcon_meta']
[1.003s] Level 1:colcon.colcon_core.package_identification:_identify(src/msg) by extension 'colcon_meta'
[1.003s] Level 1:colcon.colcon_core.package_identification:_identify(src/msg) by extensions ['ros']
[1.004s] Level 1:colcon.colcon_core.package_identification:_identify(src/msg) by extension 'ros'
[1.004s] Level 1:colcon.colcon_core.package_identification:_identify(src/msg) by extensions ['cmake', 'python']
[1.004s] Level 1:colcon.colcon_core.package_identification:_identify(src/msg) by extension 'cmake'
[1.004s] Level 1:colcon.colcon_core.package_identification:_identify(src/msg) by extension 'python'
[1.004s] Level 1:colcon.colcon_core.package_identification:_identify(src/msg) by extensions ['python_setup_py']
[1.004s] Level 1:colcon.colcon_core.package_identification:_identify(src/msg) by extension 'python_setup_py'
[1.004s] Level 1:colcon.colcon_core.package_identification:_identify(src/my_package) by extensions ['ignore', 'ignore_ament_install']
[1.004s] Level 1:colcon.colcon_core.package_identification:_identify(src/my_package) by extension 'ignore'
[1.004s] Level 1:colcon.colcon_core.package_identification:_identify(src/my_package) by extension 'ignore_ament_install'
[1.004s] Level 1:colcon.colcon_core.package_identification:_identify(src/my_package) by extensions ['colcon_pkg']
[1.004s] Level 1:colcon.colcon_core.package_identification:_identify(src/my_package) by extension 'colcon_pkg'
[1.004s] Level 1:colcon.colcon_core.package_identification:_identify(src/my_package) by extensions ['colcon_meta']
[1.004s] Level 1:colcon.colcon_core.package_identification:_identify(src/my_package) by extension 'colcon_meta'
[1.004s] Level 1:colcon.colcon_core.package_identification:_identify(src/my_package) by extensions ['ros']
[1.004s] Level 1:colcon.colcon_core.package_identification:_identify(src/my_package) by extension 'ros'
[1.005s] DEBUG:colcon.colcon_core.package_identification:Package 'src/my_package' with type 'ros.ament_cmake' and name 'my_package'
[1.005s] Level 1:colcon.colcon_core.package_identification:_identify(src/pub_controller) by extensions ['ignore', 'ignore_ament_install']
[1.005s] Level 1:colcon.colcon_core.package_identification:_identify(src/pub_controller) by extension 'ignore'
[1.005s] Level 1:colcon.colcon_core.package_identification:_identify(src/pub_controller) by extension 'ignore_ament_install'
[1.005s] Level 1:colcon.colcon_core.package_identification:_identify(src/pub_controller) by extensions ['colcon_pkg']
[1.005s] Level 1:colcon.colcon_core.package_identification:_identify(src/pub_controller) by extension 'colcon_pkg'
[1.005s] Level 1:colcon.colcon_core.package_identification:_identify(src/pub_controller) by extensions ['colcon_meta']
[1.005s] Level 1:colcon.colcon_core.package_identification:_identify(src/pub_controller) by extension 'colcon_meta'
[1.005s] Level 1:colcon.colcon_core.package_identification:_identify(src/pub_controller) by extensions ['ros']
[1.005s] Level 1:colcon.colcon_core.package_identification:_identify(src/pub_controller) by extension 'ros'
[1.006s] DEBUG:colcon.colcon_core.package_identification:Package 'src/pub_controller' with type 'ros.ament_cmake' and name 'pub_controller'
[1.006s] Level 1:colcon.colcon_core.package_identification:_identify(src/src) by extensions ['ignore', 'ignore_ament_install']
[1.006s] Level 1:colcon.colcon_core.package_identification:_identify(src/src) by extension 'ignore'
[1.006s] Level 1:colcon.colcon_core.package_identification:_identify(src/src) by extension 'ignore_ament_install'
[1.006s] Level 1:colcon.colcon_core.package_identification:_identify(src/src) by extensions ['colcon_pkg']
[1.006s] Level 1:colcon.colcon_core.package_identification:_identify(src/src) by extension 'colcon_pkg'
[1.006s] Level 1:colcon.colcon_core.package_identification:_identify(src/src) by extensions ['colcon_meta']
[1.006s] Level 1:colcon.colcon_core.package_identification:_identify(src/src) by extension 'colcon_meta'
[1.006s] Level 1:colcon.colcon_core.package_identification:_identify(src/src) by extensions ['ros']
[1.006s] Level 1:colcon.colcon_core.package_identification:_identify(src/src) by extension 'ros'
[1.006s] Level 1:colcon.colcon_core.package_identification:_identify(src/src) by extensions ['cmake', 'python']
[1.006s] Level 1:colcon.colcon_core.package_identification:_identify(src/src) by extension 'cmake'
[1.006s] Level 1:colcon.colcon_core.package_identification:_identify(src/src) by extension 'python'
[1.006s] Level 1:colcon.colcon_core.package_identification:_identify(src/src) by extensions ['python_setup_py']
[1.006s] Level 1:colcon.colcon_core.package_identification:_identify(src/src) by extension 'python_setup_py'
[1.007s] Level 1:colcon.colcon_core.package_identification:_identify(src/src/examples) by extensions ['ignore', 'ignore_ament_install']
[1.007s] Level 1:colcon.colcon_core.package_identification:_identify(src/src/examples) by extension 'ignore'
[1.007s] Level 1:colcon.colcon_core.package_identification:_identify(src/src/examples) by extension 'ignore_ament_install'
[1.007s] Level 1:colcon.colcon_core.package_identification:_identify(src/src/examples) by extensions ['colcon_pkg']
[1.007s] Level 1:colcon.colcon_core.package_identification:_identify(src/src/examples) by extension 'colcon_pkg'
[1.007s] Level 1:colcon.colcon_core.package_identification:_identify(src/src/examples) by extensions ['colcon_meta']
[1.007s] Level 1:colcon.colcon_core.package_identification:_identify(src/src/examples) by extension 'colcon_meta'
[1.007s] Level 1:colcon.colcon_core.package_identification:_identify(src/src/examples) by extensions ['ros']
[1.007s] Level 1:colcon.colcon_core.package_identification:_identify(src/src/examples) by extension 'ros'
[1.007s] Level 1:colcon.colcon_core.package_identification:_identify(src/src/examples) by extensions ['cmake', 'python']
[1.007s] Level 1:colcon.colcon_core.package_identification:_identify(src/src/examples) by extension 'cmake'
[1.007s] Level 1:colcon.colcon_core.package_identification:_identify(src/src/examples) by extension 'python'
[1.007s] Level 1:colcon.colcon_core.package_identification:_identify(src/src/examples) by extensions ['python_setup_py']
[1.007s] Level 1:colcon.colcon_core.package_identification:_identify(src/src/examples) by extension 'python_setup_py'
[1.007s] Level 1:colcon.colcon_core.package_identification:_identify(src/src/examples/launch_testing) by extensions ['ignore', 'ignore_ament_install']
[1.007s] Level 1:colcon.colcon_core.package_identification:_identify(src/src/examples/launch_testing) by extension 'ignore'
[1.007s] Level 1:colcon.colcon_core.package_identification:_identify(src/src/examples/launch_testing) by extension 'ignore_ament_install'
[1.008s] Level 1:colcon.colcon_core.package_identification:_identify(src/src/examples/launch_testing) by extensions ['colcon_pkg']
[1.008s] Level 1:colcon.colcon_core.package_identification:_identify(src/src/examples/launch_testing) by extension 'colcon_pkg'
[1.008s] Level 1:colcon.colcon_core.package_identification:_identify(src/src/examples/launch_testing) by extensions ['colcon_meta']
[1.008s] Level 1:colcon.colcon_core.package_identification:_identify(src/src/examples/launch_testing) by extension 'colcon_meta'
[1.008s] Level 1:colcon.colcon_core.package_identification:_identify(src/src/examples/launch_testing) by extensions ['ros']
[1.008s] Level 1:colcon.colcon_core.package_identification:_identify(src/src/examples/launch_testing) by extension 'ros'
[1.008s] Level 1:colcon.colcon_core.package_identification:_identify(src/src/examples/launch_testing) by extensions ['cmake', 'python']
[1.008s] Level 1:colcon.colcon_core.package_identification:_identify(src/src/examples/launch_testing) by extension 'cmake'
[1.008s] Level 1:colcon.colcon_core.package_identification:_identify(src/src/examples/launch_testing) by extension 'python'
[1.008s] Level 1:colcon.colcon_core.package_identification:_identify(src/src/examples/launch_testing) by extensions ['python_setup_py']
[1.008s] Level 1:colcon.colcon_core.package_identification:_identify(src/src/examples/launch_testing) by extension 'python_setup_py'
[1.008s] Level 1:colcon.colcon_core.package_identification:_identify(src/src/examples/launch_testing/launch_testing_examples) by extensions ['ignore', 'ignore_ament_install']
[1.008s] Level 1:colcon.colcon_core.package_identification:_identify(src/src/examples/launch_testing/launch_testing_examples) by extension 'ignore'
[1.008s] Level 1:colcon.colcon_core.package_identification:_identify(src/src/examples/launch_testing/launch_testing_examples) by extension 'ignore_ament_install'
[1.008s] Level 1:colcon.colcon_core.package_identification:_identify(src/src/examples/launch_testing/launch_testing_examples) by extensions ['colcon_pkg']
[1.008s] Level 1:colcon.colcon_core.package_identification:_identify(src/src/examples/launch_testing/launch_testing_examples) by extension 'colcon_pkg'
[1.008s] Level 1:colcon.colcon_core.package_identification:_identify(src/src/examples/launch_testing/launch_testing_examples) by extensions ['colcon_meta']
[1.008s] Level 1:colcon.colcon_core.package_identification:_identify(src/src/examples/launch_testing/launch_testing_examples) by extension 'colcon_meta'
[1.008s] Level 1:colcon.colcon_core.package_identification:_identify(src/src/examples/launch_testing/launch_testing_examples) by extensions ['ros']
[1.008s] Level 1:colcon.colcon_core.package_identification:_identify(src/src/examples/launch_testing/launch_testing_examples) by extension 'ros'
[1.009s] DEBUG:colcon.colcon_core.package_identification:Package 'src/src/examples/launch_testing/launch_testing_examples' with type 'ros.ament_python' and name 'launch_testing_examples'
[1.009s] Level 1:colcon.colcon_core.package_identification:_identify(src/src/examples/rclcpp) by extensions ['ignore', 'ignore_ament_install']
[1.009s] Level 1:colcon.colcon_core.package_identification:_identify(src/src/examples/rclcpp) by extension 'ignore'
[1.009s] Level 1:colcon.colcon_core.package_identification:_identify(src/src/examples/rclcpp) by extension 'ignore_ament_install'
[1.009s] Level 1:colcon.colcon_core.package_identification:_identify(src/src/examples/rclcpp) by extensions ['colcon_pkg']
[1.009s] Level 1:colcon.colcon_core.package_identification:_identify(src/src/examples/rclcpp) by extension 'colcon_pkg'
[1.009s] Level 1:colcon.colcon_core.package_identification:_identify(src/src/examples/rclcpp) by extensions ['colcon_meta']
[1.009s] Level 1:colcon.colcon_core.package_identification:_identify(src/src/examples/rclcpp) by extension 'colcon_meta'
[1.009s] Level 1:colcon.colcon_core.package_identification:_identify(src/src/examples/rclcpp) by extensions ['ros']
[1.009s] Level 1:colcon.colcon_core.package_identification:_identify(src/src/examples/rclcpp) by extension 'ros'
[1.009s] Level 1:colcon.colcon_core.package_identification:_identify(src/src/examples/rclcpp) by extensions ['cmake', 'python']
[1.009s] Level 1:colcon.colcon_core.package_identification:_identify(src/src/examples/rclcpp) by extension 'cmake'
[1.009s] Level 1:colcon.colcon_core.package_identification:_identify(src/src/examples/rclcpp) by extension 'python'
[1.009s] Level 1:colcon.colcon_core.package_identification:_identify(src/src/examples/rclcpp) by extensions ['python_setup_py']
[1.009s] Level 1:colcon.colcon_core.package_identification:_identify(src/src/examples/rclcpp) by extension 'python_setup_py'
[1.010s] Level 1:colcon.colcon_core.package_identification:_identify(src/src/examples/rclcpp/actions) by extensions ['ignore', 'ignore_ament_install']
[1.010s] Level 1:colcon.colcon_core.package_identification:_identify(src/src/examples/rclcpp/actions) by extension 'ignore'
[1.010s] Level 1:colcon.colcon_core.package_identification:_identify(src/src/examples/rclcpp/actions) by extension 'ignore_ament_install'
[1.010s] Level 1:colcon.colcon_core.package_identification:_identify(src/src/examples/rclcpp/actions) by extensions ['colcon_pkg']
[1.010s] Level 1:colcon.colcon_core.package_identification:_identify(src/src/examples/rclcpp/actions) by extension 'colcon_pkg'
[1.010s] Level 1:colcon.colcon_core.package_identification:_identify(src/src/examples/rclcpp/actions) by extensions ['colcon_meta']
[1.010s] Level 1:colcon.colcon_core.package_identification:_identify(src/src/examples/rclcpp/actions) by extension 'colcon_meta'
[1.010s] Level 1:colcon.colcon_core.package_identification:_identify(src/src/examples/rclcpp/actions) by extensions ['ros']
[1.010s] Level 1:colcon.colcon_core.package_identification:_identify(src/src/examples/rclcpp/actions) by extension 'ros'
[1.010s] Level 1:colcon.colcon_core.package_identification:_identify(src/src/examples/rclcpp/actions) by extensions ['cmake', 'python']
[1.010s] Level 1:colcon.colcon_core.package_identification:_identify(src/src/examples/rclcpp/actions) by extension 'cmake'
[1.010s] Level 1:colcon.colcon_core.package_identification:_identify(src/src/examples/rclcpp/actions) by extension 'python'
[1.010s] Level 1:colcon.colcon_core.package_identification:_identify(src/src/examples/rclcpp/actions) by extensions ['python_setup_py']
[1.010s] Level 1:colcon.colcon_core.package_identification:_identify(src/src/examples/rclcpp/actions) by extension 'python_setup_py'
[1.010s] Level 1:colcon.colcon_core.package_identification:_identify(src/src/examples/rclcpp/actions/minimal_action_client) by extensions ['ignore', 'ignore_ament_install']
[1.010s] Level 1:colcon.colcon_core.package_identification:_identify(src/src/examples/rclcpp/actions/minimal_action_client) by extension 'ignore'
[1.010s] Level 1:colcon.colcon_core.package_identification:_identify(src/src/examples/rclcpp/actions/minimal_action_client) by extension 'ignore_ament_install'
[1.010s] Level 1:colcon.colcon_core.package_identification:_identify(src/src/examples/rclcpp/actions/minimal_action_client) by extensions ['colcon_pkg']
[1.010s] Level 1:colcon.colcon_core.package_identification:_identify(src/src/examples/rclcpp/actions/minimal_action_client) by extension 'colcon_pkg'
[1.010s] Level 1:colcon.colcon_core.package_identification:_identify(src/src/examples/rclcpp/actions/minimal_action_client) by extensions ['colcon_meta']
[1.010s] Level 1:colcon.colcon_core.package_identification:_identify(src/src/examples/rclcpp/actions/minimal_action_client) by extension 'colcon_meta'
[1.011s] Level 1:colcon.colcon_core.package_identification:_identify(src/src/examples/rclcpp/actions/minimal_action_client) by extensions ['ros']
[1.011s] Level 1:colcon.colcon_core.package_identification:_identify(src/src/examples/rclcpp/actions/minimal_action_client) by extension 'ros'
[1.011s] DEBUG:colcon.colcon_core.package_identification:Package 'src/src/examples/rclcpp/actions/minimal_action_client' with type 'ros.ament_cmake' and name 'examples_rclcpp_minimal_action_client'
[1.011s] Level 1:colcon.colcon_core.package_identification:_identify(src/src/examples/rclcpp/actions/minimal_action_server) by extensions ['ignore', 'ignore_ament_install']
[1.011s] Level 1:colcon.colcon_core.package_identification:_identify(src/src/examples/rclcpp/actions/minimal_action_server) by extension 'ignore'
[1.012s] Level 1:colcon.colcon_core.package_identification:_identify(src/src/examples/rclcpp/actions/minimal_action_server) by extension 'ignore_ament_install'
[1.012s] Level 1:colcon.colcon_core.package_identification:_identify(src/src/examples/rclcpp/actions/minimal_action_server) by extensions ['colcon_pkg']
[1.012s] Level 1:colcon.colcon_core.package_identification:_identify(src/src/examples/rclcpp/actions/minimal_action_server) by extension 'colcon_pkg'
[1.012s] Level 1:colcon.colcon_core.package_identification:_identify(src/src/examples/rclcpp/actions/minimal_action_server) by extensions ['colcon_meta']
[1.012s] Level 1:colcon.colcon_core.package_identification:_identify(src/src/examples/rclcpp/actions/minimal_action_server) by extension 'colcon_meta'
[1.012s] Level 1:colcon.colcon_core.package_identification:_identify(src/src/examples/rclcpp/actions/minimal_action_server) by extensions ['ros']
[1.012s] Level 1:colcon.colcon_core.package_identification:_identify(src/src/examples/rclcpp/actions/minimal_action_server) by extension 'ros'
[1.012s] DEBUG:colcon.colcon_core.package_identification:Package 'src/src/examples/rclcpp/actions/minimal_action_server' with type 'ros.ament_cmake' and name 'examples_rclcpp_minimal_action_server'
[1.012s] Level 1:colcon.colcon_core.package_identification:_identify(src/src/examples/rclcpp/composition) by extensions ['ignore', 'ignore_ament_install']
[1.012s] Level 1:colcon.colcon_core.package_identification:_identify(src/src/examples/rclcpp/composition) by extension 'ignore'
[1.013s] Level 1:colcon.colcon_core.package_identification:_identify(src/src/examples/rclcpp/composition) by extension 'ignore_ament_install'
[1.013s] Level 1:colcon.colcon_core.package_identification:_identify(src/src/examples/rclcpp/composition) by extensions ['colcon_pkg']
[1.013s] Level 1:colcon.colcon_core.package_identification:_identify(src/src/examples/rclcpp/composition) by extension 'colcon_pkg'
[1.013s] Level 1:colcon.colcon_core.package_identification:_identify(src/src/examples/rclcpp/composition) by extensions ['colcon_meta']
[1.013s] Level 1:colcon.colcon_core.package_identification:_identify(src/src/examples/rclcpp/composition) by extension 'colcon_meta'
[1.013s] Level 1:colcon.colcon_core.package_identification:_identify(src/src/examples/rclcpp/composition) by extensions ['ros']
[1.013s] Level 1:colcon.colcon_core.package_identification:_identify(src/src/examples/rclcpp/composition) by extension 'ros'
[1.013s] Level 1:colcon.colcon_core.package_identification:_identify(src/src/examples/rclcpp/composition) by extensions ['cmake', 'python']
[1.013s] Level 1:colcon.colcon_core.package_identification:_identify(src/src/examples/rclcpp/composition) by extension 'cmake'
[1.013s] Level 1:colcon.colcon_core.package_identification:_identify(src/src/examples/rclcpp/composition) by extension 'python'
[1.013s] Level 1:colcon.colcon_core.package_identification:_identify(src/src/examples/rclcpp/composition) by extensions ['python_setup_py']
[1.013s] Level 1:colcon.colcon_core.package_identification:_identify(src/src/examples/rclcpp/composition) by extension 'python_setup_py'
[1.013s] Level 1:colcon.colcon_core.package_identification:_identify(src/src/examples/rclcpp/composition/minimal_composition) by extensions ['ignore', 'ignore_ament_install']
[1.013s] Level 1:colcon.colcon_core.package_identification:_identify(src/src/examples/rclcpp/composition/minimal_composition) by extension 'ignore'
[1.013s] Level 1:colcon.colcon_core.package_identification:_identify(src/src/examples/rclcpp/composition/minimal_composition) by extension 'ignore_ament_install'
[1.013s] Level 1:colcon.colcon_core.package_identification:_identify(src/src/examples/rclcpp/composition/minimal_composition) by extensions ['colcon_pkg']
[1.013s] Level 1:colcon.colcon_core.package_identification:_identify(src/src/examples/rclcpp/composition/minimal_composition) by extension 'colcon_pkg'
[1.013s] Level 1:colcon.colcon_core.package_identification:_identify(src/src/examples/rclcpp/composition/minimal_composition) by extensions ['colcon_meta']
[1.013s] Level 1:colcon.colcon_core.package_identification:_identify(src/src/examples/rclcpp/composition/minimal_composition) by extension 'colcon_meta'
[1.013s] Level 1:colcon.colcon_core.package_identification:_identify(src/src/examples/rclcpp/composition/minimal_composition) by extensions ['ros']
[1.013s] Level 1:colcon.colcon_core.package_identification:_identify(src/src/examples/rclcpp/composition/minimal_composition) by extension 'ros'
[1.014s] DEBUG:colcon.colcon_core.package_identification:Package 'src/src/examples/rclcpp/composition/minimal_composition' with type 'ros.ament_cmake' and name 'examples_rclcpp_minimal_composition'
[1.014s] Level 1:colcon.colcon_core.package_identification:_identify(src/src/examples/rclcpp/executors) by extensions ['ignore', 'ignore_ament_install']
[1.014s] Level 1:colcon.colcon_core.package_identification:_identify(src/src/examples/rclcpp/executors) by extension 'ignore'
[1.014s] Level 1:colcon.colcon_core.package_identification:_identify(src/src/examples/rclcpp/executors) by extension 'ignore_ament_install'
[1.014s] Level 1:colcon.colcon_core.package_identification:_identify(src/src/examples/rclcpp/executors) by extensions ['colcon_pkg']
[1.014s] Level 1:colcon.colcon_core.package_identification:_identify(src/src/examples/rclcpp/executors) by extension 'colcon_pkg'
[1.014s] Level 1:colcon.colcon_core.package_identification:_identify(src/src/examples/rclcpp/executors) by extensions ['colcon_meta']
[1.014s] Level 1:colcon.colcon_core.package_identification:_identify(src/src/examples/rclcpp/executors) by extension 'colcon_meta'
[1.014s] Level 1:colcon.colcon_core.package_identification:_identify(src/src/examples/rclcpp/executors) by extensions ['ros']
[1.014s] Level 1:colcon.colcon_core.package_identification:_identify(src/src/examples/rclcpp/executors) by extension 'ros'
[1.014s] Level 1:colcon.colcon_core.package_identification:_identify(src/src/examples/rclcpp/executors) by extensions ['cmake', 'python']
[1.014s] Level 1:colcon.colcon_core.package_identification:_identify(src/src/examples/rclcpp/executors) by extension 'cmake'
[1.014s] Level 1:colcon.colcon_core.package_identification:_identify(src/src/examples/rclcpp/executors) by extension 'python'
[1.014s] Level 1:colcon.colcon_core.package_identification:_identify(src/src/examples/rclcpp/executors) by extensions ['python_setup_py']
[1.014s] Level 1:colcon.colcon_core.package_identification:_identify(src/src/examples/rclcpp/executors) by extension 'python_setup_py'
[1.015s] Level 1:colcon.colcon_core.package_identification:_identify(src/src/examples/rclcpp/executors/cbg_executor) by extensions ['ignore', 'ignore_ament_install']
[1.015s] Level 1:colcon.colcon_core.package_identification:_identify(src/src/examples/rclcpp/executors/cbg_executor) by extension 'ignore'
[1.015s] Level 1:colcon.colcon_core.package_identification:_identify(src/src/examples/rclcpp/executors/cbg_executor) by extension 'ignore_ament_install'
[1.015s] Level 1:colcon.colcon_core.package_identification:_identify(src/src/examples/rclcpp/executors/cbg_executor) by extensions ['colcon_pkg']
[1.015s] Level 1:colcon.colcon_core.package_identification:_identify(src/src/examples/rclcpp/executors/cbg_executor) by extension 'colcon_pkg'
[1.015s] Level 1:colcon.colcon_core.package_identification:_identify(src/src/examples/rclcpp/executors/cbg_executor) by extensions ['colcon_meta']
[1.015s] Level 1:colcon.colcon_core.package_identification:_identify(src/src/examples/rclcpp/executors/cbg_executor) by extension 'colcon_meta'
[1.015s] Level 1:colcon.colcon_core.package_identification:_identify(src/src/examples/rclcpp/executors/cbg_executor) by extensions ['ros']
[1.015s] Level 1:colcon.colcon_core.package_identification:_identify(src/src/examples/rclcpp/executors/cbg_executor) by extension 'ros'
[1.015s] DEBUG:colcon.colcon_core.package_identification:Package 'src/src/examples/rclcpp/executors/cbg_executor' with type 'ros.ament_cmake' and name 'examples_rclcpp_cbg_executor'
[1.016s] Level 1:colcon.colcon_core.package_identification:_identify(src/src/examples/rclcpp/executors/multithreaded_executor) by extensions ['ignore', 'ignore_ament_install']
[1.016s] Level 1:colcon.colcon_core.package_identification:_identify(src/src/examples/rclcpp/executors/multithreaded_executor) by extension 'ignore'
[1.016s] Level 1:colcon.colcon_core.package_identification:_identify(src/src/examples/rclcpp/executors/multithreaded_executor) by extension 'ignore_ament_install'
[1.016s] Level 1:colcon.colcon_core.package_identification:_identify(src/src/examples/rclcpp/executors/multithreaded_executor) by extensions ['colcon_pkg']
[1.016s] Level 1:colcon.colcon_core.package_identification:_identify(src/src/examples/rclcpp/executors/multithreaded_executor) by extension 'colcon_pkg'
[1.016s] Level 1:colcon.colcon_core.package_identification:_identify(src/src/examples/rclcpp/executors/multithreaded_executor) by extensions ['colcon_meta']
[1.016s] Level 1:colcon.colcon_core.package_identification:_identify(src/src/examples/rclcpp/executors/multithreaded_executor) by extension 'colcon_meta'
[1.016s] Level 1:colcon.colcon_core.package_identification:_identify(src/src/examples/rclcpp/executors/multithreaded_executor) by extensions ['ros']
[1.016s] Level 1:colcon.colcon_core.package_identification:_identify(src/src/examples/rclcpp/executors/multithreaded_executor) by extension 'ros'
[1.017s] DEBUG:colcon.colcon_core.package_identification:Package 'src/src/examples/rclcpp/executors/multithreaded_executor' with type 'ros.ament_cmake' and name 'examples_rclcpp_multithreaded_executor'
[1.017s] Level 1:colcon.colcon_core.package_identification:_identify(src/src/examples/rclcpp/services) by extensions ['ignore', 'ignore_ament_install']
[1.017s] Level 1:colcon.colcon_core.package_identification:_identify(src/src/examples/rclcpp/services) by extension 'ignore'
[1.017s] Level 1:colcon.colcon_core.package_identification:_identify(src/src/examples/rclcpp/services) by extension 'ignore_ament_install'
[1.017s] Level 1:colcon.colcon_core.package_identification:_identify(src/src/examples/rclcpp/services) by extensions ['colcon_pkg']
[1.017s] Level 1:colcon.colcon_core.package_identification:_identify(src/src/examples/rclcpp/services) by extension 'colcon_pkg'
[1.017s] Level 1:colcon.colcon_core.package_identification:_identify(src/src/examples/rclcpp/services) by extensions ['colcon_meta']
[1.017s] Level 1:colcon.colcon_core.package_identification:_identify(src/src/examples/rclcpp/services) by extension 'colcon_meta'
[1.017s] Level 1:colcon.colcon_core.package_identification:_identify(src/src/examples/rclcpp/services) by extensions ['ros']
[1.017s] Level 1:colcon.colcon_core.package_identification:_identify(src/src/examples/rclcpp/services) by extension 'ros'
[1.017s] Level 1:colcon.colcon_core.package_identification:_identify(src/src/examples/rclcpp/services) by extensions ['cmake', 'python']
[1.017s] Level 1:colcon.colcon_core.package_identification:_identify(src/src/examples/rclcpp/services) by extension 'cmake'
[1.017s] Level 1:colcon.colcon_core.package_identification:_identify(src/src/examples/rclcpp/services) by extension 'python'
[1.017s] Level 1:colcon.colcon_core.package_identification:_identify(src/src/examples/rclcpp/services) by extensions ['python_setup_py']
[1.017s] Level 1:colcon.colcon_core.package_identification:_identify(src/src/examples/rclcpp/services) by extension 'python_setup_py'
[1.017s] Level 1:colcon.colcon_core.package_identification:_identify(src/src/examples/rclcpp/services/async_client) by extensions ['ignore', 'ignore_ament_install']
[1.018s] Level 1:colcon.colcon_core.package_identification:_identify(src/src/examples/rclcpp/services/async_client) by extension 'ignore'
[1.018s] Level 1:colcon.colcon_core.package_identification:_identify(src/src/examples/rclcpp/services/async_client) by extension 'ignore_ament_install'
[1.018s] Level 1:colcon.colcon_core.package_identification:_identify(src/src/examples/rclcpp/services/async_client) by extensions ['colcon_pkg']
[1.018s] Level 1:colcon.colcon_core.package_identification:_identify(src/src/examples/rclcpp/services/async_client) by extension 'colcon_pkg'
[1.018s] Level 1:colcon.colcon_core.package_identification:_identify(src/src/examples/rclcpp/services/async_client) by extensions ['colcon_meta']
[1.018s] Level 1:colcon.colcon_core.package_identification:_identify(src/src/examples/rclcpp/services/async_client) by extension 'colcon_meta'
[1.018s] Level 1:colcon.colcon_core.package_identification:_identify(src/src/examples/rclcpp/services/async_client) by extensions ['ros']
[1.018s] Level 1:colcon.colcon_core.package_identification:_identify(src/src/examples/rclcpp/services/async_client) by extension 'ros'
[1.018s] DEBUG:colcon.colcon_core.package_identification:Package 'src/src/examples/rclcpp/services/async_client' with type 'ros.ament_cmake' and name 'examples_rclcpp_async_client'
[1.019s] Level 1:colcon.colcon_core.package_identification:_identify(src/src/examples/rclcpp/services/minimal_client) by extensions ['ignore', 'ignore_ament_install']
[1.019s] Level 1:colcon.colcon_core.package_identification:_identify(src/src/examples/rclcpp/services/minimal_client) by extension 'ignore'
[1.019s] Level 1:colcon.colcon_core.package_identification:_identify(src/src/examples/rclcpp/services/minimal_client) by extension 'ignore_ament_install'
[1.019s] Level 1:colcon.colcon_core.package_identification:_identify(src/src/examples/rclcpp/services/minimal_client) by extensions ['colcon_pkg']
[1.019s] Level 1:colcon.colcon_core.package_identification:_identify(src/src/examples/rclcpp/services/minimal_client) by extension 'colcon_pkg'
[1.019s] Level 1:colcon.colcon_core.package_identification:_identify(src/src/examples/rclcpp/services/minimal_client) by extensions ['colcon_meta']
[1.019s] Level 1:colcon.colcon_core.package_identification:_identify(src/src/examples/rclcpp/services/minimal_client) by extension 'colcon_meta'
[1.019s] Level 1:colcon.colcon_core.package_identification:_identify(src/src/examples/rclcpp/services/minimal_client) by extensions ['ros']
[1.019s] Level 1:colcon.colcon_core.package_identification:_identify(src/src/examples/rclcpp/services/minimal_client) by extension 'ros'
[1.019s] DEBUG:colcon.colcon_core.package_identification:Package 'src/src/examples/rclcpp/services/minimal_client' with type 'ros.ament_cmake' and name 'examples_rclcpp_minimal_client'
[1.020s] Level 1:colcon.colcon_core.package_identification:_identify(src/src/examples/rclcpp/services/minimal_service) by extensions ['ignore', 'ignore_ament_install']
[1.020s] Level 1:colcon.colcon_core.package_identification:_identify(src/src/examples/rclcpp/services/minimal_service) by extension 'ignore'
[1.020s] Level 1:colcon.colcon_core.package_identification:_identify(src/src/examples/rclcpp/services/minimal_service) by extension 'ignore_ament_install'
[1.020s] Level 1:colcon.colcon_core.package_identification:_identify(src/src/examples/rclcpp/services/minimal_service) by extensions ['colcon_pkg']
[1.020s] Level 1:colcon.colcon_core.package_identification:_identify(src/src/examples/rclcpp/services/minimal_service) by extension 'colcon_pkg'
[1.020s] Level 1:colcon.colcon_core.package_identification:_identify(src/src/examples/rclcpp/services/minimal_service) by extensions ['colcon_meta']
[1.020s] Level 1:colcon.colcon_core.package_identification:_identify(src/src/examples/rclcpp/services/minimal_service) by extension 'colcon_meta'
[1.020s] Level 1:colcon.colcon_core.package_identification:_identify(src/src/examples/rclcpp/services/minimal_service) by extensions ['ros']
[1.020s] Level 1:colcon.colcon_core.package_identification:_identify(src/src/examples/rclcpp/services/minimal_service) by extension 'ros'
[1.020s] DEBUG:colcon.colcon_core.package_identification:Package 'src/src/examples/rclcpp/services/minimal_service' with type 'ros.ament_cmake' and name 'examples_rclcpp_minimal_service'
[1.021s] Level 1:colcon.colcon_core.package_identification:_identify(src/src/examples/rclcpp/timers) by extensions ['ignore', 'ignore_ament_install']
[1.021s] Level 1:colcon.colcon_core.package_identification:_identify(src/src/examples/rclcpp/timers) by extension 'ignore'
[1.021s] Level 1:colcon.colcon_core.package_identification:_identify(src/src/examples/rclcpp/timers) by extension 'ignore_ament_install'
[1.021s] Level 1:colcon.colcon_core.package_identification:_identify(src/src/examples/rclcpp/timers) by extensions ['colcon_pkg']
[1.021s] Level 1:colcon.colcon_core.package_identification:_identify(src/src/examples/rclcpp/timers) by extension 'colcon_pkg'
[1.021s] Level 1:colcon.colcon_core.package_identification:_identify(src/src/examples/rclcpp/timers) by extensions ['colcon_meta']
[1.021s] Level 1:colcon.colcon_core.package_identification:_identify(src/src/examples/rclcpp/timers) by extension 'colcon_meta'
[1.021s] Level 1:colcon.colcon_core.package_identification:_identify(src/src/examples/rclcpp/timers) by extensions ['ros']
[1.021s] Level 1:colcon.colcon_core.package_identification:_identify(src/src/examples/rclcpp/timers) by extension 'ros'
[1.021s] Level 1:colcon.colcon_core.package_identification:_identify(src/src/examples/rclcpp/timers) by extensions ['cmake', 'python']
[1.021s] Level 1:colcon.colcon_core.package_identification:_identify(src/src/examples/rclcpp/timers) by extension 'cmake'
[1.021s] Level 1:colcon.colcon_core.package_identification:_identify(src/src/examples/rclcpp/timers) by extension 'python'
[1.021s] Level 1:colcon.colcon_core.package_identification:_identify(src/src/examples/rclcpp/timers) by extensions ['python_setup_py']
[1.021s] Level 1:colcon.colcon_core.package_identification:_identify(src/src/examples/rclcpp/timers) by extension 'python_setup_py'
[1.021s] Level 1:colcon.colcon_core.package_identification:_identify(src/src/examples/rclcpp/timers/minimal_timer) by extensions ['ignore', 'ignore_ament_install']
[1.021s] Level 1:colcon.colcon_core.package_identification:_identify(src/src/examples/rclcpp/timers/minimal_timer) by extension 'ignore'
[1.021s] Level 1:colcon.colcon_core.package_identification:_identify(src/src/examples/rclcpp/timers/minimal_timer) by extension 'ignore_ament_install'
[1.021s] Level 1:colcon.colcon_core.package_identification:_identify(src/src/examples/rclcpp/timers/minimal_timer) by extensions ['colcon_pkg']
[1.021s] Level 1:colcon.colcon_core.package_identification:_identify(src/src/examples/rclcpp/timers/minimal_timer) by extension 'colcon_pkg'
[1.022s] Level 1:colcon.colcon_core.package_identification:_identify(src/src/examples/rclcpp/timers/minimal_timer) by extensions ['colcon_meta']
[1.022s] Level 1:colcon.colcon_core.package_identification:_identify(src/src/examples/rclcpp/timers/minimal_timer) by extension 'colcon_meta'
[1.022s] Level 1:colcon.colcon_core.package_identification:_identify(src/src/examples/rclcpp/timers/minimal_timer) by extensions ['ros']
[1.022s] Level 1:colcon.colcon_core.package_identification:_identify(src/src/examples/rclcpp/timers/minimal_timer) by extension 'ros'
[1.022s] DEBUG:colcon.colcon_core.package_identification:Package 'src/src/examples/rclcpp/timers/minimal_timer' with type 'ros.ament_cmake' and name 'examples_rclcpp_minimal_timer'
[1.022s] Level 1:colcon.colcon_core.package_identification:_identify(src/src/examples/rclcpp/topics) by extensions ['ignore', 'ignore_ament_install']
[1.023s] Level 1:colcon.colcon_core.package_identification:_identify(src/src/examples/rclcpp/topics) by extension 'ignore'
[1.023s] Level 1:colcon.colcon_core.package_identification:_identify(src/src/examples/rclcpp/topics) by extension 'ignore_ament_install'
[1.023s] Level 1:colcon.colcon_core.package_identification:_identify(src/src/examples/rclcpp/topics) by extensions ['colcon_pkg']
[1.023s] Level 1:colcon.colcon_core.package_identification:_identify(src/src/examples/rclcpp/topics) by extension 'colcon_pkg'
[1.023s] Level 1:colcon.colcon_core.package_identification:_identify(src/src/examples/rclcpp/topics) by extensions ['colcon_meta']
[1.023s] Level 1:colcon.colcon_core.package_identification:_identify(src/src/examples/rclcpp/topics) by extension 'colcon_meta'
[1.023s] Level 1:colcon.colcon_core.package_identification:_identify(src/src/examples/rclcpp/topics) by extensions ['ros']
[1.023s] Level 1:colcon.colcon_core.package_identification:_identify(src/src/examples/rclcpp/topics) by extension 'ros'
[1.023s] Level 1:colcon.colcon_core.package_identification:_identify(src/src/examples/rclcpp/topics) by extensions ['cmake', 'python']
[1.023s] Level 1:colcon.colcon_core.package_identification:_identify(src/src/examples/rclcpp/topics) by extension 'cmake'
[1.023s] Level 1:colcon.colcon_core.package_identification:_identify(src/src/examples/rclcpp/topics) by extension 'python'
[1.023s] Level 1:colcon.colcon_core.package_identification:_identify(src/src/examples/rclcpp/topics) by extensions ['python_setup_py']
[1.023s] Level 1:colcon.colcon_core.package_identification:_identify(src/src/examples/rclcpp/topics) by extension 'python_setup_py'
[1.023s] Level 1:colcon.colcon_core.package_identification:_identify(src/src/examples/rclcpp/topics/minimal_publisher) by extensions ['ignore', 'ignore_ament_install']
[1.023s] Level 1:colcon.colcon_core.package_identification:_identify(src/src/examples/rclcpp/topics/minimal_publisher) by extension 'ignore'
[1.023s] Level 1:colcon.colcon_core.package_identification:_identify(src/src/examples/rclcpp/topics/minimal_publisher) by extension 'ignore_ament_install'
[1.023s] Level 1:colcon.colcon_core.package_identification:_identify(src/src/examples/rclcpp/topics/minimal_publisher) by extensions ['colcon_pkg']
[1.023s] Level 1:colcon.colcon_core.package_identification:_identify(src/src/examples/rclcpp/topics/minimal_publisher) by extension 'colcon_pkg'
[1.023s] Level 1:colcon.colcon_core.package_identification:_identify(src/src/examples/rclcpp/topics/minimal_publisher) by extensions ['colcon_meta']
[1.023s] Level 1:colcon.colcon_core.package_identification:_identify(src/src/examples/rclcpp/topics/minimal_publisher) by extension 'colcon_meta'
[1.023s] Level 1:colcon.colcon_core.package_identification:_identify(src/src/examples/rclcpp/topics/minimal_publisher) by extensions ['ros']
[1.023s] Level 1:colcon.colcon_core.package_identification:_identify(src/src/examples/rclcpp/topics/minimal_publisher) by extension 'ros'
[1.024s] DEBUG:colcon.colcon_core.package_identification:Package 'src/src/examples/rclcpp/topics/minimal_publisher' with type 'ros.ament_cmake' and name 'examples_rclcpp_minimal_publisher'
[1.024s] Level 1:colcon.colcon_core.package_identification:_identify(src/src/examples/rclcpp/topics/minimal_subscriber) by extensions ['ignore', 'ignore_ament_install']
[1.024s] Level 1:colcon.colcon_core.package_identification:_identify(src/src/examples/rclcpp/topics/minimal_subscriber) by extension 'ignore'
[1.024s] Level 1:colcon.colcon_core.package_identification:_identify(src/src/examples/rclcpp/topics/minimal_subscriber) by extension 'ignore_ament_install'
[1.024s] Level 1:colcon.colcon_core.package_identification:_identify(src/src/examples/rclcpp/topics/minimal_subscriber) by extensions ['colcon_pkg']
[1.024s] Level 1:colcon.colcon_core.package_identification:_identify(src/src/examples/rclcpp/topics/minimal_subscriber) by extension 'colcon_pkg'
[1.024s] Level 1:colcon.colcon_core.package_identification:_identify(src/src/examples/rclcpp/topics/minimal_subscriber) by extensions ['colcon_meta']
[1.024s] Level 1:colcon.colcon_core.package_identification:_identify(src/src/examples/rclcpp/topics/minimal_subscriber) by extension 'colcon_meta'
[1.024s] Level 1:colcon.colcon_core.package_identification:_identify(src/src/examples/rclcpp/topics/minimal_subscriber) by extensions ['ros']
[1.024s] Level 1:colcon.colcon_core.package_identification:_identify(src/src/examples/rclcpp/topics/minimal_subscriber) by extension 'ros'
[1.025s] DEBUG:colcon.colcon_core.package_identification:Package 'src/src/examples/rclcpp/topics/minimal_subscriber' with type 'ros.ament_cmake' and name 'examples_rclcpp_minimal_subscriber'
[1.025s] Level 1:colcon.colcon_core.package_identification:_identify(src/src/examples/rclcpp/wait_set) by extensions ['ignore', 'ignore_ament_install']
[1.025s] Level 1:colcon.colcon_core.package_identification:_identify(src/src/examples/rclcpp/wait_set) by extension 'ignore'
[1.025s] Level 1:colcon.colcon_core.package_identification:_identify(src/src/examples/rclcpp/wait_set) by extension 'ignore_ament_install'
[1.025s] Level 1:colcon.colcon_core.package_identification:_identify(src/src/examples/rclcpp/wait_set) by extensions ['colcon_pkg']
[1.025s] Level 1:colcon.colcon_core.package_identification:_identify(src/src/examples/rclcpp/wait_set) by extension 'colcon_pkg'
[1.025s] Level 1:colcon.colcon_core.package_identification:_identify(src/src/examples/rclcpp/wait_set) by extensions ['colcon_meta']
[1.025s] Level 1:colcon.colcon_core.package_identification:_identify(src/src/examples/rclcpp/wait_set) by extension 'colcon_meta'
[1.025s] Level 1:colcon.colcon_core.package_identification:_identify(src/src/examples/rclcpp/wait_set) by extensions ['ros']
[1.025s] Level 1:colcon.colcon_core.package_identification:_identify(src/src/examples/rclcpp/wait_set) by extension 'ros'
[1.026s] DEBUG:colcon.colcon_core.package_identification:Package 'src/src/examples/rclcpp/wait_set' with type 'ros.ament_cmake' and name 'examples_rclcpp_wait_set'
[1.026s] Level 1:colcon.colcon_core.package_identification:_identify(src/src/examples/rclpy) by extensions ['ignore', 'ignore_ament_install']
[1.026s] Level 1:colcon.colcon_core.package_identification:_identify(src/src/examples/rclpy) by extension 'ignore'
[1.026s] Level 1:colcon.colcon_core.package_identification:_identify(src/src/examples/rclpy) by extension 'ignore_ament_install'
[1.026s] Level 1:colcon.colcon_core.package_identification:_identify(src/src/examples/rclpy) by extensions ['colcon_pkg']
[1.026s] Level 1:colcon.colcon_core.package_identification:_identify(src/src/examples/rclpy) by extension 'colcon_pkg'
[1.026s] Level 1:colcon.colcon_core.package_identification:_identify(src/src/examples/rclpy) by extensions ['colcon_meta']
[1.026s] Level 1:colcon.colcon_core.package_identification:_identify(src/src/examples/rclpy) by extension 'colcon_meta'
[1.026s] Level 1:colcon.colcon_core.package_identification:_identify(src/src/examples/rclpy) by extensions ['ros']
[1.026s] Level 1:colcon.colcon_core.package_identification:_identify(src/src/examples/rclpy) by extension 'ros'
[1.026s] Level 1:colcon.colcon_core.package_identification:_identify(src/src/examples/rclpy) by extensions ['cmake', 'python']
[1.026s] Level 1:colcon.colcon_core.package_identification:_identify(src/src/examples/rclpy) by extension 'cmake'
[1.026s] Level 1:colcon.colcon_core.package_identification:_identify(src/src/examples/rclpy) by extension 'python'
[1.026s] Level 1:colcon.colcon_core.package_identification:_identify(src/src/examples/rclpy) by extensions ['python_setup_py']
[1.026s] Level 1:colcon.colcon_core.package_identification:_identify(src/src/examples/rclpy) by extension 'python_setup_py'
[1.026s] Level 1:colcon.colcon_core.package_identification:_identify(src/src/examples/rclpy/actions) by extensions ['ignore', 'ignore_ament_install']
[1.027s] Level 1:colcon.colcon_core.package_identification:_identify(src/src/examples/rclpy/actions) by extension 'ignore'
[1.027s] Level 1:colcon.colcon_core.package_identification:_identify(src/src/examples/rclpy/actions) by extension 'ignore_ament_install'
[1.027s] Level 1:colcon.colcon_core.package_identification:_identify(src/src/examples/rclpy/actions) by extensions ['colcon_pkg']
[1.027s] Level 1:colcon.colcon_core.package_identification:_identify(src/src/examples/rclpy/actions) by extension 'colcon_pkg'
[1.027s] Level 1:colcon.colcon_core.package_identification:_identify(src/src/examples/rclpy/actions) by extensions ['colcon_meta']
[1.027s] Level 1:colcon.colcon_core.package_identification:_identify(src/src/examples/rclpy/actions) by extension 'colcon_meta'
[1.027s] Level 1:colcon.colcon_core.package_identification:_identify(src/src/examples/rclpy/actions) by extensions ['ros']
[1.027s] Level 1:colcon.colcon_core.package_identification:_identify(src/src/examples/rclpy/actions) by extension 'ros'
[1.027s] Level 1:colcon.colcon_core.package_identification:_identify(src/src/examples/rclpy/actions) by extensions ['cmake', 'python']
[1.027s] Level 1:colcon.colcon_core.package_identification:_identify(src/src/examples/rclpy/actions) by extension 'cmake'
[1.027s] Level 1:colcon.colcon_core.package_identification:_identify(src/src/examples/rclpy/actions) by extension 'python'
[1.027s] Level 1:colcon.colcon_core.package_identification:_identify(src/src/examples/rclpy/actions) by extensions ['python_setup_py']
[1.027s] Level 1:colcon.colcon_core.package_identification:_identify(src/src/examples/rclpy/actions) by extension 'python_setup_py'
[1.027s] Level 1:colcon.colcon_core.package_identification:_identify(src/src/examples/rclpy/actions/minimal_action_client) by extensions ['ignore', 'ignore_ament_install']
[1.027s] Level 1:colcon.colcon_core.package_identification:_identify(src/src/examples/rclpy/actions/minimal_action_client) by extension 'ignore'
[1.027s] Level 1:colcon.colcon_core.package_identification:_identify(src/src/examples/rclpy/actions/minimal_action_client) by extension 'ignore_ament_install'
[1.027s] Level 1:colcon.colcon_core.package_identification:_identify(src/src/examples/rclpy/actions/minimal_action_client) by extensions ['colcon_pkg']
[1.027s] Level 1:colcon.colcon_core.package_identification:_identify(src/src/examples/rclpy/actions/minimal_action_client) by extension 'colcon_pkg'
[1.027s] Level 1:colcon.colcon_core.package_identification:_identify(src/src/examples/rclpy/actions/minimal_action_client) by extensions ['colcon_meta']
[1.027s] Level 1:colcon.colcon_core.package_identification:_identify(src/src/examples/rclpy/actions/minimal_action_client) by extension 'colcon_meta'
[1.027s] Level 1:colcon.colcon_core.package_identification:_identify(src/src/examples/rclpy/actions/minimal_action_client) by extensions ['ros']
[1.027s] Level 1:colcon.colcon_core.package_identification:_identify(src/src/examples/rclpy/actions/minimal_action_client) by extension 'ros'
[1.028s] DEBUG:colcon.colcon_core.package_identification:Package 'src/src/examples/rclpy/actions/minimal_action_client' with type 'ros.ament_python' and name 'examples_rclpy_minimal_action_client'
[1.028s] Level 1:colcon.colcon_core.package_identification:_identify(src/src/examples/rclpy/actions/minimal_action_server) by extensions ['ignore', 'ignore_ament_install']
[1.028s] Level 1:colcon.colcon_core.package_identification:_identify(src/src/examples/rclpy/actions/minimal_action_server) by extension 'ignore'
[1.028s] Level 1:colcon.colcon_core.package_identification:_identify(src/src/examples/rclpy/actions/minimal_action_server) by extension 'ignore_ament_install'
[1.028s] Level 1:colcon.colcon_core.package_identification:_identify(src/src/examples/rclpy/actions/minimal_action_server) by extensions ['colcon_pkg']
[1.028s] Level 1:colcon.colcon_core.package_identification:_identify(src/src/examples/rclpy/actions/minimal_action_server) by extension 'colcon_pkg'
[1.028s] Level 1:colcon.colcon_core.package_identification:_identify(src/src/examples/rclpy/actions/minimal_action_server) by extensions ['colcon_meta']
[1.028s] Level 1:colcon.colcon_core.package_identification:_identify(src/src/examples/rclpy/actions/minimal_action_server) by extension 'colcon_meta'
[1.028s] Level 1:colcon.colcon_core.package_identification:_identify(src/src/examples/rclpy/actions/minimal_action_server) by extensions ['ros']
[1.028s] Level 1:colcon.colcon_core.package_identification:_identify(src/src/examples/rclpy/actions/minimal_action_server) by extension 'ros'
[1.029s] DEBUG:colcon.colcon_core.package_identification:Package 'src/src/examples/rclpy/actions/minimal_action_server' with type 'ros.ament_python' and name 'examples_rclpy_minimal_action_server'
[1.029s] Level 1:colcon.colcon_core.package_identification:_identify(src/src/examples/rclpy/executors) by extensions ['ignore', 'ignore_ament_install']
[1.029s] Level 1:colcon.colcon_core.package_identification:_identify(src/src/examples/rclpy/executors) by extension 'ignore'
[1.029s] Level 1:colcon.colcon_core.package_identification:_identify(src/src/examples/rclpy/executors) by extension 'ignore_ament_install'
[1.029s] Level 1:colcon.colcon_core.package_identification:_identify(src/src/examples/rclpy/executors) by extensions ['colcon_pkg']
[1.029s] Level 1:colcon.colcon_core.package_identification:_identify(src/src/examples/rclpy/executors) by extension 'colcon_pkg'
[1.029s] Level 1:colcon.colcon_core.package_identification:_identify(src/src/examples/rclpy/executors) by extensions ['colcon_meta']
[1.029s] Level 1:colcon.colcon_core.package_identification:_identify(src/src/examples/rclpy/executors) by extension 'colcon_meta'
[1.029s] Level 1:colcon.colcon_core.package_identification:_identify(src/src/examples/rclpy/executors) by extensions ['ros']
[1.029s] Level 1:colcon.colcon_core.package_identification:_identify(src/src/examples/rclpy/executors) by extension 'ros'
[1.030s] DEBUG:colcon.colcon_core.package_identification:Package 'src/src/examples/rclpy/executors' with type 'ros.ament_python' and name 'examples_rclpy_executors'
[1.030s] Level 1:colcon.colcon_core.package_identification:_identify(src/src/examples/rclpy/guard_conditions) by extensions ['ignore', 'ignore_ament_install']
[1.030s] Level 1:colcon.colcon_core.package_identification:_identify(src/src/examples/rclpy/guard_conditions) by extension 'ignore'
[1.030s] Level 1:colcon.colcon_core.package_identification:_identify(src/src/examples/rclpy/guard_conditions) by extension 'ignore_ament_install'
[1.030s] Level 1:colcon.colcon_core.package_identification:_identify(src/src/examples/rclpy/guard_conditions) by extensions ['colcon_pkg']
[1.030s] Level 1:colcon.colcon_core.package_identification:_identify(src/src/examples/rclpy/guard_conditions) by extension 'colcon_pkg'
[1.030s] Level 1:colcon.colcon_core.package_identification:_identify(src/src/examples/rclpy/guard_conditions) by extensions ['colcon_meta']
[1.030s] Level 1:colcon.colcon_core.package_identification:_identify(src/src/examples/rclpy/guard_conditions) by extension 'colcon_meta'
[1.030s] Level 1:colcon.colcon_core.package_identification:_identify(src/src/examples/rclpy/guard_conditions) by extensions ['ros']
[1.030s] Level 1:colcon.colcon_core.package_identification:_identify(src/src/examples/rclpy/guard_conditions) by extension 'ros'
[1.030s] DEBUG:colcon.colcon_core.package_identification:Package 'src/src/examples/rclpy/guard_conditions' with type 'ros.ament_python' and name 'examples_rclpy_guard_conditions'
[1.031s] Level 1:colcon.colcon_core.package_identification:_identify(src/src/examples/rclpy/services) by extensions ['ignore', 'ignore_ament_install']
[1.031s] Level 1:colcon.colcon_core.package_identification:_identify(src/src/examples/rclpy/services) by extension 'ignore'
[1.031s] Level 1:colcon.colcon_core.package_identification:_identify(src/src/examples/rclpy/services) by extension 'ignore_ament_install'
[1.031s] Level 1:colcon.colcon_core.package_identification:_identify(src/src/examples/rclpy/services) by extensions ['colcon_pkg']
[1.031s] Level 1:colcon.colcon_core.package_identification:_identify(src/src/examples/rclpy/services) by extension 'colcon_pkg'
[1.031s] Level 1:colcon.colcon_core.package_identification:_identify(src/src/examples/rclpy/services) by extensions ['colcon_meta']
[1.031s] Level 1:colcon.colcon_core.package_identification:_identify(src/src/examples/rclpy/services) by extension 'colcon_meta'
[1.031s] Level 1:colcon.colcon_core.package_identification:_identify(src/src/examples/rclpy/services) by extensions ['ros']
[1.031s] Level 1:colcon.colcon_core.package_identification:_identify(src/src/examples/rclpy/services) by extension 'ros'
[1.031s] Level 1:colcon.colcon_core.package_identification:_identify(src/src/examples/rclpy/services) by extensions ['cmake', 'python']
[1.031s] Level 1:colcon.colcon_core.package_identification:_identify(src/src/examples/rclpy/services) by extension 'cmake'
[1.031s] Level 1:colcon.colcon_core.package_identification:_identify(src/src/examples/rclpy/services) by extension 'python'
[1.031s] Level 1:colcon.colcon_core.package_identification:_identify(src/src/examples/rclpy/services) by extensions ['python_setup_py']
[1.031s] Level 1:colcon.colcon_core.package_identification:_identify(src/src/examples/rclpy/services) by extension 'python_setup_py'
[1.031s] Level 1:colcon.colcon_core.package_identification:_identify(src/src/examples/rclpy/services/minimal_client) by extensions ['ignore', 'ignore_ament_install']
[1.031s] Level 1:colcon.colcon_core.package_identification:_identify(src/src/examples/rclpy/services/minimal_client) by extension 'ignore'
[1.031s] Level 1:colcon.colcon_core.package_identification:_identify(src/src/examples/rclpy/services/minimal_client) by extension 'ignore_ament_install'
[1.031s] Level 1:colcon.colcon_core.package_identification:_identify(src/src/examples/rclpy/services/minimal_client) by extensions ['colcon_pkg']
[1.031s] Level 1:colcon.colcon_core.package_identification:_identify(src/src/examples/rclpy/services/minimal_client) by extension 'colcon_pkg'
[1.031s] Level 1:colcon.colcon_core.package_identification:_identify(src/src/examples/rclpy/services/minimal_client) by extensions ['colcon_meta']
[1.031s] Level 1:colcon.colcon_core.package_identification:_identify(src/src/examples/rclpy/services/minimal_client) by extension 'colcon_meta'
[1.031s] Level 1:colcon.colcon_core.package_identification:_identify(src/src/examples/rclpy/services/minimal_client) by extensions ['ros']
[1.031s] Level 1:colcon.colcon_core.package_identification:_identify(src/src/examples/rclpy/services/minimal_client) by extension 'ros'
[1.032s] DEBUG:colcon.colcon_core.package_identification:Package 'src/src/examples/rclpy/services/minimal_client' with type 'ros.ament_python' and name 'examples_rclpy_minimal_client'
[1.032s] Level 1:colcon.colcon_core.package_identification:_identify(src/src/examples/rclpy/services/minimal_service) by extensions ['ignore', 'ignore_ament_install']
[1.032s] Level 1:colcon.colcon_core.package_identification:_identify(src/src/examples/rclpy/services/minimal_service) by extension 'ignore'
[1.032s] Level 1:colcon.colcon_core.package_identification:_identify(src/src/examples/rclpy/services/minimal_service) by extension 'ignore_ament_install'
[1.032s] Level 1:colcon.colcon_core.package_identification:_identify(src/src/examples/rclpy/services/minimal_service) by extensions ['colcon_pkg']
[1.032s] Level 1:colcon.colcon_core.package_identification:_identify(src/src/examples/rclpy/services/minimal_service) by extension 'colcon_pkg'
[1.032s] Level 1:colcon.colcon_core.package_identification:_identify(src/src/examples/rclpy/services/minimal_service) by extensions ['colcon_meta']
[1.032s] Level 1:colcon.colcon_core.package_identification:_identify(src/src/examples/rclpy/services/minimal_service) by extension 'colcon_meta'
[1.032s] Level 1:colcon.colcon_core.package_identification:_identify(src/src/examples/rclpy/services/minimal_service) by extensions ['ros']
[1.032s] Level 1:colcon.colcon_core.package_identification:_identify(src/src/examples/rclpy/services/minimal_service) by extension 'ros'
[1.033s] DEBUG:colcon.colcon_core.package_identification:Package 'src/src/examples/rclpy/services/minimal_service' with type 'ros.ament_python' and name 'examples_rclpy_minimal_service'
[1.033s] Level 1:colcon.colcon_core.package_identification:_identify(src/src/examples/rclpy/topics) by extensions ['ignore', 'ignore_ament_install']
[1.033s] Level 1:colcon.colcon_core.package_identification:_identify(src/src/examples/rclpy/topics) by extension 'ignore'
[1.033s] Level 1:colcon.colcon_core.package_identification:_identify(src/src/examples/rclpy/topics) by extension 'ignore_ament_install'
[1.033s] Level 1:colcon.colcon_core.package_identification:_identify(src/src/examples/rclpy/topics) by extensions ['colcon_pkg']
[1.033s] Level 1:colcon.colcon_core.package_identification:_identify(src/src/examples/rclpy/topics) by extension 'colcon_pkg'
[1.033s] Level 1:colcon.colcon_core.package_identification:_identify(src/src/examples/rclpy/topics) by extensions ['colcon_meta']
[1.033s] Level 1:colcon.colcon_core.package_identification:_identify(src/src/examples/rclpy/topics) by extension 'colcon_meta'
[1.033s] Level 1:colcon.colcon_core.package_identification:_identify(src/src/examples/rclpy/topics) by extensions ['ros']
[1.033s] Level 1:colcon.colcon_core.package_identification:_identify(src/src/examples/rclpy/topics) by extension 'ros'
[1.033s] Level 1:colcon.colcon_core.package_identification:_identify(src/src/examples/rclpy/topics) by extensions ['cmake', 'python']
[1.033s] Level 1:colcon.colcon_core.package_identification:_identify(src/src/examples/rclpy/topics) by extension 'cmake'
[1.033s] Level 1:colcon.colcon_core.package_identification:_identify(src/src/examples/rclpy/topics) by extension 'python'
[1.033s] Level 1:colcon.colcon_core.package_identification:_identify(src/src/examples/rclpy/topics) by extensions ['python_setup_py']
[1.033s] Level 1:colcon.colcon_core.package_identification:_identify(src/src/examples/rclpy/topics) by extension 'python_setup_py'
[1.034s] Level 1:colcon.colcon_core.package_identification:_identify(src/src/examples/rclpy/topics/minimal_publisher) by extensions ['ignore', 'ignore_ament_install']
[1.034s] Level 1:colcon.colcon_core.package_identification:_identify(src/src/examples/rclpy/topics/minimal_publisher) by extension 'ignore'
[1.034s] Level 1:colcon.colcon_core.package_identification:_identify(src/src/examples/rclpy/topics/minimal_publisher) by extension 'ignore_ament_install'
[1.034s] Level 1:colcon.colcon_core.package_identification:_identify(src/src/examples/rclpy/topics/minimal_publisher) by extensions ['colcon_pkg']
[1.034s] Level 1:colcon.colcon_core.package_identification:_identify(src/src/examples/rclpy/topics/minimal_publisher) by extension 'colcon_pkg'
[1.034s] Level 1:colcon.colcon_core.package_identification:_identify(src/src/examples/rclpy/topics/minimal_publisher) by extensions ['colcon_meta']
[1.034s] Level 1:colcon.colcon_core.package_identification:_identify(src/src/examples/rclpy/topics/minimal_publisher) by extension 'colcon_meta'
[1.034s] Level 1:colcon.colcon_core.package_identification:_identify(src/src/examples/rclpy/topics/minimal_publisher) by extensions ['ros']
[1.034s] Level 1:colcon.colcon_core.package_identification:_identify(src/src/examples/rclpy/topics/minimal_publisher) by extension 'ros'
[1.034s] DEBUG:colcon.colcon_core.package_identification:Package 'src/src/examples/rclpy/topics/minimal_publisher' with type 'ros.ament_python' and name 'examples_rclpy_minimal_publisher'
[1.034s] Level 1:colcon.colcon_core.package_identification:_identify(src/src/examples/rclpy/topics/minimal_subscriber) by extensions ['ignore', 'ignore_ament_install']
[1.034s] Level 1:colcon.colcon_core.package_identification:_identify(src/src/examples/rclpy/topics/minimal_subscriber) by extension 'ignore'
[1.035s] Level 1:colcon.colcon_core.package_identification:_identify(src/src/examples/rclpy/topics/minimal_subscriber) by extension 'ignore_ament_install'
[1.035s] Level 1:colcon.colcon_core.package_identification:_identify(src/src/examples/rclpy/topics/minimal_subscriber) by extensions ['colcon_pkg']
[1.035s] Level 1:colcon.colcon_core.package_identification:_identify(src/src/examples/rclpy/topics/minimal_subscriber) by extension 'colcon_pkg'
[1.035s] Level 1:colcon.colcon_core.package_identification:_identify(src/src/examples/rclpy/topics/minimal_subscriber) by extensions ['colcon_meta']
[1.035s] Level 1:colcon.colcon_core.package_identification:_identify(src/src/examples/rclpy/topics/minimal_subscriber) by extension 'colcon_meta'
[1.035s] Level 1:colcon.colcon_core.package_identification:_identify(src/src/examples/rclpy/topics/minimal_subscriber) by extensions ['ros']
[1.035s] Level 1:colcon.colcon_core.package_identification:_identify(src/src/examples/rclpy/topics/minimal_subscriber) by extension 'ros'
[1.035s] DEBUG:colcon.colcon_core.package_identification:Package 'src/src/examples/rclpy/topics/minimal_subscriber' with type 'ros.ament_python' and name 'examples_rclpy_minimal_subscriber'
[1.035s] Level 1:colcon.colcon_core.package_identification:_identify(src/src/examples/rclpy/topics/pointcloud_publisher) by extensions ['ignore', 'ignore_ament_install']
[1.035s] Level 1:colcon.colcon_core.package_identification:_identify(src/src/examples/rclpy/topics/pointcloud_publisher) by extension 'ignore'
[1.035s] Level 1:colcon.colcon_core.package_identification:_identify(src/src/examples/rclpy/topics/pointcloud_publisher) by extension 'ignore_ament_install'
[1.035s] Level 1:colcon.colcon_core.package_identification:_identify(src/src/examples/rclpy/topics/pointcloud_publisher) by extensions ['colcon_pkg']
[1.035s] Level 1:colcon.colcon_core.package_identification:_identify(src/src/examples/rclpy/topics/pointcloud_publisher) by extension 'colcon_pkg'
[1.035s] Level 1:colcon.colcon_core.package_identification:_identify(src/src/examples/rclpy/topics/pointcloud_publisher) by extensions ['colcon_meta']
[1.036s] Level 1:colcon.colcon_core.package_identification:_identify(src/src/examples/rclpy/topics/pointcloud_publisher) by extension 'colcon_meta'
[1.036s] Level 1:colcon.colcon_core.package_identification:_identify(src/src/examples/rclpy/topics/pointcloud_publisher) by extensions ['ros']
[1.036s] Level 1:colcon.colcon_core.package_identification:_identify(src/src/examples/rclpy/topics/pointcloud_publisher) by extension 'ros'
[1.036s] DEBUG:colcon.colcon_core.package_identification:Package 'src/src/examples/rclpy/topics/pointcloud_publisher' with type 'ros.ament_python' and name 'examples_rclpy_pointcloud_publisher'
[1.036s] Level 1:colcon.colcon_core.package_identification:_identify(src/tutorial_interfaces) by extensions ['ignore', 'ignore_ament_install']
[1.036s] Level 1:colcon.colcon_core.package_identification:_identify(src/tutorial_interfaces) by extension 'ignore'
[1.036s] Level 1:colcon.colcon_core.package_identification:_identify(src/tutorial_interfaces) by extension 'ignore_ament_install'
[1.036s] Level 1:colcon.colcon_core.package_identification:_identify(src/tutorial_interfaces) by extensions ['colcon_pkg']
[1.036s] Level 1:colcon.colcon_core.package_identification:_identify(src/tutorial_interfaces) by extension 'colcon_pkg'
[1.036s] Level 1:colcon.colcon_core.package_identification:_identify(src/tutorial_interfaces) by extensions ['colcon_meta']
[1.036s] Level 1:colcon.colcon_core.package_identification:_identify(src/tutorial_interfaces) by extension 'colcon_meta'
[1.036s] Level 1:colcon.colcon_core.package_identification:_identify(src/tutorial_interfaces) by extensions ['ros']
[1.036s] Level 1:colcon.colcon_core.package_identification:_identify(src/tutorial_interfaces) by extension 'ros'
[1.037s] DEBUG:colcon.colcon_core.package_identification:Package 'src/tutorial_interfaces' with type 'ros.ament_cmake' and name 'tutorial_interfaces'
[1.037s] Level 1:colcon.colcon_core.package_discovery:discover_packages(recursive) using defaults
[1.037s] Level 1:colcon.colcon_core.package_discovery:discover_packages(ignore) discover
[1.037s] Level 1:colcon.colcon_core.package_discovery:discover_packages(ignore) using defaults
[1.037s] Level 1:colcon.colcon_core.package_discovery:discover_packages(path) discover
[1.037s] Level 1:colcon.colcon_core.package_discovery:discover_packages(path) using defaults
[1.097s] INFO:colcon.colcon_core.package_selection:Skipping not selected package 'examples_rclcpp_async_client' in 'src/src/examples/rclcpp/services/async_client'
[1.097s] INFO:colcon.colcon_core.package_selection:Skipping not selected package 'examples_rclcpp_cbg_executor' in 'src/src/examples/rclcpp/executors/cbg_executor'
[1.097s] INFO:colcon.colcon_core.package_selection:Skipping not selected package 'examples_rclcpp_minimal_action_client' in 'src/src/examples/rclcpp/actions/minimal_action_client'
[1.097s] INFO:colcon.colcon_core.package_selection:Skipping not selected package 'examples_rclcpp_minimal_action_server' in 'src/src/examples/rclcpp/actions/minimal_action_server'
[1.097s] INFO:colcon.colcon_core.package_selection:Skipping not selected package 'examples_rclcpp_minimal_client' in 'src/src/examples/rclcpp/services/minimal_client'
[1.097s] INFO:colcon.colcon_core.package_selection:Skipping not selected package 'examples_rclcpp_minimal_composition' in 'src/src/examples/rclcpp/composition/minimal_composition'
[1.097s] INFO:colcon.colcon_core.package_selection:Skipping not selected package 'examples_rclcpp_minimal_publisher' in 'src/src/examples/rclcpp/topics/minimal_publisher'
[1.097s] INFO:colcon.colcon_core.package_selection:Skipping not selected package 'examples_rclcpp_minimal_service' in 'src/src/examples/rclcpp/services/minimal_service'
[1.097s] INFO:colcon.colcon_core.package_selection:Skipping not selected package 'examples_rclcpp_minimal_subscriber' in 'src/src/examples/rclcpp/topics/minimal_subscriber'
[1.097s] INFO:colcon.colcon_core.package_selection:Skipping not selected package 'examples_rclcpp_minimal_timer' in 'src/src/examples/rclcpp/timers/minimal_timer'
[1.097s] INFO:colcon.colcon_core.package_selection:Skipping not selected package 'examples_rclcpp_multithreaded_executor' in 'src/src/examples/rclcpp/executors/multithreaded_executor'
[1.097s] INFO:colcon.colcon_core.package_selection:Skipping not selected package 'examples_rclcpp_wait_set' in 'src/src/examples/rclcpp/wait_set'
[1.097s] INFO:colcon.colcon_core.package_selection:Skipping not selected package 'examples_rclpy_executors' in 'src/src/examples/rclpy/executors'
[1.097s] INFO:colcon.colcon_core.package_selection:Skipping not selected package 'examples_rclpy_guard_conditions' in 'src/src/examples/rclpy/guard_conditions'
[1.097s] INFO:colcon.colcon_core.package_selection:Skipping not selected package 'examples_rclpy_minimal_action_client' in 'src/src/examples/rclpy/actions/minimal_action_client'
[1.097s] INFO:colcon.colcon_core.package_selection:Skipping not selected package 'examples_rclpy_minimal_action_server' in 'src/src/examples/rclpy/actions/minimal_action_server'
[1.097s] INFO:colcon.colcon_core.package_selection:Skipping not selected package 'examples_rclpy_minimal_client' in 'src/src/examples/rclpy/services/minimal_client'
[1.097s] INFO:colcon.colcon_core.package_selection:Skipping not selected package 'examples_rclpy_minimal_publisher' in 'src/src/examples/rclpy/topics/minimal_publisher'
[1.097s] INFO:colcon.colcon_core.package_selection:Skipping not selected package 'examples_rclpy_minimal_service' in 'src/src/examples/rclpy/services/minimal_service'
[1.097s] INFO:colcon.colcon_core.package_selection:Skipping not selected package 'examples_rclpy_minimal_subscriber' in 'src/src/examples/rclpy/topics/minimal_subscriber'
[1.097s] INFO:colcon.colcon_core.package_selection:Skipping not selected package 'examples_rclpy_pointcloud_publisher' in 'src/src/examples/rclpy/topics/pointcloud_publisher'
[1.097s] INFO:colcon.colcon_core.package_selection:Skipping not selected package 'launch_testing_examples' in 'src/src/examples/launch_testing/launch_testing_examples'
[1.097s] INFO:colcon.colcon_core.package_selection:Skipping not selected package 'my_package' in 'src/my_package'
[1.098s] INFO:colcon.colcon_core.package_selection:Skipping not selected package 'tutorial_interfaces' in 'src/tutorial_interfaces'
[1.098s] INFO:colcon.colcon_core.package_selection:Skipping not selected package 'cpp_pubsub' in 'src/cpp_pubsub'
[1.125s] Level 1:colcon.colcon_core.package_discovery:discover_packages(prefix_path) check parameters
[1.125s] Level 1:colcon.colcon_core.package_discovery:discover_packages(prefix_path) discover
[1.168s] DEBUG:colcon.colcon_installed_package_information.package_discovery:Found 288 installed packages in /opt/ros/humble
[1.170s] Level 1:colcon.colcon_core.package_discovery:discover_packages(prefix_path) using defaults
[1.252s] Level 5:colcon.colcon_core.verb:set package 'pub_controller' build argument 'cmake_args' from command line to 'None'
[1.252s] Level 5:colcon.colcon_core.verb:set package 'pub_controller' build argument 'cmake_target' from command line to 'None'
[1.252s] Level 5:colcon.colcon_core.verb:set package 'pub_controller' build argument 'cmake_target_skip_unavailable' from command line to 'False'
[1.252s] Level 5:colcon.colcon_core.verb:set package 'pub_controller' build argument 'cmake_clean_cache' from command line to 'False'
[1.252s] Level 5:colcon.colcon_core.verb:set package 'pub_controller' build argument 'cmake_clean_first' from command line to 'False'
[1.252s] Level 5:colcon.colcon_core.verb:set package 'pub_controller' build argument 'cmake_force_configure' from command line to 'False'
[1.252s] Level 5:colcon.colcon_core.verb:set package 'pub_controller' build argument 'ament_cmake_args' from command line to 'None'
[1.252s] Level 5:colcon.colcon_core.verb:set package 'pub_controller' build argument 'catkin_cmake_args' from command line to 'None'
[1.252s] Level 5:colcon.colcon_core.verb:set package 'pub_controller' build argument 'catkin_skip_building_tests' from command line to 'False'
[1.252s] DEBUG:colcon.colcon_core.verb:Building package 'pub_controller' with the following arguments: {'ament_cmake_args': None, 'build_base': '/home/etern1ty/ros2_ws/build/pub_controller', 'catkin_cmake_args': None, 'catkin_skip_building_tests': False, 'cmake_args': None, 'cmake_clean_cache': False, 'cmake_clean_first': False, 'cmake_force_configure': False, 'cmake_target': None, 'cmake_target_skip_unavailable': False, 'install_base': '/home/etern1ty/ros2_ws/install/pub_controller', 'merge_install': False, 'path': '/home/etern1ty/ros2_ws/src/pub_controller', 'symlink_install': False, 'test_result_base': None}
[1.266s] INFO:colcon.colcon_core.executor:Executing jobs using 'parallel' executor
[1.280s] DEBUG:colcon.colcon_parallel_executor.executor.parallel:run_until_complete
[1.281s] INFO:colcon.colcon_ros.task.ament_cmake.build:Building ROS package in '/home/etern1ty/ros2_ws/src/pub_controller' with build type 'ament_cmake'
[1.281s] INFO:colcon.colcon_cmake.task.cmake.build:Building CMake package in '/home/etern1ty/ros2_ws/src/pub_controller'
[1.297s] INFO:colcon.colcon_core.plugin_system:Skipping extension 'colcon_core.shell.bat': Not used on non-Windows systems
[1.298s] INFO:colcon.colcon_core.shell:Skip shell extension 'powershell' for command environment: Not usable outside of PowerShell
[1.298s] DEBUG:colcon.colcon_core.shell:Skip shell extension 'dsv' for command environment
[1.334s] DEBUG:colcon.colcon_core.event_handler.log_command:Invoking command in '/home/etern1ty/ros2_ws/build/pub_controller': CMAKE_PREFIX_PATH=/opt/ros/humble /usr/bin/cmake --build /home/etern1ty/ros2_ws/build/pub_controller -- -j12 -l12
[9.577s] DEBUG:colcon.colcon_core.event_handler.log_command:Invoked command in '/home/etern1ty/ros2_ws/build/pub_controller' returned '0': CMAKE_PREFIX_PATH=/opt/ros/humble /usr/bin/cmake --build /home/etern1ty/ros2_ws/build/pub_controller -- -j12 -l12
[9.657s] DEBUG:colcon.colcon_core.event_handler.log_command:Invoking command in '/home/etern1ty/ros2_ws/build/pub_controller': CMAKE_PREFIX_PATH=/opt/ros/humble /usr/bin/cmake --install /home/etern1ty/ros2_ws/build/pub_controller
[9.721s] Level 1:colcon.colcon_core.environment:create_environment_scripts_only(pub_controller)
[9.722s] DEBUG:colcon.colcon_core.event_handler.log_command:Invoked command in '/home/etern1ty/ros2_ws/build/pub_controller' returned '0': CMAKE_PREFIX_PATH=/opt/ros/humble /usr/bin/cmake --install /home/etern1ty/ros2_ws/build/pub_controller
[9.737s] Level 1:colcon.colcon_core.environment:checking '/home/etern1ty/ros2_ws/install/pub_controller' for CMake module files
[9.737s] Level 1:colcon.colcon_core.environment:checking '/home/etern1ty/ros2_ws/install/pub_controller' for CMake config files
[9.737s] Level 1:colcon.colcon_core.shell:create_environment_hook('pub_controller', 'cmake_prefix_path')
[9.751s] INFO:colcon.colcon_core.shell:Creating environment hook '/home/etern1ty/ros2_ws/install/pub_controller/share/pub_controller/hook/cmake_prefix_path.ps1'
[9.752s] INFO:colcon.colcon_core.shell:Creating environment descriptor '/home/etern1ty/ros2_ws/install/pub_controller/share/pub_controller/hook/cmake_prefix_path.dsv'
[9.752s] INFO:colcon.colcon_core.shell:Creating environment hook '/home/etern1ty/ros2_ws/install/pub_controller/share/pub_controller/hook/cmake_prefix_path.sh'
[9.753s] Level 1:colcon.colcon_core.environment:checking '/home/etern1ty/ros2_ws/install/pub_controller/lib'
[9.753s] Level 1:colcon.colcon_core.shell:create_environment_hook('pub_controller', 'ld_library_path_lib')
[9.767s] INFO:colcon.colcon_core.shell:Creating environment hook '/home/etern1ty/ros2_ws/install/pub_controller/share/pub_controller/hook/ld_library_path_lib.ps1'
[9.768s] INFO:colcon.colcon_core.shell:Creating environment descriptor '/home/etern1ty/ros2_ws/install/pub_controller/share/pub_controller/hook/ld_library_path_lib.dsv'
[9.768s] INFO:colcon.colcon_core.shell:Creating environment hook '/home/etern1ty/ros2_ws/install/pub_controller/share/pub_controller/hook/ld_library_path_lib.sh'
[9.768s] Level 1:colcon.colcon_core.environment:checking '/home/etern1ty/ros2_ws/install/pub_controller/bin'
[9.768s] Level 1:colcon.colcon_core.environment:checking '/home/etern1ty/ros2_ws/install/pub_controller/lib/pkgconfig/pub_controller.pc'
[9.769s] Level 1:colcon.colcon_core.environment:checking '/home/etern1ty/ros2_ws/install/pub_controller/lib/python3.10/site-packages'
[9.769s] Level 1:colcon.colcon_core.environment:checking '/home/etern1ty/ros2_ws/install/pub_controller/bin'
[9.782s] INFO:colcon.colcon_core.shell:Creating package script '/home/etern1ty/ros2_ws/install/pub_controller/share/pub_controller/package.ps1'
[9.783s] INFO:colcon.colcon_core.shell:Creating package descriptor '/home/etern1ty/ros2_ws/install/pub_controller/share/pub_controller/package.dsv'
[9.784s] INFO:colcon.colcon_core.shell:Creating package script '/home/etern1ty/ros2_ws/install/pub_controller/share/pub_controller/package.sh'
[9.785s] INFO:colcon.colcon_core.shell:Creating package script '/home/etern1ty/ros2_ws/install/pub_controller/share/pub_controller/package.bash'
[9.785s] INFO:colcon.colcon_core.shell:Creating package script '/home/etern1ty/ros2_ws/install/pub_controller/share/pub_controller/package.zsh'
[9.786s] Level 1:colcon.colcon_core.environment:create_file_with_runtime_dependencies(/home/etern1ty/ros2_ws/install/pub_controller/share/colcon-core/packages/pub_controller)
[9.873s] Level 1:colcon.colcon_core.environment:create_environment_scripts_only(pub_controller)
[9.886s] Level 1:colcon.colcon_core.environment:checking '/home/etern1ty/ros2_ws/install/pub_controller' for CMake module files
[9.886s] Level 1:colcon.colcon_core.environment:checking '/home/etern1ty/ros2_ws/install/pub_controller' for CMake config files
[9.886s] Level 1:colcon.colcon_core.shell:create_environment_hook('pub_controller', 'cmake_prefix_path')
[9.899s] INFO:colcon.colcon_core.shell:Creating environment hook '/home/etern1ty/ros2_ws/install/pub_controller/share/pub_controller/hook/cmake_prefix_path.ps1'
[9.900s] INFO:colcon.colcon_core.shell:Creating environment descriptor '/home/etern1ty/ros2_ws/install/pub_controller/share/pub_controller/hook/cmake_prefix_path.dsv'
[9.900s] INFO:colcon.colcon_core.shell:Creating environment hook '/home/etern1ty/ros2_ws/install/pub_controller/share/pub_controller/hook/cmake_prefix_path.sh'
[9.901s] Level 1:colcon.colcon_core.environment:checking '/home/etern1ty/ros2_ws/install/pub_controller/lib'
[9.901s] Level 1:colcon.colcon_core.shell:create_environment_hook('pub_controller', 'ld_library_path_lib')
[9.915s] INFO:colcon.colcon_core.shell:Creating environment hook '/home/etern1ty/ros2_ws/install/pub_controller/share/pub_controller/hook/ld_library_path_lib.ps1'
[9.916s] INFO:colcon.colcon_core.shell:Creating environment descriptor '/home/etern1ty/ros2_ws/install/pub_controller/share/pub_controller/hook/ld_library_path_lib.dsv'
[9.916s] INFO:colcon.colcon_core.shell:Creating environment hook '/home/etern1ty/ros2_ws/install/pub_controller/share/pub_controller/hook/ld_library_path_lib.sh'
[9.916s] Level 1:colcon.colcon_core.environment:checking '/home/etern1ty/ros2_ws/install/pub_controller/bin'
[9.916s] Level 1:colcon.colcon_core.environment:checking '/home/etern1ty/ros2_ws/install/pub_controller/lib/pkgconfig/pub_controller.pc'
[9.917s] Level 1:colcon.colcon_core.environment:checking '/home/etern1ty/ros2_ws/install/pub_controller/lib/python3.10/site-packages'
[9.917s] Level 1:colcon.colcon_core.environment:checking '/home/etern1ty/ros2_ws/install/pub_controller/bin'
[9.930s] INFO:colcon.colcon_core.shell:Creating package script '/home/etern1ty/ros2_ws/install/pub_controller/share/pub_controller/package.ps1'
[9.931s] INFO:colcon.colcon_core.shell:Creating package descriptor '/home/etern1ty/ros2_ws/install/pub_controller/share/pub_controller/package.dsv'
[9.931s] INFO:colcon.colcon_core.shell:Creating package script '/home/etern1ty/ros2_ws/install/pub_controller/share/pub_controller/package.sh'
[9.931s] INFO:colcon.colcon_core.shell:Creating package script '/home/etern1ty/ros2_ws/install/pub_controller/share/pub_controller/package.bash'
[9.932s] INFO:colcon.colcon_core.shell:Creating package script '/home/etern1ty/ros2_ws/install/pub_controller/share/pub_controller/package.zsh'
[9.932s] Level 1:colcon.colcon_core.environment:create_file_with_runtime_dependencies(/home/etern1ty/ros2_ws/install/pub_controller/share/colcon-core/packages/pub_controller)
[9.932s] DEBUG:colcon.colcon_parallel_executor.executor.parallel:closing loop
[9.933s] DEBUG:colcon.colcon_parallel_executor.executor.parallel:loop closed
[9.933s] DEBUG:colcon.colcon_parallel_executor.executor.parallel:run_until_complete finished with '0'
[9.933s] DEBUG:colcon.colcon_core.event_reactor:joining thread
[9.953s] INFO:colcon.colcon_core.plugin_system:Skipping extension 'colcon_notification.desktop_notification.terminal_notifier': Not used on non-Darwin systems
[9.954s] INFO:colcon.colcon_core.plugin_system:Skipping extension 'colcon_notification.desktop_notification.win32': Not used on non-Windows systems
[9.954s] INFO:colcon.colcon_notification.desktop_notification:Sending desktop notification using 'notify2'
[9.967s] DEBUG:colcon.colcon_core.event_reactor:joined thread
[9.981s] INFO:colcon.colcon_core.shell:Creating prefix script '/home/etern1ty/ros2_ws/install/local_setup.ps1'
[9.982s] INFO:colcon.colcon_core.shell:Creating prefix util module '/home/etern1ty/ros2_ws/install/_local_setup_util_ps1.py'
[9.983s] INFO:colcon.colcon_core.shell:Creating prefix chain script '/home/etern1ty/ros2_ws/install/setup.ps1'
[9.997s] INFO:colcon.colcon_core.shell:Creating prefix script '/home/etern1ty/ros2_ws/install/local_setup.sh'
[9.998s] INFO:colcon.colcon_core.shell:Creating prefix util module '/home/etern1ty/ros2_ws/install/_local_setup_util_sh.py'
[9.998s] INFO:colcon.colcon_core.shell:Creating prefix chain script '/home/etern1ty/ros2_ws/install/setup.sh'
[10.013s] INFO:colcon.colcon_core.shell:Creating prefix script '/home/etern1ty/ros2_ws/install/local_setup.bash'
[10.013s] INFO:colcon.colcon_core.shell:Creating prefix chain script '/home/etern1ty/ros2_ws/install/setup.bash'
[10.027s] INFO:colcon.colcon_core.shell:Creating prefix script '/home/etern1ty/ros2_ws/install/local_setup.zsh'
[10.027s] INFO:colcon.colcon_core.shell:Creating prefix chain script '/home/etern1ty/ros2_ws/install/setup.zsh'
