[0.068s] Invoking command in '/home/etern1ty/ros2_ws/build/examples_rclcpp_minimal_composition': CMAKE_PREFIX_PATH=${CMAKE_PREFIX_PATH}:/home/etern1ty/ros2_ws/install/launch_testing_examples:/home/etern1ty/ros2_ws/install/examples_rclpy_pointcloud_publisher:/home/etern1ty/ros2_ws/install/examples_rclpy_minimal_subscriber:/home/etern1ty/ros2_ws/install/examples_rclpy_minimal_service:/home/etern1ty/ros2_ws/install/examples_rclpy_minimal_publisher:/home/etern1ty/ros2_ws/install/examples_rclpy_minimal_client:/home/etern1ty/ros2_ws/install/examples_rclpy_minimal_action_server:/home/etern1ty/ros2_ws/install/examples_rclpy_minimal_action_client:/home/etern1ty/ros2_ws/install/examples_rclpy_guard_conditions:/home/etern1ty/ros2_ws/install/examples_rclpy_executors:/opt/ros/humble /usr/bin/cmake --build /home/etern1ty/ros2_ws/build/examples_rclcpp_minimal_composition -- -j12 -l12
[0.144s] [ 33%] Built target composition_nodes
[0.176s] [100%] Built target composition_publisher
[0.176s] [100%] Built target composition_composed
[0.176s] [100%] Built target composition_subscriber
[0.192s] Invoked command in '/home/etern1ty/ros2_ws/build/examples_rclcpp_minimal_composition' returned '0': CMAKE_PREFIX_PATH=${CMAKE_PREFIX_PATH}:/home/etern1ty/ros2_ws/install/launch_testing_examples:/home/etern1ty/ros2_ws/install/examples_rclpy_pointcloud_publisher:/home/etern1ty/ros2_ws/install/examples_rclpy_minimal_subscriber:/home/etern1ty/ros2_ws/install/examples_rclpy_minimal_service:/home/etern1ty/ros2_ws/install/examples_rclpy_minimal_publisher:/home/etern1ty/ros2_ws/install/examples_rclpy_minimal_client:/home/etern1ty/ros2_ws/install/examples_rclpy_minimal_action_server:/home/etern1ty/ros2_ws/install/examples_rclpy_minimal_action_client:/home/etern1ty/ros2_ws/install/examples_rclpy_guard_conditions:/home/etern1ty/ros2_ws/install/examples_rclpy_executors:/opt/ros/humble /usr/bin/cmake --build /home/etern1ty/ros2_ws/build/examples_rclcpp_minimal_composition -- -j12 -l12
[0.249s] Invoking command in '/home/etern1ty/ros2_ws/build/examples_rclcpp_minimal_composition': CMAKE_PREFIX_PATH=${CMAKE_PREFIX_PATH}:/home/etern1ty/ros2_ws/install/launch_testing_examples:/home/etern1ty/ros2_ws/install/examples_rclpy_pointcloud_publisher:/home/etern1ty/ros2_ws/install/examples_rclpy_minimal_subscriber:/home/etern1ty/ros2_ws/install/examples_rclpy_minimal_service:/home/etern1ty/ros2_ws/install/examples_rclpy_minimal_publisher:/home/etern1ty/ros2_ws/install/examples_rclpy_minimal_client:/home/etern1ty/ros2_ws/install/examples_rclpy_minimal_action_server:/home/etern1ty/ros2_ws/install/examples_rclpy_minimal_action_client:/home/etern1ty/ros2_ws/install/examples_rclpy_guard_conditions:/home/etern1ty/ros2_ws/install/examples_rclpy_executors:/opt/ros/humble /usr/bin/cmake --install /home/etern1ty/ros2_ws/build/examples_rclcpp_minimal_composition
[0.256s] -- Install configuration: ""
[0.257s] -- Up-to-date: /home/etern1ty/ros2_ws/install/examples_rclcpp_minimal_composition/share/examples_rclcpp_minimal_composition/environment/library_path.sh
[0.257s] -- Up-to-date: /home/etern1ty/ros2_ws/install/examples_rclcpp_minimal_composition/share/examples_rclcpp_minimal_composition/environment/library_path.dsv
[0.258s] -- Up-to-date: /home/etern1ty/ros2_ws/install/examples_rclcpp_minimal_composition/lib/libcomposition_nodes.so
[0.259s] -- Up-to-date: /home/etern1ty/ros2_ws/install/examples_rclcpp_minimal_composition/lib/examples_rclcpp_minimal_composition/composition_publisher
[0.260s] -- Up-to-date: /home/etern1ty/ros2_ws/install/examples_rclcpp_minimal_composition/lib/examples_rclcpp_minimal_composition/composition_subscriber
[0.261s] -- Up-to-date: /home/etern1ty/ros2_ws/install/examples_rclcpp_minimal_composition/lib/examples_rclcpp_minimal_composition/composition_composed
[0.261s] -- Up-to-date: /home/etern1ty/ros2_ws/install/examples_rclcpp_minimal_composition/share/ament_index/resource_index/package_run_dependencies/examples_rclcpp_minimal_composition
[0.261s] -- Up-to-date: /home/etern1ty/ros2_ws/install/examples_rclcpp_minimal_composition/share/ament_index/resource_index/parent_prefix_path/examples_rclcpp_minimal_composition
[0.262s] -- Up-to-date: /home/etern1ty/ros2_ws/install/examples_rclcpp_minimal_composition/share/examples_rclcpp_minimal_composition/environment/ament_prefix_path.sh
[0.262s] -- Up-to-date: /home/etern1ty/ros2_ws/install/examples_rclcpp_minimal_composition/share/examples_rclcpp_minimal_composition/environment/ament_prefix_path.dsv
[0.262s] -- Up-to-date: /home/etern1ty/ros2_ws/install/examples_rclcpp_minimal_composition/share/examples_rclcpp_minimal_composition/environment/path.sh
[0.262s] -- Up-to-date: /home/etern1ty/ros2_ws/install/examples_rclcpp_minimal_composition/share/examples_rclcpp_minimal_composition/environment/path.dsv
[0.262s] -- Up-to-date: /home/etern1ty/ros2_ws/install/examples_rclcpp_minimal_composition/share/examples_rclcpp_minimal_composition/local_setup.bash
[0.262s] -- Up-to-date: /home/etern1ty/ros2_ws/install/examples_rclcpp_minimal_composition/share/examples_rclcpp_minimal_composition/local_setup.sh
[0.262s] -- Up-to-date: /home/etern1ty/ros2_ws/install/examples_rclcpp_minimal_composition/share/examples_rclcpp_minimal_composition/local_setup.zsh
[0.262s] -- Up-to-date: /home/etern1ty/ros2_ws/install/examples_rclcpp_minimal_composition/share/examples_rclcpp_minimal_composition/local_setup.dsv
[0.262s] -- Installing: /home/etern1ty/ros2_ws/install/examples_rclcpp_minimal_composition/share/examples_rclcpp_minimal_composition/package.dsv
[0.262s] -- Up-to-date: /home/etern1ty/ros2_ws/install/examples_rclcpp_minimal_composition/share/ament_index/resource_index/packages/examples_rclcpp_minimal_composition
[0.262s] -- Up-to-date: /home/etern1ty/ros2_ws/install/examples_rclcpp_minimal_composition/share/examples_rclcpp_minimal_composition/cmake/examples_rclcpp_minimal_compositionConfig.cmake
[0.263s] -- Up-to-date: /home/etern1ty/ros2_ws/install/examples_rclcpp_minimal_composition/share/examples_rclcpp_minimal_composition/cmake/examples_rclcpp_minimal_compositionConfig-version.cmake
[0.263s] -- Up-to-date: /home/etern1ty/ros2_ws/install/examples_rclcpp_minimal_composition/share/examples_rclcpp_minimal_composition/package.xml
[0.265s] Invoked command in '/home/etern1ty/ros2_ws/build/examples_rclcpp_minimal_composition' returned '0': CMAKE_PREFIX_PATH=${CMAKE_PREFIX_PATH}:/home/etern1ty/ros2_ws/install/launch_testing_examples:/home/etern1ty/ros2_ws/install/examples_rclpy_pointcloud_publisher:/home/etern1ty/ros2_ws/install/examples_rclpy_minimal_subscriber:/home/etern1ty/ros2_ws/install/examples_rclpy_minimal_service:/home/etern1ty/ros2_ws/install/examples_rclpy_minimal_publisher:/home/etern1ty/ros2_ws/install/examples_rclpy_minimal_client:/home/etern1ty/ros2_ws/install/examples_rclpy_minimal_action_server:/home/etern1ty/ros2_ws/install/examples_rclpy_minimal_action_client:/home/etern1ty/ros2_ws/install/examples_rclpy_guard_conditions:/home/etern1ty/ros2_ws/install/examples_rclpy_executors:/opt/ros/humble /usr/bin/cmake --install /home/etern1ty/ros2_ws/build/examples_rclcpp_minimal_composition
