[0.126s] Invoking command in '/home/etern1ty/ros2_ws/build/flare_detect': AMENT_PREFIX_PATH=/home/etern1ty/ros2_ws/install/obj_msg:${AMENT_PREFIX_PATH} CMAKE_PREFIX_PATH=/home/etern1ty/ros2_ws/install/obj_msg:/opt/ros/humble LD_LIBRARY_PATH=/home/etern1ty/ros2_ws/install/obj_msg/lib:${LD_LIBRARY_PATH} PYTHONPATH=/home/etern1ty/ros2_ws/install/obj_msg/local/lib/python3.10/dist-packages:${PYTHONPATH} /usr/bin/cmake --build /home/etern1ty/ros2_ws/build/flare_detect -- -j12 -l12
[0.176s] [35m[1mConsolidate compiler generated dependencies of target detection[0m
[0.199s] [100%] Built target detection
[0.212s] Invoked command in '/home/etern1ty/ros2_ws/build/flare_detect' returned '0': AMENT_PREFIX_PATH=/home/etern1ty/ros2_ws/install/obj_msg:${AMENT_PREFIX_PATH} CMAKE_PREFIX_PATH=/home/etern1ty/ros2_ws/install/obj_msg:/opt/ros/humble LD_LIBRARY_PATH=/home/etern1ty/ros2_ws/install/obj_msg/lib:${LD_LIBRARY_PATH} PYTHONPATH=/home/etern1ty/ros2_ws/install/obj_msg/local/lib/python3.10/dist-packages:${PYTHONPATH} /usr/bin/cmake --build /home/etern1ty/ros2_ws/build/flare_detect -- -j12 -l12
[0.245s] Invoking command in '/home/etern1ty/ros2_ws/build/flare_detect': AMENT_PREFIX_PATH=/home/etern1ty/ros2_ws/install/obj_msg:${AMENT_PREFIX_PATH} CMAKE_PREFIX_PATH=/home/etern1ty/ros2_ws/install/obj_msg:/opt/ros/humble LD_LIBRARY_PATH=/home/etern1ty/ros2_ws/install/obj_msg/lib:${LD_LIBRARY_PATH} PYTHONPATH=/home/etern1ty/ros2_ws/install/obj_msg/local/lib/python3.10/dist-packages:${PYTHONPATH} /usr/bin/cmake --install /home/etern1ty/ros2_ws/build/flare_detect
[0.254s] -- Install configuration: ""
[0.255s] -- Up-to-date: /home/etern1ty/ros2_ws/install/flare_detect/lib/flare_detect/detection
[0.256s] -- Up-to-date: /home/etern1ty/ros2_ws/install/flare_detect/share/ament_index/resource_index/package_run_dependencies/flare_detect
[0.256s] -- Up-to-date: /home/etern1ty/ros2_ws/install/flare_detect/share/ament_index/resource_index/parent_prefix_path/flare_detect
[0.256s] -- Up-to-date: /home/etern1ty/ros2_ws/install/flare_detect/share/flare_detect/environment/ament_prefix_path.sh
[0.256s] -- Up-to-date: /home/etern1ty/ros2_ws/install/flare_detect/share/flare_detect/environment/ament_prefix_path.dsv
[0.257s] -- Up-to-date: /home/etern1ty/ros2_ws/install/flare_detect/share/flare_detect/environment/path.sh
[0.257s] -- Up-to-date: /home/etern1ty/ros2_ws/install/flare_detect/share/flare_detect/environment/path.dsv
[0.257s] -- Up-to-date: /home/etern1ty/ros2_ws/install/flare_detect/share/flare_detect/local_setup.bash
[0.257s] -- Up-to-date: /home/etern1ty/ros2_ws/install/flare_detect/share/flare_detect/local_setup.sh
[0.257s] -- Up-to-date: /home/etern1ty/ros2_ws/install/flare_detect/share/flare_detect/local_setup.zsh
[0.257s] -- Up-to-date: /home/etern1ty/ros2_ws/install/flare_detect/share/flare_detect/local_setup.dsv
[0.257s] -- Installing: /home/etern1ty/ros2_ws/install/flare_detect/share/flare_detect/package.dsv
[0.258s] -- Up-to-date: /home/etern1ty/ros2_ws/install/flare_detect/share/ament_index/resource_index/packages/flare_detect
[0.258s] -- Up-to-date: /home/etern1ty/ros2_ws/install/flare_detect/share/flare_detect/cmake/flare_detectConfig.cmake
[0.258s] -- Up-to-date: /home/etern1ty/ros2_ws/install/flare_detect/share/flare_detect/cmake/flare_detectConfig-version.cmake
[0.258s] -- Up-to-date: /home/etern1ty/ros2_ws/install/flare_detect/share/flare_detect/package.xml
[0.261s] Invoked command in '/home/etern1ty/ros2_ws/build/flare_detect' returned '0': AMENT_PREFIX_PATH=/home/etern1ty/ros2_ws/install/obj_msg:${AMENT_PREFIX_PATH} CMAKE_PREFIX_PATH=/home/etern1ty/ros2_ws/install/obj_msg:/opt/ros/humble LD_LIBRARY_PATH=/home/etern1ty/ros2_ws/install/obj_msg/lib:${LD_LIBRARY_PATH} PYTHONPATH=/home/etern1ty/ros2_ws/install/obj_msg/local/lib/python3.10/dist-packages:${PYTHONPATH} /usr/bin/cmake --install /home/etern1ty/ros2_ws/build/flare_detect
