-- The C compiler identification is GNU 11.4.0
-- The CXX compiler identification is GNU 11.4.0
-- Detecting C compiler ABI info
-- Detecting C compiler ABI info - done
-- Check for working C compiler: /usr/bin/cc - skipped
-- Detecting C compile features
-- Detecting C compile features - done
-- Detecting CXX compiler ABI info
-- Detecting CXX compiler ABI info - done
-- Check for working CXX compiler: /usr/bin/c++ - skipped
-- Detecting CXX compile features
-- Detecting CXX compile features - done
-- Found ament_cmake: 1.3.7 (/opt/ros/humble/share/ament_cmake/cmake)
-- Found Python3: /usr/bin/python3.10 (found version "3.10.12") found components: Interpreter 
-- Found cv_bridge: 3.2.1 (/opt/ros/humble/share/cv_bridge/cmake)
-- Found rosidl_generator_c: 3.1.5 (/opt/ros/humble/share/rosidl_generator_c/cmake)
-- Found rosidl_adapter: 3.1.5 (/opt/ros/humble/share/rosidl_adapter/cmake)
-- Found rosidl_generator_cpp: 3.1.5 (/opt/ros/humble/share/rosidl_generator_cpp/cmake)
-- Using all available rosidl_typesupport_c: rosidl_typesupport_fastrtps_c;rosidl_typesupport_introspection_c
-- Using all available rosidl_typesupport_cpp: rosidl_typesupport_fastrtps_cpp;rosidl_typesupport_introspection_cpp
-- Found image_transport: 3.1.8 (/opt/ros/humble/share/image_transport/cmake)
-- Found rmw_implementation_cmake: 6.1.1 (/opt/ros/humble/share/rmw_implementation_cmake/cmake)
-- Found rmw_fastrtps_cpp: 6.2.6 (/opt/ros/humble/share/rmw_fastrtps_cpp/cmake)
-- Found OpenSSL: /usr/lib/x86_64-linux-gnu/libcrypto.so (found version "3.0.2")  
-- Found FastRTPS: /opt/ros/humble/include  
-- Using RMW implementation 'rmw_fastrtps_cpp' as default
-- Looking for pthread.h
-- Looking for pthread.h - found
-- Performing Test CMAKE_HAVE_LIBC_PTHREAD
-- Performing Test CMAKE_HAVE_LIBC_PTHREAD - Success
-- Found Threads: TRUE  
-- Found OpenCV: /usr/local (found version "4.9.0") found components: highgui imgcodecs imgproc videoio 
-- Configuring done
-- Generating done
-- Build files have been written to: /home/etern1ty/ros2_ws/build/ros2_color_detection
[ 50%] [32mBuilding CXX object CMakeFiles/color_detection.dir/src/color_detection.cpp.o[0m
[100%] [32m[1mLinking CXX executable color_detection[0m
/usr/bin/ld: warning: libopencv_imgproc.so.4.5d, needed by /opt/ros/humble/lib/libcv_bridge.so, may conflict with libopencv_imgproc.so.409
/usr/bin/ld: warning: libopencv_core.so.4.5d, needed by /opt/ros/humble/lib/libcv_bridge.so, may conflict with libopencv_core.so.409
[100%] Built target color_detection
-- Install configuration: ""
-- Installing: /home/etern1ty/ros2_ws/install/ros2_color_detection/lib/ros2_color_detection/color_detection
-- Set runtime path of "/home/etern1ty/ros2_ws/install/ros2_color_detection/lib/ros2_color_detection/color_detection" to ""
-- Installing: /home/etern1ty/ros2_ws/install/ros2_color_detection/share/ament_index/resource_index/package_run_dependencies/ros2_color_detection
-- Installing: /home/etern1ty/ros2_ws/install/ros2_color_detection/share/ament_index/resource_index/parent_prefix_path/ros2_color_detection
-- Installing: /home/etern1ty/ros2_ws/install/ros2_color_detection/share/ros2_color_detection/environment/ament_prefix_path.sh
-- Installing: /home/etern1ty/ros2_ws/install/ros2_color_detection/share/ros2_color_detection/environment/ament_prefix_path.dsv
-- Installing: /home/etern1ty/ros2_ws/install/ros2_color_detection/share/ros2_color_detection/environment/path.sh
-- Installing: /home/etern1ty/ros2_ws/install/ros2_color_detection/share/ros2_color_detection/environment/path.dsv
-- Installing: /home/etern1ty/ros2_ws/install/ros2_color_detection/share/ros2_color_detection/local_setup.bash
-- Installing: /home/etern1ty/ros2_ws/install/ros2_color_detection/share/ros2_color_detection/local_setup.sh
-- Installing: /home/etern1ty/ros2_ws/install/ros2_color_detection/share/ros2_color_detection/local_setup.zsh
-- Installing: /home/etern1ty/ros2_ws/install/ros2_color_detection/share/ros2_color_detection/local_setup.dsv
-- Installing: /home/etern1ty/ros2_ws/install/ros2_color_detection/share/ros2_color_detection/package.dsv
-- Installing: /home/etern1ty/ros2_ws/install/ros2_color_detection/share/ament_index/resource_index/packages/ros2_color_detection
-- Installing: /home/etern1ty/ros2_ws/install/ros2_color_detection/share/ros2_color_detection/cmake/ament_cmake_export_dependencies-extras.cmake
-- Installing: /home/etern1ty/ros2_ws/install/ros2_color_detection/share/ros2_color_detection/cmake/ros2_color_detectionConfig.cmake
-- Installing: /home/etern1ty/ros2_ws/install/ros2_color_detection/share/ros2_color_detection/cmake/ros2_color_detectionConfig-version.cmake
-- Installing: /home/etern1ty/ros2_ws/install/ros2_color_detection/share/ros2_color_detection/package.xml
