[0.057s] Invoking command in '/home/etern1ty/ros2_ws/build/ros2_color_detection': CMAKE_PREFIX_PATH=/opt/ros/humble /usr/bin/cmake /home/etern1ty/ros2_ws/src/ros2_color_detection/ros2_color_detection -DCMAKE_INSTALL_PREFIX=/home/etern1ty/ros2_ws/install/ros2_color_detection
[0.272s] -- The C compiler identification is GNU 11.4.0
[0.376s] -- The CXX compiler identification is GNU 11.4.0
[0.386s] -- Detecting C compiler ABI info
[0.484s] -- Detecting C compiler ABI info - done
[0.490s] -- Check for working C compiler: /usr/bin/cc - skipped
[0.491s] -- Detecting C compile features
[0.491s] -- Detecting C compile features - done
[0.495s] -- Detecting CXX compiler ABI info
[0.583s] -- Detecting CXX compiler ABI info - done
[0.591s] -- Check for working CXX compiler: /usr/bin/c++ - skipped
[0.591s] -- Detecting CXX compile features
[0.591s] -- Detecting CXX compile features - done
[0.615s] -- Found ament_cmake: 1.3.7 (/opt/ros/humble/share/ament_cmake/cmake)
[0.795s] -- Found Python3: /usr/bin/python3.10 (found version "3.10.12") found components: Interpreter 
[0.890s] -- Found cv_bridge: 3.2.1 (/opt/ros/humble/share/cv_bridge/cmake)
[0.947s] -- Found rosidl_generator_c: 3.1.5 (/opt/ros/humble/share/rosidl_generator_c/cmake)
[0.955s] -- Found rosidl_adapter: 3.1.5 (/opt/ros/humble/share/rosidl_adapter/cmake)
[0.966s] -- Found rosidl_generator_cpp: 3.1.5 (/opt/ros/humble/share/rosidl_generator_cpp/cmake)
[0.983s] -- Using all available rosidl_typesupport_c: rosidl_typesupport_fastrtps_c;rosidl_typesupport_introspection_c
[1.005s] -- Using all available rosidl_typesupport_cpp: rosidl_typesupport_fastrtps_cpp;rosidl_typesupport_introspection_cpp
[1.265s] -- Found image_transport: 3.1.8 (/opt/ros/humble/share/image_transport/cmake)
[1.338s] -- Found rmw_implementation_cmake: 6.1.1 (/opt/ros/humble/share/rmw_implementation_cmake/cmake)
[1.341s] -- Found rmw_fastrtps_cpp: 6.2.6 (/opt/ros/humble/share/rmw_fastrtps_cpp/cmake)
[1.495s] -- Found OpenSSL: /usr/lib/x86_64-linux-gnu/libcrypto.so (found version "3.0.2")  
[1.528s] -- Found FastRTPS: /opt/ros/humble/include  
[1.583s] -- Using RMW implementation 'rmw_fastrtps_cpp' as default
[1.596s] -- Looking for pthread.h
[1.685s] -- Looking for pthread.h - found
[1.685s] -- Performing Test CMAKE_HAVE_LIBC_PTHREAD
[1.844s] -- Performing Test CMAKE_HAVE_LIBC_PTHREAD - Success
[1.845s] -- Found Threads: TRUE  
[2.050s] -- Found OpenCV: /usr/local (found version "4.9.0") found components: highgui imgcodecs imgproc videoio 
[2.117s] -- Configuring done
[2.129s] -- Generating done
[2.130s] -- Build files have been written to: /home/etern1ty/ros2_ws/build/ros2_color_detection
[2.140s] Invoked command in '/home/etern1ty/ros2_ws/build/ros2_color_detection' returned '0': CMAKE_PREFIX_PATH=/opt/ros/humble /usr/bin/cmake /home/etern1ty/ros2_ws/src/ros2_color_detection/ros2_color_detection -DCMAKE_INSTALL_PREFIX=/home/etern1ty/ros2_ws/install/ros2_color_detection
[2.143s] Invoking command in '/home/etern1ty/ros2_ws/build/ros2_color_detection': CMAKE_PREFIX_PATH=/opt/ros/humble /usr/bin/cmake --build /home/etern1ty/ros2_ws/build/ros2_color_detection -- -j12 -l12
[2.200s] [ 50%] [32mBuilding CXX object CMakeFiles/color_detection.dir/src/color_detection.cpp.o[0m
[12.676s] [100%] [32m[1mLinking CXX executable color_detection[0m
[13.065s] /usr/bin/ld: warning: libopencv_imgproc.so.4.5d, needed by /opt/ros/humble/lib/libcv_bridge.so, may conflict with libopencv_imgproc.so.409
[13.066s] /usr/bin/ld: warning: libopencv_core.so.4.5d, needed by /opt/ros/humble/lib/libcv_bridge.so, may conflict with libopencv_core.so.409
[13.740s] [100%] Built target color_detection
[13.754s] Invoked command in '/home/etern1ty/ros2_ws/build/ros2_color_detection' returned '0': CMAKE_PREFIX_PATH=/opt/ros/humble /usr/bin/cmake --build /home/etern1ty/ros2_ws/build/ros2_color_detection -- -j12 -l12
[13.797s] Invoking command in '/home/etern1ty/ros2_ws/build/ros2_color_detection': CMAKE_PREFIX_PATH=/opt/ros/humble /usr/bin/cmake --install /home/etern1ty/ros2_ws/build/ros2_color_detection
[13.804s] -- Install configuration: ""
[13.805s] -- Installing: /home/etern1ty/ros2_ws/install/ros2_color_detection/lib/ros2_color_detection/color_detection
[13.812s] -- Set runtime path of "/home/etern1ty/ros2_ws/install/ros2_color_detection/lib/ros2_color_detection/color_detection" to ""
[13.812s] -- Installing: /home/etern1ty/ros2_ws/install/ros2_color_detection/share/ament_index/resource_index/package_run_dependencies/ros2_color_detection
[13.812s] -- Installing: /home/etern1ty/ros2_ws/install/ros2_color_detection/share/ament_index/resource_index/parent_prefix_path/ros2_color_detection
[13.813s] -- Installing: /home/etern1ty/ros2_ws/install/ros2_color_detection/share/ros2_color_detection/environment/ament_prefix_path.sh
[13.813s] -- Installing: /home/etern1ty/ros2_ws/install/ros2_color_detection/share/ros2_color_detection/environment/ament_prefix_path.dsv
[13.813s] -- Installing: /home/etern1ty/ros2_ws/install/ros2_color_detection/share/ros2_color_detection/environment/path.sh
[13.813s] -- Installing: /home/etern1ty/ros2_ws/install/ros2_color_detection/share/ros2_color_detection/environment/path.dsv
[13.813s] -- Installing: /home/etern1ty/ros2_ws/install/ros2_color_detection/share/ros2_color_detection/local_setup.bash
[13.813s] -- Installing: /home/etern1ty/ros2_ws/install/ros2_color_detection/share/ros2_color_detection/local_setup.sh
[13.814s] -- Installing: /home/etern1ty/ros2_ws/install/ros2_color_detection/share/ros2_color_detection/local_setup.zsh
[13.814s] -- Installing: /home/etern1ty/ros2_ws/install/ros2_color_detection/share/ros2_color_detection/local_setup.dsv
[13.814s] -- Installing: /home/etern1ty/ros2_ws/install/ros2_color_detection/share/ros2_color_detection/package.dsv
[13.814s] -- Installing: /home/etern1ty/ros2_ws/install/ros2_color_detection/share/ament_index/resource_index/packages/ros2_color_detection
[13.814s] -- Installing: /home/etern1ty/ros2_ws/install/ros2_color_detection/share/ros2_color_detection/cmake/ament_cmake_export_dependencies-extras.cmake
[13.814s] -- Installing: /home/etern1ty/ros2_ws/install/ros2_color_detection/share/ros2_color_detection/cmake/ros2_color_detectionConfig.cmake
[13.815s] -- Installing: /home/etern1ty/ros2_ws/install/ros2_color_detection/share/ros2_color_detection/cmake/ros2_color_detectionConfig-version.cmake
[13.815s] -- Installing: /home/etern1ty/ros2_ws/install/ros2_color_detection/share/ros2_color_detection/package.xml
[13.817s] Invoked command in '/home/etern1ty/ros2_ws/build/ros2_color_detection' returned '0': CMAKE_PREFIX_PATH=/opt/ros/humble /usr/bin/cmake --install /home/etern1ty/ros2_ws/build/ros2_color_detection
