[0.032s] Invoking command in '/home/etern1ty/ros2_ws/matlab/custom/matlab_msg_gen/glnxa64/build/interfaces': PS1=(venv) VIRTUAL_ENV_PROMPT=(venv) /usr/local/MATLAB/R2023b/bin/glnxa64/cmake/bin/cmake /home/etern1ty/ros2_ws/matlab/custom/matlab_msg_gen/glnxa64/src/interfaces -DCMAKE_BUILD_TYPE=Release -DCMAKE_SHARED_LINKER_FLAGS=-Wl,-no-as-needed -DBUILD_TESTING=OFF -DALIAS_ROS2_TF2=1 -DCMAKE_CXX_FLAGS_RELEASE=-O0 -G Ninja -DCMAKE_INSTALL_PREFIX=/home/etern1ty/ros2_ws/matlab/custom/matlab_msg_gen/glnxa64/install
[0.158s] -- The C compiler identification is GNU 11.4.0
[0.266s] -- The CXX compiler identification is GNU 11.4.0
[0.284s] -- Detecting C compiler ABI info
[0.353s] -- Detecting C compiler ABI info - done
[0.362s] -- Check for working C compiler: /usr/bin/cc - skipped
[0.362s] -- Detecting C compile features
[0.362s] -- Detecting C compile features - done
[0.366s] -- Detecting CXX compiler ABI info
[0.441s] -- Detecting CXX compiler ABI info - done
[0.449s] -- Check for working CXX compiler: /usr/bin/c++ - skipped
[0.450s] -- Detecting CXX compile features
[0.450s] -- Detecting CXX compile features - done
[0.465s] -- Found ament_cmake: 1.3.3 (/usr/local/MATLAB/R2023b/sys/ros2/glnxa64/ros2/share/ament_cmake/cmake)
[1.285s] -- Found Python3: /home/etern1ty/.matlab/R2023b/ros2/glnxa64/venv/bin/python3.10 (found version "3.10.12") found components: Interpreter 
[1.373s] -- Found ament_cmake_ros: 0.10.0 (/usr/local/MATLAB/R2023b/sys/ros2/glnxa64/ros2/share/ament_cmake_ros/cmake)
[1.384s] -- Found rosidl_typesupport_c: 2.0.0 (/usr/local/MATLAB/R2023b/sys/ros2/glnxa64/ros2/share/rosidl_typesupport_c/cmake)
[1.384s] -- Using all available rosidl_typesupport_c: rosidl_typesupport_fastrtps_c;rosidl_typesupport_introspection_c
[1.395s] -- Found rosidl_adapter: 3.1.4 (/usr/local/MATLAB/R2023b/sys/ros2/glnxa64/ros2/share/rosidl_adapter/cmake)
[1.455s] -- Found rosidl_typesupport_cpp: 2.0.0 (/usr/local/MATLAB/R2023b/sys/ros2/glnxa64/ros2/share/rosidl_typesupport_cpp/cmake)
[1.456s] -- Using all available rosidl_typesupport_cpp: rosidl_typesupport_fastrtps_cpp;rosidl_typesupport_introspection_cpp
[1.499s] -- Found rosidl_default_generators: 1.2.0 (/usr/local/MATLAB/R2023b/sys/ros2/glnxa64/ros2/share/rosidl_default_generators/cmake)
[1.503s] -- Found class_loader: 2.2.0 (/usr/local/MATLAB/R2023b/sys/ros2/glnxa64/ros2/share/class_loader/cmake)
[1.513s] -- Found rclcpp: 16.0.3 (/usr/local/MATLAB/R2023b/sys/ros2/glnxa64/ros2/share/rclcpp/cmake)
[1.621s] -- Found rmw_implementation_cmake: 6.1.1 (/usr/local/MATLAB/R2023b/sys/ros2/glnxa64/ros2/share/rmw_implementation_cmake/cmake)
[1.624s] -- Found rmw_fastrtps_cpp: 6.2.2 (/usr/local/MATLAB/R2023b/sys/ros2/glnxa64/ros2/share/rmw_fastrtps_cpp/cmake)
[1.719s] -- Found FastRTPS: /usr/local/MATLAB/R2023b/sys/ros2/glnxa64/ros2/include  
[1.761s] -- Using RMW implementation 'rmw_fastrtps_cpp' as default
[1.772s] -- Performing Test CMAKE_HAVE_LIBC_PTHREAD
[1.854s] -- Performing Test CMAKE_HAVE_LIBC_PTHREAD - Success
[1.855s] -- Found Threads: TRUE  
[2.214s] -- Using all available rosidl_typesupport_c: rosidl_typesupport_fastrtps_c;rosidl_typesupport_introspection_c
[2.307s] -- Using all available rosidl_typesupport_cpp: rosidl_typesupport_fastrtps_cpp;rosidl_typesupport_introspection_cpp
[2.319s] -- Configuring done
[2.344s] -- Generating done
[2.355s] -- Build files have been written to: /home/etern1ty/ros2_ws/matlab/custom/matlab_msg_gen/glnxa64/build/interfaces
[2.366s] Invoked command in '/home/etern1ty/ros2_ws/matlab/custom/matlab_msg_gen/glnxa64/build/interfaces' returned '0': PS1=(venv) VIRTUAL_ENV_PROMPT=(venv) /usr/local/MATLAB/R2023b/bin/glnxa64/cmake/bin/cmake /home/etern1ty/ros2_ws/matlab/custom/matlab_msg_gen/glnxa64/src/interfaces -DCMAKE_BUILD_TYPE=Release -DCMAKE_SHARED_LINKER_FLAGS=-Wl,-no-as-needed -DBUILD_TESTING=OFF -DALIAS_ROS2_TF2=1 -DCMAKE_CXX_FLAGS_RELEASE=-O0 -G Ninja -DCMAKE_INSTALL_PREFIX=/home/etern1ty/ros2_ws/matlab/custom/matlab_msg_gen/glnxa64/install
[2.367s] Invoking command in '/home/etern1ty/ros2_ws/matlab/custom/matlab_msg_gen/glnxa64/build/interfaces': PS1=(venv) VIRTUAL_ENV_PROMPT=(venv) /usr/local/MATLAB/R2023b/bin/glnxa64/cmake/bin/cmake --build /home/etern1ty/ros2_ws/matlab/custom/matlab_msg_gen/glnxa64/build/interfaces -- -j12 -l12
[2.576s] [1/24] Generating C++ code for ROS interfaces
[2.579s] [2/24] Generating C code for ROS interfaces
[2.671s] [3/24] Building C object CMakeFiles/interfaces__rosidl_generator_c.dir/rosidl_generator_c/interfaces/msg/detail/detected__functions.c.o
[2.695s] [4/24] Linking C shared library libinterfaces__rosidl_generator_c.so
[2.768s] [5/24] Generating C++ type support dispatch for ROS interfaces
[2.774s] [6/24] Generating C++ introspection for ROS interfaces
[2.779s] [7/24] Generating C++ type support for eProsima Fast-RTPS
[2.890s] [8/24] Generating C type support dispatch for ROS interfaces
[2.909s] [9/24] Generating C introspection for ROS interfaces
[2.920s] [10/24] Building CXX object CMakeFiles/interfaces__rosidl_typesupport_c.dir/rosidl_typesupport_c/interfaces/msg/detected__type_support.cpp.o
[2.948s] [11/24] Building C object CMakeFiles/interfaces__rosidl_typesupport_introspection_c.dir/rosidl_typesupport_introspection_c/interfaces/msg/detail/detected__type_support.c.o
[2.967s] [12/24] Generating C type support for eProsima Fast-RTPS
[2.980s] [13/24] Linking C shared library libinterfaces__rosidl_typesupport_introspection_c.so
[3.037s] [14/24] Linking CXX shared library libinterfaces__rosidl_typesupport_c.so
[3.061s] [15/24] Building CXX object CMakeFiles/interfaces__rosidl_typesupport_cpp.dir/rosidl_typesupport_cpp/interfaces/msg/detected__type_support.cpp.o
[3.147s] [16/24] Linking CXX shared library libinterfaces__rosidl_typesupport_cpp.so
[3.152s] [17/24] Building CXX object CMakeFiles/interfaces__rosidl_typesupport_introspection_cpp.dir/rosidl_typesupport_introspection_cpp/interfaces/msg/detail/detected__type_support.cpp.o
[3.155s] [18/24] Building CXX object CMakeFiles/interfaces__rosidl_typesupport_fastrtps_cpp.dir/rosidl_typesupport_fastrtps_cpp/interfaces/msg/detail/dds_fastrtps/detected__type_support.cpp.o
[3.238s] [19/24] Linking CXX shared library libinterfaces__rosidl_typesupport_introspection_cpp.so
[3.241s] [20/24] Linking CXX shared library libinterfaces__rosidl_typesupport_fastrtps_cpp.so
[3.275s] [21/24] Building CXX object CMakeFiles/interfaces__rosidl_typesupport_fastrtps_c.dir/rosidl_typesupport_fastrtps_c/interfaces/msg/detail/detected__type_support_c.cpp.o
[3.349s] [22/24] Linking CXX shared library libinterfaces__rosidl_typesupport_fastrtps_c.so
[10.693s] [23/24] Building CXX object CMakeFiles/interfaces_matlab.dir/src/interfaces_Detected_message.cpp.o
[11.163s] [24/24] Linking CXX shared library libinterfaces_matlab.so
[11.164s] Invoked command in '/home/etern1ty/ros2_ws/matlab/custom/matlab_msg_gen/glnxa64/build/interfaces' returned '0': PS1=(venv) VIRTUAL_ENV_PROMPT=(venv) /usr/local/MATLAB/R2023b/bin/glnxa64/cmake/bin/cmake --build /home/etern1ty/ros2_ws/matlab/custom/matlab_msg_gen/glnxa64/build/interfaces -- -j12 -l12
[11.188s] Invoking command in '/home/etern1ty/ros2_ws/matlab/custom/matlab_msg_gen/glnxa64/build/interfaces': PS1=(venv) VIRTUAL_ENV_PROMPT=(venv) /usr/local/MATLAB/R2023b/bin/glnxa64/cmake/bin/cmake --install /home/etern1ty/ros2_ws/matlab/custom/matlab_msg_gen/glnxa64/build/interfaces
[11.191s] -- Install configuration: "Release"
[11.191s] -- Installing: /home/etern1ty/ros2_ws/matlab/custom/matlab_msg_gen/glnxa64/install/share/ament_index/resource_index/rosidl_interfaces/interfaces
[11.191s] -- Installing: /home/etern1ty/ros2_ws/matlab/custom/matlab_msg_gen/glnxa64/install/include/interfaces/interfaces
[11.192s] -- Installing: /home/etern1ty/ros2_ws/matlab/custom/matlab_msg_gen/glnxa64/install/include/interfaces/interfaces/msg
[11.192s] -- Installing: /home/etern1ty/ros2_ws/matlab/custom/matlab_msg_gen/glnxa64/install/include/interfaces/interfaces/msg/detected.h
[11.192s] -- Installing: /home/etern1ty/ros2_ws/matlab/custom/matlab_msg_gen/glnxa64/install/include/interfaces/interfaces/msg/detail
[11.192s] -- Installing: /home/etern1ty/ros2_ws/matlab/custom/matlab_msg_gen/glnxa64/install/include/interfaces/interfaces/msg/detail/detected__functions.c
[11.192s] -- Installing: /home/etern1ty/ros2_ws/matlab/custom/matlab_msg_gen/glnxa64/install/include/interfaces/interfaces/msg/detail/detected__functions.h
[11.193s] -- Installing: /home/etern1ty/ros2_ws/matlab/custom/matlab_msg_gen/glnxa64/install/include/interfaces/interfaces/msg/detail/detected__struct.h
[11.193s] -- Installing: /home/etern1ty/ros2_ws/matlab/custom/matlab_msg_gen/glnxa64/install/include/interfaces/interfaces/msg/detail/detected__type_support.h
[11.193s] -- Installing: /home/etern1ty/ros2_ws/matlab/custom/matlab_msg_gen/glnxa64/install/include/interfaces/interfaces/msg/rosidl_generator_c__visibility_control.h
[11.193s] -- Installing: /home/etern1ty/ros2_ws/matlab/custom/matlab_msg_gen/glnxa64/install/share/interfaces/environment/library_path.sh
[11.193s] -- Installing: /home/etern1ty/ros2_ws/matlab/custom/matlab_msg_gen/glnxa64/install/share/interfaces/environment/library_path.dsv
[11.193s] -- Installing: /home/etern1ty/ros2_ws/matlab/custom/matlab_msg_gen/glnxa64/install/lib/libinterfaces__rosidl_generator_c.so
[11.193s] -- Up-to-date: /home/etern1ty/ros2_ws/matlab/custom/matlab_msg_gen/glnxa64/install/include/interfaces/interfaces
[11.193s] -- Up-to-date: /home/etern1ty/ros2_ws/matlab/custom/matlab_msg_gen/glnxa64/install/include/interfaces/interfaces/msg
[11.193s] -- Installing: /home/etern1ty/ros2_ws/matlab/custom/matlab_msg_gen/glnxa64/install/include/interfaces/interfaces/msg/rosidl_typesupport_fastrtps_c__visibility_control.h
[11.194s] -- Up-to-date: /home/etern1ty/ros2_ws/matlab/custom/matlab_msg_gen/glnxa64/install/include/interfaces/interfaces/msg/detail
[11.194s] -- Installing: /home/etern1ty/ros2_ws/matlab/custom/matlab_msg_gen/glnxa64/install/include/interfaces/interfaces/msg/detail/detected__rosidl_typesupport_fastrtps_c.h
[11.194s] -- Installing: /home/etern1ty/ros2_ws/matlab/custom/matlab_msg_gen/glnxa64/install/lib/libinterfaces__rosidl_typesupport_fastrtps_c.so
[11.194s] -- Up-to-date: /home/etern1ty/ros2_ws/matlab/custom/matlab_msg_gen/glnxa64/install/include/interfaces/interfaces
[11.194s] -- Up-to-date: /home/etern1ty/ros2_ws/matlab/custom/matlab_msg_gen/glnxa64/install/include/interfaces/interfaces/msg
[11.194s] -- Up-to-date: /home/etern1ty/ros2_ws/matlab/custom/matlab_msg_gen/glnxa64/install/include/interfaces/interfaces/msg/detail
[11.194s] -- Installing: /home/etern1ty/ros2_ws/matlab/custom/matlab_msg_gen/glnxa64/install/include/interfaces/interfaces/msg/detail/detected__type_support.c
[11.194s] -- Installing: /home/etern1ty/ros2_ws/matlab/custom/matlab_msg_gen/glnxa64/install/include/interfaces/interfaces/msg/detail/detected__rosidl_typesupport_introspection_c.h
[11.194s] -- Installing: /home/etern1ty/ros2_ws/matlab/custom/matlab_msg_gen/glnxa64/install/include/interfaces/interfaces/msg/rosidl_typesupport_introspection_c__visibility_control.h
[11.194s] -- Installing: /home/etern1ty/ros2_ws/matlab/custom/matlab_msg_gen/glnxa64/install/lib/libinterfaces__rosidl_typesupport_introspection_c.so
[11.194s] -- Installing: /home/etern1ty/ros2_ws/matlab/custom/matlab_msg_gen/glnxa64/install/lib/libinterfaces__rosidl_typesupport_c.so
[11.194s] -- Up-to-date: /home/etern1ty/ros2_ws/matlab/custom/matlab_msg_gen/glnxa64/install/include/interfaces/interfaces
[11.194s] -- Up-to-date: /home/etern1ty/ros2_ws/matlab/custom/matlab_msg_gen/glnxa64/install/include/interfaces/interfaces/msg
[11.194s] -- Installing: /home/etern1ty/ros2_ws/matlab/custom/matlab_msg_gen/glnxa64/install/include/interfaces/interfaces/msg/detected.hpp
[11.195s] -- Up-to-date: /home/etern1ty/ros2_ws/matlab/custom/matlab_msg_gen/glnxa64/install/include/interfaces/interfaces/msg/detail
[11.195s] -- Installing: /home/etern1ty/ros2_ws/matlab/custom/matlab_msg_gen/glnxa64/install/include/interfaces/interfaces/msg/detail/detected__struct.hpp
[11.195s] -- Installing: /home/etern1ty/ros2_ws/matlab/custom/matlab_msg_gen/glnxa64/install/include/interfaces/interfaces/msg/detail/detected__traits.hpp
[11.195s] -- Installing: /home/etern1ty/ros2_ws/matlab/custom/matlab_msg_gen/glnxa64/install/include/interfaces/interfaces/msg/detail/detected__builder.hpp
[11.195s] -- Up-to-date: /home/etern1ty/ros2_ws/matlab/custom/matlab_msg_gen/glnxa64/install/include/interfaces/interfaces
[11.195s] -- Up-to-date: /home/etern1ty/ros2_ws/matlab/custom/matlab_msg_gen/glnxa64/install/include/interfaces/interfaces/msg
[11.195s] -- Up-to-date: /home/etern1ty/ros2_ws/matlab/custom/matlab_msg_gen/glnxa64/install/include/interfaces/interfaces/msg/detail
[11.195s] -- Installing: /home/etern1ty/ros2_ws/matlab/custom/matlab_msg_gen/glnxa64/install/include/interfaces/interfaces/msg/detail/dds_fastrtps
[11.195s] -- Installing: /home/etern1ty/ros2_ws/matlab/custom/matlab_msg_gen/glnxa64/install/include/interfaces/interfaces/msg/detail/detected__rosidl_typesupport_fastrtps_cpp.hpp
[11.195s] -- Installing: /home/etern1ty/ros2_ws/matlab/custom/matlab_msg_gen/glnxa64/install/include/interfaces/interfaces/msg/rosidl_typesupport_fastrtps_cpp__visibility_control.h
[11.195s] -- Installing: /home/etern1ty/ros2_ws/matlab/custom/matlab_msg_gen/glnxa64/install/lib/libinterfaces__rosidl_typesupport_fastrtps_cpp.so
[11.195s] -- Up-to-date: /home/etern1ty/ros2_ws/matlab/custom/matlab_msg_gen/glnxa64/install/include/interfaces/interfaces
[11.195s] -- Up-to-date: /home/etern1ty/ros2_ws/matlab/custom/matlab_msg_gen/glnxa64/install/include/interfaces/interfaces/msg
[11.195s] -- Up-to-date: /home/etern1ty/ros2_ws/matlab/custom/matlab_msg_gen/glnxa64/install/include/interfaces/interfaces/msg/detail
[11.195s] -- Installing: /home/etern1ty/ros2_ws/matlab/custom/matlab_msg_gen/glnxa64/install/include/interfaces/interfaces/msg/detail/detected__type_support.cpp
[11.196s] -- Installing: /home/etern1ty/ros2_ws/matlab/custom/matlab_msg_gen/glnxa64/install/include/interfaces/interfaces/msg/detail/detected__rosidl_typesupport_introspection_cpp.hpp
[11.196s] -- Installing: /home/etern1ty/ros2_ws/matlab/custom/matlab_msg_gen/glnxa64/install/lib/libinterfaces__rosidl_typesupport_introspection_cpp.so
[11.196s] -- Installing: /home/etern1ty/ros2_ws/matlab/custom/matlab_msg_gen/glnxa64/install/lib/libinterfaces__rosidl_typesupport_cpp.so
[11.196s] -- Installing: /home/etern1ty/ros2_ws/matlab/custom/matlab_msg_gen/glnxa64/install/share/interfaces/msg/Detected.idl
[11.196s] -- Installing: /home/etern1ty/ros2_ws/matlab/custom/matlab_msg_gen/glnxa64/install/share/interfaces/msg/Detected.msg
[11.196s] -- Up-to-date: /home/etern1ty/ros2_ws/matlab/custom/matlab_msg_gen/glnxa64/install/include
[11.196s] -- Up-to-date: /home/etern1ty/ros2_ws/matlab/custom/matlab_msg_gen/glnxa64/install/include/interfaces
[11.196s] -- Installing: /home/etern1ty/ros2_ws/matlab/custom/matlab_msg_gen/glnxa64/install/include/interfaces/visibility_control.h
[11.196s] -- Installing: /home/etern1ty/ros2_ws/matlab/custom/matlab_msg_gen/glnxa64/install/lib/libinterfaces_matlab.so
[11.205s] -- Installing: /home/etern1ty/ros2_ws/matlab/custom/matlab_msg_gen/glnxa64/install/m/
[11.206s] -- Installing: /home/etern1ty/ros2_ws/matlab/custom/matlab_msg_gen/glnxa64/install/m//+ros
[11.206s] -- Installing: /home/etern1ty/ros2_ws/matlab/custom/matlab_msg_gen/glnxa64/install/m//+ros/+internal
[11.206s] -- Installing: /home/etern1ty/ros2_ws/matlab/custom/matlab_msg_gen/glnxa64/install/m//+ros/+internal/+ros2
[11.206s] -- Installing: /home/etern1ty/ros2_ws/matlab/custom/matlab_msg_gen/glnxa64/install/m//+ros/+internal/+ros2/+custommessages
[11.206s] -- Installing: /home/etern1ty/ros2_ws/matlab/custom/matlab_msg_gen/glnxa64/install/m//+ros/+internal/+ros2/+custommessages/+interfaces
[11.206s] -- Installing: /home/etern1ty/ros2_ws/matlab/custom/matlab_msg_gen/glnxa64/install/m//+ros/+internal/+ros2/+custommessages/+interfaces/interfaces_msg_Detected_1To2_Converter.m
[11.207s] -- Installing: /home/etern1ty/ros2_ws/matlab/custom/matlab_msg_gen/glnxa64/install/m//+ros/+internal/+ros2/+custommessages/+interfaces/detected.m
[11.207s] -- Installing: /home/etern1ty/ros2_ws/matlab/custom/matlab_msg_gen/glnxa64/install/m//+ros/+internal/+ros2/+custommessages/+interfaces/interfaces_msg_Detected_2To1_Converter.m
[11.207s] -- Installing: /home/etern1ty/ros2_ws/matlab/custom/matlab_msg_gen/glnxa64/install/share/ament_index/resource_index/package_run_dependencies/interfaces
[11.207s] -- Installing: /home/etern1ty/ros2_ws/matlab/custom/matlab_msg_gen/glnxa64/install/share/ament_index/resource_index/parent_prefix_path/interfaces
[11.207s] -- Installing: /home/etern1ty/ros2_ws/matlab/custom/matlab_msg_gen/glnxa64/install/share/interfaces/environment/ament_prefix_path.sh
[11.207s] -- Installing: /home/etern1ty/ros2_ws/matlab/custom/matlab_msg_gen/glnxa64/install/share/interfaces/environment/ament_prefix_path.dsv
[11.207s] -- Installing: /home/etern1ty/ros2_ws/matlab/custom/matlab_msg_gen/glnxa64/install/share/interfaces/environment/path.sh
[11.207s] -- Installing: /home/etern1ty/ros2_ws/matlab/custom/matlab_msg_gen/glnxa64/install/share/interfaces/environment/path.dsv
[11.207s] -- Installing: /home/etern1ty/ros2_ws/matlab/custom/matlab_msg_gen/glnxa64/install/share/interfaces/local_setup.bash
[11.207s] -- Installing: /home/etern1ty/ros2_ws/matlab/custom/matlab_msg_gen/glnxa64/install/share/interfaces/local_setup.sh
[11.208s] -- Installing: /home/etern1ty/ros2_ws/matlab/custom/matlab_msg_gen/glnxa64/install/share/interfaces/local_setup.zsh
[11.208s] -- Installing: /home/etern1ty/ros2_ws/matlab/custom/matlab_msg_gen/glnxa64/install/share/interfaces/local_setup.dsv
[11.208s] -- Installing: /home/etern1ty/ros2_ws/matlab/custom/matlab_msg_gen/glnxa64/install/share/interfaces/package.dsv
[11.208s] -- Installing: /home/etern1ty/ros2_ws/matlab/custom/matlab_msg_gen/glnxa64/install/share/ament_index/resource_index/packages/interfaces
[11.208s] -- Installing: /home/etern1ty/ros2_ws/matlab/custom/matlab_msg_gen/glnxa64/install/share/interfaces/cmake/export_interfaces__rosidl_generator_cExport.cmake
[11.208s] -- Installing: /home/etern1ty/ros2_ws/matlab/custom/matlab_msg_gen/glnxa64/install/share/interfaces/cmake/export_interfaces__rosidl_generator_cExport-release.cmake
[11.208s] -- Installing: /home/etern1ty/ros2_ws/matlab/custom/matlab_msg_gen/glnxa64/install/share/interfaces/cmake/export_interfaces__rosidl_typesupport_fastrtps_cExport.cmake
[11.208s] -- Installing: /home/etern1ty/ros2_ws/matlab/custom/matlab_msg_gen/glnxa64/install/share/interfaces/cmake/export_interfaces__rosidl_typesupport_fastrtps_cExport-release.cmake
[11.208s] -- Installing: /home/etern1ty/ros2_ws/matlab/custom/matlab_msg_gen/glnxa64/install/share/interfaces/cmake/interfaces__rosidl_typesupport_introspection_cExport.cmake
[11.208s] -- Installing: /home/etern1ty/ros2_ws/matlab/custom/matlab_msg_gen/glnxa64/install/share/interfaces/cmake/interfaces__rosidl_typesupport_introspection_cExport-release.cmake
[11.208s] -- Installing: /home/etern1ty/ros2_ws/matlab/custom/matlab_msg_gen/glnxa64/install/share/interfaces/cmake/interfaces__rosidl_typesupport_cExport.cmake
[11.208s] -- Installing: /home/etern1ty/ros2_ws/matlab/custom/matlab_msg_gen/glnxa64/install/share/interfaces/cmake/interfaces__rosidl_typesupport_cExport-release.cmake
[11.209s] -- Installing: /home/etern1ty/ros2_ws/matlab/custom/matlab_msg_gen/glnxa64/install/share/interfaces/cmake/export_interfaces__rosidl_generator_cppExport.cmake
[11.209s] -- Installing: /home/etern1ty/ros2_ws/matlab/custom/matlab_msg_gen/glnxa64/install/share/interfaces/cmake/export_interfaces__rosidl_typesupport_fastrtps_cppExport.cmake
[11.209s] -- Installing: /home/etern1ty/ros2_ws/matlab/custom/matlab_msg_gen/glnxa64/install/share/interfaces/cmake/export_interfaces__rosidl_typesupport_fastrtps_cppExport-release.cmake
[11.209s] -- Installing: /home/etern1ty/ros2_ws/matlab/custom/matlab_msg_gen/glnxa64/install/share/interfaces/cmake/interfaces__rosidl_typesupport_introspection_cppExport.cmake
[11.209s] -- Installing: /home/etern1ty/ros2_ws/matlab/custom/matlab_msg_gen/glnxa64/install/share/interfaces/cmake/interfaces__rosidl_typesupport_introspection_cppExport-release.cmake
[11.209s] -- Installing: /home/etern1ty/ros2_ws/matlab/custom/matlab_msg_gen/glnxa64/install/share/interfaces/cmake/interfaces__rosidl_typesupport_cppExport.cmake
[11.209s] -- Installing: /home/etern1ty/ros2_ws/matlab/custom/matlab_msg_gen/glnxa64/install/share/interfaces/cmake/interfaces__rosidl_typesupport_cppExport-release.cmake
[11.209s] -- Installing: /home/etern1ty/ros2_ws/matlab/custom/matlab_msg_gen/glnxa64/install/share/interfaces/cmake/rosidl_cmake-extras.cmake
[11.210s] -- Installing: /home/etern1ty/ros2_ws/matlab/custom/matlab_msg_gen/glnxa64/install/share/interfaces/cmake/ament_cmake_export_include_directories-extras.cmake
[11.210s] -- Installing: /home/etern1ty/ros2_ws/matlab/custom/matlab_msg_gen/glnxa64/install/share/interfaces/cmake/ament_cmake_export_libraries-extras.cmake
[11.210s] -- Installing: /home/etern1ty/ros2_ws/matlab/custom/matlab_msg_gen/glnxa64/install/share/interfaces/cmake/ament_cmake_export_targets-extras.cmake
[11.210s] -- Installing: /home/etern1ty/ros2_ws/matlab/custom/matlab_msg_gen/glnxa64/install/share/interfaces/cmake/rosidl_cmake_export_typesupport_targets-extras.cmake
[11.210s] -- Installing: /home/etern1ty/ros2_ws/matlab/custom/matlab_msg_gen/glnxa64/install/share/interfaces/cmake/ament_cmake_export_dependencies-extras.cmake
[11.210s] -- Installing: /home/etern1ty/ros2_ws/matlab/custom/matlab_msg_gen/glnxa64/install/share/interfaces/cmake/rosidl_cmake_export_typesupport_libraries-extras.cmake
[11.210s] -- Installing: /home/etern1ty/ros2_ws/matlab/custom/matlab_msg_gen/glnxa64/install/share/interfaces/cmake/interfacesConfig.cmake
[11.210s] -- Installing: /home/etern1ty/ros2_ws/matlab/custom/matlab_msg_gen/glnxa64/install/share/interfaces/cmake/interfacesConfig-version.cmake
[11.210s] -- Installing: /home/etern1ty/ros2_ws/matlab/custom/matlab_msg_gen/glnxa64/install/share/interfaces/package.xml
[11.212s] Invoked command in '/home/etern1ty/ros2_ws/matlab/custom/matlab_msg_gen/glnxa64/build/interfaces' returned '0': PS1=(venv) VIRTUAL_ENV_PROMPT=(venv) /usr/local/MATLAB/R2023b/bin/glnxa64/cmake/bin/cmake --install /home/etern1ty/ros2_ws/matlab/custom/matlab_msg_gen/glnxa64/build/interfaces
