[0.140s] Invoking command in '/home/etern1ty/ros2_ws/build/obj_msg': CMAKE_PREFIX_PATH=${CMAKE_PREFIX_PATH}:/home/etern1ty/ros2_ws/install/launch_testing_examples:/home/etern1ty/ros2_ws/install/examples_rclpy_pointcloud_publisher:/home/etern1ty/ros2_ws/install/examples_rclpy_minimal_subscriber:/home/etern1ty/ros2_ws/install/examples_rclpy_minimal_service:/home/etern1ty/ros2_ws/install/examples_rclpy_minimal_publisher:/home/etern1ty/ros2_ws/install/examples_rclpy_minimal_client:/home/etern1ty/ros2_ws/install/examples_rclpy_minimal_action_server:/home/etern1ty/ros2_ws/install/examples_rclpy_minimal_action_client:/home/etern1ty/ros2_ws/install/examples_rclpy_guard_conditions:/home/etern1ty/ros2_ws/install/examples_rclpy_executors:/opt/ros/humble /usr/bin/cmake --build /home/etern1ty/ros2_ws/build/obj_msg -- -j12 -l12
[0.229s] [35m[1mConsolidate compiler generated dependencies of target obj_msg__rosidl_generator_c[0m
[0.243s] [  2%] Built target obj_msg__cpp
[0.248s] [ 12%] Built target obj_msg__rosidl_generator_c
[0.261s] [ 12%] Built target ament_cmake_python_copy_obj_msg
[0.263s] [35m[1mConsolidate compiler generated dependencies of target obj_msg__rosidl_typesupport_cpp[0m
[0.264s] [35m[1mConsolidate compiler generated dependencies of target obj_msg__rosidl_typesupport_fastrtps_cpp[0m
[0.265s] [35m[1mConsolidate compiler generated dependencies of target obj_msg__rosidl_typesupport_introspection_cpp[0m
[0.273s] [35m[1mConsolidate compiler generated dependencies of target obj_msg__rosidl_typesupport_c[0m
[0.276s] [35m[1mConsolidate compiler generated dependencies of target obj_msg__rosidl_typesupport_introspection_c[0m
[0.279s] [35m[1mConsolidate compiler generated dependencies of target obj_msg__rosidl_typesupport_fastrtps_c[0m
[0.296s] [ 33%] Built target obj_msg__rosidl_typesupport_cpp
[0.296s] [ 33%] Built target obj_msg__rosidl_typesupport_fastrtps_cpp
[0.300s] [ 43%] Built target obj_msg__rosidl_typesupport_introspection_cpp
[0.302s] [ 53%] Built target obj_msg__rosidl_typesupport_introspection_c
[0.305s] [ 64%] Built target obj_msg__rosidl_typesupport_c
[0.308s] [ 74%] Built target obj_msg__rosidl_typesupport_fastrtps_c
[0.340s] [ 74%] Built target obj_msg
[0.376s] [ 76%] Built target obj_msg__py
[0.398s] [35m[1mConsolidate compiler generated dependencies of target obj_msg__rosidl_generator_py[0m
[0.421s] [ 84%] Built target obj_msg__rosidl_generator_py
[0.442s] [35m[1mConsolidate compiler generated dependencies of target obj_msg__rosidl_typesupport_fastrtps_c__pyext[0m
[0.442s] [35m[1mConsolidate compiler generated dependencies of target obj_msg__rosidl_typesupport_introspection_c__pyext[0m
[0.445s] [35m[1mConsolidate compiler generated dependencies of target obj_msg__rosidl_typesupport_c__pyext[0m
[0.466s] [ 89%] Built target obj_msg__rosidl_typesupport_introspection_c__pyext
[0.467s] [ 94%] Built target obj_msg__rosidl_typesupport_fastrtps_c__pyext
[0.469s] [100%] Built target obj_msg__rosidl_typesupport_c__pyext
[0.605s] running egg_info
[0.606s] writing obj_msg.egg-info/PKG-INFO
[0.606s] writing dependency_links to obj_msg.egg-info/dependency_links.txt
[0.606s] writing top-level names to obj_msg.egg-info/top_level.txt
[0.609s] reading manifest file 'obj_msg.egg-info/SOURCES.txt'
[0.610s] writing manifest file 'obj_msg.egg-info/SOURCES.txt'
[0.669s] [100%] Built target ament_cmake_python_build_obj_msg_egg
[0.686s] Invoked command in '/home/etern1ty/ros2_ws/build/obj_msg' returned '0': CMAKE_PREFIX_PATH=${CMAKE_PREFIX_PATH}:/home/etern1ty/ros2_ws/install/launch_testing_examples:/home/etern1ty/ros2_ws/install/examples_rclpy_pointcloud_publisher:/home/etern1ty/ros2_ws/install/examples_rclpy_minimal_subscriber:/home/etern1ty/ros2_ws/install/examples_rclpy_minimal_service:/home/etern1ty/ros2_ws/install/examples_rclpy_minimal_publisher:/home/etern1ty/ros2_ws/install/examples_rclpy_minimal_client:/home/etern1ty/ros2_ws/install/examples_rclpy_minimal_action_server:/home/etern1ty/ros2_ws/install/examples_rclpy_minimal_action_client:/home/etern1ty/ros2_ws/install/examples_rclpy_guard_conditions:/home/etern1ty/ros2_ws/install/examples_rclpy_executors:/opt/ros/humble /usr/bin/cmake --build /home/etern1ty/ros2_ws/build/obj_msg -- -j12 -l12
[0.825s] Invoking command in '/home/etern1ty/ros2_ws/build/obj_msg': CMAKE_PREFIX_PATH=${CMAKE_PREFIX_PATH}:/home/etern1ty/ros2_ws/install/launch_testing_examples:/home/etern1ty/ros2_ws/install/examples_rclpy_pointcloud_publisher:/home/etern1ty/ros2_ws/install/examples_rclpy_minimal_subscriber:/home/etern1ty/ros2_ws/install/examples_rclpy_minimal_service:/home/etern1ty/ros2_ws/install/examples_rclpy_minimal_publisher:/home/etern1ty/ros2_ws/install/examples_rclpy_minimal_client:/home/etern1ty/ros2_ws/install/examples_rclpy_minimal_action_server:/home/etern1ty/ros2_ws/install/examples_rclpy_minimal_action_client:/home/etern1ty/ros2_ws/install/examples_rclpy_guard_conditions:/home/etern1ty/ros2_ws/install/examples_rclpy_executors:/opt/ros/humble /usr/bin/cmake --install /home/etern1ty/ros2_ws/build/obj_msg
[0.845s] -- Install configuration: ""
[0.845s] -- Up-to-date: /home/etern1ty/ros2_ws/install/obj_msg/share/ament_index/resource_index/rosidl_interfaces/obj_msg
[0.845s] -- Up-to-date: /home/etern1ty/ros2_ws/install/obj_msg/include/obj_msg/obj_msg
[0.846s] -- Up-to-date: /home/etern1ty/ros2_ws/install/obj_msg/include/obj_msg/obj_msg/msg
[0.847s] -- Up-to-date: /home/etern1ty/ros2_ws/install/obj_msg/include/obj_msg/obj_msg/msg/detected.h
[0.847s] -- Up-to-date: /home/etern1ty/ros2_ws/install/obj_msg/include/obj_msg/obj_msg/msg/detail
[0.847s] -- Up-to-date: /home/etern1ty/ros2_ws/install/obj_msg/include/obj_msg/obj_msg/msg/detail/detected__functions.c
[0.847s] -- Up-to-date: /home/etern1ty/ros2_ws/install/obj_msg/include/obj_msg/obj_msg/msg/detail/motion__type_support.h
[0.847s] -- Up-to-date: /home/etern1ty/ros2_ws/install/obj_msg/include/obj_msg/obj_msg/msg/detail/motion__struct.h
[0.847s] -- Up-to-date: /home/etern1ty/ros2_ws/install/obj_msg/include/obj_msg/obj_msg/msg/detail/detected__functions.h
[0.847s] -- Up-to-date: /home/etern1ty/ros2_ws/install/obj_msg/include/obj_msg/obj_msg/msg/detail/detected__struct.h
[0.847s] -- Up-to-date: /home/etern1ty/ros2_ws/install/obj_msg/include/obj_msg/obj_msg/msg/detail/motion__functions.h
[0.847s] -- Up-to-date: /home/etern1ty/ros2_ws/install/obj_msg/include/obj_msg/obj_msg/msg/detail/detected__type_support.h
[0.848s] -- Up-to-date: /home/etern1ty/ros2_ws/install/obj_msg/include/obj_msg/obj_msg/msg/detail/motion__functions.c
[0.848s] -- Up-to-date: /home/etern1ty/ros2_ws/install/obj_msg/include/obj_msg/obj_msg/msg/motion.h
[0.848s] -- Up-to-date: /home/etern1ty/ros2_ws/install/obj_msg/include/obj_msg/obj_msg/msg/rosidl_generator_c__visibility_control.h
[0.848s] -- Up-to-date: /home/etern1ty/ros2_ws/install/obj_msg/share/obj_msg/environment/library_path.sh
[0.848s] -- Up-to-date: /home/etern1ty/ros2_ws/install/obj_msg/share/obj_msg/environment/library_path.dsv
[0.848s] -- Up-to-date: /home/etern1ty/ros2_ws/install/obj_msg/lib/libobj_msg__rosidl_generator_c.so
[0.849s] -- Up-to-date: /home/etern1ty/ros2_ws/install/obj_msg/include/obj_msg/obj_msg
[0.849s] -- Up-to-date: /home/etern1ty/ros2_ws/install/obj_msg/include/obj_msg/obj_msg/msg
[0.849s] -- Up-to-date: /home/etern1ty/ros2_ws/install/obj_msg/include/obj_msg/obj_msg/msg/rosidl_typesupport_fastrtps_c__visibility_control.h
[0.849s] -- Up-to-date: /home/etern1ty/ros2_ws/install/obj_msg/include/obj_msg/obj_msg/msg/detail
[0.849s] -- Up-to-date: /home/etern1ty/ros2_ws/install/obj_msg/include/obj_msg/obj_msg/msg/detail/motion__rosidl_typesupport_fastrtps_c.h
[0.849s] -- Up-to-date: /home/etern1ty/ros2_ws/install/obj_msg/include/obj_msg/obj_msg/msg/detail/detected__rosidl_typesupport_fastrtps_c.h
[0.850s] -- Up-to-date: /home/etern1ty/ros2_ws/install/obj_msg/lib/libobj_msg__rosidl_typesupport_fastrtps_c.so
[0.850s] -- Up-to-date: /home/etern1ty/ros2_ws/install/obj_msg/include/obj_msg/obj_msg
[0.850s] -- Up-to-date: /home/etern1ty/ros2_ws/install/obj_msg/include/obj_msg/obj_msg/msg
[0.851s] -- Up-to-date: /home/etern1ty/ros2_ws/install/obj_msg/include/obj_msg/obj_msg/msg/detail
[0.851s] -- Up-to-date: /home/etern1ty/ros2_ws/install/obj_msg/include/obj_msg/obj_msg/msg/detail/detected__type_support.c
[0.851s] -- Up-to-date: /home/etern1ty/ros2_ws/install/obj_msg/include/obj_msg/obj_msg/msg/detail/motion__rosidl_typesupport_introspection_c.h
[0.851s] -- Up-to-date: /home/etern1ty/ros2_ws/install/obj_msg/include/obj_msg/obj_msg/msg/detail/detected__rosidl_typesupport_introspection_c.h
[0.851s] -- Up-to-date: /home/etern1ty/ros2_ws/install/obj_msg/include/obj_msg/obj_msg/msg/detail/motion__type_support.c
[0.851s] -- Up-to-date: /home/etern1ty/ros2_ws/install/obj_msg/include/obj_msg/obj_msg/msg/rosidl_typesupport_introspection_c__visibility_control.h
[0.851s] -- Up-to-date: /home/etern1ty/ros2_ws/install/obj_msg/lib/libobj_msg__rosidl_typesupport_introspection_c.so
[0.854s] -- Up-to-date: /home/etern1ty/ros2_ws/install/obj_msg/lib/libobj_msg__rosidl_typesupport_c.so
[0.854s] -- Up-to-date: /home/etern1ty/ros2_ws/install/obj_msg/include/obj_msg/obj_msg
[0.854s] -- Up-to-date: /home/etern1ty/ros2_ws/install/obj_msg/include/obj_msg/obj_msg/msg
[0.854s] -- Up-to-date: /home/etern1ty/ros2_ws/install/obj_msg/include/obj_msg/obj_msg/msg/detected.hpp
[0.854s] -- Up-to-date: /home/etern1ty/ros2_ws/install/obj_msg/include/obj_msg/obj_msg/msg/detail
[0.854s] -- Up-to-date: /home/etern1ty/ros2_ws/install/obj_msg/include/obj_msg/obj_msg/msg/detail/motion__builder.hpp
[0.854s] -- Up-to-date: /home/etern1ty/ros2_ws/install/obj_msg/include/obj_msg/obj_msg/msg/detail/detected__struct.hpp
[0.854s] -- Up-to-date: /home/etern1ty/ros2_ws/install/obj_msg/include/obj_msg/obj_msg/msg/detail/detected__traits.hpp
[0.854s] -- Up-to-date: /home/etern1ty/ros2_ws/install/obj_msg/include/obj_msg/obj_msg/msg/detail/motion__struct.hpp
[0.855s] -- Up-to-date: /home/etern1ty/ros2_ws/install/obj_msg/include/obj_msg/obj_msg/msg/detail/motion__traits.hpp
[0.855s] -- Up-to-date: /home/etern1ty/ros2_ws/install/obj_msg/include/obj_msg/obj_msg/msg/detail/detected__builder.hpp
[0.855s] -- Up-to-date: /home/etern1ty/ros2_ws/install/obj_msg/include/obj_msg/obj_msg/msg/motion.hpp
[0.856s] -- Up-to-date: /home/etern1ty/ros2_ws/install/obj_msg/include/obj_msg/obj_msg
[0.856s] -- Up-to-date: /home/etern1ty/ros2_ws/install/obj_msg/include/obj_msg/obj_msg/msg
[0.856s] -- Up-to-date: /home/etern1ty/ros2_ws/install/obj_msg/include/obj_msg/obj_msg/msg/detail
[0.856s] -- Up-to-date: /home/etern1ty/ros2_ws/install/obj_msg/include/obj_msg/obj_msg/msg/detail/dds_fastrtps
[0.856s] -- Up-to-date: /home/etern1ty/ros2_ws/install/obj_msg/include/obj_msg/obj_msg/msg/detail/detected__rosidl_typesupport_fastrtps_cpp.hpp
[0.856s] -- Up-to-date: /home/etern1ty/ros2_ws/install/obj_msg/include/obj_msg/obj_msg/msg/detail/motion__rosidl_typesupport_fastrtps_cpp.hpp
[0.856s] -- Up-to-date: /home/etern1ty/ros2_ws/install/obj_msg/include/obj_msg/obj_msg/msg/rosidl_typesupport_fastrtps_cpp__visibility_control.h
[0.856s] -- Up-to-date: /home/etern1ty/ros2_ws/install/obj_msg/lib/libobj_msg__rosidl_typesupport_fastrtps_cpp.so
[0.856s] -- Up-to-date: /home/etern1ty/ros2_ws/install/obj_msg/include/obj_msg/obj_msg
[0.856s] -- Up-to-date: /home/etern1ty/ros2_ws/install/obj_msg/include/obj_msg/obj_msg/msg
[0.856s] -- Up-to-date: /home/etern1ty/ros2_ws/install/obj_msg/include/obj_msg/obj_msg/msg/detail
[0.856s] -- Up-to-date: /home/etern1ty/ros2_ws/install/obj_msg/include/obj_msg/obj_msg/msg/detail/detected__type_support.cpp
[0.856s] -- Up-to-date: /home/etern1ty/ros2_ws/install/obj_msg/include/obj_msg/obj_msg/msg/detail/motion__type_support.cpp
[0.856s] -- Up-to-date: /home/etern1ty/ros2_ws/install/obj_msg/include/obj_msg/obj_msg/msg/detail/motion__rosidl_typesupport_introspection_cpp.hpp
[0.857s] -- Up-to-date: /home/etern1ty/ros2_ws/install/obj_msg/include/obj_msg/obj_msg/msg/detail/detected__rosidl_typesupport_introspection_cpp.hpp
[0.857s] -- Up-to-date: /home/etern1ty/ros2_ws/install/obj_msg/lib/libobj_msg__rosidl_typesupport_introspection_cpp.so
[0.857s] -- Up-to-date: /home/etern1ty/ros2_ws/install/obj_msg/lib/libobj_msg__rosidl_typesupport_cpp.so
[0.857s] -- Up-to-date: /home/etern1ty/ros2_ws/install/obj_msg/share/obj_msg/environment/pythonpath.sh
[0.857s] -- Up-to-date: /home/etern1ty/ros2_ws/install/obj_msg/share/obj_msg/environment/pythonpath.dsv
[0.857s] -- Up-to-date: /home/etern1ty/ros2_ws/install/obj_msg/local/lib/python3.10/dist-packages/obj_msg-0.0.0-py3.10.egg-info
[0.857s] -- Installing: /home/etern1ty/ros2_ws/install/obj_msg/local/lib/python3.10/dist-packages/obj_msg-0.0.0-py3.10.egg-info/PKG-INFO
[0.857s] -- Installing: /home/etern1ty/ros2_ws/install/obj_msg/local/lib/python3.10/dist-packages/obj_msg-0.0.0-py3.10.egg-info/top_level.txt
[0.857s] -- Installing: /home/etern1ty/ros2_ws/install/obj_msg/local/lib/python3.10/dist-packages/obj_msg-0.0.0-py3.10.egg-info/SOURCES.txt
[0.857s] -- Installing: /home/etern1ty/ros2_ws/install/obj_msg/local/lib/python3.10/dist-packages/obj_msg-0.0.0-py3.10.egg-info/dependency_links.txt
[0.858s] -- Up-to-date: /home/etern1ty/ros2_ws/install/obj_msg/local/lib/python3.10/dist-packages/obj_msg
[0.858s] -- Up-to-date: /home/etern1ty/ros2_ws/install/obj_msg/local/lib/python3.10/dist-packages/obj_msg/libobj_msg__rosidl_generator_py.so
[0.858s] -- Up-to-date: /home/etern1ty/ros2_ws/install/obj_msg/local/lib/python3.10/dist-packages/obj_msg/_obj_msg_s.ep.rosidl_typesupport_c.c
[0.858s] -- Up-to-date: /home/etern1ty/ros2_ws/install/obj_msg/local/lib/python3.10/dist-packages/obj_msg/__init__.py
[0.858s] -- Up-to-date: /home/etern1ty/ros2_ws/install/obj_msg/local/lib/python3.10/dist-packages/obj_msg/obj_msg_s__rosidl_typesupport_c.cpython-310-x86_64-linux-gnu.so
[0.858s] -- Up-to-date: /home/etern1ty/ros2_ws/install/obj_msg/local/lib/python3.10/dist-packages/obj_msg/_obj_msg_s.ep.rosidl_typesupport_fastrtps_c.c
[0.858s] -- Up-to-date: /home/etern1ty/ros2_ws/install/obj_msg/local/lib/python3.10/dist-packages/obj_msg/obj_msg_s__rosidl_typesupport_fastrtps_c.cpython-310-x86_64-linux-gnu.so
[0.858s] -- Up-to-date: /home/etern1ty/ros2_ws/install/obj_msg/local/lib/python3.10/dist-packages/obj_msg/msg
[0.858s] -- Up-to-date: /home/etern1ty/ros2_ws/install/obj_msg/local/lib/python3.10/dist-packages/obj_msg/msg/_motion_s.c
[0.858s] -- Up-to-date: /home/etern1ty/ros2_ws/install/obj_msg/local/lib/python3.10/dist-packages/obj_msg/msg/_detected_s.c
[0.858s] -- Up-to-date: /home/etern1ty/ros2_ws/install/obj_msg/local/lib/python3.10/dist-packages/obj_msg/msg/_motion.py
[0.858s] -- Up-to-date: /home/etern1ty/ros2_ws/install/obj_msg/local/lib/python3.10/dist-packages/obj_msg/msg/__init__.py
[0.858s] -- Up-to-date: /home/etern1ty/ros2_ws/install/obj_msg/local/lib/python3.10/dist-packages/obj_msg/msg/_detected.py
[0.858s] -- Up-to-date: /home/etern1ty/ros2_ws/install/obj_msg/local/lib/python3.10/dist-packages/obj_msg/obj_msg_s__rosidl_typesupport_introspection_c.cpython-310-x86_64-linux-gnu.so
[0.858s] -- Up-to-date: /home/etern1ty/ros2_ws/install/obj_msg/local/lib/python3.10/dist-packages/obj_msg/_obj_msg_s.ep.rosidl_typesupport_introspection_c.c
[0.890s] Listing '/home/etern1ty/ros2_ws/install/obj_msg/local/lib/python3.10/dist-packages/obj_msg'...
[0.890s] Listing '/home/etern1ty/ros2_ws/install/obj_msg/local/lib/python3.10/dist-packages/obj_msg/msg'...
[0.897s] -- Up-to-date: /home/etern1ty/ros2_ws/install/obj_msg/local/lib/python3.10/dist-packages/obj_msg/obj_msg_s__rosidl_typesupport_fastrtps_c.cpython-310-x86_64-linux-gnu.so
[0.898s] -- Up-to-date: /home/etern1ty/ros2_ws/install/obj_msg/local/lib/python3.10/dist-packages/obj_msg/obj_msg_s__rosidl_typesupport_introspection_c.cpython-310-x86_64-linux-gnu.so
[0.898s] -- Up-to-date: /home/etern1ty/ros2_ws/install/obj_msg/local/lib/python3.10/dist-packages/obj_msg/obj_msg_s__rosidl_typesupport_c.cpython-310-x86_64-linux-gnu.so
[0.899s] -- Up-to-date: /home/etern1ty/ros2_ws/install/obj_msg/lib/libobj_msg__rosidl_generator_py.so
[0.900s] -- Up-to-date: /home/etern1ty/ros2_ws/install/obj_msg/share/obj_msg/msg/Detected.idl
[0.900s] -- Up-to-date: /home/etern1ty/ros2_ws/install/obj_msg/share/obj_msg/msg/Motion.idl
[0.900s] -- Up-to-date: /home/etern1ty/ros2_ws/install/obj_msg/share/obj_msg/msg/Detected.msg
[0.900s] -- Up-to-date: /home/etern1ty/ros2_ws/install/obj_msg/share/obj_msg/msg/Motion.msg
[0.900s] -- Up-to-date: /home/etern1ty/ros2_ws/install/obj_msg/share/ament_index/resource_index/package_run_dependencies/obj_msg
[0.900s] -- Up-to-date: /home/etern1ty/ros2_ws/install/obj_msg/share/ament_index/resource_index/parent_prefix_path/obj_msg
[0.900s] -- Up-to-date: /home/etern1ty/ros2_ws/install/obj_msg/share/obj_msg/environment/ament_prefix_path.sh
[0.900s] -- Up-to-date: /home/etern1ty/ros2_ws/install/obj_msg/share/obj_msg/environment/ament_prefix_path.dsv
[0.901s] -- Up-to-date: /home/etern1ty/ros2_ws/install/obj_msg/share/obj_msg/environment/path.sh
[0.901s] -- Up-to-date: /home/etern1ty/ros2_ws/install/obj_msg/share/obj_msg/environment/path.dsv
[0.901s] -- Up-to-date: /home/etern1ty/ros2_ws/install/obj_msg/share/obj_msg/local_setup.bash
[0.901s] -- Up-to-date: /home/etern1ty/ros2_ws/install/obj_msg/share/obj_msg/local_setup.sh
[0.901s] -- Up-to-date: /home/etern1ty/ros2_ws/install/obj_msg/share/obj_msg/local_setup.zsh
[0.901s] -- Up-to-date: /home/etern1ty/ros2_ws/install/obj_msg/share/obj_msg/local_setup.dsv
[0.901s] -- Installing: /home/etern1ty/ros2_ws/install/obj_msg/share/obj_msg/package.dsv
[0.901s] -- Up-to-date: /home/etern1ty/ros2_ws/install/obj_msg/share/ament_index/resource_index/packages/obj_msg
[0.902s] -- Up-to-date: /home/etern1ty/ros2_ws/install/obj_msg/share/obj_msg/cmake/export_obj_msg__rosidl_generator_cExport.cmake
[0.902s] -- Up-to-date: /home/etern1ty/ros2_ws/install/obj_msg/share/obj_msg/cmake/export_obj_msg__rosidl_generator_cExport-noconfig.cmake
[0.902s] -- Up-to-date: /home/etern1ty/ros2_ws/install/obj_msg/share/obj_msg/cmake/export_obj_msg__rosidl_typesupport_fastrtps_cExport.cmake
[0.902s] -- Up-to-date: /home/etern1ty/ros2_ws/install/obj_msg/share/obj_msg/cmake/export_obj_msg__rosidl_typesupport_fastrtps_cExport-noconfig.cmake
[0.902s] -- Up-to-date: /home/etern1ty/ros2_ws/install/obj_msg/share/obj_msg/cmake/obj_msg__rosidl_typesupport_introspection_cExport.cmake
[0.902s] -- Up-to-date: /home/etern1ty/ros2_ws/install/obj_msg/share/obj_msg/cmake/obj_msg__rosidl_typesupport_introspection_cExport-noconfig.cmake
[0.902s] -- Up-to-date: /home/etern1ty/ros2_ws/install/obj_msg/share/obj_msg/cmake/obj_msg__rosidl_typesupport_cExport.cmake
[0.902s] -- Up-to-date: /home/etern1ty/ros2_ws/install/obj_msg/share/obj_msg/cmake/obj_msg__rosidl_typesupport_cExport-noconfig.cmake
[0.902s] -- Up-to-date: /home/etern1ty/ros2_ws/install/obj_msg/share/obj_msg/cmake/export_obj_msg__rosidl_generator_cppExport.cmake
[0.903s] -- Up-to-date: /home/etern1ty/ros2_ws/install/obj_msg/share/obj_msg/cmake/export_obj_msg__rosidl_typesupport_fastrtps_cppExport.cmake
[0.903s] -- Up-to-date: /home/etern1ty/ros2_ws/install/obj_msg/share/obj_msg/cmake/export_obj_msg__rosidl_typesupport_fastrtps_cppExport-noconfig.cmake
[0.904s] -- Up-to-date: /home/etern1ty/ros2_ws/install/obj_msg/share/obj_msg/cmake/obj_msg__rosidl_typesupport_introspection_cppExport.cmake
[0.904s] -- Up-to-date: /home/etern1ty/ros2_ws/install/obj_msg/share/obj_msg/cmake/obj_msg__rosidl_typesupport_introspection_cppExport-noconfig.cmake
[0.904s] -- Up-to-date: /home/etern1ty/ros2_ws/install/obj_msg/share/obj_msg/cmake/obj_msg__rosidl_typesupport_cppExport.cmake
[0.904s] -- Up-to-date: /home/etern1ty/ros2_ws/install/obj_msg/share/obj_msg/cmake/obj_msg__rosidl_typesupport_cppExport-noconfig.cmake
[0.904s] -- Up-to-date: /home/etern1ty/ros2_ws/install/obj_msg/share/obj_msg/cmake/export_obj_msg__rosidl_generator_pyExport.cmake
[0.905s] -- Up-to-date: /home/etern1ty/ros2_ws/install/obj_msg/share/obj_msg/cmake/export_obj_msg__rosidl_generator_pyExport-noconfig.cmake
[0.905s] -- Up-to-date: /home/etern1ty/ros2_ws/install/obj_msg/share/obj_msg/cmake/ament_cmake_export_dependencies-extras.cmake
[0.905s] -- Up-to-date: /home/etern1ty/ros2_ws/install/obj_msg/share/obj_msg/cmake/rosidl_cmake-extras.cmake
[0.905s] -- Up-to-date: /home/etern1ty/ros2_ws/install/obj_msg/share/obj_msg/cmake/ament_cmake_export_include_directories-extras.cmake
[0.905s] -- Up-to-date: /home/etern1ty/ros2_ws/install/obj_msg/share/obj_msg/cmake/ament_cmake_export_libraries-extras.cmake
[0.905s] -- Up-to-date: /home/etern1ty/ros2_ws/install/obj_msg/share/obj_msg/cmake/ament_cmake_export_targets-extras.cmake
[0.905s] -- Up-to-date: /home/etern1ty/ros2_ws/install/obj_msg/share/obj_msg/cmake/rosidl_cmake_export_typesupport_targets-extras.cmake
[0.905s] -- Up-to-date: /home/etern1ty/ros2_ws/install/obj_msg/share/obj_msg/cmake/rosidl_cmake_export_typesupport_libraries-extras.cmake
[0.905s] -- Up-to-date: /home/etern1ty/ros2_ws/install/obj_msg/share/obj_msg/cmake/obj_msgConfig.cmake
[0.906s] -- Up-to-date: /home/etern1ty/ros2_ws/install/obj_msg/share/obj_msg/cmake/obj_msgConfig-version.cmake
[0.906s] -- Up-to-date: /home/etern1ty/ros2_ws/install/obj_msg/share/obj_msg/package.xml
[0.986s] Invoked command in '/home/etern1ty/ros2_ws/build/obj_msg' returned '0': CMAKE_PREFIX_PATH=${CMAKE_PREFIX_PATH}:/home/etern1ty/ros2_ws/install/launch_testing_examples:/home/etern1ty/ros2_ws/install/examples_rclpy_pointcloud_publisher:/home/etern1ty/ros2_ws/install/examples_rclpy_minimal_subscriber:/home/etern1ty/ros2_ws/install/examples_rclpy_minimal_service:/home/etern1ty/ros2_ws/install/examples_rclpy_minimal_publisher:/home/etern1ty/ros2_ws/install/examples_rclpy_minimal_client:/home/etern1ty/ros2_ws/install/examples_rclpy_minimal_action_server:/home/etern1ty/ros2_ws/install/examples_rclpy_minimal_action_client:/home/etern1ty/ros2_ws/install/examples_rclpy_guard_conditions:/home/etern1ty/ros2_ws/install/examples_rclpy_executors:/opt/ros/humble /usr/bin/cmake --install /home/etern1ty/ros2_ws/build/obj_msg
