[0.660s] Invoking command in '/home/etern1ty/ros2_ws/src/src/examples/rclpy/actions/minimal_action_client': PYTHONPATH=/home/etern1ty/ros2_ws/build/examples_rclpy_minimal_action_client/prefix_override:/home/etern1ty/ros2_ws/install/examples_rclpy_minimal_action_client/lib/python3.10/site-packages:${PYTHONPATH} /usr/bin/python3 setup.py egg_info --egg-base ../../../../../../build/examples_rclpy_minimal_action_client build --build-base /home/etern1ty/ros2_ws/build/examples_rclpy_minimal_action_client/build install --record /home/etern1ty/ros2_ws/build/examples_rclpy_minimal_action_client/install.log --single-version-externally-managed
[0.880s] running egg_info
[0.880s] creating ../../../../../../build/examples_rclpy_minimal_action_client/examples_rclpy_minimal_action_client.egg-info
[0.880s] writing ../../../../../../build/examples_rclpy_minimal_action_client/examples_rclpy_minimal_action_client.egg-info/PKG-INFO
[0.881s] writing dependency_links to ../../../../../../build/examples_rclpy_minimal_action_client/examples_rclpy_minimal_action_client.egg-info/dependency_links.txt
[0.881s] writing entry points to ../../../../../../build/examples_rclpy_minimal_action_client/examples_rclpy_minimal_action_client.egg-info/entry_points.txt
[0.881s] writing requirements to ../../../../../../build/examples_rclpy_minimal_action_client/examples_rclpy_minimal_action_client.egg-info/requires.txt
[0.881s] writing top-level names to ../../../../../../build/examples_rclpy_minimal_action_client/examples_rclpy_minimal_action_client.egg-info/top_level.txt
[0.881s] writing manifest file '../../../../../../build/examples_rclpy_minimal_action_client/examples_rclpy_minimal_action_client.egg-info/SOURCES.txt'
[0.887s] reading manifest file '../../../../../../build/examples_rclpy_minimal_action_client/examples_rclpy_minimal_action_client.egg-info/SOURCES.txt'
[0.888s] writing manifest file '../../../../../../build/examples_rclpy_minimal_action_client/examples_rclpy_minimal_action_client.egg-info/SOURCES.txt'
[0.888s] running build
[0.888s] running build_py
[0.889s] creating /home/etern1ty/ros2_ws/build/examples_rclpy_minimal_action_client/build
[0.889s] creating /home/etern1ty/ros2_ws/build/examples_rclpy_minimal_action_client/build/lib
[0.889s] creating /home/etern1ty/ros2_ws/build/examples_rclpy_minimal_action_client/build/lib/examples_rclpy_minimal_action_client
[0.889s] copying examples_rclpy_minimal_action_client/client_cancel.py -> /home/etern1ty/ros2_ws/build/examples_rclpy_minimal_action_client/build/lib/examples_rclpy_minimal_action_client
[0.889s] copying examples_rclpy_minimal_action_client/client_not_composable.py -> /home/etern1ty/ros2_ws/build/examples_rclpy_minimal_action_client/build/lib/examples_rclpy_minimal_action_client
[0.889s] copying examples_rclpy_minimal_action_client/client_asyncio.py -> /home/etern1ty/ros2_ws/build/examples_rclpy_minimal_action_client/build/lib/examples_rclpy_minimal_action_client
[0.889s] copying examples_rclpy_minimal_action_client/__init__.py -> /home/etern1ty/ros2_ws/build/examples_rclpy_minimal_action_client/build/lib/examples_rclpy_minimal_action_client
[0.889s] copying examples_rclpy_minimal_action_client/client.py -> /home/etern1ty/ros2_ws/build/examples_rclpy_minimal_action_client/build/lib/examples_rclpy_minimal_action_client
[0.889s] running install
[0.890s] running install_lib
[0.890s] creating /home/etern1ty/ros2_ws/install/examples_rclpy_minimal_action_client/lib/python3.10/site-packages/examples_rclpy_minimal_action_client
[0.890s] copying /home/etern1ty/ros2_ws/build/examples_rclpy_minimal_action_client/build/lib/examples_rclpy_minimal_action_client/client_cancel.py -> /home/etern1ty/ros2_ws/install/examples_rclpy_minimal_action_client/lib/python3.10/site-packages/examples_rclpy_minimal_action_client
[0.891s] copying /home/etern1ty/ros2_ws/build/examples_rclpy_minimal_action_client/build/lib/examples_rclpy_minimal_action_client/client_not_composable.py -> /home/etern1ty/ros2_ws/install/examples_rclpy_minimal_action_client/lib/python3.10/site-packages/examples_rclpy_minimal_action_client
[0.891s] copying /home/etern1ty/ros2_ws/build/examples_rclpy_minimal_action_client/build/lib/examples_rclpy_minimal_action_client/client_asyncio.py -> /home/etern1ty/ros2_ws/install/examples_rclpy_minimal_action_client/lib/python3.10/site-packages/examples_rclpy_minimal_action_client
[0.891s] copying /home/etern1ty/ros2_ws/build/examples_rclpy_minimal_action_client/build/lib/examples_rclpy_minimal_action_client/__init__.py -> /home/etern1ty/ros2_ws/install/examples_rclpy_minimal_action_client/lib/python3.10/site-packages/examples_rclpy_minimal_action_client
[0.891s] copying /home/etern1ty/ros2_ws/build/examples_rclpy_minimal_action_client/build/lib/examples_rclpy_minimal_action_client/client.py -> /home/etern1ty/ros2_ws/install/examples_rclpy_minimal_action_client/lib/python3.10/site-packages/examples_rclpy_minimal_action_client
[0.891s] byte-compiling /home/etern1ty/ros2_ws/install/examples_rclpy_minimal_action_client/lib/python3.10/site-packages/examples_rclpy_minimal_action_client/client_cancel.py to client_cancel.cpython-310.pyc
[0.892s] byte-compiling /home/etern1ty/ros2_ws/install/examples_rclpy_minimal_action_client/lib/python3.10/site-packages/examples_rclpy_minimal_action_client/client_not_composable.py to client_not_composable.cpython-310.pyc
[0.892s] byte-compiling /home/etern1ty/ros2_ws/install/examples_rclpy_minimal_action_client/lib/python3.10/site-packages/examples_rclpy_minimal_action_client/client_asyncio.py to client_asyncio.cpython-310.pyc
[0.893s] byte-compiling /home/etern1ty/ros2_ws/install/examples_rclpy_minimal_action_client/lib/python3.10/site-packages/examples_rclpy_minimal_action_client/__init__.py to __init__.cpython-310.pyc
[0.893s] byte-compiling /home/etern1ty/ros2_ws/install/examples_rclpy_minimal_action_client/lib/python3.10/site-packages/examples_rclpy_minimal_action_client/client.py to client.cpython-310.pyc
[0.893s] running install_data
[0.894s] creating /home/etern1ty/ros2_ws/install/examples_rclpy_minimal_action_client/share/ament_index
[0.894s] creating /home/etern1ty/ros2_ws/install/examples_rclpy_minimal_action_client/share/ament_index/resource_index
[0.894s] creating /home/etern1ty/ros2_ws/install/examples_rclpy_minimal_action_client/share/ament_index/resource_index/packages
[0.894s] copying resource/examples_rclpy_minimal_action_client -> /home/etern1ty/ros2_ws/install/examples_rclpy_minimal_action_client/share/ament_index/resource_index/packages
[0.894s] copying package.xml -> /home/etern1ty/ros2_ws/install/examples_rclpy_minimal_action_client/share/examples_rclpy_minimal_action_client
[0.894s] running install_egg_info
[0.896s] Copying ../../../../../../build/examples_rclpy_minimal_action_client/examples_rclpy_minimal_action_client.egg-info to /home/etern1ty/ros2_ws/install/examples_rclpy_minimal_action_client/lib/python3.10/site-packages/examples_rclpy_minimal_action_client-0.15.1-py3.10.egg-info
[0.897s] running install_scripts
[0.914s] Installing client script to /home/etern1ty/ros2_ws/install/examples_rclpy_minimal_action_client/lib/examples_rclpy_minimal_action_client
[0.914s] Installing client_asyncio script to /home/etern1ty/ros2_ws/install/examples_rclpy_minimal_action_client/lib/examples_rclpy_minimal_action_client
[0.914s] Installing client_cancel script to /home/etern1ty/ros2_ws/install/examples_rclpy_minimal_action_client/lib/examples_rclpy_minimal_action_client
[0.914s] Installing client_not_composable script to /home/etern1ty/ros2_ws/install/examples_rclpy_minimal_action_client/lib/examples_rclpy_minimal_action_client
[0.915s] writing list of installed files to '/home/etern1ty/ros2_ws/build/examples_rclpy_minimal_action_client/install.log'
[0.949s] Invoked command in '/home/etern1ty/ros2_ws/src/src/examples/rclpy/actions/minimal_action_client' returned '0': PYTHONPATH=/home/etern1ty/ros2_ws/build/examples_rclpy_minimal_action_client/prefix_override:/home/etern1ty/ros2_ws/install/examples_rclpy_minimal_action_client/lib/python3.10/site-packages:${PYTHONPATH} /usr/bin/python3 setup.py egg_info --egg-base ../../../../../../build/examples_rclpy_minimal_action_client build --build-base /home/etern1ty/ros2_ws/build/examples_rclpy_minimal_action_client/build install --record /home/etern1ty/ros2_ws/build/examples_rclpy_minimal_action_client/install.log --single-version-externally-managed
