[0.190s] Invoking command in '/home/etern1ty/ros2_ws/build/flare_detect': CMAKE_PREFIX_PATH=${CMAKE_PREFIX_PATH}:/home/etern1ty/ros2_ws/install/launch_testing_examples:/home/etern1ty/ros2_ws/install/examples_rclpy_pointcloud_publisher:/home/etern1ty/ros2_ws/install/examples_rclpy_minimal_subscriber:/home/etern1ty/ros2_ws/install/examples_rclpy_minimal_service:/home/etern1ty/ros2_ws/install/examples_rclpy_minimal_publisher:/home/etern1ty/ros2_ws/install/examples_rclpy_minimal_client:/home/etern1ty/ros2_ws/install/examples_rclpy_minimal_action_server:/home/etern1ty/ros2_ws/install/examples_rclpy_minimal_action_client:/home/etern1ty/ros2_ws/install/examples_rclpy_guard_conditions:/home/etern1ty/ros2_ws/install/examples_rclpy_executors:/opt/ros/humble /usr/bin/cmake --build /home/etern1ty/ros2_ws/build/flare_detect -- -j12 -l12
[0.339s] [  3%] Built target flare_detect__cpp
[0.343s] [ 12%] Built target flare_detect__rosidl_generator_c
[0.375s] [ 12%] Built target ament_cmake_python_copy_flare_detect
[0.415s] [ 21%] Built target flare_detect__rosidl_typesupport_cpp
[0.418s] [ 33%] Built target flare_detect__rosidl_typesupport_c
[0.418s] [ 39%] Built target flare_detect__rosidl_typesupport_fastrtps_c
[0.419s] [ 48%] Built target flare_detect__rosidl_typesupport_fastrtps_cpp
[0.420s] [ 57%] Built target flare_detect__rosidl_typesupport_introspection_cpp
[0.421s] [ 66%] Built target flare_detect__rosidl_typesupport_introspection_c
[0.485s] [ 66%] Built target flare_detect
[0.495s] [ 72%] Built target detection
[0.548s] [ 75%] Built target flare_detect__py
[0.614s] [ 81%] Built target flare_detect__rosidl_generator_py
[0.682s] [ 87%] Built target flare_detect__rosidl_typesupport_introspection_c__pyext
[0.683s] [100%] Built target flare_detect__rosidl_typesupport_fastrtps_c__pyext
[0.683s] [100%] Built target flare_detect__rosidl_typesupport_c__pyext
[1.081s] running egg_info
[1.082s] writing flare_detect.egg-info/PKG-INFO
[1.082s] writing dependency_links to flare_detect.egg-info/dependency_links.txt
[1.083s] writing top-level names to flare_detect.egg-info/top_level.txt
[1.088s] reading manifest file 'flare_detect.egg-info/SOURCES.txt'
[1.089s] writing manifest file 'flare_detect.egg-info/SOURCES.txt'
[1.154s] [100%] Built target ament_cmake_python_build_flare_detect_egg
[1.190s] Invoked command in '/home/etern1ty/ros2_ws/build/flare_detect' returned '0': CMAKE_PREFIX_PATH=${CMAKE_PREFIX_PATH}:/home/etern1ty/ros2_ws/install/launch_testing_examples:/home/etern1ty/ros2_ws/install/examples_rclpy_pointcloud_publisher:/home/etern1ty/ros2_ws/install/examples_rclpy_minimal_subscriber:/home/etern1ty/ros2_ws/install/examples_rclpy_minimal_service:/home/etern1ty/ros2_ws/install/examples_rclpy_minimal_publisher:/home/etern1ty/ros2_ws/install/examples_rclpy_minimal_client:/home/etern1ty/ros2_ws/install/examples_rclpy_minimal_action_server:/home/etern1ty/ros2_ws/install/examples_rclpy_minimal_action_client:/home/etern1ty/ros2_ws/install/examples_rclpy_guard_conditions:/home/etern1ty/ros2_ws/install/examples_rclpy_executors:/opt/ros/humble /usr/bin/cmake --build /home/etern1ty/ros2_ws/build/flare_detect -- -j12 -l12
[1.447s] Invoking command in '/home/etern1ty/ros2_ws/build/flare_detect': CMAKE_PREFIX_PATH=${CMAKE_PREFIX_PATH}:/home/etern1ty/ros2_ws/install/launch_testing_examples:/home/etern1ty/ros2_ws/install/examples_rclpy_pointcloud_publisher:/home/etern1ty/ros2_ws/install/examples_rclpy_minimal_subscriber:/home/etern1ty/ros2_ws/install/examples_rclpy_minimal_service:/home/etern1ty/ros2_ws/install/examples_rclpy_minimal_publisher:/home/etern1ty/ros2_ws/install/examples_rclpy_minimal_client:/home/etern1ty/ros2_ws/install/examples_rclpy_minimal_action_server:/home/etern1ty/ros2_ws/install/examples_rclpy_minimal_action_client:/home/etern1ty/ros2_ws/install/examples_rclpy_guard_conditions:/home/etern1ty/ros2_ws/install/examples_rclpy_executors:/opt/ros/humble /usr/bin/cmake --install /home/etern1ty/ros2_ws/build/flare_detect
[1.469s] -- Install configuration: ""
[1.470s] -- Up-to-date: /home/etern1ty/ros2_ws/install/flare_detect/share/ament_index/resource_index/rosidl_interfaces/flare_detect
[1.470s] -- Up-to-date: /home/etern1ty/ros2_ws/install/flare_detect/include/flare_detect/flare_detect
[1.470s] -- Up-to-date: /home/etern1ty/ros2_ws/install/flare_detect/include/flare_detect/flare_detect/msg
[1.470s] -- Up-to-date: /home/etern1ty/ros2_ws/install/flare_detect/include/flare_detect/flare_detect/msg/detected.h
[1.470s] -- Up-to-date: /home/etern1ty/ros2_ws/install/flare_detect/include/flare_detect/flare_detect/msg/detail
[1.471s] -- Up-to-date: /home/etern1ty/ros2_ws/install/flare_detect/include/flare_detect/flare_detect/msg/detail/detected__functions.c
[1.471s] -- Up-to-date: /home/etern1ty/ros2_ws/install/flare_detect/include/flare_detect/flare_detect/msg/detail/detected__functions.h
[1.471s] -- Up-to-date: /home/etern1ty/ros2_ws/install/flare_detect/include/flare_detect/flare_detect/msg/detail/detected__struct.h
[1.471s] -- Up-to-date: /home/etern1ty/ros2_ws/install/flare_detect/include/flare_detect/flare_detect/msg/detail/detected__type_support.h
[1.471s] -- Up-to-date: /home/etern1ty/ros2_ws/install/flare_detect/include/flare_detect/flare_detect/msg/rosidl_generator_c__visibility_control.h
[1.472s] -- Up-to-date: /home/etern1ty/ros2_ws/install/flare_detect/share/flare_detect/environment/library_path.sh
[1.472s] -- Up-to-date: /home/etern1ty/ros2_ws/install/flare_detect/share/flare_detect/environment/library_path.dsv
[1.472s] -- Up-to-date: /home/etern1ty/ros2_ws/install/flare_detect/lib/libflare_detect__rosidl_generator_c.so
[1.472s] -- Up-to-date: /home/etern1ty/ros2_ws/install/flare_detect/include/flare_detect/flare_detect
[1.472s] -- Up-to-date: /home/etern1ty/ros2_ws/install/flare_detect/include/flare_detect/flare_detect/msg
[1.472s] -- Up-to-date: /home/etern1ty/ros2_ws/install/flare_detect/include/flare_detect/flare_detect/msg/rosidl_typesupport_fastrtps_c__visibility_control.h
[1.473s] -- Up-to-date: /home/etern1ty/ros2_ws/install/flare_detect/include/flare_detect/flare_detect/msg/detail
[1.473s] -- Up-to-date: /home/etern1ty/ros2_ws/install/flare_detect/include/flare_detect/flare_detect/msg/detail/detected__rosidl_typesupport_fastrtps_c.h
[1.473s] -- Up-to-date: /home/etern1ty/ros2_ws/install/flare_detect/lib/libflare_detect__rosidl_typesupport_fastrtps_c.so
[1.473s] -- Up-to-date: /home/etern1ty/ros2_ws/install/flare_detect/include/flare_detect/flare_detect
[1.474s] -- Up-to-date: /home/etern1ty/ros2_ws/install/flare_detect/include/flare_detect/flare_detect/msg
[1.474s] -- Up-to-date: /home/etern1ty/ros2_ws/install/flare_detect/include/flare_detect/flare_detect/msg/detected.hpp
[1.474s] -- Up-to-date: /home/etern1ty/ros2_ws/install/flare_detect/include/flare_detect/flare_detect/msg/detail
[1.475s] -- Up-to-date: /home/etern1ty/ros2_ws/install/flare_detect/include/flare_detect/flare_detect/msg/detail/detected__struct.hpp
[1.475s] -- Up-to-date: /home/etern1ty/ros2_ws/install/flare_detect/include/flare_detect/flare_detect/msg/detail/detected__traits.hpp
[1.475s] -- Up-to-date: /home/etern1ty/ros2_ws/install/flare_detect/include/flare_detect/flare_detect/msg/detail/detected__builder.hpp
[1.476s] -- Up-to-date: /home/etern1ty/ros2_ws/install/flare_detect/include/flare_detect/flare_detect
[1.476s] -- Up-to-date: /home/etern1ty/ros2_ws/install/flare_detect/include/flare_detect/flare_detect/msg
[1.476s] -- Up-to-date: /home/etern1ty/ros2_ws/install/flare_detect/include/flare_detect/flare_detect/msg/detail
[1.476s] -- Up-to-date: /home/etern1ty/ros2_ws/install/flare_detect/include/flare_detect/flare_detect/msg/detail/dds_fastrtps
[1.477s] -- Up-to-date: /home/etern1ty/ros2_ws/install/flare_detect/include/flare_detect/flare_detect/msg/detail/detected__rosidl_typesupport_fastrtps_cpp.hpp
[1.477s] -- Up-to-date: /home/etern1ty/ros2_ws/install/flare_detect/include/flare_detect/flare_detect/msg/rosidl_typesupport_fastrtps_cpp__visibility_control.h
[1.477s] -- Up-to-date: /home/etern1ty/ros2_ws/install/flare_detect/lib/libflare_detect__rosidl_typesupport_fastrtps_cpp.so
[1.477s] -- Up-to-date: /home/etern1ty/ros2_ws/install/flare_detect/include/flare_detect/flare_detect
[1.478s] -- Up-to-date: /home/etern1ty/ros2_ws/install/flare_detect/include/flare_detect/flare_detect/msg
[1.478s] -- Up-to-date: /home/etern1ty/ros2_ws/install/flare_detect/include/flare_detect/flare_detect/msg/detail
[1.478s] -- Up-to-date: /home/etern1ty/ros2_ws/install/flare_detect/include/flare_detect/flare_detect/msg/detail/detected__type_support.c
[1.478s] -- Up-to-date: /home/etern1ty/ros2_ws/install/flare_detect/include/flare_detect/flare_detect/msg/detail/detected__rosidl_typesupport_introspection_c.h
[1.478s] -- Up-to-date: /home/etern1ty/ros2_ws/install/flare_detect/include/flare_detect/flare_detect/msg/rosidl_typesupport_introspection_c__visibility_control.h
[1.478s] -- Up-to-date: /home/etern1ty/ros2_ws/install/flare_detect/lib/libflare_detect__rosidl_typesupport_introspection_c.so
[1.479s] -- Up-to-date: /home/etern1ty/ros2_ws/install/flare_detect/lib/libflare_detect__rosidl_typesupport_c.so
[1.479s] -- Up-to-date: /home/etern1ty/ros2_ws/install/flare_detect/include/flare_detect/flare_detect
[1.479s] -- Up-to-date: /home/etern1ty/ros2_ws/install/flare_detect/include/flare_detect/flare_detect/msg
[1.479s] -- Up-to-date: /home/etern1ty/ros2_ws/install/flare_detect/include/flare_detect/flare_detect/msg/detail
[1.479s] -- Up-to-date: /home/etern1ty/ros2_ws/install/flare_detect/include/flare_detect/flare_detect/msg/detail/detected__type_support.cpp
[1.480s] -- Up-to-date: /home/etern1ty/ros2_ws/install/flare_detect/include/flare_detect/flare_detect/msg/detail/detected__rosidl_typesupport_introspection_cpp.hpp
[1.480s] -- Up-to-date: /home/etern1ty/ros2_ws/install/flare_detect/lib/libflare_detect__rosidl_typesupport_introspection_cpp.so
[1.480s] -- Up-to-date: /home/etern1ty/ros2_ws/install/flare_detect/lib/libflare_detect__rosidl_typesupport_cpp.so
[1.480s] -- Up-to-date: /home/etern1ty/ros2_ws/install/flare_detect/share/flare_detect/environment/pythonpath.sh
[1.481s] -- Up-to-date: /home/etern1ty/ros2_ws/install/flare_detect/share/flare_detect/environment/pythonpath.dsv
[1.481s] -- Up-to-date: /home/etern1ty/ros2_ws/install/flare_detect/local/lib/python3.10/dist-packages/flare_detect-0.0.0-py3.10.egg-info
[1.481s] -- Installing: /home/etern1ty/ros2_ws/install/flare_detect/local/lib/python3.10/dist-packages/flare_detect-0.0.0-py3.10.egg-info/PKG-INFO
[1.481s] -- Installing: /home/etern1ty/ros2_ws/install/flare_detect/local/lib/python3.10/dist-packages/flare_detect-0.0.0-py3.10.egg-info/top_level.txt
[1.481s] -- Installing: /home/etern1ty/ros2_ws/install/flare_detect/local/lib/python3.10/dist-packages/flare_detect-0.0.0-py3.10.egg-info/SOURCES.txt
[1.482s] -- Installing: /home/etern1ty/ros2_ws/install/flare_detect/local/lib/python3.10/dist-packages/flare_detect-0.0.0-py3.10.egg-info/dependency_links.txt
[1.482s] -- Up-to-date: /home/etern1ty/ros2_ws/install/flare_detect/local/lib/python3.10/dist-packages/flare_detect
[1.482s] -- Up-to-date: /home/etern1ty/ros2_ws/install/flare_detect/local/lib/python3.10/dist-packages/flare_detect/flare_detect_s__rosidl_typesupport_fastrtps_c.cpython-310-x86_64-linux-gnu.so
[1.482s] -- Up-to-date: /home/etern1ty/ros2_ws/install/flare_detect/local/lib/python3.10/dist-packages/flare_detect/_flare_detect_s.ep.rosidl_typesupport_fastrtps_c.c
[1.483s] -- Up-to-date: /home/etern1ty/ros2_ws/install/flare_detect/local/lib/python3.10/dist-packages/flare_detect/flare_detect_s__rosidl_typesupport_introspection_c.cpython-310-x86_64-linux-gnu.so
[1.483s] -- Up-to-date: /home/etern1ty/ros2_ws/install/flare_detect/local/lib/python3.10/dist-packages/flare_detect/__init__.py
[1.483s] -- Up-to-date: /home/etern1ty/ros2_ws/install/flare_detect/local/lib/python3.10/dist-packages/flare_detect/_flare_detect_s.ep.rosidl_typesupport_introspection_c.c
[1.483s] -- Up-to-date: /home/etern1ty/ros2_ws/install/flare_detect/local/lib/python3.10/dist-packages/flare_detect/libflare_detect__rosidl_generator_py.so
[1.483s] -- Up-to-date: /home/etern1ty/ros2_ws/install/flare_detect/local/lib/python3.10/dist-packages/flare_detect/flare_detect_s__rosidl_typesupport_c.cpython-310-x86_64-linux-gnu.so
[1.483s] -- Up-to-date: /home/etern1ty/ros2_ws/install/flare_detect/local/lib/python3.10/dist-packages/flare_detect/msg
[1.484s] -- Up-to-date: /home/etern1ty/ros2_ws/install/flare_detect/local/lib/python3.10/dist-packages/flare_detect/msg/_detected_s.c
[1.484s] -- Up-to-date: /home/etern1ty/ros2_ws/install/flare_detect/local/lib/python3.10/dist-packages/flare_detect/msg/__init__.py
[1.484s] -- Up-to-date: /home/etern1ty/ros2_ws/install/flare_detect/local/lib/python3.10/dist-packages/flare_detect/msg/_detected.py
[1.484s] -- Up-to-date: /home/etern1ty/ros2_ws/install/flare_detect/local/lib/python3.10/dist-packages/flare_detect/_flare_detect_s.ep.rosidl_typesupport_c.c
[1.574s] Listing '/home/etern1ty/ros2_ws/install/flare_detect/local/lib/python3.10/dist-packages/flare_detect'...
[1.574s] Listing '/home/etern1ty/ros2_ws/install/flare_detect/local/lib/python3.10/dist-packages/flare_detect/msg'...
[1.589s] -- Up-to-date: /home/etern1ty/ros2_ws/install/flare_detect/local/lib/python3.10/dist-packages/flare_detect/flare_detect_s__rosidl_typesupport_fastrtps_c.cpython-310-x86_64-linux-gnu.so
[1.591s] -- Up-to-date: /home/etern1ty/ros2_ws/install/flare_detect/local/lib/python3.10/dist-packages/flare_detect/flare_detect_s__rosidl_typesupport_introspection_c.cpython-310-x86_64-linux-gnu.so
[1.591s] -- Up-to-date: /home/etern1ty/ros2_ws/install/flare_detect/local/lib/python3.10/dist-packages/flare_detect/flare_detect_s__rosidl_typesupport_c.cpython-310-x86_64-linux-gnu.so
[1.592s] -- Up-to-date: /home/etern1ty/ros2_ws/install/flare_detect/lib/libflare_detect__rosidl_generator_py.so
[1.593s] -- Up-to-date: /home/etern1ty/ros2_ws/install/flare_detect/share/flare_detect/msg/Detected.idl
[1.593s] -- Up-to-date: /home/etern1ty/ros2_ws/install/flare_detect/share/flare_detect/msg/Detected.msg
[1.594s] -- Up-to-date: /home/etern1ty/ros2_ws/install/flare_detect/lib/flare_detect/detection
[1.595s] -- Up-to-date: /home/etern1ty/ros2_ws/install/flare_detect/share/ament_index/resource_index/package_run_dependencies/flare_detect
[1.595s] -- Up-to-date: /home/etern1ty/ros2_ws/install/flare_detect/share/ament_index/resource_index/parent_prefix_path/flare_detect
[1.595s] -- Up-to-date: /home/etern1ty/ros2_ws/install/flare_detect/share/flare_detect/environment/ament_prefix_path.sh
[1.596s] -- Up-to-date: /home/etern1ty/ros2_ws/install/flare_detect/share/flare_detect/environment/ament_prefix_path.dsv
[1.596s] -- Up-to-date: /home/etern1ty/ros2_ws/install/flare_detect/share/flare_detect/environment/path.sh
[1.596s] -- Up-to-date: /home/etern1ty/ros2_ws/install/flare_detect/share/flare_detect/environment/path.dsv
[1.596s] -- Up-to-date: /home/etern1ty/ros2_ws/install/flare_detect/share/flare_detect/local_setup.bash
[1.597s] -- Up-to-date: /home/etern1ty/ros2_ws/install/flare_detect/share/flare_detect/local_setup.sh
[1.597s] -- Up-to-date: /home/etern1ty/ros2_ws/install/flare_detect/share/flare_detect/local_setup.zsh
[1.597s] -- Up-to-date: /home/etern1ty/ros2_ws/install/flare_detect/share/flare_detect/local_setup.dsv
[1.598s] -- Installing: /home/etern1ty/ros2_ws/install/flare_detect/share/flare_detect/package.dsv
[1.598s] -- Up-to-date: /home/etern1ty/ros2_ws/install/flare_detect/share/ament_index/resource_index/packages/flare_detect
[1.598s] -- Up-to-date: /home/etern1ty/ros2_ws/install/flare_detect/share/flare_detect/cmake/export_flare_detect__rosidl_generator_cExport.cmake
[1.598s] -- Up-to-date: /home/etern1ty/ros2_ws/install/flare_detect/share/flare_detect/cmake/export_flare_detect__rosidl_generator_cExport-noconfig.cmake
[1.599s] -- Up-to-date: /home/etern1ty/ros2_ws/install/flare_detect/share/flare_detect/cmake/export_flare_detect__rosidl_typesupport_fastrtps_cExport.cmake
[1.599s] -- Up-to-date: /home/etern1ty/ros2_ws/install/flare_detect/share/flare_detect/cmake/export_flare_detect__rosidl_typesupport_fastrtps_cExport-noconfig.cmake
[1.599s] -- Up-to-date: /home/etern1ty/ros2_ws/install/flare_detect/share/flare_detect/cmake/export_flare_detect__rosidl_generator_cppExport.cmake
[1.600s] -- Up-to-date: /home/etern1ty/ros2_ws/install/flare_detect/share/flare_detect/cmake/export_flare_detect__rosidl_typesupport_fastrtps_cppExport.cmake
[1.600s] -- Up-to-date: /home/etern1ty/ros2_ws/install/flare_detect/share/flare_detect/cmake/export_flare_detect__rosidl_typesupport_fastrtps_cppExport-noconfig.cmake
[1.600s] -- Up-to-date: /home/etern1ty/ros2_ws/install/flare_detect/share/flare_detect/cmake/flare_detect__rosidl_typesupport_introspection_cExport.cmake
[1.600s] -- Up-to-date: /home/etern1ty/ros2_ws/install/flare_detect/share/flare_detect/cmake/flare_detect__rosidl_typesupport_introspection_cExport-noconfig.cmake
[1.601s] -- Up-to-date: /home/etern1ty/ros2_ws/install/flare_detect/share/flare_detect/cmake/flare_detect__rosidl_typesupport_cExport.cmake
[1.601s] -- Up-to-date: /home/etern1ty/ros2_ws/install/flare_detect/share/flare_detect/cmake/flare_detect__rosidl_typesupport_cExport-noconfig.cmake
[1.601s] -- Up-to-date: /home/etern1ty/ros2_ws/install/flare_detect/share/flare_detect/cmake/flare_detect__rosidl_typesupport_introspection_cppExport.cmake
[1.602s] -- Up-to-date: /home/etern1ty/ros2_ws/install/flare_detect/share/flare_detect/cmake/flare_detect__rosidl_typesupport_introspection_cppExport-noconfig.cmake
[1.602s] -- Up-to-date: /home/etern1ty/ros2_ws/install/flare_detect/share/flare_detect/cmake/flare_detect__rosidl_typesupport_cppExport.cmake
[1.602s] -- Up-to-date: /home/etern1ty/ros2_ws/install/flare_detect/share/flare_detect/cmake/flare_detect__rosidl_typesupport_cppExport-noconfig.cmake
[1.603s] -- Up-to-date: /home/etern1ty/ros2_ws/install/flare_detect/share/flare_detect/cmake/export_flare_detect__rosidl_generator_pyExport.cmake
[1.603s] -- Up-to-date: /home/etern1ty/ros2_ws/install/flare_detect/share/flare_detect/cmake/export_flare_detect__rosidl_generator_pyExport-noconfig.cmake
[1.603s] -- Up-to-date: /home/etern1ty/ros2_ws/install/flare_detect/share/flare_detect/cmake/rosidl_cmake-extras.cmake
[1.603s] -- Up-to-date: /home/etern1ty/ros2_ws/install/flare_detect/share/flare_detect/cmake/ament_cmake_export_include_directories-extras.cmake
[1.604s] -- Up-to-date: /home/etern1ty/ros2_ws/install/flare_detect/share/flare_detect/cmake/ament_cmake_export_libraries-extras.cmake
[1.604s] -- Up-to-date: /home/etern1ty/ros2_ws/install/flare_detect/share/flare_detect/cmake/ament_cmake_export_targets-extras.cmake
[1.604s] -- Up-to-date: /home/etern1ty/ros2_ws/install/flare_detect/share/flare_detect/cmake/rosidl_cmake_export_typesupport_targets-extras.cmake
[1.604s] -- Up-to-date: /home/etern1ty/ros2_ws/install/flare_detect/share/flare_detect/cmake/ament_cmake_export_dependencies-extras.cmake
[1.605s] -- Up-to-date: /home/etern1ty/ros2_ws/install/flare_detect/share/flare_detect/cmake/rosidl_cmake_export_typesupport_libraries-extras.cmake
[1.605s] -- Up-to-date: /home/etern1ty/ros2_ws/install/flare_detect/share/flare_detect/cmake/flare_detectConfig.cmake
[1.605s] -- Up-to-date: /home/etern1ty/ros2_ws/install/flare_detect/share/flare_detect/cmake/flare_detectConfig-version.cmake
[1.605s] -- Up-to-date: /home/etern1ty/ros2_ws/install/flare_detect/share/flare_detect/package.xml
[1.610s] Invoked command in '/home/etern1ty/ros2_ws/build/flare_detect' returned '0': CMAKE_PREFIX_PATH=${CMAKE_PREFIX_PATH}:/home/etern1ty/ros2_ws/install/launch_testing_examples:/home/etern1ty/ros2_ws/install/examples_rclpy_pointcloud_publisher:/home/etern1ty/ros2_ws/install/examples_rclpy_minimal_subscriber:/home/etern1ty/ros2_ws/install/examples_rclpy_minimal_service:/home/etern1ty/ros2_ws/install/examples_rclpy_minimal_publisher:/home/etern1ty/ros2_ws/install/examples_rclpy_minimal_client:/home/etern1ty/ros2_ws/install/examples_rclpy_minimal_action_server:/home/etern1ty/ros2_ws/install/examples_rclpy_minimal_action_client:/home/etern1ty/ros2_ws/install/examples_rclpy_guard_conditions:/home/etern1ty/ros2_ws/install/examples_rclpy_executors:/opt/ros/humble /usr/bin/cmake --install /home/etern1ty/ros2_ws/build/flare_detect
