[0.089s] Invoking command in '/home/etern1ty/ros2_ws/build/examples_rclcpp_minimal_action_server': CMAKE_PREFIX_PATH=/opt/ros/humble /usr/bin/cmake /home/etern1ty/ros2_ws/src/src/examples/rclcpp/actions/minimal_action_server -DCMAKE_INSTALL_PREFIX=/home/etern1ty/ros2_ws/install/examples_rclcpp_minimal_action_server
[0.210s] -- The C compiler identification is GNU 11.4.0
[0.301s] -- The CXX compiler identification is GNU 11.4.0
[0.318s] -- Detecting C compiler ABI info
[0.438s] -- Detecting C compiler ABI info - done
[0.451s] -- Check for working C compiler: /usr/bin/cc - skipped
[0.452s] -- Detecting C compile features
[0.453s] -- Detecting C compile features - done
[0.459s] -- Detecting CXX compiler ABI info
[0.624s] -- Detecting CXX compiler ABI info - done
[0.632s] -- Check for working CXX compiler: /usr/bin/c++ - skipped
[0.632s] -- Detecting CXX compile features
[0.633s] -- Detecting CXX compile features - done
[0.640s] -- Found ament_cmake: 1.3.7 (/opt/ros/humble/share/ament_cmake/cmake)
[0.914s] -- Found Python3: /usr/bin/python3.10 (found version "3.10.12") found components: Interpreter 
[1.064s] -- Found example_interfaces: 0.9.3 (/opt/ros/humble/share/example_interfaces/cmake)
[1.127s] -- Found rosidl_generator_c: 3.1.5 (/opt/ros/humble/share/rosidl_generator_c/cmake)
[1.135s] -- Found rosidl_adapter: 3.1.5 (/opt/ros/humble/share/rosidl_adapter/cmake)
[1.150s] -- Found rosidl_generator_cpp: 3.1.5 (/opt/ros/humble/share/rosidl_generator_cpp/cmake)
[1.174s] -- Using all available rosidl_typesupport_c: rosidl_typesupport_fastrtps_c;rosidl_typesupport_introspection_c
[1.204s] -- Using all available rosidl_typesupport_cpp: rosidl_typesupport_fastrtps_cpp;rosidl_typesupport_introspection_cpp
[1.536s] -- Found rclcpp: 16.0.8 (/opt/ros/humble/share/rclcpp/cmake)
[1.639s] -- Found rmw_implementation_cmake: 6.1.1 (/opt/ros/humble/share/rmw_implementation_cmake/cmake)
[1.643s] -- Found rmw_fastrtps_cpp: 6.2.6 (/opt/ros/humble/share/rmw_fastrtps_cpp/cmake)
[1.812s] -- Found OpenSSL: /usr/lib/x86_64-linux-gnu/libcrypto.so (found version "3.0.2")  
[1.849s] -- Found FastRTPS: /opt/ros/humble/include  
[1.916s] -- Using RMW implementation 'rmw_fastrtps_cpp' as default
[2.034s] -- Looking for pthread.h
[2.128s] -- Looking for pthread.h - found
[2.129s] -- Performing Test CMAKE_HAVE_LIBC_PTHREAD
[2.220s] -- Performing Test CMAKE_HAVE_LIBC_PTHREAD - Success
[2.221s] -- Found Threads: TRUE  
[2.433s] -- Found rclcpp_action: 16.0.8 (/opt/ros/humble/share/rclcpp_action/cmake)
[2.469s] -- Found ament_lint_auto: 0.12.10 (/opt/ros/humble/share/ament_lint_auto/cmake)
[2.731s] -- Added test 'copyright' to check source files copyright and LICENSE
[2.732s] -- Added test 'cppcheck' to perform static code analysis on C / C++ code
[2.732s] -- Configured cppcheck include dirs: 
[2.732s] -- Configured cppcheck exclude dirs and/or files: 
[2.733s] -- Added test 'cpplint' to check C / C++ code against the Google style
[2.734s] -- Configured cpplint exclude dirs and/or files: 
[2.734s] -- Added test 'lint_cmake' to check CMake code style
[2.736s] -- Added test 'uncrustify' to check C / C++ code style
[2.736s] -- Configured uncrustify additional arguments: 
[2.736s] -- Added test 'xmllint' to check XML markup files
[2.738s] -- Configuring done
[2.752s] -- Generating done
[2.754s] -- Build files have been written to: /home/etern1ty/ros2_ws/build/examples_rclcpp_minimal_action_server
[2.765s] Invoked command in '/home/etern1ty/ros2_ws/build/examples_rclcpp_minimal_action_server' returned '0': CMAKE_PREFIX_PATH=/opt/ros/humble /usr/bin/cmake /home/etern1ty/ros2_ws/src/src/examples/rclcpp/actions/minimal_action_server -DCMAKE_INSTALL_PREFIX=/home/etern1ty/ros2_ws/install/examples_rclcpp_minimal_action_server
[2.768s] Invoking command in '/home/etern1ty/ros2_ws/build/examples_rclcpp_minimal_action_server': CMAKE_PREFIX_PATH=/opt/ros/humble /usr/bin/cmake --build /home/etern1ty/ros2_ws/build/examples_rclcpp_minimal_action_server -- -j12 -l12
[2.828s] [ 25%] [32mBuilding CXX object CMakeFiles/action_server_member_functions.dir/member_functions.cpp.o[0m
[6.374s] [ 50%] [32m[1mLinking CXX executable action_server_member_functions[0m
[6.558s] [ 50%] Built target action_server_member_functions
[6.582s] [ 75%] [32mBuilding CXX object CMakeFiles/action_server_not_composable.dir/not_composable.cpp.o[0m
[9.775s] [100%] [32m[1mLinking CXX executable action_server_not_composable[0m
[9.953s] [100%] Built target action_server_not_composable
[9.967s] Invoked command in '/home/etern1ty/ros2_ws/build/examples_rclcpp_minimal_action_server' returned '0': CMAKE_PREFIX_PATH=/opt/ros/humble /usr/bin/cmake --build /home/etern1ty/ros2_ws/build/examples_rclcpp_minimal_action_server -- -j12 -l12
[9.999s] Invoking command in '/home/etern1ty/ros2_ws/build/examples_rclcpp_minimal_action_server': CMAKE_PREFIX_PATH=/opt/ros/humble /usr/bin/cmake --install /home/etern1ty/ros2_ws/build/examples_rclcpp_minimal_action_server
[10.008s] -- Install configuration: ""
[10.008s] -- Installing: /home/etern1ty/ros2_ws/install/examples_rclcpp_minimal_action_server/lib/examples_rclcpp_minimal_action_server/action_server_not_composable
[10.009s] -- Set runtime path of "/home/etern1ty/ros2_ws/install/examples_rclcpp_minimal_action_server/lib/examples_rclcpp_minimal_action_server/action_server_not_composable" to ""
[10.010s] -- Installing: /home/etern1ty/ros2_ws/install/examples_rclcpp_minimal_action_server/lib/examples_rclcpp_minimal_action_server/action_server_member_functions
[10.011s] -- Set runtime path of "/home/etern1ty/ros2_ws/install/examples_rclcpp_minimal_action_server/lib/examples_rclcpp_minimal_action_server/action_server_member_functions" to ""
[10.011s] -- Installing: /home/etern1ty/ros2_ws/install/examples_rclcpp_minimal_action_server/share/ament_index/resource_index/package_run_dependencies/examples_rclcpp_minimal_action_server
[10.012s] -- Installing: /home/etern1ty/ros2_ws/install/examples_rclcpp_minimal_action_server/share/ament_index/resource_index/parent_prefix_path/examples_rclcpp_minimal_action_server
[10.012s] -- Up-to-date: /home/etern1ty/ros2_ws/install/examples_rclcpp_minimal_action_server/share/examples_rclcpp_minimal_action_server/environment/ament_prefix_path.sh
[10.012s] -- Installing: /home/etern1ty/ros2_ws/install/examples_rclcpp_minimal_action_server/share/examples_rclcpp_minimal_action_server/environment/ament_prefix_path.dsv
[10.012s] -- Up-to-date: /home/etern1ty/ros2_ws/install/examples_rclcpp_minimal_action_server/share/examples_rclcpp_minimal_action_server/environment/path.sh
[10.013s] -- Installing: /home/etern1ty/ros2_ws/install/examples_rclcpp_minimal_action_server/share/examples_rclcpp_minimal_action_server/environment/path.dsv
[10.013s] -- Installing: /home/etern1ty/ros2_ws/install/examples_rclcpp_minimal_action_server/share/examples_rclcpp_minimal_action_server/local_setup.bash
[10.013s] -- Installing: /home/etern1ty/ros2_ws/install/examples_rclcpp_minimal_action_server/share/examples_rclcpp_minimal_action_server/local_setup.sh
[10.013s] -- Installing: /home/etern1ty/ros2_ws/install/examples_rclcpp_minimal_action_server/share/examples_rclcpp_minimal_action_server/local_setup.zsh
[10.013s] -- Installing: /home/etern1ty/ros2_ws/install/examples_rclcpp_minimal_action_server/share/examples_rclcpp_minimal_action_server/local_setup.dsv
[10.013s] -- Installing: /home/etern1ty/ros2_ws/install/examples_rclcpp_minimal_action_server/share/examples_rclcpp_minimal_action_server/package.dsv
[10.013s] -- Installing: /home/etern1ty/ros2_ws/install/examples_rclcpp_minimal_action_server/share/ament_index/resource_index/packages/examples_rclcpp_minimal_action_server
[10.013s] -- Installing: /home/etern1ty/ros2_ws/install/examples_rclcpp_minimal_action_server/share/examples_rclcpp_minimal_action_server/cmake/examples_rclcpp_minimal_action_serverConfig.cmake
[10.014s] -- Installing: /home/etern1ty/ros2_ws/install/examples_rclcpp_minimal_action_server/share/examples_rclcpp_minimal_action_server/cmake/examples_rclcpp_minimal_action_serverConfig-version.cmake
[10.014s] -- Up-to-date: /home/etern1ty/ros2_ws/install/examples_rclcpp_minimal_action_server/share/examples_rclcpp_minimal_action_server/package.xml
[10.016s] Invoked command in '/home/etern1ty/ros2_ws/build/examples_rclcpp_minimal_action_server' returned '0': CMAKE_PREFIX_PATH=/opt/ros/humble /usr/bin/cmake --install /home/etern1ty/ros2_ws/build/examples_rclcpp_minimal_action_server
