[0.219s] Invoking command in '/home/etern1ty/ros2_ws/build/examples_rclcpp_multithreaded_executor': CMAKE_PREFIX_PATH=${CMAKE_PREFIX_PATH}:/home/etern1ty/ros2_ws/install/launch_testing_examples:/home/etern1ty/ros2_ws/install/examples_rclpy_pointcloud_publisher:/home/etern1ty/ros2_ws/install/examples_rclpy_minimal_subscriber:/home/etern1ty/ros2_ws/install/examples_rclpy_minimal_service:/home/etern1ty/ros2_ws/install/examples_rclpy_minimal_publisher:/home/etern1ty/ros2_ws/install/examples_rclpy_minimal_client:/home/etern1ty/ros2_ws/install/examples_rclpy_minimal_action_server:/home/etern1ty/ros2_ws/install/examples_rclpy_minimal_action_client:/home/etern1ty/ros2_ws/install/examples_rclpy_guard_conditions:/home/etern1ty/ros2_ws/install/examples_rclpy_executors:/opt/ros/humble /usr/bin/cmake --build /home/etern1ty/ros2_ws/build/examples_rclcpp_multithreaded_executor -- -j12 -l12
[0.304s] [100%] Built target multithreaded_executor
[0.327s] Invoked command in '/home/etern1ty/ros2_ws/build/examples_rclcpp_multithreaded_executor' returned '0': CMAKE_PREFIX_PATH=${CMAKE_PREFIX_PATH}:/home/etern1ty/ros2_ws/install/launch_testing_examples:/home/etern1ty/ros2_ws/install/examples_rclpy_pointcloud_publisher:/home/etern1ty/ros2_ws/install/examples_rclpy_minimal_subscriber:/home/etern1ty/ros2_ws/install/examples_rclpy_minimal_service:/home/etern1ty/ros2_ws/install/examples_rclpy_minimal_publisher:/home/etern1ty/ros2_ws/install/examples_rclpy_minimal_client:/home/etern1ty/ros2_ws/install/examples_rclpy_minimal_action_server:/home/etern1ty/ros2_ws/install/examples_rclpy_minimal_action_client:/home/etern1ty/ros2_ws/install/examples_rclpy_guard_conditions:/home/etern1ty/ros2_ws/install/examples_rclpy_executors:/opt/ros/humble /usr/bin/cmake --build /home/etern1ty/ros2_ws/build/examples_rclcpp_multithreaded_executor -- -j12 -l12
[0.363s] Invoking command in '/home/etern1ty/ros2_ws/build/examples_rclcpp_multithreaded_executor': CMAKE_PREFIX_PATH=${CMAKE_PREFIX_PATH}:/home/etern1ty/ros2_ws/install/launch_testing_examples:/home/etern1ty/ros2_ws/install/examples_rclpy_pointcloud_publisher:/home/etern1ty/ros2_ws/install/examples_rclpy_minimal_subscriber:/home/etern1ty/ros2_ws/install/examples_rclpy_minimal_service:/home/etern1ty/ros2_ws/install/examples_rclpy_minimal_publisher:/home/etern1ty/ros2_ws/install/examples_rclpy_minimal_client:/home/etern1ty/ros2_ws/install/examples_rclpy_minimal_action_server:/home/etern1ty/ros2_ws/install/examples_rclpy_minimal_action_client:/home/etern1ty/ros2_ws/install/examples_rclpy_guard_conditions:/home/etern1ty/ros2_ws/install/examples_rclpy_executors:/opt/ros/humble /usr/bin/cmake --install /home/etern1ty/ros2_ws/build/examples_rclcpp_multithreaded_executor
[0.372s] -- Install configuration: ""
[0.372s] -- Up-to-date: /home/etern1ty/ros2_ws/install/examples_rclcpp_multithreaded_executor/lib/examples_rclcpp_multithreaded_executor/multithreaded_executor
[0.373s] -- Up-to-date: /home/etern1ty/ros2_ws/install/examples_rclcpp_multithreaded_executor/share/ament_index/resource_index/package_run_dependencies/examples_rclcpp_multithreaded_executor
[0.373s] -- Up-to-date: /home/etern1ty/ros2_ws/install/examples_rclcpp_multithreaded_executor/share/ament_index/resource_index/parent_prefix_path/examples_rclcpp_multithreaded_executor
[0.373s] -- Up-to-date: /home/etern1ty/ros2_ws/install/examples_rclcpp_multithreaded_executor/share/examples_rclcpp_multithreaded_executor/environment/ament_prefix_path.sh
[0.373s] -- Up-to-date: /home/etern1ty/ros2_ws/install/examples_rclcpp_multithreaded_executor/share/examples_rclcpp_multithreaded_executor/environment/ament_prefix_path.dsv
[0.373s] -- Up-to-date: /home/etern1ty/ros2_ws/install/examples_rclcpp_multithreaded_executor/share/examples_rclcpp_multithreaded_executor/environment/path.sh
[0.373s] -- Up-to-date: /home/etern1ty/ros2_ws/install/examples_rclcpp_multithreaded_executor/share/examples_rclcpp_multithreaded_executor/environment/path.dsv
[0.373s] -- Up-to-date: /home/etern1ty/ros2_ws/install/examples_rclcpp_multithreaded_executor/share/examples_rclcpp_multithreaded_executor/local_setup.bash
[0.373s] -- Up-to-date: /home/etern1ty/ros2_ws/install/examples_rclcpp_multithreaded_executor/share/examples_rclcpp_multithreaded_executor/local_setup.sh
[0.373s] -- Up-to-date: /home/etern1ty/ros2_ws/install/examples_rclcpp_multithreaded_executor/share/examples_rclcpp_multithreaded_executor/local_setup.zsh
[0.373s] -- Up-to-date: /home/etern1ty/ros2_ws/install/examples_rclcpp_multithreaded_executor/share/examples_rclcpp_multithreaded_executor/local_setup.dsv
[0.373s] -- Installing: /home/etern1ty/ros2_ws/install/examples_rclcpp_multithreaded_executor/share/examples_rclcpp_multithreaded_executor/package.dsv
[0.374s] -- Up-to-date: /home/etern1ty/ros2_ws/install/examples_rclcpp_multithreaded_executor/share/ament_index/resource_index/packages/examples_rclcpp_multithreaded_executor
[0.374s] -- Up-to-date: /home/etern1ty/ros2_ws/install/examples_rclcpp_multithreaded_executor/share/examples_rclcpp_multithreaded_executor/cmake/examples_rclcpp_multithreaded_executorConfig.cmake
[0.374s] -- Up-to-date: /home/etern1ty/ros2_ws/install/examples_rclcpp_multithreaded_executor/share/examples_rclcpp_multithreaded_executor/cmake/examples_rclcpp_multithreaded_executorConfig-version.cmake
[0.374s] -- Up-to-date: /home/etern1ty/ros2_ws/install/examples_rclcpp_multithreaded_executor/share/examples_rclcpp_multithreaded_executor/package.xml
[0.376s] Invoked command in '/home/etern1ty/ros2_ws/build/examples_rclcpp_multithreaded_executor' returned '0': CMAKE_PREFIX_PATH=${CMAKE_PREFIX_PATH}:/home/etern1ty/ros2_ws/install/launch_testing_examples:/home/etern1ty/ros2_ws/install/examples_rclpy_pointcloud_publisher:/home/etern1ty/ros2_ws/install/examples_rclpy_minimal_subscriber:/home/etern1ty/ros2_ws/install/examples_rclpy_minimal_service:/home/etern1ty/ros2_ws/install/examples_rclpy_minimal_publisher:/home/etern1ty/ros2_ws/install/examples_rclpy_minimal_client:/home/etern1ty/ros2_ws/install/examples_rclpy_minimal_action_server:/home/etern1ty/ros2_ws/install/examples_rclpy_minimal_action_client:/home/etern1ty/ros2_ws/install/examples_rclpy_guard_conditions:/home/etern1ty/ros2_ws/install/examples_rclpy_executors:/opt/ros/humble /usr/bin/cmake --install /home/etern1ty/ros2_ws/build/examples_rclcpp_multithreaded_executor
