[0/1] Re-running CMake...
-- Found ament_cmake: 1.3.3 (/usr/local/MATLAB/R2023b/sys/ros2/glnxa64/ros2/share/ament_cmake/cmake)
-- Found ament_cmake_ros: 0.10.0 (/usr/local/MATLAB/R2023b/sys/ros2/glnxa64/ros2/share/ament_cmake_ros/cmake)
-- Found rosidl_typesupport_c: 2.0.0 (/usr/local/MATLAB/R2023b/sys/ros2/glnxa64/ros2/share/rosidl_typesupport_c/cmake)
-- Using all available rosidl_typesupport_c: rosidl_typesupport_fastrtps_c;rosidl_typesupport_introspection_c
-- Found rosidl_adapter: 3.1.4 (/usr/local/MATLAB/R2023b/sys/ros2/glnxa64/ros2/share/rosidl_adapter/cmake)
-- Found rosidl_typesupport_cpp: 2.0.0 (/usr/local/MATLAB/R2023b/sys/ros2/glnxa64/ros2/share/rosidl_typesupport_cpp/cmake)
-- Using all available rosidl_typesupport_cpp: rosidl_typesupport_fastrtps_cpp;rosidl_typesupport_introspection_cpp
-- Found rosidl_default_generators: 1.2.0 (/usr/local/MATLAB/R2023b/sys/ros2/glnxa64/ros2/share/rosidl_default_generators/cmake)
-- Found class_loader: 2.2.0 (/usr/local/MATLAB/R2023b/sys/ros2/glnxa64/ros2/share/class_loader/cmake)
-- Found rclcpp: 16.0.3 (/usr/local/MATLAB/R2023b/sys/ros2/glnxa64/ros2/share/rclcpp/cmake)
-- Found rmw_implementation_cmake: 6.1.1 (/usr/local/MATLAB/R2023b/sys/ros2/glnxa64/ros2/share/rmw_implementation_cmake/cmake)
-- Found rmw_fastrtps_cpp: 6.2.2 (/usr/local/MATLAB/R2023b/sys/ros2/glnxa64/ros2/share/rmw_fastrtps_cpp/cmake)
-- Using RMW implementation 'rmw_fastrtps_cpp' as default
-- Using all available rosidl_typesupport_c: rosidl_typesupport_fastrtps_c;rosidl_typesupport_introspection_c
-- Using all available rosidl_typesupport_cpp: rosidl_typesupport_fastrtps_cpp;rosidl_typesupport_introspection_cpp
-- Configuring done
-- Generating done
-- Build files have been written to: /home/etern1ty/ros2_ws/matlab/custom/matlab_msg_gen/glnxa64/build/obj_msg
[1/32] Generating C++ code for ROS interfaces
[2/32] Generating C code for ROS interfaces
[3/32] Building C object CMakeFiles/obj_msg__rosidl_generator_c.dir/rosidl_generator_c/obj_msg/msg/detail/detected__functions.c.o
[4/32] Building C object CMakeFiles/obj_msg__rosidl_generator_c.dir/rosidl_generator_c/obj_msg/msg/detail/motion__functions.c.o
[5/32] Generating C++ introspection for ROS interfaces
[6/32] Linking C shared library libobj_msg__rosidl_generator_c.so
[7/32] Generating C++ type support dispatch for ROS interfaces
[8/32] Generating C++ type support for eProsima Fast-RTPS
[9/32] Generating C type support dispatch for ROS interfaces
[10/32] Generating C type support for eProsima Fast-RTPS
[11/32] Building CXX object CMakeFiles/obj_msg__rosidl_typesupport_c.dir/rosidl_typesupport_c/obj_msg/msg/detected__type_support.cpp.o
[12/32] Building CXX object CMakeFiles/obj_msg__rosidl_typesupport_c.dir/rosidl_typesupport_c/obj_msg/msg/motion__type_support.cpp.o
[13/32] Generating C introspection for ROS interfaces
[14/32] Building CXX object CMakeFiles/obj_msg__rosidl_typesupport_cpp.dir/rosidl_typesupport_cpp/obj_msg/msg/detected__type_support.cpp.o
[15/32] Building C object CMakeFiles/obj_msg__rosidl_typesupport_introspection_c.dir/rosidl_typesupport_introspection_c/obj_msg/msg/detail/detected__type_support.c.o
[16/32] Building CXX object CMakeFiles/obj_msg__rosidl_typesupport_cpp.dir/rosidl_typesupport_cpp/obj_msg/msg/motion__type_support.cpp.o
[17/32] Building C object CMakeFiles/obj_msg__rosidl_typesupport_introspection_c.dir/rosidl_typesupport_introspection_c/obj_msg/msg/detail/motion__type_support.c.o
[18/32] Linking C shared library libobj_msg__rosidl_typesupport_introspection_c.so
[19/32] Linking CXX shared library libobj_msg__rosidl_typesupport_c.so
[20/32] Building CXX object CMakeFiles/obj_msg__rosidl_typesupport_introspection_cpp.dir/rosidl_typesupport_introspection_cpp/obj_msg/msg/detail/motion__type_support.cpp.o
[21/32] Linking CXX shared library libobj_msg__rosidl_typesupport_cpp.so
[22/32] Building CXX object CMakeFiles/obj_msg__rosidl_typesupport_introspection_cpp.dir/rosidl_typesupport_introspection_cpp/obj_msg/msg/detail/detected__type_support.cpp.o
[23/32] Building CXX object CMakeFiles/obj_msg__rosidl_typesupport_fastrtps_cpp.dir/rosidl_typesupport_fastrtps_cpp/obj_msg/msg/detail/dds_fastrtps/detected__type_support.cpp.o
[24/32] Building CXX object CMakeFiles/obj_msg__rosidl_typesupport_fastrtps_cpp.dir/rosidl_typesupport_fastrtps_cpp/obj_msg/msg/detail/dds_fastrtps/motion__type_support.cpp.o
[25/32] Linking CXX shared library libobj_msg__rosidl_typesupport_introspection_cpp.so
[26/32] Linking CXX shared library libobj_msg__rosidl_typesupport_fastrtps_cpp.so
[27/32] Building CXX object CMakeFiles/obj_msg__rosidl_typesupport_fastrtps_c.dir/rosidl_typesupport_fastrtps_c/obj_msg/msg/detail/motion__type_support_c.cpp.o
[28/32] Building CXX object CMakeFiles/obj_msg__rosidl_typesupport_fastrtps_c.dir/rosidl_typesupport_fastrtps_c/obj_msg/msg/detail/detected__type_support_c.cpp.o
[29/32] Linking CXX shared library libobj_msg__rosidl_typesupport_fastrtps_c.so
[30/32] Building CXX object CMakeFiles/obj_msg_matlab.dir/src/obj_msg_Motion_message.cpp.o
[31/32] Building CXX object CMakeFiles/obj_msg_matlab.dir/src/obj_msg_Detected_message.cpp.o
[32/32] Linking CXX shared library libobj_msg_matlab.so
-- Install configuration: "Release"
-- Up-to-date: /home/etern1ty/ros2_ws/matlab/custom/matlab_msg_gen/glnxa64/install/share/ament_index/resource_index/rosidl_interfaces/obj_msg
-- Up-to-date: /home/etern1ty/ros2_ws/matlab/custom/matlab_msg_gen/glnxa64/install/include/obj_msg/obj_msg
-- Up-to-date: /home/etern1ty/ros2_ws/matlab/custom/matlab_msg_gen/glnxa64/install/include/obj_msg/obj_msg/msg
-- Installing: /home/etern1ty/ros2_ws/matlab/custom/matlab_msg_gen/glnxa64/install/include/obj_msg/obj_msg/msg/detected.h
-- Up-to-date: /home/etern1ty/ros2_ws/matlab/custom/matlab_msg_gen/glnxa64/install/include/obj_msg/obj_msg/msg/detail
-- Installing: /home/etern1ty/ros2_ws/matlab/custom/matlab_msg_gen/glnxa64/install/include/obj_msg/obj_msg/msg/detail/detected__functions.c
-- Installing: /home/etern1ty/ros2_ws/matlab/custom/matlab_msg_gen/glnxa64/install/include/obj_msg/obj_msg/msg/detail/motion__type_support.h
-- Installing: /home/etern1ty/ros2_ws/matlab/custom/matlab_msg_gen/glnxa64/install/include/obj_msg/obj_msg/msg/detail/motion__struct.h
-- Installing: /home/etern1ty/ros2_ws/matlab/custom/matlab_msg_gen/glnxa64/install/include/obj_msg/obj_msg/msg/detail/detected__functions.h
-- Installing: /home/etern1ty/ros2_ws/matlab/custom/matlab_msg_gen/glnxa64/install/include/obj_msg/obj_msg/msg/detail/detected__struct.h
-- Installing: /home/etern1ty/ros2_ws/matlab/custom/matlab_msg_gen/glnxa64/install/include/obj_msg/obj_msg/msg/detail/motion__functions.h
-- Installing: /home/etern1ty/ros2_ws/matlab/custom/matlab_msg_gen/glnxa64/install/include/obj_msg/obj_msg/msg/detail/detected__type_support.h
-- Installing: /home/etern1ty/ros2_ws/matlab/custom/matlab_msg_gen/glnxa64/install/include/obj_msg/obj_msg/msg/detail/motion__functions.c
-- Installing: /home/etern1ty/ros2_ws/matlab/custom/matlab_msg_gen/glnxa64/install/include/obj_msg/obj_msg/msg/motion.h
-- Up-to-date: /home/etern1ty/ros2_ws/matlab/custom/matlab_msg_gen/glnxa64/install/include/obj_msg/obj_msg/msg/rosidl_generator_c__visibility_control.h
-- Up-to-date: /home/etern1ty/ros2_ws/matlab/custom/matlab_msg_gen/glnxa64/install/share/obj_msg/environment/library_path.sh
-- Installing: /home/etern1ty/ros2_ws/matlab/custom/matlab_msg_gen/glnxa64/install/share/obj_msg/environment/library_path.dsv
-- Installing: /home/etern1ty/ros2_ws/matlab/custom/matlab_msg_gen/glnxa64/install/lib/libobj_msg__rosidl_generator_c.so
-- Up-to-date: /home/etern1ty/ros2_ws/matlab/custom/matlab_msg_gen/glnxa64/install/include/obj_msg/obj_msg
-- Up-to-date: /home/etern1ty/ros2_ws/matlab/custom/matlab_msg_gen/glnxa64/install/include/obj_msg/obj_msg/msg
-- Up-to-date: /home/etern1ty/ros2_ws/matlab/custom/matlab_msg_gen/glnxa64/install/include/obj_msg/obj_msg/msg/rosidl_typesupport_fastrtps_c__visibility_control.h
-- Up-to-date: /home/etern1ty/ros2_ws/matlab/custom/matlab_msg_gen/glnxa64/install/include/obj_msg/obj_msg/msg/detail
-- Installing: /home/etern1ty/ros2_ws/matlab/custom/matlab_msg_gen/glnxa64/install/include/obj_msg/obj_msg/msg/detail/motion__rosidl_typesupport_fastrtps_c.h
-- Installing: /home/etern1ty/ros2_ws/matlab/custom/matlab_msg_gen/glnxa64/install/include/obj_msg/obj_msg/msg/detail/detected__rosidl_typesupport_fastrtps_c.h
-- Installing: /home/etern1ty/ros2_ws/matlab/custom/matlab_msg_gen/glnxa64/install/lib/libobj_msg__rosidl_typesupport_fastrtps_c.so
-- Up-to-date: /home/etern1ty/ros2_ws/matlab/custom/matlab_msg_gen/glnxa64/install/include/obj_msg/obj_msg
-- Up-to-date: /home/etern1ty/ros2_ws/matlab/custom/matlab_msg_gen/glnxa64/install/include/obj_msg/obj_msg/msg
-- Up-to-date: /home/etern1ty/ros2_ws/matlab/custom/matlab_msg_gen/glnxa64/install/include/obj_msg/obj_msg/msg/detail
-- Installing: /home/etern1ty/ros2_ws/matlab/custom/matlab_msg_gen/glnxa64/install/include/obj_msg/obj_msg/msg/detail/detected__type_support.c
-- Installing: /home/etern1ty/ros2_ws/matlab/custom/matlab_msg_gen/glnxa64/install/include/obj_msg/obj_msg/msg/detail/motion__rosidl_typesupport_introspection_c.h
-- Installing: /home/etern1ty/ros2_ws/matlab/custom/matlab_msg_gen/glnxa64/install/include/obj_msg/obj_msg/msg/detail/detected__rosidl_typesupport_introspection_c.h
-- Installing: /home/etern1ty/ros2_ws/matlab/custom/matlab_msg_gen/glnxa64/install/include/obj_msg/obj_msg/msg/detail/motion__type_support.c
-- Up-to-date: /home/etern1ty/ros2_ws/matlab/custom/matlab_msg_gen/glnxa64/install/include/obj_msg/obj_msg/msg/rosidl_typesupport_introspection_c__visibility_control.h
-- Installing: /home/etern1ty/ros2_ws/matlab/custom/matlab_msg_gen/glnxa64/install/lib/libobj_msg__rosidl_typesupport_introspection_c.so
-- Installing: /home/etern1ty/ros2_ws/matlab/custom/matlab_msg_gen/glnxa64/install/lib/libobj_msg__rosidl_typesupport_c.so
-- Up-to-date: /home/etern1ty/ros2_ws/matlab/custom/matlab_msg_gen/glnxa64/install/include/obj_msg/obj_msg
-- Up-to-date: /home/etern1ty/ros2_ws/matlab/custom/matlab_msg_gen/glnxa64/install/include/obj_msg/obj_msg/msg
-- Installing: /home/etern1ty/ros2_ws/matlab/custom/matlab_msg_gen/glnxa64/install/include/obj_msg/obj_msg/msg/detected.hpp
-- Up-to-date: /home/etern1ty/ros2_ws/matlab/custom/matlab_msg_gen/glnxa64/install/include/obj_msg/obj_msg/msg/detail
-- Installing: /home/etern1ty/ros2_ws/matlab/custom/matlab_msg_gen/glnxa64/install/include/obj_msg/obj_msg/msg/detail/motion__builder.hpp
-- Installing: /home/etern1ty/ros2_ws/matlab/custom/matlab_msg_gen/glnxa64/install/include/obj_msg/obj_msg/msg/detail/detected__struct.hpp
-- Installing: /home/etern1ty/ros2_ws/matlab/custom/matlab_msg_gen/glnxa64/install/include/obj_msg/obj_msg/msg/detail/detected__traits.hpp
-- Installing: /home/etern1ty/ros2_ws/matlab/custom/matlab_msg_gen/glnxa64/install/include/obj_msg/obj_msg/msg/detail/motion__struct.hpp
-- Installing: /home/etern1ty/ros2_ws/matlab/custom/matlab_msg_gen/glnxa64/install/include/obj_msg/obj_msg/msg/detail/motion__traits.hpp
-- Installing: /home/etern1ty/ros2_ws/matlab/custom/matlab_msg_gen/glnxa64/install/include/obj_msg/obj_msg/msg/detail/detected__builder.hpp
-- Installing: /home/etern1ty/ros2_ws/matlab/custom/matlab_msg_gen/glnxa64/install/include/obj_msg/obj_msg/msg/motion.hpp
-- Up-to-date: /home/etern1ty/ros2_ws/matlab/custom/matlab_msg_gen/glnxa64/install/include/obj_msg/obj_msg
-- Up-to-date: /home/etern1ty/ros2_ws/matlab/custom/matlab_msg_gen/glnxa64/install/include/obj_msg/obj_msg/msg
-- Up-to-date: /home/etern1ty/ros2_ws/matlab/custom/matlab_msg_gen/glnxa64/install/include/obj_msg/obj_msg/msg/detail
-- Up-to-date: /home/etern1ty/ros2_ws/matlab/custom/matlab_msg_gen/glnxa64/install/include/obj_msg/obj_msg/msg/detail/dds_fastrtps
-- Installing: /home/etern1ty/ros2_ws/matlab/custom/matlab_msg_gen/glnxa64/install/include/obj_msg/obj_msg/msg/detail/detected__rosidl_typesupport_fastrtps_cpp.hpp
-- Installing: /home/etern1ty/ros2_ws/matlab/custom/matlab_msg_gen/glnxa64/install/include/obj_msg/obj_msg/msg/detail/motion__rosidl_typesupport_fastrtps_cpp.hpp
-- Up-to-date: /home/etern1ty/ros2_ws/matlab/custom/matlab_msg_gen/glnxa64/install/include/obj_msg/obj_msg/msg/rosidl_typesupport_fastrtps_cpp__visibility_control.h
-- Installing: /home/etern1ty/ros2_ws/matlab/custom/matlab_msg_gen/glnxa64/install/lib/libobj_msg__rosidl_typesupport_fastrtps_cpp.so
-- Up-to-date: /home/etern1ty/ros2_ws/matlab/custom/matlab_msg_gen/glnxa64/install/include/obj_msg/obj_msg
-- Up-to-date: /home/etern1ty/ros2_ws/matlab/custom/matlab_msg_gen/glnxa64/install/include/obj_msg/obj_msg/msg
-- Up-to-date: /home/etern1ty/ros2_ws/matlab/custom/matlab_msg_gen/glnxa64/install/include/obj_msg/obj_msg/msg/detail
-- Installing: /home/etern1ty/ros2_ws/matlab/custom/matlab_msg_gen/glnxa64/install/include/obj_msg/obj_msg/msg/detail/detected__type_support.cpp
-- Installing: /home/etern1ty/ros2_ws/matlab/custom/matlab_msg_gen/glnxa64/install/include/obj_msg/obj_msg/msg/detail/motion__type_support.cpp
-- Installing: /home/etern1ty/ros2_ws/matlab/custom/matlab_msg_gen/glnxa64/install/include/obj_msg/obj_msg/msg/detail/motion__rosidl_typesupport_introspection_cpp.hpp
-- Installing: /home/etern1ty/ros2_ws/matlab/custom/matlab_msg_gen/glnxa64/install/include/obj_msg/obj_msg/msg/detail/detected__rosidl_typesupport_introspection_cpp.hpp
-- Installing: /home/etern1ty/ros2_ws/matlab/custom/matlab_msg_gen/glnxa64/install/lib/libobj_msg__rosidl_typesupport_introspection_cpp.so
-- Installing: /home/etern1ty/ros2_ws/matlab/custom/matlab_msg_gen/glnxa64/install/lib/libobj_msg__rosidl_typesupport_cpp.so
-- Installing: /home/etern1ty/ros2_ws/matlab/custom/matlab_msg_gen/glnxa64/install/share/obj_msg/msg/Detected.idl
-- Up-to-date: /home/etern1ty/ros2_ws/matlab/custom/matlab_msg_gen/glnxa64/install/share/obj_msg/msg/Motion.idl
-- Installing: /home/etern1ty/ros2_ws/matlab/custom/matlab_msg_gen/glnxa64/install/share/obj_msg/msg/Detected.msg
-- Up-to-date: /home/etern1ty/ros2_ws/matlab/custom/matlab_msg_gen/glnxa64/install/share/obj_msg/msg/Motion.msg
-- Up-to-date: /home/etern1ty/ros2_ws/matlab/custom/matlab_msg_gen/glnxa64/install/include
-- Up-to-date: /home/etern1ty/ros2_ws/matlab/custom/matlab_msg_gen/glnxa64/install/include/obj_msg
-- Up-to-date: /home/etern1ty/ros2_ws/matlab/custom/matlab_msg_gen/glnxa64/install/include/obj_msg/visibility_control.h
-- Installing: /home/etern1ty/ros2_ws/matlab/custom/matlab_msg_gen/glnxa64/install/lib/libobj_msg_matlab.so
-- Up-to-date: /home/etern1ty/ros2_ws/matlab/custom/matlab_msg_gen/glnxa64/install/m/
-- Up-to-date: /home/etern1ty/ros2_ws/matlab/custom/matlab_msg_gen/glnxa64/install/m//+ros
-- Up-to-date: /home/etern1ty/ros2_ws/matlab/custom/matlab_msg_gen/glnxa64/install/m//+ros/+internal
-- Up-to-date: /home/etern1ty/ros2_ws/matlab/custom/matlab_msg_gen/glnxa64/install/m//+ros/+internal/+ros2
-- Up-to-date: /home/etern1ty/ros2_ws/matlab/custom/matlab_msg_gen/glnxa64/install/m//+ros/+internal/+ros2/+custommessages
-- Up-to-date: /home/etern1ty/ros2_ws/matlab/custom/matlab_msg_gen/glnxa64/install/m//+ros/+internal/+ros2/+custommessages/+obj_msg
-- Installing: /home/etern1ty/ros2_ws/matlab/custom/matlab_msg_gen/glnxa64/install/m//+ros/+internal/+ros2/+custommessages/+obj_msg/detected.m
-- Up-to-date: /home/etern1ty/ros2_ws/matlab/custom/matlab_msg_gen/glnxa64/install/m//+ros/+internal/+ros2/+custommessages/+obj_msg/obj_msg_msg_Motion_2To1_Converter.m
-- Up-to-date: /home/etern1ty/ros2_ws/matlab/custom/matlab_msg_gen/glnxa64/install/m//+ros/+internal/+ros2/+custommessages/+obj_msg/motion.m
-- Installing: /home/etern1ty/ros2_ws/matlab/custom/matlab_msg_gen/glnxa64/install/m//+ros/+internal/+ros2/+custommessages/+obj_msg/obj_msg_msg_Detected_2To1_Converter.m
-- Up-to-date: /home/etern1ty/ros2_ws/matlab/custom/matlab_msg_gen/glnxa64/install/m//+ros/+internal/+ros2/+custommessages/+obj_msg/obj_msg_msg_Motion_1To2_Converter.m
-- Installing: /home/etern1ty/ros2_ws/matlab/custom/matlab_msg_gen/glnxa64/install/m//+ros/+internal/+ros2/+custommessages/+obj_msg/obj_msg_msg_Detected_1To2_Converter.m
-- Up-to-date: /home/etern1ty/ros2_ws/matlab/custom/matlab_msg_gen/glnxa64/install/share/ament_index/resource_index/package_run_dependencies/obj_msg
-- Up-to-date: /home/etern1ty/ros2_ws/matlab/custom/matlab_msg_gen/glnxa64/install/share/ament_index/resource_index/parent_prefix_path/obj_msg
-- Up-to-date: /home/etern1ty/ros2_ws/matlab/custom/matlab_msg_gen/glnxa64/install/share/obj_msg/environment/ament_prefix_path.sh
-- Installing: /home/etern1ty/ros2_ws/matlab/custom/matlab_msg_gen/glnxa64/install/share/obj_msg/environment/ament_prefix_path.dsv
-- Up-to-date: /home/etern1ty/ros2_ws/matlab/custom/matlab_msg_gen/glnxa64/install/share/obj_msg/environment/path.sh
-- Installing: /home/etern1ty/ros2_ws/matlab/custom/matlab_msg_gen/glnxa64/install/share/obj_msg/environment/path.dsv
-- Up-to-date: /home/etern1ty/ros2_ws/matlab/custom/matlab_msg_gen/glnxa64/install/share/obj_msg/local_setup.bash
-- Up-to-date: /home/etern1ty/ros2_ws/matlab/custom/matlab_msg_gen/glnxa64/install/share/obj_msg/local_setup.sh
-- Up-to-date: /home/etern1ty/ros2_ws/matlab/custom/matlab_msg_gen/glnxa64/install/share/obj_msg/local_setup.zsh
-- Installing: /home/etern1ty/ros2_ws/matlab/custom/matlab_msg_gen/glnxa64/install/share/obj_msg/local_setup.dsv
-- Installing: /home/etern1ty/ros2_ws/matlab/custom/matlab_msg_gen/glnxa64/install/share/obj_msg/package.dsv
-- Up-to-date: /home/etern1ty/ros2_ws/matlab/custom/matlab_msg_gen/glnxa64/install/share/ament_index/resource_index/packages/obj_msg
-- Up-to-date: /home/etern1ty/ros2_ws/matlab/custom/matlab_msg_gen/glnxa64/install/share/obj_msg/cmake/export_obj_msg__rosidl_generator_cExport.cmake
-- Up-to-date: /home/etern1ty/ros2_ws/matlab/custom/matlab_msg_gen/glnxa64/install/share/obj_msg/cmake/export_obj_msg__rosidl_generator_cExport-release.cmake
-- Up-to-date: /home/etern1ty/ros2_ws/matlab/custom/matlab_msg_gen/glnxa64/install/share/obj_msg/cmake/export_obj_msg__rosidl_typesupport_fastrtps_cExport.cmake
-- Up-to-date: /home/etern1ty/ros2_ws/matlab/custom/matlab_msg_gen/glnxa64/install/share/obj_msg/cmake/export_obj_msg__rosidl_typesupport_fastrtps_cExport-release.cmake
-- Up-to-date: /home/etern1ty/ros2_ws/matlab/custom/matlab_msg_gen/glnxa64/install/share/obj_msg/cmake/obj_msg__rosidl_typesupport_introspection_cExport.cmake
-- Up-to-date: /home/etern1ty/ros2_ws/matlab/custom/matlab_msg_gen/glnxa64/install/share/obj_msg/cmake/obj_msg__rosidl_typesupport_introspection_cExport-release.cmake
-- Up-to-date: /home/etern1ty/ros2_ws/matlab/custom/matlab_msg_gen/glnxa64/install/share/obj_msg/cmake/obj_msg__rosidl_typesupport_cExport.cmake
-- Up-to-date: /home/etern1ty/ros2_ws/matlab/custom/matlab_msg_gen/glnxa64/install/share/obj_msg/cmake/obj_msg__rosidl_typesupport_cExport-release.cmake
-- Up-to-date: /home/etern1ty/ros2_ws/matlab/custom/matlab_msg_gen/glnxa64/install/share/obj_msg/cmake/export_obj_msg__rosidl_generator_cppExport.cmake
-- Up-to-date: /home/etern1ty/ros2_ws/matlab/custom/matlab_msg_gen/glnxa64/install/share/obj_msg/cmake/export_obj_msg__rosidl_typesupport_fastrtps_cppExport.cmake
-- Up-to-date: /home/etern1ty/ros2_ws/matlab/custom/matlab_msg_gen/glnxa64/install/share/obj_msg/cmake/export_obj_msg__rosidl_typesupport_fastrtps_cppExport-release.cmake
-- Up-to-date: /home/etern1ty/ros2_ws/matlab/custom/matlab_msg_gen/glnxa64/install/share/obj_msg/cmake/obj_msg__rosidl_typesupport_introspection_cppExport.cmake
-- Up-to-date: /home/etern1ty/ros2_ws/matlab/custom/matlab_msg_gen/glnxa64/install/share/obj_msg/cmake/obj_msg__rosidl_typesupport_introspection_cppExport-release.cmake
-- Up-to-date: /home/etern1ty/ros2_ws/matlab/custom/matlab_msg_gen/glnxa64/install/share/obj_msg/cmake/obj_msg__rosidl_typesupport_cppExport.cmake
-- Up-to-date: /home/etern1ty/ros2_ws/matlab/custom/matlab_msg_gen/glnxa64/install/share/obj_msg/cmake/obj_msg__rosidl_typesupport_cppExport-release.cmake
-- Up-to-date: /home/etern1ty/ros2_ws/matlab/custom/matlab_msg_gen/glnxa64/install/share/obj_msg/cmake/rosidl_cmake-extras.cmake
-- Up-to-date: /home/etern1ty/ros2_ws/matlab/custom/matlab_msg_gen/glnxa64/install/share/obj_msg/cmake/ament_cmake_export_include_directories-extras.cmake
-- Up-to-date: /home/etern1ty/ros2_ws/matlab/custom/matlab_msg_gen/glnxa64/install/share/obj_msg/cmake/ament_cmake_export_libraries-extras.cmake
-- Up-to-date: /home/etern1ty/ros2_ws/matlab/custom/matlab_msg_gen/glnxa64/install/share/obj_msg/cmake/ament_cmake_export_targets-extras.cmake
-- Up-to-date: /home/etern1ty/ros2_ws/matlab/custom/matlab_msg_gen/glnxa64/install/share/obj_msg/cmake/rosidl_cmake_export_typesupport_targets-extras.cmake
-- Up-to-date: /home/etern1ty/ros2_ws/matlab/custom/matlab_msg_gen/glnxa64/install/share/obj_msg/cmake/ament_cmake_export_dependencies-extras.cmake
-- Up-to-date: /home/etern1ty/ros2_ws/matlab/custom/matlab_msg_gen/glnxa64/install/share/obj_msg/cmake/rosidl_cmake_export_typesupport_libraries-extras.cmake
-- Up-to-date: /home/etern1ty/ros2_ws/matlab/custom/matlab_msg_gen/glnxa64/install/share/obj_msg/cmake/obj_msgConfig.cmake
-- Up-to-date: /home/etern1ty/ros2_ws/matlab/custom/matlab_msg_gen/glnxa64/install/share/obj_msg/cmake/obj_msgConfig-version.cmake
-- Installing: /home/etern1ty/ros2_ws/matlab/custom/matlab_msg_gen/glnxa64/install/share/obj_msg/package.xml
