[0.056s] Invoking command in '/home/etern1ty/ros2_ws/matlab/custom/matlab_msg_gen/glnxa64/build/obj_msg': PS1=(venv) VIRTUAL_ENV_PROMPT=(venv) /usr/local/MATLAB/R2023b/bin/glnxa64/cmake/bin/cmake --build /home/etern1ty/ros2_ws/matlab/custom/matlab_msg_gen/glnxa64/build/obj_msg -- -j12 -l12
[0.090s] [0/1] Re-running CMake...
[0.115s] -- Found ament_cmake: 1.3.3 (/usr/local/MATLAB/R2023b/sys/ros2/glnxa64/ros2/share/ament_cmake/cmake)
[0.241s] -- Found ament_cmake_ros: 0.10.0 (/usr/local/MATLAB/R2023b/sys/ros2/glnxa64/ros2/share/ament_cmake_ros/cmake)
[0.241s] -- Found rosidl_typesupport_c: 2.0.0 (/usr/local/MATLAB/R2023b/sys/ros2/glnxa64/ros2/share/rosidl_typesupport_c/cmake)
[0.241s] -- Using all available rosidl_typesupport_c: rosidl_typesupport_fastrtps_c;rosidl_typesupport_introspection_c
[0.248s] -- Found rosidl_adapter: 3.1.4 (/usr/local/MATLAB/R2023b/sys/ros2/glnxa64/ros2/share/rosidl_adapter/cmake)
[0.294s] -- Found rosidl_typesupport_cpp: 2.0.0 (/usr/local/MATLAB/R2023b/sys/ros2/glnxa64/ros2/share/rosidl_typesupport_cpp/cmake)
[0.295s] -- Using all available rosidl_typesupport_cpp: rosidl_typesupport_fastrtps_cpp;rosidl_typesupport_introspection_cpp
[0.328s] -- Found rosidl_default_generators: 1.2.0 (/usr/local/MATLAB/R2023b/sys/ros2/glnxa64/ros2/share/rosidl_default_generators/cmake)
[0.332s] -- Found class_loader: 2.2.0 (/usr/local/MATLAB/R2023b/sys/ros2/glnxa64/ros2/share/class_loader/cmake)
[0.336s] -- Found rclcpp: 16.0.3 (/usr/local/MATLAB/R2023b/sys/ros2/glnxa64/ros2/share/rclcpp/cmake)
[0.428s] -- Found rmw_implementation_cmake: 6.1.1 (/usr/local/MATLAB/R2023b/sys/ros2/glnxa64/ros2/share/rmw_implementation_cmake/cmake)
[0.430s] -- Found rmw_fastrtps_cpp: 6.2.2 (/usr/local/MATLAB/R2023b/sys/ros2/glnxa64/ros2/share/rmw_fastrtps_cpp/cmake)
[0.562s] -- Using RMW implementation 'rmw_fastrtps_cpp' as default
[0.953s] -- Using all available rosidl_typesupport_c: rosidl_typesupport_fastrtps_c;rosidl_typesupport_introspection_c
[1.051s] -- Using all available rosidl_typesupport_cpp: rosidl_typesupport_fastrtps_cpp;rosidl_typesupport_introspection_cpp
[1.066s] -- Configuring done
[1.093s] -- Generating done
[1.102s] -- Build files have been written to: /home/etern1ty/ros2_ws/matlab/custom/matlab_msg_gen/glnxa64/build/obj_msg
[1.364s] [1/32] Generating C++ code for ROS interfaces
[1.413s] [2/32] Generating C code for ROS interfaces
[1.566s] [3/32] Building C object CMakeFiles/obj_msg__rosidl_generator_c.dir/rosidl_generator_c/obj_msg/msg/detail/detected__functions.c.o
[1.570s] [4/32] Building C object CMakeFiles/obj_msg__rosidl_generator_c.dir/rosidl_generator_c/obj_msg/msg/detail/motion__functions.c.o
[1.604s] [5/32] Generating C++ introspection for ROS interfaces
[1.606s] [6/32] Linking C shared library libobj_msg__rosidl_generator_c.so
[1.631s] [7/32] Generating C++ type support dispatch for ROS interfaces
[1.633s] [8/32] Generating C++ type support for eProsima Fast-RTPS
[2.001s] [9/32] Generating C type support dispatch for ROS interfaces
[2.045s] [10/32] Generating C type support for eProsima Fast-RTPS
[2.086s] [11/32] Building CXX object CMakeFiles/obj_msg__rosidl_typesupport_c.dir/rosidl_typesupport_c/obj_msg/msg/detected__type_support.cpp.o
[2.093s] [12/32] Building CXX object CMakeFiles/obj_msg__rosidl_typesupport_c.dir/rosidl_typesupport_c/obj_msg/msg/motion__type_support.cpp.o
[2.100s] [13/32] Generating C introspection for ROS interfaces
[2.165s] [14/32] Building CXX object CMakeFiles/obj_msg__rosidl_typesupport_cpp.dir/rosidl_typesupport_cpp/obj_msg/msg/detected__type_support.cpp.o
[2.181s] [15/32] Building C object CMakeFiles/obj_msg__rosidl_typesupport_introspection_c.dir/rosidl_typesupport_introspection_c/obj_msg/msg/detail/detected__type_support.c.o
[2.191s] [16/32] Building CXX object CMakeFiles/obj_msg__rosidl_typesupport_cpp.dir/rosidl_typesupport_cpp/obj_msg/msg/motion__type_support.cpp.o
[2.241s] [17/32] Building C object CMakeFiles/obj_msg__rosidl_typesupport_introspection_c.dir/rosidl_typesupport_introspection_c/obj_msg/msg/detail/motion__type_support.c.o
[2.295s] [18/32] Linking C shared library libobj_msg__rosidl_typesupport_introspection_c.so
[2.302s] [19/32] Linking CXX shared library libobj_msg__rosidl_typesupport_c.so
[2.309s] [20/32] Building CXX object CMakeFiles/obj_msg__rosidl_typesupport_introspection_cpp.dir/rosidl_typesupport_introspection_cpp/obj_msg/msg/detail/motion__type_support.cpp.o
[2.340s] [21/32] Linking CXX shared library libobj_msg__rosidl_typesupport_cpp.so
[2.341s] [22/32] Building CXX object CMakeFiles/obj_msg__rosidl_typesupport_introspection_cpp.dir/rosidl_typesupport_introspection_cpp/obj_msg/msg/detail/detected__type_support.cpp.o
[2.350s] [23/32] Building CXX object CMakeFiles/obj_msg__rosidl_typesupport_fastrtps_cpp.dir/rosidl_typesupport_fastrtps_cpp/obj_msg/msg/detail/dds_fastrtps/detected__type_support.cpp.o
[2.365s] [24/32] Building CXX object CMakeFiles/obj_msg__rosidl_typesupport_fastrtps_cpp.dir/rosidl_typesupport_fastrtps_cpp/obj_msg/msg/detail/dds_fastrtps/motion__type_support.cpp.o
[2.452s] [25/32] Linking CXX shared library libobj_msg__rosidl_typesupport_introspection_cpp.so
[2.473s] [26/32] Linking CXX shared library libobj_msg__rosidl_typesupport_fastrtps_cpp.so
[2.537s] [27/32] Building CXX object CMakeFiles/obj_msg__rosidl_typesupport_fastrtps_c.dir/rosidl_typesupport_fastrtps_c/obj_msg/msg/detail/motion__type_support_c.cpp.o
[2.555s] [28/32] Building CXX object CMakeFiles/obj_msg__rosidl_typesupport_fastrtps_c.dir/rosidl_typesupport_fastrtps_c/obj_msg/msg/detail/detected__type_support_c.cpp.o
[2.646s] [29/32] Linking CXX shared library libobj_msg__rosidl_typesupport_fastrtps_c.so
[10.572s] [30/32] Building CXX object CMakeFiles/obj_msg_matlab.dir/src/obj_msg_Motion_message.cpp.o
[10.650s] [31/32] Building CXX object CMakeFiles/obj_msg_matlab.dir/src/obj_msg_Detected_message.cpp.o
[11.406s] [32/32] Linking CXX shared library libobj_msg_matlab.so
[11.414s] Invoked command in '/home/etern1ty/ros2_ws/matlab/custom/matlab_msg_gen/glnxa64/build/obj_msg' returned '0': PS1=(venv) VIRTUAL_ENV_PROMPT=(venv) /usr/local/MATLAB/R2023b/bin/glnxa64/cmake/bin/cmake --build /home/etern1ty/ros2_ws/matlab/custom/matlab_msg_gen/glnxa64/build/obj_msg -- -j12 -l12
[11.467s] Invoking command in '/home/etern1ty/ros2_ws/matlab/custom/matlab_msg_gen/glnxa64/build/obj_msg': PS1=(venv) VIRTUAL_ENV_PROMPT=(venv) /usr/local/MATLAB/R2023b/bin/glnxa64/cmake/bin/cmake --install /home/etern1ty/ros2_ws/matlab/custom/matlab_msg_gen/glnxa64/build/obj_msg
[11.469s] -- Install configuration: "Release"
[11.471s] -- Up-to-date: /home/etern1ty/ros2_ws/matlab/custom/matlab_msg_gen/glnxa64/install/share/ament_index/resource_index/rosidl_interfaces/obj_msg
[11.471s] -- Up-to-date: /home/etern1ty/ros2_ws/matlab/custom/matlab_msg_gen/glnxa64/install/include/obj_msg/obj_msg
[11.471s] -- Up-to-date: /home/etern1ty/ros2_ws/matlab/custom/matlab_msg_gen/glnxa64/install/include/obj_msg/obj_msg/msg
[11.471s] -- Installing: /home/etern1ty/ros2_ws/matlab/custom/matlab_msg_gen/glnxa64/install/include/obj_msg/obj_msg/msg/detected.h
[11.472s] -- Up-to-date: /home/etern1ty/ros2_ws/matlab/custom/matlab_msg_gen/glnxa64/install/include/obj_msg/obj_msg/msg/detail
[11.472s] -- Installing: /home/etern1ty/ros2_ws/matlab/custom/matlab_msg_gen/glnxa64/install/include/obj_msg/obj_msg/msg/detail/detected__functions.c
[11.473s] -- Installing: /home/etern1ty/ros2_ws/matlab/custom/matlab_msg_gen/glnxa64/install/include/obj_msg/obj_msg/msg/detail/motion__type_support.h
[11.473s] -- Installing: /home/etern1ty/ros2_ws/matlab/custom/matlab_msg_gen/glnxa64/install/include/obj_msg/obj_msg/msg/detail/motion__struct.h
[11.473s] -- Installing: /home/etern1ty/ros2_ws/matlab/custom/matlab_msg_gen/glnxa64/install/include/obj_msg/obj_msg/msg/detail/detected__functions.h
[11.473s] -- Installing: /home/etern1ty/ros2_ws/matlab/custom/matlab_msg_gen/glnxa64/install/include/obj_msg/obj_msg/msg/detail/detected__struct.h
[11.473s] -- Installing: /home/etern1ty/ros2_ws/matlab/custom/matlab_msg_gen/glnxa64/install/include/obj_msg/obj_msg/msg/detail/motion__functions.h
[11.474s] -- Installing: /home/etern1ty/ros2_ws/matlab/custom/matlab_msg_gen/glnxa64/install/include/obj_msg/obj_msg/msg/detail/detected__type_support.h
[11.474s] -- Installing: /home/etern1ty/ros2_ws/matlab/custom/matlab_msg_gen/glnxa64/install/include/obj_msg/obj_msg/msg/detail/motion__functions.c
[11.474s] -- Installing: /home/etern1ty/ros2_ws/matlab/custom/matlab_msg_gen/glnxa64/install/include/obj_msg/obj_msg/msg/motion.h
[11.474s] -- Up-to-date: /home/etern1ty/ros2_ws/matlab/custom/matlab_msg_gen/glnxa64/install/include/obj_msg/obj_msg/msg/rosidl_generator_c__visibility_control.h
[11.474s] -- Up-to-date: /home/etern1ty/ros2_ws/matlab/custom/matlab_msg_gen/glnxa64/install/share/obj_msg/environment/library_path.sh
[11.474s] -- Installing: /home/etern1ty/ros2_ws/matlab/custom/matlab_msg_gen/glnxa64/install/share/obj_msg/environment/library_path.dsv
[11.475s] -- Installing: /home/etern1ty/ros2_ws/matlab/custom/matlab_msg_gen/glnxa64/install/lib/libobj_msg__rosidl_generator_c.so
[11.475s] -- Up-to-date: /home/etern1ty/ros2_ws/matlab/custom/matlab_msg_gen/glnxa64/install/include/obj_msg/obj_msg
[11.475s] -- Up-to-date: /home/etern1ty/ros2_ws/matlab/custom/matlab_msg_gen/glnxa64/install/include/obj_msg/obj_msg/msg
[11.475s] -- Up-to-date: /home/etern1ty/ros2_ws/matlab/custom/matlab_msg_gen/glnxa64/install/include/obj_msg/obj_msg/msg/rosidl_typesupport_fastrtps_c__visibility_control.h
[11.475s] -- Up-to-date: /home/etern1ty/ros2_ws/matlab/custom/matlab_msg_gen/glnxa64/install/include/obj_msg/obj_msg/msg/detail
[11.475s] -- Installing: /home/etern1ty/ros2_ws/matlab/custom/matlab_msg_gen/glnxa64/install/include/obj_msg/obj_msg/msg/detail/motion__rosidl_typesupport_fastrtps_c.h
[11.476s] -- Installing: /home/etern1ty/ros2_ws/matlab/custom/matlab_msg_gen/glnxa64/install/include/obj_msg/obj_msg/msg/detail/detected__rosidl_typesupport_fastrtps_c.h
[11.476s] -- Installing: /home/etern1ty/ros2_ws/matlab/custom/matlab_msg_gen/glnxa64/install/lib/libobj_msg__rosidl_typesupport_fastrtps_c.so
[11.476s] -- Up-to-date: /home/etern1ty/ros2_ws/matlab/custom/matlab_msg_gen/glnxa64/install/include/obj_msg/obj_msg
[11.476s] -- Up-to-date: /home/etern1ty/ros2_ws/matlab/custom/matlab_msg_gen/glnxa64/install/include/obj_msg/obj_msg/msg
[11.476s] -- Up-to-date: /home/etern1ty/ros2_ws/matlab/custom/matlab_msg_gen/glnxa64/install/include/obj_msg/obj_msg/msg/detail
[11.476s] -- Installing: /home/etern1ty/ros2_ws/matlab/custom/matlab_msg_gen/glnxa64/install/include/obj_msg/obj_msg/msg/detail/detected__type_support.c
[11.477s] -- Installing: /home/etern1ty/ros2_ws/matlab/custom/matlab_msg_gen/glnxa64/install/include/obj_msg/obj_msg/msg/detail/motion__rosidl_typesupport_introspection_c.h
[11.477s] -- Installing: /home/etern1ty/ros2_ws/matlab/custom/matlab_msg_gen/glnxa64/install/include/obj_msg/obj_msg/msg/detail/detected__rosidl_typesupport_introspection_c.h
[11.477s] -- Installing: /home/etern1ty/ros2_ws/matlab/custom/matlab_msg_gen/glnxa64/install/include/obj_msg/obj_msg/msg/detail/motion__type_support.c
[11.477s] -- Up-to-date: /home/etern1ty/ros2_ws/matlab/custom/matlab_msg_gen/glnxa64/install/include/obj_msg/obj_msg/msg/rosidl_typesupport_introspection_c__visibility_control.h
[11.477s] -- Installing: /home/etern1ty/ros2_ws/matlab/custom/matlab_msg_gen/glnxa64/install/lib/libobj_msg__rosidl_typesupport_introspection_c.so
[11.478s] -- Installing: /home/etern1ty/ros2_ws/matlab/custom/matlab_msg_gen/glnxa64/install/lib/libobj_msg__rosidl_typesupport_c.so
[11.478s] -- Up-to-date: /home/etern1ty/ros2_ws/matlab/custom/matlab_msg_gen/glnxa64/install/include/obj_msg/obj_msg
[11.478s] -- Up-to-date: /home/etern1ty/ros2_ws/matlab/custom/matlab_msg_gen/glnxa64/install/include/obj_msg/obj_msg/msg
[11.478s] -- Installing: /home/etern1ty/ros2_ws/matlab/custom/matlab_msg_gen/glnxa64/install/include/obj_msg/obj_msg/msg/detected.hpp
[11.479s] -- Up-to-date: /home/etern1ty/ros2_ws/matlab/custom/matlab_msg_gen/glnxa64/install/include/obj_msg/obj_msg/msg/detail
[11.479s] -- Installing: /home/etern1ty/ros2_ws/matlab/custom/matlab_msg_gen/glnxa64/install/include/obj_msg/obj_msg/msg/detail/motion__builder.hpp
[11.479s] -- Installing: /home/etern1ty/ros2_ws/matlab/custom/matlab_msg_gen/glnxa64/install/include/obj_msg/obj_msg/msg/detail/detected__struct.hpp
[11.479s] -- Installing: /home/etern1ty/ros2_ws/matlab/custom/matlab_msg_gen/glnxa64/install/include/obj_msg/obj_msg/msg/detail/detected__traits.hpp
[11.479s] -- Installing: /home/etern1ty/ros2_ws/matlab/custom/matlab_msg_gen/glnxa64/install/include/obj_msg/obj_msg/msg/detail/motion__struct.hpp
[11.480s] -- Installing: /home/etern1ty/ros2_ws/matlab/custom/matlab_msg_gen/glnxa64/install/include/obj_msg/obj_msg/msg/detail/motion__traits.hpp
[11.480s] -- Installing: /home/etern1ty/ros2_ws/matlab/custom/matlab_msg_gen/glnxa64/install/include/obj_msg/obj_msg/msg/detail/detected__builder.hpp
[11.480s] -- Installing: /home/etern1ty/ros2_ws/matlab/custom/matlab_msg_gen/glnxa64/install/include/obj_msg/obj_msg/msg/motion.hpp
[11.480s] -- Up-to-date: /home/etern1ty/ros2_ws/matlab/custom/matlab_msg_gen/glnxa64/install/include/obj_msg/obj_msg
[11.480s] -- Up-to-date: /home/etern1ty/ros2_ws/matlab/custom/matlab_msg_gen/glnxa64/install/include/obj_msg/obj_msg/msg
[11.480s] -- Up-to-date: /home/etern1ty/ros2_ws/matlab/custom/matlab_msg_gen/glnxa64/install/include/obj_msg/obj_msg/msg/detail
[11.480s] -- Up-to-date: /home/etern1ty/ros2_ws/matlab/custom/matlab_msg_gen/glnxa64/install/include/obj_msg/obj_msg/msg/detail/dds_fastrtps
[11.481s] -- Installing: /home/etern1ty/ros2_ws/matlab/custom/matlab_msg_gen/glnxa64/install/include/obj_msg/obj_msg/msg/detail/detected__rosidl_typesupport_fastrtps_cpp.hpp
[11.481s] -- Installing: /home/etern1ty/ros2_ws/matlab/custom/matlab_msg_gen/glnxa64/install/include/obj_msg/obj_msg/msg/detail/motion__rosidl_typesupport_fastrtps_cpp.hpp
[11.481s] -- Up-to-date: /home/etern1ty/ros2_ws/matlab/custom/matlab_msg_gen/glnxa64/install/include/obj_msg/obj_msg/msg/rosidl_typesupport_fastrtps_cpp__visibility_control.h
[11.481s] -- Installing: /home/etern1ty/ros2_ws/matlab/custom/matlab_msg_gen/glnxa64/install/lib/libobj_msg__rosidl_typesupport_fastrtps_cpp.so
[11.481s] -- Up-to-date: /home/etern1ty/ros2_ws/matlab/custom/matlab_msg_gen/glnxa64/install/include/obj_msg/obj_msg
[11.482s] -- Up-to-date: /home/etern1ty/ros2_ws/matlab/custom/matlab_msg_gen/glnxa64/install/include/obj_msg/obj_msg/msg
[11.482s] -- Up-to-date: /home/etern1ty/ros2_ws/matlab/custom/matlab_msg_gen/glnxa64/install/include/obj_msg/obj_msg/msg/detail
[11.482s] -- Installing: /home/etern1ty/ros2_ws/matlab/custom/matlab_msg_gen/glnxa64/install/include/obj_msg/obj_msg/msg/detail/detected__type_support.cpp
[11.482s] -- Installing: /home/etern1ty/ros2_ws/matlab/custom/matlab_msg_gen/glnxa64/install/include/obj_msg/obj_msg/msg/detail/motion__type_support.cpp
[11.482s] -- Installing: /home/etern1ty/ros2_ws/matlab/custom/matlab_msg_gen/glnxa64/install/include/obj_msg/obj_msg/msg/detail/motion__rosidl_typesupport_introspection_cpp.hpp
[11.482s] -- Installing: /home/etern1ty/ros2_ws/matlab/custom/matlab_msg_gen/glnxa64/install/include/obj_msg/obj_msg/msg/detail/detected__rosidl_typesupport_introspection_cpp.hpp
[11.482s] -- Installing: /home/etern1ty/ros2_ws/matlab/custom/matlab_msg_gen/glnxa64/install/lib/libobj_msg__rosidl_typesupport_introspection_cpp.so
[11.483s] -- Installing: /home/etern1ty/ros2_ws/matlab/custom/matlab_msg_gen/glnxa64/install/lib/libobj_msg__rosidl_typesupport_cpp.so
[11.483s] -- Installing: /home/etern1ty/ros2_ws/matlab/custom/matlab_msg_gen/glnxa64/install/share/obj_msg/msg/Detected.idl
[11.484s] -- Up-to-date: /home/etern1ty/ros2_ws/matlab/custom/matlab_msg_gen/glnxa64/install/share/obj_msg/msg/Motion.idl
[11.484s] -- Installing: /home/etern1ty/ros2_ws/matlab/custom/matlab_msg_gen/glnxa64/install/share/obj_msg/msg/Detected.msg
[11.484s] -- Up-to-date: /home/etern1ty/ros2_ws/matlab/custom/matlab_msg_gen/glnxa64/install/share/obj_msg/msg/Motion.msg
[11.484s] -- Up-to-date: /home/etern1ty/ros2_ws/matlab/custom/matlab_msg_gen/glnxa64/install/include
[11.484s] -- Up-to-date: /home/etern1ty/ros2_ws/matlab/custom/matlab_msg_gen/glnxa64/install/include/obj_msg
[11.484s] -- Up-to-date: /home/etern1ty/ros2_ws/matlab/custom/matlab_msg_gen/glnxa64/install/include/obj_msg/visibility_control.h
[11.484s] -- Installing: /home/etern1ty/ros2_ws/matlab/custom/matlab_msg_gen/glnxa64/install/lib/libobj_msg_matlab.so
[11.498s] -- Up-to-date: /home/etern1ty/ros2_ws/matlab/custom/matlab_msg_gen/glnxa64/install/m/
[11.498s] -- Up-to-date: /home/etern1ty/ros2_ws/matlab/custom/matlab_msg_gen/glnxa64/install/m//+ros
[11.498s] -- Up-to-date: /home/etern1ty/ros2_ws/matlab/custom/matlab_msg_gen/glnxa64/install/m//+ros/+internal
[11.499s] -- Up-to-date: /home/etern1ty/ros2_ws/matlab/custom/matlab_msg_gen/glnxa64/install/m//+ros/+internal/+ros2
[11.499s] -- Up-to-date: /home/etern1ty/ros2_ws/matlab/custom/matlab_msg_gen/glnxa64/install/m//+ros/+internal/+ros2/+custommessages
[11.499s] -- Up-to-date: /home/etern1ty/ros2_ws/matlab/custom/matlab_msg_gen/glnxa64/install/m//+ros/+internal/+ros2/+custommessages/+obj_msg
[11.500s] -- Installing: /home/etern1ty/ros2_ws/matlab/custom/matlab_msg_gen/glnxa64/install/m//+ros/+internal/+ros2/+custommessages/+obj_msg/detected.m
[11.500s] -- Up-to-date: /home/etern1ty/ros2_ws/matlab/custom/matlab_msg_gen/glnxa64/install/m//+ros/+internal/+ros2/+custommessages/+obj_msg/obj_msg_msg_Motion_2To1_Converter.m
[11.500s] -- Up-to-date: /home/etern1ty/ros2_ws/matlab/custom/matlab_msg_gen/glnxa64/install/m//+ros/+internal/+ros2/+custommessages/+obj_msg/motion.m
[11.500s] -- Installing: /home/etern1ty/ros2_ws/matlab/custom/matlab_msg_gen/glnxa64/install/m//+ros/+internal/+ros2/+custommessages/+obj_msg/obj_msg_msg_Detected_2To1_Converter.m
[11.501s] -- Up-to-date: /home/etern1ty/ros2_ws/matlab/custom/matlab_msg_gen/glnxa64/install/m//+ros/+internal/+ros2/+custommessages/+obj_msg/obj_msg_msg_Motion_1To2_Converter.m
[11.501s] -- Installing: /home/etern1ty/ros2_ws/matlab/custom/matlab_msg_gen/glnxa64/install/m//+ros/+internal/+ros2/+custommessages/+obj_msg/obj_msg_msg_Detected_1To2_Converter.m
[11.501s] -- Up-to-date: /home/etern1ty/ros2_ws/matlab/custom/matlab_msg_gen/glnxa64/install/share/ament_index/resource_index/package_run_dependencies/obj_msg
[11.502s] -- Up-to-date: /home/etern1ty/ros2_ws/matlab/custom/matlab_msg_gen/glnxa64/install/share/ament_index/resource_index/parent_prefix_path/obj_msg
[11.502s] -- Up-to-date: /home/etern1ty/ros2_ws/matlab/custom/matlab_msg_gen/glnxa64/install/share/obj_msg/environment/ament_prefix_path.sh
[11.502s] -- Installing: /home/etern1ty/ros2_ws/matlab/custom/matlab_msg_gen/glnxa64/install/share/obj_msg/environment/ament_prefix_path.dsv
[11.502s] -- Up-to-date: /home/etern1ty/ros2_ws/matlab/custom/matlab_msg_gen/glnxa64/install/share/obj_msg/environment/path.sh
[11.502s] -- Installing: /home/etern1ty/ros2_ws/matlab/custom/matlab_msg_gen/glnxa64/install/share/obj_msg/environment/path.dsv
[11.502s] -- Up-to-date: /home/etern1ty/ros2_ws/matlab/custom/matlab_msg_gen/glnxa64/install/share/obj_msg/local_setup.bash
[11.502s] -- Up-to-date: /home/etern1ty/ros2_ws/matlab/custom/matlab_msg_gen/glnxa64/install/share/obj_msg/local_setup.sh
[11.503s] -- Up-to-date: /home/etern1ty/ros2_ws/matlab/custom/matlab_msg_gen/glnxa64/install/share/obj_msg/local_setup.zsh
[11.503s] -- Installing: /home/etern1ty/ros2_ws/matlab/custom/matlab_msg_gen/glnxa64/install/share/obj_msg/local_setup.dsv
[11.503s] -- Installing: /home/etern1ty/ros2_ws/matlab/custom/matlab_msg_gen/glnxa64/install/share/obj_msg/package.dsv
[11.503s] -- Up-to-date: /home/etern1ty/ros2_ws/matlab/custom/matlab_msg_gen/glnxa64/install/share/ament_index/resource_index/packages/obj_msg
[11.504s] -- Up-to-date: /home/etern1ty/ros2_ws/matlab/custom/matlab_msg_gen/glnxa64/install/share/obj_msg/cmake/export_obj_msg__rosidl_generator_cExport.cmake
[11.504s] -- Up-to-date: /home/etern1ty/ros2_ws/matlab/custom/matlab_msg_gen/glnxa64/install/share/obj_msg/cmake/export_obj_msg__rosidl_generator_cExport-release.cmake
[11.504s] -- Up-to-date: /home/etern1ty/ros2_ws/matlab/custom/matlab_msg_gen/glnxa64/install/share/obj_msg/cmake/export_obj_msg__rosidl_typesupport_fastrtps_cExport.cmake
[11.504s] -- Up-to-date: /home/etern1ty/ros2_ws/matlab/custom/matlab_msg_gen/glnxa64/install/share/obj_msg/cmake/export_obj_msg__rosidl_typesupport_fastrtps_cExport-release.cmake
[11.504s] -- Up-to-date: /home/etern1ty/ros2_ws/matlab/custom/matlab_msg_gen/glnxa64/install/share/obj_msg/cmake/obj_msg__rosidl_typesupport_introspection_cExport.cmake
[11.504s] -- Up-to-date: /home/etern1ty/ros2_ws/matlab/custom/matlab_msg_gen/glnxa64/install/share/obj_msg/cmake/obj_msg__rosidl_typesupport_introspection_cExport-release.cmake
[11.505s] -- Up-to-date: /home/etern1ty/ros2_ws/matlab/custom/matlab_msg_gen/glnxa64/install/share/obj_msg/cmake/obj_msg__rosidl_typesupport_cExport.cmake
[11.505s] -- Up-to-date: /home/etern1ty/ros2_ws/matlab/custom/matlab_msg_gen/glnxa64/install/share/obj_msg/cmake/obj_msg__rosidl_typesupport_cExport-release.cmake
[11.505s] -- Up-to-date: /home/etern1ty/ros2_ws/matlab/custom/matlab_msg_gen/glnxa64/install/share/obj_msg/cmake/export_obj_msg__rosidl_generator_cppExport.cmake
[11.505s] -- Up-to-date: /home/etern1ty/ros2_ws/matlab/custom/matlab_msg_gen/glnxa64/install/share/obj_msg/cmake/export_obj_msg__rosidl_typesupport_fastrtps_cppExport.cmake
[11.506s] -- Up-to-date: /home/etern1ty/ros2_ws/matlab/custom/matlab_msg_gen/glnxa64/install/share/obj_msg/cmake/export_obj_msg__rosidl_typesupport_fastrtps_cppExport-release.cmake
[11.506s] -- Up-to-date: /home/etern1ty/ros2_ws/matlab/custom/matlab_msg_gen/glnxa64/install/share/obj_msg/cmake/obj_msg__rosidl_typesupport_introspection_cppExport.cmake
[11.506s] -- Up-to-date: /home/etern1ty/ros2_ws/matlab/custom/matlab_msg_gen/glnxa64/install/share/obj_msg/cmake/obj_msg__rosidl_typesupport_introspection_cppExport-release.cmake
[11.507s] -- Up-to-date: /home/etern1ty/ros2_ws/matlab/custom/matlab_msg_gen/glnxa64/install/share/obj_msg/cmake/obj_msg__rosidl_typesupport_cppExport.cmake
[11.507s] -- Up-to-date: /home/etern1ty/ros2_ws/matlab/custom/matlab_msg_gen/glnxa64/install/share/obj_msg/cmake/obj_msg__rosidl_typesupport_cppExport-release.cmake
[11.507s] -- Up-to-date: /home/etern1ty/ros2_ws/matlab/custom/matlab_msg_gen/glnxa64/install/share/obj_msg/cmake/rosidl_cmake-extras.cmake
[11.507s] -- Up-to-date: /home/etern1ty/ros2_ws/matlab/custom/matlab_msg_gen/glnxa64/install/share/obj_msg/cmake/ament_cmake_export_include_directories-extras.cmake
[11.507s] -- Up-to-date: /home/etern1ty/ros2_ws/matlab/custom/matlab_msg_gen/glnxa64/install/share/obj_msg/cmake/ament_cmake_export_libraries-extras.cmake
[11.507s] -- Up-to-date: /home/etern1ty/ros2_ws/matlab/custom/matlab_msg_gen/glnxa64/install/share/obj_msg/cmake/ament_cmake_export_targets-extras.cmake
[11.507s] -- Up-to-date: /home/etern1ty/ros2_ws/matlab/custom/matlab_msg_gen/glnxa64/install/share/obj_msg/cmake/rosidl_cmake_export_typesupport_targets-extras.cmake
[11.507s] -- Up-to-date: /home/etern1ty/ros2_ws/matlab/custom/matlab_msg_gen/glnxa64/install/share/obj_msg/cmake/ament_cmake_export_dependencies-extras.cmake
[11.507s] -- Up-to-date: /home/etern1ty/ros2_ws/matlab/custom/matlab_msg_gen/glnxa64/install/share/obj_msg/cmake/rosidl_cmake_export_typesupport_libraries-extras.cmake
[11.507s] -- Up-to-date: /home/etern1ty/ros2_ws/matlab/custom/matlab_msg_gen/glnxa64/install/share/obj_msg/cmake/obj_msgConfig.cmake
[11.507s] -- Up-to-date: /home/etern1ty/ros2_ws/matlab/custom/matlab_msg_gen/glnxa64/install/share/obj_msg/cmake/obj_msgConfig-version.cmake
[11.508s] -- Installing: /home/etern1ty/ros2_ws/matlab/custom/matlab_msg_gen/glnxa64/install/share/obj_msg/package.xml
[11.509s] Invoked command in '/home/etern1ty/ros2_ws/matlab/custom/matlab_msg_gen/glnxa64/build/obj_msg' returned '0': PS1=(venv) VIRTUAL_ENV_PROMPT=(venv) /usr/local/MATLAB/R2023b/bin/glnxa64/cmake/bin/cmake --install /home/etern1ty/ros2_ws/matlab/custom/matlab_msg_gen/glnxa64/build/obj_msg
