[1.108s] Invoking command in '/home/etern1ty/ros2_ws/src/src/examples/rclpy/services/minimal_service': PYTHONPATH=/home/etern1ty/ros2_ws/build/examples_rclpy_minimal_service/prefix_override:/home/etern1ty/ros2_ws/install/examples_rclpy_minimal_service/lib/python3.10/site-packages:${PYTHONPATH} /usr/bin/python3 setup.py egg_info --egg-base ../../../../../../build/examples_rclpy_minimal_service build --build-base /home/etern1ty/ros2_ws/build/examples_rclpy_minimal_service/build install --record /home/etern1ty/ros2_ws/build/examples_rclpy_minimal_service/install.log --single-version-externally-managed
[1.338s] running egg_info
[1.339s] writing ../../../../../../build/examples_rclpy_minimal_service/examples_rclpy_minimal_service.egg-info/PKG-INFO
[1.339s] writing dependency_links to ../../../../../../build/examples_rclpy_minimal_service/examples_rclpy_minimal_service.egg-info/dependency_links.txt
[1.339s] writing entry points to ../../../../../../build/examples_rclpy_minimal_service/examples_rclpy_minimal_service.egg-info/entry_points.txt
[1.339s] writing requirements to ../../../../../../build/examples_rclpy_minimal_service/examples_rclpy_minimal_service.egg-info/requires.txt
[1.340s] writing top-level names to ../../../../../../build/examples_rclpy_minimal_service/examples_rclpy_minimal_service.egg-info/top_level.txt
[1.342s] reading manifest file '../../../../../../build/examples_rclpy_minimal_service/examples_rclpy_minimal_service.egg-info/SOURCES.txt'
[1.343s] writing manifest file '../../../../../../build/examples_rclpy_minimal_service/examples_rclpy_minimal_service.egg-info/SOURCES.txt'
[1.343s] running build
[1.343s] running build_py
[1.344s] running install
[1.345s] running install_lib
[1.346s] running install_data
[1.347s] running install_egg_info
[1.349s] removing '/home/etern1ty/ros2_ws/install/examples_rclpy_minimal_service/lib/python3.10/site-packages/examples_rclpy_minimal_service-0.15.1-py3.10.egg-info' (and everything under it)
[1.349s] Copying ../../../../../../build/examples_rclpy_minimal_service/examples_rclpy_minimal_service.egg-info to /home/etern1ty/ros2_ws/install/examples_rclpy_minimal_service/lib/python3.10/site-packages/examples_rclpy_minimal_service-0.15.1-py3.10.egg-info
[1.350s] running install_scripts
[1.368s] Installing service script to /home/etern1ty/ros2_ws/install/examples_rclpy_minimal_service/lib/examples_rclpy_minimal_service
[1.369s] Installing service_member_function script to /home/etern1ty/ros2_ws/install/examples_rclpy_minimal_service/lib/examples_rclpy_minimal_service
[1.369s] writing list of installed files to '/home/etern1ty/ros2_ws/build/examples_rclpy_minimal_service/install.log'
[1.409s] Invoked command in '/home/etern1ty/ros2_ws/src/src/examples/rclpy/services/minimal_service' returned '0': PYTHONPATH=/home/etern1ty/ros2_ws/build/examples_rclpy_minimal_service/prefix_override:/home/etern1ty/ros2_ws/install/examples_rclpy_minimal_service/lib/python3.10/site-packages:${PYTHONPATH} /usr/bin/python3 setup.py egg_info --egg-base ../../../../../../build/examples_rclpy_minimal_service build --build-base /home/etern1ty/ros2_ws/build/examples_rclpy_minimal_service/build install --record /home/etern1ty/ros2_ws/build/examples_rclpy_minimal_service/install.log --single-version-externally-managed
