[  3%] Built target pub_controller__cpp
[ 12%] Built target pub_controller__rosidl_generator_c
[ 12%] Built target ament_cmake_python_copy_pub_controller
[ 21%] Built target pub_controller__rosidl_typesupport_fastrtps_cpp
[ 30%] Built target pub_controller__rosidl_typesupport_introspection_cpp
[ 39%] Built target pub_controller__rosidl_typesupport_cpp
[ 66%] Built target pub_controller__rosidl_typesupport_introspection_c
[ 66%] Built target pub_controller__rosidl_typesupport_c
[ 66%] Built target pub_controller__rosidl_typesupport_fastrtps_c
[35m[1mConsolidate compiler generated dependencies of target controller[0m
[ 66%] Built target pub_controller
[ 69%] [32mBuilding CXX object CMakeFiles/controller.dir/src/pub_func.cpp.o[0m
[ 72%] Built target pub_controller__py
[ 78%] Built target pub_controller__rosidl_generator_py
[ 90%] Built target pub_controller__rosidl_typesupport_introspection_c__pyext
[ 90%] Built target pub_controller__rosidl_typesupport_fastrtps_c__pyext
[ 96%] Built target pub_controller__rosidl_typesupport_c__pyext
running egg_info
writing pub_controller.egg-info/PKG-INFO
writing dependency_links to pub_controller.egg-info/dependency_links.txt
writing top-level names to pub_controller.egg-info/top_level.txt
reading manifest file 'pub_controller.egg-info/SOURCES.txt'
writing manifest file 'pub_controller.egg-info/SOURCES.txt'
[ 96%] Built target ament_cmake_python_build_pub_controller_egg
[01m[K/home/etern1ty/ros2_ws/src/pub_controller/src/pub_func.cpp:[m[K In constructor ‘[01m[KController::Controller()[m[K’:
[01m[K/home/etern1ty/ros2_ws/src/pub_controller/src/pub_func.cpp:69:6:[m[K [01;31m[Kerror: [m[Kexpected ‘[01m[K)[m[K’ before ‘[01m[K;[m[K’ token
   69 |     )[01;31m[K;[m[K
      |      [01;31m[K^[m[K
[01m[K/home/etern1ty/ros2_ws/src/pub_controller/src/pub_func.cpp:67:67:[m[K [01;36m[Knote: [m[Kto match this ‘[01m[K([m[K’
   67 |     subscriber_ = this->create_subscription<sensor_msgs::msg::Joy>[01;36m[K([m[K
      |                                                                   [01;36m[K^[m[K
gmake[2]: *** [CMakeFiles/controller.dir/build.make:76: CMakeFiles/controller.dir/src/pub_func.cpp.o] Error 1
gmake[1]: *** [CMakeFiles/Makefile2:593: CMakeFiles/controller.dir/all] Error 2
gmake: *** [Makefile:146: all] Error 2
