[0.050s] Invoking command in '/home/etern1ty/ros2_ws/build/ros2_color_detection': CMAKE_PREFIX_PATH=/opt/ros/humble /usr/bin/cmake --build /home/etern1ty/ros2_ws/build/ros2_color_detection -- -j12 -l12
[0.117s] [100%] Built target color_detection
[0.131s] Invoked command in '/home/etern1ty/ros2_ws/build/ros2_color_detection' returned '0': CMAKE_PREFIX_PATH=/opt/ros/humble /usr/bin/cmake --build /home/etern1ty/ros2_ws/build/ros2_color_detection -- -j12 -l12
[0.160s] Invoking command in '/home/etern1ty/ros2_ws/build/ros2_color_detection': CMAKE_PREFIX_PATH=/opt/ros/humble /usr/bin/cmake --install /home/etern1ty/ros2_ws/build/ros2_color_detection
[0.168s] -- Install configuration: ""
[0.169s] -- Up-to-date: /home/etern1ty/ros2_ws/install/ros2_color_detection/lib/ros2_color_detection/color_detection
[0.169s] -- Up-to-date: /home/etern1ty/ros2_ws/install/ros2_color_detection/share/ament_index/resource_index/package_run_dependencies/ros2_color_detection
[0.169s] -- Up-to-date: /home/etern1ty/ros2_ws/install/ros2_color_detection/share/ament_index/resource_index/parent_prefix_path/ros2_color_detection
[0.169s] -- Up-to-date: /home/etern1ty/ros2_ws/install/ros2_color_detection/share/ros2_color_detection/environment/ament_prefix_path.sh
[0.169s] -- Up-to-date: /home/etern1ty/ros2_ws/install/ros2_color_detection/share/ros2_color_detection/environment/ament_prefix_path.dsv
[0.169s] -- Up-to-date: /home/etern1ty/ros2_ws/install/ros2_color_detection/share/ros2_color_detection/environment/path.sh
[0.169s] -- Up-to-date: /home/etern1ty/ros2_ws/install/ros2_color_detection/share/ros2_color_detection/environment/path.dsv
[0.169s] -- Up-to-date: /home/etern1ty/ros2_ws/install/ros2_color_detection/share/ros2_color_detection/local_setup.bash
[0.170s] -- Up-to-date: /home/etern1ty/ros2_ws/install/ros2_color_detection/share/ros2_color_detection/local_setup.sh
[0.170s] -- Up-to-date: /home/etern1ty/ros2_ws/install/ros2_color_detection/share/ros2_color_detection/local_setup.zsh
[0.170s] -- Up-to-date: /home/etern1ty/ros2_ws/install/ros2_color_detection/share/ros2_color_detection/local_setup.dsv
[0.170s] -- Installing: /home/etern1ty/ros2_ws/install/ros2_color_detection/share/ros2_color_detection/package.dsv
[0.170s] -- Up-to-date: /home/etern1ty/ros2_ws/install/ros2_color_detection/share/ament_index/resource_index/packages/ros2_color_detection
[0.171s] -- Up-to-date: /home/etern1ty/ros2_ws/install/ros2_color_detection/share/ros2_color_detection/cmake/ament_cmake_export_dependencies-extras.cmake
[0.171s] -- Up-to-date: /home/etern1ty/ros2_ws/install/ros2_color_detection/share/ros2_color_detection/cmake/ros2_color_detectionConfig.cmake
[0.171s] -- Up-to-date: /home/etern1ty/ros2_ws/install/ros2_color_detection/share/ros2_color_detection/cmake/ros2_color_detectionConfig-version.cmake
[0.171s] -- Up-to-date: /home/etern1ty/ros2_ws/install/ros2_color_detection/share/ros2_color_detection/package.xml
[0.173s] Invoked command in '/home/etern1ty/ros2_ws/build/ros2_color_detection' returned '0': CMAKE_PREFIX_PATH=/opt/ros/humble /usr/bin/cmake --install /home/etern1ty/ros2_ws/build/ros2_color_detection
