[0.855s] Invoking command in '/home/etern1ty/ros2_ws/src/src/examples/rclpy/services/minimal_client': PYTHONPATH=/home/etern1ty/ros2_ws/build/examples_rclpy_minimal_client/prefix_override:/home/etern1ty/ros2_ws/install/examples_rclpy_minimal_client/lib/python3.10/site-packages:${PYTHONPATH} /usr/bin/python3 setup.py egg_info --egg-base ../../../../../../build/examples_rclpy_minimal_client build --build-base /home/etern1ty/ros2_ws/build/examples_rclpy_minimal_client/build install --record /home/etern1ty/ros2_ws/build/examples_rclpy_minimal_client/install.log --single-version-externally-managed
[1.039s] running egg_info
[1.052s] writing ../../../../../../build/examples_rclpy_minimal_client/examples_rclpy_minimal_client.egg-info/PKG-INFO
[1.058s] writing dependency_links to ../../../../../../build/examples_rclpy_minimal_client/examples_rclpy_minimal_client.egg-info/dependency_links.txt
[1.058s] writing entry points to ../../../../../../build/examples_rclpy_minimal_client/examples_rclpy_minimal_client.egg-info/entry_points.txt
[1.059s] writing requirements to ../../../../../../build/examples_rclpy_minimal_client/examples_rclpy_minimal_client.egg-info/requires.txt
[1.059s] writing top-level names to ../../../../../../build/examples_rclpy_minimal_client/examples_rclpy_minimal_client.egg-info/top_level.txt
[1.086s] reading manifest file '../../../../../../build/examples_rclpy_minimal_client/examples_rclpy_minimal_client.egg-info/SOURCES.txt'
[1.088s] writing manifest file '../../../../../../build/examples_rclpy_minimal_client/examples_rclpy_minimal_client.egg-info/SOURCES.txt'
[1.088s] running build
[1.088s] running build_py
[1.088s] copying examples_rclpy_minimal_client/client_async_callback.py -> /home/etern1ty/ros2_ws/build/examples_rclpy_minimal_client/build/lib/examples_rclpy_minimal_client
[1.089s] copying examples_rclpy_minimal_client/__init__.py -> /home/etern1ty/ros2_ws/build/examples_rclpy_minimal_client/build/lib/examples_rclpy_minimal_client
[1.089s] copying examples_rclpy_minimal_client/client_async_member_function.py -> /home/etern1ty/ros2_ws/build/examples_rclpy_minimal_client/build/lib/examples_rclpy_minimal_client
[1.089s] copying examples_rclpy_minimal_client/client_async.py -> /home/etern1ty/ros2_ws/build/examples_rclpy_minimal_client/build/lib/examples_rclpy_minimal_client
[1.089s] copying examples_rclpy_minimal_client/client.py -> /home/etern1ty/ros2_ws/build/examples_rclpy_minimal_client/build/lib/examples_rclpy_minimal_client
[1.090s] running install
[1.090s] /home/etern1ty/.local/lib/python3.10/site-packages/setuptools/_distutils/cmd.py:66: SetuptoolsDeprecationWarning: setup.py install is deprecated.
[1.090s] !!
[1.090s] 
[1.090s]         ********************************************************************************
[1.090s]         Please avoid running ``setup.py`` directly.
[1.090s]         Instead, use pypa/build, pypa/installer or other
[1.090s]         standards-based tools.
[1.090s] 
[1.090s]         See https://blog.ganssle.io/articles/2021/10/setup-py-deprecated.html for details.
[1.090s]         ********************************************************************************
[1.090s] 
[1.090s] !!
[1.091s]   self.initialize_options()
[1.095s] running install_lib
[1.110s] running install_data
[1.123s] copying resource/examples_rclpy_minimal_client -> /home/etern1ty/ros2_ws/install/examples_rclpy_minimal_client/share/ament_index/resource_index/packages
[1.124s] copying package.xml -> /home/etern1ty/ros2_ws/install/examples_rclpy_minimal_client/share/examples_rclpy_minimal_client
[1.124s] running install_egg_info
[1.138s] removing '/home/etern1ty/ros2_ws/install/examples_rclpy_minimal_client/lib/python3.10/site-packages/examples_rclpy_minimal_client-0.15.1-py3.10.egg-info' (and everything under it)
[1.138s] Copying ../../../../../../build/examples_rclpy_minimal_client/examples_rclpy_minimal_client.egg-info to /home/etern1ty/ros2_ws/install/examples_rclpy_minimal_client/lib/python3.10/site-packages/examples_rclpy_minimal_client-0.15.1-py3.10.egg-info
[1.139s] running install_scripts
[1.264s] Installing client script to /home/etern1ty/ros2_ws/install/examples_rclpy_minimal_client/lib/examples_rclpy_minimal_client
[1.270s] Installing client_async script to /home/etern1ty/ros2_ws/install/examples_rclpy_minimal_client/lib/examples_rclpy_minimal_client
[1.271s] Installing client_async_callback script to /home/etern1ty/ros2_ws/install/examples_rclpy_minimal_client/lib/examples_rclpy_minimal_client
[1.271s] Installing client_async_member_function script to /home/etern1ty/ros2_ws/install/examples_rclpy_minimal_client/lib/examples_rclpy_minimal_client
[1.272s] writing list of installed files to '/home/etern1ty/ros2_ws/build/examples_rclpy_minimal_client/install.log'
[1.305s] Invoked command in '/home/etern1ty/ros2_ws/src/src/examples/rclpy/services/minimal_client' returned '0': PYTHONPATH=/home/etern1ty/ros2_ws/build/examples_rclpy_minimal_client/prefix_override:/home/etern1ty/ros2_ws/install/examples_rclpy_minimal_client/lib/python3.10/site-packages:${PYTHONPATH} /usr/bin/python3 setup.py egg_info --egg-base ../../../../../../build/examples_rclpy_minimal_client build --build-base /home/etern1ty/ros2_ws/build/examples_rclpy_minimal_client/build install --record /home/etern1ty/ros2_ws/build/examples_rclpy_minimal_client/install.log --single-version-externally-managed
