[0.865s] Invoking command in '/home/etern1ty/ros2_ws/src/src/examples/rclpy/topics/pointcloud_publisher': PYTHONPATH=/home/etern1ty/ros2_ws/build/examples_rclpy_pointcloud_publisher/prefix_override:/home/etern1ty/ros2_ws/install/examples_rclpy_pointcloud_publisher/lib/python3.10/site-packages:${PYTHONPATH} /usr/bin/python3 setup.py egg_info --egg-base ../../../../../../build/examples_rclpy_pointcloud_publisher build --build-base /home/etern1ty/ros2_ws/build/examples_rclpy_pointcloud_publisher/build install --record /home/etern1ty/ros2_ws/build/examples_rclpy_pointcloud_publisher/install.log --single-version-externally-managed
[1.100s] running egg_info
[1.101s] writing ../../../../../../build/examples_rclpy_pointcloud_publisher/examples_rclpy_pointcloud_publisher.egg-info/PKG-INFO
[1.106s] writing dependency_links to ../../../../../../build/examples_rclpy_pointcloud_publisher/examples_rclpy_pointcloud_publisher.egg-info/dependency_links.txt
[1.106s] writing entry points to ../../../../../../build/examples_rclpy_pointcloud_publisher/examples_rclpy_pointcloud_publisher.egg-info/entry_points.txt
[1.107s] writing requirements to ../../../../../../build/examples_rclpy_pointcloud_publisher/examples_rclpy_pointcloud_publisher.egg-info/requires.txt
[1.107s] writing top-level names to ../../../../../../build/examples_rclpy_pointcloud_publisher/examples_rclpy_pointcloud_publisher.egg-info/top_level.txt
[1.110s] reading manifest file '../../../../../../build/examples_rclpy_pointcloud_publisher/examples_rclpy_pointcloud_publisher.egg-info/SOURCES.txt'
[1.111s] writing manifest file '../../../../../../build/examples_rclpy_pointcloud_publisher/examples_rclpy_pointcloud_publisher.egg-info/SOURCES.txt'
[1.111s] running build
[1.111s] running build_py
[1.111s] running install
[1.111s] running install_lib
[1.113s] running install_data
[1.113s] running install_egg_info
[1.115s] removing '/home/etern1ty/ros2_ws/install/examples_rclpy_pointcloud_publisher/lib/python3.10/site-packages/examples_rclpy_pointcloud_publisher-0.15.1-py3.10.egg-info' (and everything under it)
[1.115s] Copying ../../../../../../build/examples_rclpy_pointcloud_publisher/examples_rclpy_pointcloud_publisher.egg-info to /home/etern1ty/ros2_ws/install/examples_rclpy_pointcloud_publisher/lib/python3.10/site-packages/examples_rclpy_pointcloud_publisher-0.15.1-py3.10.egg-info
[1.116s] running install_scripts
[1.135s] Installing pointcloud_publisher script to /home/etern1ty/ros2_ws/install/examples_rclpy_pointcloud_publisher/lib/examples_rclpy_pointcloud_publisher
[1.135s] writing list of installed files to '/home/etern1ty/ros2_ws/build/examples_rclpy_pointcloud_publisher/install.log'
[1.174s] Invoked command in '/home/etern1ty/ros2_ws/src/src/examples/rclpy/topics/pointcloud_publisher' returned '0': PYTHONPATH=/home/etern1ty/ros2_ws/build/examples_rclpy_pointcloud_publisher/prefix_override:/home/etern1ty/ros2_ws/install/examples_rclpy_pointcloud_publisher/lib/python3.10/site-packages:${PYTHONPATH} /usr/bin/python3 setup.py egg_info --egg-base ../../../../../../build/examples_rclpy_pointcloud_publisher build --build-base /home/etern1ty/ros2_ws/build/examples_rclpy_pointcloud_publisher/build install --record /home/etern1ty/ros2_ws/build/examples_rclpy_pointcloud_publisher/install.log --single-version-externally-managed
