[0.058s] Invoking command in '/home/etern1ty/ros2_ws/build/cpp_pubsub': CMAKE_PREFIX_PATH=/opt/ros/humble /usr/bin/cmake --build /home/etern1ty/ros2_ws/build/cpp_pubsub -- -j12 -l12
[0.135s] [35m[1mConsolidate compiler generated dependencies of target listener[0m
[0.161s] [100%] Built target talker
[0.161s] [100%] Built target listener
[0.176s] Invoked command in '/home/etern1ty/ros2_ws/build/cpp_pubsub' returned '0': CMAKE_PREFIX_PATH=/opt/ros/humble /usr/bin/cmake --build /home/etern1ty/ros2_ws/build/cpp_pubsub -- -j12 -l12
[0.221s] Invoking command in '/home/etern1ty/ros2_ws/build/cpp_pubsub': CMAKE_PREFIX_PATH=/opt/ros/humble /usr/bin/cmake --install /home/etern1ty/ros2_ws/build/cpp_pubsub
[0.230s] -- Install configuration: ""
[0.231s] -- Up-to-date: /home/etern1ty/ros2_ws/install/cpp_pubsub/lib/cpp_pubsub/talker
[0.231s] -- Up-to-date: /home/etern1ty/ros2_ws/install/cpp_pubsub/lib/cpp_pubsub/talker
[0.232s] -- Up-to-date: /home/etern1ty/ros2_ws/install/cpp_pubsub/lib/cpp_pubsub/listener
[0.232s] -- Up-to-date: /home/etern1ty/ros2_ws/install/cpp_pubsub/share/ament_index/resource_index/package_run_dependencies/cpp_pubsub
[0.232s] -- Up-to-date: /home/etern1ty/ros2_ws/install/cpp_pubsub/share/ament_index/resource_index/parent_prefix_path/cpp_pubsub
[0.232s] -- Up-to-date: /home/etern1ty/ros2_ws/install/cpp_pubsub/share/cpp_pubsub/environment/ament_prefix_path.sh
[0.232s] -- Up-to-date: /home/etern1ty/ros2_ws/install/cpp_pubsub/share/cpp_pubsub/environment/ament_prefix_path.dsv
[0.233s] -- Up-to-date: /home/etern1ty/ros2_ws/install/cpp_pubsub/share/cpp_pubsub/environment/path.sh
[0.233s] -- Up-to-date: /home/etern1ty/ros2_ws/install/cpp_pubsub/share/cpp_pubsub/environment/path.dsv
[0.233s] -- Up-to-date: /home/etern1ty/ros2_ws/install/cpp_pubsub/share/cpp_pubsub/local_setup.bash
[0.233s] -- Up-to-date: /home/etern1ty/ros2_ws/install/cpp_pubsub/share/cpp_pubsub/local_setup.sh
[0.233s] -- Up-to-date: /home/etern1ty/ros2_ws/install/cpp_pubsub/share/cpp_pubsub/local_setup.zsh
[0.233s] -- Up-to-date: /home/etern1ty/ros2_ws/install/cpp_pubsub/share/cpp_pubsub/local_setup.dsv
[0.233s] -- Installing: /home/etern1ty/ros2_ws/install/cpp_pubsub/share/cpp_pubsub/package.dsv
[0.233s] -- Up-to-date: /home/etern1ty/ros2_ws/install/cpp_pubsub/share/ament_index/resource_index/packages/cpp_pubsub
[0.233s] -- Up-to-date: /home/etern1ty/ros2_ws/install/cpp_pubsub/share/cpp_pubsub/cmake/cpp_pubsubConfig.cmake
[0.233s] -- Up-to-date: /home/etern1ty/ros2_ws/install/cpp_pubsub/share/cpp_pubsub/cmake/cpp_pubsubConfig-version.cmake
[0.233s] -- Up-to-date: /home/etern1ty/ros2_ws/install/cpp_pubsub/share/cpp_pubsub/package.xml
[0.235s] Invoked command in '/home/etern1ty/ros2_ws/build/cpp_pubsub' returned '0': CMAKE_PREFIX_PATH=/opt/ros/humble /usr/bin/cmake --install /home/etern1ty/ros2_ws/build/cpp_pubsub
