[0.051s] Invoking command in '/home/etern1ty/ros2_ws/build/examples_rclcpp_wait_set': CMAKE_PREFIX_PATH=/opt/ros/humble /usr/bin/cmake /home/etern1ty/ros2_ws/src/src/examples/rclcpp/wait_set -DCMAKE_INSTALL_PREFIX=/home/etern1ty/ros2_ws/install/examples_rclcpp_wait_set
[0.112s] -- The C compiler identification is GNU 11.4.0
[0.171s] -- The CXX compiler identification is GNU 11.4.0
[0.179s] -- Detecting C compiler ABI info
[0.254s] -- Detecting C compiler ABI info - done
[0.264s] -- Check for working C compiler: /usr/bin/cc - skipped
[0.264s] -- Detecting C compile features
[0.264s] -- Detecting C compile features - done
[0.268s] -- Detecting CXX compiler ABI info
[0.361s] -- Detecting CXX compiler ABI info - done
[0.368s] -- Check for working CXX compiler: /usr/bin/c++ - skipped
[0.369s] -- Detecting CXX compile features
[0.369s] -- Detecting CXX compile features - done
[0.371s] -- Found ament_cmake: 1.3.7 (/opt/ros/humble/share/ament_cmake/cmake)
[0.532s] -- Found Python3: /usr/bin/python3.10 (found version "3.10.12") found components: Interpreter 
[0.613s] -- Found example_interfaces: 0.9.3 (/opt/ros/humble/share/example_interfaces/cmake)
[0.647s] -- Found rosidl_generator_c: 3.1.5 (/opt/ros/humble/share/rosidl_generator_c/cmake)
[0.652s] -- Found rosidl_adapter: 3.1.5 (/opt/ros/humble/share/rosidl_adapter/cmake)
[0.659s] -- Found rosidl_generator_cpp: 3.1.5 (/opt/ros/humble/share/rosidl_generator_cpp/cmake)
[0.677s] -- Using all available rosidl_typesupport_c: rosidl_typesupport_fastrtps_c;rosidl_typesupport_introspection_c
[0.695s] -- Using all available rosidl_typesupport_cpp: rosidl_typesupport_fastrtps_cpp;rosidl_typesupport_introspection_cpp
[0.838s] -- Found rclcpp: 16.0.8 (/opt/ros/humble/share/rclcpp/cmake)
[0.891s] -- Found rmw_implementation_cmake: 6.1.1 (/opt/ros/humble/share/rmw_implementation_cmake/cmake)
[0.893s] -- Found rmw_fastrtps_cpp: 6.2.6 (/opt/ros/humble/share/rmw_fastrtps_cpp/cmake)
[1.026s] -- Found OpenSSL: /usr/lib/x86_64-linux-gnu/libcrypto.so (found version "3.0.2")  
[1.057s] -- Found FastRTPS: /opt/ros/humble/include  
[1.110s] -- Using RMW implementation 'rmw_fastrtps_cpp' as default
[1.119s] -- Looking for pthread.h
[1.201s] -- Looking for pthread.h - found
[1.201s] -- Performing Test CMAKE_HAVE_LIBC_PTHREAD
[1.283s] -- Performing Test CMAKE_HAVE_LIBC_PTHREAD - Success
[1.284s] -- Found Threads: TRUE  
[1.429s] -- Found rclcpp_components: 16.0.8 (/opt/ros/humble/share/rclcpp_components/cmake)
[1.505s] -- Found ament_lint_auto: 0.12.10 (/opt/ros/humble/share/ament_lint_auto/cmake)
[1.576s] -- Added test 'copyright' to check source files copyright and LICENSE
[1.578s] -- Added test 'cppcheck' to perform static code analysis on C / C++ code
[1.579s] -- Configured cppcheck include dirs: /home/etern1ty/ros2_ws/src/src/examples/rclcpp/wait_set/include
[1.579s] -- Configured cppcheck exclude dirs and/or files: 
[1.581s] -- Added test 'cpplint' to check C / C++ code against the Google style
[1.581s] -- Configured cpplint exclude dirs and/or files: 
[1.582s] -- Added test 'lint_cmake' to check CMake code style
[1.583s] -- Added test 'uncrustify' to check C / C++ code style
[1.584s] -- Configured uncrustify additional arguments: 
[1.584s] -- Added test 'xmllint' to check XML markup files
[1.585s] -- Configuring done
[1.625s] -- Generating done
[1.627s] -- Build files have been written to: /home/etern1ty/ros2_ws/build/examples_rclcpp_wait_set
[1.639s] Invoked command in '/home/etern1ty/ros2_ws/build/examples_rclcpp_wait_set' returned '0': CMAKE_PREFIX_PATH=/opt/ros/humble /usr/bin/cmake /home/etern1ty/ros2_ws/src/src/examples/rclcpp/wait_set -DCMAKE_INSTALL_PREFIX=/home/etern1ty/ros2_ws/install/examples_rclcpp_wait_set
[1.641s] Invoking command in '/home/etern1ty/ros2_ws/build/examples_rclcpp_wait_set': CMAKE_PREFIX_PATH=/opt/ros/humble /usr/bin/cmake --build /home/etern1ty/ros2_ws/build/examples_rclcpp_wait_set -- -j12 -l12
[1.698s] [  4%] [32mBuilding CXX object CMakeFiles/talker.dir/src/talker.cpp.o[0m
[5.381s] [  8%] [32m[1mLinking CXX shared library libtalker.so[0m
[5.578s] [  8%] Built target talker
[5.603s] [ 12%] [32mBuilding CXX object CMakeFiles/wait_set_topics_with_different_rates.dir/src/wait_set_topics_with_different_rates.cpp.o[0m
[13.115s] [ 16%] [32m[1mLinking CXX executable wait_set_topics_with_different_rates[0m
[13.576s] [ 16%] Built target wait_set_topics_with_different_rates
[13.600s] [ 20%] [32mBuilding CXX object CMakeFiles/executor_random_order.dir/src/executor_random_order.cpp.o[0m
[20.782s] [ 25%] [32m[1mLinking CXX executable executor_random_order[0m
[21.216s] [ 25%] Built target executor_random_order
[21.242s] [ 29%] [32mBuilding CXX object CMakeFiles/wait_set_random_order.dir/src/wait_set_random_order.cpp.o[0m
[29.103s] [ 33%] [32m[1mLinking CXX executable wait_set_random_order[0m
[29.589s] [ 33%] Built target wait_set_random_order
[29.613s] [ 37%] [32mBuilding CXX object CMakeFiles/wait_set_topics_and_timer.dir/src/wait_set_topics_and_timer.cpp.o[0m
[37.296s] [ 41%] [32m[1mLinking CXX executable wait_set_topics_and_timer[0m
[37.781s] [ 41%] Built target wait_set_topics_and_timer
[37.806s] [ 45%] [32mBuilding CXX object CMakeFiles/thread_safe_wait_set.dir/src/thread_safe_wait_set.cpp.o[0m
[45.721s] [ 50%] [32m[1mLinking CXX executable thread_safe_wait_set[0m
[46.373s] [ 50%] Built target thread_safe_wait_set
[46.404s] [ 58%] [32mBuilding CXX object CMakeFiles/static_wait_set.dir/src/static_wait_set.cpp.o[0m
[46.404s] [ 58%] [32mBuilding CXX object CMakeFiles/wait_set_listener.dir/rclcpp_components/node_main_wait_set_listener.cpp.o[0m
[46.405s] [ 66%] [32mBuilding CXX object CMakeFiles/wait_set_talker.dir/rclcpp_components/node_main_wait_set_talker.cpp.o[0m
[46.405s] [ 66%] [32mBuilding CXX object CMakeFiles/listener.dir/src/listener.cpp.o[0m
[46.406s] [ 70%] [32mBuilding CXX object CMakeFiles/wait_set.dir/src/wait_set.cpp.o[0m
[50.476s] [ 75%] [32m[1mLinking CXX executable wait_set_talker[0m
[50.691s] [ 75%] Built target wait_set_talker
[52.081s] [ 79%] [32m[1mLinking CXX executable wait_set_listener[0m
[52.374s] [ 79%] Built target wait_set_listener
[57.780s] [ 83%] [32m[1mLinking CXX executable wait_set[0m
[58.281s] [ 87%] [32m[1mLinking CXX executable static_wait_set[0m
[58.458s] [ 87%] Built target wait_set
[58.779s] [ 91%] [32m[1mLinking CXX shared library liblistener.so[0m
[58.789s] [ 91%] Built target static_wait_set
[59.281s] [ 91%] Built target listener
[59.307s] [ 95%] [32mBuilding CXX object CMakeFiles/wait_set_composed.dir/src/wait_set_composed.cpp.o[0m
[61.969s] [100%] [32m[1mLinking CXX executable wait_set_composed[0m
[62.248s] [100%] Built target wait_set_composed
[62.304s] Invoked command in '/home/etern1ty/ros2_ws/build/examples_rclcpp_wait_set' returned '0': CMAKE_PREFIX_PATH=/opt/ros/humble /usr/bin/cmake --build /home/etern1ty/ros2_ws/build/examples_rclcpp_wait_set -- -j12 -l12
[62.372s] Invoking command in '/home/etern1ty/ros2_ws/build/examples_rclcpp_wait_set': CMAKE_PREFIX_PATH=/opt/ros/humble /usr/bin/cmake --install /home/etern1ty/ros2_ws/build/examples_rclcpp_wait_set
[62.381s] -- Install configuration: ""
[62.382s] -- Installing: /home/etern1ty/ros2_ws/install/examples_rclcpp_wait_set/lib/examples_rclcpp_wait_set/wait_set_talker
[62.382s] -- Set runtime path of "/home/etern1ty/ros2_ws/install/examples_rclcpp_wait_set/lib/examples_rclcpp_wait_set/wait_set_talker" to ""
[62.383s] -- Installing: /home/etern1ty/ros2_ws/install/examples_rclcpp_wait_set/lib/examples_rclcpp_wait_set/wait_set_listener
[62.384s] -- Set runtime path of "/home/etern1ty/ros2_ws/install/examples_rclcpp_wait_set/lib/examples_rclcpp_wait_set/wait_set_listener" to ""
[62.384s] -- Installing: /home/etern1ty/ros2_ws/install/examples_rclcpp_wait_set/lib/libtalker.so
[62.388s] -- Set runtime path of "/home/etern1ty/ros2_ws/install/examples_rclcpp_wait_set/lib/libtalker.so" to ""
[62.388s] -- Installing: /home/etern1ty/ros2_ws/install/examples_rclcpp_wait_set/lib/liblistener.so
[62.398s] -- Set runtime path of "/home/etern1ty/ros2_ws/install/examples_rclcpp_wait_set/lib/liblistener.so" to ""
[62.398s] -- Installing: /home/etern1ty/ros2_ws/install/examples_rclcpp_wait_set/lib/examples_rclcpp_wait_set/wait_set
[62.404s] -- Set runtime path of "/home/etern1ty/ros2_ws/install/examples_rclcpp_wait_set/lib/examples_rclcpp_wait_set/wait_set" to ""
[62.405s] -- Installing: /home/etern1ty/ros2_ws/install/examples_rclcpp_wait_set/lib/examples_rclcpp_wait_set/static_wait_set
[62.410s] -- Set runtime path of "/home/etern1ty/ros2_ws/install/examples_rclcpp_wait_set/lib/examples_rclcpp_wait_set/static_wait_set" to ""
[62.410s] -- Installing: /home/etern1ty/ros2_ws/install/examples_rclcpp_wait_set/lib/examples_rclcpp_wait_set/thread_safe_wait_set
[62.415s] -- Set runtime path of "/home/etern1ty/ros2_ws/install/examples_rclcpp_wait_set/lib/examples_rclcpp_wait_set/thread_safe_wait_set" to ""
[62.416s] -- Installing: /home/etern1ty/ros2_ws/install/examples_rclcpp_wait_set/lib/examples_rclcpp_wait_set/wait_set_topics_and_timer
[62.422s] -- Set runtime path of "/home/etern1ty/ros2_ws/install/examples_rclcpp_wait_set/lib/examples_rclcpp_wait_set/wait_set_topics_and_timer" to ""
[62.422s] -- Installing: /home/etern1ty/ros2_ws/install/examples_rclcpp_wait_set/lib/examples_rclcpp_wait_set/wait_set_random_order
[62.427s] -- Set runtime path of "/home/etern1ty/ros2_ws/install/examples_rclcpp_wait_set/lib/examples_rclcpp_wait_set/wait_set_random_order" to ""
[62.428s] -- Installing: /home/etern1ty/ros2_ws/install/examples_rclcpp_wait_set/lib/examples_rclcpp_wait_set/executor_random_order
[62.433s] -- Set runtime path of "/home/etern1ty/ros2_ws/install/examples_rclcpp_wait_set/lib/examples_rclcpp_wait_set/executor_random_order" to ""
[62.434s] -- Installing: /home/etern1ty/ros2_ws/install/examples_rclcpp_wait_set/lib/examples_rclcpp_wait_set/wait_set_topics_with_different_rates
[62.441s] -- Set runtime path of "/home/etern1ty/ros2_ws/install/examples_rclcpp_wait_set/lib/examples_rclcpp_wait_set/wait_set_topics_with_different_rates" to ""
[62.441s] -- Installing: /home/etern1ty/ros2_ws/install/examples_rclcpp_wait_set/lib/examples_rclcpp_wait_set/wait_set_composed
[62.442s] -- Set runtime path of "/home/etern1ty/ros2_ws/install/examples_rclcpp_wait_set/lib/examples_rclcpp_wait_set/wait_set_composed" to ""
[62.442s] -- Installing: /home/etern1ty/ros2_ws/install/examples_rclcpp_wait_set/share/ament_index/resource_index/package_run_dependencies/examples_rclcpp_wait_set
[62.442s] -- Installing: /home/etern1ty/ros2_ws/install/examples_rclcpp_wait_set/share/ament_index/resource_index/parent_prefix_path/examples_rclcpp_wait_set
[62.443s] -- Up-to-date: /home/etern1ty/ros2_ws/install/examples_rclcpp_wait_set/share/examples_rclcpp_wait_set/environment/ament_prefix_path.sh
[62.443s] -- Installing: /home/etern1ty/ros2_ws/install/examples_rclcpp_wait_set/share/examples_rclcpp_wait_set/environment/ament_prefix_path.dsv
[62.443s] -- Up-to-date: /home/etern1ty/ros2_ws/install/examples_rclcpp_wait_set/share/examples_rclcpp_wait_set/environment/path.sh
[62.443s] -- Installing: /home/etern1ty/ros2_ws/install/examples_rclcpp_wait_set/share/examples_rclcpp_wait_set/environment/path.dsv
[62.443s] -- Installing: /home/etern1ty/ros2_ws/install/examples_rclcpp_wait_set/share/examples_rclcpp_wait_set/local_setup.bash
[62.444s] -- Installing: /home/etern1ty/ros2_ws/install/examples_rclcpp_wait_set/share/examples_rclcpp_wait_set/local_setup.sh
[62.444s] -- Installing: /home/etern1ty/ros2_ws/install/examples_rclcpp_wait_set/share/examples_rclcpp_wait_set/local_setup.zsh
[62.444s] -- Installing: /home/etern1ty/ros2_ws/install/examples_rclcpp_wait_set/share/examples_rclcpp_wait_set/local_setup.dsv
[62.444s] -- Installing: /home/etern1ty/ros2_ws/install/examples_rclcpp_wait_set/share/examples_rclcpp_wait_set/package.dsv
[62.444s] -- Installing: /home/etern1ty/ros2_ws/install/examples_rclcpp_wait_set/share/ament_index/resource_index/packages/examples_rclcpp_wait_set
[62.445s] -- Installing: /home/etern1ty/ros2_ws/install/examples_rclcpp_wait_set/share/ament_index/resource_index/rclcpp_components/examples_rclcpp_wait_set
[62.445s] -- Installing: /home/etern1ty/ros2_ws/install/examples_rclcpp_wait_set/share/examples_rclcpp_wait_set/cmake/examples_rclcpp_wait_setConfig.cmake
[62.445s] -- Installing: /home/etern1ty/ros2_ws/install/examples_rclcpp_wait_set/share/examples_rclcpp_wait_set/cmake/examples_rclcpp_wait_setConfig-version.cmake
[62.445s] -- Up-to-date: /home/etern1ty/ros2_ws/install/examples_rclcpp_wait_set/share/examples_rclcpp_wait_set/package.xml
[62.449s] Invoked command in '/home/etern1ty/ros2_ws/build/examples_rclcpp_wait_set' returned '0': CMAKE_PREFIX_PATH=/opt/ros/humble /usr/bin/cmake --install /home/etern1ty/ros2_ws/build/examples_rclcpp_wait_set
