[0.799s] Invoking command in '/home/etern1ty/ros2_ws/src/src/examples/rclpy/executors': PYTHONPATH=/home/etern1ty/ros2_ws/build/examples_rclpy_executors/prefix_override:/home/etern1ty/ros2_ws/install/examples_rclpy_executors/lib/python3.10/site-packages:${PYTHONPATH} /usr/bin/python3 setup.py egg_info --egg-base ../../../../../build/examples_rclpy_executors build --build-base /home/etern1ty/ros2_ws/build/examples_rclpy_executors/build install --record /home/etern1ty/ros2_ws/build/examples_rclpy_executors/install.log --single-version-externally-managed
[1.013s] running egg_info
[1.014s] creating ../../../../../build/examples_rclpy_executors/examples_rclpy_executors.egg-info
[1.014s] writing ../../../../../build/examples_rclpy_executors/examples_rclpy_executors.egg-info/PKG-INFO
[1.014s] writing dependency_links to ../../../../../build/examples_rclpy_executors/examples_rclpy_executors.egg-info/dependency_links.txt
[1.015s] writing entry points to ../../../../../build/examples_rclpy_executors/examples_rclpy_executors.egg-info/entry_points.txt
[1.015s] writing requirements to ../../../../../build/examples_rclpy_executors/examples_rclpy_executors.egg-info/requires.txt
[1.015s] writing top-level names to ../../../../../build/examples_rclpy_executors/examples_rclpy_executors.egg-info/top_level.txt
[1.015s] writing manifest file '../../../../../build/examples_rclpy_executors/examples_rclpy_executors.egg-info/SOURCES.txt'
[1.017s] reading manifest file '../../../../../build/examples_rclpy_executors/examples_rclpy_executors.egg-info/SOURCES.txt'
[1.018s] writing manifest file '../../../../../build/examples_rclpy_executors/examples_rclpy_executors.egg-info/SOURCES.txt'
[1.018s] running build
[1.018s] running build_py
[1.018s] creating /home/etern1ty/ros2_ws/build/examples_rclpy_executors/build
[1.018s] creating /home/etern1ty/ros2_ws/build/examples_rclpy_executors/build/lib
[1.019s] creating /home/etern1ty/ros2_ws/build/examples_rclpy_executors/build/lib/examples_rclpy_executors
[1.019s] copying examples_rclpy_executors/custom_executor.py -> /home/etern1ty/ros2_ws/build/examples_rclpy_executors/build/lib/examples_rclpy_executors
[1.019s] copying examples_rclpy_executors/talker.py -> /home/etern1ty/ros2_ws/build/examples_rclpy_executors/build/lib/examples_rclpy_executors
[1.019s] copying examples_rclpy_executors/callback_group.py -> /home/etern1ty/ros2_ws/build/examples_rclpy_executors/build/lib/examples_rclpy_executors
[1.019s] copying examples_rclpy_executors/composed.py -> /home/etern1ty/ros2_ws/build/examples_rclpy_executors/build/lib/examples_rclpy_executors
[1.020s] copying examples_rclpy_executors/__init__.py -> /home/etern1ty/ros2_ws/build/examples_rclpy_executors/build/lib/examples_rclpy_executors
[1.020s] copying examples_rclpy_executors/listener.py -> /home/etern1ty/ros2_ws/build/examples_rclpy_executors/build/lib/examples_rclpy_executors
[1.020s] copying examples_rclpy_executors/custom_callback_group.py -> /home/etern1ty/ros2_ws/build/examples_rclpy_executors/build/lib/examples_rclpy_executors
[1.020s] running install
[1.021s] running install_lib
[1.021s] creating /home/etern1ty/ros2_ws/install/examples_rclpy_executors/lib/python3.10/site-packages/examples_rclpy_executors
[1.022s] copying /home/etern1ty/ros2_ws/build/examples_rclpy_executors/build/lib/examples_rclpy_executors/custom_executor.py -> /home/etern1ty/ros2_ws/install/examples_rclpy_executors/lib/python3.10/site-packages/examples_rclpy_executors
[1.022s] copying /home/etern1ty/ros2_ws/build/examples_rclpy_executors/build/lib/examples_rclpy_executors/talker.py -> /home/etern1ty/ros2_ws/install/examples_rclpy_executors/lib/python3.10/site-packages/examples_rclpy_executors
[1.022s] copying /home/etern1ty/ros2_ws/build/examples_rclpy_executors/build/lib/examples_rclpy_executors/callback_group.py -> /home/etern1ty/ros2_ws/install/examples_rclpy_executors/lib/python3.10/site-packages/examples_rclpy_executors
[1.022s] copying /home/etern1ty/ros2_ws/build/examples_rclpy_executors/build/lib/examples_rclpy_executors/composed.py -> /home/etern1ty/ros2_ws/install/examples_rclpy_executors/lib/python3.10/site-packages/examples_rclpy_executors
[1.022s] copying /home/etern1ty/ros2_ws/build/examples_rclpy_executors/build/lib/examples_rclpy_executors/__init__.py -> /home/etern1ty/ros2_ws/install/examples_rclpy_executors/lib/python3.10/site-packages/examples_rclpy_executors
[1.022s] copying /home/etern1ty/ros2_ws/build/examples_rclpy_executors/build/lib/examples_rclpy_executors/listener.py -> /home/etern1ty/ros2_ws/install/examples_rclpy_executors/lib/python3.10/site-packages/examples_rclpy_executors
[1.022s] copying /home/etern1ty/ros2_ws/build/examples_rclpy_executors/build/lib/examples_rclpy_executors/custom_callback_group.py -> /home/etern1ty/ros2_ws/install/examples_rclpy_executors/lib/python3.10/site-packages/examples_rclpy_executors
[1.023s] byte-compiling /home/etern1ty/ros2_ws/install/examples_rclpy_executors/lib/python3.10/site-packages/examples_rclpy_executors/custom_executor.py to custom_executor.cpython-310.pyc
[1.024s] byte-compiling /home/etern1ty/ros2_ws/install/examples_rclpy_executors/lib/python3.10/site-packages/examples_rclpy_executors/talker.py to talker.cpython-310.pyc
[1.024s] byte-compiling /home/etern1ty/ros2_ws/install/examples_rclpy_executors/lib/python3.10/site-packages/examples_rclpy_executors/callback_group.py to callback_group.cpython-310.pyc
[1.024s] byte-compiling /home/etern1ty/ros2_ws/install/examples_rclpy_executors/lib/python3.10/site-packages/examples_rclpy_executors/composed.py to composed.cpython-310.pyc
[1.025s] byte-compiling /home/etern1ty/ros2_ws/install/examples_rclpy_executors/lib/python3.10/site-packages/examples_rclpy_executors/__init__.py to __init__.cpython-310.pyc
[1.025s] byte-compiling /home/etern1ty/ros2_ws/install/examples_rclpy_executors/lib/python3.10/site-packages/examples_rclpy_executors/listener.py to listener.cpython-310.pyc
[1.025s] byte-compiling /home/etern1ty/ros2_ws/install/examples_rclpy_executors/lib/python3.10/site-packages/examples_rclpy_executors/custom_callback_group.py to custom_callback_group.cpython-310.pyc
[1.026s] running install_data
[1.026s] creating /home/etern1ty/ros2_ws/install/examples_rclpy_executors/share/ament_index
[1.027s] creating /home/etern1ty/ros2_ws/install/examples_rclpy_executors/share/ament_index/resource_index
[1.027s] creating /home/etern1ty/ros2_ws/install/examples_rclpy_executors/share/ament_index/resource_index/packages
[1.027s] copying resource/examples_rclpy_executors -> /home/etern1ty/ros2_ws/install/examples_rclpy_executors/share/ament_index/resource_index/packages
[1.027s] copying package.xml -> /home/etern1ty/ros2_ws/install/examples_rclpy_executors/share/examples_rclpy_executors
[1.027s] running install_egg_info
[1.029s] Copying ../../../../../build/examples_rclpy_executors/examples_rclpy_executors.egg-info to /home/etern1ty/ros2_ws/install/examples_rclpy_executors/lib/python3.10/site-packages/examples_rclpy_executors-0.15.1-py3.10.egg-info
[1.030s] running install_scripts
[1.047s] Installing callback_group script to /home/etern1ty/ros2_ws/install/examples_rclpy_executors/lib/examples_rclpy_executors
[1.047s] Installing composed script to /home/etern1ty/ros2_ws/install/examples_rclpy_executors/lib/examples_rclpy_executors
[1.048s] Installing custom_callback_group script to /home/etern1ty/ros2_ws/install/examples_rclpy_executors/lib/examples_rclpy_executors
[1.048s] Installing custom_executor script to /home/etern1ty/ros2_ws/install/examples_rclpy_executors/lib/examples_rclpy_executors
[1.048s] Installing listener script to /home/etern1ty/ros2_ws/install/examples_rclpy_executors/lib/examples_rclpy_executors
[1.048s] Installing talker script to /home/etern1ty/ros2_ws/install/examples_rclpy_executors/lib/examples_rclpy_executors
[1.048s] writing list of installed files to '/home/etern1ty/ros2_ws/build/examples_rclpy_executors/install.log'
[1.083s] Invoked command in '/home/etern1ty/ros2_ws/src/src/examples/rclpy/executors' returned '0': PYTHONPATH=/home/etern1ty/ros2_ws/build/examples_rclpy_executors/prefix_override:/home/etern1ty/ros2_ws/install/examples_rclpy_executors/lib/python3.10/site-packages:${PYTHONPATH} /usr/bin/python3 setup.py egg_info --egg-base ../../../../../build/examples_rclpy_executors build --build-base /home/etern1ty/ros2_ws/build/examples_rclpy_executors/build install --record /home/etern1ty/ros2_ws/build/examples_rclpy_executors/install.log --single-version-externally-managed
