[0.049s] Invoking command in '/home/etern1ty/ros2_ws/build/examples_rclcpp_wait_set': CMAKE_PREFIX_PATH=/opt/ros/humble /usr/bin/cmake --build /home/etern1ty/ros2_ws/build/examples_rclcpp_wait_set -- -j12 -l12
[0.132s] [ 16%] Built target static_wait_set
[0.132s] [ 16%] Built target wait_set_talker
[0.134s] [ 29%] Built target listener
[0.134s] [ 54%] Built target wait_set
[0.135s] [ 54%] Built target thread_safe_wait_set
[0.135s] [ 54%] Built target wait_set_random_order
[0.135s] [ 58%] Built target wait_set_topics_and_timer
[0.137s] [ 70%] Built target wait_set_topics_with_different_rates
[0.137s] [ 75%] Built target wait_set_listener
[0.139s] [ 83%] Built target talker
[0.142s] [ 91%] Built target executor_random_order
[0.172s] [100%] Built target wait_set_composed
[0.186s] Invoked command in '/home/etern1ty/ros2_ws/build/examples_rclcpp_wait_set' returned '0': CMAKE_PREFIX_PATH=/opt/ros/humble /usr/bin/cmake --build /home/etern1ty/ros2_ws/build/examples_rclcpp_wait_set -- -j12 -l12
[0.261s] Invoking command in '/home/etern1ty/ros2_ws/build/examples_rclcpp_wait_set': CMAKE_PREFIX_PATH=/opt/ros/humble /usr/bin/cmake --install /home/etern1ty/ros2_ws/build/examples_rclcpp_wait_set
[0.274s] -- Install configuration: ""
[0.277s] -- Up-to-date: /home/etern1ty/ros2_ws/install/examples_rclcpp_wait_set/lib/examples_rclcpp_wait_set/wait_set_talker
[0.277s] -- Up-to-date: /home/etern1ty/ros2_ws/install/examples_rclcpp_wait_set/lib/examples_rclcpp_wait_set/wait_set_listener
[0.278s] -- Up-to-date: /home/etern1ty/ros2_ws/install/examples_rclcpp_wait_set/lib/libtalker.so
[0.279s] -- Up-to-date: /home/etern1ty/ros2_ws/install/examples_rclcpp_wait_set/lib/liblistener.so
[0.279s] -- Up-to-date: /home/etern1ty/ros2_ws/install/examples_rclcpp_wait_set/lib/examples_rclcpp_wait_set/wait_set
[0.280s] -- Up-to-date: /home/etern1ty/ros2_ws/install/examples_rclcpp_wait_set/lib/examples_rclcpp_wait_set/static_wait_set
[0.281s] -- Up-to-date: /home/etern1ty/ros2_ws/install/examples_rclcpp_wait_set/lib/examples_rclcpp_wait_set/thread_safe_wait_set
[0.282s] -- Up-to-date: /home/etern1ty/ros2_ws/install/examples_rclcpp_wait_set/lib/examples_rclcpp_wait_set/wait_set_topics_and_timer
[0.282s] -- Up-to-date: /home/etern1ty/ros2_ws/install/examples_rclcpp_wait_set/lib/examples_rclcpp_wait_set/wait_set_random_order
[0.283s] -- Up-to-date: /home/etern1ty/ros2_ws/install/examples_rclcpp_wait_set/lib/examples_rclcpp_wait_set/executor_random_order
[0.284s] -- Up-to-date: /home/etern1ty/ros2_ws/install/examples_rclcpp_wait_set/lib/examples_rclcpp_wait_set/wait_set_topics_with_different_rates
[0.284s] -- Up-to-date: /home/etern1ty/ros2_ws/install/examples_rclcpp_wait_set/lib/examples_rclcpp_wait_set/wait_set_composed
[0.285s] -- Up-to-date: /home/etern1ty/ros2_ws/install/examples_rclcpp_wait_set/share/ament_index/resource_index/package_run_dependencies/examples_rclcpp_wait_set
[0.285s] -- Up-to-date: /home/etern1ty/ros2_ws/install/examples_rclcpp_wait_set/share/ament_index/resource_index/parent_prefix_path/examples_rclcpp_wait_set
[0.286s] -- Up-to-date: /home/etern1ty/ros2_ws/install/examples_rclcpp_wait_set/share/examples_rclcpp_wait_set/environment/ament_prefix_path.sh
[0.286s] -- Up-to-date: /home/etern1ty/ros2_ws/install/examples_rclcpp_wait_set/share/examples_rclcpp_wait_set/environment/ament_prefix_path.dsv
[0.286s] -- Up-to-date: /home/etern1ty/ros2_ws/install/examples_rclcpp_wait_set/share/examples_rclcpp_wait_set/environment/path.sh
[0.286s] -- Up-to-date: /home/etern1ty/ros2_ws/install/examples_rclcpp_wait_set/share/examples_rclcpp_wait_set/environment/path.dsv
[0.286s] -- Up-to-date: /home/etern1ty/ros2_ws/install/examples_rclcpp_wait_set/share/examples_rclcpp_wait_set/local_setup.bash
[0.286s] -- Up-to-date: /home/etern1ty/ros2_ws/install/examples_rclcpp_wait_set/share/examples_rclcpp_wait_set/local_setup.sh
[0.286s] -- Up-to-date: /home/etern1ty/ros2_ws/install/examples_rclcpp_wait_set/share/examples_rclcpp_wait_set/local_setup.zsh
[0.286s] -- Up-to-date: /home/etern1ty/ros2_ws/install/examples_rclcpp_wait_set/share/examples_rclcpp_wait_set/local_setup.dsv
[0.286s] -- Installing: /home/etern1ty/ros2_ws/install/examples_rclcpp_wait_set/share/examples_rclcpp_wait_set/package.dsv
[0.286s] -- Up-to-date: /home/etern1ty/ros2_ws/install/examples_rclcpp_wait_set/share/ament_index/resource_index/packages/examples_rclcpp_wait_set
[0.286s] -- Up-to-date: /home/etern1ty/ros2_ws/install/examples_rclcpp_wait_set/share/ament_index/resource_index/rclcpp_components/examples_rclcpp_wait_set
[0.287s] -- Up-to-date: /home/etern1ty/ros2_ws/install/examples_rclcpp_wait_set/share/examples_rclcpp_wait_set/cmake/examples_rclcpp_wait_setConfig.cmake
[0.287s] -- Up-to-date: /home/etern1ty/ros2_ws/install/examples_rclcpp_wait_set/share/examples_rclcpp_wait_set/cmake/examples_rclcpp_wait_setConfig-version.cmake
[0.287s] -- Up-to-date: /home/etern1ty/ros2_ws/install/examples_rclcpp_wait_set/share/examples_rclcpp_wait_set/package.xml
[0.290s] Invoked command in '/home/etern1ty/ros2_ws/build/examples_rclcpp_wait_set' returned '0': CMAKE_PREFIX_PATH=/opt/ros/humble /usr/bin/cmake --install /home/etern1ty/ros2_ws/build/examples_rclcpp_wait_set
