[35m[1mConsolidate compiler generated dependencies of target pub_controller__rosidl_generator_c[0m
[  3%] Built target pub_controller__cpp
[ 12%] Built target pub_controller__rosidl_generator_c
[ 12%] Built target ament_cmake_python_copy_pub_controller
[35m[1mConsolidate compiler generated dependencies of target pub_controller__rosidl_typesupport_cpp[0m
[35m[1mConsolidate compiler generated dependencies of target pub_controller__rosidl_typesupport_introspection_cpp[0m
[35m[1mConsolidate compiler generated dependencies of target pub_controller__rosidl_typesupport_fastrtps_cpp[0m
[35m[1mConsolidate compiler generated dependencies of target pub_controller__rosidl_typesupport_fastrtps_c[0m
[35m[1mConsolidate compiler generated dependencies of target pub_controller__rosidl_typesupport_c[0m
[35m[1mConsolidate compiler generated dependencies of target pub_controller__rosidl_typesupport_introspection_c[0m
[ 21%] Built target pub_controller__rosidl_typesupport_cpp
[ 33%] Built target pub_controller__rosidl_typesupport_introspection_cpp
[ 39%] Built target pub_controller__rosidl_typesupport_introspection_c
[ 48%] Built target pub_controller__rosidl_typesupport_fastrtps_cpp
[ 57%] Built target pub_controller__rosidl_typesupport_c
[ 66%] Built target pub_controller__rosidl_typesupport_fastrtps_c
[35m[1mConsolidate compiler generated dependencies of target controller[0m
[ 66%] Built target pub_controller
[ 69%] [32mBuilding CXX object CMakeFiles/controller.dir/src/pub_func.cpp.o[0m
[ 72%] Built target pub_controller__py
[35m[1mConsolidate compiler generated dependencies of target pub_controller__rosidl_generator_py[0m
[ 78%] Built target pub_controller__rosidl_generator_py
[35m[1mConsolidate compiler generated dependencies of target pub_controller__rosidl_typesupport_c__pyext[0m
[35m[1mConsolidate compiler generated dependencies of target pub_controller__rosidl_typesupport_fastrtps_c__pyext[0m
[35m[1mConsolidate compiler generated dependencies of target pub_controller__rosidl_typesupport_introspection_c__pyext[0m
[ 87%] Built target pub_controller__rosidl_typesupport_c__pyext
[ 90%] Built target pub_controller__rosidl_typesupport_fastrtps_c__pyext
[ 96%] Built target pub_controller__rosidl_typesupport_introspection_c__pyext
running egg_info
writing pub_controller.egg-info/PKG-INFO
writing dependency_links to pub_controller.egg-info/dependency_links.txt
writing top-level names to pub_controller.egg-info/top_level.txt
reading manifest file 'pub_controller.egg-info/SOURCES.txt'
writing manifest file 'pub_controller.egg-info/SOURCES.txt'
[ 96%] Built target ament_cmake_python_build_pub_controller_egg
