[0.051s] Invoking command in '/home/etern1ty/ros2_ws/build/examples_rclcpp_wait_set': CMAKE_PREFIX_PATH=/opt/ros/humble /usr/bin/cmake --build /home/etern1ty/ros2_ws/build/examples_rclcpp_wait_set -- -j12 -l12
[0.097s] [35m[1mConsolidate compiler generated dependencies of target listener[0m
[0.097s] [35m[1mConsolidate compiler generated dependencies of target static_wait_set[0m
[0.097s] [35m[1mConsolidate compiler generated dependencies of target wait_set_talker[0m
[0.097s] [35m[1mConsolidate compiler generated dependencies of target wait_set_listener[0m
[0.097s] [35m[1mConsolidate compiler generated dependencies of target talker[0m
[0.099s] [35m[1mConsolidate compiler generated dependencies of target wait_set_topics_with_different_rates[0m
[0.099s] [35m[1mConsolidate compiler generated dependencies of target wait_set[0m
[0.099s] [35m[1mConsolidate compiler generated dependencies of target executor_random_order[0m
[0.100s] [35m[1mConsolidate compiler generated dependencies of target wait_set_random_order[0m
[0.100s] [35m[1mConsolidate compiler generated dependencies of target thread_safe_wait_set[0m
[0.102s] [35m[1mConsolidate compiler generated dependencies of target wait_set_topics_and_timer[0m
[0.127s] [ 25%] Built target wait_set_listener
[0.127s] [ 29%] Built target wait_set_talker
[0.127s] [ 29%] Built target talker
[0.127s] [ 33%] Built target listener
[0.128s] [ 50%] Built target static_wait_set
[0.128s] [ 50%] Built target wait_set
[0.129s] [ 66%] Built target executor_random_order
[0.129s] [ 66%] Built target thread_safe_wait_set
[0.130s] [ 75%] Built target wait_set_topics_with_different_rates
[0.131s] [ 91%] Built target wait_set_random_order
[0.131s] [ 91%] Built target wait_set_topics_and_timer
[0.140s] [35m[1mConsolidate compiler generated dependencies of target wait_set_composed[0m
[0.163s] [100%] Built target wait_set_composed
[0.177s] Invoked command in '/home/etern1ty/ros2_ws/build/examples_rclcpp_wait_set' returned '0': CMAKE_PREFIX_PATH=/opt/ros/humble /usr/bin/cmake --build /home/etern1ty/ros2_ws/build/examples_rclcpp_wait_set -- -j12 -l12
[0.249s] Invoking command in '/home/etern1ty/ros2_ws/build/examples_rclcpp_wait_set': CMAKE_PREFIX_PATH=/opt/ros/humble /usr/bin/cmake --install /home/etern1ty/ros2_ws/build/examples_rclcpp_wait_set
[0.256s] -- Install configuration: ""
[0.256s] -- Up-to-date: /home/etern1ty/ros2_ws/install/examples_rclcpp_wait_set/lib/examples_rclcpp_wait_set/wait_set_talker
[0.256s] -- Up-to-date: /home/etern1ty/ros2_ws/install/examples_rclcpp_wait_set/lib/examples_rclcpp_wait_set/wait_set_listener
[0.256s] -- Up-to-date: /home/etern1ty/ros2_ws/install/examples_rclcpp_wait_set/lib/libtalker.so
[0.257s] -- Up-to-date: /home/etern1ty/ros2_ws/install/examples_rclcpp_wait_set/lib/liblistener.so
[0.257s] -- Up-to-date: /home/etern1ty/ros2_ws/install/examples_rclcpp_wait_set/lib/examples_rclcpp_wait_set/wait_set
[0.257s] -- Up-to-date: /home/etern1ty/ros2_ws/install/examples_rclcpp_wait_set/lib/examples_rclcpp_wait_set/static_wait_set
[0.257s] -- Up-to-date: /home/etern1ty/ros2_ws/install/examples_rclcpp_wait_set/lib/examples_rclcpp_wait_set/thread_safe_wait_set
[0.258s] -- Up-to-date: /home/etern1ty/ros2_ws/install/examples_rclcpp_wait_set/lib/examples_rclcpp_wait_set/wait_set_topics_and_timer
[0.259s] -- Up-to-date: /home/etern1ty/ros2_ws/install/examples_rclcpp_wait_set/lib/examples_rclcpp_wait_set/wait_set_random_order
[0.259s] -- Up-to-date: /home/etern1ty/ros2_ws/install/examples_rclcpp_wait_set/lib/examples_rclcpp_wait_set/executor_random_order
[0.259s] -- Up-to-date: /home/etern1ty/ros2_ws/install/examples_rclcpp_wait_set/lib/examples_rclcpp_wait_set/wait_set_topics_with_different_rates
[0.259s] -- Up-to-date: /home/etern1ty/ros2_ws/install/examples_rclcpp_wait_set/lib/examples_rclcpp_wait_set/wait_set_composed
[0.259s] -- Up-to-date: /home/etern1ty/ros2_ws/install/examples_rclcpp_wait_set/share/ament_index/resource_index/package_run_dependencies/examples_rclcpp_wait_set
[0.259s] -- Up-to-date: /home/etern1ty/ros2_ws/install/examples_rclcpp_wait_set/share/ament_index/resource_index/parent_prefix_path/examples_rclcpp_wait_set
[0.259s] -- Up-to-date: /home/etern1ty/ros2_ws/install/examples_rclcpp_wait_set/share/examples_rclcpp_wait_set/environment/ament_prefix_path.sh
[0.260s] -- Up-to-date: /home/etern1ty/ros2_ws/install/examples_rclcpp_wait_set/share/examples_rclcpp_wait_set/environment/ament_prefix_path.dsv
[0.260s] -- Up-to-date: /home/etern1ty/ros2_ws/install/examples_rclcpp_wait_set/share/examples_rclcpp_wait_set/environment/path.sh
[0.260s] -- Up-to-date: /home/etern1ty/ros2_ws/install/examples_rclcpp_wait_set/share/examples_rclcpp_wait_set/environment/path.dsv
[0.260s] -- Up-to-date: /home/etern1ty/ros2_ws/install/examples_rclcpp_wait_set/share/examples_rclcpp_wait_set/local_setup.bash
[0.260s] -- Up-to-date: /home/etern1ty/ros2_ws/install/examples_rclcpp_wait_set/share/examples_rclcpp_wait_set/local_setup.sh
[0.260s] -- Up-to-date: /home/etern1ty/ros2_ws/install/examples_rclcpp_wait_set/share/examples_rclcpp_wait_set/local_setup.zsh
[0.260s] -- Up-to-date: /home/etern1ty/ros2_ws/install/examples_rclcpp_wait_set/share/examples_rclcpp_wait_set/local_setup.dsv
[0.260s] -- Installing: /home/etern1ty/ros2_ws/install/examples_rclcpp_wait_set/share/examples_rclcpp_wait_set/package.dsv
[0.260s] -- Up-to-date: /home/etern1ty/ros2_ws/install/examples_rclcpp_wait_set/share/ament_index/resource_index/packages/examples_rclcpp_wait_set
[0.260s] -- Up-to-date: /home/etern1ty/ros2_ws/install/examples_rclcpp_wait_set/share/ament_index/resource_index/rclcpp_components/examples_rclcpp_wait_set
[0.260s] -- Up-to-date: /home/etern1ty/ros2_ws/install/examples_rclcpp_wait_set/share/examples_rclcpp_wait_set/cmake/examples_rclcpp_wait_setConfig.cmake
[0.260s] -- Up-to-date: /home/etern1ty/ros2_ws/install/examples_rclcpp_wait_set/share/examples_rclcpp_wait_set/cmake/examples_rclcpp_wait_setConfig-version.cmake
[0.260s] -- Up-to-date: /home/etern1ty/ros2_ws/install/examples_rclcpp_wait_set/share/examples_rclcpp_wait_set/package.xml
[0.381s] Invoked command in '/home/etern1ty/ros2_ws/build/examples_rclcpp_wait_set' returned '0': CMAKE_PREFIX_PATH=/opt/ros/humble /usr/bin/cmake --install /home/etern1ty/ros2_ws/build/examples_rclcpp_wait_set
