ninja: no work to do.
-- Install configuration: "Release"
-- Up-to-date: /home/etern1ty/ros2_ws/matlab/custom/matlab_msg_gen/glnxa64/install/share/ament_index/resource_index/rosidl_interfaces/interfaces
-- Up-to-date: /home/etern1ty/ros2_ws/matlab/custom/matlab_msg_gen/glnxa64/install/include/interfaces/interfaces
-- Up-to-date: /home/etern1ty/ros2_ws/matlab/custom/matlab_msg_gen/glnxa64/install/include/interfaces/interfaces/msg
-- Up-to-date: /home/etern1ty/ros2_ws/matlab/custom/matlab_msg_gen/glnxa64/install/include/interfaces/interfaces/msg/detected.h
-- Up-to-date: /home/etern1ty/ros2_ws/matlab/custom/matlab_msg_gen/glnxa64/install/include/interfaces/interfaces/msg/detail
-- Up-to-date: /home/etern1ty/ros2_ws/matlab/custom/matlab_msg_gen/glnxa64/install/include/interfaces/interfaces/msg/detail/detected__functions.c
-- Up-to-date: /home/etern1ty/ros2_ws/matlab/custom/matlab_msg_gen/glnxa64/install/include/interfaces/interfaces/msg/detail/motion__type_support.h
-- Up-to-date: /home/etern1ty/ros2_ws/matlab/custom/matlab_msg_gen/glnxa64/install/include/interfaces/interfaces/msg/detail/motion__struct.h
-- Up-to-date: /home/etern1ty/ros2_ws/matlab/custom/matlab_msg_gen/glnxa64/install/include/interfaces/interfaces/msg/detail/detected__functions.h
-- Up-to-date: /home/etern1ty/ros2_ws/matlab/custom/matlab_msg_gen/glnxa64/install/include/interfaces/interfaces/msg/detail/detected__struct.h
-- Up-to-date: /home/etern1ty/ros2_ws/matlab/custom/matlab_msg_gen/glnxa64/install/include/interfaces/interfaces/msg/detail/motion__functions.h
-- Up-to-date: /home/etern1ty/ros2_ws/matlab/custom/matlab_msg_gen/glnxa64/install/include/interfaces/interfaces/msg/detail/detected__type_support.h
-- Up-to-date: /home/etern1ty/ros2_ws/matlab/custom/matlab_msg_gen/glnxa64/install/include/interfaces/interfaces/msg/detail/motion__functions.c
-- Up-to-date: /home/etern1ty/ros2_ws/matlab/custom/matlab_msg_gen/glnxa64/install/include/interfaces/interfaces/msg/motion.h
-- Up-to-date: /home/etern1ty/ros2_ws/matlab/custom/matlab_msg_gen/glnxa64/install/include/interfaces/interfaces/msg/rosidl_generator_c__visibility_control.h
-- Up-to-date: /home/etern1ty/ros2_ws/matlab/custom/matlab_msg_gen/glnxa64/install/share/interfaces/environment/library_path.sh
-- Up-to-date: /home/etern1ty/ros2_ws/matlab/custom/matlab_msg_gen/glnxa64/install/share/interfaces/environment/library_path.dsv
-- Up-to-date: /home/etern1ty/ros2_ws/matlab/custom/matlab_msg_gen/glnxa64/install/lib/libinterfaces__rosidl_generator_c.so
-- Up-to-date: /home/etern1ty/ros2_ws/matlab/custom/matlab_msg_gen/glnxa64/install/include/interfaces/interfaces
-- Up-to-date: /home/etern1ty/ros2_ws/matlab/custom/matlab_msg_gen/glnxa64/install/include/interfaces/interfaces/msg
-- Up-to-date: /home/etern1ty/ros2_ws/matlab/custom/matlab_msg_gen/glnxa64/install/include/interfaces/interfaces/msg/rosidl_typesupport_fastrtps_c__visibility_control.h
-- Up-to-date: /home/etern1ty/ros2_ws/matlab/custom/matlab_msg_gen/glnxa64/install/include/interfaces/interfaces/msg/detail
-- Up-to-date: /home/etern1ty/ros2_ws/matlab/custom/matlab_msg_gen/glnxa64/install/include/interfaces/interfaces/msg/detail/motion__rosidl_typesupport_fastrtps_c.h
-- Up-to-date: /home/etern1ty/ros2_ws/matlab/custom/matlab_msg_gen/glnxa64/install/include/interfaces/interfaces/msg/detail/detected__rosidl_typesupport_fastrtps_c.h
-- Up-to-date: /home/etern1ty/ros2_ws/matlab/custom/matlab_msg_gen/glnxa64/install/lib/libinterfaces__rosidl_typesupport_fastrtps_c.so
-- Up-to-date: /home/etern1ty/ros2_ws/matlab/custom/matlab_msg_gen/glnxa64/install/include/interfaces/interfaces
-- Up-to-date: /home/etern1ty/ros2_ws/matlab/custom/matlab_msg_gen/glnxa64/install/include/interfaces/interfaces/msg
-- Up-to-date: /home/etern1ty/ros2_ws/matlab/custom/matlab_msg_gen/glnxa64/install/include/interfaces/interfaces/msg/detail
-- Up-to-date: /home/etern1ty/ros2_ws/matlab/custom/matlab_msg_gen/glnxa64/install/include/interfaces/interfaces/msg/detail/detected__type_support.c
-- Up-to-date: /home/etern1ty/ros2_ws/matlab/custom/matlab_msg_gen/glnxa64/install/include/interfaces/interfaces/msg/detail/motion__rosidl_typesupport_introspection_c.h
-- Up-to-date: /home/etern1ty/ros2_ws/matlab/custom/matlab_msg_gen/glnxa64/install/include/interfaces/interfaces/msg/detail/detected__rosidl_typesupport_introspection_c.h
-- Up-to-date: /home/etern1ty/ros2_ws/matlab/custom/matlab_msg_gen/glnxa64/install/include/interfaces/interfaces/msg/detail/motion__type_support.c
-- Up-to-date: /home/etern1ty/ros2_ws/matlab/custom/matlab_msg_gen/glnxa64/install/include/interfaces/interfaces/msg/rosidl_typesupport_introspection_c__visibility_control.h
-- Up-to-date: /home/etern1ty/ros2_ws/matlab/custom/matlab_msg_gen/glnxa64/install/lib/libinterfaces__rosidl_typesupport_introspection_c.so
-- Up-to-date: /home/etern1ty/ros2_ws/matlab/custom/matlab_msg_gen/glnxa64/install/lib/libinterfaces__rosidl_typesupport_c.so
-- Up-to-date: /home/etern1ty/ros2_ws/matlab/custom/matlab_msg_gen/glnxa64/install/include/interfaces/interfaces
-- Up-to-date: /home/etern1ty/ros2_ws/matlab/custom/matlab_msg_gen/glnxa64/install/include/interfaces/interfaces/msg
-- Up-to-date: /home/etern1ty/ros2_ws/matlab/custom/matlab_msg_gen/glnxa64/install/include/interfaces/interfaces/msg/detected.hpp
-- Up-to-date: /home/etern1ty/ros2_ws/matlab/custom/matlab_msg_gen/glnxa64/install/include/interfaces/interfaces/msg/detail
-- Up-to-date: /home/etern1ty/ros2_ws/matlab/custom/matlab_msg_gen/glnxa64/install/include/interfaces/interfaces/msg/detail/motion__builder.hpp
-- Up-to-date: /home/etern1ty/ros2_ws/matlab/custom/matlab_msg_gen/glnxa64/install/include/interfaces/interfaces/msg/detail/detected__struct.hpp
-- Up-to-date: /home/etern1ty/ros2_ws/matlab/custom/matlab_msg_gen/glnxa64/install/include/interfaces/interfaces/msg/detail/detected__traits.hpp
-- Up-to-date: /home/etern1ty/ros2_ws/matlab/custom/matlab_msg_gen/glnxa64/install/include/interfaces/interfaces/msg/detail/motion__struct.hpp
-- Up-to-date: /home/etern1ty/ros2_ws/matlab/custom/matlab_msg_gen/glnxa64/install/include/interfaces/interfaces/msg/detail/motion__traits.hpp
-- Up-to-date: /home/etern1ty/ros2_ws/matlab/custom/matlab_msg_gen/glnxa64/install/include/interfaces/interfaces/msg/detail/detected__builder.hpp
-- Up-to-date: /home/etern1ty/ros2_ws/matlab/custom/matlab_msg_gen/glnxa64/install/include/interfaces/interfaces/msg/motion.hpp
-- Up-to-date: /home/etern1ty/ros2_ws/matlab/custom/matlab_msg_gen/glnxa64/install/include/interfaces/interfaces
-- Up-to-date: /home/etern1ty/ros2_ws/matlab/custom/matlab_msg_gen/glnxa64/install/include/interfaces/interfaces/msg
-- Up-to-date: /home/etern1ty/ros2_ws/matlab/custom/matlab_msg_gen/glnxa64/install/include/interfaces/interfaces/msg/detail
-- Up-to-date: /home/etern1ty/ros2_ws/matlab/custom/matlab_msg_gen/glnxa64/install/include/interfaces/interfaces/msg/detail/dds_fastrtps
-- Up-to-date: /home/etern1ty/ros2_ws/matlab/custom/matlab_msg_gen/glnxa64/install/include/interfaces/interfaces/msg/detail/detected__rosidl_typesupport_fastrtps_cpp.hpp
-- Up-to-date: /home/etern1ty/ros2_ws/matlab/custom/matlab_msg_gen/glnxa64/install/include/interfaces/interfaces/msg/detail/motion__rosidl_typesupport_fastrtps_cpp.hpp
-- Up-to-date: /home/etern1ty/ros2_ws/matlab/custom/matlab_msg_gen/glnxa64/install/include/interfaces/interfaces/msg/rosidl_typesupport_fastrtps_cpp__visibility_control.h
-- Up-to-date: /home/etern1ty/ros2_ws/matlab/custom/matlab_msg_gen/glnxa64/install/lib/libinterfaces__rosidl_typesupport_fastrtps_cpp.so
-- Up-to-date: /home/etern1ty/ros2_ws/matlab/custom/matlab_msg_gen/glnxa64/install/include/interfaces/interfaces
-- Up-to-date: /home/etern1ty/ros2_ws/matlab/custom/matlab_msg_gen/glnxa64/install/include/interfaces/interfaces/msg
-- Up-to-date: /home/etern1ty/ros2_ws/matlab/custom/matlab_msg_gen/glnxa64/install/include/interfaces/interfaces/msg/detail
-- Up-to-date: /home/etern1ty/ros2_ws/matlab/custom/matlab_msg_gen/glnxa64/install/include/interfaces/interfaces/msg/detail/detected__type_support.cpp
-- Up-to-date: /home/etern1ty/ros2_ws/matlab/custom/matlab_msg_gen/glnxa64/install/include/interfaces/interfaces/msg/detail/motion__type_support.cpp
-- Up-to-date: /home/etern1ty/ros2_ws/matlab/custom/matlab_msg_gen/glnxa64/install/include/interfaces/interfaces/msg/detail/motion__rosidl_typesupport_introspection_cpp.hpp
-- Up-to-date: /home/etern1ty/ros2_ws/matlab/custom/matlab_msg_gen/glnxa64/install/include/interfaces/interfaces/msg/detail/detected__rosidl_typesupport_introspection_cpp.hpp
-- Up-to-date: /home/etern1ty/ros2_ws/matlab/custom/matlab_msg_gen/glnxa64/install/lib/libinterfaces__rosidl_typesupport_introspection_cpp.so
-- Up-to-date: /home/etern1ty/ros2_ws/matlab/custom/matlab_msg_gen/glnxa64/install/lib/libinterfaces__rosidl_typesupport_cpp.so
-- Up-to-date: /home/etern1ty/ros2_ws/matlab/custom/matlab_msg_gen/glnxa64/install/share/interfaces/msg/Detected.idl
-- Up-to-date: /home/etern1ty/ros2_ws/matlab/custom/matlab_msg_gen/glnxa64/install/share/interfaces/msg/Motion.idl
-- Up-to-date: /home/etern1ty/ros2_ws/matlab/custom/matlab_msg_gen/glnxa64/install/share/interfaces/msg/Detected.msg
-- Up-to-date: /home/etern1ty/ros2_ws/matlab/custom/matlab_msg_gen/glnxa64/install/share/interfaces/msg/Motion.msg
-- Up-to-date: /home/etern1ty/ros2_ws/matlab/custom/matlab_msg_gen/glnxa64/install/include
-- Up-to-date: /home/etern1ty/ros2_ws/matlab/custom/matlab_msg_gen/glnxa64/install/include/interfaces
-- Up-to-date: /home/etern1ty/ros2_ws/matlab/custom/matlab_msg_gen/glnxa64/install/include/interfaces/visibility_control.h
-- Up-to-date: /home/etern1ty/ros2_ws/matlab/custom/matlab_msg_gen/glnxa64/install/lib/libinterfaces_matlab.so
-- Up-to-date: /home/etern1ty/ros2_ws/matlab/custom/matlab_msg_gen/glnxa64/install/m/
-- Up-to-date: /home/etern1ty/ros2_ws/matlab/custom/matlab_msg_gen/glnxa64/install/m//+ros
-- Up-to-date: /home/etern1ty/ros2_ws/matlab/custom/matlab_msg_gen/glnxa64/install/m//+ros/+internal
-- Up-to-date: /home/etern1ty/ros2_ws/matlab/custom/matlab_msg_gen/glnxa64/install/m//+ros/+internal/+ros2
-- Up-to-date: /home/etern1ty/ros2_ws/matlab/custom/matlab_msg_gen/glnxa64/install/m//+ros/+internal/+ros2/+custommessages
-- Up-to-date: /home/etern1ty/ros2_ws/matlab/custom/matlab_msg_gen/glnxa64/install/m//+ros/+internal/+ros2/+custommessages/+interfaces
-- Up-to-date: /home/etern1ty/ros2_ws/matlab/custom/matlab_msg_gen/glnxa64/install/m//+ros/+internal/+ros2/+custommessages/+interfaces/interfaces_msg_Detected_1To2_Converter.m
-- Up-to-date: /home/etern1ty/ros2_ws/matlab/custom/matlab_msg_gen/glnxa64/install/m//+ros/+internal/+ros2/+custommessages/+interfaces/interfaces_msg_Motion_2To1_Converter.m
-- Up-to-date: /home/etern1ty/ros2_ws/matlab/custom/matlab_msg_gen/glnxa64/install/m//+ros/+internal/+ros2/+custommessages/+interfaces/detected.m
-- Up-to-date: /home/etern1ty/ros2_ws/matlab/custom/matlab_msg_gen/glnxa64/install/m//+ros/+internal/+ros2/+custommessages/+interfaces/interfaces_msg_Detected_2To1_Converter.m
-- Up-to-date: /home/etern1ty/ros2_ws/matlab/custom/matlab_msg_gen/glnxa64/install/m//+ros/+internal/+ros2/+custommessages/+interfaces/motion.m
-- Up-to-date: /home/etern1ty/ros2_ws/matlab/custom/matlab_msg_gen/glnxa64/install/m//+ros/+internal/+ros2/+custommessages/+interfaces/interfaces_msg_Motion_1To2_Converter.m
-- Up-to-date: /home/etern1ty/ros2_ws/matlab/custom/matlab_msg_gen/glnxa64/install/share/ament_index/resource_index/package_run_dependencies/interfaces
-- Up-to-date: /home/etern1ty/ros2_ws/matlab/custom/matlab_msg_gen/glnxa64/install/share/ament_index/resource_index/parent_prefix_path/interfaces
-- Up-to-date: /home/etern1ty/ros2_ws/matlab/custom/matlab_msg_gen/glnxa64/install/share/interfaces/environment/ament_prefix_path.sh
-- Up-to-date: /home/etern1ty/ros2_ws/matlab/custom/matlab_msg_gen/glnxa64/install/share/interfaces/environment/ament_prefix_path.dsv
-- Up-to-date: /home/etern1ty/ros2_ws/matlab/custom/matlab_msg_gen/glnxa64/install/share/interfaces/environment/path.sh
-- Up-to-date: /home/etern1ty/ros2_ws/matlab/custom/matlab_msg_gen/glnxa64/install/share/interfaces/environment/path.dsv
-- Up-to-date: /home/etern1ty/ros2_ws/matlab/custom/matlab_msg_gen/glnxa64/install/share/interfaces/local_setup.bash
-- Up-to-date: /home/etern1ty/ros2_ws/matlab/custom/matlab_msg_gen/glnxa64/install/share/interfaces/local_setup.sh
-- Up-to-date: /home/etern1ty/ros2_ws/matlab/custom/matlab_msg_gen/glnxa64/install/share/interfaces/local_setup.zsh
-- Up-to-date: /home/etern1ty/ros2_ws/matlab/custom/matlab_msg_gen/glnxa64/install/share/interfaces/local_setup.dsv
-- Installing: /home/etern1ty/ros2_ws/matlab/custom/matlab_msg_gen/glnxa64/install/share/interfaces/package.dsv
-- Up-to-date: /home/etern1ty/ros2_ws/matlab/custom/matlab_msg_gen/glnxa64/install/share/ament_index/resource_index/packages/interfaces
-- Up-to-date: /home/etern1ty/ros2_ws/matlab/custom/matlab_msg_gen/glnxa64/install/share/interfaces/cmake/export_interfaces__rosidl_generator_cExport.cmake
-- Up-to-date: /home/etern1ty/ros2_ws/matlab/custom/matlab_msg_gen/glnxa64/install/share/interfaces/cmake/export_interfaces__rosidl_generator_cExport-release.cmake
-- Up-to-date: /home/etern1ty/ros2_ws/matlab/custom/matlab_msg_gen/glnxa64/install/share/interfaces/cmake/export_interfaces__rosidl_typesupport_fastrtps_cExport.cmake
-- Up-to-date: /home/etern1ty/ros2_ws/matlab/custom/matlab_msg_gen/glnxa64/install/share/interfaces/cmake/export_interfaces__rosidl_typesupport_fastrtps_cExport-release.cmake
-- Up-to-date: /home/etern1ty/ros2_ws/matlab/custom/matlab_msg_gen/glnxa64/install/share/interfaces/cmake/interfaces__rosidl_typesupport_introspection_cExport.cmake
-- Up-to-date: /home/etern1ty/ros2_ws/matlab/custom/matlab_msg_gen/glnxa64/install/share/interfaces/cmake/interfaces__rosidl_typesupport_introspection_cExport-release.cmake
-- Up-to-date: /home/etern1ty/ros2_ws/matlab/custom/matlab_msg_gen/glnxa64/install/share/interfaces/cmake/interfaces__rosidl_typesupport_cExport.cmake
-- Up-to-date: /home/etern1ty/ros2_ws/matlab/custom/matlab_msg_gen/glnxa64/install/share/interfaces/cmake/interfaces__rosidl_typesupport_cExport-release.cmake
-- Up-to-date: /home/etern1ty/ros2_ws/matlab/custom/matlab_msg_gen/glnxa64/install/share/interfaces/cmake/export_interfaces__rosidl_generator_cppExport.cmake
-- Up-to-date: /home/etern1ty/ros2_ws/matlab/custom/matlab_msg_gen/glnxa64/install/share/interfaces/cmake/export_interfaces__rosidl_typesupport_fastrtps_cppExport.cmake
-- Up-to-date: /home/etern1ty/ros2_ws/matlab/custom/matlab_msg_gen/glnxa64/install/share/interfaces/cmake/export_interfaces__rosidl_typesupport_fastrtps_cppExport-release.cmake
-- Up-to-date: /home/etern1ty/ros2_ws/matlab/custom/matlab_msg_gen/glnxa64/install/share/interfaces/cmake/interfaces__rosidl_typesupport_introspection_cppExport.cmake
-- Up-to-date: /home/etern1ty/ros2_ws/matlab/custom/matlab_msg_gen/glnxa64/install/share/interfaces/cmake/interfaces__rosidl_typesupport_introspection_cppExport-release.cmake
-- Up-to-date: /home/etern1ty/ros2_ws/matlab/custom/matlab_msg_gen/glnxa64/install/share/interfaces/cmake/interfaces__rosidl_typesupport_cppExport.cmake
-- Up-to-date: /home/etern1ty/ros2_ws/matlab/custom/matlab_msg_gen/glnxa64/install/share/interfaces/cmake/interfaces__rosidl_typesupport_cppExport-release.cmake
-- Up-to-date: /home/etern1ty/ros2_ws/matlab/custom/matlab_msg_gen/glnxa64/install/share/interfaces/cmake/rosidl_cmake-extras.cmake
-- Up-to-date: /home/etern1ty/ros2_ws/matlab/custom/matlab_msg_gen/glnxa64/install/share/interfaces/cmake/ament_cmake_export_include_directories-extras.cmake
-- Up-to-date: /home/etern1ty/ros2_ws/matlab/custom/matlab_msg_gen/glnxa64/install/share/interfaces/cmake/ament_cmake_export_libraries-extras.cmake
-- Up-to-date: /home/etern1ty/ros2_ws/matlab/custom/matlab_msg_gen/glnxa64/install/share/interfaces/cmake/ament_cmake_export_targets-extras.cmake
-- Up-to-date: /home/etern1ty/ros2_ws/matlab/custom/matlab_msg_gen/glnxa64/install/share/interfaces/cmake/rosidl_cmake_export_typesupport_targets-extras.cmake
-- Up-to-date: /home/etern1ty/ros2_ws/matlab/custom/matlab_msg_gen/glnxa64/install/share/interfaces/cmake/ament_cmake_export_dependencies-extras.cmake
-- Up-to-date: /home/etern1ty/ros2_ws/matlab/custom/matlab_msg_gen/glnxa64/install/share/interfaces/cmake/rosidl_cmake_export_typesupport_libraries-extras.cmake
-- Up-to-date: /home/etern1ty/ros2_ws/matlab/custom/matlab_msg_gen/glnxa64/install/share/interfaces/cmake/interfacesConfig.cmake
-- Up-to-date: /home/etern1ty/ros2_ws/matlab/custom/matlab_msg_gen/glnxa64/install/share/interfaces/cmake/interfacesConfig-version.cmake
-- Up-to-date: /home/etern1ty/ros2_ws/matlab/custom/matlab_msg_gen/glnxa64/install/share/interfaces/package.xml
