[0.047s] Invoking command in '/home/etern1ty/ros2_ws/build/examples_rclcpp_minimal_timer': CMAKE_PREFIX_PATH=/opt/ros/humble /usr/bin/cmake /home/etern1ty/ros2_ws/src/src/examples/rclcpp/timers/minimal_timer -DCMAKE_INSTALL_PREFIX=/home/etern1ty/ros2_ws/install/examples_rclcpp_minimal_timer
[0.105s] -- The C compiler identification is GNU 11.4.0
[0.163s] -- The CXX compiler identification is GNU 11.4.0
[0.170s] -- Detecting C compiler ABI info
[0.244s] -- Detecting C compiler ABI info - done
[0.251s] -- Check for working C compiler: /usr/bin/cc - skipped
[0.251s] -- Detecting C compile features
[0.251s] -- Detecting C compile features - done
[0.254s] -- Detecting CXX compiler ABI info
[0.340s] -- Detecting CXX compiler ABI info - done
[0.348s] -- Check for working CXX compiler: /usr/bin/c++ - skipped
[0.348s] -- Detecting CXX compile features
[0.348s] -- Detecting CXX compile features - done
[0.350s] -- Found ament_cmake: 1.3.7 (/opt/ros/humble/share/ament_cmake/cmake)
[0.506s] -- Found Python3: /usr/bin/python3.10 (found version "3.10.12") found components: Interpreter 
[0.585s] -- Found rclcpp: 16.0.8 (/opt/ros/humble/share/rclcpp/cmake)
[0.621s] -- Found rosidl_generator_c: 3.1.5 (/opt/ros/humble/share/rosidl_generator_c/cmake)
[0.626s] -- Found rosidl_adapter: 3.1.5 (/opt/ros/humble/share/rosidl_adapter/cmake)
[0.632s] -- Found rosidl_generator_cpp: 3.1.5 (/opt/ros/humble/share/rosidl_generator_cpp/cmake)
[0.644s] -- Using all available rosidl_typesupport_c: rosidl_typesupport_fastrtps_c;rosidl_typesupport_introspection_c
[0.661s] -- Using all available rosidl_typesupport_cpp: rosidl_typesupport_fastrtps_cpp;rosidl_typesupport_introspection_cpp
[0.722s] -- Found rmw_implementation_cmake: 6.1.1 (/opt/ros/humble/share/rmw_implementation_cmake/cmake)
[0.724s] -- Found rmw_fastrtps_cpp: 6.2.6 (/opt/ros/humble/share/rmw_fastrtps_cpp/cmake)
[0.852s] -- Found OpenSSL: /usr/lib/x86_64-linux-gnu/libcrypto.so (found version "3.0.2")  
[0.898s] -- Found FastRTPS: /opt/ros/humble/include  
[0.976s] -- Using RMW implementation 'rmw_fastrtps_cpp' as default
[0.990s] -- Looking for pthread.h
[1.255s] -- Looking for pthread.h - found
[1.256s] -- Performing Test CMAKE_HAVE_LIBC_PTHREAD
[1.677s] -- Performing Test CMAKE_HAVE_LIBC_PTHREAD - Success
[1.679s] -- Found Threads: TRUE  
[2.169s] -- Found ament_lint_auto: 0.12.10 (/opt/ros/humble/share/ament_lint_auto/cmake)
[2.409s] -- Added test 'copyright' to check source files copyright and LICENSE
[2.411s] -- Added test 'cppcheck' to perform static code analysis on C / C++ code
[2.411s] -- Configured cppcheck include dirs: 
[2.411s] -- Configured cppcheck exclude dirs and/or files: 
[2.412s] -- Added test 'cpplint' to check C / C++ code against the Google style
[2.412s] -- Configured cpplint exclude dirs and/or files: 
[2.413s] -- Added test 'lint_cmake' to check CMake code style
[2.415s] -- Added test 'uncrustify' to check C / C++ code style
[2.415s] -- Configured uncrustify additional arguments: 
[2.416s] -- Added test 'xmllint' to check XML markup files
[2.418s] -- Configuring done
[2.468s] -- Generating done
[2.487s] -- Build files have been written to: /home/etern1ty/ros2_ws/build/examples_rclcpp_minimal_timer
[2.529s] Invoked command in '/home/etern1ty/ros2_ws/build/examples_rclcpp_minimal_timer' returned '0': CMAKE_PREFIX_PATH=/opt/ros/humble /usr/bin/cmake /home/etern1ty/ros2_ws/src/src/examples/rclcpp/timers/minimal_timer -DCMAKE_INSTALL_PREFIX=/home/etern1ty/ros2_ws/install/examples_rclcpp_minimal_timer
[2.543s] Invoking command in '/home/etern1ty/ros2_ws/build/examples_rclcpp_minimal_timer': CMAKE_PREFIX_PATH=/opt/ros/humble /usr/bin/cmake --build /home/etern1ty/ros2_ws/build/examples_rclcpp_minimal_timer -- -j12 -l12
[2.831s] [ 25%] [32mBuilding CXX object CMakeFiles/timer_lambda.dir/lambda.cpp.o[0m
[2.842s] [ 50%] [32mBuilding CXX object CMakeFiles/timer_member_function.dir/member_function.cpp.o[0m
[243.435s] [ 75%] [32m[1mLinking CXX executable timer_lambda[0m
[243.543s] [100%] [32m[1mLinking CXX executable timer_member_function[0m
[243.802s] [100%] Built target timer_lambda
[243.898s] [100%] Built target timer_member_function
[244.024s] Invoked command in '/home/etern1ty/ros2_ws/build/examples_rclcpp_minimal_timer' returned '0': CMAKE_PREFIX_PATH=/opt/ros/humble /usr/bin/cmake --build /home/etern1ty/ros2_ws/build/examples_rclcpp_minimal_timer -- -j12 -l12
[244.129s] Invoking command in '/home/etern1ty/ros2_ws/build/examples_rclcpp_minimal_timer': CMAKE_PREFIX_PATH=/opt/ros/humble /usr/bin/cmake --install /home/etern1ty/ros2_ws/build/examples_rclcpp_minimal_timer
[244.143s] -- Install configuration: ""
[244.145s] -- Installing: /home/etern1ty/ros2_ws/install/examples_rclcpp_minimal_timer/lib/examples_rclcpp_minimal_timer/timer_lambda
[244.147s] -- Set runtime path of "/home/etern1ty/ros2_ws/install/examples_rclcpp_minimal_timer/lib/examples_rclcpp_minimal_timer/timer_lambda" to ""
[244.147s] -- Installing: /home/etern1ty/ros2_ws/install/examples_rclcpp_minimal_timer/lib/examples_rclcpp_minimal_timer/timer_member_function
[244.150s] -- Set runtime path of "/home/etern1ty/ros2_ws/install/examples_rclcpp_minimal_timer/lib/examples_rclcpp_minimal_timer/timer_member_function" to ""
[244.152s] -- Installing: /home/etern1ty/ros2_ws/install/examples_rclcpp_minimal_timer/share/ament_index/resource_index/package_run_dependencies/examples_rclcpp_minimal_timer
[244.153s] -- Installing: /home/etern1ty/ros2_ws/install/examples_rclcpp_minimal_timer/share/ament_index/resource_index/parent_prefix_path/examples_rclcpp_minimal_timer
[244.154s] -- Installing: /home/etern1ty/ros2_ws/install/examples_rclcpp_minimal_timer/share/examples_rclcpp_minimal_timer/environment/ament_prefix_path.sh
[244.156s] -- Installing: /home/etern1ty/ros2_ws/install/examples_rclcpp_minimal_timer/share/examples_rclcpp_minimal_timer/environment/ament_prefix_path.dsv
[244.156s] -- Installing: /home/etern1ty/ros2_ws/install/examples_rclcpp_minimal_timer/share/examples_rclcpp_minimal_timer/environment/path.sh
[244.157s] -- Installing: /home/etern1ty/ros2_ws/install/examples_rclcpp_minimal_timer/share/examples_rclcpp_minimal_timer/environment/path.dsv
[244.158s] -- Installing: /home/etern1ty/ros2_ws/install/examples_rclcpp_minimal_timer/share/examples_rclcpp_minimal_timer/local_setup.bash
[244.159s] -- Installing: /home/etern1ty/ros2_ws/install/examples_rclcpp_minimal_timer/share/examples_rclcpp_minimal_timer/local_setup.sh
[244.161s] -- Installing: /home/etern1ty/ros2_ws/install/examples_rclcpp_minimal_timer/share/examples_rclcpp_minimal_timer/local_setup.zsh
[244.162s] -- Installing: /home/etern1ty/ros2_ws/install/examples_rclcpp_minimal_timer/share/examples_rclcpp_minimal_timer/local_setup.dsv
[244.163s] -- Installing: /home/etern1ty/ros2_ws/install/examples_rclcpp_minimal_timer/share/examples_rclcpp_minimal_timer/package.dsv
[244.163s] -- Installing: /home/etern1ty/ros2_ws/install/examples_rclcpp_minimal_timer/share/ament_index/resource_index/packages/examples_rclcpp_minimal_timer
[244.165s] -- Installing: /home/etern1ty/ros2_ws/install/examples_rclcpp_minimal_timer/share/examples_rclcpp_minimal_timer/cmake/examples_rclcpp_minimal_timerConfig.cmake
[244.165s] -- Installing: /home/etern1ty/ros2_ws/install/examples_rclcpp_minimal_timer/share/examples_rclcpp_minimal_timer/cmake/examples_rclcpp_minimal_timerConfig-version.cmake
[244.168s] -- Installing: /home/etern1ty/ros2_ws/install/examples_rclcpp_minimal_timer/share/examples_rclcpp_minimal_timer/package.xml
[244.178s] Invoked command in '/home/etern1ty/ros2_ws/build/examples_rclcpp_minimal_timer' returned '0': CMAKE_PREFIX_PATH=/opt/ros/humble /usr/bin/cmake --install /home/etern1ty/ros2_ws/build/examples_rclcpp_minimal_timer
