-- Found ament_cmake: 1.3.7 (/opt/ros/humble/share/ament_cmake/cmake)
-- Found rclcpp: 16.0.8 (/opt/ros/humble/share/rclcpp/cmake)
-- Found rosidl_generator_c: 3.1.5 (/opt/ros/humble/share/rosidl_generator_c/cmake)
-- Found rosidl_adapter: 3.1.5 (/opt/ros/humble/share/rosidl_adapter/cmake)
-- Found rosidl_generator_cpp: 3.1.5 (/opt/ros/humble/share/rosidl_generator_cpp/cmake)
-- Using all available rosidl_typesupport_c: rosidl_typesupport_fastrtps_c;rosidl_typesupport_introspection_c
-- Using all available rosidl_typesupport_cpp: rosidl_typesupport_fastrtps_cpp;rosidl_typesupport_introspection_cpp
-- Found rmw_implementation_cmake: 6.1.1 (/opt/ros/humble/share/rmw_implementation_cmake/cmake)
-- Found rmw_fastrtps_cpp: 6.2.6 (/opt/ros/humble/share/rmw_fastrtps_cpp/cmake)
-- Using RMW implementation 'rmw_fastrtps_cpp' as default
-- Found obj_msg: 0.0.0 (/home/etern1ty/ros2_ws/install/obj_msg/share/obj_msg/cmake)
-- Found ament_lint_auto: 0.12.10 (/opt/ros/humble/share/ament_lint_auto/cmake)
-- Added test 'cppcheck' to perform static code analysis on C / C++ code
-- Configured cppcheck include dirs: 
-- Configured cppcheck exclude dirs and/or files: 
-- Added test 'lint_cmake' to check CMake code style
-- Added test 'uncrustify' to check C / C++ code style
-- Configured uncrustify additional arguments: 
-- Added test 'xmllint' to check XML markup files
-- Configuring done
-- Generating done
-- Build files have been written to: /home/etern1ty/ros2_ws/build/flare_detect
[35m[1mConsolidate compiler generated dependencies of target detection[0m
[ 50%] [32mBuilding CXX object CMakeFiles/detection.dir/src/detection.cpp.o[0m
[100%] [32m[1mLinking CXX executable detection[0m
[100%] Built target detection
-- Install configuration: ""
-- Installing: /home/etern1ty/ros2_ws/install/flare_detect/lib/flare_detect/detection
-- Set runtime path of "/home/etern1ty/ros2_ws/install/flare_detect/lib/flare_detect/detection" to ""
-- Up-to-date: /home/etern1ty/ros2_ws/install/flare_detect/share/ament_index/resource_index/package_run_dependencies/flare_detect
-- Installing: /home/etern1ty/ros2_ws/install/flare_detect/share/ament_index/resource_index/parent_prefix_path/flare_detect
-- Up-to-date: /home/etern1ty/ros2_ws/install/flare_detect/share/flare_detect/environment/ament_prefix_path.sh
-- Installing: /home/etern1ty/ros2_ws/install/flare_detect/share/flare_detect/environment/ament_prefix_path.dsv
-- Up-to-date: /home/etern1ty/ros2_ws/install/flare_detect/share/flare_detect/environment/path.sh
-- Installing: /home/etern1ty/ros2_ws/install/flare_detect/share/flare_detect/environment/path.dsv
-- Up-to-date: /home/etern1ty/ros2_ws/install/flare_detect/share/flare_detect/local_setup.bash
-- Up-to-date: /home/etern1ty/ros2_ws/install/flare_detect/share/flare_detect/local_setup.sh
-- Up-to-date: /home/etern1ty/ros2_ws/install/flare_detect/share/flare_detect/local_setup.zsh
-- Installing: /home/etern1ty/ros2_ws/install/flare_detect/share/flare_detect/local_setup.dsv
-- Installing: /home/etern1ty/ros2_ws/install/flare_detect/share/flare_detect/package.dsv
-- Up-to-date: /home/etern1ty/ros2_ws/install/flare_detect/share/ament_index/resource_index/packages/flare_detect
-- Up-to-date: /home/etern1ty/ros2_ws/install/flare_detect/share/flare_detect/cmake/flare_detectConfig.cmake
-- Up-to-date: /home/etern1ty/ros2_ws/install/flare_detect/share/flare_detect/cmake/flare_detectConfig-version.cmake
-- Up-to-date: /home/etern1ty/ros2_ws/install/flare_detect/share/flare_detect/package.xml
