[0.153s] Invoking command in '/home/etern1ty/ros2_ws/build/flare_detect': AMENT_PREFIX_PATH=/home/etern1ty/ros2_ws/install/obj_msg:${AMENT_PREFIX_PATH} CMAKE_PREFIX_PATH=/home/etern1ty/ros2_ws/install/obj_msg:/opt/ros/humble LD_LIBRARY_PATH=/home/etern1ty/ros2_ws/install/obj_msg/lib:${LD_LIBRARY_PATH} PYTHONPATH=/home/etern1ty/ros2_ws/install/obj_msg/local/lib/python3.10/dist-packages:${PYTHONPATH} /usr/bin/cmake --build /home/etern1ty/ros2_ws/build/flare_detect -- -j12 -l12
[0.182s] -- Found ament_cmake: 1.3.7 (/opt/ros/humble/share/ament_cmake/cmake)
[0.326s] -- Found rclcpp: 16.0.8 (/opt/ros/humble/share/rclcpp/cmake)
[0.359s] -- Found rosidl_generator_c: 3.1.5 (/opt/ros/humble/share/rosidl_generator_c/cmake)
[0.361s] -- Found rosidl_adapter: 3.1.5 (/opt/ros/humble/share/rosidl_adapter/cmake)
[0.367s] -- Found rosidl_generator_cpp: 3.1.5 (/opt/ros/humble/share/rosidl_generator_cpp/cmake)
[0.377s] -- Using all available rosidl_typesupport_c: rosidl_typesupport_fastrtps_c;rosidl_typesupport_introspection_c
[0.391s] -- Using all available rosidl_typesupport_cpp: rosidl_typesupport_fastrtps_cpp;rosidl_typesupport_introspection_cpp
[0.452s] -- Found rmw_implementation_cmake: 6.1.1 (/opt/ros/humble/share/rmw_implementation_cmake/cmake)
[0.453s] -- Found rmw_fastrtps_cpp: 6.2.6 (/opt/ros/humble/share/rmw_fastrtps_cpp/cmake)
[0.596s] -- Using RMW implementation 'rmw_fastrtps_cpp' as default
[0.753s] -- Found obj_msg: 0.0.0 (/home/etern1ty/ros2_ws/install/obj_msg/share/obj_msg/cmake)
[0.773s] -- Found ament_lint_auto: 0.12.10 (/opt/ros/humble/share/ament_lint_auto/cmake)
[0.842s] -- Added test 'cppcheck' to perform static code analysis on C / C++ code
[0.842s] -- Configured cppcheck include dirs: 
[0.842s] -- Configured cppcheck exclude dirs and/or files: 
[0.843s] -- Added test 'lint_cmake' to check CMake code style
[0.845s] -- Added test 'uncrustify' to check C / C++ code style
[0.845s] -- Configured uncrustify additional arguments: 
[0.845s] -- Added test 'xmllint' to check XML markup files
[0.847s] -- Configuring done
[0.862s] -- Generating done
[0.864s] -- Build files have been written to: /home/etern1ty/ros2_ws/build/flare_detect
[0.898s] [35m[1mConsolidate compiler generated dependencies of target detection[0m
[0.923s] [ 50%] [32mBuilding CXX object CMakeFiles/detection.dir/src/detection.cpp.o[0m
[6.204s] [100%] [32m[1mLinking CXX executable detection[0m
[6.745s] [100%] Built target detection
[6.759s] Invoked command in '/home/etern1ty/ros2_ws/build/flare_detect' returned '0': AMENT_PREFIX_PATH=/home/etern1ty/ros2_ws/install/obj_msg:${AMENT_PREFIX_PATH} CMAKE_PREFIX_PATH=/home/etern1ty/ros2_ws/install/obj_msg:/opt/ros/humble LD_LIBRARY_PATH=/home/etern1ty/ros2_ws/install/obj_msg/lib:${LD_LIBRARY_PATH} PYTHONPATH=/home/etern1ty/ros2_ws/install/obj_msg/local/lib/python3.10/dist-packages:${PYTHONPATH} /usr/bin/cmake --build /home/etern1ty/ros2_ws/build/flare_detect -- -j12 -l12
[6.792s] Invoking command in '/home/etern1ty/ros2_ws/build/flare_detect': AMENT_PREFIX_PATH=/home/etern1ty/ros2_ws/install/obj_msg:${AMENT_PREFIX_PATH} CMAKE_PREFIX_PATH=/home/etern1ty/ros2_ws/install/obj_msg:/opt/ros/humble LD_LIBRARY_PATH=/home/etern1ty/ros2_ws/install/obj_msg/lib:${LD_LIBRARY_PATH} PYTHONPATH=/home/etern1ty/ros2_ws/install/obj_msg/local/lib/python3.10/dist-packages:${PYTHONPATH} /usr/bin/cmake --install /home/etern1ty/ros2_ws/build/flare_detect
[6.799s] -- Install configuration: ""
[6.800s] -- Installing: /home/etern1ty/ros2_ws/install/flare_detect/lib/flare_detect/detection
[6.803s] -- Set runtime path of "/home/etern1ty/ros2_ws/install/flare_detect/lib/flare_detect/detection" to ""
[6.803s] -- Up-to-date: /home/etern1ty/ros2_ws/install/flare_detect/share/ament_index/resource_index/package_run_dependencies/flare_detect
[6.804s] -- Installing: /home/etern1ty/ros2_ws/install/flare_detect/share/ament_index/resource_index/parent_prefix_path/flare_detect
[6.805s] -- Up-to-date: /home/etern1ty/ros2_ws/install/flare_detect/share/flare_detect/environment/ament_prefix_path.sh
[6.806s] -- Installing: /home/etern1ty/ros2_ws/install/flare_detect/share/flare_detect/environment/ament_prefix_path.dsv
[6.806s] -- Up-to-date: /home/etern1ty/ros2_ws/install/flare_detect/share/flare_detect/environment/path.sh
[6.806s] -- Installing: /home/etern1ty/ros2_ws/install/flare_detect/share/flare_detect/environment/path.dsv
[6.806s] -- Up-to-date: /home/etern1ty/ros2_ws/install/flare_detect/share/flare_detect/local_setup.bash
[6.807s] -- Up-to-date: /home/etern1ty/ros2_ws/install/flare_detect/share/flare_detect/local_setup.sh
[6.807s] -- Up-to-date: /home/etern1ty/ros2_ws/install/flare_detect/share/flare_detect/local_setup.zsh
[6.807s] -- Installing: /home/etern1ty/ros2_ws/install/flare_detect/share/flare_detect/local_setup.dsv
[6.807s] -- Installing: /home/etern1ty/ros2_ws/install/flare_detect/share/flare_detect/package.dsv
[6.807s] -- Up-to-date: /home/etern1ty/ros2_ws/install/flare_detect/share/ament_index/resource_index/packages/flare_detect
[6.807s] -- Up-to-date: /home/etern1ty/ros2_ws/install/flare_detect/share/flare_detect/cmake/flare_detectConfig.cmake
[6.808s] -- Up-to-date: /home/etern1ty/ros2_ws/install/flare_detect/share/flare_detect/cmake/flare_detectConfig-version.cmake
[6.808s] -- Up-to-date: /home/etern1ty/ros2_ws/install/flare_detect/share/flare_detect/package.xml
[6.811s] Invoked command in '/home/etern1ty/ros2_ws/build/flare_detect' returned '0': AMENT_PREFIX_PATH=/home/etern1ty/ros2_ws/install/obj_msg:${AMENT_PREFIX_PATH} CMAKE_PREFIX_PATH=/home/etern1ty/ros2_ws/install/obj_msg:/opt/ros/humble LD_LIBRARY_PATH=/home/etern1ty/ros2_ws/install/obj_msg/lib:${LD_LIBRARY_PATH} PYTHONPATH=/home/etern1ty/ros2_ws/install/obj_msg/local/lib/python3.10/dist-packages:${PYTHONPATH} /usr/bin/cmake --install /home/etern1ty/ros2_ws/build/flare_detect
