[0.052s] Invoking command in '/home/etern1ty/ros2_ws/build/tutorial_interfaces': CMAKE_PREFIX_PATH=/opt/ros/humble /usr/bin/cmake /home/etern1ty/ros2_ws/src/tutorial_interfaces -DCMAKE_INSTALL_PREFIX=/home/etern1ty/ros2_ws/install/tutorial_interfaces
[0.120s] -- The C compiler identification is GNU 11.4.0
[0.181s] -- The CXX compiler identification is GNU 11.4.0
[0.190s] -- Detecting C compiler ABI info
[0.265s] -- Detecting C compiler ABI info - done
[0.273s] -- Check for working C compiler: /usr/bin/cc - skipped
[0.273s] -- Detecting C compile features
[0.273s] -- Detecting C compile features - done
[0.276s] -- Detecting CXX compiler ABI info
[0.362s] -- Detecting CXX compiler ABI info - done
[0.369s] -- Check for working CXX compiler: /usr/bin/c++ - skipped
[0.369s] -- Detecting CXX compile features
[0.370s] -- Detecting CXX compile features - done
[0.373s] -- Found ament_cmake: 1.3.7 (/opt/ros/humble/share/ament_cmake/cmake)
[0.541s] -- Found Python3: /usr/bin/python3.10 (found version "3.10.12") found components: Interpreter 
[0.628s] -- Found geometry_msgs: 4.2.3 (/opt/ros/humble/share/geometry_msgs/cmake)
[0.663s] -- Found rosidl_generator_c: 3.1.5 (/opt/ros/humble/share/rosidl_generator_c/cmake)
[0.668s] -- Found rosidl_adapter: 3.1.5 (/opt/ros/humble/share/rosidl_adapter/cmake)
[0.676s] -- Found rosidl_generator_cpp: 3.1.5 (/opt/ros/humble/share/rosidl_generator_cpp/cmake)
[0.689s] -- Using all available rosidl_typesupport_c: rosidl_typesupport_fastrtps_c;rosidl_typesupport_introspection_c
[0.707s] -- Using all available rosidl_typesupport_cpp: rosidl_typesupport_fastrtps_cpp;rosidl_typesupport_introspection_cpp
[0.830s] -- Found rosidl_default_generators: 1.2.0 (/opt/ros/humble/share/rosidl_default_generators/cmake)
[0.839s] [31mCMake Error at /opt/ros/humble/share/rosidl_cmake/cmake/rosidl_generate_interfaces.cmake:93 (message):
[0.839s]   rosidl_generate_interfaces() the passed file 'srv/AddThreeInts.srv' doesn't
[0.839s]   exist relative to the CMAKE_CURRENT_SOURCE_DIR
[0.840s]   '/home/etern1ty/ros2_ws/src/tutorial_interfaces'
[0.840s] Call Stack (most recent call first):
[0.840s]   CMakeLists.txt:16 (rosidl_generate_interfaces)
[0.840s] 
[0.840s] [0m
[0.840s] -- Configuring incomplete, errors occurred!
[0.840s] See also "/home/etern1ty/ros2_ws/build/tutorial_interfaces/CMakeFiles/CMakeOutput.log".
[0.846s] Invoked command in '/home/etern1ty/ros2_ws/build/tutorial_interfaces' returned '1': CMAKE_PREFIX_PATH=/opt/ros/humble /usr/bin/cmake /home/etern1ty/ros2_ws/src/tutorial_interfaces -DCMAKE_INSTALL_PREFIX=/home/etern1ty/ros2_ws/install/tutorial_interfaces
