[0.059s] Invoking command in '/home/etern1ty/ros2_ws/build/my_package': CMAKE_PREFIX_PATH=/opt/ros/humble /usr/bin/cmake --build /home/etern1ty/ros2_ws/build/my_package -- -j12 -l12
[0.117s] [35m[1mConsolidate compiler generated dependencies of target my_node[0m
[0.134s] [100%] Built target my_node
[0.150s] Invoked command in '/home/etern1ty/ros2_ws/build/my_package' returned '0': CMAKE_PREFIX_PATH=/opt/ros/humble /usr/bin/cmake --build /home/etern1ty/ros2_ws/build/my_package -- -j12 -l12
[0.181s] Invoking command in '/home/etern1ty/ros2_ws/build/my_package': CMAKE_PREFIX_PATH=/opt/ros/humble /usr/bin/cmake --install /home/etern1ty/ros2_ws/build/my_package
[0.190s] -- Install configuration: ""
[0.191s] -- Up-to-date: /home/etern1ty/ros2_ws/install/my_package/lib/my_package/my_node
[0.192s] -- Up-to-date: /home/etern1ty/ros2_ws/install/my_package/share/ament_index/resource_index/package_run_dependencies/my_package
[0.192s] -- Up-to-date: /home/etern1ty/ros2_ws/install/my_package/share/ament_index/resource_index/parent_prefix_path/my_package
[0.192s] -- Up-to-date: /home/etern1ty/ros2_ws/install/my_package/share/my_package/environment/ament_prefix_path.sh
[0.192s] -- Up-to-date: /home/etern1ty/ros2_ws/install/my_package/share/my_package/environment/ament_prefix_path.dsv
[0.192s] -- Up-to-date: /home/etern1ty/ros2_ws/install/my_package/share/my_package/environment/path.sh
[0.192s] -- Up-to-date: /home/etern1ty/ros2_ws/install/my_package/share/my_package/environment/path.dsv
[0.192s] -- Up-to-date: /home/etern1ty/ros2_ws/install/my_package/share/my_package/local_setup.bash
[0.193s] -- Up-to-date: /home/etern1ty/ros2_ws/install/my_package/share/my_package/local_setup.sh
[0.193s] -- Up-to-date: /home/etern1ty/ros2_ws/install/my_package/share/my_package/local_setup.zsh
[0.193s] -- Up-to-date: /home/etern1ty/ros2_ws/install/my_package/share/my_package/local_setup.dsv
[0.193s] -- Up-to-date: /home/etern1ty/ros2_ws/install/my_package/share/my_package/package.dsv
[0.193s] -- Up-to-date: /home/etern1ty/ros2_ws/install/my_package/share/ament_index/resource_index/packages/my_package
[0.193s] -- Up-to-date: /home/etern1ty/ros2_ws/install/my_package/share/my_package/cmake/my_packageConfig.cmake
[0.193s] -- Up-to-date: /home/etern1ty/ros2_ws/install/my_package/share/my_package/cmake/my_packageConfig-version.cmake
[0.193s] -- Up-to-date: /home/etern1ty/ros2_ws/install/my_package/share/my_package/package.xml
[0.195s] Invoked command in '/home/etern1ty/ros2_ws/build/my_package' returned '0': CMAKE_PREFIX_PATH=/opt/ros/humble /usr/bin/cmake --install /home/etern1ty/ros2_ws/build/my_package
