[0.057s] Invoking command in '/home/etern1ty/ros2_ws/build/obj_msg': CMAKE_PREFIX_PATH=/opt/ros/humble /usr/bin/cmake --build /home/etern1ty/ros2_ws/build/obj_msg -- -j12 -l12
[0.142s] [35m[1mConsolidate compiler generated dependencies of target obj_msg__rosidl_generator_c[0m
[0.149s] [  2%] Built target obj_msg__cpp
[0.160s] [ 12%] Built target obj_msg__rosidl_generator_c
[0.171s] [35m[1mConsolidate compiler generated dependencies of target obj_msg__rosidl_typesupport_fastrtps_cpp[0m
[0.176s] [35m[1mConsolidate compiler generated dependencies of target obj_msg__rosidl_typesupport_cpp[0m
[0.176s] [35m[1mConsolidate compiler generated dependencies of target obj_msg__rosidl_typesupport_introspection_cpp[0m
[0.177s] [35m[1mConsolidate compiler generated dependencies of target obj_msg__rosidl_typesupport_introspection_c[0m
[0.177s] [ 12%] Built target ament_cmake_python_copy_obj_msg
[0.178s] [35m[1mConsolidate compiler generated dependencies of target obj_msg__rosidl_typesupport_c[0m
[0.178s] [35m[1mConsolidate compiler generated dependencies of target obj_msg__rosidl_typesupport_fastrtps_c[0m
[0.190s] [ 23%] Built target obj_msg__rosidl_typesupport_fastrtps_cpp
[0.191s] [ 33%] Built target obj_msg__rosidl_typesupport_introspection_c
[0.191s] [ 43%] Built target obj_msg__rosidl_typesupport_c
[0.191s] [ 61%] Built target obj_msg__rosidl_typesupport_introspection_cpp
[0.191s] [ 64%] Built target obj_msg__rosidl_typesupport_cpp
[0.195s] [ 74%] Built target obj_msg__rosidl_typesupport_fastrtps_c
[0.219s] [ 74%] Built target obj_msg
[0.244s] [ 76%] Built target obj_msg__py
[0.258s] [35m[1mConsolidate compiler generated dependencies of target obj_msg__rosidl_generator_py[0m
[0.274s] [ 84%] Built target obj_msg__rosidl_generator_py
[0.287s] [35m[1mConsolidate compiler generated dependencies of target obj_msg__rosidl_typesupport_fastrtps_c__pyext[0m
[0.287s] [35m[1mConsolidate compiler generated dependencies of target obj_msg__rosidl_typesupport_introspection_c__pyext[0m
[0.288s] [35m[1mConsolidate compiler generated dependencies of target obj_msg__rosidl_typesupport_c__pyext[0m
[0.301s] [100%] Built target obj_msg__rosidl_typesupport_fastrtps_c__pyext
[0.302s] [100%] Built target obj_msg__rosidl_typesupport_introspection_c__pyext
[0.302s] [100%] Built target obj_msg__rosidl_typesupport_c__pyext
[0.353s] running egg_info
[0.368s] writing obj_msg.egg-info/PKG-INFO
[0.368s] writing dependency_links to obj_msg.egg-info/dependency_links.txt
[0.369s] writing top-level names to obj_msg.egg-info/top_level.txt
[0.410s] reading manifest file 'obj_msg.egg-info/SOURCES.txt'
[0.410s] writing manifest file 'obj_msg.egg-info/SOURCES.txt'
[0.440s] [100%] Built target ament_cmake_python_build_obj_msg_egg
[0.454s] Invoked command in '/home/etern1ty/ros2_ws/build/obj_msg' returned '0': CMAKE_PREFIX_PATH=/opt/ros/humble /usr/bin/cmake --build /home/etern1ty/ros2_ws/build/obj_msg -- -j12 -l12
[0.549s] Invoking command in '/home/etern1ty/ros2_ws/build/obj_msg': CMAKE_PREFIX_PATH=/opt/ros/humble /usr/bin/cmake --install /home/etern1ty/ros2_ws/build/obj_msg
[0.564s] -- Install configuration: ""
[0.565s] -- Up-to-date: /home/etern1ty/ros2_ws/install/obj_msg/share/ament_index/resource_index/rosidl_interfaces/obj_msg
[0.565s] -- Up-to-date: /home/etern1ty/ros2_ws/install/obj_msg/include/obj_msg/obj_msg
[0.565s] -- Up-to-date: /home/etern1ty/ros2_ws/install/obj_msg/include/obj_msg/obj_msg/msg
[0.565s] -- Up-to-date: /home/etern1ty/ros2_ws/install/obj_msg/include/obj_msg/obj_msg/msg/detected.h
[0.566s] -- Up-to-date: /home/etern1ty/ros2_ws/install/obj_msg/include/obj_msg/obj_msg/msg/detail
[0.566s] -- Up-to-date: /home/etern1ty/ros2_ws/install/obj_msg/include/obj_msg/obj_msg/msg/detail/detected__functions.c
[0.566s] -- Up-to-date: /home/etern1ty/ros2_ws/install/obj_msg/include/obj_msg/obj_msg/msg/detail/motion__type_support.h
[0.566s] -- Up-to-date: /home/etern1ty/ros2_ws/install/obj_msg/include/obj_msg/obj_msg/msg/detail/motion__struct.h
[0.566s] -- Up-to-date: /home/etern1ty/ros2_ws/install/obj_msg/include/obj_msg/obj_msg/msg/detail/detected__functions.h
[0.566s] -- Up-to-date: /home/etern1ty/ros2_ws/install/obj_msg/include/obj_msg/obj_msg/msg/detail/detected__struct.h
[0.566s] -- Up-to-date: /home/etern1ty/ros2_ws/install/obj_msg/include/obj_msg/obj_msg/msg/detail/motion__functions.h
[0.566s] -- Up-to-date: /home/etern1ty/ros2_ws/install/obj_msg/include/obj_msg/obj_msg/msg/detail/detected__type_support.h
[0.566s] -- Up-to-date: /home/etern1ty/ros2_ws/install/obj_msg/include/obj_msg/obj_msg/msg/detail/motion__functions.c
[0.566s] -- Up-to-date: /home/etern1ty/ros2_ws/install/obj_msg/include/obj_msg/obj_msg/msg/motion.h
[0.566s] -- Up-to-date: /home/etern1ty/ros2_ws/install/obj_msg/include/obj_msg/obj_msg/msg/rosidl_generator_c__visibility_control.h
[0.567s] -- Up-to-date: /home/etern1ty/ros2_ws/install/obj_msg/share/obj_msg/environment/library_path.sh
[0.567s] -- Up-to-date: /home/etern1ty/ros2_ws/install/obj_msg/share/obj_msg/environment/library_path.dsv
[0.568s] -- Up-to-date: /home/etern1ty/ros2_ws/install/obj_msg/lib/libobj_msg__rosidl_generator_c.so
[0.568s] -- Up-to-date: /home/etern1ty/ros2_ws/install/obj_msg/include/obj_msg/obj_msg
[0.568s] -- Up-to-date: /home/etern1ty/ros2_ws/install/obj_msg/include/obj_msg/obj_msg/msg
[0.568s] -- Up-to-date: /home/etern1ty/ros2_ws/install/obj_msg/include/obj_msg/obj_msg/msg/rosidl_typesupport_fastrtps_c__visibility_control.h
[0.568s] -- Up-to-date: /home/etern1ty/ros2_ws/install/obj_msg/include/obj_msg/obj_msg/msg/detail
[0.568s] -- Up-to-date: /home/etern1ty/ros2_ws/install/obj_msg/include/obj_msg/obj_msg/msg/detail/motion__rosidl_typesupport_fastrtps_c.h
[0.568s] -- Up-to-date: /home/etern1ty/ros2_ws/install/obj_msg/include/obj_msg/obj_msg/msg/detail/detected__rosidl_typesupport_fastrtps_c.h
[0.568s] -- Up-to-date: /home/etern1ty/ros2_ws/install/obj_msg/lib/libobj_msg__rosidl_typesupport_fastrtps_c.so
[0.568s] -- Up-to-date: /home/etern1ty/ros2_ws/install/obj_msg/include/obj_msg/obj_msg
[0.569s] -- Up-to-date: /home/etern1ty/ros2_ws/install/obj_msg/include/obj_msg/obj_msg/msg
[0.569s] -- Up-to-date: /home/etern1ty/ros2_ws/install/obj_msg/include/obj_msg/obj_msg/msg/detail
[0.569s] -- Up-to-date: /home/etern1ty/ros2_ws/install/obj_msg/include/obj_msg/obj_msg/msg/detail/detected__type_support.c
[0.569s] -- Up-to-date: /home/etern1ty/ros2_ws/install/obj_msg/include/obj_msg/obj_msg/msg/detail/motion__rosidl_typesupport_introspection_c.h
[0.569s] -- Up-to-date: /home/etern1ty/ros2_ws/install/obj_msg/include/obj_msg/obj_msg/msg/detail/detected__rosidl_typesupport_introspection_c.h
[0.569s] -- Up-to-date: /home/etern1ty/ros2_ws/install/obj_msg/include/obj_msg/obj_msg/msg/detail/motion__type_support.c
[0.569s] -- Up-to-date: /home/etern1ty/ros2_ws/install/obj_msg/include/obj_msg/obj_msg/msg/rosidl_typesupport_introspection_c__visibility_control.h
[0.569s] -- Up-to-date: /home/etern1ty/ros2_ws/install/obj_msg/lib/libobj_msg__rosidl_typesupport_introspection_c.so
[0.569s] -- Up-to-date: /home/etern1ty/ros2_ws/install/obj_msg/lib/libobj_msg__rosidl_typesupport_c.so
[0.569s] -- Up-to-date: /home/etern1ty/ros2_ws/install/obj_msg/include/obj_msg/obj_msg
[0.570s] -- Up-to-date: /home/etern1ty/ros2_ws/install/obj_msg/include/obj_msg/obj_msg/msg
[0.570s] -- Up-to-date: /home/etern1ty/ros2_ws/install/obj_msg/include/obj_msg/obj_msg/msg/detected.hpp
[0.570s] -- Up-to-date: /home/etern1ty/ros2_ws/install/obj_msg/include/obj_msg/obj_msg/msg/detail
[0.570s] -- Up-to-date: /home/etern1ty/ros2_ws/install/obj_msg/include/obj_msg/obj_msg/msg/detail/motion__builder.hpp
[0.570s] -- Up-to-date: /home/etern1ty/ros2_ws/install/obj_msg/include/obj_msg/obj_msg/msg/detail/detected__struct.hpp
[0.570s] -- Up-to-date: /home/etern1ty/ros2_ws/install/obj_msg/include/obj_msg/obj_msg/msg/detail/detected__traits.hpp
[0.570s] -- Up-to-date: /home/etern1ty/ros2_ws/install/obj_msg/include/obj_msg/obj_msg/msg/detail/motion__struct.hpp
[0.570s] -- Up-to-date: /home/etern1ty/ros2_ws/install/obj_msg/include/obj_msg/obj_msg/msg/detail/motion__traits.hpp
[0.570s] -- Up-to-date: /home/etern1ty/ros2_ws/install/obj_msg/include/obj_msg/obj_msg/msg/detail/detected__builder.hpp
[0.570s] -- Up-to-date: /home/etern1ty/ros2_ws/install/obj_msg/include/obj_msg/obj_msg/msg/motion.hpp
[0.570s] -- Up-to-date: /home/etern1ty/ros2_ws/install/obj_msg/include/obj_msg/obj_msg
[0.570s] -- Up-to-date: /home/etern1ty/ros2_ws/install/obj_msg/include/obj_msg/obj_msg/msg
[0.570s] -- Up-to-date: /home/etern1ty/ros2_ws/install/obj_msg/include/obj_msg/obj_msg/msg/detail
[0.570s] -- Up-to-date: /home/etern1ty/ros2_ws/install/obj_msg/include/obj_msg/obj_msg/msg/detail/dds_fastrtps
[0.571s] -- Up-to-date: /home/etern1ty/ros2_ws/install/obj_msg/include/obj_msg/obj_msg/msg/detail/detected__rosidl_typesupport_fastrtps_cpp.hpp
[0.571s] -- Up-to-date: /home/etern1ty/ros2_ws/install/obj_msg/include/obj_msg/obj_msg/msg/detail/motion__rosidl_typesupport_fastrtps_cpp.hpp
[0.571s] -- Up-to-date: /home/etern1ty/ros2_ws/install/obj_msg/include/obj_msg/obj_msg/msg/rosidl_typesupport_fastrtps_cpp__visibility_control.h
[0.571s] -- Up-to-date: /home/etern1ty/ros2_ws/install/obj_msg/lib/libobj_msg__rosidl_typesupport_fastrtps_cpp.so
[0.571s] -- Up-to-date: /home/etern1ty/ros2_ws/install/obj_msg/include/obj_msg/obj_msg
[0.571s] -- Up-to-date: /home/etern1ty/ros2_ws/install/obj_msg/include/obj_msg/obj_msg/msg
[0.571s] -- Up-to-date: /home/etern1ty/ros2_ws/install/obj_msg/include/obj_msg/obj_msg/msg/detail
[0.571s] -- Up-to-date: /home/etern1ty/ros2_ws/install/obj_msg/include/obj_msg/obj_msg/msg/detail/detected__type_support.cpp
[0.571s] -- Up-to-date: /home/etern1ty/ros2_ws/install/obj_msg/include/obj_msg/obj_msg/msg/detail/motion__type_support.cpp
[0.571s] -- Up-to-date: /home/etern1ty/ros2_ws/install/obj_msg/include/obj_msg/obj_msg/msg/detail/motion__rosidl_typesupport_introspection_cpp.hpp
[0.571s] -- Up-to-date: /home/etern1ty/ros2_ws/install/obj_msg/include/obj_msg/obj_msg/msg/detail/detected__rosidl_typesupport_introspection_cpp.hpp
[0.571s] -- Up-to-date: /home/etern1ty/ros2_ws/install/obj_msg/lib/libobj_msg__rosidl_typesupport_introspection_cpp.so
[0.572s] -- Up-to-date: /home/etern1ty/ros2_ws/install/obj_msg/lib/libobj_msg__rosidl_typesupport_cpp.so
[0.572s] -- Up-to-date: /home/etern1ty/ros2_ws/install/obj_msg/share/obj_msg/environment/pythonpath.sh
[0.572s] -- Up-to-date: /home/etern1ty/ros2_ws/install/obj_msg/share/obj_msg/environment/pythonpath.dsv
[0.572s] -- Up-to-date: /home/etern1ty/ros2_ws/install/obj_msg/local/lib/python3.10/dist-packages/obj_msg-0.0.0-py3.10.egg-info
[0.572s] -- Installing: /home/etern1ty/ros2_ws/install/obj_msg/local/lib/python3.10/dist-packages/obj_msg-0.0.0-py3.10.egg-info/PKG-INFO
[0.573s] -- Installing: /home/etern1ty/ros2_ws/install/obj_msg/local/lib/python3.10/dist-packages/obj_msg-0.0.0-py3.10.egg-info/top_level.txt
[0.573s] -- Installing: /home/etern1ty/ros2_ws/install/obj_msg/local/lib/python3.10/dist-packages/obj_msg-0.0.0-py3.10.egg-info/SOURCES.txt
[0.573s] -- Installing: /home/etern1ty/ros2_ws/install/obj_msg/local/lib/python3.10/dist-packages/obj_msg-0.0.0-py3.10.egg-info/dependency_links.txt
[0.573s] -- Up-to-date: /home/etern1ty/ros2_ws/install/obj_msg/local/lib/python3.10/dist-packages/obj_msg
[0.573s] -- Up-to-date: /home/etern1ty/ros2_ws/install/obj_msg/local/lib/python3.10/dist-packages/obj_msg/libobj_msg__rosidl_generator_py.so
[0.573s] -- Up-to-date: /home/etern1ty/ros2_ws/install/obj_msg/local/lib/python3.10/dist-packages/obj_msg/_obj_msg_s.ep.rosidl_typesupport_c.c
[0.573s] -- Up-to-date: /home/etern1ty/ros2_ws/install/obj_msg/local/lib/python3.10/dist-packages/obj_msg/__init__.py
[0.574s] -- Up-to-date: /home/etern1ty/ros2_ws/install/obj_msg/local/lib/python3.10/dist-packages/obj_msg/obj_msg_s__rosidl_typesupport_c.cpython-310-x86_64-linux-gnu.so
[0.574s] -- Up-to-date: /home/etern1ty/ros2_ws/install/obj_msg/local/lib/python3.10/dist-packages/obj_msg/_obj_msg_s.ep.rosidl_typesupport_fastrtps_c.c
[0.574s] -- Up-to-date: /home/etern1ty/ros2_ws/install/obj_msg/local/lib/python3.10/dist-packages/obj_msg/obj_msg_s__rosidl_typesupport_fastrtps_c.cpython-310-x86_64-linux-gnu.so
[0.574s] -- Up-to-date: /home/etern1ty/ros2_ws/install/obj_msg/local/lib/python3.10/dist-packages/obj_msg/msg
[0.574s] -- Up-to-date: /home/etern1ty/ros2_ws/install/obj_msg/local/lib/python3.10/dist-packages/obj_msg/msg/_motion_s.c
[0.575s] -- Up-to-date: /home/etern1ty/ros2_ws/install/obj_msg/local/lib/python3.10/dist-packages/obj_msg/msg/_detected_s.c
[0.575s] -- Up-to-date: /home/etern1ty/ros2_ws/install/obj_msg/local/lib/python3.10/dist-packages/obj_msg/msg/_motion.py
[0.575s] -- Up-to-date: /home/etern1ty/ros2_ws/install/obj_msg/local/lib/python3.10/dist-packages/obj_msg/msg/__init__.py
[0.575s] -- Up-to-date: /home/etern1ty/ros2_ws/install/obj_msg/local/lib/python3.10/dist-packages/obj_msg/msg/_detected.py
[0.575s] -- Up-to-date: /home/etern1ty/ros2_ws/install/obj_msg/local/lib/python3.10/dist-packages/obj_msg/obj_msg_s__rosidl_typesupport_introspection_c.cpython-310-x86_64-linux-gnu.so
[0.575s] -- Up-to-date: /home/etern1ty/ros2_ws/install/obj_msg/local/lib/python3.10/dist-packages/obj_msg/_obj_msg_s.ep.rosidl_typesupport_introspection_c.c
[0.602s] Listing '/home/etern1ty/ros2_ws/install/obj_msg/local/lib/python3.10/dist-packages/obj_msg'...
[0.602s] Listing '/home/etern1ty/ros2_ws/install/obj_msg/local/lib/python3.10/dist-packages/obj_msg/msg'...
[0.606s] -- Up-to-date: /home/etern1ty/ros2_ws/install/obj_msg/local/lib/python3.10/dist-packages/obj_msg/obj_msg_s__rosidl_typesupport_fastrtps_c.cpython-310-x86_64-linux-gnu.so
[0.607s] -- Up-to-date: /home/etern1ty/ros2_ws/install/obj_msg/local/lib/python3.10/dist-packages/obj_msg/obj_msg_s__rosidl_typesupport_introspection_c.cpython-310-x86_64-linux-gnu.so
[0.608s] -- Up-to-date: /home/etern1ty/ros2_ws/install/obj_msg/local/lib/python3.10/dist-packages/obj_msg/obj_msg_s__rosidl_typesupport_c.cpython-310-x86_64-linux-gnu.so
[0.608s] -- Up-to-date: /home/etern1ty/ros2_ws/install/obj_msg/lib/libobj_msg__rosidl_generator_py.so
[0.608s] -- Up-to-date: /home/etern1ty/ros2_ws/install/obj_msg/share/obj_msg/msg/Detected.idl
[0.609s] -- Up-to-date: /home/etern1ty/ros2_ws/install/obj_msg/share/obj_msg/msg/Motion.idl
[0.609s] -- Up-to-date: /home/etern1ty/ros2_ws/install/obj_msg/share/obj_msg/msg/Detected.msg
[0.609s] -- Up-to-date: /home/etern1ty/ros2_ws/install/obj_msg/share/obj_msg/msg/Motion.msg
[0.609s] -- Up-to-date: /home/etern1ty/ros2_ws/install/obj_msg/share/ament_index/resource_index/package_run_dependencies/obj_msg
[0.609s] -- Up-to-date: /home/etern1ty/ros2_ws/install/obj_msg/share/ament_index/resource_index/parent_prefix_path/obj_msg
[0.609s] -- Up-to-date: /home/etern1ty/ros2_ws/install/obj_msg/share/obj_msg/environment/ament_prefix_path.sh
[0.609s] -- Up-to-date: /home/etern1ty/ros2_ws/install/obj_msg/share/obj_msg/environment/ament_prefix_path.dsv
[0.609s] -- Up-to-date: /home/etern1ty/ros2_ws/install/obj_msg/share/obj_msg/environment/path.sh
[0.609s] -- Up-to-date: /home/etern1ty/ros2_ws/install/obj_msg/share/obj_msg/environment/path.dsv
[0.609s] -- Up-to-date: /home/etern1ty/ros2_ws/install/obj_msg/share/obj_msg/local_setup.bash
[0.609s] -- Up-to-date: /home/etern1ty/ros2_ws/install/obj_msg/share/obj_msg/local_setup.sh
[0.610s] -- Up-to-date: /home/etern1ty/ros2_ws/install/obj_msg/share/obj_msg/local_setup.zsh
[0.610s] -- Up-to-date: /home/etern1ty/ros2_ws/install/obj_msg/share/obj_msg/local_setup.dsv
[0.610s] -- Installing: /home/etern1ty/ros2_ws/install/obj_msg/share/obj_msg/package.dsv
[0.610s] -- Up-to-date: /home/etern1ty/ros2_ws/install/obj_msg/share/ament_index/resource_index/packages/obj_msg
[0.611s] -- Up-to-date: /home/etern1ty/ros2_ws/install/obj_msg/share/obj_msg/cmake/export_obj_msg__rosidl_generator_cExport.cmake
[0.611s] -- Up-to-date: /home/etern1ty/ros2_ws/install/obj_msg/share/obj_msg/cmake/export_obj_msg__rosidl_generator_cExport-noconfig.cmake
[0.611s] -- Up-to-date: /home/etern1ty/ros2_ws/install/obj_msg/share/obj_msg/cmake/export_obj_msg__rosidl_typesupport_fastrtps_cExport.cmake
[0.611s] -- Up-to-date: /home/etern1ty/ros2_ws/install/obj_msg/share/obj_msg/cmake/export_obj_msg__rosidl_typesupport_fastrtps_cExport-noconfig.cmake
[0.612s] -- Up-to-date: /home/etern1ty/ros2_ws/install/obj_msg/share/obj_msg/cmake/obj_msg__rosidl_typesupport_introspection_cExport.cmake
[0.612s] -- Up-to-date: /home/etern1ty/ros2_ws/install/obj_msg/share/obj_msg/cmake/obj_msg__rosidl_typesupport_introspection_cExport-noconfig.cmake
[0.612s] -- Up-to-date: /home/etern1ty/ros2_ws/install/obj_msg/share/obj_msg/cmake/obj_msg__rosidl_typesupport_cExport.cmake
[0.612s] -- Up-to-date: /home/etern1ty/ros2_ws/install/obj_msg/share/obj_msg/cmake/obj_msg__rosidl_typesupport_cExport-noconfig.cmake
[0.612s] -- Up-to-date: /home/etern1ty/ros2_ws/install/obj_msg/share/obj_msg/cmake/export_obj_msg__rosidl_generator_cppExport.cmake
[0.613s] -- Up-to-date: /home/etern1ty/ros2_ws/install/obj_msg/share/obj_msg/cmake/export_obj_msg__rosidl_typesupport_fastrtps_cppExport.cmake
[0.613s] -- Up-to-date: /home/etern1ty/ros2_ws/install/obj_msg/share/obj_msg/cmake/export_obj_msg__rosidl_typesupport_fastrtps_cppExport-noconfig.cmake
[0.613s] -- Up-to-date: /home/etern1ty/ros2_ws/install/obj_msg/share/obj_msg/cmake/obj_msg__rosidl_typesupport_introspection_cppExport.cmake
[0.613s] -- Up-to-date: /home/etern1ty/ros2_ws/install/obj_msg/share/obj_msg/cmake/obj_msg__rosidl_typesupport_introspection_cppExport-noconfig.cmake
[0.614s] -- Up-to-date: /home/etern1ty/ros2_ws/install/obj_msg/share/obj_msg/cmake/obj_msg__rosidl_typesupport_cppExport.cmake
[0.614s] -- Up-to-date: /home/etern1ty/ros2_ws/install/obj_msg/share/obj_msg/cmake/obj_msg__rosidl_typesupport_cppExport-noconfig.cmake
[0.614s] -- Up-to-date: /home/etern1ty/ros2_ws/install/obj_msg/share/obj_msg/cmake/export_obj_msg__rosidl_generator_pyExport.cmake
[0.614s] -- Up-to-date: /home/etern1ty/ros2_ws/install/obj_msg/share/obj_msg/cmake/export_obj_msg__rosidl_generator_pyExport-noconfig.cmake
[0.614s] -- Up-to-date: /home/etern1ty/ros2_ws/install/obj_msg/share/obj_msg/cmake/ament_cmake_export_dependencies-extras.cmake
[0.614s] -- Up-to-date: /home/etern1ty/ros2_ws/install/obj_msg/share/obj_msg/cmake/rosidl_cmake-extras.cmake
[0.615s] -- Up-to-date: /home/etern1ty/ros2_ws/install/obj_msg/share/obj_msg/cmake/ament_cmake_export_include_directories-extras.cmake
[0.615s] -- Up-to-date: /home/etern1ty/ros2_ws/install/obj_msg/share/obj_msg/cmake/ament_cmake_export_libraries-extras.cmake
[0.615s] -- Up-to-date: /home/etern1ty/ros2_ws/install/obj_msg/share/obj_msg/cmake/ament_cmake_export_targets-extras.cmake
[0.615s] -- Up-to-date: /home/etern1ty/ros2_ws/install/obj_msg/share/obj_msg/cmake/rosidl_cmake_export_typesupport_targets-extras.cmake
[0.615s] -- Up-to-date: /home/etern1ty/ros2_ws/install/obj_msg/share/obj_msg/cmake/rosidl_cmake_export_typesupport_libraries-extras.cmake
[0.615s] -- Up-to-date: /home/etern1ty/ros2_ws/install/obj_msg/share/obj_msg/cmake/obj_msgConfig.cmake
[0.615s] -- Up-to-date: /home/etern1ty/ros2_ws/install/obj_msg/share/obj_msg/cmake/obj_msgConfig-version.cmake
[0.615s] -- Up-to-date: /home/etern1ty/ros2_ws/install/obj_msg/share/obj_msg/package.xml
[0.618s] Invoked command in '/home/etern1ty/ros2_ws/build/obj_msg' returned '0': CMAKE_PREFIX_PATH=/opt/ros/humble /usr/bin/cmake --install /home/etern1ty/ros2_ws/build/obj_msg
