[0.064s] Invoking command in '/home/etern1ty/ros2_ws/build/tutorial_interfaces': CMAKE_PREFIX_PATH=/opt/ros/humble /usr/bin/cmake /home/etern1ty/ros2_ws/src/tutorial_interfaces -DCMAKE_INSTALL_PREFIX=/home/etern1ty/ros2_ws/install/tutorial_interfaces
[0.082s] -- Found ament_cmake: 1.3.7 (/opt/ros/humble/share/ament_cmake/cmake)
[0.255s] -- Found geometry_msgs: 4.2.3 (/opt/ros/humble/share/geometry_msgs/cmake)
[0.297s] -- Found rosidl_generator_c: 3.1.5 (/opt/ros/humble/share/rosidl_generator_c/cmake)
[0.300s] -- Found rosidl_adapter: 3.1.5 (/opt/ros/humble/share/rosidl_adapter/cmake)
[0.308s] -- Found rosidl_generator_cpp: 3.1.5 (/opt/ros/humble/share/rosidl_generator_cpp/cmake)
[0.323s] -- Using all available rosidl_typesupport_c: rosidl_typesupport_fastrtps_c;rosidl_typesupport_introspection_c
[0.343s] -- Using all available rosidl_typesupport_cpp: rosidl_typesupport_fastrtps_cpp;rosidl_typesupport_introspection_cpp
[0.471s] -- Found rosidl_default_generators: 1.2.0 (/opt/ros/humble/share/rosidl_default_generators/cmake)
[0.479s] [31mCMake Error at /opt/ros/humble/share/rosidl_cmake/cmake/rosidl_generate_interfaces.cmake:93 (message):
[0.479s]   rosidl_generate_interfaces() the passed file 'srv/AddThreeInts.srv' doesn't
[0.479s]   exist relative to the CMAKE_CURRENT_SOURCE_DIR
[0.479s]   '/home/etern1ty/ros2_ws/src/tutorial_interfaces'
[0.479s] Call Stack (most recent call first):
[0.479s]   CMakeLists.txt:16 (rosidl_generate_interfaces)
[0.479s] 
[0.479s] [0m
[0.479s] -- Configuring incomplete, errors occurred!
[0.479s] See also "/home/etern1ty/ros2_ws/build/tutorial_interfaces/CMakeFiles/CMakeOutput.log".
[0.484s] Invoked command in '/home/etern1ty/ros2_ws/build/tutorial_interfaces' returned '1': CMAKE_PREFIX_PATH=/opt/ros/humble /usr/bin/cmake /home/etern1ty/ros2_ws/src/tutorial_interfaces -DCMAKE_INSTALL_PREFIX=/home/etern1ty/ros2_ws/install/tutorial_interfaces
