[ 12%] Built target flare_detect__cpp
[ 12%] Built target flare_detect__rosidl_generator_c
[ 15%] [32mBuilding CXX object CMakeFiles/detection.dir/src/detection.cpp.o[0m
[ 15%] Built target ament_cmake_python_copy_flare_detect
[ 24%] Built target flare_detect__rosidl_typesupport_c
[ 33%] Built target flare_detect__rosidl_typesupport_introspection_c
[ 42%] Built target flare_detect__rosidl_typesupport_fastrtps_cpp
[ 51%] Built target flare_detect__rosidl_typesupport_fastrtps_c
[ 60%] Built target flare_detect__rosidl_typesupport_introspection_cpp
[ 69%] Built target flare_detect__rosidl_typesupport_cpp
[ 69%] Built target flare_detect
[ 72%] Built target flare_detect__py
[ 78%] Built target flare_detect__rosidl_generator_py
[ 90%] Built target flare_detect__rosidl_typesupport_fastrtps_c__pyext
[ 90%] Built target flare_detect__rosidl_typesupport_c__pyext
[ 96%] Built target flare_detect__rosidl_typesupport_introspection_c__pyext
running egg_info
writing flare_detect.egg-info/PKG-INFO
writing dependency_links to flare_detect.egg-info/dependency_links.txt
writing top-level names to flare_detect.egg-info/top_level.txt
reading manifest file 'flare_detect.egg-info/SOURCES.txt'
writing manifest file 'flare_detect.egg-info/SOURCES.txt'
[ 96%] Built target ament_cmake_python_build_flare_detect_egg
