[0.000000] (-) TimerEvent: {}
[0.000976] (-) JobUnselected: {'identifier': 'cpp_pubsub'}
[0.001044] (-) JobUnselected: {'identifier': 'examples_rclcpp_async_client'}
[0.001086] (-) JobUnselected: {'identifier': 'examples_rclcpp_cbg_executor'}
[0.001124] (-) JobUnselected: {'identifier': 'examples_rclcpp_minimal_action_client'}
[0.001161] (-) JobUnselected: {'identifier': 'examples_rclcpp_minimal_action_server'}
[0.001204] (-) JobUnselected: {'identifier': 'examples_rclcpp_minimal_client'}
[0.001242] (-) JobUnselected: {'identifier': 'examples_rclcpp_minimal_composition'}
[0.001279] (-) JobUnselected: {'identifier': 'examples_rclcpp_minimal_publisher'}
[0.001318] (-) JobUnselected: {'identifier': 'examples_rclcpp_minimal_service'}
[0.001355] (-) JobUnselected: {'identifier': 'examples_rclcpp_minimal_subscriber'}
[0.001390] (-) JobUnselected: {'identifier': 'examples_rclcpp_minimal_timer'}
[0.001429] (-) JobUnselected: {'identifier': 'examples_rclcpp_multithreaded_executor'}
[0.001465] (-) JobUnselected: {'identifier': 'examples_rclcpp_wait_set'}
[0.001503] (-) JobUnselected: {'identifier': 'examples_rclpy_executors'}
[0.001540] (-) JobUnselected: {'identifier': 'examples_rclpy_guard_conditions'}
[0.001574] (-) JobUnselected: {'identifier': 'examples_rclpy_minimal_action_client'}
[0.001611] (-) JobUnselected: {'identifier': 'examples_rclpy_minimal_action_server'}
[0.001648] (-) JobUnselected: {'identifier': 'examples_rclpy_minimal_client'}
[0.001671] (-) JobUnselected: {'identifier': 'examples_rclpy_minimal_publisher'}
[0.001694] (-) JobUnselected: {'identifier': 'examples_rclpy_minimal_service'}
[0.001714] (-) JobUnselected: {'identifier': 'examples_rclpy_minimal_subscriber'}
[0.001735] (-) JobUnselected: {'identifier': 'examples_rclpy_pointcloud_publisher'}
[0.001756] (-) JobUnselected: {'identifier': 'launch_testing_examples'}
[0.001778] (-) JobUnselected: {'identifier': 'my_package'}
[0.001800] (-) JobUnselected: {'identifier': 'pub_controller'}
[0.001821] (-) JobUnselected: {'identifier': 'ros2_color_detection'}
[0.001842] (-) JobUnselected: {'identifier': 'tutorial_interfaces'}
[0.001868] (flare_detect) JobQueued: {'identifier': 'flare_detect', 'dependencies': OrderedDict()}
[0.001895] (flare_detect) JobStarted: {'identifier': 'flare_detect'}
[0.031784] (flare_detect) JobProgress: {'identifier': 'flare_detect', 'progress': 'cmake'}
[0.032781] (flare_detect) JobProgress: {'identifier': 'flare_detect', 'progress': 'build'}
[0.033458] (flare_detect) Command: {'cmd': ['/usr/bin/cmake', '--build', '/home/etern1ty/ros2_ws/build/flare_detect', '--', '-j12', '-l12'], 'cwd': '/home/etern1ty/ros2_ws/build/flare_detect', 'env': OrderedDict([('USER', 'etern1ty'), ('LC_TIME', 'id_ID.UTF-8'), ('XDG_SESSION_TYPE', 'wayland'), ('SHLVL', '1'), ('HOME', '/home/etern1ty'), ('OLDPWD', '/home/etern1ty'), ('DESKTOP_SESSION', 'ubuntu'), ('GNOME_SHELL_SESSION_MODE', 'ubuntu'), ('GTK_MODULES', 'gail:atk-bridge'), ('LC_MONETARY', 'id_ID.UTF-8'), ('MANAGERPID', '902'), ('DBUS_STARTER_BUS_TYPE', 'session'), ('SYSTEMD_EXEC_PID', '1046'), ('DBUS_SESSION_BUS_ADDRESS', 'unix:path=/run/user/1000/bus,guid=3ed5cdccec704648bd0770c965c83c21'), ('COLORTERM', 'truecolor'), ('IM_CONFIG_PHASE', '1'), ('WAYLAND_DISPLAY', 'wayland-0'), ('LOGNAME', 'etern1ty'), ('JOURNAL_STREAM', '8:32026'), ('_', '/usr/bin/colcon'), ('XDG_SESSION_CLASS', 'user'), ('USERNAME', 'etern1ty'), ('TERM', 'xterm-256color'), ('GNOME_DESKTOP_SESSION_ID', 'this-is-deprecated'), ('PATH', '/home/etern1ty/.local/bin:/usr/local/sbin:/usr/local/bin:/usr/sbin:/usr/bin:/sbin:/bin:/usr/games:/usr/local/games:/snap/bin:/snap/bin'), ('SESSION_MANAGER', 'local/Etern1ty-14ALC6:@/tmp/.ICE-unix/1046,unix/Etern1ty-14ALC6:/tmp/.ICE-unix/1046'), ('INVOCATION_ID', '2b87fffd963e4f8d87f17e469dce8106'), ('XDG_MENU_PREFIX', 'gnome-'), ('LC_ADDRESS', 'id_ID.UTF-8'), ('GNOME_SETUP_DISPLAY', ':1'), ('XDG_RUNTIME_DIR', '/run/user/1000'), ('DISPLAY', ':0'), ('LANG', 'en_US.UTF-8'), ('XDG_CURRENT_DESKTOP', 'ubuntu:GNOME'), ('LC_TELEPHONE', 'id_ID.UTF-8'), ('TILIX_ID', '7a364fd7-fd6d-41d0-9745-c29819222f5c'), ('XMODIFIERS', '@im=ibus'), ('XDG_SESSION_DESKTOP', 'ubuntu'), ('XAUTHORITY', '/run/user/1000/.mutter-Xwaylandauth.T1U6I2'), ('SSH_AGENT_LAUNCHER', 'gnome-keyring'), ('SSH_AUTH_SOCK', '/run/user/1000/keyring/ssh'), ('SHELL', '/bin/bash'), ('LC_NAME', 'id_ID.UTF-8'), ('QT_ACCESSIBILITY', '1'), ('GDMSESSION', 'ubuntu'), ('LC_MEASUREMENT', 'id_ID.UTF-8'), ('LC_IDENTIFICATION', 'id_ID.UTF-8'), ('QT_IM_MODULE', 'ibus'), ('PWD', '/home/etern1ty/ros2_ws/build/flare_detect'), ('LC_ALL', 'en_US.UTF-8'), ('XDG_CONFIG_DIRS', '/etc/xdg/xdg-ubuntu:/etc/xdg'), ('DBUS_STARTER_ADDRESS', 'unix:path=/run/user/1000/bus,guid=3ed5cdccec704648bd0770c965c83c21'), ('XDG_DATA_DIRS', '/usr/share/ubuntu:/usr/local/share/:/usr/share/:/var/lib/snapd/desktop'), ('LC_NUMERIC', 'id_ID.UTF-8'), ('LC_PAPER', 'id_ID.UTF-8'), ('COLCON', '1'), ('VTE_VERSION', '6800')]), 'shell': False}
[0.099594] (-) TimerEvent: {}
[0.164971] (flare_detect) StdoutLine: {'line': b'[  3%] Built target flare_detect__cpp\n'}
[0.170233] (flare_detect) StdoutLine: {'line': b'[ 12%] Built target flare_detect__rosidl_generator_c\n'}
[0.181192] (flare_detect) StdoutLine: {'line': b'[ 12%] Built target ament_cmake_python_copy_flare_detect\n'}
[0.199785] (-) TimerEvent: {}
[0.200416] (flare_detect) StdoutLine: {'line': b'[ 30%] Built target flare_detect__rosidl_typesupport_cpp\n'}
[0.200657] (flare_detect) StdoutLine: {'line': b'[ 30%] Built target flare_detect__rosidl_typesupport_introspection_cpp\n'}
[0.200742] (flare_detect) StdoutLine: {'line': b'[ 39%] Built target flare_detect__rosidl_typesupport_fastrtps_cpp\n'}
[0.202930] (flare_detect) StdoutLine: {'line': b'[ 48%] Built target flare_detect__rosidl_typesupport_introspection_c\n'}
[0.204982] (flare_detect) StdoutLine: {'line': b'[ 57%] Built target flare_detect__rosidl_typesupport_c\n'}
[0.205315] (flare_detect) StdoutLine: {'line': b'[ 66%] Built target flare_detect__rosidl_typesupport_fastrtps_c\n'}
[0.217201] (flare_detect) StdoutLine: {'line': b'\x1b[35m\x1b[1mConsolidate compiler generated dependencies of target detection\x1b[0m\n'}
[0.231304] (flare_detect) StdoutLine: {'line': b'[ 66%] Built target flare_detect\n'}
[0.256267] (flare_detect) StdoutLine: {'line': b'[ 69%] \x1b[32mBuilding CXX object CMakeFiles/detection.dir/src/detection.cpp.o\x1b[0m\n'}
[0.261898] (flare_detect) StdoutLine: {'line': b'[ 72%] Built target flare_detect__py\n'}
[0.293373] (flare_detect) StdoutLine: {'line': b'[ 78%] Built target flare_detect__rosidl_generator_py\n'}
[0.299905] (-) TimerEvent: {}
[0.322126] (flare_detect) StdoutLine: {'line': b'[ 90%] Built target flare_detect__rosidl_typesupport_c__pyext\n'}
[0.322504] (flare_detect) StdoutLine: {'line': b'[ 90%] Built target flare_detect__rosidl_typesupport_fastrtps_c__pyext\n'}
[0.322639] (flare_detect) StdoutLine: {'line': b'[ 96%] Built target flare_detect__rosidl_typesupport_introspection_c__pyext\n'}
[0.391351] (flare_detect) StdoutLine: {'line': b'running egg_info\n'}
[0.391839] (flare_detect) StdoutLine: {'line': b'writing flare_detect.egg-info/PKG-INFO\n'}
[0.392113] (flare_detect) StdoutLine: {'line': b'writing dependency_links to flare_detect.egg-info/dependency_links.txt\n'}
[0.392367] (flare_detect) StdoutLine: {'line': b'writing top-level names to flare_detect.egg-info/top_level.txt\n'}
[0.395070] (flare_detect) StdoutLine: {'line': b"reading manifest file 'flare_detect.egg-info/SOURCES.txt'\n"}
[0.395435] (flare_detect) StdoutLine: {'line': b"writing manifest file 'flare_detect.egg-info/SOURCES.txt'\n"}
[0.400108] (-) TimerEvent: {}
[0.442673] (flare_detect) StdoutLine: {'line': b'[ 96%] Built target ament_cmake_python_build_flare_detect_egg\n'}
[0.500228] (-) TimerEvent: {}
[0.600729] (-) TimerEvent: {}
[0.701229] (-) TimerEvent: {}
[0.801730] (-) TimerEvent: {}
[0.902464] (-) TimerEvent: {}
[1.003092] (-) TimerEvent: {}
[1.103606] (-) TimerEvent: {}
[1.204096] (-) TimerEvent: {}
[1.304617] (-) TimerEvent: {}
[1.405066] (-) TimerEvent: {}
[1.505471] (-) TimerEvent: {}
[1.605882] (-) TimerEvent: {}
[1.706246] (-) TimerEvent: {}
[1.806627] (-) TimerEvent: {}
[1.907140] (-) TimerEvent: {}
[2.007547] (-) TimerEvent: {}
[2.107903] (-) TimerEvent: {}
[2.208335] (-) TimerEvent: {}
[2.308827] (-) TimerEvent: {}
[2.409319] (-) TimerEvent: {}
[2.509699] (-) TimerEvent: {}
[2.610121] (-) TimerEvent: {}
[2.710495] (-) TimerEvent: {}
[2.810867] (-) TimerEvent: {}
[2.911260] (-) TimerEvent: {}
[3.011656] (-) TimerEvent: {}
[3.112085] (-) TimerEvent: {}
[3.212494] (-) TimerEvent: {}
[3.312901] (-) TimerEvent: {}
[3.413284] (-) TimerEvent: {}
[3.513685] (-) TimerEvent: {}
[3.614122] (-) TimerEvent: {}
[3.714538] (-) TimerEvent: {}
[3.815185] (-) TimerEvent: {}
[3.915551] (-) TimerEvent: {}
[4.015916] (-) TimerEvent: {}
[4.116314] (-) TimerEvent: {}
[4.216768] (-) TimerEvent: {}
[4.317152] (-) TimerEvent: {}
[4.417498] (-) TimerEvent: {}
[4.517859] (-) TimerEvent: {}
[4.618319] (-) TimerEvent: {}
[4.718773] (-) TimerEvent: {}
[4.819195] (-) TimerEvent: {}
[4.919601] (-) TimerEvent: {}
[5.019936] (-) TimerEvent: {}
[5.120346] (-) TimerEvent: {}
[5.220760] (-) TimerEvent: {}
[5.321168] (-) TimerEvent: {}
[5.421569] (-) TimerEvent: {}
[5.521894] (-) TimerEvent: {}
[5.622248] (-) TimerEvent: {}
[5.722668] (-) TimerEvent: {}
[5.823133] (-) TimerEvent: {}
[5.824510] (flare_detect) StdoutLine: {'line': b'[100%] \x1b[32m\x1b[1mLinking CXX executable detection\x1b[0m\n'}
[5.923262] (-) TimerEvent: {}
[6.023614] (-) TimerEvent: {}
[6.124130] (-) TimerEvent: {}
[6.224546] (-) TimerEvent: {}
[6.325048] (-) TimerEvent: {}
[6.387616] (flare_detect) StdoutLine: {'line': b'[100%] Built target detection\n'}
[6.401900] (flare_detect) CommandEnded: {'returncode': 0}
[6.425151] (-) TimerEvent: {}
[6.464082] (flare_detect) JobProgress: {'identifier': 'flare_detect', 'progress': 'install'}
[6.474710] (flare_detect) Command: {'cmd': ['/usr/bin/cmake', '--install', '/home/etern1ty/ros2_ws/build/flare_detect'], 'cwd': '/home/etern1ty/ros2_ws/build/flare_detect', 'env': OrderedDict([('USER', 'etern1ty'), ('LC_TIME', 'id_ID.UTF-8'), ('XDG_SESSION_TYPE', 'wayland'), ('SHLVL', '1'), ('HOME', '/home/etern1ty'), ('OLDPWD', '/home/etern1ty'), ('DESKTOP_SESSION', 'ubuntu'), ('GNOME_SHELL_SESSION_MODE', 'ubuntu'), ('GTK_MODULES', 'gail:atk-bridge'), ('LC_MONETARY', 'id_ID.UTF-8'), ('MANAGERPID', '902'), ('DBUS_STARTER_BUS_TYPE', 'session'), ('SYSTEMD_EXEC_PID', '1046'), ('DBUS_SESSION_BUS_ADDRESS', 'unix:path=/run/user/1000/bus,guid=3ed5cdccec704648bd0770c965c83c21'), ('COLORTERM', 'truecolor'), ('IM_CONFIG_PHASE', '1'), ('WAYLAND_DISPLAY', 'wayland-0'), ('LOGNAME', 'etern1ty'), ('JOURNAL_STREAM', '8:32026'), ('_', '/usr/bin/colcon'), ('XDG_SESSION_CLASS', 'user'), ('USERNAME', 'etern1ty'), ('TERM', 'xterm-256color'), ('GNOME_DESKTOP_SESSION_ID', 'this-is-deprecated'), ('PATH', '/home/etern1ty/.local/bin:/usr/local/sbin:/usr/local/bin:/usr/sbin:/usr/bin:/sbin:/bin:/usr/games:/usr/local/games:/snap/bin:/snap/bin'), ('SESSION_MANAGER', 'local/Etern1ty-14ALC6:@/tmp/.ICE-unix/1046,unix/Etern1ty-14ALC6:/tmp/.ICE-unix/1046'), ('INVOCATION_ID', '2b87fffd963e4f8d87f17e469dce8106'), ('XDG_MENU_PREFIX', 'gnome-'), ('LC_ADDRESS', 'id_ID.UTF-8'), ('GNOME_SETUP_DISPLAY', ':1'), ('XDG_RUNTIME_DIR', '/run/user/1000'), ('DISPLAY', ':0'), ('LANG', 'en_US.UTF-8'), ('XDG_CURRENT_DESKTOP', 'ubuntu:GNOME'), ('LC_TELEPHONE', 'id_ID.UTF-8'), ('TILIX_ID', '7a364fd7-fd6d-41d0-9745-c29819222f5c'), ('XMODIFIERS', '@im=ibus'), ('XDG_SESSION_DESKTOP', 'ubuntu'), ('XAUTHORITY', '/run/user/1000/.mutter-Xwaylandauth.T1U6I2'), ('SSH_AGENT_LAUNCHER', 'gnome-keyring'), ('SSH_AUTH_SOCK', '/run/user/1000/keyring/ssh'), ('SHELL', '/bin/bash'), ('LC_NAME', 'id_ID.UTF-8'), ('QT_ACCESSIBILITY', '1'), ('GDMSESSION', 'ubuntu'), ('LC_MEASUREMENT', 'id_ID.UTF-8'), ('LC_IDENTIFICATION', 'id_ID.UTF-8'), ('QT_IM_MODULE', 'ibus'), ('PWD', '/home/etern1ty/ros2_ws/build/flare_detect'), ('LC_ALL', 'en_US.UTF-8'), ('XDG_CONFIG_DIRS', '/etc/xdg/xdg-ubuntu:/etc/xdg'), ('DBUS_STARTER_ADDRESS', 'unix:path=/run/user/1000/bus,guid=3ed5cdccec704648bd0770c965c83c21'), ('XDG_DATA_DIRS', '/usr/share/ubuntu:/usr/local/share/:/usr/share/:/var/lib/snapd/desktop'), ('LC_NUMERIC', 'id_ID.UTF-8'), ('LC_PAPER', 'id_ID.UTF-8'), ('COLCON', '1'), ('VTE_VERSION', '6800')]), 'shell': False}
[6.482469] (flare_detect) StdoutLine: {'line': b'-- Install configuration: ""\n'}
[6.483240] (flare_detect) StdoutLine: {'line': b'-- Up-to-date: /home/etern1ty/ros2_ws/install/flare_detect/share/ament_index/resource_index/rosidl_interfaces/flare_detect\n'}
[6.483569] (flare_detect) StdoutLine: {'line': b'-- Up-to-date: /home/etern1ty/ros2_ws/install/flare_detect/include/flare_detect/flare_detect\n'}
[6.483664] (flare_detect) StdoutLine: {'line': b'-- Up-to-date: /home/etern1ty/ros2_ws/install/flare_detect/include/flare_detect/flare_detect/msg\n'}
[6.483720] (flare_detect) StdoutLine: {'line': b'-- Up-to-date: /home/etern1ty/ros2_ws/install/flare_detect/include/flare_detect/flare_detect/msg/detected.h\n'}
[6.483840] (flare_detect) StdoutLine: {'line': b'-- Up-to-date: /home/etern1ty/ros2_ws/install/flare_detect/include/flare_detect/flare_detect/msg/detail\n'}
[6.483894] (flare_detect) StdoutLine: {'line': b'-- Up-to-date: /home/etern1ty/ros2_ws/install/flare_detect/include/flare_detect/flare_detect/msg/detail/detected__functions.c\n'}
[6.483948] (flare_detect) StdoutLine: {'line': b'-- Up-to-date: /home/etern1ty/ros2_ws/install/flare_detect/include/flare_detect/flare_detect/msg/detail/detected__functions.h\n'}
[6.484022] (flare_detect) StdoutLine: {'line': b'-- Up-to-date: /home/etern1ty/ros2_ws/install/flare_detect/include/flare_detect/flare_detect/msg/detail/detected__struct.h\n'}
[6.484097] (flare_detect) StdoutLine: {'line': b'-- Up-to-date: /home/etern1ty/ros2_ws/install/flare_detect/include/flare_detect/flare_detect/msg/detail/detected__type_support.h\n'}
[6.484152] (flare_detect) StdoutLine: {'line': b'-- Up-to-date: /home/etern1ty/ros2_ws/install/flare_detect/include/flare_detect/flare_detect/msg/rosidl_generator_c__visibility_control.h\n'}
[6.484204] (flare_detect) StdoutLine: {'line': b'-- Up-to-date: /home/etern1ty/ros2_ws/install/flare_detect/share/flare_detect/environment/library_path.sh\n'}
[6.484259] (flare_detect) StdoutLine: {'line': b'-- Up-to-date: /home/etern1ty/ros2_ws/install/flare_detect/share/flare_detect/environment/library_path.dsv\n'}
[6.484739] (flare_detect) StdoutLine: {'line': b'-- Up-to-date: /home/etern1ty/ros2_ws/install/flare_detect/lib/libflare_detect__rosidl_generator_c.so\n'}
[6.484905] (flare_detect) StdoutLine: {'line': b'-- Up-to-date: /home/etern1ty/ros2_ws/install/flare_detect/include/flare_detect/flare_detect\n'}
[6.485004] (flare_detect) StdoutLine: {'line': b'-- Up-to-date: /home/etern1ty/ros2_ws/install/flare_detect/include/flare_detect/flare_detect/msg\n'}
[6.485059] (flare_detect) StdoutLine: {'line': b'-- Up-to-date: /home/etern1ty/ros2_ws/install/flare_detect/include/flare_detect/flare_detect/msg/rosidl_typesupport_fastrtps_c__visibility_control.h\n'}
[6.485144] (flare_detect) StdoutLine: {'line': b'-- Up-to-date: /home/etern1ty/ros2_ws/install/flare_detect/include/flare_detect/flare_detect/msg/detail\n'}
[6.485199] (flare_detect) StdoutLine: {'line': b'-- Up-to-date: /home/etern1ty/ros2_ws/install/flare_detect/include/flare_detect/flare_detect/msg/detail/detected__rosidl_typesupport_fastrtps_c.h\n'}
[6.485779] (flare_detect) StdoutLine: {'line': b'-- Up-to-date: /home/etern1ty/ros2_ws/install/flare_detect/lib/libflare_detect__rosidl_typesupport_fastrtps_c.so\n'}
[6.485906] (flare_detect) StdoutLine: {'line': b'-- Up-to-date: /home/etern1ty/ros2_ws/install/flare_detect/include/flare_detect/flare_detect\n'}
[6.485982] (flare_detect) StdoutLine: {'line': b'-- Up-to-date: /home/etern1ty/ros2_ws/install/flare_detect/include/flare_detect/flare_detect/msg\n'}
[6.486070] (flare_detect) StdoutLine: {'line': b'-- Up-to-date: /home/etern1ty/ros2_ws/install/flare_detect/include/flare_detect/flare_detect/msg/detected.hpp\n'}
[6.486127] (flare_detect) StdoutLine: {'line': b'-- Up-to-date: /home/etern1ty/ros2_ws/install/flare_detect/include/flare_detect/flare_detect/msg/detail\n'}
[6.486189] (flare_detect) StdoutLine: {'line': b'-- Up-to-date: /home/etern1ty/ros2_ws/install/flare_detect/include/flare_detect/flare_detect/msg/detail/detected__struct.hpp\n'}
[6.486311] (flare_detect) StdoutLine: {'line': b'-- Up-to-date: /home/etern1ty/ros2_ws/install/flare_detect/include/flare_detect/flare_detect/msg/detail/detected__traits.hpp\n'}
[6.486372] (flare_detect) StdoutLine: {'line': b'-- Up-to-date: /home/etern1ty/ros2_ws/install/flare_detect/include/flare_detect/flare_detect/msg/detail/detected__builder.hpp\n'}
[6.486423] (flare_detect) StdoutLine: {'line': b'-- Up-to-date: /home/etern1ty/ros2_ws/install/flare_detect/include/flare_detect/flare_detect\n'}
[6.486473] (flare_detect) StdoutLine: {'line': b'-- Up-to-date: /home/etern1ty/ros2_ws/install/flare_detect/include/flare_detect/flare_detect/msg\n'}
[6.486523] (flare_detect) StdoutLine: {'line': b'-- Up-to-date: /home/etern1ty/ros2_ws/install/flare_detect/include/flare_detect/flare_detect/msg/detail\n'}
[6.486570] (flare_detect) StdoutLine: {'line': b'-- Up-to-date: /home/etern1ty/ros2_ws/install/flare_detect/include/flare_detect/flare_detect/msg/detail/dds_fastrtps\n'}
[6.486620] (flare_detect) StdoutLine: {'line': b'-- Up-to-date: /home/etern1ty/ros2_ws/install/flare_detect/include/flare_detect/flare_detect/msg/detail/detected__rosidl_typesupport_fastrtps_cpp.hpp\n'}
[6.486723] (flare_detect) StdoutLine: {'line': b'-- Up-to-date: /home/etern1ty/ros2_ws/install/flare_detect/include/flare_detect/flare_detect/msg/rosidl_typesupport_fastrtps_cpp__visibility_control.h\n'}
[6.486873] (flare_detect) StdoutLine: {'line': b'-- Up-to-date: /home/etern1ty/ros2_ws/install/flare_detect/lib/libflare_detect__rosidl_typesupport_fastrtps_cpp.so\n'}
[6.487027] (flare_detect) StdoutLine: {'line': b'-- Up-to-date: /home/etern1ty/ros2_ws/install/flare_detect/include/flare_detect/flare_detect\n'}
[6.487158] (flare_detect) StdoutLine: {'line': b'-- Up-to-date: /home/etern1ty/ros2_ws/install/flare_detect/include/flare_detect/flare_detect/msg\n'}
[6.487273] (flare_detect) StdoutLine: {'line': b'-- Up-to-date: /home/etern1ty/ros2_ws/install/flare_detect/include/flare_detect/flare_detect/msg/detail\n'}
[6.487384] (flare_detect) StdoutLine: {'line': b'-- Up-to-date: /home/etern1ty/ros2_ws/install/flare_detect/include/flare_detect/flare_detect/msg/detail/detected__type_support.c\n'}
[6.487522] (flare_detect) StdoutLine: {'line': b'-- Up-to-date: /home/etern1ty/ros2_ws/install/flare_detect/include/flare_detect/flare_detect/msg/detail/detected__rosidl_typesupport_introspection_c.h\n'}
[6.487644] (flare_detect) StdoutLine: {'line': b'-- Up-to-date: /home/etern1ty/ros2_ws/install/flare_detect/include/flare_detect/flare_detect/msg/rosidl_typesupport_introspection_c__visibility_control.h\n'}
[6.487695] (flare_detect) StdoutLine: {'line': b'-- Up-to-date: /home/etern1ty/ros2_ws/install/flare_detect/lib/libflare_detect__rosidl_typesupport_introspection_c.so\n'}
[6.487783] (flare_detect) StdoutLine: {'line': b'-- Up-to-date: /home/etern1ty/ros2_ws/install/flare_detect/lib/libflare_detect__rosidl_typesupport_c.so\n'}
[6.487855] (flare_detect) StdoutLine: {'line': b'-- Up-to-date: /home/etern1ty/ros2_ws/install/flare_detect/include/flare_detect/flare_detect\n'}
[6.487934] (flare_detect) StdoutLine: {'line': b'-- Up-to-date: /home/etern1ty/ros2_ws/install/flare_detect/include/flare_detect/flare_detect/msg\n'}
[6.487991] (flare_detect) StdoutLine: {'line': b'-- Up-to-date: /home/etern1ty/ros2_ws/install/flare_detect/include/flare_detect/flare_detect/msg/detail\n'}
[6.488046] (flare_detect) StdoutLine: {'line': b'-- Up-to-date: /home/etern1ty/ros2_ws/install/flare_detect/include/flare_detect/flare_detect/msg/detail/detected__type_support.cpp\n'}
[6.488140] (flare_detect) StdoutLine: {'line': b'-- Up-to-date: /home/etern1ty/ros2_ws/install/flare_detect/include/flare_detect/flare_detect/msg/detail/detected__rosidl_typesupport_introspection_cpp.hpp\n'}
[6.488371] (flare_detect) StdoutLine: {'line': b'-- Up-to-date: /home/etern1ty/ros2_ws/install/flare_detect/lib/libflare_detect__rosidl_typesupport_introspection_cpp.so\n'}
[6.488708] (flare_detect) StdoutLine: {'line': b'-- Up-to-date: /home/etern1ty/ros2_ws/install/flare_detect/lib/libflare_detect__rosidl_typesupport_cpp.so\n'}
[6.488881] (flare_detect) StdoutLine: {'line': b'-- Up-to-date: /home/etern1ty/ros2_ws/install/flare_detect/share/flare_detect/environment/pythonpath.sh\n'}
[6.489007] (flare_detect) StdoutLine: {'line': b'-- Up-to-date: /home/etern1ty/ros2_ws/install/flare_detect/share/flare_detect/environment/pythonpath.dsv\n'}
[6.489262] (flare_detect) StdoutLine: {'line': b'-- Up-to-date: /home/etern1ty/ros2_ws/install/flare_detect/local/lib/python3.10/dist-packages/flare_detect-0.0.0-py3.10.egg-info\n'}
[6.489388] (flare_detect) StdoutLine: {'line': b'-- Installing: /home/etern1ty/ros2_ws/install/flare_detect/local/lib/python3.10/dist-packages/flare_detect-0.0.0-py3.10.egg-info/PKG-INFO\n'}
[6.489752] (flare_detect) StdoutLine: {'line': b'-- Installing: /home/etern1ty/ros2_ws/install/flare_detect/local/lib/python3.10/dist-packages/flare_detect-0.0.0-py3.10.egg-info/top_level.txt\n'}
[6.489896] (flare_detect) StdoutLine: {'line': b'-- Installing: /home/etern1ty/ros2_ws/install/flare_detect/local/lib/python3.10/dist-packages/flare_detect-0.0.0-py3.10.egg-info/SOURCES.txt\n'}
[6.490032] (flare_detect) StdoutLine: {'line': b'-- Installing: /home/etern1ty/ros2_ws/install/flare_detect/local/lib/python3.10/dist-packages/flare_detect-0.0.0-py3.10.egg-info/dependency_links.txt\n'}
[6.490232] (flare_detect) StdoutLine: {'line': b'-- Up-to-date: /home/etern1ty/ros2_ws/install/flare_detect/local/lib/python3.10/dist-packages/flare_detect\n'}
[6.490376] (flare_detect) StdoutLine: {'line': b'-- Up-to-date: /home/etern1ty/ros2_ws/install/flare_detect/local/lib/python3.10/dist-packages/flare_detect/flare_detect_s__rosidl_typesupport_fastrtps_c.cpython-310-x86_64-linux-gnu.so\n'}
[6.490523] (flare_detect) StdoutLine: {'line': b'-- Up-to-date: /home/etern1ty/ros2_ws/install/flare_detect/local/lib/python3.10/dist-packages/flare_detect/_flare_detect_s.ep.rosidl_typesupport_fastrtps_c.c\n'}
[6.490589] (flare_detect) StdoutLine: {'line': b'-- Up-to-date: /home/etern1ty/ros2_ws/install/flare_detect/local/lib/python3.10/dist-packages/flare_detect/flare_detect_s__rosidl_typesupport_introspection_c.cpython-310-x86_64-linux-gnu.so\n'}
[6.490644] (flare_detect) StdoutLine: {'line': b'-- Up-to-date: /home/etern1ty/ros2_ws/install/flare_detect/local/lib/python3.10/dist-packages/flare_detect/__init__.py\n'}
[6.490703] (flare_detect) StdoutLine: {'line': b'-- Up-to-date: /home/etern1ty/ros2_ws/install/flare_detect/local/lib/python3.10/dist-packages/flare_detect/_flare_detect_s.ep.rosidl_typesupport_introspection_c.c\n'}
[6.490788] (flare_detect) StdoutLine: {'line': b'-- Up-to-date: /home/etern1ty/ros2_ws/install/flare_detect/local/lib/python3.10/dist-packages/flare_detect/libflare_detect__rosidl_generator_py.so\n'}
[6.490875] (flare_detect) StdoutLine: {'line': b'-- Up-to-date: /home/etern1ty/ros2_ws/install/flare_detect/local/lib/python3.10/dist-packages/flare_detect/flare_detect_s__rosidl_typesupport_c.cpython-310-x86_64-linux-gnu.so\n'}
[6.490930] (flare_detect) StdoutLine: {'line': b'-- Up-to-date: /home/etern1ty/ros2_ws/install/flare_detect/local/lib/python3.10/dist-packages/flare_detect/msg\n'}
[6.490981] (flare_detect) StdoutLine: {'line': b'-- Up-to-date: /home/etern1ty/ros2_ws/install/flare_detect/local/lib/python3.10/dist-packages/flare_detect/msg/_detected_s.c\n'}
[6.491031] (flare_detect) StdoutLine: {'line': b'-- Up-to-date: /home/etern1ty/ros2_ws/install/flare_detect/local/lib/python3.10/dist-packages/flare_detect/msg/__init__.py\n'}
[6.491084] (flare_detect) StdoutLine: {'line': b'-- Up-to-date: /home/etern1ty/ros2_ws/install/flare_detect/local/lib/python3.10/dist-packages/flare_detect/msg/_detected.py\n'}
[6.491139] (flare_detect) StdoutLine: {'line': b'-- Up-to-date: /home/etern1ty/ros2_ws/install/flare_detect/local/lib/python3.10/dist-packages/flare_detect/_flare_detect_s.ep.rosidl_typesupport_c.c\n'}
[6.517897] (flare_detect) StdoutLine: {'line': b"Listing '/home/etern1ty/ros2_ws/install/flare_detect/local/lib/python3.10/dist-packages/flare_detect'...\n"}
[6.518080] (flare_detect) StdoutLine: {'line': b"Listing '/home/etern1ty/ros2_ws/install/flare_detect/local/lib/python3.10/dist-packages/flare_detect/msg'...\n"}
[6.524191] (flare_detect) StdoutLine: {'line': b'-- Up-to-date: /home/etern1ty/ros2_ws/install/flare_detect/local/lib/python3.10/dist-packages/flare_detect/flare_detect_s__rosidl_typesupport_fastrtps_c.cpython-310-x86_64-linux-gnu.so\n'}
[6.524732] (flare_detect) StdoutLine: {'line': b'-- Up-to-date: /home/etern1ty/ros2_ws/install/flare_detect/local/lib/python3.10/dist-packages/flare_detect/flare_detect_s__rosidl_typesupport_introspection_c.cpython-310-x86_64-linux-gnu.so\n'}
[6.525136] (flare_detect) StdoutLine: {'line': b'-- Up-to-date: /home/etern1ty/ros2_ws/install/flare_detect/local/lib/python3.10/dist-packages/flare_detect/flare_detect_s__rosidl_typesupport_c.cpython-310-x86_64-linux-gnu.so\n'}
[6.525227] (-) TimerEvent: {}
[6.525518] (flare_detect) StdoutLine: {'line': b'-- Up-to-date: /home/etern1ty/ros2_ws/install/flare_detect/lib/libflare_detect__rosidl_generator_py.so\n'}
[6.525799] (flare_detect) StdoutLine: {'line': b'-- Up-to-date: /home/etern1ty/ros2_ws/install/flare_detect/share/flare_detect/msg/Detected.idl\n'}
[6.525888] (flare_detect) StdoutLine: {'line': b'-- Up-to-date: /home/etern1ty/ros2_ws/install/flare_detect/share/flare_detect/msg/Detected.msg\n'}
[6.527096] (flare_detect) StdoutLine: {'line': b'-- Installing: /home/etern1ty/ros2_ws/install/flare_detect/lib/flare_detect/detection\n'}
[6.528992] (flare_detect) StdoutLine: {'line': b'-- Set runtime path of "/home/etern1ty/ros2_ws/install/flare_detect/lib/flare_detect/detection" to ""\n'}
[6.529286] (flare_detect) StdoutLine: {'line': b'-- Up-to-date: /home/etern1ty/ros2_ws/install/flare_detect/share/ament_index/resource_index/package_run_dependencies/flare_detect\n'}
[6.529387] (flare_detect) StdoutLine: {'line': b'-- Up-to-date: /home/etern1ty/ros2_ws/install/flare_detect/share/ament_index/resource_index/parent_prefix_path/flare_detect\n'}
[6.529453] (flare_detect) StdoutLine: {'line': b'-- Up-to-date: /home/etern1ty/ros2_ws/install/flare_detect/share/flare_detect/environment/ament_prefix_path.sh\n'}
[6.529519] (flare_detect) StdoutLine: {'line': b'-- Up-to-date: /home/etern1ty/ros2_ws/install/flare_detect/share/flare_detect/environment/ament_prefix_path.dsv\n'}
[6.529582] (flare_detect) StdoutLine: {'line': b'-- Up-to-date: /home/etern1ty/ros2_ws/install/flare_detect/share/flare_detect/environment/path.sh\n'}
[6.529640] (flare_detect) StdoutLine: {'line': b'-- Up-to-date: /home/etern1ty/ros2_ws/install/flare_detect/share/flare_detect/environment/path.dsv\n'}
[6.529720] (flare_detect) StdoutLine: {'line': b'-- Up-to-date: /home/etern1ty/ros2_ws/install/flare_detect/share/flare_detect/local_setup.bash\n'}
[6.529829] (flare_detect) StdoutLine: {'line': b'-- Up-to-date: /home/etern1ty/ros2_ws/install/flare_detect/share/flare_detect/local_setup.sh\n'}
[6.529937] (flare_detect) StdoutLine: {'line': b'-- Up-to-date: /home/etern1ty/ros2_ws/install/flare_detect/share/flare_detect/local_setup.zsh\n'}
[6.530074] (flare_detect) StdoutLine: {'line': b'-- Up-to-date: /home/etern1ty/ros2_ws/install/flare_detect/share/flare_detect/local_setup.dsv\n'}
[6.530185] (flare_detect) StdoutLine: {'line': b'-- Installing: /home/etern1ty/ros2_ws/install/flare_detect/share/flare_detect/package.dsv\n'}
[6.530297] (flare_detect) StdoutLine: {'line': b'-- Up-to-date: /home/etern1ty/ros2_ws/install/flare_detect/share/ament_index/resource_index/packages/flare_detect\n'}
[6.530710] (flare_detect) StdoutLine: {'line': b'-- Up-to-date: /home/etern1ty/ros2_ws/install/flare_detect/share/flare_detect/cmake/export_flare_detect__rosidl_generator_cExport.cmake\n'}
[6.530844] (flare_detect) StdoutLine: {'line': b'-- Up-to-date: /home/etern1ty/ros2_ws/install/flare_detect/share/flare_detect/cmake/export_flare_detect__rosidl_generator_cExport-noconfig.cmake\n'}
[6.531098] (flare_detect) StdoutLine: {'line': b'-- Up-to-date: /home/etern1ty/ros2_ws/install/flare_detect/share/flare_detect/cmake/export_flare_detect__rosidl_typesupport_fastrtps_cExport.cmake\n'}
[6.531172] (flare_detect) StdoutLine: {'line': b'-- Up-to-date: /home/etern1ty/ros2_ws/install/flare_detect/share/flare_detect/cmake/export_flare_detect__rosidl_typesupport_fastrtps_cExport-noconfig.cmake\n'}
[6.531458] (flare_detect) StdoutLine: {'line': b'-- Up-to-date: /home/etern1ty/ros2_ws/install/flare_detect/share/flare_detect/cmake/export_flare_detect__rosidl_generator_cppExport.cmake\n'}
[6.531781] (flare_detect) StdoutLine: {'line': b'-- Up-to-date: /home/etern1ty/ros2_ws/install/flare_detect/share/flare_detect/cmake/export_flare_detect__rosidl_typesupport_fastrtps_cppExport.cmake\n'}
[6.531875] (flare_detect) StdoutLine: {'line': b'-- Up-to-date: /home/etern1ty/ros2_ws/install/flare_detect/share/flare_detect/cmake/export_flare_detect__rosidl_typesupport_fastrtps_cppExport-noconfig.cmake\n'}
[6.532129] (flare_detect) StdoutLine: {'line': b'-- Up-to-date: /home/etern1ty/ros2_ws/install/flare_detect/share/flare_detect/cmake/flare_detect__rosidl_typesupport_introspection_cExport.cmake\n'}
[6.532224] (flare_detect) StdoutLine: {'line': b'-- Up-to-date: /home/etern1ty/ros2_ws/install/flare_detect/share/flare_detect/cmake/flare_detect__rosidl_typesupport_introspection_cExport-noconfig.cmake\n'}
[6.532524] (flare_detect) StdoutLine: {'line': b'-- Up-to-date: /home/etern1ty/ros2_ws/install/flare_detect/share/flare_detect/cmake/flare_detect__rosidl_typesupport_cExport.cmake\n'}
[6.532608] (flare_detect) StdoutLine: {'line': b'-- Up-to-date: /home/etern1ty/ros2_ws/install/flare_detect/share/flare_detect/cmake/flare_detect__rosidl_typesupport_cExport-noconfig.cmake\n'}
[6.532759] (flare_detect) StdoutLine: {'line': b'-- Up-to-date: /home/etern1ty/ros2_ws/install/flare_detect/share/flare_detect/cmake/flare_detect__rosidl_typesupport_introspection_cppExport.cmake\n'}
[6.532869] (flare_detect) StdoutLine: {'line': b'-- Up-to-date: /home/etern1ty/ros2_ws/install/flare_detect/share/flare_detect/cmake/flare_detect__rosidl_typesupport_introspection_cppExport-noconfig.cmake\n'}
[6.533128] (flare_detect) StdoutLine: {'line': b'-- Up-to-date: /home/etern1ty/ros2_ws/install/flare_detect/share/flare_detect/cmake/flare_detect__rosidl_typesupport_cppExport.cmake\n'}
[6.533240] (flare_detect) StdoutLine: {'line': b'-- Up-to-date: /home/etern1ty/ros2_ws/install/flare_detect/share/flare_detect/cmake/flare_detect__rosidl_typesupport_cppExport-noconfig.cmake\n'}
[6.533557] (flare_detect) StdoutLine: {'line': b'-- Up-to-date: /home/etern1ty/ros2_ws/install/flare_detect/share/flare_detect/cmake/export_flare_detect__rosidl_generator_pyExport.cmake\n'}
[6.533676] (flare_detect) StdoutLine: {'line': b'-- Up-to-date: /home/etern1ty/ros2_ws/install/flare_detect/share/flare_detect/cmake/export_flare_detect__rosidl_generator_pyExport-noconfig.cmake\n'}
[6.533756] (flare_detect) StdoutLine: {'line': b'-- Up-to-date: /home/etern1ty/ros2_ws/install/flare_detect/share/flare_detect/cmake/rosidl_cmake-extras.cmake\n'}
[6.533825] (flare_detect) StdoutLine: {'line': b'-- Up-to-date: /home/etern1ty/ros2_ws/install/flare_detect/share/flare_detect/cmake/ament_cmake_export_include_directories-extras.cmake\n'}
[6.533890] (flare_detect) StdoutLine: {'line': b'-- Up-to-date: /home/etern1ty/ros2_ws/install/flare_detect/share/flare_detect/cmake/ament_cmake_export_libraries-extras.cmake\n'}
[6.533951] (flare_detect) StdoutLine: {'line': b'-- Up-to-date: /home/etern1ty/ros2_ws/install/flare_detect/share/flare_detect/cmake/ament_cmake_export_targets-extras.cmake\n'}
[6.534042] (flare_detect) StdoutLine: {'line': b'-- Up-to-date: /home/etern1ty/ros2_ws/install/flare_detect/share/flare_detect/cmake/rosidl_cmake_export_typesupport_targets-extras.cmake\n'}
[6.534109] (flare_detect) StdoutLine: {'line': b'-- Up-to-date: /home/etern1ty/ros2_ws/install/flare_detect/share/flare_detect/cmake/ament_cmake_export_dependencies-extras.cmake\n'}
[6.534175] (flare_detect) StdoutLine: {'line': b'-- Up-to-date: /home/etern1ty/ros2_ws/install/flare_detect/share/flare_detect/cmake/rosidl_cmake_export_typesupport_libraries-extras.cmake\n'}
[6.534240] (flare_detect) StdoutLine: {'line': b'-- Up-to-date: /home/etern1ty/ros2_ws/install/flare_detect/share/flare_detect/cmake/flare_detectConfig.cmake\n'}
[6.534313] (flare_detect) StdoutLine: {'line': b'-- Up-to-date: /home/etern1ty/ros2_ws/install/flare_detect/share/flare_detect/cmake/flare_detectConfig-version.cmake\n'}
[6.534367] (flare_detect) StdoutLine: {'line': b'-- Up-to-date: /home/etern1ty/ros2_ws/install/flare_detect/share/flare_detect/package.xml\n'}
[6.536951] (flare_detect) CommandEnded: {'returncode': 0}
[6.625339] (-) TimerEvent: {}
[6.696701] (flare_detect) JobEnded: {'identifier': 'flare_detect', 'rc': 0}
[6.697377] (-) EventReactorShutdown: {}
